Namespace(batchSize=100, beta=0.01, dataset='diginetica', embSize=100, epoch=30, filter=False, l2=1e-05, layer=3, lr=0.001)
-------------------------------------------------------
epoch:  0
start training:  2021-11-14 10:42:28.105270
	Loss:	44263.293
start predicting:  2021-11-14 11:22:35.075372
{'hit5': 24.878489326765187, 'mrr5': 13.960098522167488, 'hit10': 36.14449917898194, 'mrr10': 15.443038288112183, 'hit20': 49.20197044334975, 'mrr20': 16.34612880425326}
train_loss:	44263.2930	Recall@5: 24.8785	MRR5: 13.9601	Epoch: 0,  0
train_loss:	44263.2930	Recall@10: 36.1445	MRR10: 15.4430	Epoch: 0,  0
train_loss:	44263.2930	Recall@20: 49.2020	MRR20: 16.3461	Epoch: 0,  0
-------------------------------------------------------
epoch:  1
start training:  2021-11-14 11:25:41.932794
	Loss:	40743.223
start predicting:  2021-11-14 11:59:55.314136
{'hit5': 25.752052545155994, 'mrr5': 14.414750957854409, 'hit10': 37.36781609195402, 'mrr10': 15.954337060494698, 'hit20': 50.835796387520524, 'mrr20': 16.88424619447645}
train_loss:	40743.2227	Recall@5: 25.7521	MRR5: 14.4148	Epoch: 1,  1
train_loss:	40743.2227	Recall@10: 37.3678	MRR10: 15.9543	Epoch: 1,  1
train_loss:	40743.2227	Recall@20: 50.8358	MRR20: 16.8842	Epoch: 1,  1
-------------------------------------------------------
epoch:  2
start training:  2021-11-14 12:02:05.974140
	Loss:	39833.797
start predicting:  2021-11-14 12:42:41.533880
{'hit5': 26.395730706075533, 'mrr5': 14.85678708264915, 'hit10': 38.0, 'mrr10': 16.38738629551437, 'hit20': 51.7175697865353, 'mrr20': 17.334568452397}
train_loss:	39833.7969	Recall@5: 26.3957	MRR5: 14.8568	Epoch: 2,  2
train_loss:	39833.7969	Recall@10: 38.0000	MRR10: 16.3874	Epoch: 2,  2
train_loss:	39833.7969	Recall@20: 51.7176	MRR20: 17.3346	Epoch: 2,  2
-------------------------------------------------------
epoch:  3
start training:  2021-11-14 12:48:10.275968
	Loss:	39296.633
start predicting:  2021-11-14 13:19:26.498966
{'hit5': 26.74712643678161, 'mrr5': 15.001313628899835, 'hit10': 38.41215106732348, 'mrr10': 16.54179047097766, 'hit20': 51.970443349753694, 'mrr20': 17.47991097489851}
train_loss:	39296.6328	Recall@5: 26.7471	MRR5: 15.0013	Epoch: 3,  3
train_loss:	39296.6328	Recall@10: 38.4122	MRR10: 16.5418	Epoch: 3,  3
train_loss:	39296.6328	Recall@20: 51.9704	MRR20: 17.4799	Epoch: 3,  3
-------------------------------------------------------
epoch:  4
start training:  2021-11-14 13:21:27.563872
	Loss:	38912.977
start predicting:  2021-11-14 13:50:39.547156
{'hit5': 27.078817733990146, 'mrr5': 15.211165845648605, 'hit10': 38.73891625615764, 'mrr10': 16.755794041754633, 'hit20': 52.410509031198686, 'mrr20': 17.702677618534008}
train_loss:	38912.9766	Recall@5: 27.0788	MRR5: 15.2112	Epoch: 4,  4
train_loss:	38912.9766	Recall@10: 38.7389	MRR10: 16.7558	Epoch: 4,  4
train_loss:	38912.9766	Recall@20: 52.4105	MRR20: 17.7027	Epoch: 4,  4
-------------------------------------------------------
epoch:  5
start training:  2021-11-14 13:52:37.867130
	Loss:	38611.355
start predicting:  2021-11-14 14:21:40.615760
{'hit5': 27.100164203612483, 'mrr5': 15.214586754241926, 'hit10': 38.85221674876848, 'mrr10': 16.76959300961764, 'hit20': 52.44827586206896, 'mrr20': 17.70779225700549}
train_loss:	38611.3555	Recall@5: 27.1002	MRR5: 15.2146	Epoch: 5,  5
train_loss:	38611.3555	Recall@10: 38.8522	MRR10: 16.7696	Epoch: 5,  5
train_loss:	38611.3555	Recall@20: 52.4483	MRR20: 17.7078	Epoch: 5,  5
-------------------------------------------------------
epoch:  6
start training:  2021-11-14 14:23:37.814858
	Loss:	38372.148
start predicting:  2021-11-14 15:00:15.567050
{'hit5': 27.46141215106732, 'mrr5': 15.390421455938696, 'hit10': 39.23809523809524, 'mrr10': 16.94955300127714, 'hit20': 52.600985221674875, 'mrr20': 17.874059837913563}
train_loss:	38372.1484	Recall@5: 27.4614	MRR5: 15.3904	Epoch: 6,  6
train_loss:	38372.1484	Recall@10: 39.2381	MRR10: 16.9496	Epoch: 6,  6
train_loss:	38372.1484	Recall@20: 52.6010	MRR20: 17.8741	Epoch: 6,  6
-------------------------------------------------------
epoch:  7
start training:  2021-11-14 15:02:54.104861
	Loss:	38155.789
start predicting:  2021-11-14 15:42:41.333418
{'hit5': 27.45648604269294, 'mrr5': 15.401970443349752, 'hit10': 39.22167487684729, 'mrr10': 16.959994917507228, 'hit20': 52.78817733990147, 'mrr20': 17.89797598603475}
train_loss:	38155.7891	Recall@5: 27.4614	MRR5: 15.4020	Epoch: 6,  7
train_loss:	38155.7891	Recall@10: 39.2381	MRR10: 16.9600	Epoch: 6,  7
train_loss:	38155.7891	Recall@20: 52.7882	MRR20: 17.8980	Epoch: 7,  7
-------------------------------------------------------
epoch:  8
start training:  2021-11-14 15:45:07.890103
	Loss:	38023.234
start predicting:  2021-11-14 16:13:58.981751
{'hit5': 27.57471264367816, 'mrr5': 15.492145593869733, 'hit10': 39.23481116584565, 'mrr10': 17.032148069955948, 'hit20': 52.791461412151065, 'mrr20': 17.967795014745175}
train_loss:	38023.2344	Recall@5: 27.5747	MRR5: 15.4921	Epoch: 8,  8
train_loss:	38023.2344	Recall@10: 39.2381	MRR10: 17.0321	Epoch: 6,  8
train_loss:	38023.2344	Recall@20: 52.7915	MRR20: 17.9678	Epoch: 8,  8
-------------------------------------------------------
epoch:  9
start training:  2021-11-14 16:15:55.369124
	Loss:	37870.551
start predicting:  2021-11-14 16:44:48.587415
{'hit5': 27.59113300492611, 'mrr5': 15.51975916803503, 'hit10': 39.555008210180624, 'mrr10': 17.111240128235202, 'hit20': 53.047619047619044, 'mrr20': 18.043324026271378}
train_loss:	37870.5508	Recall@5: 27.5911	MRR5: 15.5198	Epoch: 9,  9
train_loss:	37870.5508	Recall@10: 39.5550	MRR10: 17.1112	Epoch: 9,  9
train_loss:	37870.5508	Recall@20: 53.0476	MRR20: 18.0433	Epoch: 9,  9
-------------------------------------------------------
epoch:  10
start training:  2021-11-14 16:46:45.220301
	Loss:	37749.391
start predicting:  2021-11-14 17:15:39.070047
{'hit5': 27.60591133004926, 'mrr5': 15.485987958401754, 'hit10': 39.36288998357964, 'mrr10': 17.04465035056168, 'hit20': 52.87684729064039, 'mrr20': 17.978997009062855}
train_loss:	37749.3906	Recall@5: 27.6059	MRR5: 15.5198	Epoch: 10,  9
train_loss:	37749.3906	Recall@10: 39.5550	MRR10: 17.1112	Epoch: 9,  9
train_loss:	37749.3906	Recall@20: 53.0476	MRR20: 18.0433	Epoch: 9,  9
-------------------------------------------------------
epoch:  11
start training:  2021-11-14 17:17:35.724012
	Loss:	37643.801
start predicting:  2021-11-14 17:46:25.405222
{'hit5': 27.86863711001642, 'mrr5': 15.639819376026272, 'hit10': 39.57142857142858, 'mrr10': 17.1944985273803, 'hit20': 53.052545155993435, 'mrr20': 18.12631889220292}
train_loss:	37643.8008	Recall@5: 27.8686	MRR5: 15.6398	Epoch: 11,  11
train_loss:	37643.8008	Recall@10: 39.5714	MRR10: 17.1945	Epoch: 11,  11
train_loss:	37643.8008	Recall@20: 53.0525	MRR20: 18.1263	Epoch: 11,  11
-------------------------------------------------------
epoch:  12
start training:  2021-11-14 17:48:22.288131
	Loss:	37545.824
start predicting:  2021-11-14 18:17:12.364581
{'hit5': 27.954022988505745, 'mrr5': 15.59830322933771, 'hit10': 39.602627257799675, 'mrr10': 17.14094013084161, 'hit20': 53.039408866995075, 'mrr20': 18.067731388220302}
train_loss:	37545.8242	Recall@5: 27.9540	MRR5: 15.6398	Epoch: 12,  11
train_loss:	37545.8242	Recall@10: 39.6026	MRR10: 17.1945	Epoch: 12,  11
train_loss:	37545.8242	Recall@20: 53.0525	MRR20: 18.1263	Epoch: 11,  11
-------------------------------------------------------
epoch:  13
start training:  2021-11-14 18:19:09.021168
	Loss:	37457.301
start predicting:  2021-11-14 18:47:56.202756
{'hit5': 27.742200328407225, 'mrr5': 15.57903667214012, 'hit10': 39.60591133004926, 'mrr10': 17.15214311778351, 'hit20': 53.08866995073892, 'mrr20': 18.084151348101727}
train_loss:	37457.3008	Recall@5: 27.9540	MRR5: 15.6398	Epoch: 12,  11
train_loss:	37457.3008	Recall@10: 39.6059	MRR10: 17.1945	Epoch: 13,  11
train_loss:	37457.3008	Recall@20: 53.0887	MRR20: 18.1263	Epoch: 13,  11
-------------------------------------------------------
epoch:  14
start training:  2021-11-14 18:49:52.841833
	Loss:	37390.645
start predicting:  2021-11-14 19:18:41.524705
{'hit5': 27.70279146141215, 'mrr5': 15.609168035030105, 'hit10': 39.587848932676515, 'mrr10': 17.186157374827328, 'hit20': 52.94252873563219, 'mrr20': 18.111149369708865}
train_loss:	37390.6445	Recall@5: 27.9540	MRR5: 15.6398	Epoch: 12,  11
train_loss:	37390.6445	Recall@10: 39.6059	MRR10: 17.1945	Epoch: 13,  11
train_loss:	37390.6445	Recall@20: 53.0887	MRR20: 18.1263	Epoch: 13,  11
-------------------------------------------------------
epoch:  15
start training:  2021-11-14 19:20:38.035834
	Loss:	37313.715
start predicting:  2021-11-14 19:49:27.092251
{'hit5': 27.85221674876847, 'mrr5': 15.67304324028462, 'hit10': 39.78653530377668, 'mrr10': 17.25459053353142, 'hit20': 53.11001642036125, 'mrr20': 18.173599567446885}
train_loss:	37313.7148	Recall@5: 27.9540	MRR5: 15.6730	Epoch: 12,  15
train_loss:	37313.7148	Recall@10: 39.7865	MRR10: 17.2546	Epoch: 15,  15
train_loss:	37313.7148	Recall@20: 53.1100	MRR20: 18.1736	Epoch: 15,  15
-------------------------------------------------------
epoch:  16
start training:  2021-11-14 19:51:23.377337
	Loss:	37254.238
start predicting:  2021-11-14 20:20:17.475962
{'hit5': 28.019704433497537, 'mrr5': 15.669978106185006, 'hit10': 39.77504105090312, 'mrr10': 17.228871816926002, 'hit20': 53.07224958949097, 'mrr20': 18.144685385290895}
train_loss:	37254.2383	Recall@5: 28.0197	MRR5: 15.6730	Epoch: 16,  15
train_loss:	37254.2383	Recall@10: 39.7865	MRR10: 17.2546	Epoch: 15,  15
train_loss:	37254.2383	Recall@20: 53.1100	MRR20: 18.1736	Epoch: 15,  15
-------------------------------------------------------
epoch:  17
start training:  2021-11-14 20:22:13.712492
	Loss:	37162.578
start predicting:  2021-11-14 20:51:05.746990
{'hit5': 27.90968801313629, 'mrr5': 15.624028461959497, 'hit10': 39.666666666666664, 'mrr10': 17.17812964266166, 'hit20': 52.87027914614122, 'mrr20': 18.09039369175428}
train_loss:	37162.5781	Recall@5: 28.0197	MRR5: 15.6730	Epoch: 16,  15
train_loss:	37162.5781	Recall@10: 39.7865	MRR10: 17.2546	Epoch: 15,  15
train_loss:	37162.5781	Recall@20: 53.1100	MRR20: 18.1736	Epoch: 15,  15
-------------------------------------------------------
epoch:  18
start training:  2021-11-14 20:53:02.234243
	Loss:	37122.766
start predicting:  2021-11-14 21:21:46.942233
{'hit5': 27.940886699507388, 'mrr5': 15.68793103448276, 'hit10': 39.63875205254516, 'mrr10': 17.239237495764588, 'hit20': 52.93924466338259, 'mrr20': 18.155487584563637}
train_loss:	37122.7656	Recall@5: 28.0197	MRR5: 15.6879	Epoch: 16,  18
train_loss:	37122.7656	Recall@10: 39.7865	MRR10: 17.2546	Epoch: 15,  15
train_loss:	37122.7656	Recall@20: 53.1100	MRR20: 18.1736	Epoch: 15,  15
-------------------------------------------------------
epoch:  19
start training:  2021-11-14 21:23:43.085832
	Loss:	37087.836
start predicting:  2021-11-14 21:52:34.758898
{'hit5': 27.960591133004925, 'mrr5': 15.692337164750954, 'hit10': 39.67651888341543, 'mrr10': 17.244033283811607, 'hit20': 53.07224958949097, 'mrr20': 18.170873965073586}
train_loss:	37087.8359	Recall@5: 28.0197	MRR5: 15.6923	Epoch: 16,  19
train_loss:	37087.8359	Recall@10: 39.7865	MRR10: 17.2546	Epoch: 15,  15
train_loss:	37087.8359	Recall@20: 53.1100	MRR20: 18.1736	Epoch: 15,  15
-------------------------------------------------------
epoch:  20
start training:  2021-11-14 21:54:30.823823
	Loss:	37022.793
start predicting:  2021-11-14 22:23:22.731405
{'hit5': 27.958949096880133, 'mrr5': 15.651559934318554, 'hit10': 39.77504105090312, 'mrr10': 17.218236375009774, 'hit20': 52.97865353037767, 'mrr20': 18.129326880377683}
train_loss:	37022.7930	Recall@5: 28.0197	MRR5: 15.6923	Epoch: 16,  19
train_loss:	37022.7930	Recall@10: 39.7865	MRR10: 17.2546	Epoch: 15,  15
train_loss:	37022.7930	Recall@20: 53.1100	MRR20: 18.1736	Epoch: 15,  15
-------------------------------------------------------
epoch:  21
start training:  2021-11-14 22:25:18.577096
	Loss:	36972.559
start predicting:  2021-11-14 22:54:03.652799
{'hit5': 27.73070607553366, 'mrr5': 15.633470169677066, 'hit10': 39.68472906403941, 'mrr10': 17.215557640680796, 'hit20': 52.903119868637106, 'mrr20': 18.128118447080723}
train_loss:	36972.5586	Recall@5: 28.0197	MRR5: 15.6923	Epoch: 16,  19
train_loss:	36972.5586	Recall@10: 39.7865	MRR10: 17.2546	Epoch: 15,  15
train_loss:	36972.5586	Recall@20: 53.1100	MRR20: 18.1736	Epoch: 15,  15
-------------------------------------------------------
epoch:  22
start training:  2021-11-14 22:55:59.149802
	Loss:	36938.465
start predicting:  2021-11-14 23:24:37.388978
{'hit5': 27.80295566502463, 'mrr5': 15.599480021893813, 'hit10': 39.74055829228243, 'mrr10': 17.175535616545467, 'hit20': 52.949096880131364, 'mrr20': 18.089353515489346}
train_loss:	36938.4648	Recall@5: 28.0197	MRR5: 15.6923	Epoch: 16,  19
train_loss:	36938.4648	Recall@10: 39.7865	MRR10: 17.2546	Epoch: 15,  15
train_loss:	36938.4648	Recall@20: 53.1100	MRR20: 18.1736	Epoch: 15,  15
-------------------------------------------------------
epoch:  23
start training:  2021-11-14 23:26:32.902675
	Loss:	36893.699
start predicting:  2021-11-14 23:55:14.956561
{'hit5': 27.88177339901478, 'mrr5': 15.724630541871921, 'hit10': 39.681444991789824, 'mrr10': 17.29059282716918, 'hit20': 52.993431855500816, 'mrr20': 18.210464219475337}
train_loss:	36893.6992	Recall@5: 28.0197	MRR5: 15.7246	Epoch: 16,  23
train_loss:	36893.6992	Recall@10: 39.7865	MRR10: 17.2906	Epoch: 15,  23
train_loss:	36893.6992	Recall@20: 53.1100	MRR20: 18.2105	Epoch: 15,  23
-------------------------------------------------------
epoch:  24
start training:  2021-11-14 23:57:10.149308
	Loss:	36870.762
start predicting:  2021-11-15 00:25:50.051626
{'hit5': 27.857142857142858, 'mrr5': 15.735358511220582, 'hit10': 39.781609195402304, 'mrr10': 17.316841947506973, 'hit20': 53.018062397372745, 'mrr20': 18.231308338424697}
train_loss:	36870.7617	Recall@5: 28.0197	MRR5: 15.7354	Epoch: 16,  24
train_loss:	36870.7617	Recall@10: 39.7865	MRR10: 17.3168	Epoch: 15,  24
train_loss:	36870.7617	Recall@20: 53.1100	MRR20: 18.2313	Epoch: 15,  24
-------------------------------------------------------
epoch:  25
start training:  2021-11-15 00:27:45.735107
	Loss:	36813.156
start predicting:  2021-11-15 00:56:30.007746
{'hit5': 27.876847290640395, 'mrr5': 15.72471264367816, 'hit10': 39.678160919540225, 'mrr10': 17.291562410404776, 'hit20': 52.98029556650247, 'mrr20': 18.2111180708723}
train_loss:	36813.1562	Recall@5: 28.0197	MRR5: 15.7354	Epoch: 16,  24
train_loss:	36813.1562	Recall@10: 39.7865	MRR10: 17.3168	Epoch: 15,  24
train_loss:	36813.1562	Recall@20: 53.1100	MRR20: 18.2313	Epoch: 15,  24
-------------------------------------------------------
epoch:  26
start training:  2021-11-15 00:58:25.237009
	Loss:	36773.164
start predicting:  2021-11-15 01:27:04.429947
{'hit5': 27.835796387520524, 'mrr5': 15.681335522714834, 'hit10': 39.671592775041056, 'mrr10': 17.24721896421404, 'hit20': 52.937602627257796, 'mrr20': 18.16340107273151}
train_loss:	36773.1641	Recall@5: 28.0197	MRR5: 15.7354	Epoch: 16,  24
train_loss:	36773.1641	Recall@10: 39.7865	MRR10: 17.3168	Epoch: 15,  24
train_loss:	36773.1641	Recall@20: 53.1100	MRR20: 18.2313	Epoch: 15,  24
-------------------------------------------------------
epoch:  27
start training:  2021-11-15 01:29:00.708004
	Loss:	36753.805
start predicting:  2021-11-15 01:57:47.038062
{'hit5': 27.906403940886698, 'mrr5': 15.704734537493156, 'hit10': 39.666666666666664, 'mrr10': 17.263967732686943, 'hit20': 52.970443349753694, 'mrr20': 18.18168726688969}
train_loss:	36753.8047	Recall@5: 28.0197	MRR5: 15.7354	Epoch: 16,  24
train_loss:	36753.8047	Recall@10: 39.7865	MRR10: 17.3168	Epoch: 15,  24
train_loss:	36753.8047	Recall@20: 53.1100	MRR20: 18.2313	Epoch: 15,  24
-------------------------------------------------------
epoch:  28
start training:  2021-11-15 01:59:43.096007
	Loss:	36715.621
start predicting:  2021-11-15 02:28:47.107193
{'hit5': 28.070607553366173, 'mrr5': 15.727613574165296, 'hit10': 39.79146141215107, 'mrr10': 17.27537271613626, 'hit20': 53.05747126436782, 'mrr20': 18.191700100296007}
train_loss:	36715.6211	Recall@5: 28.0706	MRR5: 15.7354	Epoch: 28,  24
train_loss:	36715.6211	Recall@10: 39.7915	MRR10: 17.3168	Epoch: 28,  24
train_loss:	36715.6211	Recall@20: 53.1100	MRR20: 18.2313	Epoch: 15,  24
-------------------------------------------------------
epoch:  29
start training:  2021-11-15 02:30:42.823310
	Loss:	36678.039
start predicting:  2021-11-15 02:59:25.693382
{'hit5': 27.898193760262725, 'mrr5': 15.6811986863711, 'hit10': 39.64860426929393, 'mrr10': 17.2354490838481, 'hit20': 52.88998357963875, 'mrr20': 18.149496985191064}
train_loss:	36678.0391	Recall@5: 28.0706	MRR5: 15.7354	Epoch: 28,  24
train_loss:	36678.0391	Recall@10: 39.7915	MRR10: 17.3168	Epoch: 28,  24
train_loss:	36678.0391	Recall@20: 53.1100	MRR20: 18.2313	Epoch: 15,  24
