Namespace(batchSize=100, beta=0.01, dataset='Tmall', embSize=100, epoch=30, filter=False, l2=1e-05, layer=3, lr=0.001)
-------------------------------------------------------
epoch:  0
start training:  2021-11-11 21:43:13.687696
	Loss:	32343.873
start predicting:  2021-11-11 23:07:14.135647
{'hit5': 9.8996138996139, 'mrr5': 6.648841698841698, 'hit10': 12.312741312741313, 'mrr10': 6.970532266960838, 'hit20': 14.942084942084943, 'mrr20': 7.151796215905018}
train_loss:	32343.8730	Recall@5: 9.8996	MRR5: 6.6488	Epoch: 0,  0
train_loss:	32343.8730	Recall@10: 12.3127	MRR10: 6.9705	Epoch: 0,  0
train_loss:	32343.8730	Recall@20: 14.9421	MRR20: 7.1518	Epoch: 0,  0
-------------------------------------------------------
epoch:  1
start training:  2021-11-11 23:13:19.447193
	Loss:	32294.926
start predicting:  2021-11-12 00:35:40.657703
{'hit5': 9.637065637065637, 'mrr5': 6.506949806949806, 'hit10': 12.065637065637064, 'mrr10': 6.83435067720782, 'hit20': 14.548262548262548, 'mrr20': 7.005375517046239}
train_loss:	32294.9258	Recall@5: 9.8996	MRR5: 6.6488	Epoch: 0,  0
train_loss:	32294.9258	Recall@10: 12.3127	MRR10: 6.9705	Epoch: 0,  0
train_loss:	32294.9258	Recall@20: 14.9421	MRR20: 7.1518	Epoch: 0,  0
-------------------------------------------------------
epoch:  2
start training:  2021-11-12 00:41:44.069540
	Loss:	32292.932
start predicting:  2021-11-12 02:01:18.046044
{'hit5': 9.7992277992278, 'mrr5': 6.601158301158301, 'hit10': 12.185328185328185, 'mrr10': 6.925232885947172, 'hit20': 14.714285714285714, 'mrr20': 7.1007306518750575}
train_loss:	32292.9316	Recall@5: 9.8996	MRR5: 6.6488	Epoch: 0,  0
train_loss:	32292.9316	Recall@10: 12.3127	MRR10: 6.9705	Epoch: 0,  0
train_loss:	32292.9316	Recall@20: 14.9421	MRR20: 7.1518	Epoch: 0,  0
-------------------------------------------------------
epoch:  3
start training:  2021-11-12 02:07:21.485783
	Loss:	32274.098
start predicting:  2021-11-12 03:27:49.185675
{'hit5': 9.702702702702702, 'mrr5': 6.508236808236807, 'hit10': 12.181467181467182, 'mrr10': 6.843083900226758, 'hit20': 14.698841698841699, 'mrr20': 7.016629011537237}
train_loss:	32274.0977	Recall@5: 9.8996	MRR5: 6.6488	Epoch: 0,  0
train_loss:	32274.0977	Recall@10: 12.3127	MRR10: 6.9705	Epoch: 0,  0
train_loss:	32274.0977	Recall@20: 14.9421	MRR20: 7.1518	Epoch: 0,  0
-------------------------------------------------------
epoch:  4
start training:  2021-11-12 03:33:53.252788
	Loss:	32181.938
start predicting:  2021-11-12 04:53:20.171998
{'hit5': 9.67953667953668, 'mrr5': 6.452895752895753, 'hit10': 12.084942084942085, 'mrr10': 6.77498161426733, 'hit20': 14.61003861003861, 'mrr20': 6.950427304203288}
train_loss:	32181.9375	Recall@5: 9.8996	MRR5: 6.6488	Epoch: 0,  0
train_loss:	32181.9375	Recall@10: 12.3127	MRR10: 6.9705	Epoch: 0,  0
train_loss:	32181.9375	Recall@20: 14.9421	MRR20: 7.1518	Epoch: 0,  0
-------------------------------------------------------
epoch:  5
start training:  2021-11-12 04:59:25.538646
	Loss:	32146.621
start predicting:  2021-11-12 06:19:27.459343
{'hit5': 9.691119691119692, 'mrr5': 6.460102960102959, 'hit10': 12.069498069498069, 'mrr10': 6.779784886927745, 'hit20': 14.667953667953668, 'mrr20': 6.958763736920524}
train_loss:	32146.6211	Recall@5: 9.8996	MRR5: 6.6488	Epoch: 0,  0
train_loss:	32146.6211	Recall@10: 12.3127	MRR10: 6.9705	Epoch: 0,  0
train_loss:	32146.6211	Recall@20: 14.9421	MRR20: 7.1518	Epoch: 0,  0
-------------------------------------------------------
epoch:  6
start training:  2021-11-12 06:25:29.400371
	Loss:	32092.520
start predicting:  2021-11-12 07:44:34.597200
{'hit5': 9.675675675675675, 'mrr5': 6.473166023166023, 'hit10': 12.138996138996138, 'mrr10': 6.800180793037935, 'hit20': 14.625482625482626, 'mrr20': 6.9716048443934335}
train_loss:	32092.5195	Recall@5: 9.8996	MRR5: 6.6488	Epoch: 0,  0
train_loss:	32092.5195	Recall@10: 12.3127	MRR10: 6.9705	Epoch: 0,  0
train_loss:	32092.5195	Recall@20: 14.9421	MRR20: 7.1518	Epoch: 0,  0
-------------------------------------------------------
epoch:  7
start training:  2021-11-12 07:50:36.827516
	Loss:	32019.834
start predicting:  2021-11-12 09:09:42.365617
{'hit5': 9.621621621621621, 'mrr5': 6.384491634491635, 'hit10': 12.104247104247104, 'mrr10': 6.715542072684929, 'hit20': 14.606177606177607, 'mrr20': 6.887626904389399}
train_loss:	32019.8340	Recall@5: 9.8996	MRR5: 6.6488	Epoch: 0,  0
train_loss:	32019.8340	Recall@10: 12.3127	MRR10: 6.9705	Epoch: 0,  0
train_loss:	32019.8340	Recall@20: 14.9421	MRR20: 7.1518	Epoch: 0,  0
-------------------------------------------------------
epoch:  8
start training:  2021-11-12 09:15:42.025601
	Loss:	31942.383
start predicting:  2021-11-12 10:34:59.557173
{'hit5': 9.54054054054054, 'mrr5': 6.352509652509654, 'hit10': 12.057915057915059, 'mrr10': 6.689627382484524, 'hit20': 14.667953667953668, 'mrr20': 6.871371702182184}
train_loss:	31942.3828	Recall@5: 9.8996	MRR5: 6.6488	Epoch: 0,  0
train_loss:	31942.3828	Recall@10: 12.3127	MRR10: 6.9705	Epoch: 0,  0
train_loss:	31942.3828	Recall@20: 14.9421	MRR20: 7.1518	Epoch: 0,  0
-------------------------------------------------------
epoch:  9
start training:  2021-11-12 10:40:57.831059
	Loss:	31902.043
start predicting:  2021-11-12 12:00:02.756710
{'hit5': 9.513513513513514, 'mrr5': 6.359459459459458, 'hit10': 11.953667953667955, 'mrr10': 6.683658147943864, 'hit20': 14.552123552123552, 'mrr20': 6.862365474909702}
train_loss:	31902.0430	Recall@5: 9.8996	MRR5: 6.6488	Epoch: 0,  0
train_loss:	31902.0430	Recall@10: 12.3127	MRR10: 6.9705	Epoch: 0,  0
train_loss:	31902.0430	Recall@20: 14.9421	MRR20: 7.1518	Epoch: 0,  0
-------------------------------------------------------
epoch:  10
start training:  2021-11-12 12:06:00.922838
	Loss:	31854.316
start predicting:  2021-11-12 13:24:54.957857
{'hit5': 9.671814671814671, 'mrr5': 6.442149292149292, 'hit10': 12.127413127413128, 'mrr10': 6.768296868296869, 'hit20': 14.679536679536678, 'mrr20': 6.94455964099374}
train_loss:	31854.3164	Recall@5: 9.8996	MRR5: 6.6488	Epoch: 0,  0
train_loss:	31854.3164	Recall@10: 12.3127	MRR10: 6.9705	Epoch: 0,  0
train_loss:	31854.3164	Recall@20: 14.9421	MRR20: 7.1518	Epoch: 0,  0
-------------------------------------------------------
epoch:  11
start training:  2021-11-12 13:31:02.447723
	Loss:	31809.471
start predicting:  2021-11-12 14:50:08.854635
{'hit5': 9.555984555984557, 'mrr5': 6.2976190476190474, 'hit10': 12.096525096525095, 'mrr10': 6.6324431574431575, 'hit20': 14.613899613899614, 'mrr20': 6.807760115140699}
train_loss:	31809.4707	Recall@5: 9.8996	MRR5: 6.6488	Epoch: 0,  0
train_loss:	31809.4707	Recall@10: 12.3127	MRR10: 6.9705	Epoch: 0,  0
train_loss:	31809.4707	Recall@20: 14.9421	MRR20: 7.1518	Epoch: 0,  0
-------------------------------------------------------
epoch:  12
start training:  2021-11-12 14:56:36.586160
	Loss:	31786.492
start predicting:  2021-11-12 16:16:42.534069
{'hit5': 9.517374517374517, 'mrr5': 6.288931788931788, 'hit10': 11.872586872586872, 'mrr10': 6.603445792731506, 'hit20': 14.45945945945946, 'mrr20': 6.779950121331146}
train_loss:	31786.4922	Recall@5: 9.8996	MRR5: 6.6488	Epoch: 0,  0
train_loss:	31786.4922	Recall@10: 12.3127	MRR10: 6.9705	Epoch: 0,  0
train_loss:	31786.4922	Recall@20: 14.9421	MRR20: 7.1518	Epoch: 0,  0
-------------------------------------------------------
epoch:  13
start training:  2021-11-12 16:22:49.825516
	Loss:	31755.449
start predicting:  2021-11-12 17:41:56.519622
{'hit5': 9.40926640926641, 'mrr5': 6.195881595881596, 'hit10': 11.857142857142858, 'mrr10': 6.523492369920941, 'hit20': 14.386100386100386, 'mrr20': 6.69966813150139}
train_loss:	31755.4492	Recall@5: 9.8996	MRR5: 6.6488	Epoch: 0,  0
train_loss:	31755.4492	Recall@10: 12.3127	MRR10: 6.9705	Epoch: 0,  0
train_loss:	31755.4492	Recall@20: 14.9421	MRR20: 7.1518	Epoch: 0,  0
-------------------------------------------------------
epoch:  14
start training:  2021-11-12 17:47:58.600033
	Loss:	31714.377
start predicting:  2021-11-12 19:04:54.322673
{'hit5': 9.447876447876448, 'mrr5': 6.20933075933076, 'hit10': 11.899613899613898, 'mrr10': 6.540113072255929, 'hit20': 14.389961389961389, 'mrr20': 6.713195871361506}
train_loss:	31714.3770	Recall@5: 9.8996	MRR5: 6.6488	Epoch: 0,  0
train_loss:	31714.3770	Recall@10: 12.3127	MRR10: 6.9705	Epoch: 0,  0
train_loss:	31714.3770	Recall@20: 14.9421	MRR20: 7.1518	Epoch: 0,  0
-------------------------------------------------------
epoch:  15
start training:  2021-11-12 19:10:46.142458
	Loss:	31700.596
start predicting:  2021-11-12 20:26:24.328579
{'hit5': 9.455598455598455, 'mrr5': 6.178378378378378, 'hit10': 11.91891891891892, 'mrr10': 6.505357908929338, 'hit20': 14.62934362934363, 'mrr20': 6.692231924750723}
train_loss:	31700.5957	Recall@5: 9.8996	MRR5: 6.6488	Epoch: 0,  0
train_loss:	31700.5957	Recall@10: 12.3127	MRR10: 6.9705	Epoch: 0,  0
train_loss:	31700.5957	Recall@20: 14.9421	MRR20: 7.1518	Epoch: 0,  0
-------------------------------------------------------
epoch:  16
start training:  2021-11-12 20:32:23.242598
	Loss:	31666.961
start predicting:  2021-11-12 21:50:23.206145
{'hit5': 9.455598455598455, 'mrr5': 6.17155727155727, 'hit10': 11.891891891891893, 'mrr10': 6.494323405037691, 'hit20': 14.432432432432432, 'mrr20': 6.668194034204649}
train_loss:	31666.9609	Recall@5: 9.8996	MRR5: 6.6488	Epoch: 0,  0
train_loss:	31666.9609	Recall@10: 12.3127	MRR10: 6.9705	Epoch: 0,  0
train_loss:	31666.9609	Recall@20: 14.9421	MRR20: 7.1518	Epoch: 0,  0
-------------------------------------------------------
epoch:  17
start training:  2021-11-12 21:56:16.818035
	Loss:	31662.586
start predicting:  2021-11-12 23:13:51.012318
{'hit5': 9.405405405405405, 'mrr5': 6.195109395109395, 'hit10': 11.772200772200772, 'mrr10': 6.513387877673591, 'hit20': 14.297297297297298, 'mrr20': 6.6874830006740655}
train_loss:	31662.5859	Recall@5: 9.8996	MRR5: 6.6488	Epoch: 0,  0
train_loss:	31662.5859	Recall@10: 12.3127	MRR10: 6.9705	Epoch: 0,  0
train_loss:	31662.5859	Recall@20: 14.9421	MRR20: 7.1518	Epoch: 0,  0
-------------------------------------------------------
epoch:  18
start training:  2021-11-12 23:19:42.809329
	Loss:	31653.236
start predicting:  2021-11-13 00:37:11.300796
{'hit5': 9.397683397683396, 'mrr5': 6.137065637065637, 'hit10': 11.783783783783784, 'mrr10': 6.45651314579886, 'hit20': 14.397683397683398, 'mrr20': 6.637132342351272}
train_loss:	31653.2363	Recall@5: 9.8996	MRR5: 6.6488	Epoch: 0,  0
train_loss:	31653.2363	Recall@10: 12.3127	MRR10: 6.9705	Epoch: 0,  0
train_loss:	31653.2363	Recall@20: 14.9421	MRR20: 7.1518	Epoch: 0,  0
-------------------------------------------------------
epoch:  19
start training:  2021-11-13 00:43:06.782780
	Loss:	31632.602
start predicting:  2021-11-13 02:00:45.488057
{'hit5': 9.305019305019306, 'mrr5': 6.118275418275418, 'hit10': 11.718146718146718, 'mrr10': 6.439759146902004, 'hit20': 14.254826254826256, 'mrr20': 6.614517847893565}
train_loss:	31632.6016	Recall@5: 9.8996	MRR5: 6.6488	Epoch: 0,  0
train_loss:	31632.6016	Recall@10: 12.3127	MRR10: 6.9705	Epoch: 0,  0
train_loss:	31632.6016	Recall@20: 14.9421	MRR20: 7.1518	Epoch: 0,  0
-------------------------------------------------------
epoch:  20
start training:  2021-11-13 02:06:39.191371
	Loss:	31614.922
start predicting:  2021-11-13 03:24:23.200980
{'hit5': 9.324324324324325, 'mrr5': 6.094015444015444, 'hit10': 11.756756756756758, 'mrr10': 6.4165456272599135, 'hit20': 14.501930501930502, 'mrr20': 6.605257431103293}
train_loss:	31614.9219	Recall@5: 9.8996	MRR5: 6.6488	Epoch: 0,  0
train_loss:	31614.9219	Recall@10: 12.3127	MRR10: 6.9705	Epoch: 0,  0
train_loss:	31614.9219	Recall@20: 14.9421	MRR20: 7.1518	Epoch: 0,  0
-------------------------------------------------------
epoch:  21
start training:  2021-11-13 03:30:16.961121
	Loss:	31601.369
start predicting:  2021-11-13 04:48:12.279602
{'hit5': 9.266409266409266, 'mrr5': 6.055662805662805, 'hit10': 11.776061776061777, 'mrr10': 6.392805049947908, 'hit20': 14.401544401544403, 'mrr20': 6.572088468080286}
train_loss:	31601.3691	Recall@5: 9.8996	MRR5: 6.6488	Epoch: 0,  0
train_loss:	31601.3691	Recall@10: 12.3127	MRR10: 6.9705	Epoch: 0,  0
train_loss:	31601.3691	Recall@20: 14.9421	MRR20: 7.1518	Epoch: 0,  0
-------------------------------------------------------
epoch:  22
start training:  2021-11-13 04:54:07.334711
	Loss:	31587.334
start predicting:  2021-11-13 06:11:45.962826
{'hit5': 9.324324324324325, 'mrr5': 6.086164736164736, 'hit10': 11.787644787644789, 'mrr10': 6.4162866948581225, 'hit20': 14.50965250965251, 'mrr20': 6.60078632641105}
train_loss:	31587.3340	Recall@5: 9.8996	MRR5: 6.6488	Epoch: 0,  0
train_loss:	31587.3340	Recall@10: 12.3127	MRR10: 6.9705	Epoch: 0,  0
train_loss:	31587.3340	Recall@20: 14.9421	MRR20: 7.1518	Epoch: 0,  0
-------------------------------------------------------
epoch:  23
start training:  2021-11-13 06:17:41.361779
	Loss:	31580.172
start predicting:  2021-11-13 07:35:27.717880
{'hit5': 9.347490347490348, 'mrr5': 6.090154440154439, 'hit10': 11.737451737451737, 'mrr10': 6.408653551510693, 'hit20': 14.22007722007722, 'mrr20': 6.581826382467691}
train_loss:	31580.1719	Recall@5: 9.8996	MRR5: 6.6488	Epoch: 0,  0
train_loss:	31580.1719	Recall@10: 12.3127	MRR10: 6.9705	Epoch: 0,  0
train_loss:	31580.1719	Recall@20: 14.9421	MRR20: 7.1518	Epoch: 0,  0
-------------------------------------------------------
epoch:  24
start training:  2021-11-13 07:41:20.599892
	Loss:	31558.326
start predicting:  2021-11-13 08:59:07.660171
{'hit5': 9.397683397683396, 'mrr5': 6.063063063063063, 'hit10': 11.687258687258687, 'mrr10': 6.3677774713489015, 'hit20': 14.432432432432432, 'mrr20': 6.558098067004524}
train_loss:	31558.3262	Recall@5: 9.8996	MRR5: 6.6488	Epoch: 0,  0
train_loss:	31558.3262	Recall@10: 12.3127	MRR10: 6.9705	Epoch: 0,  0
train_loss:	31558.3262	Recall@20: 14.9421	MRR20: 7.1518	Epoch: 0,  0
-------------------------------------------------------
epoch:  25
start training:  2021-11-13 09:05:03.291831
	Loss:	31556.301
start predicting:  2021-11-13 10:22:48.149482
{'hit5': 9.281853281853282, 'mrr5': 6.018146718146719, 'hit10': 11.698841698841699, 'mrr10': 6.342503217503218, 'hit20': 14.362934362934363, 'mrr20': 6.526483359344926}
train_loss:	31556.3008	Recall@5: 9.8996	MRR5: 6.6488	Epoch: 0,  0
train_loss:	31556.3008	Recall@10: 12.3127	MRR10: 6.9705	Epoch: 0,  0
train_loss:	31556.3008	Recall@20: 14.9421	MRR20: 7.1518	Epoch: 0,  0
-------------------------------------------------------
epoch:  26
start training:  2021-11-13 10:28:44.509452
	Loss:	31544.805
start predicting:  2021-11-13 11:46:53.387812
{'hit5': 9.324324324324325, 'mrr5': 5.99099099099099, 'hit10': 11.714285714285715, 'mrr10': 6.307775632775632, 'hit20': 14.297297297297298, 'mrr20': 6.4854869749827735}
train_loss:	31544.8047	Recall@5: 9.8996	MRR5: 6.6488	Epoch: 0,  0
train_loss:	31544.8047	Recall@10: 12.3127	MRR10: 6.9705	Epoch: 0,  0
train_loss:	31544.8047	Recall@20: 14.9421	MRR20: 7.1518	Epoch: 0,  0
-------------------------------------------------------
epoch:  27
start training:  2021-11-13 11:52:44.415148
	Loss:	31540.016
start predicting:  2021-11-13 13:10:27.130939
{'hit5': 9.223938223938225, 'mrr5': 6.005405405405406, 'hit10': 11.764478764478763, 'mrr10': 6.345173745173745, 'hit20': 14.409266409266408, 'mrr20': 6.527250748883875}
train_loss:	31540.0156	Recall@5: 9.8996	MRR5: 6.6488	Epoch: 0,  0
train_loss:	31540.0156	Recall@10: 12.3127	MRR10: 6.9705	Epoch: 0,  0
train_loss:	31540.0156	Recall@20: 14.9421	MRR20: 7.1518	Epoch: 0,  0
-------------------------------------------------------
epoch:  28
start training:  2021-11-13 13:16:24.944850
	Loss:	31522.814
start predicting:  2021-11-13 14:34:00.414848
{'hit5': 9.447876447876448, 'mrr5': 6.106949806949806, 'hit10': 11.876447876447877, 'mrr10': 6.429024943310657, 'hit20': 14.494208494208493, 'mrr20': 6.611153508378187}
train_loss:	31522.8145	Recall@5: 9.8996	MRR5: 6.6488	Epoch: 0,  0
train_loss:	31522.8145	Recall@10: 12.3127	MRR10: 6.9705	Epoch: 0,  0
train_loss:	31522.8145	Recall@20: 14.9421	MRR20: 7.1518	Epoch: 0,  0
-------------------------------------------------------
epoch:  29
start training:  2021-11-13 14:39:52.414694
	Loss:	31515.590
start predicting:  2021-11-13 15:58:01.774706
{'hit5': 9.185328185328185, 'mrr5': 5.930823680823681, 'hit10': 11.64864864864865, 'mrr10': 6.260934914506342, 'hit20': 14.266409266409266, 'mrr20': 6.442372004606635}
train_loss:	31515.5898	Recall@5: 9.8996	MRR5: 6.6488	Epoch: 0,  0
train_loss:	31515.5898	Recall@10: 12.3127	MRR10: 6.9705	Epoch: 0,  0
train_loss:	31515.5898	Recall@20: 14.9421	MRR20: 7.1518	Epoch: 0,  0
