Namespace(adam_beta1=0.9, adam_beta2=0.999, attention_probs_dropout_prob=0.5, attribute_size=638, batch_size=256, ckp=150, cuda_condition=True, data_dir='./data/', data_file='./data/Beauty.txt', data_name='Beauty', do_eval=False, epochs=200, gpu_id='0', hidden_act='gelu', hidden_dropout_prob=0.5, hidden_size=64, initializer_range=0.02, item_size=12103, log_file='output/Finetune_sample-Beauty-150.txt', log_freq=1, lr=0.001, mask_id=12102, max_seq_length=50, model_name='Finetune_sample', no_cuda=False, num_attention_heads=2, num_hidden_layers=2, output_dir='output/', sample_file='./data/Beauty_sample.txt', seed=42, weight_decay=0.0)
Total Parameters: 935360
Load Checkpoint From output/Beauty-epochs-150.pt!
{'epoch': 0, 'rec_avg_loss': '1.0122', 'rec_cur_loss': '0.9229'}
{'Epoch': 0, 'HIT@1': '0.1759', 'NDCG@1': '0.1759', 'HIT@5': '0.4247', 'NDCG@5': '0.3051', 'HIT@10': '0.5498', 'NDCG@10': '0.3456', 'MRR': '0.2990'}
Validation score increased.  Saving model ...
{'epoch': 1, 'rec_avg_loss': '0.8912', 'rec_cur_loss': '0.8319'}
{'Epoch': 1, 'HIT@1': '0.1929', 'NDCG@1': '0.1929', 'HIT@5': '0.4425', 'NDCG@5': '0.3228', 'HIT@10': '0.5643', 'NDCG@10': '0.3623', 'MRR': '0.3158'}
Validation score increased.  Saving model ...
{'epoch': 2, 'rec_avg_loss': '0.8485', 'rec_cur_loss': '0.8228'}
{'Epoch': 2, 'HIT@1': '0.2010', 'NDCG@1': '0.2010', 'HIT@5': '0.4504', 'NDCG@5': '0.3313', 'HIT@10': '0.5730', 'NDCG@10': '0.3711', 'MRR': '0.3242'}
Validation score increased.  Saving model ...
{'epoch': 3, 'rec_avg_loss': '0.8244', 'rec_cur_loss': '0.8250'}
{'Epoch': 3, 'HIT@1': '0.2108', 'NDCG@1': '0.2108', 'HIT@5': '0.4572', 'NDCG@5': '0.3396', 'HIT@10': '0.5781', 'NDCG@10': '0.3788', 'MRR': '0.3325'}
Validation score increased.  Saving model ...
{'epoch': 4, 'rec_avg_loss': '0.8037', 'rec_cur_loss': '0.7544'}
{'Epoch': 4, 'HIT@1': '0.2136', 'NDCG@1': '0.2136', 'HIT@5': '0.4636', 'NDCG@5': '0.3444', 'HIT@10': '0.5799', 'NDCG@10': '0.3821', 'MRR': '0.3362'}
Validation score increased.  Saving model ...
{'epoch': 5, 'rec_avg_loss': '0.7896', 'rec_cur_loss': '0.7981'}
{'Epoch': 5, 'HIT@1': '0.2152', 'NDCG@1': '0.2152', 'HIT@5': '0.4634', 'NDCG@5': '0.3455', 'HIT@10': '0.5821', 'NDCG@10': '0.3840', 'MRR': '0.3379'}
Validation score increased.  Saving model ...
{'epoch': 6, 'rec_avg_loss': '0.7786', 'rec_cur_loss': '0.7187'}
{'Epoch': 6, 'HIT@1': '0.2188', 'NDCG@1': '0.2188', 'HIT@5': '0.4681', 'NDCG@5': '0.3495', 'HIT@10': '0.5834', 'NDCG@10': '0.3869', 'MRR': '0.3411'}
Validation score increased.  Saving model ...
{'epoch': 7, 'rec_avg_loss': '0.7664', 'rec_cur_loss': '0.7266'}
{'Epoch': 7, 'HIT@1': '0.2203', 'NDCG@1': '0.2203', 'HIT@5': '0.4708', 'NDCG@5': '0.3517', 'HIT@10': '0.5841', 'NDCG@10': '0.3884', 'MRR': '0.3429'}
Validation score increased.  Saving model ...
{'epoch': 8, 'rec_avg_loss': '0.7617', 'rec_cur_loss': '0.8286'}
{'Epoch': 8, 'HIT@1': '0.2251', 'NDCG@1': '0.2251', 'HIT@5': '0.4724', 'NDCG@5': '0.3547', 'HIT@10': '0.5864', 'NDCG@10': '0.3916', 'MRR': '0.3463'}
Validation score increased.  Saving model ...
{'epoch': 9, 'rec_avg_loss': '0.7507', 'rec_cur_loss': '0.7176'}
{'Epoch': 9, 'HIT@1': '0.2262', 'NDCG@1': '0.2262', 'HIT@5': '0.4754', 'NDCG@5': '0.3565', 'HIT@10': '0.5857', 'NDCG@10': '0.3922', 'MRR': '0.3473'}
Validation score increased.  Saving model ...
{'epoch': 10, 'rec_avg_loss': '0.7419', 'rec_cur_loss': '0.7587'}
{'Epoch': 10, 'HIT@1': '0.2289', 'NDCG@1': '0.2289', 'HIT@5': '0.4775', 'NDCG@5': '0.3592', 'HIT@10': '0.5888', 'NDCG@10': '0.3952', 'MRR': '0.3501'}
Validation score increased.  Saving model ...
{'epoch': 11, 'rec_avg_loss': '0.7378', 'rec_cur_loss': '0.6823'}
{'Epoch': 11, 'HIT@1': '0.2274', 'NDCG@1': '0.2274', 'HIT@5': '0.4780', 'NDCG@5': '0.3590', 'HIT@10': '0.5891', 'NDCG@10': '0.3950', 'MRR': '0.3498'}
EarlyStopping counter: 1 out of 10
{'epoch': 12, 'rec_avg_loss': '0.7338', 'rec_cur_loss': '0.7970'}
{'Epoch': 12, 'HIT@1': '0.2311', 'NDCG@1': '0.2311', 'HIT@5': '0.4799', 'NDCG@5': '0.3623', 'HIT@10': '0.5908', 'NDCG@10': '0.3982', 'MRR': '0.3533'}
Validation score increased.  Saving model ...
{'epoch': 13, 'rec_avg_loss': '0.7262', 'rec_cur_loss': '0.6721'}
{'Epoch': 13, 'HIT@1': '0.2315', 'NDCG@1': '0.2315', 'HIT@5': '0.4805', 'NDCG@5': '0.3625', 'HIT@10': '0.5912', 'NDCG@10': '0.3982', 'MRR': '0.3533'}
EarlyStopping counter: 1 out of 10
{'epoch': 14, 'rec_avg_loss': '0.7217', 'rec_cur_loss': '0.7106'}
{'Epoch': 14, 'HIT@1': '0.2339', 'NDCG@1': '0.2339', 'HIT@5': '0.4820', 'NDCG@5': '0.3642', 'HIT@10': '0.5895', 'NDCG@10': '0.3988', 'MRR': '0.3547'}
Validation score increased.  Saving model ...
{'epoch': 15, 'rec_avg_loss': '0.7132', 'rec_cur_loss': '0.7149'}
{'Epoch': 15, 'HIT@1': '0.2352', 'NDCG@1': '0.2352', 'HIT@5': '0.4823', 'NDCG@5': '0.3654', 'HIT@10': '0.5915', 'NDCG@10': '0.4007', 'MRR': '0.3564'}
Validation score increased.  Saving model ...
{'epoch': 16, 'rec_avg_loss': '0.7071', 'rec_cur_loss': '0.5682'}
{'Epoch': 16, 'HIT@1': '0.2354', 'NDCG@1': '0.2354', 'HIT@5': '0.4841', 'NDCG@5': '0.3662', 'HIT@10': '0.5929', 'NDCG@10': '0.4015', 'MRR': '0.3568'}
Validation score increased.  Saving model ...
{'epoch': 17, 'rec_avg_loss': '0.7002', 'rec_cur_loss': '0.6803'}
{'Epoch': 17, 'HIT@1': '0.2378', 'NDCG@1': '0.2378', 'HIT@5': '0.4851', 'NDCG@5': '0.3678', 'HIT@10': '0.5935', 'NDCG@10': '0.4029', 'MRR': '0.3586'}
Validation score increased.  Saving model ...
{'epoch': 18, 'rec_avg_loss': '0.6962', 'rec_cur_loss': '0.6549'}
{'Epoch': 18, 'HIT@1': '0.2373', 'NDCG@1': '0.2373', 'HIT@5': '0.4843', 'NDCG@5': '0.3677', 'HIT@10': '0.5942', 'NDCG@10': '0.4033', 'MRR': '0.3588'}
Validation score increased.  Saving model ...
{'epoch': 19, 'rec_avg_loss': '0.6964', 'rec_cur_loss': '0.6860'}
{'Epoch': 19, 'HIT@1': '0.2398', 'NDCG@1': '0.2398', 'HIT@5': '0.4871', 'NDCG@5': '0.3700', 'HIT@10': '0.5940', 'NDCG@10': '0.4046', 'MRR': '0.3607'}
Validation score increased.  Saving model ...
{'epoch': 20, 'rec_avg_loss': '0.6851', 'rec_cur_loss': '0.5606'}
{'Epoch': 20, 'HIT@1': '0.2404', 'NDCG@1': '0.2404', 'HIT@5': '0.4878', 'NDCG@5': '0.3705', 'HIT@10': '0.5954', 'NDCG@10': '0.4052', 'MRR': '0.3609'}
Validation score increased.  Saving model ...
{'epoch': 21, 'rec_avg_loss': '0.6835', 'rec_cur_loss': '0.6561'}
{'Epoch': 21, 'HIT@1': '0.2416', 'NDCG@1': '0.2416', 'HIT@5': '0.4875', 'NDCG@5': '0.3714', 'HIT@10': '0.5966', 'NDCG@10': '0.4066', 'MRR': '0.3624'}
Validation score increased.  Saving model ...
{'epoch': 22, 'rec_avg_loss': '0.6812', 'rec_cur_loss': '0.6768'}
{'Epoch': 22, 'HIT@1': '0.2426', 'NDCG@1': '0.2426', 'HIT@5': '0.4893', 'NDCG@5': '0.3726', 'HIT@10': '0.5973', 'NDCG@10': '0.4075', 'MRR': '0.3633'}
Validation score increased.  Saving model ...
{'epoch': 23, 'rec_avg_loss': '0.6748', 'rec_cur_loss': '0.6340'}
{'Epoch': 23, 'HIT@1': '0.2407', 'NDCG@1': '0.2407', 'HIT@5': '0.4885', 'NDCG@5': '0.3711', 'HIT@10': '0.5949', 'NDCG@10': '0.4056', 'MRR': '0.3616'}
EarlyStopping counter: 1 out of 10
{'epoch': 24, 'rec_avg_loss': '0.6704', 'rec_cur_loss': '0.6275'}
{'Epoch': 24, 'HIT@1': '0.2408', 'NDCG@1': '0.2408', 'HIT@5': '0.4896', 'NDCG@5': '0.3719', 'HIT@10': '0.5962', 'NDCG@10': '0.4063', 'MRR': '0.3621'}
EarlyStopping counter: 2 out of 10
{'epoch': 25, 'rec_avg_loss': '0.6648', 'rec_cur_loss': '0.6392'}
{'Epoch': 25, 'HIT@1': '0.2419', 'NDCG@1': '0.2419', 'HIT@5': '0.4893', 'NDCG@5': '0.3726', 'HIT@10': '0.5955', 'NDCG@10': '0.4069', 'MRR': '0.3631'}
EarlyStopping counter: 3 out of 10
{'epoch': 26, 'rec_avg_loss': '0.6632', 'rec_cur_loss': '0.7174'}
{'Epoch': 26, 'HIT@1': '0.2429', 'NDCG@1': '0.2429', 'HIT@5': '0.4904', 'NDCG@5': '0.3734', 'HIT@10': '0.5972', 'NDCG@10': '0.4080', 'MRR': '0.3639'}
Validation score increased.  Saving model ...
{'epoch': 27, 'rec_avg_loss': '0.6582', 'rec_cur_loss': '0.7206'}
{'Epoch': 27, 'HIT@1': '0.2427', 'NDCG@1': '0.2427', 'HIT@5': '0.4897', 'NDCG@5': '0.3728', 'HIT@10': '0.5984', 'NDCG@10': '0.4079', 'MRR': '0.3634'}
EarlyStopping counter: 1 out of 10
{'epoch': 28, 'rec_avg_loss': '0.6542', 'rec_cur_loss': '0.7730'}
{'Epoch': 28, 'HIT@1': '0.2441', 'NDCG@1': '0.2441', 'HIT@5': '0.4905', 'NDCG@5': '0.3738', 'HIT@10': '0.5977', 'NDCG@10': '0.4084', 'MRR': '0.3643'}
Validation score increased.  Saving model ...
{'epoch': 29, 'rec_avg_loss': '0.6501', 'rec_cur_loss': '0.6496'}
{'Epoch': 29, 'HIT@1': '0.2451', 'NDCG@1': '0.2451', 'HIT@5': '0.4899', 'NDCG@5': '0.3741', 'HIT@10': '0.5963', 'NDCG@10': '0.4085', 'MRR': '0.3649'}
Validation score increased.  Saving model ...
{'epoch': 30, 'rec_avg_loss': '0.6470', 'rec_cur_loss': '0.6183'}
{'Epoch': 30, 'HIT@1': '0.2474', 'NDCG@1': '0.2474', 'HIT@5': '0.4919', 'NDCG@5': '0.3761', 'HIT@10': '0.5974', 'NDCG@10': '0.4101', 'MRR': '0.3667'}
Validation score increased.  Saving model ...
{'epoch': 31, 'rec_avg_loss': '0.6454', 'rec_cur_loss': '0.6330'}
{'Epoch': 31, 'HIT@1': '0.2486', 'NDCG@1': '0.2486', 'HIT@5': '0.4919', 'NDCG@5': '0.3765', 'HIT@10': '0.5976', 'NDCG@10': '0.4107', 'MRR': '0.3673'}
Validation score increased.  Saving model ...
{'epoch': 32, 'rec_avg_loss': '0.6393', 'rec_cur_loss': '0.7639'}
{'Epoch': 32, 'HIT@1': '0.2469', 'NDCG@1': '0.2469', 'HIT@5': '0.4920', 'NDCG@5': '0.3760', 'HIT@10': '0.5968', 'NDCG@10': '0.4099', 'MRR': '0.3665'}
EarlyStopping counter: 1 out of 10
{'epoch': 33, 'rec_avg_loss': '0.6356', 'rec_cur_loss': '0.6662'}
{'Epoch': 33, 'HIT@1': '0.2498', 'NDCG@1': '0.2498', 'HIT@5': '0.4909', 'NDCG@5': '0.3766', 'HIT@10': '0.5969', 'NDCG@10': '0.4110', 'MRR': '0.3680'}
Validation score increased.  Saving model ...
{'epoch': 34, 'rec_avg_loss': '0.6345', 'rec_cur_loss': '0.6617'}
{'Epoch': 34, 'HIT@1': '0.2515', 'NDCG@1': '0.2515', 'HIT@5': '0.4932', 'NDCG@5': '0.3790', 'HIT@10': '0.5970', 'NDCG@10': '0.4125', 'MRR': '0.3700'}
Validation score increased.  Saving model ...
{'epoch': 35, 'rec_avg_loss': '0.6261', 'rec_cur_loss': '0.6033'}
{'Epoch': 35, 'HIT@1': '0.2503', 'NDCG@1': '0.2503', 'HIT@5': '0.4926', 'NDCG@5': '0.3781', 'HIT@10': '0.5961', 'NDCG@10': '0.4116', 'MRR': '0.3690'}
EarlyStopping counter: 1 out of 10
{'epoch': 36, 'rec_avg_loss': '0.6214', 'rec_cur_loss': '0.5893'}
{'Epoch': 36, 'HIT@1': '0.2504', 'NDCG@1': '0.2504', 'HIT@5': '0.4933', 'NDCG@5': '0.3786', 'HIT@10': '0.5972', 'NDCG@10': '0.4121', 'MRR': '0.3693'}
EarlyStopping counter: 2 out of 10
{'epoch': 37, 'rec_avg_loss': '0.6202', 'rec_cur_loss': '0.6001'}
{'Epoch': 37, 'HIT@1': '0.2488', 'NDCG@1': '0.2488', 'HIT@5': '0.4926', 'NDCG@5': '0.3774', 'HIT@10': '0.5976', 'NDCG@10': '0.4112', 'MRR': '0.3680'}
EarlyStopping counter: 3 out of 10
{'epoch': 38, 'rec_avg_loss': '0.6197', 'rec_cur_loss': '0.6347'}
{'Epoch': 38, 'HIT@1': '0.2503', 'NDCG@1': '0.2503', 'HIT@5': '0.4935', 'NDCG@5': '0.3787', 'HIT@10': '0.5984', 'NDCG@10': '0.4126', 'MRR': '0.3694'}
EarlyStopping counter: 4 out of 10
{'epoch': 39, 'rec_avg_loss': '0.6140', 'rec_cur_loss': '0.6196'}
{'Epoch': 39, 'HIT@1': '0.2518', 'NDCG@1': '0.2518', 'HIT@5': '0.4943', 'NDCG@5': '0.3796', 'HIT@10': '0.5970', 'NDCG@10': '0.4127', 'MRR': '0.3701'}
Validation score increased.  Saving model ...
{'epoch': 40, 'rec_avg_loss': '0.6129', 'rec_cur_loss': '0.6512'}
{'Epoch': 40, 'HIT@1': '0.2499', 'NDCG@1': '0.2499', 'HIT@5': '0.4925', 'NDCG@5': '0.3775', 'HIT@10': '0.5950', 'NDCG@10': '0.4107', 'MRR': '0.3682'}
EarlyStopping counter: 1 out of 10
{'epoch': 41, 'rec_avg_loss': '0.6093', 'rec_cur_loss': '0.6766'}
{'Epoch': 41, 'HIT@1': '0.2511', 'NDCG@1': '0.2511', 'HIT@5': '0.4937', 'NDCG@5': '0.3790', 'HIT@10': '0.5956', 'NDCG@10': '0.4119', 'MRR': '0.3696'}
EarlyStopping counter: 2 out of 10
{'epoch': 42, 'rec_avg_loss': '0.6061', 'rec_cur_loss': '0.5934'}
{'Epoch': 42, 'HIT@1': '0.2512', 'NDCG@1': '0.2512', 'HIT@5': '0.4918', 'NDCG@5': '0.3785', 'HIT@10': '0.5980', 'NDCG@10': '0.4129', 'MRR': '0.3700'}
EarlyStopping counter: 3 out of 10
{'epoch': 43, 'rec_avg_loss': '0.6030', 'rec_cur_loss': '0.5599'}
{'Epoch': 43, 'HIT@1': '0.2504', 'NDCG@1': '0.2504', 'HIT@5': '0.4951', 'NDCG@5': '0.3795', 'HIT@10': '0.5972', 'NDCG@10': '0.4125', 'MRR': '0.3698'}
EarlyStopping counter: 4 out of 10
{'epoch': 44, 'rec_avg_loss': '0.5998', 'rec_cur_loss': '0.6097'}
{'Epoch': 44, 'HIT@1': '0.2532', 'NDCG@1': '0.2532', 'HIT@5': '0.4944', 'NDCG@5': '0.3805', 'HIT@10': '0.5973', 'NDCG@10': '0.4137', 'MRR': '0.3714'}
Validation score increased.  Saving model ...
{'epoch': 45, 'rec_avg_loss': '0.5969', 'rec_cur_loss': '0.6356'}
{'Epoch': 45, 'HIT@1': '0.2525', 'NDCG@1': '0.2525', 'HIT@5': '0.4927', 'NDCG@5': '0.3794', 'HIT@10': '0.5972', 'NDCG@10': '0.4131', 'MRR': '0.3706'}
EarlyStopping counter: 1 out of 10
{'epoch': 46, 'rec_avg_loss': '0.5958', 'rec_cur_loss': '0.6081'}
{'Epoch': 46, 'HIT@1': '0.2538', 'NDCG@1': '0.2538', 'HIT@5': '0.4944', 'NDCG@5': '0.3805', 'HIT@10': '0.5963', 'NDCG@10': '0.4134', 'MRR': '0.3713'}
EarlyStopping counter: 2 out of 10
{'epoch': 47, 'rec_avg_loss': '0.5936', 'rec_cur_loss': '0.6479'}
{'Epoch': 47, 'HIT@1': '0.2538', 'NDCG@1': '0.2538', 'HIT@5': '0.4935', 'NDCG@5': '0.3803', 'HIT@10': '0.5967', 'NDCG@10': '0.4136', 'MRR': '0.3713'}
EarlyStopping counter: 3 out of 10
{'epoch': 48, 'rec_avg_loss': '0.5869', 'rec_cur_loss': '0.5537'}
{'Epoch': 48, 'HIT@1': '0.2537', 'NDCG@1': '0.2537', 'HIT@5': '0.4930', 'NDCG@5': '0.3798', 'HIT@10': '0.5967', 'NDCG@10': '0.4132', 'MRR': '0.3709'}
EarlyStopping counter: 4 out of 10
{'epoch': 49, 'rec_avg_loss': '0.5879', 'rec_cur_loss': '0.6668'}
{'Epoch': 49, 'HIT@1': '0.2551', 'NDCG@1': '0.2551', 'HIT@5': '0.4930', 'NDCG@5': '0.3810', 'HIT@10': '0.5959', 'NDCG@10': '0.4143', 'MRR': '0.3725'}
Validation score increased.  Saving model ...
{'epoch': 50, 'rec_avg_loss': '0.5819', 'rec_cur_loss': '0.6334'}
{'Epoch': 50, 'HIT@1': '0.2538', 'NDCG@1': '0.2538', 'HIT@5': '0.4936', 'NDCG@5': '0.3809', 'HIT@10': '0.5948', 'NDCG@10': '0.4137', 'MRR': '0.3721'}
EarlyStopping counter: 1 out of 10
{'epoch': 51, 'rec_avg_loss': '0.5817', 'rec_cur_loss': '0.5893'}
{'Epoch': 51, 'HIT@1': '0.2539', 'NDCG@1': '0.2539', 'HIT@5': '0.4943', 'NDCG@5': '0.3807', 'HIT@10': '0.5961', 'NDCG@10': '0.4136', 'MRR': '0.3715'}
EarlyStopping counter: 2 out of 10
{'epoch': 52, 'rec_avg_loss': '0.5794', 'rec_cur_loss': '0.6863'}
{'Epoch': 52, 'HIT@1': '0.2551', 'NDCG@1': '0.2551', 'HIT@5': '0.4957', 'NDCG@5': '0.3821', 'HIT@10': '0.5956', 'NDCG@10': '0.4144', 'MRR': '0.3728'}
Validation score increased.  Saving model ...
{'epoch': 53, 'rec_avg_loss': '0.5761', 'rec_cur_loss': '0.5513'}
{'Epoch': 53, 'HIT@1': '0.2551', 'NDCG@1': '0.2551', 'HIT@5': '0.4936', 'NDCG@5': '0.3814', 'HIT@10': '0.5956', 'NDCG@10': '0.4144', 'MRR': '0.3728'}
Validation score increased.  Saving model ...
{'epoch': 54, 'rec_avg_loss': '0.5773', 'rec_cur_loss': '0.5773'}
{'Epoch': 54, 'HIT@1': '0.2535', 'NDCG@1': '0.2535', 'HIT@5': '0.4943', 'NDCG@5': '0.3810', 'HIT@10': '0.5942', 'NDCG@10': '0.4134', 'MRR': '0.3720'}
EarlyStopping counter: 1 out of 10
{'epoch': 55, 'rec_avg_loss': '0.5717', 'rec_cur_loss': '0.6068'}
{'Epoch': 55, 'HIT@1': '0.2550', 'NDCG@1': '0.2550', 'HIT@5': '0.4931', 'NDCG@5': '0.3812', 'HIT@10': '0.5955', 'NDCG@10': '0.4143', 'MRR': '0.3727'}
EarlyStopping counter: 2 out of 10
{'epoch': 56, 'rec_avg_loss': '0.5703', 'rec_cur_loss': '0.5613'}
{'Epoch': 56, 'HIT@1': '0.2544', 'NDCG@1': '0.2544', 'HIT@5': '0.4909', 'NDCG@5': '0.3795', 'HIT@10': '0.5931', 'NDCG@10': '0.4125', 'MRR': '0.3712'}
EarlyStopping counter: 3 out of 10
{'epoch': 57, 'rec_avg_loss': '0.5667', 'rec_cur_loss': '0.5449'}
{'Epoch': 57, 'HIT@1': '0.2555', 'NDCG@1': '0.2555', 'HIT@5': '0.4930', 'NDCG@5': '0.3810', 'HIT@10': '0.5954', 'NDCG@10': '0.4140', 'MRR': '0.3724'}
EarlyStopping counter: 4 out of 10
{'epoch': 58, 'rec_avg_loss': '0.5672', 'rec_cur_loss': '0.6205'}
{'Epoch': 58, 'HIT@1': '0.2569', 'NDCG@1': '0.2569', 'HIT@5': '0.4916', 'NDCG@5': '0.3809', 'HIT@10': '0.5937', 'NDCG@10': '0.4139', 'MRR': '0.3728'}
Validation score increased.  Saving model ...
{'epoch': 59, 'rec_avg_loss': '0.5568', 'rec_cur_loss': '0.6488'}
{'Epoch': 59, 'HIT@1': '0.2557', 'NDCG@1': '0.2557', 'HIT@5': '0.4930', 'NDCG@5': '0.3806', 'HIT@10': '0.5930', 'NDCG@10': '0.4129', 'MRR': '0.3718'}
EarlyStopping counter: 1 out of 10
{'epoch': 60, 'rec_avg_loss': '0.5590', 'rec_cur_loss': '0.5173'}
{'Epoch': 60, 'HIT@1': '0.2541', 'NDCG@1': '0.2541', 'HIT@5': '0.4910', 'NDCG@5': '0.3795', 'HIT@10': '0.5933', 'NDCG@10': '0.4125', 'MRR': '0.3711'}
EarlyStopping counter: 2 out of 10
{'epoch': 61, 'rec_avg_loss': '0.5518', 'rec_cur_loss': '0.5108'}
{'Epoch': 61, 'HIT@1': '0.2544', 'NDCG@1': '0.2544', 'HIT@5': '0.4916', 'NDCG@5': '0.3800', 'HIT@10': '0.5929', 'NDCG@10': '0.4127', 'MRR': '0.3715'}
EarlyStopping counter: 3 out of 10
{'epoch': 62, 'rec_avg_loss': '0.5560', 'rec_cur_loss': '0.5764'}
{'Epoch': 62, 'HIT@1': '0.2559', 'NDCG@1': '0.2559', 'HIT@5': '0.4940', 'NDCG@5': '0.3816', 'HIT@10': '0.5950', 'NDCG@10': '0.4142', 'MRR': '0.3727'}
EarlyStopping counter: 4 out of 10
{'epoch': 63, 'rec_avg_loss': '0.5521', 'rec_cur_loss': '0.6564'}
{'Epoch': 63, 'HIT@1': '0.2535', 'NDCG@1': '0.2535', 'HIT@5': '0.4913', 'NDCG@5': '0.3792', 'HIT@10': '0.5936', 'NDCG@10': '0.4123', 'MRR': '0.3707'}
EarlyStopping counter: 5 out of 10
{'epoch': 64, 'rec_avg_loss': '0.5520', 'rec_cur_loss': '0.5869'}
{'Epoch': 64, 'HIT@1': '0.2553', 'NDCG@1': '0.2553', 'HIT@5': '0.4919', 'NDCG@5': '0.3803', 'HIT@10': '0.5948', 'NDCG@10': '0.4135', 'MRR': '0.3719'}
EarlyStopping counter: 6 out of 10
{'epoch': 65, 'rec_avg_loss': '0.5451', 'rec_cur_loss': '0.5083'}
{'Epoch': 65, 'HIT@1': '0.2587', 'NDCG@1': '0.2587', 'HIT@5': '0.4910', 'NDCG@5': '0.3814', 'HIT@10': '0.5934', 'NDCG@10': '0.4145', 'MRR': '0.3737'}
Validation score increased.  Saving model ...
{'epoch': 66, 'rec_avg_loss': '0.5477', 'rec_cur_loss': '0.5765'}
{'Epoch': 66, 'HIT@1': '0.2564', 'NDCG@1': '0.2564', 'HIT@5': '0.4902', 'NDCG@5': '0.3800', 'HIT@10': '0.5912', 'NDCG@10': '0.4127', 'MRR': '0.3720'}
EarlyStopping counter: 1 out of 10
{'epoch': 67, 'rec_avg_loss': '0.5453', 'rec_cur_loss': '0.5766'}
{'Epoch': 67, 'HIT@1': '0.2561', 'NDCG@1': '0.2561', 'HIT@5': '0.4899', 'NDCG@5': '0.3795', 'HIT@10': '0.5908', 'NDCG@10': '0.4121', 'MRR': '0.3716'}
EarlyStopping counter: 2 out of 10
{'epoch': 68, 'rec_avg_loss': '0.5398', 'rec_cur_loss': '0.5247'}
{'Epoch': 68, 'HIT@1': '0.2559', 'NDCG@1': '0.2559', 'HIT@5': '0.4892', 'NDCG@5': '0.3793', 'HIT@10': '0.5925', 'NDCG@10': '0.4127', 'MRR': '0.3716'}
EarlyStopping counter: 3 out of 10
{'epoch': 69, 'rec_avg_loss': '0.5393', 'rec_cur_loss': '0.5465'}
{'Epoch': 69, 'HIT@1': '0.2570', 'NDCG@1': '0.2570', 'HIT@5': '0.4923', 'NDCG@5': '0.3813', 'HIT@10': '0.5929', 'NDCG@10': '0.4139', 'MRR': '0.3730'}
EarlyStopping counter: 4 out of 10
{'epoch': 70, 'rec_avg_loss': '0.5344', 'rec_cur_loss': '0.5835'}
{'Epoch': 70, 'HIT@1': '0.2548', 'NDCG@1': '0.2548', 'HIT@5': '0.4905', 'NDCG@5': '0.3791', 'HIT@10': '0.5915', 'NDCG@10': '0.4117', 'MRR': '0.3706'}
EarlyStopping counter: 5 out of 10
{'epoch': 71, 'rec_avg_loss': '0.5344', 'rec_cur_loss': '0.5362'}
{'Epoch': 71, 'HIT@1': '0.2552', 'NDCG@1': '0.2552', 'HIT@5': '0.4899', 'NDCG@5': '0.3795', 'HIT@10': '0.5929', 'NDCG@10': '0.4128', 'MRR': '0.3716'}
EarlyStopping counter: 6 out of 10
{'epoch': 72, 'rec_avg_loss': '0.5285', 'rec_cur_loss': '0.5465'}
{'Epoch': 72, 'HIT@1': '0.2530', 'NDCG@1': '0.2530', 'HIT@5': '0.4875', 'NDCG@5': '0.3774', 'HIT@10': '0.5901', 'NDCG@10': '0.4106', 'MRR': '0.3696'}
EarlyStopping counter: 7 out of 10
{'epoch': 73, 'rec_avg_loss': '0.5296', 'rec_cur_loss': '0.5685'}
{'Epoch': 73, 'HIT@1': '0.2549', 'NDCG@1': '0.2549', 'HIT@5': '0.4890', 'NDCG@5': '0.3789', 'HIT@10': '0.5933', 'NDCG@10': '0.4126', 'MRR': '0.3712'}
EarlyStopping counter: 8 out of 10
{'epoch': 74, 'rec_avg_loss': '0.5266', 'rec_cur_loss': '0.4540'}
{'Epoch': 74, 'HIT@1': '0.2560', 'NDCG@1': '0.2560', 'HIT@5': '0.4891', 'NDCG@5': '0.3794', 'HIT@10': '0.5925', 'NDCG@10': '0.4128', 'MRR': '0.3717'}
EarlyStopping counter: 9 out of 10
{'epoch': 75, 'rec_avg_loss': '0.5279', 'rec_cur_loss': '0.5245'}
{'Epoch': 75, 'HIT@1': '0.2551', 'NDCG@1': '0.2551', 'HIT@5': '0.4894', 'NDCG@5': '0.3789', 'HIT@10': '0.5925', 'NDCG@10': '0.4123', 'MRR': '0.3710'}
EarlyStopping counter: 10 out of 10
Early stopping
---------------Sample 99 results-------------------
{'Epoch': 0, 'HIT@1': '0.2154', 'NDCG@1': '0.2154', 'HIT@5': '0.4549', 'NDCG@5': '0.3409', 'HIT@10': '0.5642', 'NDCG@10': '0.3762', 'MRR': '0.3335'}
Finetune_sample-Beauty-150
{'Epoch': 0, 'HIT@1': '0.2154', 'NDCG@1': '0.2154', 'HIT@5': '0.4549', 'NDCG@5': '0.3409', 'HIT@10': '0.5642', 'NDCG@10': '0.3762', 'MRR': '0.3335'}
