Namespace(batch=8192, dataset='CiaoDVD', decay=0.97, epochs=400, gcn_act='prelu', hide_dim=16, informax=1, informax_graph_act='sigmoid', item_graph_indx='iui_iti', k_hop_num=2, lambda1=0.06, lambda2=0.002, layer_dim='[16]', lr=0.05, minlr=0.0001, patience=5, reg=0.05, seed=29, topk=10, user_graph_indx='uu_uiu_uitiu')
user metaPath: uu_uiu_uitiu
item metaPath: iui_iti
ModelName = SR-HAN_CiaoDVD_1638337756_hide_dim_16_layer_dim_[16]_lr_0.05_reg_0.05_topK_10_graph_uu_uiu_uitiu_iui_iti_useInformax_1_2hopSubGraph_lambda1_0.06_lambda2_0.002
GCN Act funcction:prelu
informax graph-level Act funciton: sigmoid
2021-12-01 13:49:47.762594: **************************************************************
2021-12-01 13:50:06.540959: epoch 0/400, epoch_loss=158794.50
2021-12-01 13:50:12.797774: epoch 0/400, HR@10=0.5154, NDCG@10=0.3538
2021-12-01 13:50:14.010199: save model : SR-HAN_CiaoDVD_1638337756_hide_dim_16_layer_dim_[16]_lr_0.05_reg_0.05_topK_10_graph_uu_uiu_uitiu_iui_iti_useInformax_1_2hopSubGraph_lambda1_0.06_lambda2_0.002
2021-12-01 13:50:14.036759: **************************************************************
2021-12-01 13:50:21.298218: epoch 1/400, epoch_loss=128833.60
2021-12-01 13:50:27.356157: epoch 1/400, HR@10=0.5804, NDCG@10=0.4011
2021-12-01 13:50:28.493478: save model : SR-HAN_CiaoDVD_1638337756_hide_dim_16_layer_dim_[16]_lr_0.05_reg_0.05_topK_10_graph_uu_uiu_uitiu_iui_iti_useInformax_1_2hopSubGraph_lambda1_0.06_lambda2_0.002
2021-12-01 13:50:28.497895: **************************************************************
2021-12-01 13:50:35.661451: epoch 2/400, epoch_loss=115278.93
2021-12-01 13:50:41.693865: epoch 2/400, HR@10=0.6029, NDCG@10=0.4146
2021-12-01 13:50:42.818277: save model : SR-HAN_CiaoDVD_1638337756_hide_dim_16_layer_dim_[16]_lr_0.05_reg_0.05_topK_10_graph_uu_uiu_uitiu_iui_iti_useInformax_1_2hopSubGraph_lambda1_0.06_lambda2_0.002
2021-12-01 13:50:42.822460: **************************************************************
2021-12-01 13:50:49.929161: epoch 3/400, epoch_loss=105537.24
2021-12-01 13:50:55.906934: epoch 3/400, HR@10=0.6149, NDCG@10=0.4189
2021-12-01 13:50:57.035685: save model : SR-HAN_CiaoDVD_1638337756_hide_dim_16_layer_dim_[16]_lr_0.05_reg_0.05_topK_10_graph_uu_uiu_uitiu_iui_iti_useInformax_1_2hopSubGraph_lambda1_0.06_lambda2_0.002
2021-12-01 13:50:57.039970: **************************************************************
2021-12-01 13:51:04.113434: epoch 4/400, epoch_loss=98571.18
2021-12-01 13:51:10.206447: epoch 4/400, HR@10=0.6194, NDCG@10=0.4222
2021-12-01 13:51:11.322218: save model : SR-HAN_CiaoDVD_1638337756_hide_dim_16_layer_dim_[16]_lr_0.05_reg_0.05_topK_10_graph_uu_uiu_uitiu_iui_iti_useInformax_1_2hopSubGraph_lambda1_0.06_lambda2_0.002
2021-12-01 13:51:11.326842: **************************************************************
2021-12-01 13:51:18.411083: epoch 5/400, epoch_loss=93016.18
2021-12-01 13:51:24.371981: epoch 5/400, HR@10=0.6251, NDCG@10=0.4211
2021-12-01 13:51:25.476917: save model : SR-HAN_CiaoDVD_1638337756_hide_dim_16_layer_dim_[16]_lr_0.05_reg_0.05_topK_10_graph_uu_uiu_uitiu_iui_iti_useInformax_1_2hopSubGraph_lambda1_0.06_lambda2_0.002
2021-12-01 13:51:25.481361: **************************************************************
2021-12-01 13:51:32.556380: epoch 6/400, epoch_loss=88771.03
2021-12-01 13:51:38.611028: epoch 6/400, HR@10=0.6199, NDCG@10=0.4205
wait=1
2021-12-01 13:51:38.616034: **************************************************************
2021-12-01 13:51:45.753072: epoch 7/400, epoch_loss=85433.68
2021-12-01 13:51:51.485402: epoch 7/400, HR@10=0.6299, NDCG@10=0.4250
2021-12-01 13:51:52.591784: save model : SR-HAN_CiaoDVD_1638337756_hide_dim_16_layer_dim_[16]_lr_0.05_reg_0.05_topK_10_graph_uu_uiu_uitiu_iui_iti_useInformax_1_2hopSubGraph_lambda1_0.06_lambda2_0.002
2021-12-01 13:51:52.610394: **************************************************************
2021-12-01 13:51:59.868530: epoch 8/400, epoch_loss=82948.55
2021-12-01 13:52:05.834602: epoch 8/400, HR@10=0.6318, NDCG@10=0.4257
2021-12-01 13:52:06.935115: save model : SR-HAN_CiaoDVD_1638337756_hide_dim_16_layer_dim_[16]_lr_0.05_reg_0.05_topK_10_graph_uu_uiu_uitiu_iui_iti_useInformax_1_2hopSubGraph_lambda1_0.06_lambda2_0.002
2021-12-01 13:52:06.939533: **************************************************************
2021-12-01 13:52:14.015705: epoch 9/400, epoch_loss=80837.90
2021-12-01 13:52:19.990086: epoch 9/400, HR@10=0.6354, NDCG@10=0.4288
2021-12-01 13:52:21.090460: save model : SR-HAN_CiaoDVD_1638337756_hide_dim_16_layer_dim_[16]_lr_0.05_reg_0.05_topK_10_graph_uu_uiu_uitiu_iui_iti_useInformax_1_2hopSubGraph_lambda1_0.06_lambda2_0.002
2021-12-01 13:52:21.094913: **************************************************************
2021-12-01 13:52:28.233671: epoch 10/400, epoch_loss=79326.84
2021-12-01 13:52:34.266874: epoch 10/400, HR@10=0.6344, NDCG@10=0.4327
wait=1
2021-12-01 13:52:34.281574: **************************************************************
2021-12-01 13:52:41.362824: epoch 11/400, epoch_loss=77831.87
2021-12-01 13:52:47.065408: epoch 11/400, HR@10=0.6429, NDCG@10=0.4350
2021-12-01 13:52:48.151224: save model : SR-HAN_CiaoDVD_1638337756_hide_dim_16_layer_dim_[16]_lr_0.05_reg_0.05_topK_10_graph_uu_uiu_uitiu_iui_iti_useInformax_1_2hopSubGraph_lambda1_0.06_lambda2_0.002
2021-12-01 13:52:48.155602: **************************************************************
2021-12-01 13:52:55.441693: epoch 12/400, epoch_loss=76900.88
2021-12-01 13:53:01.466603: epoch 12/400, HR@10=0.6456, NDCG@10=0.4366
2021-12-01 13:53:02.582539: save model : SR-HAN_CiaoDVD_1638337756_hide_dim_16_layer_dim_[16]_lr_0.05_reg_0.05_topK_10_graph_uu_uiu_uitiu_iui_iti_useInformax_1_2hopSubGraph_lambda1_0.06_lambda2_0.002
2021-12-01 13:53:02.587073: **************************************************************
2021-12-01 13:53:09.724203: epoch 13/400, epoch_loss=75986.64
2021-12-01 13:53:15.710397: epoch 13/400, HR@10=0.6478, NDCG@10=0.4380
2021-12-01 13:53:16.805398: save model : SR-HAN_CiaoDVD_1638337756_hide_dim_16_layer_dim_[16]_lr_0.05_reg_0.05_topK_10_graph_uu_uiu_uitiu_iui_iti_useInformax_1_2hopSubGraph_lambda1_0.06_lambda2_0.002
2021-12-01 13:53:16.810278: **************************************************************
2021-12-01 13:53:23.896574: epoch 14/400, epoch_loss=75358.56
2021-12-01 13:53:29.842187: epoch 14/400, HR@10=0.6540, NDCG@10=0.4401
2021-12-01 13:53:30.962757: save model : SR-HAN_CiaoDVD_1638337756_hide_dim_16_layer_dim_[16]_lr_0.05_reg_0.05_topK_10_graph_uu_uiu_uitiu_iui_iti_useInformax_1_2hopSubGraph_lambda1_0.06_lambda2_0.002
2021-12-01 13:53:30.967120: **************************************************************
2021-12-01 13:53:38.003279: epoch 15/400, epoch_loss=74350.26
2021-12-01 13:53:43.995681: epoch 15/400, HR@10=0.6550, NDCG@10=0.4420
2021-12-01 13:53:45.125285: save model : SR-HAN_CiaoDVD_1638337756_hide_dim_16_layer_dim_[16]_lr_0.05_reg_0.05_topK_10_graph_uu_uiu_uitiu_iui_iti_useInformax_1_2hopSubGraph_lambda1_0.06_lambda2_0.002
2021-12-01 13:53:45.129848: **************************************************************
2021-12-01 13:53:52.209274: epoch 16/400, epoch_loss=73688.49
2021-12-01 13:53:57.925426: epoch 16/400, HR@10=0.6556, NDCG@10=0.4471
2021-12-01 13:53:59.054506: save model : SR-HAN_CiaoDVD_1638337756_hide_dim_16_layer_dim_[16]_lr_0.05_reg_0.05_topK_10_graph_uu_uiu_uitiu_iui_iti_useInformax_1_2hopSubGraph_lambda1_0.06_lambda2_0.002
2021-12-01 13:53:59.059117: **************************************************************
2021-12-01 13:54:06.151109: epoch 17/400, epoch_loss=73054.94
2021-12-01 13:54:12.112035: epoch 17/400, HR@10=0.6584, NDCG@10=0.4495
2021-12-01 13:54:13.223009: save model : SR-HAN_CiaoDVD_1638337756_hide_dim_16_layer_dim_[16]_lr_0.05_reg_0.05_topK_10_graph_uu_uiu_uitiu_iui_iti_useInformax_1_2hopSubGraph_lambda1_0.06_lambda2_0.002
2021-12-01 13:54:13.227535: **************************************************************
2021-12-01 13:54:20.468393: epoch 18/400, epoch_loss=72509.59
2021-12-01 13:54:26.148073: epoch 18/400, HR@10=0.6614, NDCG@10=0.4524
2021-12-01 13:54:27.248175: save model : SR-HAN_CiaoDVD_1638337756_hide_dim_16_layer_dim_[16]_lr_0.05_reg_0.05_topK_10_graph_uu_uiu_uitiu_iui_iti_useInformax_1_2hopSubGraph_lambda1_0.06_lambda2_0.002
2021-12-01 13:54:27.252962: **************************************************************
2021-12-01 13:54:34.489667: epoch 19/400, epoch_loss=72025.53
2021-12-01 13:54:40.487267: epoch 19/400, HR@10=0.6603, NDCG@10=0.4533
wait=1
2021-12-01 13:54:40.492576: **************************************************************
2021-12-01 13:54:47.565895: epoch 20/400, epoch_loss=71338.46
2021-12-01 13:54:53.343283: epoch 20/400, HR@10=0.6614, NDCG@10=0.4528
wait=2
2021-12-01 13:54:53.357747: **************************************************************
2021-12-01 13:55:00.603975: epoch 21/400, epoch_loss=71037.20
2021-12-01 13:55:06.516772: epoch 21/400, HR@10=0.6655, NDCG@10=0.4556
2021-12-01 13:55:07.649253: save model : SR-HAN_CiaoDVD_1638337756_hide_dim_16_layer_dim_[16]_lr_0.05_reg_0.05_topK_10_graph_uu_uiu_uitiu_iui_iti_useInformax_1_2hopSubGraph_lambda1_0.06_lambda2_0.002
2021-12-01 13:55:07.654399: **************************************************************
2021-12-01 13:55:14.892636: epoch 22/400, epoch_loss=70522.20
2021-12-01 13:55:20.573661: epoch 22/400, HR@10=0.6665, NDCG@10=0.4560
2021-12-01 13:55:21.696314: save model : SR-HAN_CiaoDVD_1638337756_hide_dim_16_layer_dim_[16]_lr_0.05_reg_0.05_topK_10_graph_uu_uiu_uitiu_iui_iti_useInformax_1_2hopSubGraph_lambda1_0.06_lambda2_0.002
2021-12-01 13:55:21.707342: **************************************************************
2021-12-01 13:55:28.974095: epoch 23/400, epoch_loss=70140.13
2021-12-01 13:55:35.036248: epoch 23/400, HR@10=0.6705, NDCG@10=0.4615
2021-12-01 13:55:36.163279: save model : SR-HAN_CiaoDVD_1638337756_hide_dim_16_layer_dim_[16]_lr_0.05_reg_0.05_topK_10_graph_uu_uiu_uitiu_iui_iti_useInformax_1_2hopSubGraph_lambda1_0.06_lambda2_0.002
2021-12-01 13:55:36.167672: **************************************************************
2021-12-01 13:55:43.212222: epoch 24/400, epoch_loss=69954.88
2021-12-01 13:55:49.142752: epoch 24/400, HR@10=0.6732, NDCG@10=0.4668
2021-12-01 13:55:50.247326: save model : SR-HAN_CiaoDVD_1638337756_hide_dim_16_layer_dim_[16]_lr_0.05_reg_0.05_topK_10_graph_uu_uiu_uitiu_iui_iti_useInformax_1_2hopSubGraph_lambda1_0.06_lambda2_0.002
2021-12-01 13:55:50.272500: **************************************************************
2021-12-01 13:55:57.316722: epoch 25/400, epoch_loss=69672.29
2021-12-01 13:56:03.310942: epoch 25/400, HR@10=0.6699, NDCG@10=0.4635
wait=1
2021-12-01 13:56:03.316435: **************************************************************
2021-12-01 13:56:10.368848: epoch 26/400, epoch_loss=69544.62
2021-12-01 13:56:16.162006: epoch 26/400, HR@10=0.6695, NDCG@10=0.4654
wait=2
2021-12-01 13:56:16.166976: **************************************************************
2021-12-01 13:56:23.277952: epoch 27/400, epoch_loss=69305.17
2021-12-01 13:56:29.255887: epoch 27/400, HR@10=0.6715, NDCG@10=0.4650
wait=3
2021-12-01 13:56:29.261260: **************************************************************
2021-12-01 13:56:36.480854: epoch 28/400, epoch_loss=69019.20
2021-12-01 13:56:42.159504: epoch 28/400, HR@10=0.6793, NDCG@10=0.4696
2021-12-01 13:56:43.284028: save model : SR-HAN_CiaoDVD_1638337756_hide_dim_16_layer_dim_[16]_lr_0.05_reg_0.05_topK_10_graph_uu_uiu_uitiu_iui_iti_useInformax_1_2hopSubGraph_lambda1_0.06_lambda2_0.002
2021-12-01 13:56:43.288690: **************************************************************
2021-12-01 13:56:50.491432: epoch 29/400, epoch_loss=68542.69
2021-12-01 13:56:56.426067: epoch 29/400, HR@10=0.6802, NDCG@10=0.4709
2021-12-01 13:56:57.576305: save model : SR-HAN_CiaoDVD_1638337756_hide_dim_16_layer_dim_[16]_lr_0.05_reg_0.05_topK_10_graph_uu_uiu_uitiu_iui_iti_useInformax_1_2hopSubGraph_lambda1_0.06_lambda2_0.002
2021-12-01 13:56:57.580844: **************************************************************
2021-12-01 13:57:04.627543: epoch 30/400, epoch_loss=68532.21
2021-12-01 13:57:10.358298: epoch 30/400, HR@10=0.6809, NDCG@10=0.4695
2021-12-01 13:57:11.443232: save model : SR-HAN_CiaoDVD_1638337756_hide_dim_16_layer_dim_[16]_lr_0.05_reg_0.05_topK_10_graph_uu_uiu_uitiu_iui_iti_useInformax_1_2hopSubGraph_lambda1_0.06_lambda2_0.002
2021-12-01 13:57:11.447857: **************************************************************
2021-12-01 13:57:18.681226: epoch 31/400, epoch_loss=68324.84
2021-12-01 13:57:24.613457: epoch 31/400, HR@10=0.6836, NDCG@10=0.4701
2021-12-01 13:57:25.718775: save model : SR-HAN_CiaoDVD_1638337756_hide_dim_16_layer_dim_[16]_lr_0.05_reg_0.05_topK_10_graph_uu_uiu_uitiu_iui_iti_useInformax_1_2hopSubGraph_lambda1_0.06_lambda2_0.002
2021-12-01 13:57:25.725874: **************************************************************
2021-12-01 13:57:32.750031: epoch 32/400, epoch_loss=68125.86
2021-12-01 13:57:38.638633: epoch 32/400, HR@10=0.6822, NDCG@10=0.4732
wait=1
2021-12-01 13:57:38.652367: **************************************************************
2021-12-01 13:57:45.935825: epoch 33/400, epoch_loss=68055.45
2021-12-01 13:57:51.966791: epoch 33/400, HR@10=0.6844, NDCG@10=0.4751
2021-12-01 13:57:53.077308: save model : SR-HAN_CiaoDVD_1638337756_hide_dim_16_layer_dim_[16]_lr_0.05_reg_0.05_topK_10_graph_uu_uiu_uitiu_iui_iti_useInformax_1_2hopSubGraph_lambda1_0.06_lambda2_0.002
2021-12-01 13:57:53.082144: **************************************************************
2021-12-01 13:58:00.136708: epoch 34/400, epoch_loss=67874.55
2021-12-01 13:58:05.838449: epoch 34/400, HR@10=0.6833, NDCG@10=0.4733
wait=1
2021-12-01 13:58:05.843837: **************************************************************
2021-12-01 13:58:13.065921: epoch 35/400, epoch_loss=67681.06
2021-12-01 13:58:19.054664: epoch 35/400, HR@10=0.6862, NDCG@10=0.4770
2021-12-01 13:58:20.167796: save model : SR-HAN_CiaoDVD_1638337756_hide_dim_16_layer_dim_[16]_lr_0.05_reg_0.05_topK_10_graph_uu_uiu_uitiu_iui_iti_useInformax_1_2hopSubGraph_lambda1_0.06_lambda2_0.002
2021-12-01 13:58:20.172507: **************************************************************
2021-12-01 13:58:27.230677: epoch 36/400, epoch_loss=67503.79
2021-12-01 13:58:33.233129: epoch 36/400, HR@10=0.6847, NDCG@10=0.4783
wait=1
2021-12-01 13:58:33.290043: **************************************************************
2021-12-01 13:58:40.347096: epoch 37/400, epoch_loss=67275.52
2021-12-01 13:58:46.017658: epoch 37/400, HR@10=0.6858, NDCG@10=0.4753
wait=2
2021-12-01 13:58:46.036897: **************************************************************
2021-12-01 13:58:53.221762: epoch 38/400, epoch_loss=67298.17
2021-12-01 13:58:59.159078: epoch 38/400, HR@10=0.6884, NDCG@10=0.4778
2021-12-01 13:59:00.427945: save model : SR-HAN_CiaoDVD_1638337756_hide_dim_16_layer_dim_[16]_lr_0.05_reg_0.05_topK_10_graph_uu_uiu_uitiu_iui_iti_useInformax_1_2hopSubGraph_lambda1_0.06_lambda2_0.002
2021-12-01 13:59:00.468974: **************************************************************
2021-12-01 13:59:07.476962: epoch 39/400, epoch_loss=67110.26
2021-12-01 13:59:13.172782: epoch 39/400, HR@10=0.6900, NDCG@10=0.4770
2021-12-01 13:59:14.354615: save model : SR-HAN_CiaoDVD_1638337756_hide_dim_16_layer_dim_[16]_lr_0.05_reg_0.05_topK_10_graph_uu_uiu_uitiu_iui_iti_useInformax_1_2hopSubGraph_lambda1_0.06_lambda2_0.002
2021-12-01 13:59:14.361758: **************************************************************
2021-12-01 13:59:21.686078: epoch 40/400, epoch_loss=67035.68
2021-12-01 13:59:27.350039: epoch 40/400, HR@10=0.6903, NDCG@10=0.4774
2021-12-01 13:59:28.452233: save model : SR-HAN_CiaoDVD_1638337756_hide_dim_16_layer_dim_[16]_lr_0.05_reg_0.05_topK_10_graph_uu_uiu_uitiu_iui_iti_useInformax_1_2hopSubGraph_lambda1_0.06_lambda2_0.002
2021-12-01 13:59:28.469507: **************************************************************
2021-12-01 13:59:35.681652: epoch 41/400, epoch_loss=66896.61
2021-12-01 13:59:41.586638: epoch 41/400, HR@10=0.6889, NDCG@10=0.4793
wait=1
2021-12-01 13:59:41.591986: **************************************************************
2021-12-01 13:59:48.621292: epoch 42/400, epoch_loss=66808.14
2021-12-01 13:59:54.532122: epoch 42/400, HR@10=0.6898, NDCG@10=0.4792
wait=2
2021-12-01 13:59:54.549465: **************************************************************
2021-12-01 14:00:01.615117: epoch 43/400, epoch_loss=66562.54
2021-12-01 14:00:07.408745: epoch 43/400, HR@10=0.6919, NDCG@10=0.4824
2021-12-01 14:00:08.538155: save model : SR-HAN_CiaoDVD_1638337756_hide_dim_16_layer_dim_[16]_lr_0.05_reg_0.05_topK_10_graph_uu_uiu_uitiu_iui_iti_useInformax_1_2hopSubGraph_lambda1_0.06_lambda2_0.002
2021-12-01 14:00:08.543189: **************************************************************
2021-12-01 14:00:15.814930: epoch 44/400, epoch_loss=66398.17
2021-12-01 14:00:21.699419: epoch 44/400, HR@10=0.6956, NDCG@10=0.4850
2021-12-01 14:00:22.811446: save model : SR-HAN_CiaoDVD_1638337756_hide_dim_16_layer_dim_[16]_lr_0.05_reg_0.05_topK_10_graph_uu_uiu_uitiu_iui_iti_useInformax_1_2hopSubGraph_lambda1_0.06_lambda2_0.002
2021-12-01 14:00:22.816542: **************************************************************
2021-12-01 14:00:30.077560: epoch 45/400, epoch_loss=66239.61
2021-12-01 14:00:36.047174: epoch 45/400, HR@10=0.6967, NDCG@10=0.4874
2021-12-01 14:00:37.152045: save model : SR-HAN_CiaoDVD_1638337756_hide_dim_16_layer_dim_[16]_lr_0.05_reg_0.05_topK_10_graph_uu_uiu_uitiu_iui_iti_useInformax_1_2hopSubGraph_lambda1_0.06_lambda2_0.002
2021-12-01 14:00:37.157066: **************************************************************
2021-12-01 14:00:44.234979: epoch 46/400, epoch_loss=66248.70
2021-12-01 14:00:49.981521: epoch 46/400, HR@10=0.6948, NDCG@10=0.4860
wait=1
2021-12-01 14:00:50.007799: **************************************************************
2021-12-01 14:00:57.261504: epoch 47/400, epoch_loss=66169.52
2021-12-01 14:01:03.172112: epoch 47/400, HR@10=0.6946, NDCG@10=0.4873
wait=2
2021-12-01 14:01:03.177894: **************************************************************
2021-12-01 14:01:10.189376: epoch 48/400, epoch_loss=66049.23
2021-12-01 14:01:15.850395: epoch 48/400, HR@10=0.6964, NDCG@10=0.4870
wait=3
2021-12-01 14:01:15.877547: **************************************************************
2021-12-01 14:01:23.126039: epoch 49/400, epoch_loss=65980.07
2021-12-01 14:01:29.048644: epoch 49/400, HR@10=0.6975, NDCG@10=0.4885
2021-12-01 14:01:30.163436: save model : SR-HAN_CiaoDVD_1638337756_hide_dim_16_layer_dim_[16]_lr_0.05_reg_0.05_topK_10_graph_uu_uiu_uitiu_iui_iti_useInformax_1_2hopSubGraph_lambda1_0.06_lambda2_0.002
2021-12-01 14:01:30.168624: **************************************************************
2021-12-01 14:01:37.479159: epoch 50/400, epoch_loss=65953.63
2021-12-01 14:01:43.484114: epoch 50/400, HR@10=0.6973, NDCG@10=0.4863
wait=1
2021-12-01 14:01:43.494208: **************************************************************
2021-12-01 14:01:50.534462: epoch 51/400, epoch_loss=65865.89
2021-12-01 14:01:56.208526: epoch 51/400, HR@10=0.6972, NDCG@10=0.4882
wait=2
2021-12-01 14:01:56.217087: **************************************************************
2021-12-01 14:02:03.447151: epoch 52/400, epoch_loss=65805.37
2021-12-01 14:02:09.419536: epoch 52/400, HR@10=0.7015, NDCG@10=0.4906
2021-12-01 14:02:10.533240: save model : SR-HAN_CiaoDVD_1638337756_hide_dim_16_layer_dim_[16]_lr_0.05_reg_0.05_topK_10_graph_uu_uiu_uitiu_iui_iti_useInformax_1_2hopSubGraph_lambda1_0.06_lambda2_0.002
2021-12-01 14:02:10.538426: **************************************************************
2021-12-01 14:02:17.566983: epoch 53/400, epoch_loss=65740.80
2021-12-01 14:02:23.628625: epoch 53/400, HR@10=0.6969, NDCG@10=0.4884
wait=1
2021-12-01 14:02:23.633970: **************************************************************
2021-12-01 14:02:30.666897: epoch 54/400, epoch_loss=65817.00
2021-12-01 14:02:36.296676: epoch 54/400, HR@10=0.6965, NDCG@10=0.4867
wait=2
2021-12-01 14:02:36.302597: **************************************************************
2021-12-01 14:02:43.535579: epoch 55/400, epoch_loss=65669.84
2021-12-01 14:02:49.514655: epoch 55/400, HR@10=0.6957, NDCG@10=0.4888
wait=3
2021-12-01 14:02:49.562314: **************************************************************
2021-12-01 14:02:56.588149: epoch 56/400, epoch_loss=65598.18
2021-12-01 14:03:02.367082: epoch 56/400, HR@10=0.7021, NDCG@10=0.4928
2021-12-01 14:03:03.501976: save model : SR-HAN_CiaoDVD_1638337756_hide_dim_16_layer_dim_[16]_lr_0.05_reg_0.05_topK_10_graph_uu_uiu_uitiu_iui_iti_useInformax_1_2hopSubGraph_lambda1_0.06_lambda2_0.002
2021-12-01 14:03:03.514692: **************************************************************
2021-12-01 14:03:10.755543: epoch 57/400, epoch_loss=65412.27
2021-12-01 14:03:16.456701: epoch 57/400, HR@10=0.7016, NDCG@10=0.4945
wait=1
2021-12-01 14:03:16.491135: **************************************************************
2021-12-01 14:03:23.750889: epoch 58/400, epoch_loss=65448.43
2021-12-01 14:03:29.674166: epoch 58/400, HR@10=0.7036, NDCG@10=0.4955
2021-12-01 14:03:30.779974: save model : SR-HAN_CiaoDVD_1638337756_hide_dim_16_layer_dim_[16]_lr_0.05_reg_0.05_topK_10_graph_uu_uiu_uitiu_iui_iti_useInformax_1_2hopSubGraph_lambda1_0.06_lambda2_0.002
2021-12-01 14:03:30.794524: **************************************************************
2021-12-01 14:03:38.036420: epoch 59/400, epoch_loss=65453.49
2021-12-01 14:03:43.785299: epoch 59/400, HR@10=0.7034, NDCG@10=0.4931
wait=1
2021-12-01 14:03:43.790921: **************************************************************
2021-12-01 14:03:51.103029: epoch 60/400, epoch_loss=65333.55
2021-12-01 14:03:57.101542: epoch 60/400, HR@10=0.7037, NDCG@10=0.4939
2021-12-01 14:03:58.256406: save model : SR-HAN_CiaoDVD_1638337756_hide_dim_16_layer_dim_[16]_lr_0.05_reg_0.05_topK_10_graph_uu_uiu_uitiu_iui_iti_useInformax_1_2hopSubGraph_lambda1_0.06_lambda2_0.002
2021-12-01 14:03:58.261891: **************************************************************
2021-12-01 14:04:05.342749: epoch 61/400, epoch_loss=65208.45
2021-12-01 14:04:11.236364: epoch 61/400, HR@10=0.7056, NDCG@10=0.4955
2021-12-01 14:04:12.349094: save model : SR-HAN_CiaoDVD_1638337756_hide_dim_16_layer_dim_[16]_lr_0.05_reg_0.05_topK_10_graph_uu_uiu_uitiu_iui_iti_useInformax_1_2hopSubGraph_lambda1_0.06_lambda2_0.002
2021-12-01 14:04:12.378501: **************************************************************
2021-12-01 14:04:19.416548: epoch 62/400, epoch_loss=65320.42
2021-12-01 14:04:25.338670: epoch 62/400, HR@10=0.7052, NDCG@10=0.4975
wait=1
2021-12-01 14:04:25.344700: **************************************************************
2021-12-01 14:04:32.333174: epoch 63/400, epoch_loss=65286.15
2021-12-01 14:04:38.289035: epoch 63/400, HR@10=0.7044, NDCG@10=0.4968
wait=2
2021-12-01 14:04:38.294574: **************************************************************
2021-12-01 14:04:45.280772: epoch 64/400, epoch_loss=65163.06
2021-12-01 14:04:51.195631: epoch 64/400, HR@10=0.7037, NDCG@10=0.4972
wait=3
2021-12-01 14:04:51.201491: **************************************************************
2021-12-01 14:04:58.173716: epoch 65/400, epoch_loss=65140.39
2021-12-01 14:05:04.107251: epoch 65/400, HR@10=0.7068, NDCG@10=0.4984
2021-12-01 14:05:05.232626: save model : SR-HAN_CiaoDVD_1638337756_hide_dim_16_layer_dim_[16]_lr_0.05_reg_0.05_topK_10_graph_uu_uiu_uitiu_iui_iti_useInformax_1_2hopSubGraph_lambda1_0.06_lambda2_0.002
2021-12-01 14:05:05.237979: **************************************************************
2021-12-01 14:05:12.224995: epoch 66/400, epoch_loss=65076.87
2021-12-01 14:05:17.936766: epoch 66/400, HR@10=0.7044, NDCG@10=0.4975
wait=1
2021-12-01 14:05:17.942512: **************************************************************
2021-12-01 14:05:25.134460: epoch 67/400, epoch_loss=65002.74
2021-12-01 14:05:31.024890: epoch 67/400, HR@10=0.7042, NDCG@10=0.4956
wait=2
2021-12-01 14:05:31.037937: **************************************************************
2021-12-01 14:05:38.020730: epoch 68/400, epoch_loss=65057.14
2021-12-01 14:05:43.872789: epoch 68/400, HR@10=0.7055, NDCG@10=0.4964
wait=3
2021-12-01 14:05:43.878434: **************************************************************
2021-12-01 14:05:51.049891: epoch 69/400, epoch_loss=64949.33
2021-12-01 14:05:56.996208: epoch 69/400, HR@10=0.7055, NDCG@10=0.4958
wait=4
2021-12-01 14:05:57.008915: **************************************************************
2021-12-01 14:06:04.038059: epoch 70/400, epoch_loss=64804.38
2021-12-01 14:06:09.712247: epoch 70/400, HR@10=0.7056, NDCG@10=0.4985
wait=5
2021-12-01 14:06:09.735827: Early stop! best epoch = 65
2021-12-01 14:06:09.914607: load model SR-HAN_CiaoDVD_1638337756_hide_dim_16_layer_dim_[16]_lr_0.05_reg_0.05_topK_10_graph_uu_uiu_uitiu_iui_iti_useInformax_1_2hopSubGraph_lambda1_0.06_lambda2_0.002 in epoch 65
*****************************
2021-12-01 14:06:09.914685: best epoch = 65, HR= 0.7068, NDCG=0.4984
*****************************
Namespace(batch=8192, dataset='CiaoDVD', decay=0.97, epochs=400, gcn_act='prelu', hide_dim=16, informax=1, informax_graph_act='sigmoid', item_graph_indx='iui_iti', k_hop_num=2, lambda1=0.06, lambda2=0.002, layer_dim='[16]', lr=0.05, minlr=0.0001, patience=5, reg=0.05, seed=29, topk=10, user_graph_indx='uu_uiu_uitiu')
2021-12-01 14:06:09.914863: model name : SR-HAN_CiaoDVD_1638337756_hide_dim_16_layer_dim_[16]_lr_0.05_reg_0.05_topK_10_graph_uu_uiu_uitiu_iui_iti_useInformax_1_2hopSubGraph_lambda1_0.06_lambda2_0.002
