Namespace(batch=8192, dataset='Epinions', decay=0.97, epochs=400, gcn_act='prelu', hide_dim=16, informax=1, informax_graph_act='sigmoid', item_graph_indx='iui_iti', k_hop_num=2, lambda1=0.06, lambda2=0.002, layer_dim='[16]', lr=0.05, minlr=0.0001, patience=5, reg=0.05, seed=29, topk=10, user_graph_indx='uu_uiu_uitiu')
user metaPath: uu_uiu_uitiu
item metaPath: iui_iti
ModelName = SR-HAN_Epinions_1637932331_hide_dim_16_layer_dim_[16]_lr_0.05_reg_0.05_topK_10_graph_uu_uiu_uitiu_iui_iti_useInformax_1_2hopSubGraph_lambda1_0.06_lambda2_0.002
GCN Act funcction:prelu
informax graph-level Act funciton: sigmoid
2021-11-26 21:12:47.406624: **************************************************************
2021-11-26 21:13:21.453139: epoch 0/400, epoch_loss=349114.76
2021-11-26 21:13:35.165291: epoch 0/400, HR@10=0.6142, NDCG@10=0.4217
2021-11-26 21:13:38.059508: save model : SR-HAN_Epinions_1637932331_hide_dim_16_layer_dim_[16]_lr_0.05_reg_0.05_topK_10_graph_uu_uiu_uitiu_iui_iti_useInformax_1_2hopSubGraph_lambda1_0.06_lambda2_0.002
2021-11-26 21:13:38.085341: **************************************************************
2021-11-26 21:13:59.627093: epoch 1/400, epoch_loss=264629.90
2021-11-26 21:14:13.618091: epoch 1/400, HR@10=0.6729, NDCG@10=0.4663
2021-11-26 21:14:16.315950: save model : SR-HAN_Epinions_1637932331_hide_dim_16_layer_dim_[16]_lr_0.05_reg_0.05_topK_10_graph_uu_uiu_uitiu_iui_iti_useInformax_1_2hopSubGraph_lambda1_0.06_lambda2_0.002
2021-11-26 21:14:16.323301: **************************************************************
2021-11-26 21:14:38.321401: epoch 2/400, epoch_loss=221055.92
2021-11-26 21:14:52.253861: epoch 2/400, HR@10=0.7038, NDCG@10=0.4839
2021-11-26 21:14:54.893090: save model : SR-HAN_Epinions_1637932331_hide_dim_16_layer_dim_[16]_lr_0.05_reg_0.05_topK_10_graph_uu_uiu_uitiu_iui_iti_useInformax_1_2hopSubGraph_lambda1_0.06_lambda2_0.002
2021-11-26 21:14:54.898763: **************************************************************
2021-11-26 21:15:16.999766: epoch 3/400, epoch_loss=197579.75
2021-11-26 21:15:30.849839: epoch 3/400, HR@10=0.7167, NDCG@10=0.4937
2021-11-26 21:15:33.497499: save model : SR-HAN_Epinions_1637932331_hide_dim_16_layer_dim_[16]_lr_0.05_reg_0.05_topK_10_graph_uu_uiu_uitiu_iui_iti_useInformax_1_2hopSubGraph_lambda1_0.06_lambda2_0.002
2021-11-26 21:15:33.512590: **************************************************************
2021-11-26 21:15:55.603456: epoch 4/400, epoch_loss=186887.33
2021-11-26 21:16:09.603213: epoch 4/400, HR@10=0.7257, NDCG@10=0.5007
2021-11-26 21:16:12.285376: save model : SR-HAN_Epinions_1637932331_hide_dim_16_layer_dim_[16]_lr_0.05_reg_0.05_topK_10_graph_uu_uiu_uitiu_iui_iti_useInformax_1_2hopSubGraph_lambda1_0.06_lambda2_0.002
2021-11-26 21:16:12.295884: **************************************************************
2021-11-26 21:16:33.935860: epoch 5/400, epoch_loss=179175.54
2021-11-26 21:16:47.845194: epoch 5/400, HR@10=0.7312, NDCG@10=0.5065
2021-11-26 21:16:50.415759: save model : SR-HAN_Epinions_1637932331_hide_dim_16_layer_dim_[16]_lr_0.05_reg_0.05_topK_10_graph_uu_uiu_uitiu_iui_iti_useInformax_1_2hopSubGraph_lambda1_0.06_lambda2_0.002
2021-11-26 21:16:50.426976: **************************************************************
2021-11-26 21:17:12.477745: epoch 6/400, epoch_loss=174318.39
2021-11-26 21:17:26.404536: epoch 6/400, HR@10=0.7345, NDCG@10=0.5072
2021-11-26 21:17:29.101980: save model : SR-HAN_Epinions_1637932331_hide_dim_16_layer_dim_[16]_lr_0.05_reg_0.05_topK_10_graph_uu_uiu_uitiu_iui_iti_useInformax_1_2hopSubGraph_lambda1_0.06_lambda2_0.002
2021-11-26 21:17:29.132405: **************************************************************
2021-11-26 21:17:50.678506: epoch 7/400, epoch_loss=170515.66
2021-11-26 21:18:04.610202: epoch 7/400, HR@10=0.7375, NDCG@10=0.5116
2021-11-26 21:18:07.318085: save model : SR-HAN_Epinions_1637932331_hide_dim_16_layer_dim_[16]_lr_0.05_reg_0.05_topK_10_graph_uu_uiu_uitiu_iui_iti_useInformax_1_2hopSubGraph_lambda1_0.06_lambda2_0.002
2021-11-26 21:18:07.324593: **************************************************************
2021-11-26 21:18:29.416248: epoch 8/400, epoch_loss=167491.05
2021-11-26 21:18:43.463245: epoch 8/400, HR@10=0.7418, NDCG@10=0.5157
2021-11-26 21:18:46.123287: save model : SR-HAN_Epinions_1637932331_hide_dim_16_layer_dim_[16]_lr_0.05_reg_0.05_topK_10_graph_uu_uiu_uitiu_iui_iti_useInformax_1_2hopSubGraph_lambda1_0.06_lambda2_0.002
2021-11-26 21:18:46.143780: **************************************************************
2021-11-26 21:19:07.692574: epoch 9/400, epoch_loss=165061.59
2021-11-26 21:19:21.710112: epoch 9/400, HR@10=0.7426, NDCG@10=0.5153
2021-11-26 21:19:24.606871: save model : SR-HAN_Epinions_1637932331_hide_dim_16_layer_dim_[16]_lr_0.05_reg_0.05_topK_10_graph_uu_uiu_uitiu_iui_iti_useInformax_1_2hopSubGraph_lambda1_0.06_lambda2_0.002
2021-11-26 21:19:24.613488: **************************************************************
2021-11-26 21:19:46.417671: epoch 10/400, epoch_loss=163231.51
2021-11-26 21:20:00.339274: epoch 10/400, HR@10=0.7448, NDCG@10=0.5208
2021-11-26 21:20:02.983763: save model : SR-HAN_Epinions_1637932331_hide_dim_16_layer_dim_[16]_lr_0.05_reg_0.05_topK_10_graph_uu_uiu_uitiu_iui_iti_useInformax_1_2hopSubGraph_lambda1_0.06_lambda2_0.002
2021-11-26 21:20:02.997042: **************************************************************
2021-11-26 21:20:24.854009: epoch 11/400, epoch_loss=161993.88
2021-11-26 21:20:38.724826: epoch 11/400, HR@10=0.7509, NDCG@10=0.5220
2021-11-26 21:20:41.394342: save model : SR-HAN_Epinions_1637932331_hide_dim_16_layer_dim_[16]_lr_0.05_reg_0.05_topK_10_graph_uu_uiu_uitiu_iui_iti_useInformax_1_2hopSubGraph_lambda1_0.06_lambda2_0.002
2021-11-26 21:20:41.414095: **************************************************************
2021-11-26 21:21:03.391180: epoch 12/400, epoch_loss=159847.92
2021-11-26 21:21:17.248571: epoch 12/400, HR@10=0.7529, NDCG@10=0.5259
2021-11-26 21:21:19.923558: save model : SR-HAN_Epinions_1637932331_hide_dim_16_layer_dim_[16]_lr_0.05_reg_0.05_topK_10_graph_uu_uiu_uitiu_iui_iti_useInformax_1_2hopSubGraph_lambda1_0.06_lambda2_0.002
2021-11-26 21:21:19.930536: **************************************************************
2021-11-26 21:21:41.923809: epoch 13/400, epoch_loss=158523.71
2021-11-26 21:21:55.176814: epoch 13/400, HR@10=0.7556, NDCG@10=0.5318
2021-11-26 21:21:57.932230: save model : SR-HAN_Epinions_1637932331_hide_dim_16_layer_dim_[16]_lr_0.05_reg_0.05_topK_10_graph_uu_uiu_uitiu_iui_iti_useInformax_1_2hopSubGraph_lambda1_0.06_lambda2_0.002
2021-11-26 21:21:57.939196: **************************************************************
2021-11-26 21:22:19.739949: epoch 14/400, epoch_loss=157667.74
2021-11-26 21:22:33.638227: epoch 14/400, HR@10=0.7523, NDCG@10=0.5308
wait=1
2021-11-26 21:22:33.645589: **************************************************************
2021-11-26 21:22:55.594041: epoch 15/400, epoch_loss=156672.30
2021-11-26 21:23:09.366049: epoch 15/400, HR@10=0.7558, NDCG@10=0.5346
2021-11-26 21:23:16.179187: save model : SR-HAN_Epinions_1637932331_hide_dim_16_layer_dim_[16]_lr_0.05_reg_0.05_topK_10_graph_uu_uiu_uitiu_iui_iti_useInformax_1_2hopSubGraph_lambda1_0.06_lambda2_0.002
2021-11-26 21:23:16.210809: **************************************************************
2021-11-26 21:23:38.244314: epoch 16/400, epoch_loss=155816.07
2021-11-26 21:23:51.968754: epoch 16/400, HR@10=0.7579, NDCG@10=0.5331
2021-11-26 21:23:54.841390: save model : SR-HAN_Epinions_1637932331_hide_dim_16_layer_dim_[16]_lr_0.05_reg_0.05_topK_10_graph_uu_uiu_uitiu_iui_iti_useInformax_1_2hopSubGraph_lambda1_0.06_lambda2_0.002
2021-11-26 21:23:54.889355: **************************************************************
2021-11-26 21:24:16.786742: epoch 17/400, epoch_loss=154897.53
2021-11-26 21:24:30.590940: epoch 17/400, HR@10=0.7654, NDCG@10=0.5393
2021-11-26 21:24:33.256134: save model : SR-HAN_Epinions_1637932331_hide_dim_16_layer_dim_[16]_lr_0.05_reg_0.05_topK_10_graph_uu_uiu_uitiu_iui_iti_useInformax_1_2hopSubGraph_lambda1_0.06_lambda2_0.002
2021-11-26 21:24:33.262689: **************************************************************
2021-11-26 21:24:54.677838: epoch 18/400, epoch_loss=153994.34
2021-11-26 21:25:08.449850: epoch 18/400, HR@10=0.7656, NDCG@10=0.5410
2021-11-26 21:25:11.015249: save model : SR-HAN_Epinions_1637932331_hide_dim_16_layer_dim_[16]_lr_0.05_reg_0.05_topK_10_graph_uu_uiu_uitiu_iui_iti_useInformax_1_2hopSubGraph_lambda1_0.06_lambda2_0.002
2021-11-26 21:25:11.021056: **************************************************************
2021-11-26 21:25:32.762734: epoch 19/400, epoch_loss=153338.12
2021-11-26 21:25:46.575810: epoch 19/400, HR@10=0.7646, NDCG@10=0.5426
wait=1
2021-11-26 21:25:46.582838: **************************************************************
2021-11-26 21:26:08.526289: epoch 20/400, epoch_loss=152356.95
2021-11-26 21:26:22.388245: epoch 20/400, HR@10=0.7677, NDCG@10=0.5431
2021-11-26 21:26:25.058676: save model : SR-HAN_Epinions_1637932331_hide_dim_16_layer_dim_[16]_lr_0.05_reg_0.05_topK_10_graph_uu_uiu_uitiu_iui_iti_useInformax_1_2hopSubGraph_lambda1_0.06_lambda2_0.002
2021-11-26 21:26:25.064580: **************************************************************
2021-11-26 21:26:46.571883: epoch 21/400, epoch_loss=152191.26
2021-11-26 21:27:00.358525: epoch 21/400, HR@10=0.7677, NDCG@10=0.5449
wait=1
2021-11-26 21:27:00.365531: **************************************************************
2021-11-26 21:27:22.315432: epoch 22/400, epoch_loss=151278.73
2021-11-26 21:27:36.456869: epoch 22/400, HR@10=0.7694, NDCG@10=0.5495
2021-11-26 21:27:39.142462: save model : SR-HAN_Epinions_1637932331_hide_dim_16_layer_dim_[16]_lr_0.05_reg_0.05_topK_10_graph_uu_uiu_uitiu_iui_iti_useInformax_1_2hopSubGraph_lambda1_0.06_lambda2_0.002
2021-11-26 21:27:39.148273: **************************************************************
2021-11-26 21:28:00.653445: epoch 23/400, epoch_loss=150810.75
2021-11-26 21:28:14.363669: epoch 23/400, HR@10=0.7743, NDCG@10=0.5523
2021-11-26 21:28:17.062172: save model : SR-HAN_Epinions_1637932331_hide_dim_16_layer_dim_[16]_lr_0.05_reg_0.05_topK_10_graph_uu_uiu_uitiu_iui_iti_useInformax_1_2hopSubGraph_lambda1_0.06_lambda2_0.002
2021-11-26 21:28:17.068976: **************************************************************
2021-11-26 21:28:39.046251: epoch 24/400, epoch_loss=150401.56
2021-11-26 21:28:52.859208: epoch 24/400, HR@10=0.7743, NDCG@10=0.5527
wait=1
2021-11-26 21:28:52.865968: **************************************************************
2021-11-26 21:29:14.211649: epoch 25/400, epoch_loss=149928.76
2021-11-26 21:29:28.194280: epoch 25/400, HR@10=0.7738, NDCG@10=0.5563
wait=2
2021-11-26 21:29:28.201266: **************************************************************
2021-11-26 21:29:50.023808: epoch 26/400, epoch_loss=149575.07
2021-11-26 21:30:03.987230: epoch 26/400, HR@10=0.7770, NDCG@10=0.5567
2021-11-26 21:30:06.661658: save model : SR-HAN_Epinions_1637932331_hide_dim_16_layer_dim_[16]_lr_0.05_reg_0.05_topK_10_graph_uu_uiu_uitiu_iui_iti_useInformax_1_2hopSubGraph_lambda1_0.06_lambda2_0.002
2021-11-26 21:30:06.668486: **************************************************************
2021-11-26 21:30:28.749453: epoch 27/400, epoch_loss=149137.81
2021-11-26 21:30:42.555328: epoch 27/400, HR@10=0.7784, NDCG@10=0.5575
2021-11-26 21:30:45.300563: save model : SR-HAN_Epinions_1637932331_hide_dim_16_layer_dim_[16]_lr_0.05_reg_0.05_topK_10_graph_uu_uiu_uitiu_iui_iti_useInformax_1_2hopSubGraph_lambda1_0.06_lambda2_0.002
2021-11-26 21:30:45.307447: **************************************************************
2021-11-26 21:31:07.219446: epoch 28/400, epoch_loss=148466.89
2021-11-26 21:31:21.075703: epoch 28/400, HR@10=0.7787, NDCG@10=0.5588
2021-11-26 21:31:23.726402: save model : SR-HAN_Epinions_1637932331_hide_dim_16_layer_dim_[16]_lr_0.05_reg_0.05_topK_10_graph_uu_uiu_uitiu_iui_iti_useInformax_1_2hopSubGraph_lambda1_0.06_lambda2_0.002
2021-11-26 21:31:23.760068: **************************************************************
2021-11-26 21:31:45.277761: epoch 29/400, epoch_loss=148208.59
2021-11-26 21:31:59.006976: epoch 29/400, HR@10=0.7794, NDCG@10=0.5602
2021-11-26 21:32:01.668033: save model : SR-HAN_Epinions_1637932331_hide_dim_16_layer_dim_[16]_lr_0.05_reg_0.05_topK_10_graph_uu_uiu_uitiu_iui_iti_useInformax_1_2hopSubGraph_lambda1_0.06_lambda2_0.002
2021-11-26 21:32:01.679374: **************************************************************
2021-11-26 21:32:23.745811: epoch 30/400, epoch_loss=147644.79
2021-11-26 21:32:37.586033: epoch 30/400, HR@10=0.7799, NDCG@10=0.5597
2021-11-26 21:32:40.232036: save model : SR-HAN_Epinions_1637932331_hide_dim_16_layer_dim_[16]_lr_0.05_reg_0.05_topK_10_graph_uu_uiu_uitiu_iui_iti_useInformax_1_2hopSubGraph_lambda1_0.06_lambda2_0.002
2021-11-26 21:32:40.238093: **************************************************************
2021-11-26 21:33:02.271252: epoch 31/400, epoch_loss=147183.91
2021-11-26 21:33:16.202619: epoch 31/400, HR@10=0.7833, NDCG@10=0.5689
2021-11-26 21:33:18.778115: save model : SR-HAN_Epinions_1637932331_hide_dim_16_layer_dim_[16]_lr_0.05_reg_0.05_topK_10_graph_uu_uiu_uitiu_iui_iti_useInformax_1_2hopSubGraph_lambda1_0.06_lambda2_0.002
2021-11-26 21:33:18.795887: **************************************************************
2021-11-26 21:33:40.391615: epoch 32/400, epoch_loss=146527.93
2021-11-26 21:33:54.240576: epoch 32/400, HR@10=0.7840, NDCG@10=0.5680
2021-11-26 21:33:56.877335: save model : SR-HAN_Epinions_1637932331_hide_dim_16_layer_dim_[16]_lr_0.05_reg_0.05_topK_10_graph_uu_uiu_uitiu_iui_iti_useInformax_1_2hopSubGraph_lambda1_0.06_lambda2_0.002
2021-11-26 21:33:56.884059: **************************************************************
2021-11-26 21:34:18.986862: epoch 33/400, epoch_loss=146602.07
2021-11-26 21:34:32.831561: epoch 33/400, HR@10=0.7826, NDCG@10=0.5671
wait=1
2021-11-26 21:34:32.853939: **************************************************************
2021-11-26 21:34:54.366507: epoch 34/400, epoch_loss=146052.28
2021-11-26 21:35:08.337620: epoch 34/400, HR@10=0.7852, NDCG@10=0.5686
2021-11-26 21:35:10.976289: save model : SR-HAN_Epinions_1637932331_hide_dim_16_layer_dim_[16]_lr_0.05_reg_0.05_topK_10_graph_uu_uiu_uitiu_iui_iti_useInformax_1_2hopSubGraph_lambda1_0.06_lambda2_0.002
2021-11-26 21:35:11.047075: **************************************************************
2021-11-26 21:35:33.056132: epoch 35/400, epoch_loss=145513.85
2021-11-26 21:35:46.847250: epoch 35/400, HR@10=0.7854, NDCG@10=0.5717
2021-11-26 21:35:49.534582: save model : SR-HAN_Epinions_1637932331_hide_dim_16_layer_dim_[16]_lr_0.05_reg_0.05_topK_10_graph_uu_uiu_uitiu_iui_iti_useInformax_1_2hopSubGraph_lambda1_0.06_lambda2_0.002
2021-11-26 21:35:49.541646: **************************************************************
2021-11-26 21:36:11.534061: epoch 36/400, epoch_loss=145314.77
2021-11-26 21:36:25.474840: epoch 36/400, HR@10=0.7839, NDCG@10=0.5710
wait=1
2021-11-26 21:36:25.501618: **************************************************************
2021-11-26 21:36:46.990272: epoch 37/400, epoch_loss=145077.94
2021-11-26 21:37:00.752495: epoch 37/400, HR@10=0.7846, NDCG@10=0.5736
wait=2
2021-11-26 21:37:00.772516: **************************************************************
2021-11-26 21:37:22.728539: epoch 38/400, epoch_loss=144740.74
2021-11-26 21:37:36.628251: epoch 38/400, HR@10=0.7849, NDCG@10=0.5738
wait=3
2021-11-26 21:37:36.634977: **************************************************************
2021-11-26 21:37:58.615773: epoch 39/400, epoch_loss=144656.90
2021-11-26 21:38:12.378563: epoch 39/400, HR@10=0.7895, NDCG@10=0.5766
2021-11-26 21:38:15.050242: save model : SR-HAN_Epinions_1637932331_hide_dim_16_layer_dim_[16]_lr_0.05_reg_0.05_topK_10_graph_uu_uiu_uitiu_iui_iti_useInformax_1_2hopSubGraph_lambda1_0.06_lambda2_0.002
2021-11-26 21:38:15.057403: **************************************************************
2021-11-26 21:38:37.107109: epoch 40/400, epoch_loss=144246.55
2021-11-26 21:38:51.092419: epoch 40/400, HR@10=0.7904, NDCG@10=0.5785
2021-11-26 21:38:53.750621: save model : SR-HAN_Epinions_1637932331_hide_dim_16_layer_dim_[16]_lr_0.05_reg_0.05_topK_10_graph_uu_uiu_uitiu_iui_iti_useInformax_1_2hopSubGraph_lambda1_0.06_lambda2_0.002
2021-11-26 21:38:53.756798: **************************************************************
2021-11-26 21:39:15.270870: epoch 41/400, epoch_loss=143906.61
2021-11-26 21:39:29.082251: epoch 41/400, HR@10=0.7904, NDCG@10=0.5789
wait=1
2021-11-26 21:39:29.115256: **************************************************************
2021-11-26 21:39:51.010928: epoch 42/400, epoch_loss=143648.10
2021-11-26 21:40:04.888393: epoch 42/400, HR@10=0.7895, NDCG@10=0.5785
wait=2
2021-11-26 21:40:04.900937: **************************************************************
2021-11-26 21:40:26.833979: epoch 43/400, epoch_loss=143395.80
2021-11-26 21:40:40.670322: epoch 43/400, HR@10=0.7895, NDCG@10=0.5765
wait=3
2021-11-26 21:40:40.691343: **************************************************************
2021-11-26 21:41:02.762085: epoch 44/400, epoch_loss=142904.97
2021-11-26 21:41:16.629382: epoch 44/400, HR@10=0.7916, NDCG@10=0.5817
2021-11-26 21:41:19.233745: save model : SR-HAN_Epinions_1637932331_hide_dim_16_layer_dim_[16]_lr_0.05_reg_0.05_topK_10_graph_uu_uiu_uitiu_iui_iti_useInformax_1_2hopSubGraph_lambda1_0.06_lambda2_0.002
2021-11-26 21:41:19.239873: **************************************************************
2021-11-26 21:41:41.350951: epoch 45/400, epoch_loss=142998.33
2021-11-26 21:41:55.068942: epoch 45/400, HR@10=0.7883, NDCG@10=0.5798
wait=1
2021-11-26 21:41:55.113378: **************************************************************
2021-11-26 21:42:16.579388: epoch 46/400, epoch_loss=142416.33
2021-11-26 21:42:30.357678: epoch 46/400, HR@10=0.7927, NDCG@10=0.5820
2021-11-26 21:42:33.029817: save model : SR-HAN_Epinions_1637932331_hide_dim_16_layer_dim_[16]_lr_0.05_reg_0.05_topK_10_graph_uu_uiu_uitiu_iui_iti_useInformax_1_2hopSubGraph_lambda1_0.06_lambda2_0.002
2021-11-26 21:42:33.047290: **************************************************************
2021-11-26 21:42:54.984248: epoch 47/400, epoch_loss=142513.61
2021-11-26 21:43:08.744997: epoch 47/400, HR@10=0.7942, NDCG@10=0.5824
2021-11-26 21:43:11.466064: save model : SR-HAN_Epinions_1637932331_hide_dim_16_layer_dim_[16]_lr_0.05_reg_0.05_topK_10_graph_uu_uiu_uitiu_iui_iti_useInformax_1_2hopSubGraph_lambda1_0.06_lambda2_0.002
2021-11-26 21:43:11.480877: **************************************************************
2021-11-26 21:43:33.522126: epoch 48/400, epoch_loss=142093.74
2021-11-26 21:43:47.503758: epoch 48/400, HR@10=0.7949, NDCG@10=0.5830
2021-11-26 21:43:50.230900: save model : SR-HAN_Epinions_1637932331_hide_dim_16_layer_dim_[16]_lr_0.05_reg_0.05_topK_10_graph_uu_uiu_uitiu_iui_iti_useInformax_1_2hopSubGraph_lambda1_0.06_lambda2_0.002
2021-11-26 21:43:50.258893: **************************************************************
2021-11-26 21:44:12.425116: epoch 49/400, epoch_loss=141978.03
2021-11-26 21:44:26.201233: epoch 49/400, HR@10=0.7950, NDCG@10=0.5883
2021-11-26 21:44:28.769684: save model : SR-HAN_Epinions_1637932331_hide_dim_16_layer_dim_[16]_lr_0.05_reg_0.05_topK_10_graph_uu_uiu_uitiu_iui_iti_useInformax_1_2hopSubGraph_lambda1_0.06_lambda2_0.002
2021-11-26 21:44:28.802039: **************************************************************
2021-11-26 21:44:50.903990: epoch 50/400, epoch_loss=141573.33
2021-11-26 21:45:04.381173: epoch 50/400, HR@10=0.7949, NDCG@10=0.5864
wait=1
2021-11-26 21:45:04.388389: **************************************************************
2021-11-26 21:45:26.413735: epoch 51/400, epoch_loss=141340.53
2021-11-26 21:45:40.333676: epoch 51/400, HR@10=0.7939, NDCG@10=0.5864
wait=2
2021-11-26 21:45:40.340955: **************************************************************
2021-11-26 21:46:02.579326: epoch 52/400, epoch_loss=141261.22
2021-11-26 21:46:16.434198: epoch 52/400, HR@10=0.7937, NDCG@10=0.5873
wait=3
2021-11-26 21:46:16.450686: **************************************************************
2021-11-26 21:46:38.583868: epoch 53/400, epoch_loss=141367.33
2021-11-26 21:46:52.584226: epoch 53/400, HR@10=0.7965, NDCG@10=0.5887
2021-11-26 21:46:55.272739: save model : SR-HAN_Epinions_1637932331_hide_dim_16_layer_dim_[16]_lr_0.05_reg_0.05_topK_10_graph_uu_uiu_uitiu_iui_iti_useInformax_1_2hopSubGraph_lambda1_0.06_lambda2_0.002
2021-11-26 21:46:55.280248: **************************************************************
2021-11-26 21:47:17.378516: epoch 54/400, epoch_loss=140770.89
2021-11-26 21:47:31.161545: epoch 54/400, HR@10=0.7973, NDCG@10=0.5905
2021-11-26 21:47:33.800594: save model : SR-HAN_Epinions_1637932331_hide_dim_16_layer_dim_[16]_lr_0.05_reg_0.05_topK_10_graph_uu_uiu_uitiu_iui_iti_useInformax_1_2hopSubGraph_lambda1_0.06_lambda2_0.002
2021-11-26 21:47:33.827584: **************************************************************
2021-11-26 21:47:55.918005: epoch 55/400, epoch_loss=140667.38
2021-11-26 21:48:09.799730: epoch 55/400, HR@10=0.7974, NDCG@10=0.5912
2021-11-26 21:48:12.510507: save model : SR-HAN_Epinions_1637932331_hide_dim_16_layer_dim_[16]_lr_0.05_reg_0.05_topK_10_graph_uu_uiu_uitiu_iui_iti_useInformax_1_2hopSubGraph_lambda1_0.06_lambda2_0.002
2021-11-26 21:48:12.517662: **************************************************************
2021-11-26 21:48:34.051850: epoch 56/400, epoch_loss=140580.57
2021-11-26 21:48:47.872436: epoch 56/400, HR@10=0.7977, NDCG@10=0.5925
2021-11-26 21:48:50.567298: save model : SR-HAN_Epinions_1637932331_hide_dim_16_layer_dim_[16]_lr_0.05_reg_0.05_topK_10_graph_uu_uiu_uitiu_iui_iti_useInformax_1_2hopSubGraph_lambda1_0.06_lambda2_0.002
2021-11-26 21:48:50.593064: **************************************************************
2021-11-26 21:49:12.629636: epoch 57/400, epoch_loss=140613.60
2021-11-26 21:49:26.317778: epoch 57/400, HR@10=0.7994, NDCG@10=0.5924
2021-11-26 21:49:28.985739: save model : SR-HAN_Epinions_1637932331_hide_dim_16_layer_dim_[16]_lr_0.05_reg_0.05_topK_10_graph_uu_uiu_uitiu_iui_iti_useInformax_1_2hopSubGraph_lambda1_0.06_lambda2_0.002
2021-11-26 21:49:29.005043: **************************************************************
2021-11-26 21:49:50.970282: epoch 58/400, epoch_loss=140245.68
2021-11-26 21:50:04.868214: epoch 58/400, HR@10=0.7987, NDCG@10=0.5934
wait=1
2021-11-26 21:50:04.875147: **************************************************************
2021-11-26 21:50:26.412645: epoch 59/400, epoch_loss=140146.91
2021-11-26 21:50:40.389278: epoch 59/400, HR@10=0.8002, NDCG@10=0.5926
2021-11-26 21:50:43.043136: save model : SR-HAN_Epinions_1637932331_hide_dim_16_layer_dim_[16]_lr_0.05_reg_0.05_topK_10_graph_uu_uiu_uitiu_iui_iti_useInformax_1_2hopSubGraph_lambda1_0.06_lambda2_0.002
2021-11-26 21:50:43.064521: **************************************************************
2021-11-26 21:51:04.938717: epoch 60/400, epoch_loss=139746.63
2021-11-26 21:51:18.935476: epoch 60/400, HR@10=0.7987, NDCG@10=0.5936
wait=1
2021-11-26 21:51:18.942958: **************************************************************
2021-11-26 21:51:40.295401: epoch 61/400, epoch_loss=139539.79
2021-11-26 21:51:54.149191: epoch 61/400, HR@10=0.7982, NDCG@10=0.5937
wait=2
2021-11-26 21:51:54.156664: **************************************************************
2021-11-26 21:52:16.031267: epoch 62/400, epoch_loss=139630.60
2021-11-26 21:52:29.801685: epoch 62/400, HR@10=0.7998, NDCG@10=0.5970
wait=3
2021-11-26 21:52:29.808808: **************************************************************
2021-11-26 21:52:51.820894: epoch 63/400, epoch_loss=139386.53
2021-11-26 21:53:05.679685: epoch 63/400, HR@10=0.7988, NDCG@10=0.5964
wait=4
2021-11-26 21:53:05.687451: **************************************************************
2021-11-26 21:53:27.090074: epoch 64/400, epoch_loss=139407.06
2021-11-26 21:53:40.980670: epoch 64/400, HR@10=0.7994, NDCG@10=0.5974
wait=5
2021-11-26 21:53:40.987793: Early stop! best epoch = 59
2021-11-26 21:53:41.362784: load model SR-HAN_Epinions_1637932331_hide_dim_16_layer_dim_[16]_lr_0.05_reg_0.05_topK_10_graph_uu_uiu_uitiu_iui_iti_useInformax_1_2hopSubGraph_lambda1_0.06_lambda2_0.002 in epoch 59
*****************************
2021-11-26 21:53:41.362857: best epoch = 59, HR= 0.8002, NDCG=0.5926
*****************************
Namespace(batch=8192, dataset='Epinions', decay=0.97, epochs=400, gcn_act='prelu', hide_dim=16, informax=1, informax_graph_act='sigmoid', item_graph_indx='iui_iti', k_hop_num=2, lambda1=0.06, lambda2=0.002, layer_dim='[16]', lr=0.05, minlr=0.0001, patience=5, reg=0.05, seed=29, topk=10, user_graph_indx='uu_uiu_uitiu')
2021-11-26 21:53:41.363215: model name : SR-HAN_Epinions_1637932331_hide_dim_16_layer_dim_[16]_lr_0.05_reg_0.05_topK_10_graph_uu_uiu_uitiu_iui_iti_useInformax_1_2hopSubGraph_lambda1_0.06_lambda2_0.002
