Namespace(adam_beta1=0.9, adam_beta2=0.999, attention_probs_dropout_prob=0.5, batch_size=256, ckp=80, cuda_condition=True, data_dir='./data/', data_file='./data/ml-1m.txt', data_name='ml-1m', do_eval=False, epochs=200, gpu_id='0', hidden_act='gelu', hidden_dropout_prob=0.5, hidden_size=64, initializer_range=0.02, item_size=3418, log_file='output/Finetune_sample-ml-1m-80.txt', log_freq=1, lr=0.001, mask_id=3417, max_seq_length=50, model_name='Finetune_sample', no_cuda=False, num_attention_heads=2, num_hidden_layers=2, output_dir='output/', sample_file='./data/ml-1m_sample.txt', seed=42, weight_decay=0.0)
Total Parameters: 338688
Load Checkpoint From output/ml-1m-epochs-80.pt!
{'epoch': 0, 'rec_avg_loss': '1.2835', 'rec_cur_loss': '1.0246'}
{'Epoch': 0, 'HIT@5': '0.1659', 'NDCG@5': '0.0999', 'HIT@10': '0.2891', 'NDCG@10': '0.1394', 'HIT@20': '0.4669', 'NDCG@20': '0.1840', 'MRR@5': '0.1199', 'MRR@10': '0.1199', 'MRR@20': '0.1199'}
Validation score increased.  Saving model ...
{'epoch': 1, 'rec_avg_loss': '0.9529', 'rec_cur_loss': '0.8678'}
{'Epoch': 1, 'HIT@5': '0.2118', 'NDCG@5': '0.1320', 'HIT@10': '0.3435', 'NDCG@10': '0.1745', 'HIT@20': '0.5414', 'NDCG@20': '0.2243', 'MRR@5': '0.1489', 'MRR@10': '0.1489', 'MRR@20': '0.1489'}
Validation score increased.  Saving model ...
{'epoch': 2, 'rec_avg_loss': '0.8688', 'rec_cur_loss': '0.8829'}
{'Epoch': 2, 'HIT@5': '0.2579', 'NDCG@5': '0.1617', 'HIT@10': '0.4073', 'NDCG@10': '0.2096', 'HIT@20': '0.6028', 'NDCG@20': '0.2589', 'MRR@5': '0.1738', 'MRR@10': '0.1738', 'MRR@20': '0.1738'}
Validation score increased.  Saving model ...
{'epoch': 3, 'rec_avg_loss': '0.8211', 'rec_cur_loss': '0.8192'}
{'Epoch': 3, 'HIT@5': '0.2873', 'NDCG@5': '0.1807', 'HIT@10': '0.4437', 'NDCG@10': '0.2311', 'HIT@20': '0.6440', 'NDCG@20': '0.2818', 'MRR@5': '0.1899', 'MRR@10': '0.1899', 'MRR@20': '0.1899'}
Validation score increased.  Saving model ...
{'epoch': 4, 'rec_avg_loss': '0.7905', 'rec_cur_loss': '0.7510'}
{'Epoch': 4, 'HIT@5': '0.2954', 'NDCG@5': '0.1870', 'HIT@10': '0.4651', 'NDCG@10': '0.2419', 'HIT@20': '0.6641', 'NDCG@20': '0.2921', 'MRR@5': '0.1968', 'MRR@10': '0.1968', 'MRR@20': '0.1968'}
Validation score increased.  Saving model ...
{'epoch': 5, 'rec_avg_loss': '0.7673', 'rec_cur_loss': '0.7710'}
{'Epoch': 5, 'HIT@5': '0.3084', 'NDCG@5': '0.1968', 'HIT@10': '0.4818', 'NDCG@10': '0.2528', 'HIT@20': '0.6730', 'NDCG@20': '0.3013', 'MRR@5': '0.2054', 'MRR@10': '0.2054', 'MRR@20': '0.2054'}
Validation score increased.  Saving model ...
{'epoch': 6, 'rec_avg_loss': '0.7536', 'rec_cur_loss': '0.7755'}
{'Epoch': 6, 'HIT@5': '0.3167', 'NDCG@5': '0.2031', 'HIT@10': '0.4949', 'NDCG@10': '0.2605', 'HIT@20': '0.6831', 'NDCG@20': '0.3082', 'MRR@5': '0.2110', 'MRR@10': '0.2110', 'MRR@20': '0.2110'}
Validation score increased.  Saving model ...
{'epoch': 7, 'rec_avg_loss': '0.7415', 'rec_cur_loss': '0.7228'}
{'Epoch': 7, 'HIT@5': '0.3280', 'NDCG@5': '0.2100', 'HIT@10': '0.5098', 'NDCG@10': '0.2685', 'HIT@20': '0.6916', 'NDCG@20': '0.3145', 'MRR@5': '0.2160', 'MRR@10': '0.2160', 'MRR@20': '0.2160'}
Validation score increased.  Saving model ...
{'epoch': 8, 'rec_avg_loss': '0.7306', 'rec_cur_loss': '0.7208'}
{'Epoch': 8, 'HIT@5': '0.3323', 'NDCG@5': '0.2109', 'HIT@10': '0.5111', 'NDCG@10': '0.2685', 'HIT@20': '0.6904', 'NDCG@20': '0.3139', 'MRR@5': '0.2155', 'MRR@10': '0.2155', 'MRR@20': '0.2155'}
EarlyStopping counter: 1 out of 10
{'epoch': 9, 'rec_avg_loss': '0.7223', 'rec_cur_loss': '0.7134'}
{'Epoch': 9, 'HIT@5': '0.3419', 'NDCG@5': '0.2180', 'HIT@10': '0.5248', 'NDCG@10': '0.2770', 'HIT@20': '0.6980', 'NDCG@20': '0.3208', 'MRR@5': '0.2217', 'MRR@10': '0.2217', 'MRR@20': '0.2217'}
Validation score increased.  Saving model ...
{'epoch': 10, 'rec_avg_loss': '0.7135', 'rec_cur_loss': '0.6948'}
{'Epoch': 10, 'HIT@5': '0.3485', 'NDCG@5': '0.2216', 'HIT@10': '0.5275', 'NDCG@10': '0.2792', 'HIT@20': '0.7012', 'NDCG@20': '0.3232', 'MRR@5': '0.2236', 'MRR@10': '0.2236', 'MRR@20': '0.2236'}
Validation score increased.  Saving model ...
{'epoch': 11, 'rec_avg_loss': '0.7090', 'rec_cur_loss': '0.6939'}
{'Epoch': 11, 'HIT@5': '0.3518', 'NDCG@5': '0.2255', 'HIT@10': '0.5286', 'NDCG@10': '0.2824', 'HIT@20': '0.7015', 'NDCG@20': '0.3262', 'MRR@5': '0.2274', 'MRR@10': '0.2274', 'MRR@20': '0.2274'}
Validation score increased.  Saving model ...
{'epoch': 12, 'rec_avg_loss': '0.7029', 'rec_cur_loss': '0.6995'}
{'Epoch': 12, 'HIT@5': '0.3531', 'NDCG@5': '0.2278', 'HIT@10': '0.5296', 'NDCG@10': '0.2846', 'HIT@20': '0.7017', 'NDCG@20': '0.3283', 'MRR@5': '0.2300', 'MRR@10': '0.2300', 'MRR@20': '0.2300'}
Validation score increased.  Saving model ...
{'epoch': 13, 'rec_avg_loss': '0.6991', 'rec_cur_loss': '0.7050'}
{'Epoch': 13, 'HIT@5': '0.3563', 'NDCG@5': '0.2284', 'HIT@10': '0.5358', 'NDCG@10': '0.2863', 'HIT@20': '0.7058', 'NDCG@20': '0.3294', 'MRR@5': '0.2300', 'MRR@10': '0.2300', 'MRR@20': '0.2300'}
EarlyStopping counter: 1 out of 10
{'epoch': 14, 'rec_avg_loss': '0.6939', 'rec_cur_loss': '0.6903'}
{'Epoch': 14, 'HIT@5': '0.3632', 'NDCG@5': '0.2322', 'HIT@10': '0.5424', 'NDCG@10': '0.2898', 'HIT@20': '0.7078', 'NDCG@20': '0.3317', 'MRR@5': '0.2322', 'MRR@10': '0.2322', 'MRR@20': '0.2322'}
Validation score increased.  Saving model ...
{'epoch': 15, 'rec_avg_loss': '0.6884', 'rec_cur_loss': '0.6872'}
{'Epoch': 15, 'HIT@5': '0.3606', 'NDCG@5': '0.2319', 'HIT@10': '0.5416', 'NDCG@10': '0.2902', 'HIT@20': '0.7093', 'NDCG@20': '0.3327', 'MRR@5': '0.2330', 'MRR@10': '0.2330', 'MRR@20': '0.2330'}
Validation score increased.  Saving model ...
{'epoch': 16, 'rec_avg_loss': '0.6855', 'rec_cur_loss': '0.6896'}
{'Epoch': 16, 'HIT@5': '0.3710', 'NDCG@5': '0.2379', 'HIT@10': '0.5505', 'NDCG@10': '0.2958', 'HIT@20': '0.7131', 'NDCG@20': '0.3370', 'MRR@5': '0.2371', 'MRR@10': '0.2371', 'MRR@20': '0.2371'}
Validation score increased.  Saving model ...
{'epoch': 17, 'rec_avg_loss': '0.6828', 'rec_cur_loss': '0.6965'}
{'Epoch': 17, 'HIT@5': '0.3646', 'NDCG@5': '0.2349', 'HIT@10': '0.5469', 'NDCG@10': '0.2937', 'HIT@20': '0.7147', 'NDCG@20': '0.3362', 'MRR@5': '0.2358', 'MRR@10': '0.2358', 'MRR@20': '0.2358'}
EarlyStopping counter: 1 out of 10
{'epoch': 18, 'rec_avg_loss': '0.6797', 'rec_cur_loss': '0.6405'}
{'Epoch': 18, 'HIT@5': '0.3669', 'NDCG@5': '0.2366', 'HIT@10': '0.5492', 'NDCG@10': '0.2954', 'HIT@20': '0.7151', 'NDCG@20': '0.3374', 'MRR@5': '0.2372', 'MRR@10': '0.2372', 'MRR@20': '0.2372'}
Validation score increased.  Saving model ...
{'epoch': 19, 'rec_avg_loss': '0.6778', 'rec_cur_loss': '0.6658'}
{'Epoch': 19, 'HIT@5': '0.3687', 'NDCG@5': '0.2377', 'HIT@10': '0.5528', 'NDCG@10': '0.2970', 'HIT@20': '0.7172', 'NDCG@20': '0.3387', 'MRR@5': '0.2381', 'MRR@10': '0.2381', 'MRR@20': '0.2381'}
Validation score increased.  Saving model ...
{'epoch': 20, 'rec_avg_loss': '0.6756', 'rec_cur_loss': '0.6724'}
{'Epoch': 20, 'HIT@5': '0.3758', 'NDCG@5': '0.2407', 'HIT@10': '0.5538', 'NDCG@10': '0.2981', 'HIT@20': '0.7189', 'NDCG@20': '0.3399', 'MRR@5': '0.2389', 'MRR@10': '0.2389', 'MRR@20': '0.2389'}
Validation score increased.  Saving model ...
{'epoch': 21, 'rec_avg_loss': '0.6732', 'rec_cur_loss': '0.6693'}
{'Epoch': 21, 'HIT@5': '0.3765', 'NDCG@5': '0.2419', 'HIT@10': '0.5550', 'NDCG@10': '0.2994', 'HIT@20': '0.7194', 'NDCG@20': '0.3411', 'MRR@5': '0.2404', 'MRR@10': '0.2404', 'MRR@20': '0.2404'}
Validation score increased.  Saving model ...
{'epoch': 22, 'rec_avg_loss': '0.6700', 'rec_cur_loss': '0.6675'}
{'Epoch': 22, 'HIT@5': '0.3755', 'NDCG@5': '0.2416', 'HIT@10': '0.5576', 'NDCG@10': '0.3003', 'HIT@20': '0.7207', 'NDCG@20': '0.3416', 'MRR@5': '0.2406', 'MRR@10': '0.2406', 'MRR@20': '0.2406'}
Validation score increased.  Saving model ...
{'epoch': 23, 'rec_avg_loss': '0.6683', 'rec_cur_loss': '0.6510'}
{'Epoch': 23, 'HIT@5': '0.3805', 'NDCG@5': '0.2454', 'HIT@10': '0.5599', 'NDCG@10': '0.3032', 'HIT@20': '0.7230', 'NDCG@20': '0.3446', 'MRR@5': '0.2436', 'MRR@10': '0.2436', 'MRR@20': '0.2436'}
Validation score increased.  Saving model ...
{'epoch': 24, 'rec_avg_loss': '0.6662', 'rec_cur_loss': '0.6767'}
{'Epoch': 24, 'HIT@5': '0.3791', 'NDCG@5': '0.2447', 'HIT@10': '0.5618', 'NDCG@10': '0.3034', 'HIT@20': '0.7228', 'NDCG@20': '0.3442', 'MRR@5': '0.2432', 'MRR@10': '0.2432', 'MRR@20': '0.2432'}
EarlyStopping counter: 1 out of 10
{'epoch': 25, 'rec_avg_loss': '0.6647', 'rec_cur_loss': '0.6765'}
{'Epoch': 25, 'HIT@5': '0.3825', 'NDCG@5': '0.2472', 'HIT@10': '0.5649', 'NDCG@10': '0.3060', 'HIT@20': '0.7280', 'NDCG@20': '0.3473', 'MRR@5': '0.2455', 'MRR@10': '0.2455', 'MRR@20': '0.2455'}
Validation score increased.  Saving model ...
{'epoch': 26, 'rec_avg_loss': '0.6606', 'rec_cur_loss': '0.6615'}
{'Epoch': 26, 'HIT@5': '0.3828', 'NDCG@5': '0.2469', 'HIT@10': '0.5669', 'NDCG@10': '0.3060', 'HIT@20': '0.7276', 'NDCG@20': '0.3466', 'MRR@5': '0.2448', 'MRR@10': '0.2448', 'MRR@20': '0.2448'}
EarlyStopping counter: 1 out of 10
{'epoch': 27, 'rec_avg_loss': '0.6605', 'rec_cur_loss': '0.6796'}
{'Epoch': 27, 'HIT@5': '0.3879', 'NDCG@5': '0.2506', 'HIT@10': '0.5692', 'NDCG@10': '0.3087', 'HIT@20': '0.7281', 'NDCG@20': '0.3489', 'MRR@5': '0.2475', 'MRR@10': '0.2475', 'MRR@20': '0.2475'}
Validation score increased.  Saving model ...
{'epoch': 28, 'rec_avg_loss': '0.6568', 'rec_cur_loss': '0.6400'}
{'Epoch': 28, 'HIT@5': '0.3868', 'NDCG@5': '0.2509', 'HIT@10': '0.5694', 'NDCG@10': '0.3097', 'HIT@20': '0.7305', 'NDCG@20': '0.3504', 'MRR@5': '0.2486', 'MRR@10': '0.2486', 'MRR@20': '0.2486'}
Validation score increased.  Saving model ...
{'epoch': 29, 'rec_avg_loss': '0.6546', 'rec_cur_loss': '0.6266'}
{'Epoch': 29, 'HIT@5': '0.3838', 'NDCG@5': '0.2493', 'HIT@10': '0.5657', 'NDCG@10': '0.3080', 'HIT@20': '0.7280', 'NDCG@20': '0.3491', 'MRR@5': '0.2478', 'MRR@10': '0.2478', 'MRR@20': '0.2478'}
EarlyStopping counter: 1 out of 10
{'epoch': 30, 'rec_avg_loss': '0.6547', 'rec_cur_loss': '0.6653'}
{'Epoch': 30, 'HIT@5': '0.3884', 'NDCG@5': '0.2537', 'HIT@10': '0.5697', 'NDCG@10': '0.3123', 'HIT@20': '0.7300', 'NDCG@20': '0.3529', 'MRR@5': '0.2519', 'MRR@10': '0.2519', 'MRR@20': '0.2519'}
Validation score increased.  Saving model ...
{'epoch': 31, 'rec_avg_loss': '0.6554', 'rec_cur_loss': '0.6573'}
{'Epoch': 31, 'HIT@5': '0.3911', 'NDCG@5': '0.2552', 'HIT@10': '0.5690', 'NDCG@10': '0.3126', 'HIT@20': '0.7320', 'NDCG@20': '0.3538', 'MRR@5': '0.2527', 'MRR@10': '0.2527', 'MRR@20': '0.2527'}
Validation score increased.  Saving model ...
{'epoch': 32, 'rec_avg_loss': '0.6545', 'rec_cur_loss': '0.6613'}
{'Epoch': 32, 'HIT@5': '0.3896', 'NDCG@5': '0.2535', 'HIT@10': '0.5694', 'NDCG@10': '0.3116', 'HIT@20': '0.7293', 'NDCG@20': '0.3520', 'MRR@5': '0.2512', 'MRR@10': '0.2512', 'MRR@20': '0.2512'}
EarlyStopping counter: 1 out of 10
{'epoch': 33, 'rec_avg_loss': '0.6518', 'rec_cur_loss': '0.6375'}
{'Epoch': 33, 'HIT@5': '0.3881', 'NDCG@5': '0.2518', 'HIT@10': '0.5690', 'NDCG@10': '0.3103', 'HIT@20': '0.7308', 'NDCG@20': '0.3513', 'MRR@5': '0.2497', 'MRR@10': '0.2497', 'MRR@20': '0.2497'}
EarlyStopping counter: 2 out of 10
{'epoch': 34, 'rec_avg_loss': '0.6511', 'rec_cur_loss': '0.6511'}
{'Epoch': 34, 'HIT@5': '0.3891', 'NDCG@5': '0.2540', 'HIT@10': '0.5715', 'NDCG@10': '0.3129', 'HIT@20': '0.7301', 'NDCG@20': '0.3531', 'MRR@5': '0.2522', 'MRR@10': '0.2522', 'MRR@20': '0.2522'}
EarlyStopping counter: 3 out of 10
{'epoch': 35, 'rec_avg_loss': '0.6480', 'rec_cur_loss': '0.6532'}
{'Epoch': 35, 'HIT@5': '0.3916', 'NDCG@5': '0.2554', 'HIT@10': '0.5694', 'NDCG@10': '0.3128', 'HIT@20': '0.7306', 'NDCG@20': '0.3536', 'MRR@5': '0.2528', 'MRR@10': '0.2528', 'MRR@20': '0.2528'}
Validation score increased.  Saving model ...
{'epoch': 36, 'rec_avg_loss': '0.6483', 'rec_cur_loss': '0.6274'}
{'Epoch': 36, 'HIT@5': '0.3940', 'NDCG@5': '0.2582', 'HIT@10': '0.5748', 'NDCG@10': '0.3166', 'HIT@20': '0.7341', 'NDCG@20': '0.3569', 'MRR@5': '0.2558', 'MRR@10': '0.2558', 'MRR@20': '0.2558'}
Validation score increased.  Saving model ...
{'epoch': 37, 'rec_avg_loss': '0.6470', 'rec_cur_loss': '0.6396'}
{'Epoch': 37, 'HIT@5': '0.3954', 'NDCG@5': '0.2576', 'HIT@10': '0.5737', 'NDCG@10': '0.3152', 'HIT@20': '0.7359', 'NDCG@20': '0.3563', 'MRR@5': '0.2544', 'MRR@10': '0.2544', 'MRR@20': '0.2544'}
EarlyStopping counter: 1 out of 10
{'epoch': 38, 'rec_avg_loss': '0.6437', 'rec_cur_loss': '0.6470'}
{'Epoch': 38, 'HIT@5': '0.3957', 'NDCG@5': '0.2583', 'HIT@10': '0.5742', 'NDCG@10': '0.3161', 'HIT@20': '0.7353', 'NDCG@20': '0.3568', 'MRR@5': '0.2552', 'MRR@10': '0.2552', 'MRR@20': '0.2552'}
EarlyStopping counter: 2 out of 10
{'epoch': 39, 'rec_avg_loss': '0.6458', 'rec_cur_loss': '0.6470'}
{'Epoch': 39, 'HIT@5': '0.3930', 'NDCG@5': '0.2556', 'HIT@10': '0.5722', 'NDCG@10': '0.3135', 'HIT@20': '0.7334', 'NDCG@20': '0.3543', 'MRR@5': '0.2527', 'MRR@10': '0.2527', 'MRR@20': '0.2527'}
EarlyStopping counter: 3 out of 10
{'epoch': 40, 'rec_avg_loss': '0.6417', 'rec_cur_loss': '0.6328'}
{'Epoch': 40, 'HIT@5': '0.3977', 'NDCG@5': '0.2603', 'HIT@10': '0.5776', 'NDCG@10': '0.3184', 'HIT@20': '0.7377', 'NDCG@20': '0.3589', 'MRR@5': '0.2572', 'MRR@10': '0.2572', 'MRR@20': '0.2572'}
Validation score increased.  Saving model ...
{'epoch': 41, 'rec_avg_loss': '0.6429', 'rec_cur_loss': '0.6487'}
{'Epoch': 41, 'HIT@5': '0.3980', 'NDCG@5': '0.2593', 'HIT@10': '0.5763', 'NDCG@10': '0.3169', 'HIT@20': '0.7351', 'NDCG@20': '0.3572', 'MRR@5': '0.2557', 'MRR@10': '0.2557', 'MRR@20': '0.2557'}
EarlyStopping counter: 1 out of 10
{'epoch': 42, 'rec_avg_loss': '0.6426', 'rec_cur_loss': '0.6541'}
{'Epoch': 42, 'HIT@5': '0.3982', 'NDCG@5': '0.2602', 'HIT@10': '0.5796', 'NDCG@10': '0.3188', 'HIT@20': '0.7366', 'NDCG@20': '0.3586', 'MRR@5': '0.2570', 'MRR@10': '0.2570', 'MRR@20': '0.2570'}
EarlyStopping counter: 2 out of 10
{'epoch': 43, 'rec_avg_loss': '0.6407', 'rec_cur_loss': '0.6448'}
{'Epoch': 43, 'HIT@5': '0.3998', 'NDCG@5': '0.2638', 'HIT@10': '0.5770', 'NDCG@10': '0.3211', 'HIT@20': '0.7354', 'NDCG@20': '0.3613', 'MRR@5': '0.2610', 'MRR@10': '0.2610', 'MRR@20': '0.2610'}
Validation score increased.  Saving model ...
{'epoch': 44, 'rec_avg_loss': '0.6406', 'rec_cur_loss': '0.6546'}
{'Epoch': 44, 'HIT@5': '0.4033', 'NDCG@5': '0.2643', 'HIT@10': '0.5788', 'NDCG@10': '0.3211', 'HIT@20': '0.7377', 'NDCG@20': '0.3614', 'MRR@5': '0.2602', 'MRR@10': '0.2602', 'MRR@20': '0.2602'}
EarlyStopping counter: 1 out of 10
{'epoch': 45, 'rec_avg_loss': '0.6392', 'rec_cur_loss': '0.6177'}
{'Epoch': 45, 'HIT@5': '0.3983', 'NDCG@5': '0.2626', 'HIT@10': '0.5793', 'NDCG@10': '0.3212', 'HIT@20': '0.7396', 'NDCG@20': '0.3618', 'MRR@5': '0.2603', 'MRR@10': '0.2603', 'MRR@20': '0.2603'}
EarlyStopping counter: 2 out of 10
{'epoch': 46, 'rec_avg_loss': '0.6401', 'rec_cur_loss': '0.6500'}
{'Epoch': 46, 'HIT@5': '0.4038', 'NDCG@5': '0.2659', 'HIT@10': '0.5803', 'NDCG@10': '0.3230', 'HIT@20': '0.7382', 'NDCG@20': '0.3629', 'MRR@5': '0.2621', 'MRR@10': '0.2621', 'MRR@20': '0.2621'}
Validation score increased.  Saving model ...
{'epoch': 47, 'rec_avg_loss': '0.6388', 'rec_cur_loss': '0.6732'}
{'Epoch': 47, 'HIT@5': '0.4053', 'NDCG@5': '0.2656', 'HIT@10': '0.5818', 'NDCG@10': '0.3227', 'HIT@20': '0.7409', 'NDCG@20': '0.3630', 'MRR@5': '0.2613', 'MRR@10': '0.2613', 'MRR@20': '0.2613'}
EarlyStopping counter: 1 out of 10
{'epoch': 48, 'rec_avg_loss': '0.6349', 'rec_cur_loss': '0.6361'}
{'Epoch': 48, 'HIT@5': '0.4056', 'NDCG@5': '0.2660', 'HIT@10': '0.5820', 'NDCG@10': '0.3229', 'HIT@20': '0.7407', 'NDCG@20': '0.3631', 'MRR@5': '0.2615', 'MRR@10': '0.2615', 'MRR@20': '0.2615'}
EarlyStopping counter: 2 out of 10
{'epoch': 49, 'rec_avg_loss': '0.6346', 'rec_cur_loss': '0.6101'}
{'Epoch': 49, 'HIT@5': '0.4076', 'NDCG@5': '0.2661', 'HIT@10': '0.5834', 'NDCG@10': '0.3230', 'HIT@20': '0.7421', 'NDCG@20': '0.3631', 'MRR@5': '0.2610', 'MRR@10': '0.2610', 'MRR@20': '0.2610'}
EarlyStopping counter: 3 out of 10
{'epoch': 50, 'rec_avg_loss': '0.6347', 'rec_cur_loss': '0.6426'}
{'Epoch': 50, 'HIT@5': '0.4111', 'NDCG@5': '0.2702', 'HIT@10': '0.5871', 'NDCG@10': '0.3273', 'HIT@20': '0.7449', 'NDCG@20': '0.3672', 'MRR@5': '0.2654', 'MRR@10': '0.2654', 'MRR@20': '0.2654'}
Validation score increased.  Saving model ...
{'epoch': 51, 'rec_avg_loss': '0.6329', 'rec_cur_loss': '0.6427'}
{'Epoch': 51, 'HIT@5': '0.4116', 'NDCG@5': '0.2699', 'HIT@10': '0.5839', 'NDCG@10': '0.3257', 'HIT@20': '0.7430', 'NDCG@20': '0.3661', 'MRR@5': '0.2645', 'MRR@10': '0.2645', 'MRR@20': '0.2645'}
EarlyStopping counter: 1 out of 10
{'epoch': 52, 'rec_avg_loss': '0.6332', 'rec_cur_loss': '0.6343'}
{'Epoch': 52, 'HIT@5': '0.4065', 'NDCG@5': '0.2657', 'HIT@10': '0.5859', 'NDCG@10': '0.3238', 'HIT@20': '0.7411', 'NDCG@20': '0.3632', 'MRR@5': '0.2613', 'MRR@10': '0.2613', 'MRR@20': '0.2613'}
EarlyStopping counter: 2 out of 10
{'epoch': 53, 'rec_avg_loss': '0.6313', 'rec_cur_loss': '0.6473'}
{'Epoch': 53, 'HIT@5': '0.4137', 'NDCG@5': '0.2723', 'HIT@10': '0.5882', 'NDCG@10': '0.3288', 'HIT@20': '0.7437', 'NDCG@20': '0.3682', 'MRR@5': '0.2669', 'MRR@10': '0.2669', 'MRR@20': '0.2669'}
Validation score increased.  Saving model ...
{'epoch': 54, 'rec_avg_loss': '0.6300', 'rec_cur_loss': '0.6162'}
{'Epoch': 54, 'HIT@5': '0.4075', 'NDCG@5': '0.2662', 'HIT@10': '0.5831', 'NDCG@10': '0.3231', 'HIT@20': '0.7440', 'NDCG@20': '0.3640', 'MRR@5': '0.2614', 'MRR@10': '0.2614', 'MRR@20': '0.2614'}
EarlyStopping counter: 1 out of 10
{'epoch': 55, 'rec_avg_loss': '0.6330', 'rec_cur_loss': '0.6384'}
{'Epoch': 55, 'HIT@5': '0.4111', 'NDCG@5': '0.2704', 'HIT@10': '0.5866', 'NDCG@10': '0.3272', 'HIT@20': '0.7462', 'NDCG@20': '0.3677', 'MRR@5': '0.2656', 'MRR@10': '0.2656', 'MRR@20': '0.2656'}
EarlyStopping counter: 2 out of 10
{'epoch': 56, 'rec_avg_loss': '0.6310', 'rec_cur_loss': '0.6516'}
{'Epoch': 56, 'HIT@5': '0.4103', 'NDCG@5': '0.2702', 'HIT@10': '0.5877', 'NDCG@10': '0.3276', 'HIT@20': '0.7442', 'NDCG@20': '0.3673', 'MRR@5': '0.2656', 'MRR@10': '0.2656', 'MRR@20': '0.2656'}
EarlyStopping counter: 3 out of 10
{'epoch': 57, 'rec_avg_loss': '0.6299', 'rec_cur_loss': '0.6205'}
{'Epoch': 57, 'HIT@5': '0.4089', 'NDCG@5': '0.2696', 'HIT@10': '0.5866', 'NDCG@10': '0.3271', 'HIT@20': '0.7464', 'NDCG@20': '0.3675', 'MRR@5': '0.2654', 'MRR@10': '0.2654', 'MRR@20': '0.2654'}
EarlyStopping counter: 4 out of 10
{'epoch': 58, 'rec_avg_loss': '0.6290', 'rec_cur_loss': '0.6144'}
{'Epoch': 58, 'HIT@5': '0.4142', 'NDCG@5': '0.2739', 'HIT@10': '0.5891', 'NDCG@10': '0.3305', 'HIT@20': '0.7469', 'NDCG@20': '0.3706', 'MRR@5': '0.2690', 'MRR@10': '0.2690', 'MRR@20': '0.2690'}
Validation score increased.  Saving model ...
{'epoch': 59, 'rec_avg_loss': '0.6277', 'rec_cur_loss': '0.6199'}
{'Epoch': 59, 'HIT@5': '0.4147', 'NDCG@5': '0.2732', 'HIT@10': '0.5901', 'NDCG@10': '0.3299', 'HIT@20': '0.7465', 'NDCG@20': '0.3695', 'MRR@5': '0.2677', 'MRR@10': '0.2677', 'MRR@20': '0.2677'}
EarlyStopping counter: 1 out of 10
{'epoch': 60, 'rec_avg_loss': '0.6265', 'rec_cur_loss': '0.6553'}
{'Epoch': 60, 'HIT@5': '0.4156', 'NDCG@5': '0.2742', 'HIT@10': '0.5919', 'NDCG@10': '0.3313', 'HIT@20': '0.7477', 'NDCG@20': '0.3709', 'MRR@5': '0.2691', 'MRR@10': '0.2691', 'MRR@20': '0.2691'}
Validation score increased.  Saving model ...
{'epoch': 61, 'rec_avg_loss': '0.6264', 'rec_cur_loss': '0.6140'}
{'Epoch': 61, 'HIT@5': '0.4119', 'NDCG@5': '0.2727', 'HIT@10': '0.5911', 'NDCG@10': '0.3307', 'HIT@20': '0.7474', 'NDCG@20': '0.3703', 'MRR@5': '0.2685', 'MRR@10': '0.2685', 'MRR@20': '0.2685'}
EarlyStopping counter: 1 out of 10
{'epoch': 62, 'rec_avg_loss': '0.6265', 'rec_cur_loss': '0.6079'}
{'Epoch': 62, 'HIT@5': '0.4111', 'NDCG@5': '0.2731', 'HIT@10': '0.5859', 'NDCG@10': '0.3299', 'HIT@20': '0.7469', 'NDCG@20': '0.3707', 'MRR@5': '0.2693', 'MRR@10': '0.2693', 'MRR@20': '0.2693'}
Validation score increased.  Saving model ...
{'epoch': 63, 'rec_avg_loss': '0.6243', 'rec_cur_loss': '0.6418'}
{'Epoch': 63, 'HIT@5': '0.4159', 'NDCG@5': '0.2758', 'HIT@10': '0.5904', 'NDCG@10': '0.3323', 'HIT@20': '0.7487', 'NDCG@20': '0.3724', 'MRR@5': '0.2708', 'MRR@10': '0.2708', 'MRR@20': '0.2708'}
Validation score increased.  Saving model ...
{'epoch': 64, 'rec_avg_loss': '0.6251', 'rec_cur_loss': '0.6295'}
{'Epoch': 64, 'HIT@5': '0.4156', 'NDCG@5': '0.2758', 'HIT@10': '0.5922', 'NDCG@10': '0.3330', 'HIT@20': '0.7477', 'NDCG@20': '0.3724', 'MRR@5': '0.2711', 'MRR@10': '0.2711', 'MRR@20': '0.2711'}
Validation score increased.  Saving model ...
{'epoch': 65, 'rec_avg_loss': '0.6240', 'rec_cur_loss': '0.6458'}
{'Epoch': 65, 'HIT@5': '0.4187', 'NDCG@5': '0.2773', 'HIT@10': '0.5937', 'NDCG@10': '0.3341', 'HIT@20': '0.7488', 'NDCG@20': '0.3734', 'MRR@5': '0.2719', 'MRR@10': '0.2719', 'MRR@20': '0.2719'}
Validation score increased.  Saving model ...
{'epoch': 66, 'rec_avg_loss': '0.6245', 'rec_cur_loss': '0.6434'}
{'Epoch': 66, 'HIT@5': '0.4156', 'NDCG@5': '0.2757', 'HIT@10': '0.5894', 'NDCG@10': '0.3321', 'HIT@20': '0.7462', 'NDCG@20': '0.3718', 'MRR@5': '0.2709', 'MRR@10': '0.2709', 'MRR@20': '0.2709'}
EarlyStopping counter: 1 out of 10
{'epoch': 67, 'rec_avg_loss': '0.6209', 'rec_cur_loss': '0.6188'}
{'Epoch': 67, 'HIT@5': '0.4202', 'NDCG@5': '0.2799', 'HIT@10': '0.5925', 'NDCG@10': '0.3357', 'HIT@20': '0.7455', 'NDCG@20': '0.3744', 'MRR@5': '0.2744', 'MRR@10': '0.2744', 'MRR@20': '0.2744'}
Validation score increased.  Saving model ...
{'epoch': 68, 'rec_avg_loss': '0.6207', 'rec_cur_loss': '0.6145'}
{'Epoch': 68, 'HIT@5': '0.4156', 'NDCG@5': '0.2751', 'HIT@10': '0.5927', 'NDCG@10': '0.3326', 'HIT@20': '0.7469', 'NDCG@20': '0.3716', 'MRR@5': '0.2702', 'MRR@10': '0.2702', 'MRR@20': '0.2702'}
EarlyStopping counter: 1 out of 10
{'epoch': 69, 'rec_avg_loss': '0.6229', 'rec_cur_loss': '0.6381'}
{'Epoch': 69, 'HIT@5': '0.4152', 'NDCG@5': '0.2744', 'HIT@10': '0.5921', 'NDCG@10': '0.3317', 'HIT@20': '0.7492', 'NDCG@20': '0.3714', 'MRR@5': '0.2694', 'MRR@10': '0.2694', 'MRR@20': '0.2694'}
EarlyStopping counter: 2 out of 10
{'epoch': 70, 'rec_avg_loss': '0.6217', 'rec_cur_loss': '0.5937'}
{'Epoch': 70, 'HIT@5': '0.4189', 'NDCG@5': '0.2749', 'HIT@10': '0.5891', 'NDCG@10': '0.3300', 'HIT@20': '0.7495', 'NDCG@20': '0.3707', 'MRR@5': '0.2683', 'MRR@10': '0.2683', 'MRR@20': '0.2683'}
EarlyStopping counter: 3 out of 10
{'epoch': 71, 'rec_avg_loss': '0.6195', 'rec_cur_loss': '0.6345'}
{'Epoch': 71, 'HIT@5': '0.4175', 'NDCG@5': '0.2752', 'HIT@10': '0.5896', 'NDCG@10': '0.3309', 'HIT@20': '0.7483', 'NDCG@20': '0.3712', 'MRR@5': '0.2693', 'MRR@10': '0.2693', 'MRR@20': '0.2693'}
EarlyStopping counter: 4 out of 10
{'epoch': 72, 'rec_avg_loss': '0.6204', 'rec_cur_loss': '0.6146'}
{'Epoch': 72, 'HIT@5': '0.4219', 'NDCG@5': '0.2791', 'HIT@10': '0.5962', 'NDCG@10': '0.3354', 'HIT@20': '0.7503', 'NDCG@20': '0.3744', 'MRR@5': '0.2728', 'MRR@10': '0.2728', 'MRR@20': '0.2728'}
EarlyStopping counter: 5 out of 10
{'epoch': 73, 'rec_avg_loss': '0.6210', 'rec_cur_loss': '0.6150'}
{'Epoch': 73, 'HIT@5': '0.4195', 'NDCG@5': '0.2781', 'HIT@10': '0.5914', 'NDCG@10': '0.3337', 'HIT@20': '0.7500', 'NDCG@20': '0.3740', 'MRR@5': '0.2724', 'MRR@10': '0.2724', 'MRR@20': '0.2724'}
EarlyStopping counter: 6 out of 10
{'epoch': 74, 'rec_avg_loss': '0.6198', 'rec_cur_loss': '0.6484'}
{'Epoch': 74, 'HIT@5': '0.4224', 'NDCG@5': '0.2799', 'HIT@10': '0.5929', 'NDCG@10': '0.3351', 'HIT@20': '0.7498', 'NDCG@20': '0.3749', 'MRR@5': '0.2735', 'MRR@10': '0.2735', 'MRR@20': '0.2735'}
EarlyStopping counter: 7 out of 10
{'epoch': 75, 'rec_avg_loss': '0.6173', 'rec_cur_loss': '0.6080'}
{'Epoch': 75, 'HIT@5': '0.4237', 'NDCG@5': '0.2802', 'HIT@10': '0.5947', 'NDCG@10': '0.3354', 'HIT@20': '0.7482', 'NDCG@20': '0.3743', 'MRR@5': '0.2733', 'MRR@10': '0.2733', 'MRR@20': '0.2733'}
EarlyStopping counter: 8 out of 10
{'epoch': 76, 'rec_avg_loss': '0.6153', 'rec_cur_loss': '0.6043'}
{'Epoch': 76, 'HIT@5': '0.4258', 'NDCG@5': '0.2817', 'HIT@10': '0.5974', 'NDCG@10': '0.3372', 'HIT@20': '0.7512', 'NDCG@20': '0.3761', 'MRR@5': '0.2746', 'MRR@10': '0.2746', 'MRR@20': '0.2746'}
Validation score increased.  Saving model ...
{'epoch': 77, 'rec_avg_loss': '0.6146', 'rec_cur_loss': '0.6301'}
{'Epoch': 77, 'HIT@5': '0.4166', 'NDCG@5': '0.2758', 'HIT@10': '0.5909', 'NDCG@10': '0.3323', 'HIT@20': '0.7452', 'NDCG@20': '0.3714', 'MRR@5': '0.2706', 'MRR@10': '0.2706', 'MRR@20': '0.2706'}
EarlyStopping counter: 1 out of 10
{'epoch': 78, 'rec_avg_loss': '0.6154', 'rec_cur_loss': '0.6082'}
{'Epoch': 78, 'HIT@5': '0.4267', 'NDCG@5': '0.2827', 'HIT@10': '0.6023', 'NDCG@10': '0.3395', 'HIT@20': '0.7520', 'NDCG@20': '0.3774', 'MRR@5': '0.2759', 'MRR@10': '0.2759', 'MRR@20': '0.2759'}
Validation score increased.  Saving model ...
{'epoch': 79, 'rec_avg_loss': '0.6157', 'rec_cur_loss': '0.6370'}
{'Epoch': 79, 'HIT@5': '0.4232', 'NDCG@5': '0.2808', 'HIT@10': '0.5965', 'NDCG@10': '0.3368', 'HIT@20': '0.7495', 'NDCG@20': '0.3756', 'MRR@5': '0.2746', 'MRR@10': '0.2746', 'MRR@20': '0.2746'}
EarlyStopping counter: 1 out of 10
{'epoch': 80, 'rec_avg_loss': '0.6140', 'rec_cur_loss': '0.6352'}
{'Epoch': 80, 'HIT@5': '0.4212', 'NDCG@5': '0.2802', 'HIT@10': '0.5955', 'NDCG@10': '0.3367', 'HIT@20': '0.7507', 'NDCG@20': '0.3760', 'MRR@5': '0.2747', 'MRR@10': '0.2747', 'MRR@20': '0.2747'}
EarlyStopping counter: 2 out of 10
{'epoch': 81, 'rec_avg_loss': '0.6153', 'rec_cur_loss': '0.6272'}
{'Epoch': 81, 'HIT@5': '0.4212', 'NDCG@5': '0.2811', 'HIT@10': '0.5964', 'NDCG@10': '0.3379', 'HIT@20': '0.7522', 'NDCG@20': '0.3773', 'MRR@5': '0.2760', 'MRR@10': '0.2760', 'MRR@20': '0.2760'}
Validation score increased.  Saving model ...
{'epoch': 82, 'rec_avg_loss': '0.6132', 'rec_cur_loss': '0.6218'}
{'Epoch': 82, 'HIT@5': '0.4243', 'NDCG@5': '0.2830', 'HIT@10': '0.6003', 'NDCG@10': '0.3399', 'HIT@20': '0.7530', 'NDCG@20': '0.3786', 'MRR@5': '0.2772', 'MRR@10': '0.2772', 'MRR@20': '0.2772'}
Validation score increased.  Saving model ...
{'epoch': 83, 'rec_avg_loss': '0.6131', 'rec_cur_loss': '0.6023'}
{'Epoch': 83, 'HIT@5': '0.4200', 'NDCG@5': '0.2781', 'HIT@10': '0.5940', 'NDCG@10': '0.3344', 'HIT@20': '0.7510', 'NDCG@20': '0.3742', 'MRR@5': '0.2724', 'MRR@10': '0.2724', 'MRR@20': '0.2724'}
EarlyStopping counter: 1 out of 10
{'epoch': 84, 'rec_avg_loss': '0.6127', 'rec_cur_loss': '0.5728'}
{'Epoch': 84, 'HIT@5': '0.4245', 'NDCG@5': '0.2838', 'HIT@10': '0.6048', 'NDCG@10': '0.3421', 'HIT@20': '0.7510', 'NDCG@20': '0.3792', 'MRR@5': '0.2785', 'MRR@10': '0.2785', 'MRR@20': '0.2785'}
Validation score increased.  Saving model ...
{'epoch': 85, 'rec_avg_loss': '0.6120', 'rec_cur_loss': '0.6264'}
{'Epoch': 85, 'HIT@5': '0.4281', 'NDCG@5': '0.2850', 'HIT@10': '0.5982', 'NDCG@10': '0.3400', 'HIT@20': '0.7530', 'NDCG@20': '0.3794', 'MRR@5': '0.2782', 'MRR@10': '0.2782', 'MRR@20': '0.2782'}
EarlyStopping counter: 1 out of 10
{'epoch': 86, 'rec_avg_loss': '0.6129', 'rec_cur_loss': '0.6306'}
{'Epoch': 86, 'HIT@5': '0.4298', 'NDCG@5': '0.2865', 'HIT@10': '0.6036', 'NDCG@10': '0.3429', 'HIT@20': '0.7545', 'NDCG@20': '0.3812', 'MRR@5': '0.2800', 'MRR@10': '0.2800', 'MRR@20': '0.2800'}
Validation score increased.  Saving model ...
{'epoch': 87, 'rec_avg_loss': '0.6101', 'rec_cur_loss': '0.6215'}
{'Epoch': 87, 'HIT@5': '0.4276', 'NDCG@5': '0.2858', 'HIT@10': '0.6048', 'NDCG@10': '0.3433', 'HIT@20': '0.7533', 'NDCG@20': '0.3810', 'MRR@5': '0.2800', 'MRR@10': '0.2800', 'MRR@20': '0.2800'}
Validation score increased.  Saving model ...
{'epoch': 88, 'rec_avg_loss': '0.6094', 'rec_cur_loss': '0.6045'}
{'Epoch': 88, 'HIT@5': '0.4313', 'NDCG@5': '0.2876', 'HIT@10': '0.6028', 'NDCG@10': '0.3431', 'HIT@20': '0.7543', 'NDCG@20': '0.3815', 'MRR@5': '0.2805', 'MRR@10': '0.2805', 'MRR@20': '0.2805'}
Validation score increased.  Saving model ...
{'epoch': 89, 'rec_avg_loss': '0.6097', 'rec_cur_loss': '0.6154'}
{'Epoch': 89, 'HIT@5': '0.4265', 'NDCG@5': '0.2857', 'HIT@10': '0.6013', 'NDCG@10': '0.3424', 'HIT@20': '0.7510', 'NDCG@20': '0.3803', 'MRR@5': '0.2801', 'MRR@10': '0.2801', 'MRR@20': '0.2801'}
EarlyStopping counter: 1 out of 10
{'epoch': 90, 'rec_avg_loss': '0.6112', 'rec_cur_loss': '0.6136'}
{'Epoch': 90, 'HIT@5': '0.4273', 'NDCG@5': '0.2854', 'HIT@10': '0.6043', 'NDCG@10': '0.3427', 'HIT@20': '0.7533', 'NDCG@20': '0.3804', 'MRR@5': '0.2794', 'MRR@10': '0.2794', 'MRR@20': '0.2794'}
EarlyStopping counter: 2 out of 10
{'epoch': 91, 'rec_avg_loss': '0.6113', 'rec_cur_loss': '0.6106'}
{'Epoch': 91, 'HIT@5': '0.4275', 'NDCG@5': '0.2854', 'HIT@10': '0.6007', 'NDCG@10': '0.3415', 'HIT@20': '0.7531', 'NDCG@20': '0.3802', 'MRR@5': '0.2792', 'MRR@10': '0.2792', 'MRR@20': '0.2792'}
EarlyStopping counter: 3 out of 10
{'epoch': 92, 'rec_avg_loss': '0.6091', 'rec_cur_loss': '0.6063'}
{'Epoch': 92, 'HIT@5': '0.4288', 'NDCG@5': '0.2867', 'HIT@10': '0.6053', 'NDCG@10': '0.3441', 'HIT@20': '0.7541', 'NDCG@20': '0.3819', 'MRR@5': '0.2809', 'MRR@10': '0.2809', 'MRR@20': '0.2809'}
Validation score increased.  Saving model ...
{'epoch': 93, 'rec_avg_loss': '0.6094', 'rec_cur_loss': '0.6102'}
{'Epoch': 93, 'HIT@5': '0.4315', 'NDCG@5': '0.2900', 'HIT@10': '0.6048', 'NDCG@10': '0.3462', 'HIT@20': '0.7550', 'NDCG@20': '0.3843', 'MRR@5': '0.2838', 'MRR@10': '0.2838', 'MRR@20': '0.2838'}
Validation score increased.  Saving model ...
{'epoch': 94, 'rec_avg_loss': '0.6066', 'rec_cur_loss': '0.6236'}
{'Epoch': 94, 'HIT@5': '0.4333', 'NDCG@5': '0.2894', 'HIT@10': '0.6071', 'NDCG@10': '0.3456', 'HIT@20': '0.7553', 'NDCG@20': '0.3831', 'MRR@5': '0.2821', 'MRR@10': '0.2821', 'MRR@20': '0.2821'}
EarlyStopping counter: 1 out of 10
{'epoch': 95, 'rec_avg_loss': '0.6111', 'rec_cur_loss': '0.6124'}
{'Epoch': 95, 'HIT@5': '0.4343', 'NDCG@5': '0.2894', 'HIT@10': '0.6094', 'NDCG@10': '0.3459', 'HIT@20': '0.7550', 'NDCG@20': '0.3828', 'MRR@5': '0.2816', 'MRR@10': '0.2816', 'MRR@20': '0.2816'}
EarlyStopping counter: 2 out of 10
{'epoch': 96, 'rec_avg_loss': '0.6080', 'rec_cur_loss': '0.5913'}
{'Epoch': 96, 'HIT@5': '0.4392', 'NDCG@5': '0.2924', 'HIT@10': '0.6073', 'NDCG@10': '0.3467', 'HIT@20': '0.7540', 'NDCG@20': '0.3839', 'MRR@5': '0.2833', 'MRR@10': '0.2833', 'MRR@20': '0.2833'}
EarlyStopping counter: 3 out of 10
{'epoch': 97, 'rec_avg_loss': '0.6056', 'rec_cur_loss': '0.6163'}
{'Epoch': 97, 'HIT@5': '0.4334', 'NDCG@5': '0.2893', 'HIT@10': '0.6071', 'NDCG@10': '0.3454', 'HIT@20': '0.7566', 'NDCG@20': '0.3833', 'MRR@5': '0.2819', 'MRR@10': '0.2819', 'MRR@20': '0.2819'}
EarlyStopping counter: 4 out of 10
{'epoch': 98, 'rec_avg_loss': '0.6058', 'rec_cur_loss': '0.6072'}
{'Epoch': 98, 'HIT@5': '0.4348', 'NDCG@5': '0.2904', 'HIT@10': '0.6036', 'NDCG@10': '0.3450', 'HIT@20': '0.7551', 'NDCG@20': '0.3835', 'MRR@5': '0.2827', 'MRR@10': '0.2827', 'MRR@20': '0.2827'}
EarlyStopping counter: 5 out of 10
{'epoch': 99, 'rec_avg_loss': '0.6076', 'rec_cur_loss': '0.6039'}
{'Epoch': 99, 'HIT@5': '0.4379', 'NDCG@5': '0.2924', 'HIT@10': '0.6131', 'NDCG@10': '0.3490', 'HIT@20': '0.7570', 'NDCG@20': '0.3855', 'MRR@5': '0.2844', 'MRR@10': '0.2844', 'MRR@20': '0.2844'}
Validation score increased.  Saving model ...
{'epoch': 100, 'rec_avg_loss': '0.6032', 'rec_cur_loss': '0.6155'}
{'Epoch': 100, 'HIT@5': '0.4381', 'NDCG@5': '0.2927', 'HIT@10': '0.6116', 'NDCG@10': '0.3488', 'HIT@20': '0.7570', 'NDCG@20': '0.3857', 'MRR@5': '0.2848', 'MRR@10': '0.2848', 'MRR@20': '0.2848'}
Validation score increased.  Saving model ...
{'epoch': 101, 'rec_avg_loss': '0.6043', 'rec_cur_loss': '0.6098'}
{'Epoch': 101, 'HIT@5': '0.4338', 'NDCG@5': '0.2901', 'HIT@10': '0.6046', 'NDCG@10': '0.3454', 'HIT@20': '0.7541', 'NDCG@20': '0.3833', 'MRR@5': '0.2827', 'MRR@10': '0.2827', 'MRR@20': '0.2827'}
EarlyStopping counter: 1 out of 10
{'epoch': 102, 'rec_avg_loss': '0.6024', 'rec_cur_loss': '0.5618'}
{'Epoch': 102, 'HIT@5': '0.4382', 'NDCG@5': '0.2930', 'HIT@10': '0.6111', 'NDCG@10': '0.3488', 'HIT@20': '0.7570', 'NDCG@20': '0.3858', 'MRR@5': '0.2850', 'MRR@10': '0.2850', 'MRR@20': '0.2850'}
Validation score increased.  Saving model ...
{'epoch': 103, 'rec_avg_loss': '0.6022', 'rec_cur_loss': '0.6047'}
{'Epoch': 103, 'HIT@5': '0.4379', 'NDCG@5': '0.2945', 'HIT@10': '0.6137', 'NDCG@10': '0.3514', 'HIT@20': '0.7575', 'NDCG@20': '0.3877', 'MRR@5': '0.2873', 'MRR@10': '0.2873', 'MRR@20': '0.2873'}
Validation score increased.  Saving model ...
{'epoch': 104, 'rec_avg_loss': '0.6009', 'rec_cur_loss': '0.6048'}
{'Epoch': 104, 'HIT@5': '0.4374', 'NDCG@5': '0.2923', 'HIT@10': '0.6131', 'NDCG@10': '0.3491', 'HIT@20': '0.7570', 'NDCG@20': '0.3856', 'MRR@5': '0.2846', 'MRR@10': '0.2846', 'MRR@20': '0.2846'}
EarlyStopping counter: 1 out of 10
{'epoch': 105, 'rec_avg_loss': '0.6014', 'rec_cur_loss': '0.6055'}
{'Epoch': 105, 'HIT@5': '0.4391', 'NDCG@5': '0.2938', 'HIT@10': '0.6134', 'NDCG@10': '0.3501', 'HIT@20': '0.7571', 'NDCG@20': '0.3865', 'MRR@5': '0.2858', 'MRR@10': '0.2858', 'MRR@20': '0.2858'}
EarlyStopping counter: 2 out of 10
{'epoch': 106, 'rec_avg_loss': '0.6012', 'rec_cur_loss': '0.5968'}
{'Epoch': 106, 'HIT@5': '0.4391', 'NDCG@5': '0.2934', 'HIT@10': '0.6154', 'NDCG@10': '0.3505', 'HIT@20': '0.7573', 'NDCG@20': '0.3864', 'MRR@5': '0.2854', 'MRR@10': '0.2854', 'MRR@20': '0.2854'}
EarlyStopping counter: 3 out of 10
{'epoch': 107, 'rec_avg_loss': '0.5977', 'rec_cur_loss': '0.6054'}
{'Epoch': 107, 'HIT@5': '0.4399', 'NDCG@5': '0.2951', 'HIT@10': '0.6157', 'NDCG@10': '0.3520', 'HIT@20': '0.7589', 'NDCG@20': '0.3883', 'MRR@5': '0.2874', 'MRR@10': '0.2874', 'MRR@20': '0.2874'}
Validation score increased.  Saving model ...
{'epoch': 108, 'rec_avg_loss': '0.5997', 'rec_cur_loss': '0.6070'}
{'Epoch': 108, 'HIT@5': '0.4425', 'NDCG@5': '0.2979', 'HIT@10': '0.6169', 'NDCG@10': '0.3542', 'HIT@20': '0.7593', 'NDCG@20': '0.3903', 'MRR@5': '0.2898', 'MRR@10': '0.2898', 'MRR@20': '0.2898'}
Validation score increased.  Saving model ...
{'epoch': 109, 'rec_avg_loss': '0.5998', 'rec_cur_loss': '0.5803'}
{'Epoch': 109, 'HIT@5': '0.4417', 'NDCG@5': '0.2964', 'HIT@10': '0.6136', 'NDCG@10': '0.3518', 'HIT@20': '0.7583', 'NDCG@20': '0.3884', 'MRR@5': '0.2878', 'MRR@10': '0.2878', 'MRR@20': '0.2878'}
EarlyStopping counter: 1 out of 10
{'epoch': 110, 'rec_avg_loss': '0.6008', 'rec_cur_loss': '0.5677'}
{'Epoch': 110, 'HIT@5': '0.4406', 'NDCG@5': '0.2958', 'HIT@10': '0.6083', 'NDCG@10': '0.3500', 'HIT@20': '0.7541', 'NDCG@20': '0.3871', 'MRR@5': '0.2875', 'MRR@10': '0.2875', 'MRR@20': '0.2875'}
EarlyStopping counter: 2 out of 10
{'epoch': 111, 'rec_avg_loss': '0.5992', 'rec_cur_loss': '0.6109'}
{'Epoch': 111, 'HIT@5': '0.4386', 'NDCG@5': '0.2945', 'HIT@10': '0.6096', 'NDCG@10': '0.3499', 'HIT@20': '0.7570', 'NDCG@20': '0.3873', 'MRR@5': '0.2869', 'MRR@10': '0.2869', 'MRR@20': '0.2869'}
EarlyStopping counter: 3 out of 10
{'epoch': 112, 'rec_avg_loss': '0.5988', 'rec_cur_loss': '0.5946'}
{'Epoch': 112, 'HIT@5': '0.4464', 'NDCG@5': '0.2987', 'HIT@10': '0.6149', 'NDCG@10': '0.3534', 'HIT@20': '0.7609', 'NDCG@20': '0.3905', 'MRR@5': '0.2895', 'MRR@10': '0.2895', 'MRR@20': '0.2895'}
EarlyStopping counter: 4 out of 10
{'epoch': 113, 'rec_avg_loss': '0.5977', 'rec_cur_loss': '0.5840'}
{'Epoch': 113, 'HIT@5': '0.4495', 'NDCG@5': '0.3014', 'HIT@10': '0.6171', 'NDCG@10': '0.3556', 'HIT@20': '0.7593', 'NDCG@20': '0.3917', 'MRR@5': '0.2915', 'MRR@10': '0.2915', 'MRR@20': '0.2915'}
Validation score increased.  Saving model ...
{'epoch': 114, 'rec_avg_loss': '0.5967', 'rec_cur_loss': '0.6168'}
{'Epoch': 114, 'HIT@5': '0.4452', 'NDCG@5': '0.2983', 'HIT@10': '0.6123', 'NDCG@10': '0.3522', 'HIT@20': '0.7608', 'NDCG@20': '0.3899', 'MRR@5': '0.2890', 'MRR@10': '0.2890', 'MRR@20': '0.2890'}
EarlyStopping counter: 1 out of 10
{'epoch': 115, 'rec_avg_loss': '0.5977', 'rec_cur_loss': '0.6131'}
{'Epoch': 115, 'HIT@5': '0.4434', 'NDCG@5': '0.2962', 'HIT@10': '0.6116', 'NDCG@10': '0.3506', 'HIT@20': '0.7578', 'NDCG@20': '0.3877', 'MRR@5': '0.2870', 'MRR@10': '0.2870', 'MRR@20': '0.2870'}
EarlyStopping counter: 2 out of 10
{'epoch': 116, 'rec_avg_loss': '0.5952', 'rec_cur_loss': '0.5861'}
{'Epoch': 116, 'HIT@5': '0.4421', 'NDCG@5': '0.2962', 'HIT@10': '0.6144', 'NDCG@10': '0.3521', 'HIT@20': '0.7589', 'NDCG@20': '0.3887', 'MRR@5': '0.2879', 'MRR@10': '0.2879', 'MRR@20': '0.2879'}
EarlyStopping counter: 3 out of 10
{'epoch': 117, 'rec_avg_loss': '0.5960', 'rec_cur_loss': '0.5841'}
{'Epoch': 117, 'HIT@5': '0.4503', 'NDCG@5': '0.3012', 'HIT@10': '0.6174', 'NDCG@10': '0.3551', 'HIT@20': '0.7598', 'NDCG@20': '0.3912', 'MRR@5': '0.2908', 'MRR@10': '0.2908', 'MRR@20': '0.2908'}
EarlyStopping counter: 4 out of 10
{'epoch': 118, 'rec_avg_loss': '0.5965', 'rec_cur_loss': '0.6185'}
{'Epoch': 118, 'HIT@5': '0.4460', 'NDCG@5': '0.2998', 'HIT@10': '0.6177', 'NDCG@10': '0.3554', 'HIT@20': '0.7627', 'NDCG@20': '0.3921', 'MRR@5': '0.2910', 'MRR@10': '0.2910', 'MRR@20': '0.2910'}
EarlyStopping counter: 5 out of 10
{'epoch': 119, 'rec_avg_loss': '0.5949', 'rec_cur_loss': '0.6250'}
{'Epoch': 119, 'HIT@5': '0.4434', 'NDCG@5': '0.2965', 'HIT@10': '0.6164', 'NDCG@10': '0.3525', 'HIT@20': '0.7608', 'NDCG@20': '0.3891', 'MRR@5': '0.2877', 'MRR@10': '0.2877', 'MRR@20': '0.2877'}
EarlyStopping counter: 6 out of 10
{'epoch': 120, 'rec_avg_loss': '0.5945', 'rec_cur_loss': '0.5995'}
{'Epoch': 120, 'HIT@5': '0.4464', 'NDCG@5': '0.2985', 'HIT@10': '0.6204', 'NDCG@10': '0.3547', 'HIT@20': '0.7589', 'NDCG@20': '0.3899', 'MRR@5': '0.2892', 'MRR@10': '0.2892', 'MRR@20': '0.2892'}
EarlyStopping counter: 7 out of 10
{'epoch': 121, 'rec_avg_loss': '0.5960', 'rec_cur_loss': '0.6095'}
{'Epoch': 121, 'HIT@5': '0.4440', 'NDCG@5': '0.2987', 'HIT@10': '0.6172', 'NDCG@10': '0.3548', 'HIT@20': '0.7579', 'NDCG@20': '0.3906', 'MRR@5': '0.2905', 'MRR@10': '0.2905', 'MRR@20': '0.2905'}
EarlyStopping counter: 8 out of 10
{'epoch': 122, 'rec_avg_loss': '0.5943', 'rec_cur_loss': '0.5815'}
{'Epoch': 122, 'HIT@5': '0.4455', 'NDCG@5': '0.2999', 'HIT@10': '0.6210', 'NDCG@10': '0.3569', 'HIT@20': '0.7609', 'NDCG@20': '0.3923', 'MRR@5': '0.2918', 'MRR@10': '0.2918', 'MRR@20': '0.2918'}
Validation score increased.  Saving model ...
{'epoch': 123, 'rec_avg_loss': '0.5941', 'rec_cur_loss': '0.6162'}
{'Epoch': 123, 'HIT@5': '0.4488', 'NDCG@5': '0.3012', 'HIT@10': '0.6194', 'NDCG@10': '0.3565', 'HIT@20': '0.7599', 'NDCG@20': '0.3922', 'MRR@5': '0.2919', 'MRR@10': '0.2919', 'MRR@20': '0.2919'}
Validation score increased.  Saving model ...
{'epoch': 124, 'rec_avg_loss': '0.5940', 'rec_cur_loss': '0.6222'}
{'Epoch': 124, 'HIT@5': '0.4498', 'NDCG@5': '0.3019', 'HIT@10': '0.6192', 'NDCG@10': '0.3567', 'HIT@20': '0.7593', 'NDCG@20': '0.3923', 'MRR@5': '0.2922', 'MRR@10': '0.2922', 'MRR@20': '0.2922'}
Validation score increased.  Saving model ...
{'epoch': 125, 'rec_avg_loss': '0.5934', 'rec_cur_loss': '0.5972'}
{'Epoch': 125, 'HIT@5': '0.4497', 'NDCG@5': '0.3028', 'HIT@10': '0.6205', 'NDCG@10': '0.3583', 'HIT@20': '0.7649', 'NDCG@20': '0.3949', 'MRR@5': '0.2939', 'MRR@10': '0.2939', 'MRR@20': '0.2939'}
Validation score increased.  Saving model ...
{'epoch': 126, 'rec_avg_loss': '0.5921', 'rec_cur_loss': '0.5831'}
{'Epoch': 126, 'HIT@5': '0.4525', 'NDCG@5': '0.3036', 'HIT@10': '0.6215', 'NDCG@10': '0.3584', 'HIT@20': '0.7609', 'NDCG@20': '0.3938', 'MRR@5': '0.2936', 'MRR@10': '0.2936', 'MRR@20': '0.2936'}
EarlyStopping counter: 1 out of 10
{'epoch': 127, 'rec_avg_loss': '0.5913', 'rec_cur_loss': '0.5670'}
{'Epoch': 127, 'HIT@5': '0.4464', 'NDCG@5': '0.2991', 'HIT@10': '0.6192', 'NDCG@10': '0.3552', 'HIT@20': '0.7601', 'NDCG@20': '0.3910', 'MRR@5': '0.2902', 'MRR@10': '0.2902', 'MRR@20': '0.2902'}
EarlyStopping counter: 2 out of 10
{'epoch': 128, 'rec_avg_loss': '0.5900', 'rec_cur_loss': '0.5656'}
{'Epoch': 128, 'HIT@5': '0.4493', 'NDCG@5': '0.3006', 'HIT@10': '0.6209', 'NDCG@10': '0.3563', 'HIT@20': '0.7594', 'NDCG@20': '0.3915', 'MRR@5': '0.2910', 'MRR@10': '0.2910', 'MRR@20': '0.2910'}
EarlyStopping counter: 3 out of 10
{'epoch': 129, 'rec_avg_loss': '0.5916', 'rec_cur_loss': '0.5905'}
{'Epoch': 129, 'HIT@5': '0.4495', 'NDCG@5': '0.3017', 'HIT@10': '0.6225', 'NDCG@10': '0.3577', 'HIT@20': '0.7606', 'NDCG@20': '0.3928', 'MRR@5': '0.2923', 'MRR@10': '0.2923', 'MRR@20': '0.2923'}
EarlyStopping counter: 4 out of 10
{'epoch': 130, 'rec_avg_loss': '0.5895', 'rec_cur_loss': '0.5978'}
{'Epoch': 130, 'HIT@5': '0.4517', 'NDCG@5': '0.3031', 'HIT@10': '0.6220', 'NDCG@10': '0.3584', 'HIT@20': '0.7621', 'NDCG@20': '0.3939', 'MRR@5': '0.2933', 'MRR@10': '0.2933', 'MRR@20': '0.2933'}
EarlyStopping counter: 5 out of 10
{'epoch': 131, 'rec_avg_loss': '0.5905', 'rec_cur_loss': '0.5683'}
{'Epoch': 131, 'HIT@5': '0.4503', 'NDCG@5': '0.3031', 'HIT@10': '0.6199', 'NDCG@10': '0.3581', 'HIT@20': '0.7601', 'NDCG@20': '0.3937', 'MRR@5': '0.2938', 'MRR@10': '0.2938', 'MRR@20': '0.2938'}
EarlyStopping counter: 6 out of 10
{'epoch': 132, 'rec_avg_loss': '0.5887', 'rec_cur_loss': '0.6018'}
{'Epoch': 132, 'HIT@5': '0.4523', 'NDCG@5': '0.3044', 'HIT@10': '0.6248', 'NDCG@10': '0.3604', 'HIT@20': '0.7609', 'NDCG@20': '0.3950', 'MRR@5': '0.2950', 'MRR@10': '0.2950', 'MRR@20': '0.2950'}
Validation score increased.  Saving model ...
{'epoch': 133, 'rec_avg_loss': '0.5889', 'rec_cur_loss': '0.5777'}
{'Epoch': 133, 'HIT@5': '0.4555', 'NDCG@5': '0.3068', 'HIT@10': '0.6280', 'NDCG@10': '0.3626', 'HIT@20': '0.7634', 'NDCG@20': '0.3969', 'MRR@5': '0.2967', 'MRR@10': '0.2967', 'MRR@20': '0.2967'}
Validation score increased.  Saving model ...
{'epoch': 134, 'rec_avg_loss': '0.5881', 'rec_cur_loss': '0.5789'}
{'Epoch': 134, 'HIT@5': '0.4495', 'NDCG@5': '0.3001', 'HIT@10': '0.6177', 'NDCG@10': '0.3545', 'HIT@20': '0.7573', 'NDCG@20': '0.3900', 'MRR@5': '0.2897', 'MRR@10': '0.2897', 'MRR@20': '0.2897'}
EarlyStopping counter: 1 out of 10
{'epoch': 135, 'rec_avg_loss': '0.5884', 'rec_cur_loss': '0.5795'}
{'Epoch': 135, 'HIT@5': '0.4525', 'NDCG@5': '0.3027', 'HIT@10': '0.6225', 'NDCG@10': '0.3578', 'HIT@20': '0.7629', 'NDCG@20': '0.3934', 'MRR@5': '0.2924', 'MRR@10': '0.2924', 'MRR@20': '0.2924'}
EarlyStopping counter: 2 out of 10
{'epoch': 136, 'rec_avg_loss': '0.5873', 'rec_cur_loss': '0.5906'}
{'Epoch': 136, 'HIT@5': '0.4533', 'NDCG@5': '0.3049', 'HIT@10': '0.6225', 'NDCG@10': '0.3598', 'HIT@20': '0.7636', 'NDCG@20': '0.3956', 'MRR@5': '0.2950', 'MRR@10': '0.2950', 'MRR@20': '0.2950'}
EarlyStopping counter: 3 out of 10
{'epoch': 137, 'rec_avg_loss': '0.5884', 'rec_cur_loss': '0.5868'}
{'Epoch': 137, 'HIT@5': '0.4483', 'NDCG@5': '0.3015', 'HIT@10': '0.6214', 'NDCG@10': '0.3578', 'HIT@20': '0.7623', 'NDCG@20': '0.3936', 'MRR@5': '0.2928', 'MRR@10': '0.2928', 'MRR@20': '0.2928'}
EarlyStopping counter: 4 out of 10
{'epoch': 138, 'rec_avg_loss': '0.5868', 'rec_cur_loss': '0.5814'}
{'Epoch': 138, 'HIT@5': '0.4550', 'NDCG@5': '0.3064', 'HIT@10': '0.6238', 'NDCG@10': '0.3612', 'HIT@20': '0.7608', 'NDCG@20': '0.3960', 'MRR@5': '0.2963', 'MRR@10': '0.2963', 'MRR@20': '0.2963'}
EarlyStopping counter: 5 out of 10
{'epoch': 139, 'rec_avg_loss': '0.5874', 'rec_cur_loss': '0.6045'}
{'Epoch': 139, 'HIT@5': '0.4503', 'NDCG@5': '0.3023', 'HIT@10': '0.6232', 'NDCG@10': '0.3583', 'HIT@20': '0.7616', 'NDCG@20': '0.3934', 'MRR@5': '0.2929', 'MRR@10': '0.2929', 'MRR@20': '0.2929'}
EarlyStopping counter: 6 out of 10
{'epoch': 140, 'rec_avg_loss': '0.5866', 'rec_cur_loss': '0.5892'}
{'Epoch': 140, 'HIT@5': '0.4507', 'NDCG@5': '0.3030', 'HIT@10': '0.6237', 'NDCG@10': '0.3593', 'HIT@20': '0.7632', 'NDCG@20': '0.3946', 'MRR@5': '0.2939', 'MRR@10': '0.2939', 'MRR@20': '0.2939'}
EarlyStopping counter: 7 out of 10
{'epoch': 141, 'rec_avg_loss': '0.5857', 'rec_cur_loss': '0.6050'}
{'Epoch': 141, 'HIT@5': '0.4487', 'NDCG@5': '0.3039', 'HIT@10': '0.6248', 'NDCG@10': '0.3613', 'HIT@20': '0.7649', 'NDCG@20': '0.3968', 'MRR@5': '0.2962', 'MRR@10': '0.2962', 'MRR@20': '0.2962'}
EarlyStopping counter: 8 out of 10
{'epoch': 142, 'rec_avg_loss': '0.5843', 'rec_cur_loss': '0.5726'}
{'Epoch': 142, 'HIT@5': '0.4536', 'NDCG@5': '0.3050', 'HIT@10': '0.6242', 'NDCG@10': '0.3605', 'HIT@20': '0.7621', 'NDCG@20': '0.3956', 'MRR@5': '0.2953', 'MRR@10': '0.2953', 'MRR@20': '0.2953'}
EarlyStopping counter: 9 out of 10
{'epoch': 143, 'rec_avg_loss': '0.5823', 'rec_cur_loss': '0.5607'}
{'Epoch': 143, 'HIT@5': '0.4571', 'NDCG@5': '0.3090', 'HIT@10': '0.6285', 'NDCG@10': '0.3646', 'HIT@20': '0.7649', 'NDCG@20': '0.3993', 'MRR@5': '0.2993', 'MRR@10': '0.2993', 'MRR@20': '0.2993'}
Validation score increased.  Saving model ...
{'epoch': 144, 'rec_avg_loss': '0.5829', 'rec_cur_loss': '0.5739'}
{'Epoch': 144, 'HIT@5': '0.4535', 'NDCG@5': '0.3063', 'HIT@10': '0.6230', 'NDCG@10': '0.3614', 'HIT@20': '0.7646', 'NDCG@20': '0.3973', 'MRR@5': '0.2969', 'MRR@10': '0.2969', 'MRR@20': '0.2969'}
EarlyStopping counter: 1 out of 10
{'epoch': 145, 'rec_avg_loss': '0.5822', 'rec_cur_loss': '0.5658'}
{'Epoch': 145, 'HIT@5': '0.4513', 'NDCG@5': '0.3029', 'HIT@10': '0.6240', 'NDCG@10': '0.3589', 'HIT@20': '0.7646', 'NDCG@20': '0.3947', 'MRR@5': '0.2935', 'MRR@10': '0.2935', 'MRR@20': '0.2935'}
EarlyStopping counter: 2 out of 10
{'epoch': 146, 'rec_avg_loss': '0.5822', 'rec_cur_loss': '0.5649'}
{'Epoch': 146, 'HIT@5': '0.4545', 'NDCG@5': '0.3063', 'HIT@10': '0.6276', 'NDCG@10': '0.3623', 'HIT@20': '0.7659', 'NDCG@20': '0.3973', 'MRR@5': '0.2965', 'MRR@10': '0.2965', 'MRR@20': '0.2965'}
EarlyStopping counter: 3 out of 10
{'epoch': 147, 'rec_avg_loss': '0.5821', 'rec_cur_loss': '0.5574'}
{'Epoch': 147, 'HIT@5': '0.4571', 'NDCG@5': '0.3092', 'HIT@10': '0.6296', 'NDCG@10': '0.3652', 'HIT@20': '0.7677', 'NDCG@20': '0.4003', 'MRR@5': '0.2996', 'MRR@10': '0.2996', 'MRR@20': '0.2996'}
Validation score increased.  Saving model ...
{'epoch': 148, 'rec_avg_loss': '0.5827', 'rec_cur_loss': '0.5695'}
{'Epoch': 148, 'HIT@5': '0.4536', 'NDCG@5': '0.3059', 'HIT@10': '0.6250', 'NDCG@10': '0.3615', 'HIT@20': '0.7675', 'NDCG@20': '0.3978', 'MRR@5': '0.2966', 'MRR@10': '0.2966', 'MRR@20': '0.2966'}
EarlyStopping counter: 1 out of 10
{'epoch': 149, 'rec_avg_loss': '0.5799', 'rec_cur_loss': '0.5925'}
{'Epoch': 149, 'HIT@5': '0.4586', 'NDCG@5': '0.3092', 'HIT@10': '0.6262', 'NDCG@10': '0.3636', 'HIT@20': '0.7664', 'NDCG@20': '0.3993', 'MRR@5': '0.2987', 'MRR@10': '0.2987', 'MRR@20': '0.2987'}
EarlyStopping counter: 2 out of 10
{'epoch': 150, 'rec_avg_loss': '0.5810', 'rec_cur_loss': '0.5762'}
{'Epoch': 150, 'HIT@5': '0.4586', 'NDCG@5': '0.3086', 'HIT@10': '0.6308', 'NDCG@10': '0.3644', 'HIT@20': '0.7656', 'NDCG@20': '0.3987', 'MRR@5': '0.2980', 'MRR@10': '0.2980', 'MRR@20': '0.2980'}
EarlyStopping counter: 3 out of 10
{'epoch': 151, 'rec_avg_loss': '0.5814', 'rec_cur_loss': '0.5741'}
{'Epoch': 151, 'HIT@5': '0.4561', 'NDCG@5': '0.3065', 'HIT@10': '0.6243', 'NDCG@10': '0.3614', 'HIT@20': '0.7641', 'NDCG@20': '0.3970', 'MRR@5': '0.2965', 'MRR@10': '0.2965', 'MRR@20': '0.2965'}
EarlyStopping counter: 4 out of 10
{'epoch': 152, 'rec_avg_loss': '0.5821', 'rec_cur_loss': '0.5908'}
{'Epoch': 152, 'HIT@5': '0.4623', 'NDCG@5': '0.3105', 'HIT@10': '0.6333', 'NDCG@10': '0.3659', 'HIT@20': '0.7682', 'NDCG@20': '0.4001', 'MRR@5': '0.2990', 'MRR@10': '0.2990', 'MRR@20': '0.2990'}
EarlyStopping counter: 5 out of 10
{'epoch': 153, 'rec_avg_loss': '0.5804', 'rec_cur_loss': '0.5642'}
{'Epoch': 153, 'HIT@5': '0.4584', 'NDCG@5': '0.3085', 'HIT@10': '0.6267', 'NDCG@10': '0.3632', 'HIT@20': '0.7671', 'NDCG@20': '0.3989', 'MRR@5': '0.2980', 'MRR@10': '0.2980', 'MRR@20': '0.2980'}
EarlyStopping counter: 6 out of 10
{'epoch': 154, 'rec_avg_loss': '0.5794', 'rec_cur_loss': '0.5872'}
{'Epoch': 154, 'HIT@5': '0.4657', 'NDCG@5': '0.3147', 'HIT@10': '0.6346', 'NDCG@10': '0.3695', 'HIT@20': '0.7709', 'NDCG@20': '0.4040', 'MRR@5': '0.3032', 'MRR@10': '0.3032', 'MRR@20': '0.3032'}
Validation score increased.  Saving model ...
{'epoch': 155, 'rec_avg_loss': '0.5787', 'rec_cur_loss': '0.5939'}
{'Epoch': 155, 'HIT@5': '0.4593', 'NDCG@5': '0.3109', 'HIT@10': '0.6338', 'NDCG@10': '0.3675', 'HIT@20': '0.7669', 'NDCG@20': '0.4012', 'MRR@5': '0.3009', 'MRR@10': '0.3009', 'MRR@20': '0.3009'}
EarlyStopping counter: 1 out of 10
{'epoch': 156, 'rec_avg_loss': '0.5794', 'rec_cur_loss': '0.5814'}
{'Epoch': 156, 'HIT@5': '0.4606', 'NDCG@5': '0.3117', 'HIT@10': '0.6325', 'NDCG@10': '0.3676', 'HIT@20': '0.7699', 'NDCG@20': '0.4025', 'MRR@5': '0.3016', 'MRR@10': '0.3016', 'MRR@20': '0.3016'}
EarlyStopping counter: 2 out of 10
{'epoch': 157, 'rec_avg_loss': '0.5767', 'rec_cur_loss': '0.5801'}
{'Epoch': 157, 'HIT@5': '0.4639', 'NDCG@5': '0.3144', 'HIT@10': '0.6331', 'NDCG@10': '0.3695', 'HIT@20': '0.7680', 'NDCG@20': '0.4037', 'MRR@5': '0.3038', 'MRR@10': '0.3038', 'MRR@20': '0.3038'}
Validation score increased.  Saving model ...
{'epoch': 158, 'rec_avg_loss': '0.5776', 'rec_cur_loss': '0.5636'}
{'Epoch': 158, 'HIT@5': '0.4561', 'NDCG@5': '0.3097', 'HIT@10': '0.6303', 'NDCG@10': '0.3663', 'HIT@20': '0.7675', 'NDCG@20': '0.4011', 'MRR@5': '0.3008', 'MRR@10': '0.3008', 'MRR@20': '0.3008'}
EarlyStopping counter: 1 out of 10
{'epoch': 159, 'rec_avg_loss': '0.5774', 'rec_cur_loss': '0.5827'}
{'Epoch': 159, 'HIT@5': '0.4601', 'NDCG@5': '0.3119', 'HIT@10': '0.6333', 'NDCG@10': '0.3683', 'HIT@20': '0.7692', 'NDCG@20': '0.4027', 'MRR@5': '0.3022', 'MRR@10': '0.3022', 'MRR@20': '0.3022'}
EarlyStopping counter: 2 out of 10
{'epoch': 160, 'rec_avg_loss': '0.5767', 'rec_cur_loss': '0.5732'}
{'Epoch': 160, 'HIT@5': '0.4651', 'NDCG@5': '0.3138', 'HIT@10': '0.6334', 'NDCG@10': '0.3684', 'HIT@20': '0.7661', 'NDCG@20': '0.4019', 'MRR@5': '0.3021', 'MRR@10': '0.3021', 'MRR@20': '0.3021'}
EarlyStopping counter: 3 out of 10
{'epoch': 161, 'rec_avg_loss': '0.5764', 'rec_cur_loss': '0.5567'}
{'Epoch': 161, 'HIT@5': '0.4652', 'NDCG@5': '0.3139', 'HIT@10': '0.6316', 'NDCG@10': '0.3680', 'HIT@20': '0.7707', 'NDCG@20': '0.4034', 'MRR@5': '0.3024', 'MRR@10': '0.3024', 'MRR@20': '0.3024'}
EarlyStopping counter: 4 out of 10
{'epoch': 162, 'rec_avg_loss': '0.5751', 'rec_cur_loss': '0.5688'}
{'Epoch': 162, 'HIT@5': '0.4649', 'NDCG@5': '0.3131', 'HIT@10': '0.6295', 'NDCG@10': '0.3665', 'HIT@20': '0.7692', 'NDCG@20': '0.4021', 'MRR@5': '0.3013', 'MRR@10': '0.3013', 'MRR@20': '0.3013'}
EarlyStopping counter: 5 out of 10
{'epoch': 163, 'rec_avg_loss': '0.5747', 'rec_cur_loss': '0.5609'}
{'Epoch': 163, 'HIT@5': '0.4632', 'NDCG@5': '0.3101', 'HIT@10': '0.6296', 'NDCG@10': '0.3641', 'HIT@20': '0.7680', 'NDCG@20': '0.3993', 'MRR@5': '0.2981', 'MRR@10': '0.2981', 'MRR@20': '0.2981'}
EarlyStopping counter: 6 out of 10
{'epoch': 164, 'rec_avg_loss': '0.5768', 'rec_cur_loss': '0.5732'}
{'Epoch': 164, 'HIT@5': '0.4649', 'NDCG@5': '0.3131', 'HIT@10': '0.6356', 'NDCG@10': '0.3686', 'HIT@20': '0.7690', 'NDCG@20': '0.4025', 'MRR@5': '0.3017', 'MRR@10': '0.3017', 'MRR@20': '0.3017'}
EarlyStopping counter: 7 out of 10
{'epoch': 165, 'rec_avg_loss': '0.5775', 'rec_cur_loss': '0.5467'}
{'Epoch': 165, 'HIT@5': '0.4667', 'NDCG@5': '0.3128', 'HIT@10': '0.6323', 'NDCG@10': '0.3666', 'HIT@20': '0.7684', 'NDCG@20': '0.4013', 'MRR@5': '0.3003', 'MRR@10': '0.3003', 'MRR@20': '0.3003'}
EarlyStopping counter: 8 out of 10
{'epoch': 166, 'rec_avg_loss': '0.5761', 'rec_cur_loss': '0.5961'}
{'Epoch': 166, 'HIT@5': '0.4659', 'NDCG@5': '0.3144', 'HIT@10': '0.6379', 'NDCG@10': '0.3703', 'HIT@20': '0.7709', 'NDCG@20': '0.4041', 'MRR@5': '0.3031', 'MRR@10': '0.3031', 'MRR@20': '0.3031'}
EarlyStopping counter: 9 out of 10
{'epoch': 167, 'rec_avg_loss': '0.5738', 'rec_cur_loss': '0.5592'}
{'Epoch': 167, 'HIT@5': '0.4657', 'NDCG@5': '0.3119', 'HIT@10': '0.6306', 'NDCG@10': '0.3655', 'HIT@20': '0.7692', 'NDCG@20': '0.4007', 'MRR@5': '0.2995', 'MRR@10': '0.2995', 'MRR@20': '0.2995'}
EarlyStopping counter: 10 out of 10
Early stopping
---------------Sample 99 results-------------------
{'Epoch': 0, 'HIT@5': '0.4301', 'NDCG@5': '0.2923', 'HIT@10': '0.5947', 'NDCG@10': '0.3457', 'HIT@20': '0.7430', 'NDCG@20': '0.3833', 'MRR@5': '0.2861', 'MRR@10': '0.2861', 'MRR@20': '0.2861'}
Finetune_sample-ml-1m-80
{'Epoch': 0, 'HIT@5': '0.4301', 'NDCG@5': '0.2923', 'HIT@10': '0.5947', 'NDCG@10': '0.3457', 'HIT@20': '0.7430', 'NDCG@20': '0.3833', 'MRR@5': '0.2861', 'MRR@10': '0.2861', 'MRR@20': '0.2861'}
