Namespace(adam_beta1=0.9, adam_beta2=0.999, attention_probs_dropout_prob=0.2, batch_size=128, ckp=110, cuda_condition=True, data_dir='./data/', data_file='./data/ml-1m.txt', data_name='ml-1m', do_eval=False, epochs=300, gpu_id='0', hidden_act='gelu', hidden_dropout_prob=0.2, hidden_size=64, initializer_range=0.02, item_size=3418, log_file='output/Finetune_sample-ml-1m-110-3layer_05.txt', log_freq=1, lr=0.001, mask_id=3417, max_seq_length=50, model_name='Finetune_sample', no_cuda=False, num_attention_heads=1, num_hidden_layers=3, output_dir='output/', sample_file='./data/ml-1m_sample.txt', seed=42, weight_decay=0.0)
Total Parameters: 388672
Load Checkpoint From output/ml-1m-epochs-110-3layer_05.pt!
{'epoch': 0, 'rec_avg_loss': '0.9841', 'rec_cur_loss': '0.9027'}
{'Epoch': 0, 'HIT@5': '0.2457', 'NDCG@5': '0.1550', 'HIT@10': '0.4060', 'NDCG@10': '0.2066', 'HIT@20': '0.5998', 'NDCG@20': '0.2555', 'MRR@5': '0.1705', 'MRR@10': '0.1705', 'MRR@20': '0.1705'}
Validation score increased.  Saving model ...
{'epoch': 1, 'rec_avg_loss': '0.7173', 'rec_cur_loss': '0.6727'}
{'Epoch': 1, 'HIT@5': '0.3505', 'NDCG@5': '0.2257', 'HIT@10': '0.5283', 'NDCG@10': '0.2832', 'HIT@20': '0.7053', 'NDCG@20': '0.3282', 'MRR@5': '0.2288', 'MRR@10': '0.2288', 'MRR@20': '0.2288'}
Validation score increased.  Saving model ...
{'epoch': 2, 'rec_avg_loss': '0.6576', 'rec_cur_loss': '0.6716'}
{'Epoch': 2, 'HIT@5': '0.3980', 'NDCG@5': '0.2563', 'HIT@10': '0.5755', 'NDCG@10': '0.3134', 'HIT@20': '0.7387', 'NDCG@20': '0.3548', 'MRR@5': '0.2516', 'MRR@10': '0.2516', 'MRR@20': '0.2516'}
Validation score increased.  Saving model ...
{'epoch': 3, 'rec_avg_loss': '0.6265', 'rec_cur_loss': '0.6101'}
{'Epoch': 3, 'HIT@5': '0.4195', 'NDCG@5': '0.2722', 'HIT@10': '0.6036', 'NDCG@10': '0.3316', 'HIT@20': '0.7526', 'NDCG@20': '0.3694', 'MRR@5': '0.2653', 'MRR@10': '0.2653', 'MRR@20': '0.2653'}
Validation score increased.  Saving model ...
{'epoch': 4, 'rec_avg_loss': '0.6084', 'rec_cur_loss': '0.5947'}
{'Epoch': 4, 'HIT@5': '0.4358', 'NDCG@5': '0.2831', 'HIT@10': '0.6136', 'NDCG@10': '0.3404', 'HIT@20': '0.7611', 'NDCG@20': '0.3778', 'MRR@5': '0.2731', 'MRR@10': '0.2731', 'MRR@20': '0.2731'}
Validation score increased.  Saving model ...
{'epoch': 5, 'rec_avg_loss': '0.5937', 'rec_cur_loss': '0.6049'}
{'Epoch': 5, 'HIT@5': '0.4520', 'NDCG@5': '0.2962', 'HIT@10': '0.6320', 'NDCG@10': '0.3546', 'HIT@20': '0.7652', 'NDCG@20': '0.3886', 'MRR@5': '0.2849', 'MRR@10': '0.2849', 'MRR@20': '0.2849'}
Validation score increased.  Saving model ...
{'epoch': 6, 'rec_avg_loss': '0.5858', 'rec_cur_loss': '0.6437'}
{'Epoch': 6, 'HIT@5': '0.4636', 'NDCG@5': '0.3038', 'HIT@10': '0.6419', 'NDCG@10': '0.3615', 'HIT@20': '0.7709', 'NDCG@20': '0.3941', 'MRR@5': '0.2902', 'MRR@10': '0.2902', 'MRR@20': '0.2902'}
Validation score increased.  Saving model ...
{'epoch': 7, 'rec_avg_loss': '0.5773', 'rec_cur_loss': '0.6251'}
{'Epoch': 7, 'HIT@5': '0.4704', 'NDCG@5': '0.3080', 'HIT@10': '0.6452', 'NDCG@10': '0.3647', 'HIT@20': '0.7753', 'NDCG@20': '0.3977', 'MRR@5': '0.2932', 'MRR@10': '0.2932', 'MRR@20': '0.2932'}
Validation score increased.  Saving model ...
{'epoch': 8, 'rec_avg_loss': '0.5702', 'rec_cur_loss': '0.5706'}
{'Epoch': 8, 'HIT@5': '0.4720', 'NDCG@5': '0.3108', 'HIT@10': '0.6492', 'NDCG@10': '0.3682', 'HIT@20': '0.7740', 'NDCG@20': '0.4000', 'MRR@5': '0.2963', 'MRR@10': '0.2963', 'MRR@20': '0.2963'}
Validation score increased.  Saving model ...
{'epoch': 9, 'rec_avg_loss': '0.5625', 'rec_cur_loss': '0.6260'}
{'Epoch': 9, 'HIT@5': '0.4873', 'NDCG@5': '0.3213', 'HIT@10': '0.6502', 'NDCG@10': '0.3742', 'HIT@20': '0.7772', 'NDCG@20': '0.4065', 'MRR@5': '0.3036', 'MRR@10': '0.3036', 'MRR@20': '0.3036'}
Validation score increased.  Saving model ...
{'epoch': 10, 'rec_avg_loss': '0.5567', 'rec_cur_loss': '0.5650'}
{'Epoch': 10, 'HIT@5': '0.4861', 'NDCG@5': '0.3190', 'HIT@10': '0.6505', 'NDCG@10': '0.3724', 'HIT@20': '0.7760', 'NDCG@20': '0.4044', 'MRR@5': '0.3011', 'MRR@10': '0.3011', 'MRR@20': '0.3011'}
EarlyStopping counter: 1 out of 10
{'epoch': 11, 'rec_avg_loss': '0.5508', 'rec_cur_loss': '0.4945'}
{'Epoch': 11, 'HIT@5': '0.4886', 'NDCG@5': '0.3215', 'HIT@10': '0.6538', 'NDCG@10': '0.3752', 'HIT@20': '0.7783', 'NDCG@20': '0.4068', 'MRR@5': '0.3035', 'MRR@10': '0.3035', 'MRR@20': '0.3035'}
EarlyStopping counter: 2 out of 10
{'epoch': 12, 'rec_avg_loss': '0.5495', 'rec_cur_loss': '0.5694'}
{'Epoch': 12, 'HIT@5': '0.4886', 'NDCG@5': '0.3220', 'HIT@10': '0.6568', 'NDCG@10': '0.3768', 'HIT@20': '0.7849', 'NDCG@20': '0.4094', 'MRR@5': '0.3047', 'MRR@10': '0.3047', 'MRR@20': '0.3047'}
Validation score increased.  Saving model ...
{'epoch': 13, 'rec_avg_loss': '0.5428', 'rec_cur_loss': '0.5177'}
{'Epoch': 13, 'HIT@5': '0.4945', 'NDCG@5': '0.3265', 'HIT@10': '0.6536', 'NDCG@10': '0.3783', 'HIT@20': '0.7841', 'NDCG@20': '0.4114', 'MRR@5': '0.3076', 'MRR@10': '0.3076', 'MRR@20': '0.3076'}
Validation score increased.  Saving model ...
{'epoch': 14, 'rec_avg_loss': '0.5410', 'rec_cur_loss': '0.4789'}
{'Epoch': 14, 'HIT@5': '0.4922', 'NDCG@5': '0.3262', 'HIT@10': '0.6604', 'NDCG@10': '0.3808', 'HIT@20': '0.7826', 'NDCG@20': '0.4118', 'MRR@5': '0.3086', 'MRR@10': '0.3086', 'MRR@20': '0.3086'}
Validation score increased.  Saving model ...
{'epoch': 15, 'rec_avg_loss': '0.5395', 'rec_cur_loss': '0.5576'}
{'Epoch': 15, 'HIT@5': '0.4990', 'NDCG@5': '0.3321', 'HIT@10': '0.6634', 'NDCG@10': '0.3856', 'HIT@20': '0.7858', 'NDCG@20': '0.4166', 'MRR@5': '0.3135', 'MRR@10': '0.3135', 'MRR@20': '0.3135'}
Validation score increased.  Saving model ...
{'epoch': 16, 'rec_avg_loss': '0.5360', 'rec_cur_loss': '0.6033'}
{'Epoch': 16, 'HIT@5': '0.5012', 'NDCG@5': '0.3342', 'HIT@10': '0.6652', 'NDCG@10': '0.3875', 'HIT@20': '0.7877', 'NDCG@20': '0.4186', 'MRR@5': '0.3154', 'MRR@10': '0.3154', 'MRR@20': '0.3154'}
Validation score increased.  Saving model ...
{'epoch': 17, 'rec_avg_loss': '0.5332', 'rec_cur_loss': '0.5424'}
{'Epoch': 17, 'HIT@5': '0.5033', 'NDCG@5': '0.3360', 'HIT@10': '0.6659', 'NDCG@10': '0.3889', 'HIT@20': '0.7873', 'NDCG@20': '0.4198', 'MRR@5': '0.3171', 'MRR@10': '0.3171', 'MRR@20': '0.3171'}
Validation score increased.  Saving model ...
{'epoch': 18, 'rec_avg_loss': '0.5290', 'rec_cur_loss': '0.5483'}
{'Epoch': 18, 'HIT@5': '0.5026', 'NDCG@5': '0.3331', 'HIT@10': '0.6632', 'NDCG@10': '0.3851', 'HIT@20': '0.7866', 'NDCG@20': '0.4164', 'MRR@5': '0.3131', 'MRR@10': '0.3131', 'MRR@20': '0.3131'}
EarlyStopping counter: 1 out of 10
{'epoch': 19, 'rec_avg_loss': '0.5276', 'rec_cur_loss': '0.5911'}
{'Epoch': 19, 'HIT@5': '0.5111', 'NDCG@5': '0.3425', 'HIT@10': '0.6659', 'NDCG@10': '0.3930', 'HIT@20': '0.7871', 'NDCG@20': '0.4238', 'MRR@5': '0.3222', 'MRR@10': '0.3222', 'MRR@20': '0.3222'}
Validation score increased.  Saving model ...
{'epoch': 20, 'rec_avg_loss': '0.5273', 'rec_cur_loss': '0.5576'}
{'Epoch': 20, 'HIT@5': '0.5101', 'NDCG@5': '0.3406', 'HIT@10': '0.6680', 'NDCG@10': '0.3920', 'HIT@20': '0.7876', 'NDCG@20': '0.4223', 'MRR@5': '0.3202', 'MRR@10': '0.3202', 'MRR@20': '0.3202'}
EarlyStopping counter: 1 out of 10
{'epoch': 21, 'rec_avg_loss': '0.5243', 'rec_cur_loss': '0.5889'}
{'Epoch': 21, 'HIT@5': '0.5091', 'NDCG@5': '0.3406', 'HIT@10': '0.6692', 'NDCG@10': '0.3929', 'HIT@20': '0.7881', 'NDCG@20': '0.4230', 'MRR@5': '0.3208', 'MRR@10': '0.3208', 'MRR@20': '0.3208'}
EarlyStopping counter: 2 out of 10
{'epoch': 22, 'rec_avg_loss': '0.5194', 'rec_cur_loss': '0.5021'}
{'Epoch': 22, 'HIT@5': '0.5127', 'NDCG@5': '0.3422', 'HIT@10': '0.6697', 'NDCG@10': '0.3933', 'HIT@20': '0.7916', 'NDCG@20': '0.4243', 'MRR@5': '0.3215', 'MRR@10': '0.3215', 'MRR@20': '0.3215'}
EarlyStopping counter: 3 out of 10
{'epoch': 23, 'rec_avg_loss': '0.5204', 'rec_cur_loss': '0.5403'}
{'Epoch': 23, 'HIT@5': '0.5156', 'NDCG@5': '0.3451', 'HIT@10': '0.6697', 'NDCG@10': '0.3953', 'HIT@20': '0.7907', 'NDCG@20': '0.4261', 'MRR@5': '0.3240', 'MRR@10': '0.3240', 'MRR@20': '0.3240'}
Validation score increased.  Saving model ...
{'epoch': 24, 'rec_avg_loss': '0.5167', 'rec_cur_loss': '0.5450'}
{'Epoch': 24, 'HIT@5': '0.5132', 'NDCG@5': '0.3439', 'HIT@10': '0.6707', 'NDCG@10': '0.3953', 'HIT@20': '0.7902', 'NDCG@20': '0.4257', 'MRR@5': '0.3236', 'MRR@10': '0.3236', 'MRR@20': '0.3236'}
EarlyStopping counter: 1 out of 10
{'epoch': 25, 'rec_avg_loss': '0.5141', 'rec_cur_loss': '0.5981'}
{'Epoch': 25, 'HIT@5': '0.5164', 'NDCG@5': '0.3484', 'HIT@10': '0.6709', 'NDCG@10': '0.3989', 'HIT@20': '0.7930', 'NDCG@20': '0.4299', 'MRR@5': '0.3283', 'MRR@10': '0.3283', 'MRR@20': '0.3283'}
Validation score increased.  Saving model ...
{'epoch': 26, 'rec_avg_loss': '0.5133', 'rec_cur_loss': '0.4739'}
{'Epoch': 26, 'HIT@5': '0.5152', 'NDCG@5': '0.3481', 'HIT@10': '0.6710', 'NDCG@10': '0.3988', 'HIT@20': '0.7924', 'NDCG@20': '0.4297', 'MRR@5': '0.3281', 'MRR@10': '0.3281', 'MRR@20': '0.3281'}
EarlyStopping counter: 1 out of 10
{'epoch': 27, 'rec_avg_loss': '0.5093', 'rec_cur_loss': '0.4803'}
{'Epoch': 27, 'HIT@5': '0.5252', 'NDCG@5': '0.3529', 'HIT@10': '0.6781', 'NDCG@10': '0.4026', 'HIT@20': '0.7959', 'NDCG@20': '0.4325', 'MRR@5': '0.3304', 'MRR@10': '0.3304', 'MRR@20': '0.3304'}
Validation score increased.  Saving model ...
{'epoch': 28, 'rec_avg_loss': '0.5081', 'rec_cur_loss': '0.4781'}
{'Epoch': 28, 'HIT@5': '0.5214', 'NDCG@5': '0.3498', 'HIT@10': '0.6743', 'NDCG@10': '0.3994', 'HIT@20': '0.7947', 'NDCG@20': '0.4300', 'MRR@5': '0.3277', 'MRR@10': '0.3277', 'MRR@20': '0.3277'}
EarlyStopping counter: 1 out of 10
{'epoch': 29, 'rec_avg_loss': '0.5070', 'rec_cur_loss': '0.5385'}
{'Epoch': 29, 'HIT@5': '0.5162', 'NDCG@5': '0.3470', 'HIT@10': '0.6700', 'NDCG@10': '0.3971', 'HIT@20': '0.7935', 'NDCG@20': '0.4285', 'MRR@5': '0.3262', 'MRR@10': '0.3262', 'MRR@20': '0.3262'}
EarlyStopping counter: 2 out of 10
{'epoch': 30, 'rec_avg_loss': '0.5081', 'rec_cur_loss': '0.5295'}
{'Epoch': 30, 'HIT@5': '0.5276', 'NDCG@5': '0.3546', 'HIT@10': '0.6750', 'NDCG@10': '0.4024', 'HIT@20': '0.7955', 'NDCG@20': '0.4330', 'MRR@5': '0.3313', 'MRR@10': '0.3313', 'MRR@20': '0.3313'}
Validation score increased.  Saving model ...
{'epoch': 31, 'rec_avg_loss': '0.5062', 'rec_cur_loss': '0.5231'}
{'Epoch': 31, 'HIT@5': '0.5219', 'NDCG@5': '0.3538', 'HIT@10': '0.6776', 'NDCG@10': '0.4046', 'HIT@20': '0.7972', 'NDCG@20': '0.4349', 'MRR@5': '0.3332', 'MRR@10': '0.3332', 'MRR@20': '0.3332'}
Validation score increased.  Saving model ...
{'epoch': 32, 'rec_avg_loss': '0.5045', 'rec_cur_loss': '0.5579'}
{'Epoch': 32, 'HIT@5': '0.5202', 'NDCG@5': '0.3505', 'HIT@10': '0.6757', 'NDCG@10': '0.4009', 'HIT@20': '0.7942', 'NDCG@20': '0.4310', 'MRR@5': '0.3291', 'MRR@10': '0.3291', 'MRR@20': '0.3291'}
EarlyStopping counter: 1 out of 10
{'epoch': 33, 'rec_avg_loss': '0.5020', 'rec_cur_loss': '0.5108'}
{'Epoch': 33, 'HIT@5': '0.5268', 'NDCG@5': '0.3555', 'HIT@10': '0.6765', 'NDCG@10': '0.4042', 'HIT@20': '0.7964', 'NDCG@20': '0.4347', 'MRR@5': '0.3332', 'MRR@10': '0.3332', 'MRR@20': '0.3332'}
EarlyStopping counter: 2 out of 10
{'epoch': 34, 'rec_avg_loss': '0.5009', 'rec_cur_loss': '0.5766'}
{'Epoch': 34, 'HIT@5': '0.5270', 'NDCG@5': '0.3549', 'HIT@10': '0.6795', 'NDCG@10': '0.4044', 'HIT@20': '0.7962', 'NDCG@20': '0.4340', 'MRR@5': '0.3322', 'MRR@10': '0.3322', 'MRR@20': '0.3322'}
EarlyStopping counter: 3 out of 10
{'epoch': 35, 'rec_avg_loss': '0.4992', 'rec_cur_loss': '0.4798'}
{'Epoch': 35, 'HIT@5': '0.5258', 'NDCG@5': '0.3552', 'HIT@10': '0.6768', 'NDCG@10': '0.4044', 'HIT@20': '0.7950', 'NDCG@20': '0.4343', 'MRR@5': '0.3330', 'MRR@10': '0.3330', 'MRR@20': '0.3330'}
EarlyStopping counter: 4 out of 10
{'epoch': 36, 'rec_avg_loss': '0.4964', 'rec_cur_loss': '0.5177'}
{'Epoch': 36, 'HIT@5': '0.5301', 'NDCG@5': '0.3592', 'HIT@10': '0.6795', 'NDCG@10': '0.4078', 'HIT@20': '0.7952', 'NDCG@20': '0.4372', 'MRR@5': '0.3367', 'MRR@10': '0.3367', 'MRR@20': '0.3367'}
Validation score increased.  Saving model ...
{'epoch': 37, 'rec_avg_loss': '0.4977', 'rec_cur_loss': '0.4896'}
{'Epoch': 37, 'HIT@5': '0.5295', 'NDCG@5': '0.3591', 'HIT@10': '0.6826', 'NDCG@10': '0.4090', 'HIT@20': '0.7988', 'NDCG@20': '0.4384', 'MRR@5': '0.3371', 'MRR@10': '0.3371', 'MRR@20': '0.3371'}
Validation score increased.  Saving model ...
{'epoch': 38, 'rec_avg_loss': '0.4932', 'rec_cur_loss': '0.4729'}
{'Epoch': 38, 'HIT@5': '0.5275', 'NDCG@5': '0.3567', 'HIT@10': '0.6781', 'NDCG@10': '0.4058', 'HIT@20': '0.7974', 'NDCG@20': '0.4360', 'MRR@5': '0.3344', 'MRR@10': '0.3344', 'MRR@20': '0.3344'}
EarlyStopping counter: 1 out of 10
{'epoch': 39, 'rec_avg_loss': '0.4951', 'rec_cur_loss': '0.5068'}
{'Epoch': 39, 'HIT@5': '0.5262', 'NDCG@5': '0.3551', 'HIT@10': '0.6738', 'NDCG@10': '0.4033', 'HIT@20': '0.7969', 'NDCG@20': '0.4346', 'MRR@5': '0.3329', 'MRR@10': '0.3329', 'MRR@20': '0.3329'}
EarlyStopping counter: 2 out of 10
{'epoch': 40, 'rec_avg_loss': '0.4934', 'rec_cur_loss': '0.5540'}
{'Epoch': 40, 'HIT@5': '0.5356', 'NDCG@5': '0.3638', 'HIT@10': '0.6841', 'NDCG@10': '0.4119', 'HIT@20': '0.7987', 'NDCG@20': '0.4409', 'MRR@5': '0.3403', 'MRR@10': '0.3403', 'MRR@20': '0.3403'}
Validation score increased.  Saving model ...
{'epoch': 41, 'rec_avg_loss': '0.4934', 'rec_cur_loss': '0.5560'}
{'Epoch': 41, 'HIT@5': '0.5334', 'NDCG@5': '0.3624', 'HIT@10': '0.6831', 'NDCG@10': '0.4112', 'HIT@20': '0.8013', 'NDCG@20': '0.4413', 'MRR@5': '0.3399', 'MRR@10': '0.3399', 'MRR@20': '0.3399'}
EarlyStopping counter: 1 out of 10
{'epoch': 42, 'rec_avg_loss': '0.4864', 'rec_cur_loss': '0.4418'}
{'Epoch': 42, 'HIT@5': '0.5331', 'NDCG@5': '0.3612', 'HIT@10': '0.6848', 'NDCG@10': '0.4106', 'HIT@20': '0.7992', 'NDCG@20': '0.4395', 'MRR@5': '0.3383', 'MRR@10': '0.3383', 'MRR@20': '0.3383'}
EarlyStopping counter: 2 out of 10
{'epoch': 43, 'rec_avg_loss': '0.4908', 'rec_cur_loss': '0.5686'}
{'Epoch': 43, 'HIT@5': '0.5315', 'NDCG@5': '0.3637', 'HIT@10': '0.6848', 'NDCG@10': '0.4138', 'HIT@20': '0.8010', 'NDCG@20': '0.4433', 'MRR@5': '0.3427', 'MRR@10': '0.3427', 'MRR@20': '0.3427'}
Validation score increased.  Saving model ...
{'epoch': 44, 'rec_avg_loss': '0.4877', 'rec_cur_loss': '0.4902'}
{'Epoch': 44, 'HIT@5': '0.5374', 'NDCG@5': '0.3687', 'HIT@10': '0.6864', 'NDCG@10': '0.4173', 'HIT@20': '0.8038', 'NDCG@20': '0.4471', 'MRR@5': '0.3466', 'MRR@10': '0.3466', 'MRR@20': '0.3466'}
Validation score increased.  Saving model ...
{'epoch': 45, 'rec_avg_loss': '0.4906', 'rec_cur_loss': '0.6012'}
{'Epoch': 45, 'HIT@5': '0.5326', 'NDCG@5': '0.3626', 'HIT@10': '0.6818', 'NDCG@10': '0.4112', 'HIT@20': '0.8003', 'NDCG@20': '0.4412', 'MRR@5': '0.3403', 'MRR@10': '0.3403', 'MRR@20': '0.3403'}
EarlyStopping counter: 1 out of 10
{'epoch': 46, 'rec_avg_loss': '0.4863', 'rec_cur_loss': '0.5441'}
{'Epoch': 46, 'HIT@5': '0.5354', 'NDCG@5': '0.3645', 'HIT@10': '0.6838', 'NDCG@10': '0.4128', 'HIT@20': '0.8013', 'NDCG@20': '0.4426', 'MRR@5': '0.3416', 'MRR@10': '0.3416', 'MRR@20': '0.3416'}
EarlyStopping counter: 2 out of 10
{'epoch': 47, 'rec_avg_loss': '0.4859', 'rec_cur_loss': '0.4518'}
{'Epoch': 47, 'HIT@5': '0.5349', 'NDCG@5': '0.3637', 'HIT@10': '0.6846', 'NDCG@10': '0.4124', 'HIT@20': '0.7987', 'NDCG@20': '0.4414', 'MRR@5': '0.3409', 'MRR@10': '0.3409', 'MRR@20': '0.3409'}
EarlyStopping counter: 3 out of 10
{'epoch': 48, 'rec_avg_loss': '0.4821', 'rec_cur_loss': '0.4944'}
{'Epoch': 48, 'HIT@5': '0.5320', 'NDCG@5': '0.3630', 'HIT@10': '0.6848', 'NDCG@10': '0.4128', 'HIT@20': '0.7993', 'NDCG@20': '0.4420', 'MRR@5': '0.3414', 'MRR@10': '0.3414', 'MRR@20': '0.3414'}
EarlyStopping counter: 4 out of 10
{'epoch': 49, 'rec_avg_loss': '0.4824', 'rec_cur_loss': '0.4642'}
{'Epoch': 49, 'HIT@5': '0.5394', 'NDCG@5': '0.3714', 'HIT@10': '0.6882', 'NDCG@10': '0.4199', 'HIT@20': '0.8025', 'NDCG@20': '0.4490', 'MRR@5': '0.3493', 'MRR@10': '0.3493', 'MRR@20': '0.3493'}
Validation score increased.  Saving model ...
{'epoch': 50, 'rec_avg_loss': '0.4819', 'rec_cur_loss': '0.4532'}
{'Epoch': 50, 'HIT@5': '0.5363', 'NDCG@5': '0.3676', 'HIT@10': '0.6823', 'NDCG@10': '0.4151', 'HIT@20': '0.8003', 'NDCG@20': '0.4452', 'MRR@5': '0.3453', 'MRR@10': '0.3453', 'MRR@20': '0.3453'}
EarlyStopping counter: 1 out of 10
{'epoch': 51, 'rec_avg_loss': '0.4814', 'rec_cur_loss': '0.5040'}
{'Epoch': 51, 'HIT@5': '0.5371', 'NDCG@5': '0.3666', 'HIT@10': '0.6806', 'NDCG@10': '0.4135', 'HIT@20': '0.7998', 'NDCG@20': '0.4438', 'MRR@5': '0.3436', 'MRR@10': '0.3436', 'MRR@20': '0.3436'}
EarlyStopping counter: 2 out of 10
{'epoch': 52, 'rec_avg_loss': '0.4815', 'rec_cur_loss': '0.5368'}
{'Epoch': 52, 'HIT@5': '0.5421', 'NDCG@5': '0.3708', 'HIT@10': '0.6844', 'NDCG@10': '0.4172', 'HIT@20': '0.8023', 'NDCG@20': '0.4471', 'MRR@5': '0.3471', 'MRR@10': '0.3471', 'MRR@20': '0.3471'}
EarlyStopping counter: 3 out of 10
{'epoch': 53, 'rec_avg_loss': '0.4765', 'rec_cur_loss': '0.3819'}
{'Epoch': 53, 'HIT@5': '0.5386', 'NDCG@5': '0.3661', 'HIT@10': '0.6813', 'NDCG@10': '0.4125', 'HIT@20': '0.7974', 'NDCG@20': '0.4420', 'MRR@5': '0.3419', 'MRR@10': '0.3419', 'MRR@20': '0.3419'}
EarlyStopping counter: 4 out of 10
{'epoch': 54, 'rec_avg_loss': '0.4793', 'rec_cur_loss': '0.5389'}
{'Epoch': 54, 'HIT@5': '0.5358', 'NDCG@5': '0.3686', 'HIT@10': '0.6811', 'NDCG@10': '0.4159', 'HIT@20': '0.7988', 'NDCG@20': '0.4458', 'MRR@5': '0.3466', 'MRR@10': '0.3466', 'MRR@20': '0.3466'}
EarlyStopping counter: 5 out of 10
{'epoch': 55, 'rec_avg_loss': '0.4755', 'rec_cur_loss': '0.4366'}
{'Epoch': 55, 'HIT@5': '0.5435', 'NDCG@5': '0.3710', 'HIT@10': '0.6889', 'NDCG@10': '0.4182', 'HIT@20': '0.8035', 'NDCG@20': '0.4473', 'MRR@5': '0.3467', 'MRR@10': '0.3467', 'MRR@20': '0.3467'}
EarlyStopping counter: 6 out of 10
{'epoch': 56, 'rec_avg_loss': '0.4780', 'rec_cur_loss': '0.5488'}
{'Epoch': 56, 'HIT@5': '0.5457', 'NDCG@5': '0.3746', 'HIT@10': '0.6851', 'NDCG@10': '0.4200', 'HIT@20': '0.8028', 'NDCG@20': '0.4499', 'MRR@5': '0.3504', 'MRR@10': '0.3504', 'MRR@20': '0.3504'}
Validation score increased.  Saving model ...
{'epoch': 57, 'rec_avg_loss': '0.4759', 'rec_cur_loss': '0.3994'}
{'Epoch': 57, 'HIT@5': '0.5439', 'NDCG@5': '0.3731', 'HIT@10': '0.6854', 'NDCG@10': '0.4191', 'HIT@20': '0.7990', 'NDCG@20': '0.4479', 'MRR@5': '0.3490', 'MRR@10': '0.3490', 'MRR@20': '0.3490'}
EarlyStopping counter: 1 out of 10
{'epoch': 58, 'rec_avg_loss': '0.4769', 'rec_cur_loss': '0.4771'}
{'Epoch': 58, 'HIT@5': '0.5467', 'NDCG@5': '0.3747', 'HIT@10': '0.6854', 'NDCG@10': '0.4198', 'HIT@20': '0.8012', 'NDCG@20': '0.4492', 'MRR@5': '0.3499', 'MRR@10': '0.3499', 'MRR@20': '0.3499'}
EarlyStopping counter: 2 out of 10
{'epoch': 59, 'rec_avg_loss': '0.4749', 'rec_cur_loss': '0.5668'}
{'Epoch': 59, 'HIT@5': '0.5417', 'NDCG@5': '0.3720', 'HIT@10': '0.6866', 'NDCG@10': '0.4190', 'HIT@20': '0.8023', 'NDCG@20': '0.4483', 'MRR@5': '0.3487', 'MRR@10': '0.3487', 'MRR@20': '0.3487'}
EarlyStopping counter: 3 out of 10
{'epoch': 60, 'rec_avg_loss': '0.4729', 'rec_cur_loss': '0.4597'}
{'Epoch': 60, 'HIT@5': '0.5429', 'NDCG@5': '0.3745', 'HIT@10': '0.6861', 'NDCG@10': '0.4211', 'HIT@20': '0.8022', 'NDCG@20': '0.4506', 'MRR@5': '0.3517', 'MRR@10': '0.3517', 'MRR@20': '0.3517'}
Validation score increased.  Saving model ...
{'epoch': 61, 'rec_avg_loss': '0.4719', 'rec_cur_loss': '0.4378'}
{'Epoch': 61, 'HIT@5': '0.5416', 'NDCG@5': '0.3720', 'HIT@10': '0.6833', 'NDCG@10': '0.4180', 'HIT@20': '0.8022', 'NDCG@20': '0.4482', 'MRR@5': '0.3486', 'MRR@10': '0.3486', 'MRR@20': '0.3486'}
EarlyStopping counter: 1 out of 10
{'epoch': 62, 'rec_avg_loss': '0.4731', 'rec_cur_loss': '0.5160'}
{'Epoch': 62, 'HIT@5': '0.5445', 'NDCG@5': '0.3736', 'HIT@10': '0.6839', 'NDCG@10': '0.4189', 'HIT@20': '0.8023', 'NDCG@20': '0.4489', 'MRR@5': '0.3493', 'MRR@10': '0.3493', 'MRR@20': '0.3493'}
EarlyStopping counter: 2 out of 10
{'epoch': 63, 'rec_avg_loss': '0.4698', 'rec_cur_loss': '0.4978'}
{'Epoch': 63, 'HIT@5': '0.5465', 'NDCG@5': '0.3766', 'HIT@10': '0.6886', 'NDCG@10': '0.4227', 'HIT@20': '0.8040', 'NDCG@20': '0.4520', 'MRR@5': '0.3528', 'MRR@10': '0.3528', 'MRR@20': '0.3528'}
Validation score increased.  Saving model ...
{'epoch': 64, 'rec_avg_loss': '0.4670', 'rec_cur_loss': '0.4145'}
{'Epoch': 64, 'HIT@5': '0.5498', 'NDCG@5': '0.3786', 'HIT@10': '0.6851', 'NDCG@10': '0.4228', 'HIT@20': '0.8036', 'NDCG@20': '0.4529', 'MRR@5': '0.3540', 'MRR@10': '0.3540', 'MRR@20': '0.3540'}
Validation score increased.  Saving model ...
{'epoch': 65, 'rec_avg_loss': '0.4665', 'rec_cur_loss': '0.4013'}
{'Epoch': 65, 'HIT@5': '0.5472', 'NDCG@5': '0.3771', 'HIT@10': '0.6879', 'NDCG@10': '0.4228', 'HIT@20': '0.8040', 'NDCG@20': '0.4522', 'MRR@5': '0.3531', 'MRR@10': '0.3531', 'MRR@20': '0.3531'}
EarlyStopping counter: 1 out of 10
{'epoch': 66, 'rec_avg_loss': '0.4690', 'rec_cur_loss': '0.4817'}
{'Epoch': 66, 'HIT@5': '0.5480', 'NDCG@5': '0.3787', 'HIT@10': '0.6877', 'NDCG@10': '0.4242', 'HIT@20': '0.8033', 'NDCG@20': '0.4536', 'MRR@5': '0.3550', 'MRR@10': '0.3550', 'MRR@20': '0.3550'}
Validation score increased.  Saving model ...
{'epoch': 67, 'rec_avg_loss': '0.4668', 'rec_cur_loss': '0.5174'}
{'Epoch': 67, 'HIT@5': '0.5455', 'NDCG@5': '0.3758', 'HIT@10': '0.6886', 'NDCG@10': '0.4225', 'HIT@20': '0.8030', 'NDCG@20': '0.4516', 'MRR@5': '0.3524', 'MRR@10': '0.3524', 'MRR@20': '0.3524'}
EarlyStopping counter: 1 out of 10
{'epoch': 68, 'rec_avg_loss': '0.4682', 'rec_cur_loss': '0.4653'}
{'Epoch': 68, 'HIT@5': '0.5483', 'NDCG@5': '0.3780', 'HIT@10': '0.6871', 'NDCG@10': '0.4233', 'HIT@20': '0.8058', 'NDCG@20': '0.4535', 'MRR@5': '0.3540', 'MRR@10': '0.3540', 'MRR@20': '0.3540'}
EarlyStopping counter: 2 out of 10
{'epoch': 69, 'rec_avg_loss': '0.4656', 'rec_cur_loss': '0.4772'}
{'Epoch': 69, 'HIT@5': '0.5464', 'NDCG@5': '0.3752', 'HIT@10': '0.6868', 'NDCG@10': '0.4208', 'HIT@20': '0.8031', 'NDCG@20': '0.4503', 'MRR@5': '0.3509', 'MRR@10': '0.3509', 'MRR@20': '0.3509'}
EarlyStopping counter: 3 out of 10
{'epoch': 70, 'rec_avg_loss': '0.4637', 'rec_cur_loss': '0.3758'}
{'Epoch': 70, 'HIT@5': '0.5411', 'NDCG@5': '0.3737', 'HIT@10': '0.6871', 'NDCG@10': '0.4212', 'HIT@20': '0.8045', 'NDCG@20': '0.4509', 'MRR@5': '0.3513', 'MRR@10': '0.3513', 'MRR@20': '0.3513'}
EarlyStopping counter: 4 out of 10
{'epoch': 71, 'rec_avg_loss': '0.4646', 'rec_cur_loss': '0.4571'}
{'Epoch': 71, 'HIT@5': '0.5487', 'NDCG@5': '0.3776', 'HIT@10': '0.6879', 'NDCG@10': '0.4229', 'HIT@20': '0.8031', 'NDCG@20': '0.4521', 'MRR@5': '0.3531', 'MRR@10': '0.3531', 'MRR@20': '0.3531'}
EarlyStopping counter: 5 out of 10
{'epoch': 72, 'rec_avg_loss': '0.4602', 'rec_cur_loss': '0.4040'}
{'Epoch': 72, 'HIT@5': '0.5454', 'NDCG@5': '0.3786', 'HIT@10': '0.6902', 'NDCG@10': '0.4256', 'HIT@20': '0.8045', 'NDCG@20': '0.4546', 'MRR@5': '0.3561', 'MRR@10': '0.3561', 'MRR@20': '0.3561'}
Validation score increased.  Saving model ...
{'epoch': 73, 'rec_avg_loss': '0.4609', 'rec_cur_loss': '0.4658'}
{'Epoch': 73, 'HIT@5': '0.5470', 'NDCG@5': '0.3747', 'HIT@10': '0.6902', 'NDCG@10': '0.4213', 'HIT@20': '0.8018', 'NDCG@20': '0.4496', 'MRR@5': '0.3503', 'MRR@10': '0.3503', 'MRR@20': '0.3503'}
EarlyStopping counter: 1 out of 10
{'epoch': 74, 'rec_avg_loss': '0.4619', 'rec_cur_loss': '0.4928'}
{'Epoch': 74, 'HIT@5': '0.5490', 'NDCG@5': '0.3781', 'HIT@10': '0.6921', 'NDCG@10': '0.4247', 'HIT@20': '0.8026', 'NDCG@20': '0.4528', 'MRR@5': '0.3541', 'MRR@10': '0.3541', 'MRR@20': '0.3541'}
EarlyStopping counter: 2 out of 10
{'epoch': 75, 'rec_avg_loss': '0.4603', 'rec_cur_loss': '0.4034'}
{'Epoch': 75, 'HIT@5': '0.5452', 'NDCG@5': '0.3763', 'HIT@10': '0.6897', 'NDCG@10': '0.4234', 'HIT@20': '0.8053', 'NDCG@20': '0.4526', 'MRR@5': '0.3532', 'MRR@10': '0.3532', 'MRR@20': '0.3532'}
EarlyStopping counter: 3 out of 10
{'epoch': 76, 'rec_avg_loss': '0.4622', 'rec_cur_loss': '0.5156'}
{'Epoch': 76, 'HIT@5': '0.5503', 'NDCG@5': '0.3805', 'HIT@10': '0.6922', 'NDCG@10': '0.4266', 'HIT@20': '0.8030', 'NDCG@20': '0.4548', 'MRR@5': '0.3566', 'MRR@10': '0.3566', 'MRR@20': '0.3566'}
Validation score increased.  Saving model ...
{'epoch': 77, 'rec_avg_loss': '0.4616', 'rec_cur_loss': '0.4610'}
{'Epoch': 77, 'HIT@5': '0.5492', 'NDCG@5': '0.3814', 'HIT@10': '0.6902', 'NDCG@10': '0.4274', 'HIT@20': '0.8058', 'NDCG@20': '0.4567', 'MRR@5': '0.3583', 'MRR@10': '0.3583', 'MRR@20': '0.3583'}
Validation score increased.  Saving model ...
{'epoch': 78, 'rec_avg_loss': '0.4602', 'rec_cur_loss': '0.4557'}
{'Epoch': 78, 'HIT@5': '0.5566', 'NDCG@5': '0.3832', 'HIT@10': '0.6929', 'NDCG@10': '0.4275', 'HIT@20': '0.8066', 'NDCG@20': '0.4563', 'MRR@5': '0.3573', 'MRR@10': '0.3573', 'MRR@20': '0.3573'}
EarlyStopping counter: 1 out of 10
{'epoch': 79, 'rec_avg_loss': '0.4597', 'rec_cur_loss': '0.4628'}
{'Epoch': 79, 'HIT@5': '0.5528', 'NDCG@5': '0.3848', 'HIT@10': '0.6902', 'NDCG@10': '0.4297', 'HIT@20': '0.8051', 'NDCG@20': '0.4588', 'MRR@5': '0.3612', 'MRR@10': '0.3612', 'MRR@20': '0.3612'}
Validation score increased.  Saving model ...
{'epoch': 80, 'rec_avg_loss': '0.4557', 'rec_cur_loss': '0.4046'}
{'Epoch': 80, 'HIT@5': '0.5518', 'NDCG@5': '0.3808', 'HIT@10': '0.6917', 'NDCG@10': '0.4264', 'HIT@20': '0.8025', 'NDCG@20': '0.4546', 'MRR@5': '0.3563', 'MRR@10': '0.3563', 'MRR@20': '0.3563'}
EarlyStopping counter: 1 out of 10
{'epoch': 81, 'rec_avg_loss': '0.4575', 'rec_cur_loss': '0.4049'}
{'Epoch': 81, 'HIT@5': '0.5498', 'NDCG@5': '0.3800', 'HIT@10': '0.6901', 'NDCG@10': '0.4257', 'HIT@20': '0.8043', 'NDCG@20': '0.4548', 'MRR@5': '0.3561', 'MRR@10': '0.3561', 'MRR@20': '0.3561'}
EarlyStopping counter: 2 out of 10
{'epoch': 82, 'rec_avg_loss': '0.4583', 'rec_cur_loss': '0.4382'}
{'Epoch': 82, 'HIT@5': '0.5556', 'NDCG@5': '0.3846', 'HIT@10': '0.6911', 'NDCG@10': '0.4288', 'HIT@20': '0.8038', 'NDCG@20': '0.4575', 'MRR@5': '0.3596', 'MRR@10': '0.3596', 'MRR@20': '0.3596'}
EarlyStopping counter: 3 out of 10
{'epoch': 83, 'rec_avg_loss': '0.4585', 'rec_cur_loss': '0.4571'}
{'Epoch': 83, 'HIT@5': '0.5497', 'NDCG@5': '0.3795', 'HIT@10': '0.6912', 'NDCG@10': '0.4256', 'HIT@20': '0.8056', 'NDCG@20': '0.4546', 'MRR@5': '0.3555', 'MRR@10': '0.3555', 'MRR@20': '0.3555'}
EarlyStopping counter: 4 out of 10
{'epoch': 84, 'rec_avg_loss': '0.4588', 'rec_cur_loss': '0.5591'}
{'Epoch': 84, 'HIT@5': '0.5525', 'NDCG@5': '0.3819', 'HIT@10': '0.6914', 'NDCG@10': '0.4270', 'HIT@20': '0.8041', 'NDCG@20': '0.4557', 'MRR@5': '0.3573', 'MRR@10': '0.3573', 'MRR@20': '0.3573'}
EarlyStopping counter: 5 out of 10
{'epoch': 85, 'rec_avg_loss': '0.4552', 'rec_cur_loss': '0.4911'}
{'Epoch': 85, 'HIT@5': '0.5540', 'NDCG@5': '0.3845', 'HIT@10': '0.6937', 'NDCG@10': '0.4300', 'HIT@20': '0.8055', 'NDCG@20': '0.4585', 'MRR@5': '0.3604', 'MRR@10': '0.3604', 'MRR@20': '0.3604'}
EarlyStopping counter: 6 out of 10
{'epoch': 86, 'rec_avg_loss': '0.4558', 'rec_cur_loss': '0.4840'}
{'Epoch': 86, 'HIT@5': '0.5502', 'NDCG@5': '0.3833', 'HIT@10': '0.6911', 'NDCG@10': '0.4292', 'HIT@20': '0.8041', 'NDCG@20': '0.4579', 'MRR@5': '0.3602', 'MRR@10': '0.3602', 'MRR@20': '0.3602'}
EarlyStopping counter: 7 out of 10
{'epoch': 87, 'rec_avg_loss': '0.4533', 'rec_cur_loss': '0.3944'}
{'Epoch': 87, 'HIT@5': '0.5541', 'NDCG@5': '0.3860', 'HIT@10': '0.6944', 'NDCG@10': '0.4316', 'HIT@20': '0.8065', 'NDCG@20': '0.4600', 'MRR@5': '0.3623', 'MRR@10': '0.3623', 'MRR@20': '0.3623'}
Validation score increased.  Saving model ...
{'epoch': 88, 'rec_avg_loss': '0.4531', 'rec_cur_loss': '0.4432'}
{'Epoch': 88, 'HIT@5': '0.5558', 'NDCG@5': '0.3875', 'HIT@10': '0.6957', 'NDCG@10': '0.4331', 'HIT@20': '0.8081', 'NDCG@20': '0.4616', 'MRR@5': '0.3637', 'MRR@10': '0.3637', 'MRR@20': '0.3637'}
Validation score increased.  Saving model ...
{'epoch': 89, 'rec_avg_loss': '0.4498', 'rec_cur_loss': '0.4207'}
{'Epoch': 89, 'HIT@5': '0.5596', 'NDCG@5': '0.3896', 'HIT@10': '0.6962', 'NDCG@10': '0.4340', 'HIT@20': '0.8055', 'NDCG@20': '0.4618', 'MRR@5': '0.3647', 'MRR@10': '0.3647', 'MRR@20': '0.3647'}
Validation score increased.  Saving model ...
{'epoch': 90, 'rec_avg_loss': '0.4530', 'rec_cur_loss': '0.4641'}
{'Epoch': 90, 'HIT@5': '0.5588', 'NDCG@5': '0.3861', 'HIT@10': '0.6947', 'NDCG@10': '0.4303', 'HIT@20': '0.8041', 'NDCG@20': '0.4581', 'MRR@5': '0.3602', 'MRR@10': '0.3602', 'MRR@20': '0.3602'}
EarlyStopping counter: 1 out of 10
{'epoch': 91, 'rec_avg_loss': '0.4514', 'rec_cur_loss': '0.4416'}
{'Epoch': 91, 'HIT@5': '0.5599', 'NDCG@5': '0.3903', 'HIT@10': '0.6957', 'NDCG@10': '0.4346', 'HIT@20': '0.8079', 'NDCG@20': '0.4631', 'MRR@5': '0.3655', 'MRR@10': '0.3655', 'MRR@20': '0.3655'}
Validation score increased.  Saving model ...
{'epoch': 92, 'rec_avg_loss': '0.4521', 'rec_cur_loss': '0.4654'}
{'Epoch': 92, 'HIT@5': '0.5576', 'NDCG@5': '0.3873', 'HIT@10': '0.6945', 'NDCG@10': '0.4317', 'HIT@20': '0.8048', 'NDCG@20': '0.4597', 'MRR@5': '0.3622', 'MRR@10': '0.3622', 'MRR@20': '0.3622'}
EarlyStopping counter: 1 out of 10
{'epoch': 93, 'rec_avg_loss': '0.4484', 'rec_cur_loss': '0.4367'}
{'Epoch': 93, 'HIT@5': '0.5543', 'NDCG@5': '0.3855', 'HIT@10': '0.6964', 'NDCG@10': '0.4317', 'HIT@20': '0.8061', 'NDCG@20': '0.4595', 'MRR@5': '0.3615', 'MRR@10': '0.3615', 'MRR@20': '0.3615'}
EarlyStopping counter: 2 out of 10
{'epoch': 94, 'rec_avg_loss': '0.4500', 'rec_cur_loss': '0.5057'}
{'Epoch': 94, 'HIT@5': '0.5570', 'NDCG@5': '0.3894', 'HIT@10': '0.6965', 'NDCG@10': '0.4347', 'HIT@20': '0.8081', 'NDCG@20': '0.4631', 'MRR@5': '0.3656', 'MRR@10': '0.3656', 'MRR@20': '0.3656'}
Validation score increased.  Saving model ...
{'epoch': 95, 'rec_avg_loss': '0.4481', 'rec_cur_loss': '0.4468'}
{'Epoch': 95, 'HIT@5': '0.5553', 'NDCG@5': '0.3858', 'HIT@10': '0.6927', 'NDCG@10': '0.4305', 'HIT@20': '0.8038', 'NDCG@20': '0.4588', 'MRR@5': '0.3613', 'MRR@10': '0.3613', 'MRR@20': '0.3613'}
EarlyStopping counter: 1 out of 10
{'epoch': 96, 'rec_avg_loss': '0.4486', 'rec_cur_loss': '0.4305'}
{'Epoch': 96, 'HIT@5': '0.5517', 'NDCG@5': '0.3827', 'HIT@10': '0.6924', 'NDCG@10': '0.4286', 'HIT@20': '0.8050', 'NDCG@20': '0.4572', 'MRR@5': '0.3590', 'MRR@10': '0.3590', 'MRR@20': '0.3590'}
EarlyStopping counter: 2 out of 10
{'epoch': 97, 'rec_avg_loss': '0.4472', 'rec_cur_loss': '0.4455'}
{'Epoch': 97, 'HIT@5': '0.5551', 'NDCG@5': '0.3860', 'HIT@10': '0.6932', 'NDCG@10': '0.4309', 'HIT@20': '0.8058', 'NDCG@20': '0.4595', 'MRR@5': '0.3616', 'MRR@10': '0.3616', 'MRR@20': '0.3616'}
EarlyStopping counter: 3 out of 10
{'epoch': 98, 'rec_avg_loss': '0.4464', 'rec_cur_loss': '0.4464'}
{'Epoch': 98, 'HIT@5': '0.5568', 'NDCG@5': '0.3877', 'HIT@10': '0.6967', 'NDCG@10': '0.4333', 'HIT@20': '0.8055', 'NDCG@20': '0.4610', 'MRR@5': '0.3634', 'MRR@10': '0.3634', 'MRR@20': '0.3634'}
EarlyStopping counter: 4 out of 10
{'epoch': 99, 'rec_avg_loss': '0.4462', 'rec_cur_loss': '0.4014'}
{'Epoch': 99, 'HIT@5': '0.5526', 'NDCG@5': '0.3825', 'HIT@10': '0.6932', 'NDCG@10': '0.4282', 'HIT@20': '0.8031', 'NDCG@20': '0.4561', 'MRR@5': '0.3581', 'MRR@10': '0.3581', 'MRR@20': '0.3581'}
EarlyStopping counter: 5 out of 10
{'epoch': 100, 'rec_avg_loss': '0.4473', 'rec_cur_loss': '0.4946'}
{'Epoch': 100, 'HIT@5': '0.5596', 'NDCG@5': '0.3899', 'HIT@10': '0.6962', 'NDCG@10': '0.4343', 'HIT@20': '0.8046', 'NDCG@20': '0.4619', 'MRR@5': '0.3650', 'MRR@10': '0.3650', 'MRR@20': '0.3650'}
EarlyStopping counter: 6 out of 10
{'epoch': 101, 'rec_avg_loss': '0.4427', 'rec_cur_loss': '0.4046'}
{'Epoch': 101, 'HIT@5': '0.5601', 'NDCG@5': '0.3894', 'HIT@10': '0.6988', 'NDCG@10': '0.4346', 'HIT@20': '0.8083', 'NDCG@20': '0.4624', 'MRR@5': '0.3644', 'MRR@10': '0.3644', 'MRR@20': '0.3644'}
EarlyStopping counter: 7 out of 10
{'epoch': 102, 'rec_avg_loss': '0.4454', 'rec_cur_loss': '0.4856'}
{'Epoch': 102, 'HIT@5': '0.5631', 'NDCG@5': '0.3902', 'HIT@10': '0.6969', 'NDCG@10': '0.4337', 'HIT@20': '0.8045', 'NDCG@20': '0.4611', 'MRR@5': '0.3639', 'MRR@10': '0.3639', 'MRR@20': '0.3639'}
EarlyStopping counter: 8 out of 10
{'epoch': 103, 'rec_avg_loss': '0.4465', 'rec_cur_loss': '0.4400'}
{'Epoch': 103, 'HIT@5': '0.5614', 'NDCG@5': '0.3913', 'HIT@10': '0.6972', 'NDCG@10': '0.4357', 'HIT@20': '0.8055', 'NDCG@20': '0.4634', 'MRR@5': '0.3665', 'MRR@10': '0.3665', 'MRR@20': '0.3665'}
Validation score increased.  Saving model ...
{'epoch': 104, 'rec_avg_loss': '0.4454', 'rec_cur_loss': '0.4204'}
{'Epoch': 104, 'HIT@5': '0.5618', 'NDCG@5': '0.3936', 'HIT@10': '0.6983', 'NDCG@10': '0.4379', 'HIT@20': '0.8058', 'NDCG@20': '0.4652', 'MRR@5': '0.3689', 'MRR@10': '0.3689', 'MRR@20': '0.3689'}
Validation score increased.  Saving model ...
{'epoch': 105, 'rec_avg_loss': '0.4470', 'rec_cur_loss': '0.5323'}
{'Epoch': 105, 'HIT@5': '0.5636', 'NDCG@5': '0.3940', 'HIT@10': '0.6997', 'NDCG@10': '0.4382', 'HIT@20': '0.8075', 'NDCG@20': '0.4656', 'MRR@5': '0.3689', 'MRR@10': '0.3689', 'MRR@20': '0.3689'}
EarlyStopping counter: 1 out of 10
{'epoch': 106, 'rec_avg_loss': '0.4435', 'rec_cur_loss': '0.4731'}
{'Epoch': 106, 'HIT@5': '0.5589', 'NDCG@5': '0.3925', 'HIT@10': '0.6974', 'NDCG@10': '0.4376', 'HIT@20': '0.8061', 'NDCG@20': '0.4653', 'MRR@5': '0.3690', 'MRR@10': '0.3690', 'MRR@20': '0.3690'}
Validation score increased.  Saving model ...
{'epoch': 107, 'rec_avg_loss': '0.4423', 'rec_cur_loss': '0.4311'}
{'Epoch': 107, 'HIT@5': '0.5575', 'NDCG@5': '0.3906', 'HIT@10': '0.6934', 'NDCG@10': '0.4347', 'HIT@20': '0.8040', 'NDCG@20': '0.4629', 'MRR@5': '0.3666', 'MRR@10': '0.3666', 'MRR@20': '0.3666'}
EarlyStopping counter: 1 out of 10
{'epoch': 108, 'rec_avg_loss': '0.4393', 'rec_cur_loss': '0.3764'}
{'Epoch': 108, 'HIT@5': '0.5626', 'NDCG@5': '0.3908', 'HIT@10': '0.6980', 'NDCG@10': '0.4346', 'HIT@20': '0.8078', 'NDCG@20': '0.4626', 'MRR@5': '0.3648', 'MRR@10': '0.3648', 'MRR@20': '0.3648'}
EarlyStopping counter: 2 out of 10
{'epoch': 109, 'rec_avg_loss': '0.4377', 'rec_cur_loss': '0.3453'}
{'Epoch': 109, 'HIT@5': '0.5531', 'NDCG@5': '0.3857', 'HIT@10': '0.6940', 'NDCG@10': '0.4315', 'HIT@20': '0.8050', 'NDCG@20': '0.4596', 'MRR@5': '0.3621', 'MRR@10': '0.3621', 'MRR@20': '0.3621'}
EarlyStopping counter: 3 out of 10
{'epoch': 110, 'rec_avg_loss': '0.4405', 'rec_cur_loss': '0.4935'}
{'Epoch': 110, 'HIT@5': '0.5608', 'NDCG@5': '0.3903', 'HIT@10': '0.6970', 'NDCG@10': '0.4346', 'HIT@20': '0.8071', 'NDCG@20': '0.4625', 'MRR@5': '0.3650', 'MRR@10': '0.3650', 'MRR@20': '0.3650'}
EarlyStopping counter: 4 out of 10
{'epoch': 111, 'rec_avg_loss': '0.4409', 'rec_cur_loss': '0.4671'}
{'Epoch': 111, 'HIT@5': '0.5651', 'NDCG@5': '0.3953', 'HIT@10': '0.7012', 'NDCG@10': '0.4395', 'HIT@20': '0.8099', 'NDCG@20': '0.4670', 'MRR@5': '0.3700', 'MRR@10': '0.3700', 'MRR@20': '0.3700'}
Validation score increased.  Saving model ...
{'epoch': 112, 'rec_avg_loss': '0.4388', 'rec_cur_loss': '0.4346'}
{'Epoch': 112, 'HIT@5': '0.5618', 'NDCG@5': '0.3940', 'HIT@10': '0.6993', 'NDCG@10': '0.4386', 'HIT@20': '0.8053', 'NDCG@20': '0.4656', 'MRR@5': '0.3696', 'MRR@10': '0.3696', 'MRR@20': '0.3696'}
EarlyStopping counter: 1 out of 10
{'epoch': 113, 'rec_avg_loss': '0.4378', 'rec_cur_loss': '0.4329'}
{'Epoch': 113, 'HIT@5': '0.5546', 'NDCG@5': '0.3871', 'HIT@10': '0.6954', 'NDCG@10': '0.4328', 'HIT@20': '0.8055', 'NDCG@20': '0.4608', 'MRR@5': '0.3635', 'MRR@10': '0.3635', 'MRR@20': '0.3635'}
EarlyStopping counter: 2 out of 10
{'epoch': 114, 'rec_avg_loss': '0.4437', 'rec_cur_loss': '0.4875'}
{'Epoch': 114, 'HIT@5': '0.5624', 'NDCG@5': '0.3909', 'HIT@10': '0.6992', 'NDCG@10': '0.4353', 'HIT@20': '0.8091', 'NDCG@20': '0.4633', 'MRR@5': '0.3655', 'MRR@10': '0.3655', 'MRR@20': '0.3655'}
EarlyStopping counter: 3 out of 10
{'epoch': 115, 'rec_avg_loss': '0.4411', 'rec_cur_loss': '0.4893'}
{'Epoch': 115, 'HIT@5': '0.5629', 'NDCG@5': '0.3924', 'HIT@10': '0.6993', 'NDCG@10': '0.4366', 'HIT@20': '0.8056', 'NDCG@20': '0.4637', 'MRR@5': '0.3670', 'MRR@10': '0.3670', 'MRR@20': '0.3670'}
EarlyStopping counter: 4 out of 10
{'epoch': 116, 'rec_avg_loss': '0.4380', 'rec_cur_loss': '0.4950'}
{'Epoch': 116, 'HIT@5': '0.5646', 'NDCG@5': '0.3939', 'HIT@10': '0.6995', 'NDCG@10': '0.4379', 'HIT@20': '0.8058', 'NDCG@20': '0.4649', 'MRR@5': '0.3685', 'MRR@10': '0.3685', 'MRR@20': '0.3685'}
EarlyStopping counter: 5 out of 10
{'epoch': 117, 'rec_avg_loss': '0.4395', 'rec_cur_loss': '0.5274'}
{'Epoch': 117, 'HIT@5': '0.5651', 'NDCG@5': '0.3942', 'HIT@10': '0.7012', 'NDCG@10': '0.4384', 'HIT@20': '0.8083', 'NDCG@20': '0.4657', 'MRR@5': '0.3687', 'MRR@10': '0.3687', 'MRR@20': '0.3687'}
EarlyStopping counter: 6 out of 10
{'epoch': 118, 'rec_avg_loss': '0.4368', 'rec_cur_loss': '0.4158'}
{'Epoch': 118, 'HIT@5': '0.5624', 'NDCG@5': '0.3917', 'HIT@10': '0.6965', 'NDCG@10': '0.4354', 'HIT@20': '0.8079', 'NDCG@20': '0.4638', 'MRR@5': '0.3663', 'MRR@10': '0.3663', 'MRR@20': '0.3663'}
EarlyStopping counter: 7 out of 10
{'epoch': 119, 'rec_avg_loss': '0.4389', 'rec_cur_loss': '0.4809'}
{'Epoch': 119, 'HIT@5': '0.5624', 'NDCG@5': '0.3928', 'HIT@10': '0.6978', 'NDCG@10': '0.4368', 'HIT@20': '0.8088', 'NDCG@20': '0.4651', 'MRR@5': '0.3678', 'MRR@10': '0.3678', 'MRR@20': '0.3678'}
EarlyStopping counter: 8 out of 10
{'epoch': 120, 'rec_avg_loss': '0.4366', 'rec_cur_loss': '0.4658'}
{'Epoch': 120, 'HIT@5': '0.5596', 'NDCG@5': '0.3896', 'HIT@10': '0.6970', 'NDCG@10': '0.4341', 'HIT@20': '0.8055', 'NDCG@20': '0.4617', 'MRR@5': '0.3645', 'MRR@10': '0.3645', 'MRR@20': '0.3645'}
EarlyStopping counter: 9 out of 10
{'epoch': 121, 'rec_avg_loss': '0.4366', 'rec_cur_loss': '0.4681'}
{'Epoch': 121, 'HIT@5': '0.5629', 'NDCG@5': '0.3946', 'HIT@10': '0.7010', 'NDCG@10': '0.4394', 'HIT@20': '0.8055', 'NDCG@20': '0.4659', 'MRR@5': '0.3698', 'MRR@10': '0.3698', 'MRR@20': '0.3698'}
EarlyStopping counter: 10 out of 10
Early stopping
---------------Sample 99 results-------------------
{'Epoch': 0, 'HIT@5': '0.5325', 'NDCG@5': '0.3726', 'HIT@10': '0.6699', 'NDCG@10': '0.4173', 'HIT@20': '0.7836', 'NDCG@20': '0.4462', 'MRR@5': '0.3519', 'MRR@10': '0.3519', 'MRR@20': '0.3519'}
Finetune_sample-ml-1m-110-3layer_05
{'Epoch': 0, 'HIT@5': '0.5325', 'NDCG@5': '0.3726', 'HIT@10': '0.6699', 'NDCG@10': '0.4173', 'HIT@20': '0.7836', 'NDCG@20': '0.4462', 'MRR@5': '0.3519', 'MRR@10': '0.3519', 'MRR@20': '0.3519'}
