Namespace(adam_beta1=0.9, adam_beta2=0.999, attention_probs_dropout_prob=0.5, batch_size=256, ckp=60, cuda_condition=True, data_dir='./data/', data_file='./data/ml-1m.txt', data_name='ml-1m', do_eval=False, epochs=200, gpu_id='0', hidden_act='gelu', hidden_dropout_prob=0.5, hidden_size=64, initializer_range=0.02, item_size=3418, log_file='output/Finetune_sample-ml-1m-60.txt', log_freq=1, lr=0.001, mask_id=3417, max_seq_length=50, model_name='Finetune_sample', no_cuda=False, num_attention_heads=2, num_hidden_layers=2, output_dir='output/', sample_file='./data/ml-1m_sample.txt', seed=42, weight_decay=0.0)
Total Parameters: 338688
Load Checkpoint From output/ml-1m-epochs-60.pt!
{'epoch': 0, 'rec_avg_loss': '1.5454', 'rec_cur_loss': '1.1000'}
{'Epoch': 0, 'HIT@5': '0.1232', 'NDCG@5': '0.0748', 'HIT@10': '0.2281', 'NDCG@10': '0.1085', 'HIT@20': '0.4084', 'NDCG@20': '0.1538', 'MRR@5': '0.0996', 'MRR@10': '0.0996', 'MRR@20': '0.0996'}
Validation score increased.  Saving model ...
{'epoch': 1, 'rec_avg_loss': '1.0158', 'rec_cur_loss': '0.9129'}
{'Epoch': 1, 'HIT@5': '0.1745', 'NDCG@5': '0.1084', 'HIT@10': '0.3101', 'NDCG@10': '0.1519', 'HIT@20': '0.5127', 'NDCG@20': '0.2028', 'MRR@5': '0.1308', 'MRR@10': '0.1308', 'MRR@20': '0.1308'}
Validation score increased.  Saving model ...
{'epoch': 2, 'rec_avg_loss': '0.9101', 'rec_cur_loss': '0.9196'}
{'Epoch': 2, 'HIT@5': '0.2116', 'NDCG@5': '0.1299', 'HIT@10': '0.3646', 'NDCG@10': '0.1790', 'HIT@20': '0.5694', 'NDCG@20': '0.2307', 'MRR@5': '0.1487', 'MRR@10': '0.1487', 'MRR@20': '0.1487'}
Validation score increased.  Saving model ...
{'epoch': 3, 'rec_avg_loss': '0.8553', 'rec_cur_loss': '0.8458'}
{'Epoch': 3, 'HIT@5': '0.2480', 'NDCG@5': '0.1529', 'HIT@10': '0.4033', 'NDCG@10': '0.2028', 'HIT@20': '0.6146', 'NDCG@20': '0.2561', 'MRR@5': '0.1669', 'MRR@10': '0.1669', 'MRR@20': '0.1669'}
Validation score increased.  Saving model ...
{'epoch': 4, 'rec_avg_loss': '0.8196', 'rec_cur_loss': '0.7847'}
{'Epoch': 4, 'HIT@5': '0.2646', 'NDCG@5': '0.1640', 'HIT@10': '0.4298', 'NDCG@10': '0.2173', 'HIT@20': '0.6414', 'NDCG@20': '0.2706', 'MRR@5': '0.1771', 'MRR@10': '0.1771', 'MRR@20': '0.1771'}
Validation score increased.  Saving model ...
{'epoch': 5, 'rec_avg_loss': '0.7930', 'rec_cur_loss': '0.7984'}
{'Epoch': 5, 'HIT@5': '0.2773', 'NDCG@5': '0.1732', 'HIT@10': '0.4518', 'NDCG@10': '0.2293', 'HIT@20': '0.6561', 'NDCG@20': '0.2809', 'MRR@5': '0.1854', 'MRR@10': '0.1854', 'MRR@20': '0.1854'}
Validation score increased.  Saving model ...
{'epoch': 6, 'rec_avg_loss': '0.7761', 'rec_cur_loss': '0.7971'}
{'Epoch': 6, 'HIT@5': '0.2892', 'NDCG@5': '0.1809', 'HIT@10': '0.4639', 'NDCG@10': '0.2371', 'HIT@20': '0.6666', 'NDCG@20': '0.2882', 'MRR@5': '0.1913', 'MRR@10': '0.1913', 'MRR@20': '0.1913'}
Validation score increased.  Saving model ...
{'epoch': 7, 'rec_avg_loss': '0.7629', 'rec_cur_loss': '0.7486'}
{'Epoch': 7, 'HIT@5': '0.3018', 'NDCG@5': '0.1877', 'HIT@10': '0.4745', 'NDCG@10': '0.2430', 'HIT@20': '0.6705', 'NDCG@20': '0.2926', 'MRR@5': '0.1953', 'MRR@10': '0.1953', 'MRR@20': '0.1953'}
Validation score increased.  Saving model ...
{'epoch': 8, 'rec_avg_loss': '0.7523', 'rec_cur_loss': '0.7379'}
{'Epoch': 8, 'HIT@5': '0.3012', 'NDCG@5': '0.1881', 'HIT@10': '0.4753', 'NDCG@10': '0.2440', 'HIT@20': '0.6728', 'NDCG@20': '0.2939', 'MRR@5': '0.1965', 'MRR@10': '0.1965', 'MRR@20': '0.1965'}
Validation score increased.  Saving model ...
{'epoch': 9, 'rec_avg_loss': '0.7424', 'rec_cur_loss': '0.7360'}
{'Epoch': 9, 'HIT@5': '0.3099', 'NDCG@5': '0.1950', 'HIT@10': '0.4882', 'NDCG@10': '0.2524', 'HIT@20': '0.6841', 'NDCG@20': '0.3020', 'MRR@5': '0.2030', 'MRR@10': '0.2030', 'MRR@20': '0.2030'}
Validation score increased.  Saving model ...
{'epoch': 10, 'rec_avg_loss': '0.7322', 'rec_cur_loss': '0.7150'}
{'Epoch': 10, 'HIT@5': '0.3147', 'NDCG@5': '0.1974', 'HIT@10': '0.4942', 'NDCG@10': '0.2553', 'HIT@20': '0.6864', 'NDCG@20': '0.3040', 'MRR@5': '0.2046', 'MRR@10': '0.2046', 'MRR@20': '0.2046'}
Validation score increased.  Saving model ...
{'epoch': 11, 'rec_avg_loss': '0.7270', 'rec_cur_loss': '0.7075'}
{'Epoch': 11, 'HIT@5': '0.3156', 'NDCG@5': '0.1979', 'HIT@10': '0.4985', 'NDCG@10': '0.2569', 'HIT@20': '0.6887', 'NDCG@20': '0.3051', 'MRR@5': '0.2053', 'MRR@10': '0.2053', 'MRR@20': '0.2053'}
Validation score increased.  Saving model ...
{'epoch': 12, 'rec_avg_loss': '0.7204', 'rec_cur_loss': '0.7198'}
{'Epoch': 12, 'HIT@5': '0.3242', 'NDCG@5': '0.2028', 'HIT@10': '0.5026', 'NDCG@10': '0.2602', 'HIT@20': '0.6917', 'NDCG@20': '0.3081', 'MRR@5': '0.2081', 'MRR@10': '0.2081', 'MRR@20': '0.2081'}
Validation score increased.  Saving model ...
{'epoch': 13, 'rec_avg_loss': '0.7165', 'rec_cur_loss': '0.7327'}
{'Epoch': 13, 'HIT@5': '0.3305', 'NDCG@5': '0.2081', 'HIT@10': '0.5109', 'NDCG@10': '0.2664', 'HIT@20': '0.7003', 'NDCG@20': '0.3143', 'MRR@5': '0.2133', 'MRR@10': '0.2133', 'MRR@20': '0.2133'}
Validation score increased.  Saving model ...
{'epoch': 14, 'rec_avg_loss': '0.7108', 'rec_cur_loss': '0.7072'}
{'Epoch': 14, 'HIT@5': '0.3329', 'NDCG@5': '0.2115', 'HIT@10': '0.5141', 'NDCG@10': '0.2701', 'HIT@20': '0.7012', 'NDCG@20': '0.3175', 'MRR@5': '0.2170', 'MRR@10': '0.2170', 'MRR@20': '0.2170'}
Validation score increased.  Saving model ...
{'epoch': 15, 'rec_avg_loss': '0.7046', 'rec_cur_loss': '0.7089'}
{'Epoch': 15, 'HIT@5': '0.3320', 'NDCG@5': '0.2090', 'HIT@10': '0.5134', 'NDCG@10': '0.2677', 'HIT@20': '0.7031', 'NDCG@20': '0.3158', 'MRR@5': '0.2142', 'MRR@10': '0.2142', 'MRR@20': '0.2142'}
EarlyStopping counter: 1 out of 10
{'epoch': 16, 'rec_avg_loss': '0.7019', 'rec_cur_loss': '0.7093'}
{'Epoch': 16, 'HIT@5': '0.3422', 'NDCG@5': '0.2167', 'HIT@10': '0.5225', 'NDCG@10': '0.2749', 'HIT@20': '0.7086', 'NDCG@20': '0.3221', 'MRR@5': '0.2205', 'MRR@10': '0.2205', 'MRR@20': '0.2205'}
Validation score increased.  Saving model ...
{'epoch': 17, 'rec_avg_loss': '0.6987', 'rec_cur_loss': '0.7217'}
{'Epoch': 17, 'HIT@5': '0.3429', 'NDCG@5': '0.2154', 'HIT@10': '0.5212', 'NDCG@10': '0.2729', 'HIT@20': '0.7118', 'NDCG@20': '0.3213', 'MRR@5': '0.2184', 'MRR@10': '0.2184', 'MRR@20': '0.2184'}
EarlyStopping counter: 1 out of 10
{'epoch': 18, 'rec_avg_loss': '0.6952', 'rec_cur_loss': '0.6528'}
{'Epoch': 18, 'HIT@5': '0.3444', 'NDCG@5': '0.2164', 'HIT@10': '0.5243', 'NDCG@10': '0.2746', 'HIT@20': '0.7124', 'NDCG@20': '0.3222', 'MRR@5': '0.2193', 'MRR@10': '0.2193', 'MRR@20': '0.2193'}
EarlyStopping counter: 2 out of 10
{'epoch': 19, 'rec_avg_loss': '0.6930', 'rec_cur_loss': '0.6809'}
{'Epoch': 19, 'HIT@5': '0.3478', 'NDCG@5': '0.2196', 'HIT@10': '0.5315', 'NDCG@10': '0.2788', 'HIT@20': '0.7144', 'NDCG@20': '0.3252', 'MRR@5': '0.2224', 'MRR@10': '0.2224', 'MRR@20': '0.2224'}
Validation score increased.  Saving model ...
{'epoch': 20, 'rec_avg_loss': '0.6900', 'rec_cur_loss': '0.6834'}
{'Epoch': 20, 'HIT@5': '0.3535', 'NDCG@5': '0.2228', 'HIT@10': '0.5341', 'NDCG@10': '0.2810', 'HIT@20': '0.7159', 'NDCG@20': '0.3272', 'MRR@5': '0.2243', 'MRR@10': '0.2243', 'MRR@20': '0.2243'}
Validation score increased.  Saving model ...
{'epoch': 21, 'rec_avg_loss': '0.6874', 'rec_cur_loss': '0.6832'}
{'Epoch': 21, 'HIT@5': '0.3522', 'NDCG@5': '0.2229', 'HIT@10': '0.5351', 'NDCG@10': '0.2819', 'HIT@20': '0.7187', 'NDCG@20': '0.3285', 'MRR@5': '0.2253', 'MRR@10': '0.2253', 'MRR@20': '0.2253'}
Validation score increased.  Saving model ...
{'epoch': 22, 'rec_avg_loss': '0.6833', 'rec_cur_loss': '0.6835'}
{'Epoch': 22, 'HIT@5': '0.3581', 'NDCG@5': '0.2256', 'HIT@10': '0.5376', 'NDCG@10': '0.2835', 'HIT@20': '0.7202', 'NDCG@20': '0.3299', 'MRR@5': '0.2264', 'MRR@10': '0.2264', 'MRR@20': '0.2264'}
Validation score increased.  Saving model ...
{'epoch': 23, 'rec_avg_loss': '0.6821', 'rec_cur_loss': '0.6691'}
{'Epoch': 23, 'HIT@5': '0.3621', 'NDCG@5': '0.2282', 'HIT@10': '0.5421', 'NDCG@10': '0.2862', 'HIT@20': '0.7227', 'NDCG@20': '0.3321', 'MRR@5': '0.2283', 'MRR@10': '0.2283', 'MRR@20': '0.2283'}
Validation score increased.  Saving model ...
{'epoch': 24, 'rec_avg_loss': '0.6799', 'rec_cur_loss': '0.6917'}
{'Epoch': 24, 'HIT@5': '0.3616', 'NDCG@5': '0.2282', 'HIT@10': '0.5406', 'NDCG@10': '0.2859', 'HIT@20': '0.7242', 'NDCG@20': '0.3325', 'MRR@5': '0.2285', 'MRR@10': '0.2285', 'MRR@20': '0.2285'}
Validation score increased.  Saving model ...
{'epoch': 25, 'rec_avg_loss': '0.6786', 'rec_cur_loss': '0.6925'}
{'Epoch': 25, 'HIT@5': '0.3621', 'NDCG@5': '0.2295', 'HIT@10': '0.5435', 'NDCG@10': '0.2881', 'HIT@20': '0.7255', 'NDCG@20': '0.3343', 'MRR@5': '0.2304', 'MRR@10': '0.2304', 'MRR@20': '0.2304'}
Validation score increased.  Saving model ...
{'epoch': 26, 'rec_avg_loss': '0.6732', 'rec_cur_loss': '0.6787'}
{'Epoch': 26, 'HIT@5': '0.3641', 'NDCG@5': '0.2290', 'HIT@10': '0.5417', 'NDCG@10': '0.2864', 'HIT@20': '0.7247', 'NDCG@20': '0.3329', 'MRR@5': '0.2287', 'MRR@10': '0.2287', 'MRR@20': '0.2287'}
EarlyStopping counter: 1 out of 10
{'epoch': 27, 'rec_avg_loss': '0.6728', 'rec_cur_loss': '0.6893'}
{'Epoch': 27, 'HIT@5': '0.3644', 'NDCG@5': '0.2309', 'HIT@10': '0.5450', 'NDCG@10': '0.2892', 'HIT@20': '0.7250', 'NDCG@20': '0.3349', 'MRR@5': '0.2312', 'MRR@10': '0.2312', 'MRR@20': '0.2312'}
Validation score increased.  Saving model ...
{'epoch': 28, 'rec_avg_loss': '0.6693', 'rec_cur_loss': '0.6497'}
{'Epoch': 28, 'HIT@5': '0.3677', 'NDCG@5': '0.2334', 'HIT@10': '0.5535', 'NDCG@10': '0.2936', 'HIT@20': '0.7267', 'NDCG@20': '0.3376', 'MRR@5': '0.2338', 'MRR@10': '0.2338', 'MRR@20': '0.2338'}
Validation score increased.  Saving model ...
{'epoch': 29, 'rec_avg_loss': '0.6662', 'rec_cur_loss': '0.6438'}
{'Epoch': 29, 'HIT@5': '0.3651', 'NDCG@5': '0.2327', 'HIT@10': '0.5508', 'NDCG@10': '0.2928', 'HIT@20': '0.7262', 'NDCG@20': '0.3373', 'MRR@5': '0.2338', 'MRR@10': '0.2338', 'MRR@20': '0.2338'}
EarlyStopping counter: 1 out of 10
{'epoch': 30, 'rec_avg_loss': '0.6664', 'rec_cur_loss': '0.6792'}
{'Epoch': 30, 'HIT@5': '0.3689', 'NDCG@5': '0.2370', 'HIT@10': '0.5578', 'NDCG@10': '0.2980', 'HIT@20': '0.7262', 'NDCG@20': '0.3408', 'MRR@5': '0.2381', 'MRR@10': '0.2381', 'MRR@20': '0.2381'}
Validation score increased.  Saving model ...
{'epoch': 31, 'rec_avg_loss': '0.6670', 'rec_cur_loss': '0.6712'}
{'Epoch': 31, 'HIT@5': '0.3710', 'NDCG@5': '0.2389', 'HIT@10': '0.5583', 'NDCG@10': '0.2995', 'HIT@20': '0.7283', 'NDCG@20': '0.3427', 'MRR@5': '0.2398', 'MRR@10': '0.2398', 'MRR@20': '0.2398'}
Validation score increased.  Saving model ...
{'epoch': 32, 'rec_avg_loss': '0.6655', 'rec_cur_loss': '0.6727'}
{'Epoch': 32, 'HIT@5': '0.3705', 'NDCG@5': '0.2368', 'HIT@10': '0.5548', 'NDCG@10': '0.2962', 'HIT@20': '0.7242', 'NDCG@20': '0.3393', 'MRR@5': '0.2368', 'MRR@10': '0.2368', 'MRR@20': '0.2368'}
EarlyStopping counter: 1 out of 10
{'epoch': 33, 'rec_avg_loss': '0.6630', 'rec_cur_loss': '0.6501'}
{'Epoch': 33, 'HIT@5': '0.3719', 'NDCG@5': '0.2372', 'HIT@10': '0.5568', 'NDCG@10': '0.2969', 'HIT@20': '0.7281', 'NDCG@20': '0.3404', 'MRR@5': '0.2369', 'MRR@10': '0.2369', 'MRR@20': '0.2369'}
EarlyStopping counter: 2 out of 10
{'epoch': 34, 'rec_avg_loss': '0.6624', 'rec_cur_loss': '0.6599'}
{'Epoch': 34, 'HIT@5': '0.3747', 'NDCG@5': '0.2393', 'HIT@10': '0.5568', 'NDCG@10': '0.2982', 'HIT@20': '0.7298', 'NDCG@20': '0.3420', 'MRR@5': '0.2385', 'MRR@10': '0.2385', 'MRR@20': '0.2385'}
EarlyStopping counter: 3 out of 10
{'epoch': 35, 'rec_avg_loss': '0.6586', 'rec_cur_loss': '0.6630'}
{'Epoch': 35, 'HIT@5': '0.3783', 'NDCG@5': '0.2426', 'HIT@10': '0.5666', 'NDCG@10': '0.3034', 'HIT@20': '0.7320', 'NDCG@20': '0.3453', 'MRR@5': '0.2419', 'MRR@10': '0.2419', 'MRR@20': '0.2419'}
Validation score increased.  Saving model ...
{'epoch': 36, 'rec_avg_loss': '0.6587', 'rec_cur_loss': '0.6374'}
{'Epoch': 36, 'HIT@5': '0.3781', 'NDCG@5': '0.2435', 'HIT@10': '0.5626', 'NDCG@10': '0.3031', 'HIT@20': '0.7306', 'NDCG@20': '0.3458', 'MRR@5': '0.2430', 'MRR@10': '0.2430', 'MRR@20': '0.2430'}
Validation score increased.  Saving model ...
{'epoch': 37, 'rec_avg_loss': '0.6579', 'rec_cur_loss': '0.6502'}
{'Epoch': 37, 'HIT@5': '0.3796', 'NDCG@5': '0.2434', 'HIT@10': '0.5646', 'NDCG@10': '0.3032', 'HIT@20': '0.7316', 'NDCG@20': '0.3454', 'MRR@5': '0.2422', 'MRR@10': '0.2422', 'MRR@20': '0.2422'}
EarlyStopping counter: 1 out of 10
{'epoch': 38, 'rec_avg_loss': '0.6535', 'rec_cur_loss': '0.6562'}
{'Epoch': 38, 'HIT@5': '0.3788', 'NDCG@5': '0.2437', 'HIT@10': '0.5608', 'NDCG@10': '0.3026', 'HIT@20': '0.7316', 'NDCG@20': '0.3460', 'MRR@5': '0.2430', 'MRR@10': '0.2430', 'MRR@20': '0.2430'}
EarlyStopping counter: 2 out of 10
{'epoch': 39, 'rec_avg_loss': '0.6555', 'rec_cur_loss': '0.6560'}
{'Epoch': 39, 'HIT@5': '0.3776', 'NDCG@5': '0.2425', 'HIT@10': '0.5626', 'NDCG@10': '0.3021', 'HIT@20': '0.7328', 'NDCG@20': '0.3453', 'MRR@5': '0.2417', 'MRR@10': '0.2417', 'MRR@20': '0.2417'}
EarlyStopping counter: 3 out of 10
{'epoch': 40, 'rec_avg_loss': '0.6510', 'rec_cur_loss': '0.6386'}
{'Epoch': 40, 'HIT@5': '0.3800', 'NDCG@5': '0.2444', 'HIT@10': '0.5646', 'NDCG@10': '0.3041', 'HIT@20': '0.7354', 'NDCG@20': '0.3473', 'MRR@5': '0.2435', 'MRR@10': '0.2435', 'MRR@20': '0.2435'}
Validation score increased.  Saving model ...
{'epoch': 41, 'rec_avg_loss': '0.6516', 'rec_cur_loss': '0.6566'}
{'Epoch': 41, 'HIT@5': '0.3811', 'NDCG@5': '0.2458', 'HIT@10': '0.5657', 'NDCG@10': '0.3055', 'HIT@20': '0.7343', 'NDCG@20': '0.3482', 'MRR@5': '0.2449', 'MRR@10': '0.2449', 'MRR@20': '0.2449'}
Validation score increased.  Saving model ...
{'epoch': 42, 'rec_avg_loss': '0.6521', 'rec_cur_loss': '0.6654'}
{'Epoch': 42, 'HIT@5': '0.3786', 'NDCG@5': '0.2435', 'HIT@10': '0.5649', 'NDCG@10': '0.3038', 'HIT@20': '0.7333', 'NDCG@20': '0.3465', 'MRR@5': '0.2430', 'MRR@10': '0.2430', 'MRR@20': '0.2430'}
EarlyStopping counter: 1 out of 10
{'epoch': 43, 'rec_avg_loss': '0.6505', 'rec_cur_loss': '0.6562'}
{'Epoch': 43, 'HIT@5': '0.3854', 'NDCG@5': '0.2476', 'HIT@10': '0.5654', 'NDCG@10': '0.3059', 'HIT@20': '0.7354', 'NDCG@20': '0.3490', 'MRR@5': '0.2455', 'MRR@10': '0.2455', 'MRR@20': '0.2455'}
Validation score increased.  Saving model ...
{'epoch': 44, 'rec_avg_loss': '0.6497', 'rec_cur_loss': '0.6630'}
{'Epoch': 44, 'HIT@5': '0.3863', 'NDCG@5': '0.2493', 'HIT@10': '0.5666', 'NDCG@10': '0.3076', 'HIT@20': '0.7377', 'NDCG@20': '0.3510', 'MRR@5': '0.2474', 'MRR@10': '0.2474', 'MRR@20': '0.2474'}
Validation score increased.  Saving model ...
{'epoch': 45, 'rec_avg_loss': '0.6479', 'rec_cur_loss': '0.6261'}
{'Epoch': 45, 'HIT@5': '0.3866', 'NDCG@5': '0.2503', 'HIT@10': '0.5684', 'NDCG@10': '0.3093', 'HIT@20': '0.7368', 'NDCG@20': '0.3520', 'MRR@5': '0.2489', 'MRR@10': '0.2489', 'MRR@20': '0.2489'}
Validation score increased.  Saving model ...
{'epoch': 46, 'rec_avg_loss': '0.6491', 'rec_cur_loss': '0.6605'}
{'Epoch': 46, 'HIT@5': '0.3894', 'NDCG@5': '0.2502', 'HIT@10': '0.5647', 'NDCG@10': '0.3070', 'HIT@20': '0.7344', 'NDCG@20': '0.3501', 'MRR@5': '0.2472', 'MRR@10': '0.2472', 'MRR@20': '0.2472'}
EarlyStopping counter: 1 out of 10
{'epoch': 47, 'rec_avg_loss': '0.6474', 'rec_cur_loss': '0.6886'}
{'Epoch': 47, 'HIT@5': '0.3921', 'NDCG@5': '0.2527', 'HIT@10': '0.5700', 'NDCG@10': '0.3103', 'HIT@20': '0.7363', 'NDCG@20': '0.3525', 'MRR@5': '0.2496', 'MRR@10': '0.2496', 'MRR@20': '0.2496'}
Validation score increased.  Saving model ...
{'epoch': 48, 'rec_avg_loss': '0.6437', 'rec_cur_loss': '0.6465'}
{'Epoch': 48, 'HIT@5': '0.3896', 'NDCG@5': '0.2518', 'HIT@10': '0.5695', 'NDCG@10': '0.3101', 'HIT@20': '0.7381', 'NDCG@20': '0.3529', 'MRR@5': '0.2496', 'MRR@10': '0.2496', 'MRR@20': '0.2496'}
Validation score increased.  Saving model ...
{'epoch': 49, 'rec_avg_loss': '0.6426', 'rec_cur_loss': '0.6198'}
{'Epoch': 49, 'HIT@5': '0.3935', 'NDCG@5': '0.2533', 'HIT@10': '0.5733', 'NDCG@10': '0.3114', 'HIT@20': '0.7371', 'NDCG@20': '0.3530', 'MRR@5': '0.2499', 'MRR@10': '0.2499', 'MRR@20': '0.2499'}
Validation score increased.  Saving model ...
{'epoch': 50, 'rec_avg_loss': '0.6433', 'rec_cur_loss': '0.6518'}
{'Epoch': 50, 'HIT@5': '0.3947', 'NDCG@5': '0.2554', 'HIT@10': '0.5725', 'NDCG@10': '0.3130', 'HIT@20': '0.7387', 'NDCG@20': '0.3551', 'MRR@5': '0.2521', 'MRR@10': '0.2521', 'MRR@20': '0.2521'}
Validation score increased.  Saving model ...
{'epoch': 51, 'rec_avg_loss': '0.6410', 'rec_cur_loss': '0.6542'}
{'Epoch': 51, 'HIT@5': '0.3960', 'NDCG@5': '0.2564', 'HIT@10': '0.5724', 'NDCG@10': '0.3134', 'HIT@20': '0.7374', 'NDCG@20': '0.3554', 'MRR@5': '0.2528', 'MRR@10': '0.2528', 'MRR@20': '0.2528'}
Validation score increased.  Saving model ...
{'epoch': 52, 'rec_avg_loss': '0.6414', 'rec_cur_loss': '0.6432'}
{'Epoch': 52, 'HIT@5': '0.3957', 'NDCG@5': '0.2561', 'HIT@10': '0.5722', 'NDCG@10': '0.3132', 'HIT@20': '0.7391', 'NDCG@20': '0.3555', 'MRR@5': '0.2526', 'MRR@10': '0.2526', 'MRR@20': '0.2526'}
EarlyStopping counter: 1 out of 10
{'epoch': 53, 'rec_avg_loss': '0.6394', 'rec_cur_loss': '0.6548'}
{'Epoch': 53, 'HIT@5': '0.3944', 'NDCG@5': '0.2571', 'HIT@10': '0.5725', 'NDCG@10': '0.3149', 'HIT@20': '0.7386', 'NDCG@20': '0.3571', 'MRR@5': '0.2546', 'MRR@10': '0.2546', 'MRR@20': '0.2546'}
Validation score increased.  Saving model ...
{'epoch': 54, 'rec_avg_loss': '0.6373', 'rec_cur_loss': '0.6197'}
{'Epoch': 54, 'HIT@5': '0.3952', 'NDCG@5': '0.2564', 'HIT@10': '0.5757', 'NDCG@10': '0.3149', 'HIT@20': '0.7382', 'NDCG@20': '0.3562', 'MRR@5': '0.2535', 'MRR@10': '0.2535', 'MRR@20': '0.2535'}
EarlyStopping counter: 1 out of 10
{'epoch': 55, 'rec_avg_loss': '0.6406', 'rec_cur_loss': '0.6487'}
{'Epoch': 55, 'HIT@5': '0.3978', 'NDCG@5': '0.2592', 'HIT@10': '0.5778', 'NDCG@10': '0.3174', 'HIT@20': '0.7381', 'NDCG@20': '0.3580', 'MRR@5': '0.2560', 'MRR@10': '0.2560', 'MRR@20': '0.2560'}
Validation score increased.  Saving model ...
{'epoch': 56, 'rec_avg_loss': '0.6383', 'rec_cur_loss': '0.6614'}
{'Epoch': 56, 'HIT@5': '0.4000', 'NDCG@5': '0.2606', 'HIT@10': '0.5793', 'NDCG@10': '0.3186', 'HIT@20': '0.7409', 'NDCG@20': '0.3596', 'MRR@5': '0.2571', 'MRR@10': '0.2571', 'MRR@20': '0.2571'}
Validation score increased.  Saving model ...
{'epoch': 57, 'rec_avg_loss': '0.6376', 'rec_cur_loss': '0.6308'}
{'Epoch': 57, 'HIT@5': '0.3937', 'NDCG@5': '0.2566', 'HIT@10': '0.5762', 'NDCG@10': '0.3158', 'HIT@20': '0.7391', 'NDCG@20': '0.3571', 'MRR@5': '0.2545', 'MRR@10': '0.2545', 'MRR@20': '0.2545'}
EarlyStopping counter: 1 out of 10
{'epoch': 58, 'rec_avg_loss': '0.6360', 'rec_cur_loss': '0.6240'}
{'Epoch': 58, 'HIT@5': '0.4035', 'NDCG@5': '0.2624', 'HIT@10': '0.5813', 'NDCG@10': '0.3199', 'HIT@20': '0.7384', 'NDCG@20': '0.3597', 'MRR@5': '0.2579', 'MRR@10': '0.2579', 'MRR@20': '0.2579'}
Validation score increased.  Saving model ...
{'epoch': 59, 'rec_avg_loss': '0.6349', 'rec_cur_loss': '0.6357'}
{'Epoch': 59, 'HIT@5': '0.3995', 'NDCG@5': '0.2596', 'HIT@10': '0.5776', 'NDCG@10': '0.3171', 'HIT@20': '0.7376', 'NDCG@20': '0.3576', 'MRR@5': '0.2556', 'MRR@10': '0.2556', 'MRR@20': '0.2556'}
EarlyStopping counter: 1 out of 10
{'epoch': 60, 'rec_avg_loss': '0.6340', 'rec_cur_loss': '0.6622'}
{'Epoch': 60, 'HIT@5': '0.4068', 'NDCG@5': '0.2630', 'HIT@10': '0.5854', 'NDCG@10': '0.3205', 'HIT@20': '0.7411', 'NDCG@20': '0.3599', 'MRR@5': '0.2573', 'MRR@10': '0.2573', 'MRR@20': '0.2573'}
EarlyStopping counter: 2 out of 10
{'epoch': 61, 'rec_avg_loss': '0.6328', 'rec_cur_loss': '0.6215'}
{'Epoch': 61, 'HIT@5': '0.4068', 'NDCG@5': '0.2625', 'HIT@10': '0.5828', 'NDCG@10': '0.3193', 'HIT@20': '0.7392', 'NDCG@20': '0.3590', 'MRR@5': '0.2566', 'MRR@10': '0.2566', 'MRR@20': '0.2566'}
EarlyStopping counter: 3 out of 10
{'epoch': 62, 'rec_avg_loss': '0.6332', 'rec_cur_loss': '0.6147'}
{'Epoch': 62, 'HIT@5': '0.4008', 'NDCG@5': '0.2599', 'HIT@10': '0.5793', 'NDCG@10': '0.3176', 'HIT@20': '0.7386', 'NDCG@20': '0.3579', 'MRR@5': '0.2556', 'MRR@10': '0.2556', 'MRR@20': '0.2556'}
EarlyStopping counter: 4 out of 10
{'epoch': 63, 'rec_avg_loss': '0.6311', 'rec_cur_loss': '0.6486'}
{'Epoch': 63, 'HIT@5': '0.4086', 'NDCG@5': '0.2660', 'HIT@10': '0.5849', 'NDCG@10': '0.3231', 'HIT@20': '0.7417', 'NDCG@20': '0.3628', 'MRR@5': '0.2608', 'MRR@10': '0.2608', 'MRR@20': '0.2608'}
Validation score increased.  Saving model ...
{'epoch': 64, 'rec_avg_loss': '0.6319', 'rec_cur_loss': '0.6332'}
{'Epoch': 64, 'HIT@5': '0.4025', 'NDCG@5': '0.2630', 'HIT@10': '0.5815', 'NDCG@10': '0.3211', 'HIT@20': '0.7421', 'NDCG@20': '0.3619', 'MRR@5': '0.2596', 'MRR@10': '0.2596', 'MRR@20': '0.2596'}
EarlyStopping counter: 1 out of 10
{'epoch': 65, 'rec_avg_loss': '0.6307', 'rec_cur_loss': '0.6522'}
{'Epoch': 65, 'HIT@5': '0.4031', 'NDCG@5': '0.2626', 'HIT@10': '0.5806', 'NDCG@10': '0.3200', 'HIT@20': '0.7404', 'NDCG@20': '0.3604', 'MRR@5': '0.2582', 'MRR@10': '0.2582', 'MRR@20': '0.2582'}
EarlyStopping counter: 2 out of 10
{'epoch': 66, 'rec_avg_loss': '0.6304', 'rec_cur_loss': '0.6454'}
{'Epoch': 66, 'HIT@5': '0.4070', 'NDCG@5': '0.2648', 'HIT@10': '0.5796', 'NDCG@10': '0.3207', 'HIT@20': '0.7422', 'NDCG@20': '0.3619', 'MRR@5': '0.2595', 'MRR@10': '0.2595', 'MRR@20': '0.2595'}
EarlyStopping counter: 3 out of 10
{'epoch': 67, 'rec_avg_loss': '0.6274', 'rec_cur_loss': '0.6263'}
{'Epoch': 67, 'HIT@5': '0.4073', 'NDCG@5': '0.2674', 'HIT@10': '0.5856', 'NDCG@10': '0.3251', 'HIT@20': '0.7432', 'NDCG@20': '0.3649', 'MRR@5': '0.2632', 'MRR@10': '0.2632', 'MRR@20': '0.2632'}
Validation score increased.  Saving model ...
{'epoch': 68, 'rec_avg_loss': '0.6268', 'rec_cur_loss': '0.6202'}
{'Epoch': 68, 'HIT@5': '0.4050', 'NDCG@5': '0.2650', 'HIT@10': '0.5849', 'NDCG@10': '0.3233', 'HIT@20': '0.7394', 'NDCG@20': '0.3625', 'MRR@5': '0.2610', 'MRR@10': '0.2610', 'MRR@20': '0.2610'}
EarlyStopping counter: 1 out of 10
{'epoch': 69, 'rec_avg_loss': '0.6288', 'rec_cur_loss': '0.6418'}
{'Epoch': 69, 'HIT@5': '0.4084', 'NDCG@5': '0.2670', 'HIT@10': '0.5879', 'NDCG@10': '0.3250', 'HIT@20': '0.7421', 'NDCG@20': '0.3641', 'MRR@5': '0.2623', 'MRR@10': '0.2623', 'MRR@20': '0.2623'}
EarlyStopping counter: 2 out of 10
{'epoch': 70, 'rec_avg_loss': '0.6275', 'rec_cur_loss': '0.5961'}
{'Epoch': 70, 'HIT@5': '0.4084', 'NDCG@5': '0.2645', 'HIT@10': '0.5831', 'NDCG@10': '0.3210', 'HIT@20': '0.7416', 'NDCG@20': '0.3612', 'MRR@5': '0.2587', 'MRR@10': '0.2587', 'MRR@20': '0.2587'}
EarlyStopping counter: 3 out of 10
{'epoch': 71, 'rec_avg_loss': '0.6246', 'rec_cur_loss': '0.6427'}
{'Epoch': 71, 'HIT@5': '0.4096', 'NDCG@5': '0.2664', 'HIT@10': '0.5841', 'NDCG@10': '0.3227', 'HIT@20': '0.7402', 'NDCG@20': '0.3623', 'MRR@5': '0.2604', 'MRR@10': '0.2604', 'MRR@20': '0.2604'}
EarlyStopping counter: 4 out of 10
{'epoch': 72, 'rec_avg_loss': '0.6265', 'rec_cur_loss': '0.6213'}
{'Epoch': 72, 'HIT@5': '0.4134', 'NDCG@5': '0.2724', 'HIT@10': '0.5891', 'NDCG@10': '0.3291', 'HIT@20': '0.7435', 'NDCG@20': '0.3683', 'MRR@5': '0.2671', 'MRR@10': '0.2671', 'MRR@20': '0.2671'}
Validation score increased.  Saving model ...
{'epoch': 73, 'rec_avg_loss': '0.6262', 'rec_cur_loss': '0.6167'}
{'Epoch': 73, 'HIT@5': '0.4151', 'NDCG@5': '0.2737', 'HIT@10': '0.5935', 'NDCG@10': '0.3312', 'HIT@20': '0.7447', 'NDCG@20': '0.3695', 'MRR@5': '0.2684', 'MRR@10': '0.2684', 'MRR@20': '0.2684'}
Validation score increased.  Saving model ...
{'epoch': 74, 'rec_avg_loss': '0.6256', 'rec_cur_loss': '0.6579'}
{'Epoch': 74, 'HIT@5': '0.4162', 'NDCG@5': '0.2718', 'HIT@10': '0.5899', 'NDCG@10': '0.3279', 'HIT@20': '0.7439', 'NDCG@20': '0.3670', 'MRR@5': '0.2652', 'MRR@10': '0.2652', 'MRR@20': '0.2652'}
EarlyStopping counter: 1 out of 10
{'epoch': 75, 'rec_avg_loss': '0.6236', 'rec_cur_loss': '0.6191'}
{'Epoch': 75, 'HIT@5': '0.4179', 'NDCG@5': '0.2722', 'HIT@10': '0.5889', 'NDCG@10': '0.3275', 'HIT@20': '0.7411', 'NDCG@20': '0.3662', 'MRR@5': '0.2650', 'MRR@10': '0.2650', 'MRR@20': '0.2650'}
EarlyStopping counter: 2 out of 10
{'epoch': 76, 'rec_avg_loss': '0.6214', 'rec_cur_loss': '0.6097'}
{'Epoch': 76, 'HIT@5': '0.4162', 'NDCG@5': '0.2727', 'HIT@10': '0.5869', 'NDCG@10': '0.3279', 'HIT@20': '0.7432', 'NDCG@20': '0.3676', 'MRR@5': '0.2663', 'MRR@10': '0.2663', 'MRR@20': '0.2663'}
EarlyStopping counter: 3 out of 10
{'epoch': 77, 'rec_avg_loss': '0.6197', 'rec_cur_loss': '0.6395'}
{'Epoch': 77, 'HIT@5': '0.4124', 'NDCG@5': '0.2702', 'HIT@10': '0.5896', 'NDCG@10': '0.3276', 'HIT@20': '0.7424', 'NDCG@20': '0.3663', 'MRR@5': '0.2649', 'MRR@10': '0.2649', 'MRR@20': '0.2649'}
EarlyStopping counter: 4 out of 10
{'epoch': 78, 'rec_avg_loss': '0.6201', 'rec_cur_loss': '0.6098'}
{'Epoch': 78, 'HIT@5': '0.4210', 'NDCG@5': '0.2769', 'HIT@10': '0.6003', 'NDCG@10': '0.3350', 'HIT@20': '0.7493', 'NDCG@20': '0.3727', 'MRR@5': '0.2707', 'MRR@10': '0.2707', 'MRR@20': '0.2707'}
Validation score increased.  Saving model ...
{'epoch': 79, 'rec_avg_loss': '0.6210', 'rec_cur_loss': '0.6435'}
{'Epoch': 79, 'HIT@5': '0.4149', 'NDCG@5': '0.2733', 'HIT@10': '0.5911', 'NDCG@10': '0.3304', 'HIT@20': '0.7485', 'NDCG@20': '0.3703', 'MRR@5': '0.2682', 'MRR@10': '0.2682', 'MRR@20': '0.2682'}
EarlyStopping counter: 1 out of 10
{'epoch': 80, 'rec_avg_loss': '0.6193', 'rec_cur_loss': '0.6432'}
{'Epoch': 80, 'HIT@5': '0.4171', 'NDCG@5': '0.2738', 'HIT@10': '0.5911', 'NDCG@10': '0.3301', 'HIT@20': '0.7454', 'NDCG@20': '0.3692', 'MRR@5': '0.2678', 'MRR@10': '0.2678', 'MRR@20': '0.2678'}
EarlyStopping counter: 2 out of 10
{'epoch': 81, 'rec_avg_loss': '0.6209', 'rec_cur_loss': '0.6321'}
{'Epoch': 81, 'HIT@5': '0.4152', 'NDCG@5': '0.2737', 'HIT@10': '0.5924', 'NDCG@10': '0.3310', 'HIT@20': '0.7462', 'NDCG@20': '0.3701', 'MRR@5': '0.2685', 'MRR@10': '0.2685', 'MRR@20': '0.2685'}
EarlyStopping counter: 3 out of 10
{'epoch': 82, 'rec_avg_loss': '0.6186', 'rec_cur_loss': '0.6274'}
{'Epoch': 82, 'HIT@5': '0.4219', 'NDCG@5': '0.2776', 'HIT@10': '0.5965', 'NDCG@10': '0.3343', 'HIT@20': '0.7455', 'NDCG@20': '0.3721', 'MRR@5': '0.2711', 'MRR@10': '0.2711', 'MRR@20': '0.2711'}
Validation score increased.  Saving model ...
{'epoch': 83, 'rec_avg_loss': '0.6188', 'rec_cur_loss': '0.6059'}
{'Epoch': 83, 'HIT@5': '0.4187', 'NDCG@5': '0.2749', 'HIT@10': '0.5927', 'NDCG@10': '0.3312', 'HIT@20': '0.7472', 'NDCG@20': '0.3703', 'MRR@5': '0.2685', 'MRR@10': '0.2685', 'MRR@20': '0.2685'}
EarlyStopping counter: 1 out of 10
{'epoch': 84, 'rec_avg_loss': '0.6174', 'rec_cur_loss': '0.5792'}
{'Epoch': 84, 'HIT@5': '0.4189', 'NDCG@5': '0.2769', 'HIT@10': '0.5993', 'NDCG@10': '0.3353', 'HIT@20': '0.7488', 'NDCG@20': '0.3731', 'MRR@5': '0.2715', 'MRR@10': '0.2715', 'MRR@20': '0.2715'}
Validation score increased.  Saving model ...
{'epoch': 85, 'rec_avg_loss': '0.6182', 'rec_cur_loss': '0.6336'}
{'Epoch': 85, 'HIT@5': '0.4182', 'NDCG@5': '0.2764', 'HIT@10': '0.5982', 'NDCG@10': '0.3348', 'HIT@20': '0.7464', 'NDCG@20': '0.3724', 'MRR@5': '0.2713', 'MRR@10': '0.2713', 'MRR@20': '0.2713'}
EarlyStopping counter: 1 out of 10
{'epoch': 86, 'rec_avg_loss': '0.6166', 'rec_cur_loss': '0.6274'}
{'Epoch': 86, 'HIT@5': '0.4281', 'NDCG@5': '0.2829', 'HIT@10': '0.6060', 'NDCG@10': '0.3403', 'HIT@20': '0.7493', 'NDCG@20': '0.3767', 'MRR@5': '0.2758', 'MRR@10': '0.2758', 'MRR@20': '0.2758'}
Validation score increased.  Saving model ...
{'epoch': 87, 'rec_avg_loss': '0.6141', 'rec_cur_loss': '0.6284'}
{'Epoch': 87, 'HIT@5': '0.4245', 'NDCG@5': '0.2811', 'HIT@10': '0.6010', 'NDCG@10': '0.3384', 'HIT@20': '0.7472', 'NDCG@20': '0.3755', 'MRR@5': '0.2749', 'MRR@10': '0.2749', 'MRR@20': '0.2749'}
EarlyStopping counter: 1 out of 10
{'epoch': 88, 'rec_avg_loss': '0.6146', 'rec_cur_loss': '0.6068'}
{'Epoch': 88, 'HIT@5': '0.4272', 'NDCG@5': '0.2819', 'HIT@10': '0.6028', 'NDCG@10': '0.3387', 'HIT@20': '0.7465', 'NDCG@20': '0.3751', 'MRR@5': '0.2746', 'MRR@10': '0.2746', 'MRR@20': '0.2746'}
EarlyStopping counter: 2 out of 10
{'epoch': 89, 'rec_avg_loss': '0.6139', 'rec_cur_loss': '0.6136'}
{'Epoch': 89, 'HIT@5': '0.4228', 'NDCG@5': '0.2797', 'HIT@10': '0.6008', 'NDCG@10': '0.3373', 'HIT@20': '0.7460', 'NDCG@20': '0.3741', 'MRR@5': '0.2736', 'MRR@10': '0.2736', 'MRR@20': '0.2736'}
EarlyStopping counter: 3 out of 10
{'epoch': 90, 'rec_avg_loss': '0.6166', 'rec_cur_loss': '0.6222'}
{'Epoch': 90, 'HIT@5': '0.4217', 'NDCG@5': '0.2785', 'HIT@10': '0.6003', 'NDCG@10': '0.3362', 'HIT@20': '0.7465', 'NDCG@20': '0.3732', 'MRR@5': '0.2723', 'MRR@10': '0.2723', 'MRR@20': '0.2723'}
EarlyStopping counter: 4 out of 10
{'epoch': 91, 'rec_avg_loss': '0.6156', 'rec_cur_loss': '0.6173'}
{'Epoch': 91, 'HIT@5': '0.4214', 'NDCG@5': '0.2789', 'HIT@10': '0.6020', 'NDCG@10': '0.3372', 'HIT@20': '0.7483', 'NDCG@20': '0.3742', 'MRR@5': '0.2730', 'MRR@10': '0.2730', 'MRR@20': '0.2730'}
EarlyStopping counter: 5 out of 10
{'epoch': 92, 'rec_avg_loss': '0.6132', 'rec_cur_loss': '0.6090'}
{'Epoch': 92, 'HIT@5': '0.4210', 'NDCG@5': '0.2805', 'HIT@10': '0.6010', 'NDCG@10': '0.3388', 'HIT@20': '0.7490', 'NDCG@20': '0.3763', 'MRR@5': '0.2756', 'MRR@10': '0.2756', 'MRR@20': '0.2756'}
EarlyStopping counter: 6 out of 10
{'epoch': 93, 'rec_avg_loss': '0.6134', 'rec_cur_loss': '0.6099'}
{'Epoch': 93, 'HIT@5': '0.4275', 'NDCG@5': '0.2859', 'HIT@10': '0.6041', 'NDCG@10': '0.3433', 'HIT@20': '0.7488', 'NDCG@20': '0.3800', 'MRR@5': '0.2802', 'MRR@10': '0.2802', 'MRR@20': '0.2802'}
Validation score increased.  Saving model ...
{'epoch': 94, 'rec_avg_loss': '0.6108', 'rec_cur_loss': '0.6250'}
{'Epoch': 94, 'HIT@5': '0.4298', 'NDCG@5': '0.2870', 'HIT@10': '0.6066', 'NDCG@10': '0.3444', 'HIT@20': '0.7475', 'NDCG@20': '0.3801', 'MRR@5': '0.2806', 'MRR@10': '0.2806', 'MRR@20': '0.2806'}
Validation score increased.  Saving model ...
{'epoch': 95, 'rec_avg_loss': '0.6147', 'rec_cur_loss': '0.6165'}
{'Epoch': 95, 'HIT@5': '0.4272', 'NDCG@5': '0.2849', 'HIT@10': '0.6036', 'NDCG@10': '0.3423', 'HIT@20': '0.7478', 'NDCG@20': '0.3789', 'MRR@5': '0.2790', 'MRR@10': '0.2790', 'MRR@20': '0.2790'}
EarlyStopping counter: 1 out of 10
{'epoch': 96, 'rec_avg_loss': '0.6116', 'rec_cur_loss': '0.5931'}
{'Epoch': 96, 'HIT@5': '0.4301', 'NDCG@5': '0.2866', 'HIT@10': '0.6063', 'NDCG@10': '0.3438', 'HIT@20': '0.7505', 'NDCG@20': '0.3803', 'MRR@5': '0.2799', 'MRR@10': '0.2799', 'MRR@20': '0.2799'}
EarlyStopping counter: 2 out of 10
{'epoch': 97, 'rec_avg_loss': '0.6108', 'rec_cur_loss': '0.6191'}
{'Epoch': 97, 'HIT@5': '0.4285', 'NDCG@5': '0.2860', 'HIT@10': '0.6083', 'NDCG@10': '0.3444', 'HIT@20': '0.7525', 'NDCG@20': '0.3809', 'MRR@5': '0.2800', 'MRR@10': '0.2800', 'MRR@20': '0.2800'}
EarlyStopping counter: 3 out of 10
{'epoch': 98, 'rec_avg_loss': '0.6103', 'rec_cur_loss': '0.6135'}
{'Epoch': 98, 'HIT@5': '0.4334', 'NDCG@5': '0.2884', 'HIT@10': '0.6073', 'NDCG@10': '0.3447', 'HIT@20': '0.7507', 'NDCG@20': '0.3810', 'MRR@5': '0.2808', 'MRR@10': '0.2808', 'MRR@20': '0.2808'}
Validation score increased.  Saving model ...
{'epoch': 99, 'rec_avg_loss': '0.6120', 'rec_cur_loss': '0.6092'}
{'Epoch': 99, 'HIT@5': '0.4344', 'NDCG@5': '0.2881', 'HIT@10': '0.6070', 'NDCG@10': '0.3440', 'HIT@20': '0.7520', 'NDCG@20': '0.3808', 'MRR@5': '0.2800', 'MRR@10': '0.2800', 'MRR@20': '0.2800'}
EarlyStopping counter: 1 out of 10
{'epoch': 100, 'rec_avg_loss': '0.6064', 'rec_cur_loss': '0.6139'}
{'Epoch': 100, 'HIT@5': '0.4348', 'NDCG@5': '0.2907', 'HIT@10': '0.6071', 'NDCG@10': '0.3466', 'HIT@20': '0.7520', 'NDCG@20': '0.3834', 'MRR@5': '0.2834', 'MRR@10': '0.2834', 'MRR@20': '0.2834'}
Validation score increased.  Saving model ...
{'epoch': 101, 'rec_avg_loss': '0.6082', 'rec_cur_loss': '0.6154'}
{'Epoch': 101, 'HIT@5': '0.4325', 'NDCG@5': '0.2875', 'HIT@10': '0.6050', 'NDCG@10': '0.3433', 'HIT@20': '0.7483', 'NDCG@20': '0.3797', 'MRR@5': '0.2798', 'MRR@10': '0.2798', 'MRR@20': '0.2798'}
EarlyStopping counter: 1 out of 10
{'epoch': 102, 'rec_avg_loss': '0.6060', 'rec_cur_loss': '0.5711'}
{'Epoch': 102, 'HIT@5': '0.4382', 'NDCG@5': '0.2901', 'HIT@10': '0.6124', 'NDCG@10': '0.3464', 'HIT@20': '0.7533', 'NDCG@20': '0.3820', 'MRR@5': '0.2811', 'MRR@10': '0.2811', 'MRR@20': '0.2811'}
EarlyStopping counter: 2 out of 10
{'epoch': 103, 'rec_avg_loss': '0.6056', 'rec_cur_loss': '0.6105'}
{'Epoch': 103, 'HIT@5': '0.4379', 'NDCG@5': '0.2923', 'HIT@10': '0.6098', 'NDCG@10': '0.3479', 'HIT@20': '0.7522', 'NDCG@20': '0.3839', 'MRR@5': '0.2840', 'MRR@10': '0.2840', 'MRR@20': '0.2840'}
Validation score increased.  Saving model ...
{'epoch': 104, 'rec_avg_loss': '0.6046', 'rec_cur_loss': '0.6083'}
{'Epoch': 104, 'HIT@5': '0.4381', 'NDCG@5': '0.2915', 'HIT@10': '0.6099', 'NDCG@10': '0.3471', 'HIT@20': '0.7513', 'NDCG@20': '0.3830', 'MRR@5': '0.2830', 'MRR@10': '0.2830', 'MRR@20': '0.2830'}
EarlyStopping counter: 1 out of 10
{'epoch': 105, 'rec_avg_loss': '0.6047', 'rec_cur_loss': '0.6052'}
{'Epoch': 105, 'HIT@5': '0.4412', 'NDCG@5': '0.2935', 'HIT@10': '0.6146', 'NDCG@10': '0.3495', 'HIT@20': '0.7550', 'NDCG@20': '0.3850', 'MRR@5': '0.2844', 'MRR@10': '0.2844', 'MRR@20': '0.2844'}
Validation score increased.  Saving model ...
{'epoch': 106, 'rec_avg_loss': '0.6053', 'rec_cur_loss': '0.6009'}
{'Epoch': 106, 'HIT@5': '0.4374', 'NDCG@5': '0.2914', 'HIT@10': '0.6123', 'NDCG@10': '0.3481', 'HIT@20': '0.7558', 'NDCG@20': '0.3844', 'MRR@5': '0.2834', 'MRR@10': '0.2834', 'MRR@20': '0.2834'}
EarlyStopping counter: 1 out of 10
{'epoch': 107, 'rec_avg_loss': '0.6018', 'rec_cur_loss': '0.6084'}
{'Epoch': 107, 'HIT@5': '0.4414', 'NDCG@5': '0.2940', 'HIT@10': '0.6137', 'NDCG@10': '0.3497', 'HIT@20': '0.7540', 'NDCG@20': '0.3852', 'MRR@5': '0.2849', 'MRR@10': '0.2849', 'MRR@20': '0.2849'}
Validation score increased.  Saving model ...
{'epoch': 108, 'rec_avg_loss': '0.6030', 'rec_cur_loss': '0.6080'}
{'Epoch': 108, 'HIT@5': '0.4421', 'NDCG@5': '0.2946', 'HIT@10': '0.6129', 'NDCG@10': '0.3500', 'HIT@20': '0.7538', 'NDCG@20': '0.3857', 'MRR@5': '0.2855', 'MRR@10': '0.2855', 'MRR@20': '0.2855'}
Validation score increased.  Saving model ...
{'epoch': 109, 'rec_avg_loss': '0.6036', 'rec_cur_loss': '0.5849'}
{'Epoch': 109, 'HIT@5': '0.4449', 'NDCG@5': '0.2965', 'HIT@10': '0.6116', 'NDCG@10': '0.3505', 'HIT@20': '0.7540', 'NDCG@20': '0.3865', 'MRR@5': '0.2866', 'MRR@10': '0.2866', 'MRR@20': '0.2866'}
Validation score increased.  Saving model ...
{'epoch': 110, 'rec_avg_loss': '0.6036', 'rec_cur_loss': '0.5689'}
{'Epoch': 110, 'HIT@5': '0.4412', 'NDCG@5': '0.2957', 'HIT@10': '0.6119', 'NDCG@10': '0.3511', 'HIT@20': '0.7533', 'NDCG@20': '0.3869', 'MRR@5': '0.2874', 'MRR@10': '0.2874', 'MRR@20': '0.2874'}
Validation score increased.  Saving model ...
{'epoch': 111, 'rec_avg_loss': '0.6018', 'rec_cur_loss': '0.6131'}
{'Epoch': 111, 'HIT@5': '0.4421', 'NDCG@5': '0.2953', 'HIT@10': '0.6123', 'NDCG@10': '0.3505', 'HIT@20': '0.7538', 'NDCG@20': '0.3863', 'MRR@5': '0.2865', 'MRR@10': '0.2865', 'MRR@20': '0.2865'}
EarlyStopping counter: 1 out of 10
{'epoch': 112, 'rec_avg_loss': '0.6008', 'rec_cur_loss': '0.5987'}
{'Epoch': 112, 'HIT@5': '0.4407', 'NDCG@5': '0.2942', 'HIT@10': '0.6137', 'NDCG@10': '0.3502', 'HIT@20': '0.7560', 'NDCG@20': '0.3863', 'MRR@5': '0.2857', 'MRR@10': '0.2857', 'MRR@20': '0.2857'}
EarlyStopping counter: 2 out of 10
{'epoch': 113, 'rec_avg_loss': '0.6014', 'rec_cur_loss': '0.5897'}
{'Epoch': 113, 'HIT@5': '0.4469', 'NDCG@5': '0.2984', 'HIT@10': '0.6164', 'NDCG@10': '0.3534', 'HIT@20': '0.7576', 'NDCG@20': '0.3892', 'MRR@5': '0.2887', 'MRR@10': '0.2887', 'MRR@20': '0.2887'}
Validation score increased.  Saving model ...
{'epoch': 114, 'rec_avg_loss': '0.6002', 'rec_cur_loss': '0.6249'}
{'Epoch': 114, 'HIT@5': '0.4432', 'NDCG@5': '0.2943', 'HIT@10': '0.6141', 'NDCG@10': '0.3495', 'HIT@20': '0.7571', 'NDCG@20': '0.3858', 'MRR@5': '0.2847', 'MRR@10': '0.2847', 'MRR@20': '0.2847'}
EarlyStopping counter: 1 out of 10
{'epoch': 115, 'rec_avg_loss': '0.6010', 'rec_cur_loss': '0.6152'}
{'Epoch': 115, 'HIT@5': '0.4425', 'NDCG@5': '0.2957', 'HIT@10': '0.6169', 'NDCG@10': '0.3522', 'HIT@20': '0.7575', 'NDCG@20': '0.3877', 'MRR@5': '0.2869', 'MRR@10': '0.2869', 'MRR@20': '0.2869'}
EarlyStopping counter: 2 out of 10
{'epoch': 116, 'rec_avg_loss': '0.5980', 'rec_cur_loss': '0.5932'}
{'Epoch': 116, 'HIT@5': '0.4430', 'NDCG@5': '0.2959', 'HIT@10': '0.6144', 'NDCG@10': '0.3513', 'HIT@20': '0.7536', 'NDCG@20': '0.3867', 'MRR@5': '0.2868', 'MRR@10': '0.2868', 'MRR@20': '0.2868'}
EarlyStopping counter: 3 out of 10
{'epoch': 117, 'rec_avg_loss': '0.5988', 'rec_cur_loss': '0.5852'}
{'Epoch': 117, 'HIT@5': '0.4478', 'NDCG@5': '0.3000', 'HIT@10': '0.6174', 'NDCG@10': '0.3549', 'HIT@20': '0.7578', 'NDCG@20': '0.3904', 'MRR@5': '0.2904', 'MRR@10': '0.2904', 'MRR@20': '0.2904'}
Validation score increased.  Saving model ...
{'epoch': 118, 'rec_avg_loss': '0.5988', 'rec_cur_loss': '0.6185'}
{'Epoch': 118, 'HIT@5': '0.4457', 'NDCG@5': '0.2973', 'HIT@10': '0.6175', 'NDCG@10': '0.3528', 'HIT@20': '0.7553', 'NDCG@20': '0.3878', 'MRR@5': '0.2877', 'MRR@10': '0.2877', 'MRR@20': '0.2877'}
EarlyStopping counter: 1 out of 10
{'epoch': 119, 'rec_avg_loss': '0.5971', 'rec_cur_loss': '0.6263'}
{'Epoch': 119, 'HIT@5': '0.4467', 'NDCG@5': '0.2972', 'HIT@10': '0.6192', 'NDCG@10': '0.3529', 'HIT@20': '0.7576', 'NDCG@20': '0.3879', 'MRR@5': '0.2872', 'MRR@10': '0.2872', 'MRR@20': '0.2872'}
EarlyStopping counter: 2 out of 10
{'epoch': 120, 'rec_avg_loss': '0.5973', 'rec_cur_loss': '0.6034'}
{'Epoch': 120, 'HIT@5': '0.4430', 'NDCG@5': '0.2977', 'HIT@10': '0.6179', 'NDCG@10': '0.3545', 'HIT@20': '0.7584', 'NDCG@20': '0.3900', 'MRR@5': '0.2897', 'MRR@10': '0.2897', 'MRR@20': '0.2897'}
EarlyStopping counter: 3 out of 10
{'epoch': 121, 'rec_avg_loss': '0.5982', 'rec_cur_loss': '0.6153'}
{'Epoch': 121, 'HIT@5': '0.4412', 'NDCG@5': '0.2966', 'HIT@10': '0.6180', 'NDCG@10': '0.3539', 'HIT@20': '0.7565', 'NDCG@20': '0.3891', 'MRR@5': '0.2890', 'MRR@10': '0.2890', 'MRR@20': '0.2890'}
EarlyStopping counter: 4 out of 10
{'epoch': 122, 'rec_avg_loss': '0.5964', 'rec_cur_loss': '0.5851'}
{'Epoch': 122, 'HIT@5': '0.4480', 'NDCG@5': '0.3004', 'HIT@10': '0.6195', 'NDCG@10': '0.3559', 'HIT@20': '0.7589', 'NDCG@20': '0.3912', 'MRR@5': '0.2909', 'MRR@10': '0.2909', 'MRR@20': '0.2909'}
Validation score increased.  Saving model ...
{'epoch': 123, 'rec_avg_loss': '0.5951', 'rec_cur_loss': '0.6137'}
{'Epoch': 123, 'HIT@5': '0.4470', 'NDCG@5': '0.2999', 'HIT@10': '0.6190', 'NDCG@10': '0.3557', 'HIT@20': '0.7566', 'NDCG@20': '0.3906', 'MRR@5': '0.2909', 'MRR@10': '0.2909', 'MRR@20': '0.2909'}
EarlyStopping counter: 1 out of 10
{'epoch': 124, 'rec_avg_loss': '0.5954', 'rec_cur_loss': '0.6240'}
{'Epoch': 124, 'HIT@5': '0.4492', 'NDCG@5': '0.3005', 'HIT@10': '0.6179', 'NDCG@10': '0.3551', 'HIT@20': '0.7565', 'NDCG@20': '0.3903', 'MRR@5': '0.2905', 'MRR@10': '0.2905', 'MRR@20': '0.2905'}
EarlyStopping counter: 2 out of 10
{'epoch': 125, 'rec_avg_loss': '0.5948', 'rec_cur_loss': '0.6046'}
{'Epoch': 125, 'HIT@5': '0.4526', 'NDCG@5': '0.3039', 'HIT@10': '0.6215', 'NDCG@10': '0.3587', 'HIT@20': '0.7608', 'NDCG@20': '0.3940', 'MRR@5': '0.2939', 'MRR@10': '0.2939', 'MRR@20': '0.2939'}
Validation score increased.  Saving model ...
{'epoch': 126, 'rec_avg_loss': '0.5934', 'rec_cur_loss': '0.5843'}
{'Epoch': 126, 'HIT@5': '0.4507', 'NDCG@5': '0.3029', 'HIT@10': '0.6185', 'NDCG@10': '0.3575', 'HIT@20': '0.7583', 'NDCG@20': '0.3930', 'MRR@5': '0.2934', 'MRR@10': '0.2934', 'MRR@20': '0.2934'}
EarlyStopping counter: 1 out of 10
{'epoch': 127, 'rec_avg_loss': '0.5924', 'rec_cur_loss': '0.5693'}
{'Epoch': 127, 'HIT@5': '0.4475', 'NDCG@5': '0.3007', 'HIT@10': '0.6189', 'NDCG@10': '0.3562', 'HIT@20': '0.7575', 'NDCG@20': '0.3914', 'MRR@5': '0.2917', 'MRR@10': '0.2917', 'MRR@20': '0.2917'}
EarlyStopping counter: 2 out of 10
{'epoch': 128, 'rec_avg_loss': '0.5918', 'rec_cur_loss': '0.5603'}
{'Epoch': 128, 'HIT@5': '0.4523', 'NDCG@5': '0.3041', 'HIT@10': '0.6187', 'NDCG@10': '0.3581', 'HIT@20': '0.7571', 'NDCG@20': '0.3933', 'MRR@5': '0.2941', 'MRR@10': '0.2941', 'MRR@20': '0.2941'}
Validation score increased.  Saving model ...
{'epoch': 129, 'rec_avg_loss': '0.5920', 'rec_cur_loss': '0.5901'}
{'Epoch': 129, 'HIT@5': '0.4525', 'NDCG@5': '0.3055', 'HIT@10': '0.6224', 'NDCG@10': '0.3606', 'HIT@20': '0.7618', 'NDCG@20': '0.3960', 'MRR@5': '0.2961', 'MRR@10': '0.2961', 'MRR@20': '0.2961'}
Validation score increased.  Saving model ...
{'epoch': 130, 'rec_avg_loss': '0.5910', 'rec_cur_loss': '0.5951'}
{'Epoch': 130, 'HIT@5': '0.4565', 'NDCG@5': '0.3070', 'HIT@10': '0.6225', 'NDCG@10': '0.3608', 'HIT@20': '0.7616', 'NDCG@20': '0.3961', 'MRR@5': '0.2963', 'MRR@10': '0.2963', 'MRR@20': '0.2963'}
Validation score increased.  Saving model ...
{'epoch': 131, 'rec_avg_loss': '0.5917', 'rec_cur_loss': '0.5721'}
{'Epoch': 131, 'HIT@5': '0.4536', 'NDCG@5': '0.3051', 'HIT@10': '0.6197', 'NDCG@10': '0.3590', 'HIT@20': '0.7594', 'NDCG@20': '0.3944', 'MRR@5': '0.2949', 'MRR@10': '0.2949', 'MRR@20': '0.2949'}
EarlyStopping counter: 1 out of 10
{'epoch': 132, 'rec_avg_loss': '0.5895', 'rec_cur_loss': '0.6046'}
{'Epoch': 132, 'HIT@5': '0.4581', 'NDCG@5': '0.3074', 'HIT@10': '0.6232', 'NDCG@10': '0.3609', 'HIT@20': '0.7593', 'NDCG@20': '0.3954', 'MRR@5': '0.2960', 'MRR@10': '0.2960', 'MRR@20': '0.2960'}
EarlyStopping counter: 2 out of 10
{'epoch': 133, 'rec_avg_loss': '0.5902', 'rec_cur_loss': '0.5846'}
{'Epoch': 133, 'HIT@5': '0.4561', 'NDCG@5': '0.3070', 'HIT@10': '0.6225', 'NDCG@10': '0.3610', 'HIT@20': '0.7641', 'NDCG@20': '0.3968', 'MRR@5': '0.2964', 'MRR@10': '0.2964', 'MRR@20': '0.2964'}
Validation score increased.  Saving model ...
{'epoch': 134, 'rec_avg_loss': '0.5890', 'rec_cur_loss': '0.5819'}
{'Epoch': 134, 'HIT@5': '0.4530', 'NDCG@5': '0.3037', 'HIT@10': '0.6185', 'NDCG@10': '0.3576', 'HIT@20': '0.7583', 'NDCG@20': '0.3930', 'MRR@5': '0.2933', 'MRR@10': '0.2933', 'MRR@20': '0.2933'}
EarlyStopping counter: 1 out of 10
{'epoch': 135, 'rec_avg_loss': '0.5888', 'rec_cur_loss': '0.5835'}
{'Epoch': 135, 'HIT@5': '0.4586', 'NDCG@5': '0.3066', 'HIT@10': '0.6247', 'NDCG@10': '0.3604', 'HIT@20': '0.7621', 'NDCG@20': '0.3952', 'MRR@5': '0.2949', 'MRR@10': '0.2949', 'MRR@20': '0.2949'}
EarlyStopping counter: 2 out of 10
{'epoch': 136, 'rec_avg_loss': '0.5871', 'rec_cur_loss': '0.5875'}
{'Epoch': 136, 'HIT@5': '0.4551', 'NDCG@5': '0.3056', 'HIT@10': '0.6225', 'NDCG@10': '0.3601', 'HIT@20': '0.7626', 'NDCG@20': '0.3956', 'MRR@5': '0.2953', 'MRR@10': '0.2953', 'MRR@20': '0.2953'}
EarlyStopping counter: 3 out of 10
{'epoch': 137, 'rec_avg_loss': '0.5893', 'rec_cur_loss': '0.5827'}
{'Epoch': 137, 'HIT@5': '0.4558', 'NDCG@5': '0.3063', 'HIT@10': '0.6227', 'NDCG@10': '0.3605', 'HIT@20': '0.7626', 'NDCG@20': '0.3959', 'MRR@5': '0.2958', 'MRR@10': '0.2958', 'MRR@20': '0.2958'}
EarlyStopping counter: 4 out of 10
{'epoch': 138, 'rec_avg_loss': '0.5864', 'rec_cur_loss': '0.5769'}
{'Epoch': 138, 'HIT@5': '0.4621', 'NDCG@5': '0.3090', 'HIT@10': '0.6243', 'NDCG@10': '0.3616', 'HIT@20': '0.7646', 'NDCG@20': '0.3972', 'MRR@5': '0.2966', 'MRR@10': '0.2966', 'MRR@20': '0.2966'}
Validation score increased.  Saving model ...
{'epoch': 139, 'rec_avg_loss': '0.5876', 'rec_cur_loss': '0.6025'}
{'Epoch': 139, 'HIT@5': '0.4571', 'NDCG@5': '0.3071', 'HIT@10': '0.6242', 'NDCG@10': '0.3613', 'HIT@20': '0.7649', 'NDCG@20': '0.3970', 'MRR@5': '0.2964', 'MRR@10': '0.2964', 'MRR@20': '0.2964'}
EarlyStopping counter: 1 out of 10
{'epoch': 140, 'rec_avg_loss': '0.5866', 'rec_cur_loss': '0.5877'}
{'Epoch': 140, 'HIT@5': '0.4566', 'NDCG@5': '0.3079', 'HIT@10': '0.6245', 'NDCG@10': '0.3625', 'HIT@20': '0.7647', 'NDCG@20': '0.3981', 'MRR@5': '0.2978', 'MRR@10': '0.2978', 'MRR@20': '0.2978'}
Validation score increased.  Saving model ...
{'epoch': 141, 'rec_avg_loss': '0.5860', 'rec_cur_loss': '0.6102'}
{'Epoch': 141, 'HIT@5': '0.4560', 'NDCG@5': '0.3062', 'HIT@10': '0.6215', 'NDCG@10': '0.3600', 'HIT@20': '0.7611', 'NDCG@20': '0.3955', 'MRR@5': '0.2957', 'MRR@10': '0.2957', 'MRR@20': '0.2957'}
EarlyStopping counter: 1 out of 10
{'epoch': 142, 'rec_avg_loss': '0.5844', 'rec_cur_loss': '0.5794'}
{'Epoch': 142, 'HIT@5': '0.4588', 'NDCG@5': '0.3092', 'HIT@10': '0.6250', 'NDCG@10': '0.3632', 'HIT@20': '0.7654', 'NDCG@20': '0.3989', 'MRR@5': '0.2986', 'MRR@10': '0.2986', 'MRR@20': '0.2986'}
Validation score increased.  Saving model ...
{'epoch': 143, 'rec_avg_loss': '0.5823', 'rec_cur_loss': '0.5614'}
{'Epoch': 143, 'HIT@5': '0.4616', 'NDCG@5': '0.3107', 'HIT@10': '0.6276', 'NDCG@10': '0.3647', 'HIT@20': '0.7666', 'NDCG@20': '0.3999', 'MRR@5': '0.2994', 'MRR@10': '0.2994', 'MRR@20': '0.2994'}
Validation score increased.  Saving model ...
{'epoch': 144, 'rec_avg_loss': '0.5836', 'rec_cur_loss': '0.5786'}
{'Epoch': 144, 'HIT@5': '0.4661', 'NDCG@5': '0.3128', 'HIT@10': '0.6265', 'NDCG@10': '0.3648', 'HIT@20': '0.7656', 'NDCG@20': '0.4001', 'MRR@5': '0.2999', 'MRR@10': '0.2999', 'MRR@20': '0.2999'}
Validation score increased.  Saving model ...
{'epoch': 145, 'rec_avg_loss': '0.5829', 'rec_cur_loss': '0.5664'}
{'Epoch': 145, 'HIT@5': '0.4575', 'NDCG@5': '0.3076', 'HIT@10': '0.6268', 'NDCG@10': '0.3626', 'HIT@20': '0.7652', 'NDCG@20': '0.3977', 'MRR@5': '0.2971', 'MRR@10': '0.2971', 'MRR@20': '0.2971'}
EarlyStopping counter: 1 out of 10
{'epoch': 146, 'rec_avg_loss': '0.5826', 'rec_cur_loss': '0.5704'}
{'Epoch': 146, 'HIT@5': '0.4579', 'NDCG@5': '0.3096', 'HIT@10': '0.6272', 'NDCG@10': '0.3645', 'HIT@20': '0.7619', 'NDCG@20': '0.3987', 'MRR@5': '0.2993', 'MRR@10': '0.2993', 'MRR@20': '0.2993'}
EarlyStopping counter: 2 out of 10
{'epoch': 147, 'rec_avg_loss': '0.5813', 'rec_cur_loss': '0.5604'}
{'Epoch': 147, 'HIT@5': '0.4677', 'NDCG@5': '0.3137', 'HIT@10': '0.6323', 'NDCG@10': '0.3671', 'HIT@20': '0.7667', 'NDCG@20': '0.4012', 'MRR@5': '0.3009', 'MRR@10': '0.3009', 'MRR@20': '0.3009'}
Validation score increased.  Saving model ...
{'epoch': 148, 'rec_avg_loss': '0.5814', 'rec_cur_loss': '0.5678'}
{'Epoch': 148, 'HIT@5': '0.4591', 'NDCG@5': '0.3091', 'HIT@10': '0.6283', 'NDCG@10': '0.3639', 'HIT@20': '0.7672', 'NDCG@20': '0.3991', 'MRR@5': '0.2982', 'MRR@10': '0.2982', 'MRR@20': '0.2982'}
EarlyStopping counter: 1 out of 10
{'epoch': 149, 'rec_avg_loss': '0.5797', 'rec_cur_loss': '0.5962'}
{'Epoch': 149, 'HIT@5': '0.4624', 'NDCG@5': '0.3104', 'HIT@10': '0.6243', 'NDCG@10': '0.3629', 'HIT@20': '0.7659', 'NDCG@20': '0.3989', 'MRR@5': '0.2983', 'MRR@10': '0.2983', 'MRR@20': '0.2983'}
EarlyStopping counter: 2 out of 10
{'epoch': 150, 'rec_avg_loss': '0.5801', 'rec_cur_loss': '0.5729'}
{'Epoch': 150, 'HIT@5': '0.4649', 'NDCG@5': '0.3126', 'HIT@10': '0.6270', 'NDCG@10': '0.3652', 'HIT@20': '0.7657', 'NDCG@20': '0.4005', 'MRR@5': '0.3004', 'MRR@10': '0.3004', 'MRR@20': '0.3004'}
EarlyStopping counter: 3 out of 10
{'epoch': 151, 'rec_avg_loss': '0.5807', 'rec_cur_loss': '0.5713'}
{'Epoch': 151, 'HIT@5': '0.4679', 'NDCG@5': '0.3140', 'HIT@10': '0.6275', 'NDCG@10': '0.3656', 'HIT@20': '0.7682', 'NDCG@20': '0.4014', 'MRR@5': '0.3007', 'MRR@10': '0.3007', 'MRR@20': '0.3007'}
EarlyStopping counter: 4 out of 10
{'epoch': 152, 'rec_avg_loss': '0.5814', 'rec_cur_loss': '0.5920'}
{'Epoch': 152, 'HIT@5': '0.4674', 'NDCG@5': '0.3144', 'HIT@10': '0.6315', 'NDCG@10': '0.3677', 'HIT@20': '0.7710', 'NDCG@20': '0.4032', 'MRR@5': '0.3021', 'MRR@10': '0.3021', 'MRR@20': '0.3021'}
Validation score increased.  Saving model ...
{'epoch': 153, 'rec_avg_loss': '0.5797', 'rec_cur_loss': '0.5586'}
{'Epoch': 153, 'HIT@5': '0.4671', 'NDCG@5': '0.3152', 'HIT@10': '0.6316', 'NDCG@10': '0.3686', 'HIT@20': '0.7705', 'NDCG@20': '0.4039', 'MRR@5': '0.3032', 'MRR@10': '0.3032', 'MRR@20': '0.3032'}
Validation score increased.  Saving model ...
{'epoch': 154, 'rec_avg_loss': '0.5786', 'rec_cur_loss': '0.5864'}
{'Epoch': 154, 'HIT@5': '0.4687', 'NDCG@5': '0.3172', 'HIT@10': '0.6363', 'NDCG@10': '0.3715', 'HIT@20': '0.7707', 'NDCG@20': '0.4056', 'MRR@5': '0.3052', 'MRR@10': '0.3052', 'MRR@20': '0.3052'}
Validation score increased.  Saving model ...
{'epoch': 155, 'rec_avg_loss': '0.5777', 'rec_cur_loss': '0.5914'}
{'Epoch': 155, 'HIT@5': '0.4657', 'NDCG@5': '0.3158', 'HIT@10': '0.6325', 'NDCG@10': '0.3701', 'HIT@20': '0.7690', 'NDCG@20': '0.4048', 'MRR@5': '0.3048', 'MRR@10': '0.3048', 'MRR@20': '0.3048'}
EarlyStopping counter: 1 out of 10
{'epoch': 156, 'rec_avg_loss': '0.5781', 'rec_cur_loss': '0.5805'}
{'Epoch': 156, 'HIT@5': '0.4687', 'NDCG@5': '0.3171', 'HIT@10': '0.6346', 'NDCG@10': '0.3710', 'HIT@20': '0.7700', 'NDCG@20': '0.4054', 'MRR@5': '0.3053', 'MRR@10': '0.3053', 'MRR@20': '0.3053'}
Validation score increased.  Saving model ...
{'epoch': 157, 'rec_avg_loss': '0.5755', 'rec_cur_loss': '0.5741'}
{'Epoch': 157, 'HIT@5': '0.4702', 'NDCG@5': '0.3183', 'HIT@10': '0.6339', 'NDCG@10': '0.3715', 'HIT@20': '0.7725', 'NDCG@20': '0.4066', 'MRR@5': '0.3062', 'MRR@10': '0.3062', 'MRR@20': '0.3062'}
Validation score increased.  Saving model ...
{'epoch': 158, 'rec_avg_loss': '0.5759', 'rec_cur_loss': '0.5563'}
{'Epoch': 158, 'HIT@5': '0.4652', 'NDCG@5': '0.3158', 'HIT@10': '0.6306', 'NDCG@10': '0.3694', 'HIT@20': '0.7707', 'NDCG@20': '0.4049', 'MRR@5': '0.3047', 'MRR@10': '0.3047', 'MRR@20': '0.3047'}
EarlyStopping counter: 1 out of 10
{'epoch': 159, 'rec_avg_loss': '0.5762', 'rec_cur_loss': '0.5769'}
{'Epoch': 159, 'HIT@5': '0.4695', 'NDCG@5': '0.3171', 'HIT@10': '0.6338', 'NDCG@10': '0.3703', 'HIT@20': '0.7712', 'NDCG@20': '0.4051', 'MRR@5': '0.3045', 'MRR@10': '0.3045', 'MRR@20': '0.3045'}
EarlyStopping counter: 2 out of 10
{'epoch': 160, 'rec_avg_loss': '0.5751', 'rec_cur_loss': '0.5725'}
{'Epoch': 160, 'HIT@5': '0.4720', 'NDCG@5': '0.3191', 'HIT@10': '0.6343', 'NDCG@10': '0.3718', 'HIT@20': '0.7707', 'NDCG@20': '0.4065', 'MRR@5': '0.3063', 'MRR@10': '0.3063', 'MRR@20': '0.3063'}
Validation score increased.  Saving model ...
{'epoch': 161, 'rec_avg_loss': '0.5749', 'rec_cur_loss': '0.5561'}
{'Epoch': 161, 'HIT@5': '0.4748', 'NDCG@5': '0.3208', 'HIT@10': '0.6336', 'NDCG@10': '0.3722', 'HIT@20': '0.7702', 'NDCG@20': '0.4069', 'MRR@5': '0.3070', 'MRR@10': '0.3070', 'MRR@20': '0.3070'}
Validation score increased.  Saving model ...
{'epoch': 162, 'rec_avg_loss': '0.5748', 'rec_cur_loss': '0.5693'}
{'Epoch': 162, 'HIT@5': '0.4699', 'NDCG@5': '0.3173', 'HIT@10': '0.6341', 'NDCG@10': '0.3705', 'HIT@20': '0.7697', 'NDCG@20': '0.4048', 'MRR@5': '0.3047', 'MRR@10': '0.3047', 'MRR@20': '0.3047'}
EarlyStopping counter: 1 out of 10
{'epoch': 163, 'rec_avg_loss': '0.5738', 'rec_cur_loss': '0.5576'}
{'Epoch': 163, 'HIT@5': '0.4695', 'NDCG@5': '0.3159', 'HIT@10': '0.6348', 'NDCG@10': '0.3695', 'HIT@20': '0.7719', 'NDCG@20': '0.4043', 'MRR@5': '0.3032', 'MRR@10': '0.3032', 'MRR@20': '0.3032'}
EarlyStopping counter: 2 out of 10
{'epoch': 164, 'rec_avg_loss': '0.5747', 'rec_cur_loss': '0.5697'}
{'Epoch': 164, 'HIT@5': '0.4695', 'NDCG@5': '0.3165', 'HIT@10': '0.6376', 'NDCG@10': '0.3711', 'HIT@20': '0.7715', 'NDCG@20': '0.4052', 'MRR@5': '0.3043', 'MRR@10': '0.3043', 'MRR@20': '0.3043'}
EarlyStopping counter: 3 out of 10
{'epoch': 165, 'rec_avg_loss': '0.5757', 'rec_cur_loss': '0.5420'}
{'Epoch': 165, 'HIT@5': '0.4720', 'NDCG@5': '0.3179', 'HIT@10': '0.6411', 'NDCG@10': '0.3727', 'HIT@20': '0.7730', 'NDCG@20': '0.4062', 'MRR@5': '0.3051', 'MRR@10': '0.3051', 'MRR@20': '0.3051'}
EarlyStopping counter: 4 out of 10
{'epoch': 166, 'rec_avg_loss': '0.5740', 'rec_cur_loss': '0.5953'}
{'Epoch': 166, 'HIT@5': '0.4737', 'NDCG@5': '0.3199', 'HIT@10': '0.6401', 'NDCG@10': '0.3738', 'HIT@20': '0.7707', 'NDCG@20': '0.4069', 'MRR@5': '0.3068', 'MRR@10': '0.3068', 'MRR@20': '0.3068'}
EarlyStopping counter: 5 out of 10
{'epoch': 167, 'rec_avg_loss': '0.5716', 'rec_cur_loss': '0.5566'}
{'Epoch': 167, 'HIT@5': '0.4728', 'NDCG@5': '0.3170', 'HIT@10': '0.6371', 'NDCG@10': '0.3702', 'HIT@20': '0.7714', 'NDCG@20': '0.4042', 'MRR@5': '0.3031', 'MRR@10': '0.3031', 'MRR@20': '0.3031'}
EarlyStopping counter: 6 out of 10
{'epoch': 168, 'rec_avg_loss': '0.5725', 'rec_cur_loss': '0.5828'}
{'Epoch': 168, 'HIT@5': '0.4780', 'NDCG@5': '0.3215', 'HIT@10': '0.6392', 'NDCG@10': '0.3737', 'HIT@20': '0.7722', 'NDCG@20': '0.4073', 'MRR@5': '0.3069', 'MRR@10': '0.3069', 'MRR@20': '0.3069'}
EarlyStopping counter: 7 out of 10
{'epoch': 169, 'rec_avg_loss': '0.5724', 'rec_cur_loss': '0.5739'}
{'Epoch': 169, 'HIT@5': '0.4776', 'NDCG@5': '0.3230', 'HIT@10': '0.6399', 'NDCG@10': '0.3755', 'HIT@20': '0.7745', 'NDCG@20': '0.4095', 'MRR@5': '0.3091', 'MRR@10': '0.3091', 'MRR@20': '0.3091'}
Validation score increased.  Saving model ...
{'epoch': 170, 'rec_avg_loss': '0.5714', 'rec_cur_loss': '0.5629'}
{'Epoch': 170, 'HIT@5': '0.4757', 'NDCG@5': '0.3206', 'HIT@10': '0.6384', 'NDCG@10': '0.3734', 'HIT@20': '0.7727', 'NDCG@20': '0.4075', 'MRR@5': '0.3069', 'MRR@10': '0.3069', 'MRR@20': '0.3069'}
EarlyStopping counter: 1 out of 10
{'epoch': 171, 'rec_avg_loss': '0.5702', 'rec_cur_loss': '0.5471'}
{'Epoch': 171, 'HIT@5': '0.4740', 'NDCG@5': '0.3193', 'HIT@10': '0.6399', 'NDCG@10': '0.3732', 'HIT@20': '0.7738', 'NDCG@20': '0.4071', 'MRR@5': '0.3061', 'MRR@10': '0.3061', 'MRR@20': '0.3061'}
EarlyStopping counter: 2 out of 10
{'epoch': 172, 'rec_avg_loss': '0.5695', 'rec_cur_loss': '0.5558'}
{'Epoch': 172, 'HIT@5': '0.4728', 'NDCG@5': '0.3202', 'HIT@10': '0.6412', 'NDCG@10': '0.3750', 'HIT@20': '0.7712', 'NDCG@20': '0.4080', 'MRR@5': '0.3079', 'MRR@10': '0.3079', 'MRR@20': '0.3079'}
EarlyStopping counter: 3 out of 10
{'epoch': 173, 'rec_avg_loss': '0.5708', 'rec_cur_loss': '0.6008'}
{'Epoch': 173, 'HIT@5': '0.4753', 'NDCG@5': '0.3208', 'HIT@10': '0.6411', 'NDCG@10': '0.3747', 'HIT@20': '0.7710', 'NDCG@20': '0.4077', 'MRR@5': '0.3075', 'MRR@10': '0.3075', 'MRR@20': '0.3075'}
EarlyStopping counter: 4 out of 10
{'epoch': 174, 'rec_avg_loss': '0.5688', 'rec_cur_loss': '0.5443'}
{'Epoch': 174, 'HIT@5': '0.4732', 'NDCG@5': '0.3213', 'HIT@10': '0.6417', 'NDCG@10': '0.3761', 'HIT@20': '0.7722', 'NDCG@20': '0.4091', 'MRR@5': '0.3092', 'MRR@10': '0.3092', 'MRR@20': '0.3092'}
Validation score increased.  Saving model ...
{'epoch': 175, 'rec_avg_loss': '0.5697', 'rec_cur_loss': '0.5637'}
{'Epoch': 175, 'HIT@5': '0.4738', 'NDCG@5': '0.3212', 'HIT@10': '0.6407', 'NDCG@10': '0.3753', 'HIT@20': '0.7715', 'NDCG@20': '0.4084', 'MRR@5': '0.3084', 'MRR@10': '0.3084', 'MRR@20': '0.3084'}
EarlyStopping counter: 1 out of 10
{'epoch': 176, 'rec_avg_loss': '0.5679', 'rec_cur_loss': '0.5609'}
{'Epoch': 176, 'HIT@5': '0.4800', 'NDCG@5': '0.3255', 'HIT@10': '0.6442', 'NDCG@10': '0.3789', 'HIT@20': '0.7763', 'NDCG@20': '0.4124', 'MRR@5': '0.3119', 'MRR@10': '0.3119', 'MRR@20': '0.3119'}
Validation score increased.  Saving model ...
{'epoch': 177, 'rec_avg_loss': '0.5691', 'rec_cur_loss': '0.5798'}
{'Epoch': 177, 'HIT@5': '0.4808', 'NDCG@5': '0.3250', 'HIT@10': '0.6425', 'NDCG@10': '0.3775', 'HIT@20': '0.7748', 'NDCG@20': '0.4110', 'MRR@5': '0.3106', 'MRR@10': '0.3106', 'MRR@20': '0.3106'}
EarlyStopping counter: 1 out of 10
{'epoch': 178, 'rec_avg_loss': '0.5688', 'rec_cur_loss': '0.5744'}
{'Epoch': 178, 'HIT@5': '0.4753', 'NDCG@5': '0.3226', 'HIT@10': '0.6427', 'NDCG@10': '0.3769', 'HIT@20': '0.7748', 'NDCG@20': '0.4104', 'MRR@5': '0.3099', 'MRR@10': '0.3099', 'MRR@20': '0.3099'}
EarlyStopping counter: 2 out of 10
{'epoch': 179, 'rec_avg_loss': '0.5660', 'rec_cur_loss': '0.5593'}
{'Epoch': 179, 'HIT@5': '0.4823', 'NDCG@5': '0.3272', 'HIT@10': '0.6452', 'NDCG@10': '0.3801', 'HIT@20': '0.7763', 'NDCG@20': '0.4134', 'MRR@5': '0.3131', 'MRR@10': '0.3131', 'MRR@20': '0.3131'}
Validation score increased.  Saving model ...
{'epoch': 180, 'rec_avg_loss': '0.5653', 'rec_cur_loss': '0.5560'}
{'Epoch': 180, 'HIT@5': '0.4747', 'NDCG@5': '0.3216', 'HIT@10': '0.6429', 'NDCG@10': '0.3763', 'HIT@20': '0.7709', 'NDCG@20': '0.4087', 'MRR@5': '0.3089', 'MRR@10': '0.3089', 'MRR@20': '0.3089'}
EarlyStopping counter: 1 out of 10
{'epoch': 181, 'rec_avg_loss': '0.5660', 'rec_cur_loss': '0.5631'}
{'Epoch': 181, 'HIT@5': '0.4808', 'NDCG@5': '0.3261', 'HIT@10': '0.6442', 'NDCG@10': '0.3793', 'HIT@20': '0.7730', 'NDCG@20': '0.4120', 'MRR@5': '0.3123', 'MRR@10': '0.3123', 'MRR@20': '0.3123'}
EarlyStopping counter: 2 out of 10
{'epoch': 182, 'rec_avg_loss': '0.5675', 'rec_cur_loss': '0.5620'}
{'Epoch': 182, 'HIT@5': '0.4795', 'NDCG@5': '0.3232', 'HIT@10': '0.6414', 'NDCG@10': '0.3757', 'HIT@20': '0.7733', 'NDCG@20': '0.4092', 'MRR@5': '0.3088', 'MRR@10': '0.3088', 'MRR@20': '0.3088'}
EarlyStopping counter: 3 out of 10
{'epoch': 183, 'rec_avg_loss': '0.5669', 'rec_cur_loss': '0.5569'}
{'Epoch': 183, 'HIT@5': '0.4821', 'NDCG@5': '0.3251', 'HIT@10': '0.6434', 'NDCG@10': '0.3773', 'HIT@20': '0.7745', 'NDCG@20': '0.4105', 'MRR@5': '0.3101', 'MRR@10': '0.3101', 'MRR@20': '0.3101'}
EarlyStopping counter: 4 out of 10
{'epoch': 184, 'rec_avg_loss': '0.5655', 'rec_cur_loss': '0.5814'}
{'Epoch': 184, 'HIT@5': '0.4793', 'NDCG@5': '0.3250', 'HIT@10': '0.6459', 'NDCG@10': '0.3791', 'HIT@20': '0.7745', 'NDCG@20': '0.4117', 'MRR@5': '0.3116', 'MRR@10': '0.3116', 'MRR@20': '0.3116'}
EarlyStopping counter: 5 out of 10
{'epoch': 185, 'rec_avg_loss': '0.5639', 'rec_cur_loss': '0.5369'}
{'Epoch': 185, 'HIT@5': '0.4798', 'NDCG@5': '0.3231', 'HIT@10': '0.6421', 'NDCG@10': '0.3755', 'HIT@20': '0.7728', 'NDCG@20': '0.4087', 'MRR@5': '0.3083', 'MRR@10': '0.3083', 'MRR@20': '0.3083'}
EarlyStopping counter: 6 out of 10
{'epoch': 186, 'rec_avg_loss': '0.5634', 'rec_cur_loss': '0.5888'}
{'Epoch': 186, 'HIT@5': '0.4795', 'NDCG@5': '0.3260', 'HIT@10': '0.6455', 'NDCG@10': '0.3799', 'HIT@20': '0.7737', 'NDCG@20': '0.4123', 'MRR@5': '0.3126', 'MRR@10': '0.3126', 'MRR@20': '0.3126'}
EarlyStopping counter: 7 out of 10
{'epoch': 187, 'rec_avg_loss': '0.5648', 'rec_cur_loss': '0.5802'}
{'Epoch': 187, 'HIT@5': '0.4800', 'NDCG@5': '0.3266', 'HIT@10': '0.6472', 'NDCG@10': '0.3809', 'HIT@20': '0.7772', 'NDCG@20': '0.4139', 'MRR@5': '0.3136', 'MRR@10': '0.3136', 'MRR@20': '0.3136'}
Validation score increased.  Saving model ...
{'epoch': 188, 'rec_avg_loss': '0.5633', 'rec_cur_loss': '0.5313'}
{'Epoch': 188, 'HIT@5': '0.4791', 'NDCG@5': '0.3253', 'HIT@10': '0.6455', 'NDCG@10': '0.3793', 'HIT@20': '0.7745', 'NDCG@20': '0.4121', 'MRR@5': '0.3121', 'MRR@10': '0.3121', 'MRR@20': '0.3121'}
EarlyStopping counter: 1 out of 10
{'epoch': 189, 'rec_avg_loss': '0.5624', 'rec_cur_loss': '0.5726'}
{'Epoch': 189, 'HIT@5': '0.4795', 'NDCG@5': '0.3271', 'HIT@10': '0.6455', 'NDCG@10': '0.3812', 'HIT@20': '0.7755', 'NDCG@20': '0.4142', 'MRR@5': '0.3145', 'MRR@10': '0.3145', 'MRR@20': '0.3145'}
Validation score increased.  Saving model ...
{'epoch': 190, 'rec_avg_loss': '0.5628', 'rec_cur_loss': '0.5434'}
{'Epoch': 190, 'HIT@5': '0.4826', 'NDCG@5': '0.3291', 'HIT@10': '0.6442', 'NDCG@10': '0.3816', 'HIT@20': '0.7786', 'NDCG@20': '0.4158', 'MRR@5': '0.3156', 'MRR@10': '0.3156', 'MRR@20': '0.3156'}
Validation score increased.  Saving model ...
{'epoch': 191, 'rec_avg_loss': '0.5636', 'rec_cur_loss': '0.5828'}
{'Epoch': 191, 'HIT@5': '0.4808', 'NDCG@5': '0.3270', 'HIT@10': '0.6442', 'NDCG@10': '0.3801', 'HIT@20': '0.7753', 'NDCG@20': '0.4134', 'MRR@5': '0.3136', 'MRR@10': '0.3136', 'MRR@20': '0.3136'}
EarlyStopping counter: 1 out of 10
{'epoch': 192, 'rec_avg_loss': '0.5609', 'rec_cur_loss': '0.5707'}
{'Epoch': 192, 'HIT@5': '0.4854', 'NDCG@5': '0.3296', 'HIT@10': '0.6442', 'NDCG@10': '0.3812', 'HIT@20': '0.7735', 'NDCG@20': '0.4140', 'MRR@5': '0.3148', 'MRR@10': '0.3148', 'MRR@20': '0.3148'}
EarlyStopping counter: 2 out of 10
{'epoch': 193, 'rec_avg_loss': '0.5588', 'rec_cur_loss': '0.5523'}
{'Epoch': 193, 'HIT@5': '0.4795', 'NDCG@5': '0.3258', 'HIT@10': '0.6445', 'NDCG@10': '0.3795', 'HIT@20': '0.7750', 'NDCG@20': '0.4126', 'MRR@5': '0.3126', 'MRR@10': '0.3126', 'MRR@20': '0.3126'}
EarlyStopping counter: 3 out of 10
{'epoch': 194, 'rec_avg_loss': '0.5620', 'rec_cur_loss': '0.5295'}
{'Epoch': 194, 'HIT@5': '0.4795', 'NDCG@5': '0.3288', 'HIT@10': '0.6439', 'NDCG@10': '0.3824', 'HIT@20': '0.7776', 'NDCG@20': '0.4163', 'MRR@5': '0.3166', 'MRR@10': '0.3166', 'MRR@20': '0.3166'}
Validation score increased.  Saving model ...
{'epoch': 195, 'rec_avg_loss': '0.5596', 'rec_cur_loss': '0.5477'}
{'Epoch': 195, 'HIT@5': '0.4825', 'NDCG@5': '0.3293', 'HIT@10': '0.6452', 'NDCG@10': '0.3823', 'HIT@20': '0.7788', 'NDCG@20': '0.4162', 'MRR@5': '0.3161', 'MRR@10': '0.3161', 'MRR@20': '0.3161'}
EarlyStopping counter: 1 out of 10
{'epoch': 196, 'rec_avg_loss': '0.5612', 'rec_cur_loss': '0.5628'}
{'Epoch': 196, 'HIT@5': '0.4801', 'NDCG@5': '0.3260', 'HIT@10': '0.6434', 'NDCG@10': '0.3793', 'HIT@20': '0.7747', 'NDCG@20': '0.4126', 'MRR@5': '0.3127', 'MRR@10': '0.3127', 'MRR@20': '0.3127'}
EarlyStopping counter: 2 out of 10
{'epoch': 197, 'rec_avg_loss': '0.5607', 'rec_cur_loss': '0.5660'}
{'Epoch': 197, 'HIT@5': '0.4815', 'NDCG@5': '0.3282', 'HIT@10': '0.6470', 'NDCG@10': '0.3820', 'HIT@20': '0.7750', 'NDCG@20': '0.4145', 'MRR@5': '0.3150', 'MRR@10': '0.3150', 'MRR@20': '0.3150'}
EarlyStopping counter: 3 out of 10
{'epoch': 198, 'rec_avg_loss': '0.5616', 'rec_cur_loss': '0.5450'}
{'Epoch': 198, 'HIT@5': '0.4808', 'NDCG@5': '0.3274', 'HIT@10': '0.6469', 'NDCG@10': '0.3813', 'HIT@20': '0.7747', 'NDCG@20': '0.4137', 'MRR@5': '0.3141', 'MRR@10': '0.3141', 'MRR@20': '0.3141'}
EarlyStopping counter: 4 out of 10
{'epoch': 199, 'rec_avg_loss': '0.5606', 'rec_cur_loss': '0.5897'}
{'Epoch': 199, 'HIT@5': '0.4820', 'NDCG@5': '0.3300', 'HIT@10': '0.6470', 'NDCG@10': '0.3839', 'HIT@20': '0.7750', 'NDCG@20': '0.4163', 'MRR@5': '0.3174', 'MRR@10': '0.3174', 'MRR@20': '0.3174'}
Validation score increased.  Saving model ...
---------------Sample 99 results-------------------
{'Epoch': 0, 'HIT@5': '0.4503', 'NDCG@5': '0.3075', 'HIT@10': '0.6114', 'NDCG@10': '0.3596', 'HIT@20': '0.7480', 'NDCG@20': '0.3944', 'MRR@5': '0.2982', 'MRR@10': '0.2982', 'MRR@20': '0.2982'}
Finetune_sample-ml-1m-60
{'Epoch': 0, 'HIT@5': '0.4503', 'NDCG@5': '0.3075', 'HIT@10': '0.6114', 'NDCG@10': '0.3596', 'HIT@20': '0.7480', 'NDCG@20': '0.3944', 'MRR@5': '0.2982', 'MRR@10': '0.2982', 'MRR@20': '0.2982'}
