Namespace(adam_beta1=0.9, adam_beta2=0.999, attention_probs_dropout_prob=0.5, batch_size=256, ckp=80, cuda_condition=True, data_dir='./data/', data_file='./data/ml-1m.txt', data_name='ml-1m', do_eval=False, epochs=200, gpu_id='0', hidden_act='gelu', hidden_dropout_prob=0.5, hidden_size=64, initializer_range=0.02, item_size=3418, log_file='output/Finetune_sample-ml-1m-80.txt', log_freq=1, lr=0.001, mask_id=3417, max_seq_length=50, model_name='Finetune_sample', no_cuda=False, num_attention_heads=2, num_hidden_layers=2, output_dir='output/', sample_file='./data/ml-1m_sample.txt', seed=42, weight_decay=0.0)
Total Parameters: 338688
Load Checkpoint From output/ml-1m-epochs-80.pt!
{'epoch': 0, 'rec_avg_loss': '1.0555', 'rec_cur_loss': '0.9229'}
{'Epoch': 0, 'HIT@5': '0.2248', 'NDCG@5': '0.1377', 'HIT@10': '0.3725', 'NDCG@10': '0.1850', 'HIT@20': '0.5791', 'NDCG@20': '0.2370', 'MRR@5': '0.1538', 'MRR@10': '0.1538', 'MRR@20': '0.1538'}
Validation score increased.  Saving model ...
{'epoch': 1, 'rec_avg_loss': '0.8495', 'rec_cur_loss': '0.7984'}
{'Epoch': 1, 'HIT@5': '0.2579', 'NDCG@5': '0.1613', 'HIT@10': '0.4194', 'NDCG@10': '0.2130', 'HIT@20': '0.6220', 'NDCG@20': '0.2643', 'MRR@5': '0.1752', 'MRR@10': '0.1752', 'MRR@20': '0.1752'}
Validation score increased.  Saving model ...
{'epoch': 2, 'rec_avg_loss': '0.7928', 'rec_cur_loss': '0.8206'}
{'Epoch': 2, 'HIT@5': '0.2838', 'NDCG@5': '0.1768', 'HIT@10': '0.4555', 'NDCG@10': '0.2319', 'HIT@20': '0.6541', 'NDCG@20': '0.2823', 'MRR@5': '0.1877', 'MRR@10': '0.1877', 'MRR@20': '0.1877'}
Validation score increased.  Saving model ...
{'epoch': 3, 'rec_avg_loss': '0.7609', 'rec_cur_loss': '0.7538'}
{'Epoch': 3, 'HIT@5': '0.3031', 'NDCG@5': '0.1892', 'HIT@10': '0.4798', 'NDCG@10': '0.2460', 'HIT@20': '0.6765', 'NDCG@20': '0.2958', 'MRR@5': '0.1977', 'MRR@10': '0.1977', 'MRR@20': '0.1977'}
Validation score increased.  Saving model ...
{'epoch': 4, 'rec_avg_loss': '0.7382', 'rec_cur_loss': '0.7009'}
{'Epoch': 4, 'HIT@5': '0.3171', 'NDCG@5': '0.1972', 'HIT@10': '0.4977', 'NDCG@10': '0.2553', 'HIT@20': '0.6871', 'NDCG@20': '0.3033', 'MRR@5': '0.2035', 'MRR@10': '0.2035', 'MRR@20': '0.2035'}
Validation score increased.  Saving model ...
{'epoch': 5, 'rec_avg_loss': '0.7181', 'rec_cur_loss': '0.7221'}
{'Epoch': 5, 'HIT@5': '0.3300', 'NDCG@5': '0.2066', 'HIT@10': '0.5152', 'NDCG@10': '0.2662', 'HIT@20': '0.7000', 'NDCG@20': '0.3130', 'MRR@5': '0.2117', 'MRR@10': '0.2117', 'MRR@20': '0.2117'}
Validation score increased.  Saving model ...
{'epoch': 6, 'rec_avg_loss': '0.7055', 'rec_cur_loss': '0.7337'}
{'Epoch': 6, 'HIT@5': '0.3392', 'NDCG@5': '0.2130', 'HIT@10': '0.5258', 'NDCG@10': '0.2731', 'HIT@20': '0.7068', 'NDCG@20': '0.3189', 'MRR@5': '0.2170', 'MRR@10': '0.2170', 'MRR@20': '0.2170'}
Validation score increased.  Saving model ...
{'epoch': 7, 'rec_avg_loss': '0.6968', 'rec_cur_loss': '0.6874'}
{'Epoch': 7, 'HIT@5': '0.3464', 'NDCG@5': '0.2187', 'HIT@10': '0.5323', 'NDCG@10': '0.2787', 'HIT@20': '0.7114', 'NDCG@20': '0.3242', 'MRR@5': '0.2221', 'MRR@10': '0.2221', 'MRR@20': '0.2221'}
Validation score increased.  Saving model ...
{'epoch': 8, 'rec_avg_loss': '0.6898', 'rec_cur_loss': '0.6728'}
{'Epoch': 8, 'HIT@5': '0.3474', 'NDCG@5': '0.2180', 'HIT@10': '0.5341', 'NDCG@10': '0.2782', 'HIT@20': '0.7139', 'NDCG@20': '0.3237', 'MRR@5': '0.2208', 'MRR@10': '0.2208', 'MRR@20': '0.2208'}
EarlyStopping counter: 1 out of 10
{'epoch': 9, 'rec_avg_loss': '0.6820', 'rec_cur_loss': '0.6711'}
{'Epoch': 9, 'HIT@5': '0.3566', 'NDCG@5': '0.2258', 'HIT@10': '0.5457', 'NDCG@10': '0.2870', 'HIT@20': '0.7190', 'NDCG@20': '0.3310', 'MRR@5': '0.2281', 'MRR@10': '0.2281', 'MRR@20': '0.2281'}
Validation score increased.  Saving model ...
{'epoch': 10, 'rec_avg_loss': '0.6749', 'rec_cur_loss': '0.6546'}
{'Epoch': 10, 'HIT@5': '0.3621', 'NDCG@5': '0.2302', 'HIT@10': '0.5507', 'NDCG@10': '0.2911', 'HIT@20': '0.7230', 'NDCG@20': '0.3348', 'MRR@5': '0.2317', 'MRR@10': '0.2317', 'MRR@20': '0.2317'}
Validation score increased.  Saving model ...
{'epoch': 11, 'rec_avg_loss': '0.6711', 'rec_cur_loss': '0.6654'}
{'Epoch': 11, 'HIT@5': '0.3672', 'NDCG@5': '0.2327', 'HIT@10': '0.5551', 'NDCG@10': '0.2933', 'HIT@20': '0.7235', 'NDCG@20': '0.3361', 'MRR@5': '0.2330', 'MRR@10': '0.2330', 'MRR@20': '0.2330'}
Validation score increased.  Saving model ...
{'epoch': 12, 'rec_avg_loss': '0.6655', 'rec_cur_loss': '0.6515'}
{'Epoch': 12, 'HIT@5': '0.3738', 'NDCG@5': '0.2382', 'HIT@10': '0.5601', 'NDCG@10': '0.2982', 'HIT@20': '0.7276', 'NDCG@20': '0.3408', 'MRR@5': '0.2376', 'MRR@10': '0.2376', 'MRR@20': '0.2376'}
Validation score increased.  Saving model ...
{'epoch': 13, 'rec_avg_loss': '0.6621', 'rec_cur_loss': '0.6659'}
{'Epoch': 13, 'HIT@5': '0.3735', 'NDCG@5': '0.2375', 'HIT@10': '0.5581', 'NDCG@10': '0.2970', 'HIT@20': '0.7278', 'NDCG@20': '0.3401', 'MRR@5': '0.2367', 'MRR@10': '0.2367', 'MRR@20': '0.2367'}
EarlyStopping counter: 1 out of 10
{'epoch': 14, 'rec_avg_loss': '0.6576', 'rec_cur_loss': '0.6593'}
{'Epoch': 14, 'HIT@5': '0.3818', 'NDCG@5': '0.2434', 'HIT@10': '0.5684', 'NDCG@10': '0.3035', 'HIT@20': '0.7339', 'NDCG@20': '0.3455', 'MRR@5': '0.2415', 'MRR@10': '0.2415', 'MRR@20': '0.2415'}
Validation score increased.  Saving model ...
{'epoch': 15, 'rec_avg_loss': '0.6540', 'rec_cur_loss': '0.6588'}
{'Epoch': 15, 'HIT@5': '0.3820', 'NDCG@5': '0.2429', 'HIT@10': '0.5690', 'NDCG@10': '0.3033', 'HIT@20': '0.7363', 'NDCG@20': '0.3457', 'MRR@5': '0.2410', 'MRR@10': '0.2410', 'MRR@20': '0.2410'}
EarlyStopping counter: 1 out of 10
{'epoch': 16, 'rec_avg_loss': '0.6516', 'rec_cur_loss': '0.6521'}
{'Epoch': 16, 'HIT@5': '0.3884', 'NDCG@5': '0.2486', 'HIT@10': '0.5720', 'NDCG@10': '0.3078', 'HIT@20': '0.7356', 'NDCG@20': '0.3494', 'MRR@5': '0.2459', 'MRR@10': '0.2459', 'MRR@20': '0.2459'}
Validation score increased.  Saving model ...
{'epoch': 17, 'rec_avg_loss': '0.6500', 'rec_cur_loss': '0.6553'}
{'Epoch': 17, 'HIT@5': '0.3836', 'NDCG@5': '0.2454', 'HIT@10': '0.5694', 'NDCG@10': '0.3055', 'HIT@20': '0.7354', 'NDCG@20': '0.3476', 'MRR@5': '0.2437', 'MRR@10': '0.2437', 'MRR@20': '0.2437'}
EarlyStopping counter: 1 out of 10
{'epoch': 18, 'rec_avg_loss': '0.6459', 'rec_cur_loss': '0.6001'}
{'Epoch': 18, 'HIT@5': '0.3897', 'NDCG@5': '0.2485', 'HIT@10': '0.5735', 'NDCG@10': '0.3079', 'HIT@20': '0.7363', 'NDCG@20': '0.3492', 'MRR@5': '0.2453', 'MRR@10': '0.2453', 'MRR@20': '0.2453'}
EarlyStopping counter: 2 out of 10
{'epoch': 19, 'rec_avg_loss': '0.6444', 'rec_cur_loss': '0.6388'}
{'Epoch': 19, 'HIT@5': '0.3929', 'NDCG@5': '0.2524', 'HIT@10': '0.5743', 'NDCG@10': '0.3112', 'HIT@20': '0.7389', 'NDCG@20': '0.3531', 'MRR@5': '0.2494', 'MRR@10': '0.2494', 'MRR@20': '0.2494'}
Validation score increased.  Saving model ...
{'epoch': 20, 'rec_avg_loss': '0.6420', 'rec_cur_loss': '0.6350'}
{'Epoch': 20, 'HIT@5': '0.3967', 'NDCG@5': '0.2533', 'HIT@10': '0.5763', 'NDCG@10': '0.3114', 'HIT@20': '0.7407', 'NDCG@20': '0.3531', 'MRR@5': '0.2488', 'MRR@10': '0.2488', 'MRR@20': '0.2488'}
EarlyStopping counter: 1 out of 10
{'epoch': 21, 'rec_avg_loss': '0.6403', 'rec_cur_loss': '0.6317'}
{'Epoch': 21, 'HIT@5': '0.3964', 'NDCG@5': '0.2531', 'HIT@10': '0.5788', 'NDCG@10': '0.3120', 'HIT@20': '0.7414', 'NDCG@20': '0.3533', 'MRR@5': '0.2488', 'MRR@10': '0.2488', 'MRR@20': '0.2488'}
EarlyStopping counter: 2 out of 10
{'epoch': 22, 'rec_avg_loss': '0.6361', 'rec_cur_loss': '0.6436'}
{'Epoch': 22, 'HIT@5': '0.3962', 'NDCG@5': '0.2539', 'HIT@10': '0.5790', 'NDCG@10': '0.3131', 'HIT@20': '0.7406', 'NDCG@20': '0.3541', 'MRR@5': '0.2501', 'MRR@10': '0.2501', 'MRR@20': '0.2501'}
Validation score increased.  Saving model ...
{'epoch': 23, 'rec_avg_loss': '0.6352', 'rec_cur_loss': '0.6210'}
{'Epoch': 23, 'HIT@5': '0.4010', 'NDCG@5': '0.2585', 'HIT@10': '0.5843', 'NDCG@10': '0.3177', 'HIT@20': '0.7445', 'NDCG@20': '0.3584', 'MRR@5': '0.2543', 'MRR@10': '0.2543', 'MRR@20': '0.2543'}
Validation score increased.  Saving model ...
{'epoch': 24, 'rec_avg_loss': '0.6349', 'rec_cur_loss': '0.6491'}
{'Epoch': 24, 'HIT@5': '0.4038', 'NDCG@5': '0.2593', 'HIT@10': '0.5820', 'NDCG@10': '0.3169', 'HIT@20': '0.7430', 'NDCG@20': '0.3578', 'MRR@5': '0.2539', 'MRR@10': '0.2539', 'MRR@20': '0.2539'}
EarlyStopping counter: 1 out of 10
{'epoch': 25, 'rec_avg_loss': '0.6309', 'rec_cur_loss': '0.6492'}
{'Epoch': 25, 'HIT@5': '0.4058', 'NDCG@5': '0.2617', 'HIT@10': '0.5846', 'NDCG@10': '0.3196', 'HIT@20': '0.7469', 'NDCG@20': '0.3608', 'MRR@5': '0.2565', 'MRR@10': '0.2565', 'MRR@20': '0.2565'}
Validation score increased.  Saving model ...
{'epoch': 26, 'rec_avg_loss': '0.6294', 'rec_cur_loss': '0.6302'}
{'Epoch': 26, 'HIT@5': '0.4086', 'NDCG@5': '0.2651', 'HIT@10': '0.5874', 'NDCG@10': '0.3228', 'HIT@20': '0.7483', 'NDCG@20': '0.3637', 'MRR@5': '0.2598', 'MRR@10': '0.2598', 'MRR@20': '0.2598'}
Validation score increased.  Saving model ...
{'epoch': 27, 'rec_avg_loss': '0.6290', 'rec_cur_loss': '0.6436'}
{'Epoch': 27, 'HIT@5': '0.4073', 'NDCG@5': '0.2633', 'HIT@10': '0.5851', 'NDCG@10': '0.3209', 'HIT@20': '0.7467', 'NDCG@20': '0.3618', 'MRR@5': '0.2579', 'MRR@10': '0.2579', 'MRR@20': '0.2579'}
EarlyStopping counter: 1 out of 10
{'epoch': 28, 'rec_avg_loss': '0.6258', 'rec_cur_loss': '0.6111'}
{'Epoch': 28, 'HIT@5': '0.4066', 'NDCG@5': '0.2637', 'HIT@10': '0.5868', 'NDCG@10': '0.3219', 'HIT@20': '0.7452', 'NDCG@20': '0.3621', 'MRR@5': '0.2587', 'MRR@10': '0.2587', 'MRR@20': '0.2587'}
EarlyStopping counter: 2 out of 10
{'epoch': 29, 'rec_avg_loss': '0.6223', 'rec_cur_loss': '0.5930'}
{'Epoch': 29, 'HIT@5': '0.4084', 'NDCG@5': '0.2650', 'HIT@10': '0.5884', 'NDCG@10': '0.3230', 'HIT@20': '0.7440', 'NDCG@20': '0.3625', 'MRR@5': '0.2596', 'MRR@10': '0.2596', 'MRR@20': '0.2596'}
EarlyStopping counter: 3 out of 10
{'epoch': 30, 'rec_avg_loss': '0.6225', 'rec_cur_loss': '0.6253'}
{'Epoch': 30, 'HIT@5': '0.4121', 'NDCG@5': '0.2685', 'HIT@10': '0.5896', 'NDCG@10': '0.3259', 'HIT@20': '0.7482', 'NDCG@20': '0.3662', 'MRR@5': '0.2630', 'MRR@10': '0.2630', 'MRR@20': '0.2630'}
Validation score increased.  Saving model ...
{'epoch': 31, 'rec_avg_loss': '0.6227', 'rec_cur_loss': '0.6192'}
{'Epoch': 31, 'HIT@5': '0.4114', 'NDCG@5': '0.2688', 'HIT@10': '0.5897', 'NDCG@10': '0.3265', 'HIT@20': '0.7457', 'NDCG@20': '0.3662', 'MRR@5': '0.2637', 'MRR@10': '0.2637', 'MRR@20': '0.2637'}
Validation score increased.  Saving model ...
{'epoch': 32, 'rec_avg_loss': '0.6217', 'rec_cur_loss': '0.6248'}
{'Epoch': 32, 'HIT@5': '0.4134', 'NDCG@5': '0.2695', 'HIT@10': '0.5896', 'NDCG@10': '0.3264', 'HIT@20': '0.7478', 'NDCG@20': '0.3666', 'MRR@5': '0.2636', 'MRR@10': '0.2636', 'MRR@20': '0.2636'}
EarlyStopping counter: 1 out of 10
{'epoch': 33, 'rec_avg_loss': '0.6204', 'rec_cur_loss': '0.6056'}
{'Epoch': 33, 'HIT@5': '0.4060', 'NDCG@5': '0.2650', 'HIT@10': '0.5889', 'NDCG@10': '0.3243', 'HIT@20': '0.7475', 'NDCG@20': '0.3645', 'MRR@5': '0.2611', 'MRR@10': '0.2611', 'MRR@20': '0.2611'}
EarlyStopping counter: 2 out of 10
{'epoch': 34, 'rec_avg_loss': '0.6177', 'rec_cur_loss': '0.6178'}
{'Epoch': 34, 'HIT@5': '0.4121', 'NDCG@5': '0.2695', 'HIT@10': '0.5907', 'NDCG@10': '0.3273', 'HIT@20': '0.7498', 'NDCG@20': '0.3677', 'MRR@5': '0.2644', 'MRR@10': '0.2644', 'MRR@20': '0.2644'}
Validation score increased.  Saving model ...
{'epoch': 35, 'rec_avg_loss': '0.6159', 'rec_cur_loss': '0.6175'}
{'Epoch': 35, 'HIT@5': '0.4132', 'NDCG@5': '0.2724', 'HIT@10': '0.5911', 'NDCG@10': '0.3301', 'HIT@20': '0.7520', 'NDCG@20': '0.3709', 'MRR@5': '0.2680', 'MRR@10': '0.2680', 'MRR@20': '0.2680'}
Validation score increased.  Saving model ...
{'epoch': 36, 'rec_avg_loss': '0.6173', 'rec_cur_loss': '0.6005'}
{'Epoch': 36, 'HIT@5': '0.4217', 'NDCG@5': '0.2768', 'HIT@10': '0.5955', 'NDCG@10': '0.3330', 'HIT@20': '0.7525', 'NDCG@20': '0.3728', 'MRR@5': '0.2699', 'MRR@10': '0.2699', 'MRR@20': '0.2699'}
Validation score increased.  Saving model ...
{'epoch': 37, 'rec_avg_loss': '0.6139', 'rec_cur_loss': '0.6085'}
{'Epoch': 37, 'HIT@5': '0.4182', 'NDCG@5': '0.2746', 'HIT@10': '0.5940', 'NDCG@10': '0.3315', 'HIT@20': '0.7507', 'NDCG@20': '0.3712', 'MRR@5': '0.2686', 'MRR@10': '0.2686', 'MRR@20': '0.2686'}
EarlyStopping counter: 1 out of 10
{'epoch': 38, 'rec_avg_loss': '0.6125', 'rec_cur_loss': '0.6137'}
{'Epoch': 38, 'HIT@5': '0.4187', 'NDCG@5': '0.2748', 'HIT@10': '0.5935', 'NDCG@10': '0.3314', 'HIT@20': '0.7530', 'NDCG@20': '0.3718', 'MRR@5': '0.2686', 'MRR@10': '0.2686', 'MRR@20': '0.2686'}
EarlyStopping counter: 2 out of 10
{'epoch': 39, 'rec_avg_loss': '0.6145', 'rec_cur_loss': '0.6222'}
{'Epoch': 39, 'HIT@5': '0.4131', 'NDCG@5': '0.2719', 'HIT@10': '0.5902', 'NDCG@10': '0.3293', 'HIT@20': '0.7513', 'NDCG@20': '0.3701', 'MRR@5': '0.2671', 'MRR@10': '0.2671', 'MRR@20': '0.2671'}
EarlyStopping counter: 3 out of 10
{'epoch': 40, 'rec_avg_loss': '0.6094', 'rec_cur_loss': '0.5957'}
{'Epoch': 40, 'HIT@5': '0.4151', 'NDCG@5': '0.2749', 'HIT@10': '0.5917', 'NDCG@10': '0.3321', 'HIT@20': '0.7513', 'NDCG@20': '0.3726', 'MRR@5': '0.2702', 'MRR@10': '0.2702', 'MRR@20': '0.2702'}
Validation score increased.  Saving model ...
{'epoch': 41, 'rec_avg_loss': '0.6099', 'rec_cur_loss': '0.6126'}
{'Epoch': 41, 'HIT@5': '0.4179', 'NDCG@5': '0.2771', 'HIT@10': '0.5947', 'NDCG@10': '0.3344', 'HIT@20': '0.7538', 'NDCG@20': '0.3747', 'MRR@5': '0.2722', 'MRR@10': '0.2722', 'MRR@20': '0.2722'}
Validation score increased.  Saving model ...
{'epoch': 42, 'rec_avg_loss': '0.6107', 'rec_cur_loss': '0.6200'}
{'Epoch': 42, 'HIT@5': '0.4209', 'NDCG@5': '0.2787', 'HIT@10': '0.5974', 'NDCG@10': '0.3357', 'HIT@20': '0.7536', 'NDCG@20': '0.3754', 'MRR@5': '0.2731', 'MRR@10': '0.2731', 'MRR@20': '0.2731'}
Validation score increased.  Saving model ...
{'epoch': 43, 'rec_avg_loss': '0.6080', 'rec_cur_loss': '0.6106'}
{'Epoch': 43, 'HIT@5': '0.4257', 'NDCG@5': '0.2801', 'HIT@10': '0.6023', 'NDCG@10': '0.3372', 'HIT@20': '0.7561', 'NDCG@20': '0.3762', 'MRR@5': '0.2731', 'MRR@10': '0.2731', 'MRR@20': '0.2731'}
Validation score increased.  Saving model ...
{'epoch': 44, 'rec_avg_loss': '0.6084', 'rec_cur_loss': '0.6147'}
{'Epoch': 44, 'HIT@5': '0.4273', 'NDCG@5': '0.2813', 'HIT@10': '0.6028', 'NDCG@10': '0.3381', 'HIT@20': '0.7561', 'NDCG@20': '0.3770', 'MRR@5': '0.2740', 'MRR@10': '0.2740', 'MRR@20': '0.2740'}
Validation score increased.  Saving model ...
{'epoch': 45, 'rec_avg_loss': '0.6052', 'rec_cur_loss': '0.5866'}
{'Epoch': 45, 'HIT@5': '0.4237', 'NDCG@5': '0.2797', 'HIT@10': '0.6017', 'NDCG@10': '0.3372', 'HIT@20': '0.7560', 'NDCG@20': '0.3763', 'MRR@5': '0.2734', 'MRR@10': '0.2734', 'MRR@20': '0.2734'}
EarlyStopping counter: 1 out of 10
{'epoch': 46, 'rec_avg_loss': '0.6086', 'rec_cur_loss': '0.6284'}
{'Epoch': 46, 'HIT@5': '0.4281', 'NDCG@5': '0.2818', 'HIT@10': '0.6028', 'NDCG@10': '0.3383', 'HIT@20': '0.7566', 'NDCG@20': '0.3773', 'MRR@5': '0.2744', 'MRR@10': '0.2744', 'MRR@20': '0.2744'}
Validation score increased.  Saving model ...
{'epoch': 47, 'rec_avg_loss': '0.6057', 'rec_cur_loss': '0.6328'}
{'Epoch': 47, 'HIT@5': '0.4257', 'NDCG@5': '0.2817', 'HIT@10': '0.6013', 'NDCG@10': '0.3385', 'HIT@20': '0.7583', 'NDCG@20': '0.3782', 'MRR@5': '0.2751', 'MRR@10': '0.2751', 'MRR@20': '0.2751'}
Validation score increased.  Saving model ...
{'epoch': 48, 'rec_avg_loss': '0.6040', 'rec_cur_loss': '0.6081'}
{'Epoch': 48, 'HIT@5': '0.4257', 'NDCG@5': '0.2811', 'HIT@10': '0.6043', 'NDCG@10': '0.3390', 'HIT@20': '0.7606', 'NDCG@20': '0.3787', 'MRR@5': '0.2748', 'MRR@10': '0.2748', 'MRR@20': '0.2748'}
EarlyStopping counter: 1 out of 10
{'epoch': 49, 'rec_avg_loss': '0.6013', 'rec_cur_loss': '0.5704'}
{'Epoch': 49, 'HIT@5': '0.4245', 'NDCG@5': '0.2811', 'HIT@10': '0.6002', 'NDCG@10': '0.3381', 'HIT@20': '0.7575', 'NDCG@20': '0.3781', 'MRR@5': '0.2751', 'MRR@10': '0.2751', 'MRR@20': '0.2751'}
EarlyStopping counter: 2 out of 10
{'epoch': 50, 'rec_avg_loss': '0.6026', 'rec_cur_loss': '0.6190'}
{'Epoch': 50, 'HIT@5': '0.4288', 'NDCG@5': '0.2832', 'HIT@10': '0.6040', 'NDCG@10': '0.3399', 'HIT@20': '0.7603', 'NDCG@20': '0.3796', 'MRR@5': '0.2761', 'MRR@10': '0.2761', 'MRR@20': '0.2761'}
Validation score increased.  Saving model ...
{'epoch': 51, 'rec_avg_loss': '0.6023', 'rec_cur_loss': '0.6236'}
{'Epoch': 51, 'HIT@5': '0.4321', 'NDCG@5': '0.2870', 'HIT@10': '0.6079', 'NDCG@10': '0.3438', 'HIT@20': '0.7594', 'NDCG@20': '0.3823', 'MRR@5': '0.2797', 'MRR@10': '0.2797', 'MRR@20': '0.2797'}
Validation score increased.  Saving model ...
{'epoch': 52, 'rec_avg_loss': '0.6017', 'rec_cur_loss': '0.6020'}
{'Epoch': 52, 'HIT@5': '0.4321', 'NDCG@5': '0.2859', 'HIT@10': '0.6068', 'NDCG@10': '0.3424', 'HIT@20': '0.7596', 'NDCG@20': '0.3813', 'MRR@5': '0.2784', 'MRR@10': '0.2784', 'MRR@20': '0.2784'}
EarlyStopping counter: 1 out of 10
{'epoch': 53, 'rec_avg_loss': '0.5984', 'rec_cur_loss': '0.6075'}
{'Epoch': 53, 'HIT@5': '0.4308', 'NDCG@5': '0.2855', 'HIT@10': '0.6070', 'NDCG@10': '0.3424', 'HIT@20': '0.7596', 'NDCG@20': '0.3811', 'MRR@5': '0.2782', 'MRR@10': '0.2782', 'MRR@20': '0.2782'}
EarlyStopping counter: 2 out of 10
{'epoch': 54, 'rec_avg_loss': '0.5975', 'rec_cur_loss': '0.5861'}
{'Epoch': 54, 'HIT@5': '0.4263', 'NDCG@5': '0.2836', 'HIT@10': '0.6050', 'NDCG@10': '0.3414', 'HIT@20': '0.7599', 'NDCG@20': '0.3808', 'MRR@5': '0.2778', 'MRR@10': '0.2778', 'MRR@20': '0.2778'}
EarlyStopping counter: 3 out of 10
{'epoch': 55, 'rec_avg_loss': '0.5992', 'rec_cur_loss': '0.5989'}
{'Epoch': 55, 'HIT@5': '0.4316', 'NDCG@5': '0.2882', 'HIT@10': '0.6081', 'NDCG@10': '0.3453', 'HIT@20': '0.7599', 'NDCG@20': '0.3839', 'MRR@5': '0.2817', 'MRR@10': '0.2817', 'MRR@20': '0.2817'}
Validation score increased.  Saving model ...
{'epoch': 56, 'rec_avg_loss': '0.5979', 'rec_cur_loss': '0.6261'}
{'Epoch': 56, 'HIT@5': '0.4339', 'NDCG@5': '0.2888', 'HIT@10': '0.6099', 'NDCG@10': '0.3457', 'HIT@20': '0.7611', 'NDCG@20': '0.3841', 'MRR@5': '0.2816', 'MRR@10': '0.2816', 'MRR@20': '0.2816'}
EarlyStopping counter: 1 out of 10
{'epoch': 57, 'rec_avg_loss': '0.5956', 'rec_cur_loss': '0.5800'}
{'Epoch': 57, 'HIT@5': '0.4346', 'NDCG@5': '0.2885', 'HIT@10': '0.6071', 'NDCG@10': '0.3443', 'HIT@20': '0.7614', 'NDCG@20': '0.3837', 'MRR@5': '0.2809', 'MRR@10': '0.2809', 'MRR@20': '0.2809'}
EarlyStopping counter: 2 out of 10
{'epoch': 58, 'rec_avg_loss': '0.5946', 'rec_cur_loss': '0.5753'}
{'Epoch': 58, 'HIT@5': '0.4361', 'NDCG@5': '0.2884', 'HIT@10': '0.6086', 'NDCG@10': '0.3443', 'HIT@20': '0.7632', 'NDCG@20': '0.3836', 'MRR@5': '0.2802', 'MRR@10': '0.2802', 'MRR@20': '0.2802'}
EarlyStopping counter: 3 out of 10
{'epoch': 59, 'rec_avg_loss': '0.5949', 'rec_cur_loss': '0.5859'}
{'Epoch': 59, 'HIT@5': '0.4377', 'NDCG@5': '0.2898', 'HIT@10': '0.6073', 'NDCG@10': '0.3446', 'HIT@20': '0.7632', 'NDCG@20': '0.3843', 'MRR@5': '0.2811', 'MRR@10': '0.2811', 'MRR@20': '0.2811'}
EarlyStopping counter: 4 out of 10
{'epoch': 60, 'rec_avg_loss': '0.5946', 'rec_cur_loss': '0.6267'}
{'Epoch': 60, 'HIT@5': '0.4384', 'NDCG@5': '0.2897', 'HIT@10': '0.6060', 'NDCG@10': '0.3439', 'HIT@20': '0.7632', 'NDCG@20': '0.3839', 'MRR@5': '0.2806', 'MRR@10': '0.2806', 'MRR@20': '0.2806'}
EarlyStopping counter: 5 out of 10
{'epoch': 61, 'rec_avg_loss': '0.5915', 'rec_cur_loss': '0.5774'}
{'Epoch': 61, 'HIT@5': '0.4377', 'NDCG@5': '0.2894', 'HIT@10': '0.6055', 'NDCG@10': '0.3436', 'HIT@20': '0.7588', 'NDCG@20': '0.3826', 'MRR@5': '0.2803', 'MRR@10': '0.2803', 'MRR@20': '0.2803'}
EarlyStopping counter: 6 out of 10
{'epoch': 62, 'rec_avg_loss': '0.5922', 'rec_cur_loss': '0.5863'}
{'Epoch': 62, 'HIT@5': '0.4366', 'NDCG@5': '0.2893', 'HIT@10': '0.6066', 'NDCG@10': '0.3445', 'HIT@20': '0.7608', 'NDCG@20': '0.3837', 'MRR@5': '0.2810', 'MRR@10': '0.2810', 'MRR@20': '0.2810'}
EarlyStopping counter: 7 out of 10
{'epoch': 63, 'rec_avg_loss': '0.5921', 'rec_cur_loss': '0.6146'}
{'Epoch': 63, 'HIT@5': '0.4439', 'NDCG@5': '0.2958', 'HIT@10': '0.6126', 'NDCG@10': '0.3505', 'HIT@20': '0.7636', 'NDCG@20': '0.3889', 'MRR@5': '0.2867', 'MRR@10': '0.2867', 'MRR@20': '0.2867'}
Validation score increased.  Saving model ...
{'epoch': 64, 'rec_avg_loss': '0.5930', 'rec_cur_loss': '0.5816'}
{'Epoch': 64, 'HIT@5': '0.4425', 'NDCG@5': '0.2948', 'HIT@10': '0.6131', 'NDCG@10': '0.3501', 'HIT@20': '0.7639', 'NDCG@20': '0.3884', 'MRR@5': '0.2860', 'MRR@10': '0.2860', 'MRR@20': '0.2860'}
EarlyStopping counter: 1 out of 10
{'epoch': 65, 'rec_avg_loss': '0.5918', 'rec_cur_loss': '0.6134'}
{'Epoch': 65, 'HIT@5': '0.4406', 'NDCG@5': '0.2942', 'HIT@10': '0.6136', 'NDCG@10': '0.3503', 'HIT@20': '0.7659', 'NDCG@20': '0.3889', 'MRR@5': '0.2862', 'MRR@10': '0.2862', 'MRR@20': '0.2862'}
EarlyStopping counter: 2 out of 10
{'epoch': 66, 'rec_avg_loss': '0.5910', 'rec_cur_loss': '0.6054'}
{'Epoch': 66, 'HIT@5': '0.4404', 'NDCG@5': '0.2944', 'HIT@10': '0.6146', 'NDCG@10': '0.3510', 'HIT@20': '0.7646', 'NDCG@20': '0.3891', 'MRR@5': '0.2867', 'MRR@10': '0.2867', 'MRR@20': '0.2867'}
Validation score increased.  Saving model ...
{'epoch': 67, 'rec_avg_loss': '0.5882', 'rec_cur_loss': '0.5797'}
{'Epoch': 67, 'HIT@5': '0.4455', 'NDCG@5': '0.2971', 'HIT@10': '0.6141', 'NDCG@10': '0.3517', 'HIT@20': '0.7619', 'NDCG@20': '0.3893', 'MRR@5': '0.2877', 'MRR@10': '0.2877', 'MRR@20': '0.2877'}
Validation score increased.  Saving model ...
{'epoch': 68, 'rec_avg_loss': '0.5881', 'rec_cur_loss': '0.5892'}
{'Epoch': 68, 'HIT@5': '0.4469', 'NDCG@5': '0.2979', 'HIT@10': '0.6144', 'NDCG@10': '0.3521', 'HIT@20': '0.7639', 'NDCG@20': '0.3901', 'MRR@5': '0.2880', 'MRR@10': '0.2880', 'MRR@20': '0.2880'}
Validation score increased.  Saving model ...
{'epoch': 69, 'rec_avg_loss': '0.5902', 'rec_cur_loss': '0.6020'}
{'Epoch': 69, 'HIT@5': '0.4459', 'NDCG@5': '0.2963', 'HIT@10': '0.6162', 'NDCG@10': '0.3515', 'HIT@20': '0.7664', 'NDCG@20': '0.3896', 'MRR@5': '0.2866', 'MRR@10': '0.2866', 'MRR@20': '0.2866'}
EarlyStopping counter: 1 out of 10
{'epoch': 70, 'rec_avg_loss': '0.5870', 'rec_cur_loss': '0.5535'}
{'Epoch': 70, 'HIT@5': '0.4397', 'NDCG@5': '0.2929', 'HIT@10': '0.6103', 'NDCG@10': '0.3484', 'HIT@20': '0.7634', 'NDCG@20': '0.3873', 'MRR@5': '0.2847', 'MRR@10': '0.2847', 'MRR@20': '0.2847'}
EarlyStopping counter: 2 out of 10
{'epoch': 71, 'rec_avg_loss': '0.5853', 'rec_cur_loss': '0.5946'}
{'Epoch': 71, 'HIT@5': '0.4437', 'NDCG@5': '0.2943', 'HIT@10': '0.6146', 'NDCG@10': '0.3496', 'HIT@20': '0.7636', 'NDCG@20': '0.3875', 'MRR@5': '0.2849', 'MRR@10': '0.2849', 'MRR@20': '0.2849'}
EarlyStopping counter: 3 out of 10
{'epoch': 72, 'rec_avg_loss': '0.5874', 'rec_cur_loss': '0.5848'}
{'Epoch': 72, 'HIT@5': '0.4465', 'NDCG@5': '0.2977', 'HIT@10': '0.6152', 'NDCG@10': '0.3525', 'HIT@20': '0.7646', 'NDCG@20': '0.3905', 'MRR@5': '0.2882', 'MRR@10': '0.2882', 'MRR@20': '0.2882'}
Validation score increased.  Saving model ...
{'epoch': 73, 'rec_avg_loss': '0.5872', 'rec_cur_loss': '0.5784'}
{'Epoch': 73, 'HIT@5': '0.4474', 'NDCG@5': '0.2996', 'HIT@10': '0.6174', 'NDCG@10': '0.3547', 'HIT@20': '0.7647', 'NDCG@20': '0.3923', 'MRR@5': '0.2906', 'MRR@10': '0.2906', 'MRR@20': '0.2906'}
Validation score increased.  Saving model ...
{'epoch': 74, 'rec_avg_loss': '0.5857', 'rec_cur_loss': '0.6131'}
{'Epoch': 74, 'HIT@5': '0.4487', 'NDCG@5': '0.2998', 'HIT@10': '0.6169', 'NDCG@10': '0.3543', 'HIT@20': '0.7651', 'NDCG@20': '0.3921', 'MRR@5': '0.2902', 'MRR@10': '0.2902', 'MRR@20': '0.2902'}
EarlyStopping counter: 1 out of 10
{'epoch': 75, 'rec_avg_loss': '0.5826', 'rec_cur_loss': '0.5752'}
{'Epoch': 75, 'HIT@5': '0.4444', 'NDCG@5': '0.2965', 'HIT@10': '0.6113', 'NDCG@10': '0.3508', 'HIT@20': '0.7657', 'NDCG@20': '0.3901', 'MRR@5': '0.2875', 'MRR@10': '0.2875', 'MRR@20': '0.2875'}
EarlyStopping counter: 2 out of 10
{'epoch': 76, 'rec_avg_loss': '0.5822', 'rec_cur_loss': '0.5813'}
{'Epoch': 76, 'HIT@5': '0.4475', 'NDCG@5': '0.2992', 'HIT@10': '0.6132', 'NDCG@10': '0.3530', 'HIT@20': '0.7659', 'NDCG@20': '0.3917', 'MRR@5': '0.2896', 'MRR@10': '0.2896', 'MRR@20': '0.2896'}
EarlyStopping counter: 3 out of 10
{'epoch': 77, 'rec_avg_loss': '0.5822', 'rec_cur_loss': '0.6055'}
{'Epoch': 77, 'HIT@5': '0.4490', 'NDCG@5': '0.2991', 'HIT@10': '0.6121', 'NDCG@10': '0.3521', 'HIT@20': '0.7656', 'NDCG@20': '0.3911', 'MRR@5': '0.2889', 'MRR@10': '0.2889', 'MRR@20': '0.2889'}
EarlyStopping counter: 4 out of 10
{'epoch': 78, 'rec_avg_loss': '0.5823', 'rec_cur_loss': '0.5723'}
{'Epoch': 78, 'HIT@5': '0.4528', 'NDCG@5': '0.3019', 'HIT@10': '0.6222', 'NDCG@10': '0.3568', 'HIT@20': '0.7690', 'NDCG@20': '0.3940', 'MRR@5': '0.2914', 'MRR@10': '0.2914', 'MRR@20': '0.2914'}
Validation score increased.  Saving model ...
{'epoch': 79, 'rec_avg_loss': '0.5833', 'rec_cur_loss': '0.5994'}
{'Epoch': 79, 'HIT@5': '0.4450', 'NDCG@5': '0.2971', 'HIT@10': '0.6124', 'NDCG@10': '0.3516', 'HIT@20': '0.7657', 'NDCG@20': '0.3906', 'MRR@5': '0.2882', 'MRR@10': '0.2882', 'MRR@20': '0.2882'}
EarlyStopping counter: 1 out of 10
{'epoch': 80, 'rec_avg_loss': '0.5797', 'rec_cur_loss': '0.5928'}
{'Epoch': 80, 'HIT@5': '0.4480', 'NDCG@5': '0.2984', 'HIT@10': '0.6172', 'NDCG@10': '0.3534', 'HIT@20': '0.7656', 'NDCG@20': '0.3911', 'MRR@5': '0.2887', 'MRR@10': '0.2887', 'MRR@20': '0.2887'}
EarlyStopping counter: 2 out of 10
{'epoch': 81, 'rec_avg_loss': '0.5812', 'rec_cur_loss': '0.5894'}
{'Epoch': 81, 'HIT@5': '0.4498', 'NDCG@5': '0.3007', 'HIT@10': '0.6164', 'NDCG@10': '0.3548', 'HIT@20': '0.7666', 'NDCG@20': '0.3930', 'MRR@5': '0.2909', 'MRR@10': '0.2909', 'MRR@20': '0.2909'}
EarlyStopping counter: 3 out of 10
{'epoch': 82, 'rec_avg_loss': '0.5797', 'rec_cur_loss': '0.5914'}
{'Epoch': 82, 'HIT@5': '0.4440', 'NDCG@5': '0.2971', 'HIT@10': '0.6167', 'NDCG@10': '0.3531', 'HIT@20': '0.7649', 'NDCG@20': '0.3908', 'MRR@5': '0.2886', 'MRR@10': '0.2886', 'MRR@20': '0.2886'}
EarlyStopping counter: 4 out of 10
{'epoch': 83, 'rec_avg_loss': '0.5797', 'rec_cur_loss': '0.5627'}
{'Epoch': 83, 'HIT@5': '0.4444', 'NDCG@5': '0.2964', 'HIT@10': '0.6141', 'NDCG@10': '0.3514', 'HIT@20': '0.7627', 'NDCG@20': '0.3892', 'MRR@5': '0.2873', 'MRR@10': '0.2873', 'MRR@20': '0.2873'}
EarlyStopping counter: 5 out of 10
{'epoch': 84, 'rec_avg_loss': '0.5806', 'rec_cur_loss': '0.5382'}
{'Epoch': 84, 'HIT@5': '0.4558', 'NDCG@5': '0.3043', 'HIT@10': '0.6242', 'NDCG@10': '0.3589', 'HIT@20': '0.7712', 'NDCG@20': '0.3962', 'MRR@5': '0.2934', 'MRR@10': '0.2934', 'MRR@20': '0.2934'}
Validation score increased.  Saving model ...
{'epoch': 85, 'rec_avg_loss': '0.5798', 'rec_cur_loss': '0.5840'}
{'Epoch': 85, 'HIT@5': '0.4565', 'NDCG@5': '0.3045', 'HIT@10': '0.6212', 'NDCG@10': '0.3580', 'HIT@20': '0.7694', 'NDCG@20': '0.3957', 'MRR@5': '0.2932', 'MRR@10': '0.2932', 'MRR@20': '0.2932'}
EarlyStopping counter: 1 out of 10
{'epoch': 86, 'rec_avg_loss': '0.5797', 'rec_cur_loss': '0.5995'}
{'Epoch': 86, 'HIT@5': '0.4575', 'NDCG@5': '0.3056', 'HIT@10': '0.6215', 'NDCG@10': '0.3590', 'HIT@20': '0.7707', 'NDCG@20': '0.3970', 'MRR@5': '0.2945', 'MRR@10': '0.2945', 'MRR@20': '0.2945'}
Validation score increased.  Saving model ...
{'epoch': 87, 'rec_avg_loss': '0.5781', 'rec_cur_loss': '0.5929'}
{'Epoch': 87, 'HIT@5': '0.4546', 'NDCG@5': '0.3047', 'HIT@10': '0.6233', 'NDCG@10': '0.3594', 'HIT@20': '0.7689', 'NDCG@20': '0.3964', 'MRR@5': '0.2944', 'MRR@10': '0.2944', 'MRR@20': '0.2944'}
EarlyStopping counter: 1 out of 10
{'epoch': 88, 'rec_avg_loss': '0.5776', 'rec_cur_loss': '0.5763'}
{'Epoch': 88, 'HIT@5': '0.4570', 'NDCG@5': '0.3058', 'HIT@10': '0.6237', 'NDCG@10': '0.3599', 'HIT@20': '0.7714', 'NDCG@20': '0.3974', 'MRR@5': '0.2949', 'MRR@10': '0.2949', 'MRR@20': '0.2949'}
Validation score increased.  Saving model ...
{'epoch': 89, 'rec_avg_loss': '0.5755', 'rec_cur_loss': '0.5784'}
{'Epoch': 89, 'HIT@5': '0.4584', 'NDCG@5': '0.3052', 'HIT@10': '0.6215', 'NDCG@10': '0.3581', 'HIT@20': '0.7702', 'NDCG@20': '0.3958', 'MRR@5': '0.2932', 'MRR@10': '0.2932', 'MRR@20': '0.2932'}
EarlyStopping counter: 1 out of 10
{'epoch': 90, 'rec_avg_loss': '0.5793', 'rec_cur_loss': '0.5798'}
{'Epoch': 90, 'HIT@5': '0.4555', 'NDCG@5': '0.3052', 'HIT@10': '0.6207', 'NDCG@10': '0.3590', 'HIT@20': '0.7680', 'NDCG@20': '0.3964', 'MRR@5': '0.2947', 'MRR@10': '0.2947', 'MRR@20': '0.2947'}
EarlyStopping counter: 2 out of 10
{'epoch': 91, 'rec_avg_loss': '0.5787', 'rec_cur_loss': '0.5938'}
{'Epoch': 91, 'HIT@5': '0.4553', 'NDCG@5': '0.3031', 'HIT@10': '0.6167', 'NDCG@10': '0.3556', 'HIT@20': '0.7682', 'NDCG@20': '0.3941', 'MRR@5': '0.2917', 'MRR@10': '0.2917', 'MRR@20': '0.2917'}
EarlyStopping counter: 3 out of 10
{'epoch': 92, 'rec_avg_loss': '0.5764', 'rec_cur_loss': '0.5652'}
{'Epoch': 92, 'HIT@5': '0.4586', 'NDCG@5': '0.3061', 'HIT@10': '0.6209', 'NDCG@10': '0.3587', 'HIT@20': '0.7695', 'NDCG@20': '0.3965', 'MRR@5': '0.2944', 'MRR@10': '0.2944', 'MRR@20': '0.2944'}
EarlyStopping counter: 4 out of 10
{'epoch': 93, 'rec_avg_loss': '0.5773', 'rec_cur_loss': '0.5728'}
{'Epoch': 93, 'HIT@5': '0.4626', 'NDCG@5': '0.3100', 'HIT@10': '0.6268', 'NDCG@10': '0.3632', 'HIT@20': '0.7720', 'NDCG@20': '0.4001', 'MRR@5': '0.2980', 'MRR@10': '0.2980', 'MRR@20': '0.2980'}
Validation score increased.  Saving model ...
{'epoch': 94, 'rec_avg_loss': '0.5754', 'rec_cur_loss': '0.5920'}
{'Epoch': 94, 'HIT@5': '0.4631', 'NDCG@5': '0.3097', 'HIT@10': '0.6245', 'NDCG@10': '0.3623', 'HIT@20': '0.7722', 'NDCG@20': '0.3998', 'MRR@5': '0.2976', 'MRR@10': '0.2976', 'MRR@20': '0.2976'}
EarlyStopping counter: 1 out of 10
{'epoch': 95, 'rec_avg_loss': '0.5781', 'rec_cur_loss': '0.5889'}
{'Epoch': 95, 'HIT@5': '0.4570', 'NDCG@5': '0.3047', 'HIT@10': '0.6210', 'NDCG@10': '0.3581', 'HIT@20': '0.7679', 'NDCG@20': '0.3955', 'MRR@5': '0.2934', 'MRR@10': '0.2934', 'MRR@20': '0.2934'}
EarlyStopping counter: 2 out of 10
{'epoch': 96, 'rec_avg_loss': '0.5740', 'rec_cur_loss': '0.5710'}
{'Epoch': 96, 'HIT@5': '0.4614', 'NDCG@5': '0.3077', 'HIT@10': '0.6280', 'NDCG@10': '0.3616', 'HIT@20': '0.7675', 'NDCG@20': '0.3969', 'MRR@5': '0.2953', 'MRR@10': '0.2953', 'MRR@20': '0.2953'}
EarlyStopping counter: 3 out of 10
{'epoch': 97, 'rec_avg_loss': '0.5718', 'rec_cur_loss': '0.5776'}
{'Epoch': 97, 'HIT@5': '0.4614', 'NDCG@5': '0.3066', 'HIT@10': '0.6255', 'NDCG@10': '0.3599', 'HIT@20': '0.7699', 'NDCG@20': '0.3965', 'MRR@5': '0.2940', 'MRR@10': '0.2940', 'MRR@20': '0.2940'}
EarlyStopping counter: 4 out of 10
{'epoch': 98, 'rec_avg_loss': '0.5735', 'rec_cur_loss': '0.5827'}
{'Epoch': 98, 'HIT@5': '0.4677', 'NDCG@5': '0.3134', 'HIT@10': '0.6267', 'NDCG@10': '0.3649', 'HIT@20': '0.7717', 'NDCG@20': '0.4017', 'MRR@5': '0.3002', 'MRR@10': '0.3002', 'MRR@20': '0.3002'}
Validation score increased.  Saving model ...
{'epoch': 99, 'rec_avg_loss': '0.5746', 'rec_cur_loss': '0.5634'}
{'Epoch': 99, 'HIT@5': '0.4680', 'NDCG@5': '0.3125', 'HIT@10': '0.6288', 'NDCG@10': '0.3645', 'HIT@20': '0.7717', 'NDCG@20': '0.4007', 'MRR@5': '0.2989', 'MRR@10': '0.2989', 'MRR@20': '0.2989'}
EarlyStopping counter: 1 out of 10
{'epoch': 100, 'rec_avg_loss': '0.5716', 'rec_cur_loss': '0.5783'}
{'Epoch': 100, 'HIT@5': '0.4641', 'NDCG@5': '0.3120', 'HIT@10': '0.6280', 'NDCG@10': '0.3652', 'HIT@20': '0.7704', 'NDCG@20': '0.4014', 'MRR@5': '0.3001', 'MRR@10': '0.3001', 'MRR@20': '0.3001'}
EarlyStopping counter: 2 out of 10
{'epoch': 101, 'rec_avg_loss': '0.5711', 'rec_cur_loss': '0.5760'}
{'Epoch': 101, 'HIT@5': '0.4637', 'NDCG@5': '0.3113', 'HIT@10': '0.6272', 'NDCG@10': '0.3643', 'HIT@20': '0.7667', 'NDCG@20': '0.3997', 'MRR@5': '0.2991', 'MRR@10': '0.2991', 'MRR@20': '0.2991'}
EarlyStopping counter: 3 out of 10
{'epoch': 102, 'rec_avg_loss': '0.5689', 'rec_cur_loss': '0.5266'}
{'Epoch': 102, 'HIT@5': '0.4627', 'NDCG@5': '0.3092', 'HIT@10': '0.6265', 'NDCG@10': '0.3625', 'HIT@20': '0.7702', 'NDCG@20': '0.3989', 'MRR@5': '0.2970', 'MRR@10': '0.2970', 'MRR@20': '0.2970'}
EarlyStopping counter: 4 out of 10
{'epoch': 103, 'rec_avg_loss': '0.5701', 'rec_cur_loss': '0.5749'}
{'Epoch': 103, 'HIT@5': '0.4671', 'NDCG@5': '0.3145', 'HIT@10': '0.6313', 'NDCG@10': '0.3678', 'HIT@20': '0.7715', 'NDCG@20': '0.4034', 'MRR@5': '0.3023', 'MRR@10': '0.3023', 'MRR@20': '0.3023'}
Validation score increased.  Saving model ...
{'epoch': 104, 'rec_avg_loss': '0.5697', 'rec_cur_loss': '0.5779'}
{'Epoch': 104, 'HIT@5': '0.4634', 'NDCG@5': '0.3119', 'HIT@10': '0.6273', 'NDCG@10': '0.3650', 'HIT@20': '0.7692', 'NDCG@20': '0.4010', 'MRR@5': '0.3001', 'MRR@10': '0.3001', 'MRR@20': '0.3001'}
EarlyStopping counter: 1 out of 10
{'epoch': 105, 'rec_avg_loss': '0.5701', 'rec_cur_loss': '0.5801'}
{'Epoch': 105, 'HIT@5': '0.4641', 'NDCG@5': '0.3113', 'HIT@10': '0.6255', 'NDCG@10': '0.3638', 'HIT@20': '0.7692', 'NDCG@20': '0.4003', 'MRR@5': '0.2991', 'MRR@10': '0.2991', 'MRR@20': '0.2991'}
EarlyStopping counter: 2 out of 10
{'epoch': 106, 'rec_avg_loss': '0.5689', 'rec_cur_loss': '0.5544'}
{'Epoch': 106, 'HIT@5': '0.4694', 'NDCG@5': '0.3129', 'HIT@10': '0.6268', 'NDCG@10': '0.3639', 'HIT@20': '0.7733', 'NDCG@20': '0.4012', 'MRR@5': '0.2989', 'MRR@10': '0.2989', 'MRR@20': '0.2989'}
EarlyStopping counter: 3 out of 10
{'epoch': 107, 'rec_avg_loss': '0.5670', 'rec_cur_loss': '0.5723'}
{'Epoch': 107, 'HIT@5': '0.4728', 'NDCG@5': '0.3181', 'HIT@10': '0.6315', 'NDCG@10': '0.3695', 'HIT@20': '0.7730', 'NDCG@20': '0.4054', 'MRR@5': '0.3044', 'MRR@10': '0.3044', 'MRR@20': '0.3044'}
Validation score increased.  Saving model ...
{'epoch': 108, 'rec_avg_loss': '0.5683', 'rec_cur_loss': '0.5736'}
{'Epoch': 108, 'HIT@5': '0.4707', 'NDCG@5': '0.3163', 'HIT@10': '0.6275', 'NDCG@10': '0.3671', 'HIT@20': '0.7679', 'NDCG@20': '0.4027', 'MRR@5': '0.3025', 'MRR@10': '0.3025', 'MRR@20': '0.3025'}
EarlyStopping counter: 1 out of 10
{'epoch': 109, 'rec_avg_loss': '0.5671', 'rec_cur_loss': '0.5484'}
{'Epoch': 109, 'HIT@5': '0.4651', 'NDCG@5': '0.3118', 'HIT@10': '0.6283', 'NDCG@10': '0.3647', 'HIT@20': '0.7719', 'NDCG@20': '0.4012', 'MRR@5': '0.2994', 'MRR@10': '0.2994', 'MRR@20': '0.2994'}
EarlyStopping counter: 2 out of 10
{'epoch': 110, 'rec_avg_loss': '0.5668', 'rec_cur_loss': '0.5336'}
{'Epoch': 110, 'HIT@5': '0.4715', 'NDCG@5': '0.3176', 'HIT@10': '0.6318', 'NDCG@10': '0.3696', 'HIT@20': '0.7733', 'NDCG@20': '0.4055', 'MRR@5': '0.3044', 'MRR@10': '0.3044', 'MRR@20': '0.3044'}
Validation score increased.  Saving model ...
{'epoch': 111, 'rec_avg_loss': '0.5685', 'rec_cur_loss': '0.5818'}
{'Epoch': 111, 'HIT@5': '0.4710', 'NDCG@5': '0.3166', 'HIT@10': '0.6315', 'NDCG@10': '0.3687', 'HIT@20': '0.7725', 'NDCG@20': '0.4044', 'MRR@5': '0.3033', 'MRR@10': '0.3033', 'MRR@20': '0.3033'}
EarlyStopping counter: 1 out of 10
{'epoch': 112, 'rec_avg_loss': '0.5646', 'rec_cur_loss': '0.5581'}
{'Epoch': 112, 'HIT@5': '0.4758', 'NDCG@5': '0.3198', 'HIT@10': '0.6338', 'NDCG@10': '0.3709', 'HIT@20': '0.7753', 'NDCG@20': '0.4068', 'MRR@5': '0.3054', 'MRR@10': '0.3054', 'MRR@20': '0.3054'}
Validation score increased.  Saving model ...
{'epoch': 113, 'rec_avg_loss': '0.5667', 'rec_cur_loss': '0.5479'}
{'Epoch': 113, 'HIT@5': '0.4705', 'NDCG@5': '0.3163', 'HIT@10': '0.6341', 'NDCG@10': '0.3694', 'HIT@20': '0.7738', 'NDCG@20': '0.4047', 'MRR@5': '0.3032', 'MRR@10': '0.3032', 'MRR@20': '0.3032'}
EarlyStopping counter: 1 out of 10
{'epoch': 114, 'rec_avg_loss': '0.5658', 'rec_cur_loss': '0.5876'}
{'Epoch': 114, 'HIT@5': '0.4714', 'NDCG@5': '0.3179', 'HIT@10': '0.6320', 'NDCG@10': '0.3700', 'HIT@20': '0.7727', 'NDCG@20': '0.4056', 'MRR@5': '0.3048', 'MRR@10': '0.3048', 'MRR@20': '0.3048'}
EarlyStopping counter: 2 out of 10
{'epoch': 115, 'rec_avg_loss': '0.5661', 'rec_cur_loss': '0.5889'}
{'Epoch': 115, 'HIT@5': '0.4694', 'NDCG@5': '0.3155', 'HIT@10': '0.6308', 'NDCG@10': '0.3678', 'HIT@20': '0.7724', 'NDCG@20': '0.4037', 'MRR@5': '0.3025', 'MRR@10': '0.3025', 'MRR@20': '0.3025'}
EarlyStopping counter: 3 out of 10
{'epoch': 116, 'rec_avg_loss': '0.5624', 'rec_cur_loss': '0.5618'}
{'Epoch': 116, 'HIT@5': '0.4767', 'NDCG@5': '0.3206', 'HIT@10': '0.6348', 'NDCG@10': '0.3718', 'HIT@20': '0.7743', 'NDCG@20': '0.4072', 'MRR@5': '0.3062', 'MRR@10': '0.3062', 'MRR@20': '0.3062'}
Validation score increased.  Saving model ...
{'epoch': 117, 'rec_avg_loss': '0.5653', 'rec_cur_loss': '0.5469'}
{'Epoch': 117, 'HIT@5': '0.4738', 'NDCG@5': '0.3183', 'HIT@10': '0.6346', 'NDCG@10': '0.3705', 'HIT@20': '0.7743', 'NDCG@20': '0.4059', 'MRR@5': '0.3046', 'MRR@10': '0.3046', 'MRR@20': '0.3046'}
EarlyStopping counter: 1 out of 10
{'epoch': 118, 'rec_avg_loss': '0.5644', 'rec_cur_loss': '0.5815'}
{'Epoch': 118, 'HIT@5': '0.4750', 'NDCG@5': '0.3199', 'HIT@10': '0.6321', 'NDCG@10': '0.3709', 'HIT@20': '0.7740', 'NDCG@20': '0.4069', 'MRR@5': '0.3060', 'MRR@10': '0.3060', 'MRR@20': '0.3060'}
EarlyStopping counter: 2 out of 10
{'epoch': 119, 'rec_avg_loss': '0.5642', 'rec_cur_loss': '0.5951'}
{'Epoch': 119, 'HIT@5': '0.4745', 'NDCG@5': '0.3188', 'HIT@10': '0.6346', 'NDCG@10': '0.3708', 'HIT@20': '0.7753', 'NDCG@20': '0.4065', 'MRR@5': '0.3050', 'MRR@10': '0.3050', 'MRR@20': '0.3050'}
EarlyStopping counter: 3 out of 10
{'epoch': 120, 'rec_avg_loss': '0.5652', 'rec_cur_loss': '0.5781'}
{'Epoch': 120, 'HIT@5': '0.4755', 'NDCG@5': '0.3186', 'HIT@10': '0.6321', 'NDCG@10': '0.3695', 'HIT@20': '0.7768', 'NDCG@20': '0.4062', 'MRR@5': '0.3042', 'MRR@10': '0.3042', 'MRR@20': '0.3042'}
EarlyStopping counter: 4 out of 10
{'epoch': 121, 'rec_avg_loss': '0.5640', 'rec_cur_loss': '0.5823'}
{'Epoch': 121, 'HIT@5': '0.4770', 'NDCG@5': '0.3187', 'HIT@10': '0.6333', 'NDCG@10': '0.3694', 'HIT@20': '0.7748', 'NDCG@20': '0.4052', 'MRR@5': '0.3035', 'MRR@10': '0.3035', 'MRR@20': '0.3035'}
EarlyStopping counter: 5 out of 10
{'epoch': 122, 'rec_avg_loss': '0.5620', 'rec_cur_loss': '0.5513'}
{'Epoch': 122, 'HIT@5': '0.4722', 'NDCG@5': '0.3182', 'HIT@10': '0.6325', 'NDCG@10': '0.3703', 'HIT@20': '0.7730', 'NDCG@20': '0.4059', 'MRR@5': '0.3050', 'MRR@10': '0.3050', 'MRR@20': '0.3050'}
EarlyStopping counter: 6 out of 10
{'epoch': 123, 'rec_avg_loss': '0.5627', 'rec_cur_loss': '0.5867'}
{'Epoch': 123, 'HIT@5': '0.4758', 'NDCG@5': '0.3193', 'HIT@10': '0.6323', 'NDCG@10': '0.3703', 'HIT@20': '0.7748', 'NDCG@20': '0.4065', 'MRR@5': '0.3050', 'MRR@10': '0.3050', 'MRR@20': '0.3050'}
EarlyStopping counter: 7 out of 10
{'epoch': 124, 'rec_avg_loss': '0.5630', 'rec_cur_loss': '0.5868'}
{'Epoch': 124, 'HIT@5': '0.4798', 'NDCG@5': '0.3212', 'HIT@10': '0.6359', 'NDCG@10': '0.3719', 'HIT@20': '0.7758', 'NDCG@20': '0.4074', 'MRR@5': '0.3058', 'MRR@10': '0.3058', 'MRR@20': '0.3058'}
EarlyStopping counter: 8 out of 10
{'epoch': 125, 'rec_avg_loss': '0.5626', 'rec_cur_loss': '0.5747'}
{'Epoch': 125, 'HIT@5': '0.4823', 'NDCG@5': '0.3242', 'HIT@10': '0.6359', 'NDCG@10': '0.3741', 'HIT@20': '0.7763', 'NDCG@20': '0.4097', 'MRR@5': '0.3087', 'MRR@10': '0.3087', 'MRR@20': '0.3087'}
Validation score increased.  Saving model ...
{'epoch': 126, 'rec_avg_loss': '0.5612', 'rec_cur_loss': '0.5588'}
{'Epoch': 126, 'HIT@5': '0.4758', 'NDCG@5': '0.3182', 'HIT@10': '0.6333', 'NDCG@10': '0.3694', 'HIT@20': '0.7737', 'NDCG@20': '0.4050', 'MRR@5': '0.3034', 'MRR@10': '0.3034', 'MRR@20': '0.3034'}
EarlyStopping counter: 1 out of 10
{'epoch': 127, 'rec_avg_loss': '0.5605', 'rec_cur_loss': '0.5457'}
{'Epoch': 127, 'HIT@5': '0.4773', 'NDCG@5': '0.3191', 'HIT@10': '0.6316', 'NDCG@10': '0.3692', 'HIT@20': '0.7728', 'NDCG@20': '0.4051', 'MRR@5': '0.3038', 'MRR@10': '0.3038', 'MRR@20': '0.3038'}
EarlyStopping counter: 2 out of 10
{'epoch': 128, 'rec_avg_loss': '0.5604', 'rec_cur_loss': '0.5329'}
{'Epoch': 128, 'HIT@5': '0.4725', 'NDCG@5': '0.3179', 'HIT@10': '0.6331', 'NDCG@10': '0.3702', 'HIT@20': '0.7747', 'NDCG@20': '0.4061', 'MRR@5': '0.3046', 'MRR@10': '0.3046', 'MRR@20': '0.3046'}
EarlyStopping counter: 3 out of 10
{'epoch': 129, 'rec_avg_loss': '0.5595', 'rec_cur_loss': '0.5598'}
{'Epoch': 129, 'HIT@5': '0.4851', 'NDCG@5': '0.3258', 'HIT@10': '0.6386', 'NDCG@10': '0.3756', 'HIT@20': '0.7770', 'NDCG@20': '0.4106', 'MRR@5': '0.3096', 'MRR@10': '0.3096', 'MRR@20': '0.3096'}
Validation score increased.  Saving model ...
{'epoch': 130, 'rec_avg_loss': '0.5599', 'rec_cur_loss': '0.5670'}
{'Epoch': 130, 'HIT@5': '0.4803', 'NDCG@5': '0.3229', 'HIT@10': '0.6361', 'NDCG@10': '0.3735', 'HIT@20': '0.7745', 'NDCG@20': '0.4086', 'MRR@5': '0.3078', 'MRR@10': '0.3078', 'MRR@20': '0.3078'}
EarlyStopping counter: 1 out of 10
{'epoch': 131, 'rec_avg_loss': '0.5603', 'rec_cur_loss': '0.5417'}
{'Epoch': 131, 'HIT@5': '0.4818', 'NDCG@5': '0.3243', 'HIT@10': '0.6386', 'NDCG@10': '0.3752', 'HIT@20': '0.7781', 'NDCG@20': '0.4106', 'MRR@5': '0.3092', 'MRR@10': '0.3092', 'MRR@20': '0.3092'}
EarlyStopping counter: 2 out of 10
{'epoch': 132, 'rec_avg_loss': '0.5584', 'rec_cur_loss': '0.5800'}
{'Epoch': 132, 'HIT@5': '0.4816', 'NDCG@5': '0.3224', 'HIT@10': '0.6356', 'NDCG@10': '0.3725', 'HIT@20': '0.7762', 'NDCG@20': '0.4082', 'MRR@5': '0.3067', 'MRR@10': '0.3067', 'MRR@20': '0.3067'}
EarlyStopping counter: 3 out of 10
{'epoch': 133, 'rec_avg_loss': '0.5578', 'rec_cur_loss': '0.5463'}
{'Epoch': 133, 'HIT@5': '0.4796', 'NDCG@5': '0.3244', 'HIT@10': '0.6404', 'NDCG@10': '0.3768', 'HIT@20': '0.7762', 'NDCG@20': '0.4112', 'MRR@5': '0.3106', 'MRR@10': '0.3106', 'MRR@20': '0.3106'}
Validation score increased.  Saving model ...
{'epoch': 134, 'rec_avg_loss': '0.5579', 'rec_cur_loss': '0.5556'}
{'Epoch': 134, 'HIT@5': '0.4767', 'NDCG@5': '0.3215', 'HIT@10': '0.6392', 'NDCG@10': '0.3742', 'HIT@20': '0.7747', 'NDCG@20': '0.4085', 'MRR@5': '0.3077', 'MRR@10': '0.3077', 'MRR@20': '0.3077'}
EarlyStopping counter: 1 out of 10
{'epoch': 135, 'rec_avg_loss': '0.5579', 'rec_cur_loss': '0.5472'}
{'Epoch': 135, 'HIT@5': '0.4757', 'NDCG@5': '0.3211', 'HIT@10': '0.6386', 'NDCG@10': '0.3741', 'HIT@20': '0.7748', 'NDCG@20': '0.4086', 'MRR@5': '0.3077', 'MRR@10': '0.3077', 'MRR@20': '0.3077'}
EarlyStopping counter: 2 out of 10
{'epoch': 136, 'rec_avg_loss': '0.5585', 'rec_cur_loss': '0.5618'}
{'Epoch': 136, 'HIT@5': '0.4781', 'NDCG@5': '0.3227', 'HIT@10': '0.6396', 'NDCG@10': '0.3751', 'HIT@20': '0.7760', 'NDCG@20': '0.4096', 'MRR@5': '0.3086', 'MRR@10': '0.3086', 'MRR@20': '0.3086'}
EarlyStopping counter: 3 out of 10
{'epoch': 137, 'rec_avg_loss': '0.5592', 'rec_cur_loss': '0.5596'}
{'Epoch': 137, 'HIT@5': '0.4831', 'NDCG@5': '0.3251', 'HIT@10': '0.6374', 'NDCG@10': '0.3752', 'HIT@20': '0.7772', 'NDCG@20': '0.4108', 'MRR@5': '0.3097', 'MRR@10': '0.3097', 'MRR@20': '0.3097'}
EarlyStopping counter: 4 out of 10
{'epoch': 138, 'rec_avg_loss': '0.5558', 'rec_cur_loss': '0.5347'}
{'Epoch': 138, 'HIT@5': '0.4851', 'NDCG@5': '0.3278', 'HIT@10': '0.6419', 'NDCG@10': '0.3787', 'HIT@20': '0.7800', 'NDCG@20': '0.4137', 'MRR@5': '0.3126', 'MRR@10': '0.3126', 'MRR@20': '0.3126'}
Validation score increased.  Saving model ...
{'epoch': 139, 'rec_avg_loss': '0.5563', 'rec_cur_loss': '0.5699'}
{'Epoch': 139, 'HIT@5': '0.4823', 'NDCG@5': '0.3254', 'HIT@10': '0.6363', 'NDCG@10': '0.3754', 'HIT@20': '0.7778', 'NDCG@20': '0.4114', 'MRR@5': '0.3104', 'MRR@10': '0.3104', 'MRR@20': '0.3104'}
EarlyStopping counter: 1 out of 10
{'epoch': 140, 'rec_avg_loss': '0.5571', 'rec_cur_loss': '0.5592'}
{'Epoch': 140, 'HIT@5': '0.4871', 'NDCG@5': '0.3276', 'HIT@10': '0.6384', 'NDCG@10': '0.3767', 'HIT@20': '0.7785', 'NDCG@20': '0.4123', 'MRR@5': '0.3112', 'MRR@10': '0.3112', 'MRR@20': '0.3112'}
EarlyStopping counter: 2 out of 10
{'epoch': 141, 'rec_avg_loss': '0.5558', 'rec_cur_loss': '0.5789'}
{'Epoch': 141, 'HIT@5': '0.4838', 'NDCG@5': '0.3249', 'HIT@10': '0.6373', 'NDCG@10': '0.3746', 'HIT@20': '0.7762', 'NDCG@20': '0.4100', 'MRR@5': '0.3090', 'MRR@10': '0.3090', 'MRR@20': '0.3090'}
EarlyStopping counter: 3 out of 10
{'epoch': 142, 'rec_avg_loss': '0.5560', 'rec_cur_loss': '0.5354'}
{'Epoch': 142, 'HIT@5': '0.4881', 'NDCG@5': '0.3295', 'HIT@10': '0.6409', 'NDCG@10': '0.3791', 'HIT@20': '0.7796', 'NDCG@20': '0.4143', 'MRR@5': '0.3134', 'MRR@10': '0.3134', 'MRR@20': '0.3134'}
Validation score increased.  Saving model ...
{'epoch': 143, 'rec_avg_loss': '0.5537', 'rec_cur_loss': '0.5382'}
{'Epoch': 143, 'HIT@5': '0.4866', 'NDCG@5': '0.3288', 'HIT@10': '0.6449', 'NDCG@10': '0.3802', 'HIT@20': '0.7780', 'NDCG@20': '0.4140', 'MRR@5': '0.3135', 'MRR@10': '0.3135', 'MRR@20': '0.3135'}
Validation score increased.  Saving model ...
{'epoch': 144, 'rec_avg_loss': '0.5532', 'rec_cur_loss': '0.5436'}
{'Epoch': 144, 'HIT@5': '0.4829', 'NDCG@5': '0.3248', 'HIT@10': '0.6414', 'NDCG@10': '0.3762', 'HIT@20': '0.7783', 'NDCG@20': '0.4109', 'MRR@5': '0.3094', 'MRR@10': '0.3094', 'MRR@20': '0.3094'}
EarlyStopping counter: 1 out of 10
{'epoch': 145, 'rec_avg_loss': '0.5529', 'rec_cur_loss': '0.5365'}
{'Epoch': 145, 'HIT@5': '0.4828', 'NDCG@5': '0.3267', 'HIT@10': '0.6434', 'NDCG@10': '0.3788', 'HIT@20': '0.7781', 'NDCG@20': '0.4129', 'MRR@5': '0.3121', 'MRR@10': '0.3121', 'MRR@20': '0.3121'}
EarlyStopping counter: 2 out of 10
{'epoch': 146, 'rec_avg_loss': '0.5552', 'rec_cur_loss': '0.5450'}
{'Epoch': 146, 'HIT@5': '0.4828', 'NDCG@5': '0.3267', 'HIT@10': '0.6409', 'NDCG@10': '0.3780', 'HIT@20': '0.7775', 'NDCG@20': '0.4127', 'MRR@5': '0.3120', 'MRR@10': '0.3120', 'MRR@20': '0.3120'}
EarlyStopping counter: 3 out of 10
{'epoch': 147, 'rec_avg_loss': '0.5541', 'rec_cur_loss': '0.5332'}
{'Epoch': 147, 'HIT@5': '0.4894', 'NDCG@5': '0.3309', 'HIT@10': '0.6483', 'NDCG@10': '0.3824', 'HIT@20': '0.7813', 'NDCG@20': '0.4161', 'MRR@5': '0.3152', 'MRR@10': '0.3152', 'MRR@20': '0.3152'}
Validation score increased.  Saving model ...
{'epoch': 148, 'rec_avg_loss': '0.5536', 'rec_cur_loss': '0.5420'}
{'Epoch': 148, 'HIT@5': '0.4869', 'NDCG@5': '0.3284', 'HIT@10': '0.6452', 'NDCG@10': '0.3799', 'HIT@20': '0.7805', 'NDCG@20': '0.4141', 'MRR@5': '0.3129', 'MRR@10': '0.3129', 'MRR@20': '0.3129'}
EarlyStopping counter: 1 out of 10
{'epoch': 149, 'rec_avg_loss': '0.5531', 'rec_cur_loss': '0.5688'}
{'Epoch': 149, 'HIT@5': '0.4859', 'NDCG@5': '0.3278', 'HIT@10': '0.6452', 'NDCG@10': '0.3795', 'HIT@20': '0.7796', 'NDCG@20': '0.4136', 'MRR@5': '0.3125', 'MRR@10': '0.3125', 'MRR@20': '0.3125'}
EarlyStopping counter: 2 out of 10
{'epoch': 150, 'rec_avg_loss': '0.5546', 'rec_cur_loss': '0.5544'}
{'Epoch': 150, 'HIT@5': '0.4838', 'NDCG@5': '0.3265', 'HIT@10': '0.6377', 'NDCG@10': '0.3765', 'HIT@20': '0.7770', 'NDCG@20': '0.4118', 'MRR@5': '0.3112', 'MRR@10': '0.3112', 'MRR@20': '0.3112'}
EarlyStopping counter: 3 out of 10
{'epoch': 151, 'rec_avg_loss': '0.5527', 'rec_cur_loss': '0.5414'}
{'Epoch': 151, 'HIT@5': '0.4834', 'NDCG@5': '0.3269', 'HIT@10': '0.6421', 'NDCG@10': '0.3785', 'HIT@20': '0.7793', 'NDCG@20': '0.4133', 'MRR@5': '0.3123', 'MRR@10': '0.3123', 'MRR@20': '0.3123'}
EarlyStopping counter: 4 out of 10
{'epoch': 152, 'rec_avg_loss': '0.5528', 'rec_cur_loss': '0.5555'}
{'Epoch': 152, 'HIT@5': '0.4863', 'NDCG@5': '0.3296', 'HIT@10': '0.6447', 'NDCG@10': '0.3812', 'HIT@20': '0.7805', 'NDCG@20': '0.4156', 'MRR@5': '0.3148', 'MRR@10': '0.3148', 'MRR@20': '0.3148'}
EarlyStopping counter: 5 out of 10
{'epoch': 153, 'rec_avg_loss': '0.5514', 'rec_cur_loss': '0.5389'}
{'Epoch': 153, 'HIT@5': '0.4859', 'NDCG@5': '0.3297', 'HIT@10': '0.6467', 'NDCG@10': '0.3820', 'HIT@20': '0.7803', 'NDCG@20': '0.4158', 'MRR@5': '0.3151', 'MRR@10': '0.3151', 'MRR@20': '0.3151'}
EarlyStopping counter: 6 out of 10
{'epoch': 154, 'rec_avg_loss': '0.5505', 'rec_cur_loss': '0.5519'}
{'Epoch': 154, 'HIT@5': '0.4884', 'NDCG@5': '0.3318', 'HIT@10': '0.6508', 'NDCG@10': '0.3844', 'HIT@20': '0.7813', 'NDCG@20': '0.4174', 'MRR@5': '0.3168', 'MRR@10': '0.3168', 'MRR@20': '0.3168'}
Validation score increased.  Saving model ...
{'epoch': 155, 'rec_avg_loss': '0.5523', 'rec_cur_loss': '0.5568'}
{'Epoch': 155, 'HIT@5': '0.4907', 'NDCG@5': '0.3330', 'HIT@10': '0.6474', 'NDCG@10': '0.3838', 'HIT@20': '0.7820', 'NDCG@20': '0.4180', 'MRR@5': '0.3173', 'MRR@10': '0.3173', 'MRR@20': '0.3173'}
Validation score increased.  Saving model ...
{'epoch': 156, 'rec_avg_loss': '0.5517', 'rec_cur_loss': '0.5488'}
{'Epoch': 156, 'HIT@5': '0.4863', 'NDCG@5': '0.3309', 'HIT@10': '0.6487', 'NDCG@10': '0.3837', 'HIT@20': '0.7800', 'NDCG@20': '0.4170', 'MRR@5': '0.3167', 'MRR@10': '0.3167', 'MRR@20': '0.3167'}
EarlyStopping counter: 1 out of 10
{'epoch': 157, 'rec_avg_loss': '0.5480', 'rec_cur_loss': '0.5483'}
{'Epoch': 157, 'HIT@5': '0.4863', 'NDCG@5': '0.3306', 'HIT@10': '0.6470', 'NDCG@10': '0.3829', 'HIT@20': '0.7836', 'NDCG@20': '0.4175', 'MRR@5': '0.3163', 'MRR@10': '0.3163', 'MRR@20': '0.3163'}
EarlyStopping counter: 2 out of 10
{'epoch': 158, 'rec_avg_loss': '0.5496', 'rec_cur_loss': '0.5394'}
{'Epoch': 158, 'HIT@5': '0.4866', 'NDCG@5': '0.3303', 'HIT@10': '0.6470', 'NDCG@10': '0.3825', 'HIT@20': '0.7820', 'NDCG@20': '0.4166', 'MRR@5': '0.3157', 'MRR@10': '0.3157', 'MRR@20': '0.3157'}
EarlyStopping counter: 3 out of 10
{'epoch': 159, 'rec_avg_loss': '0.5483', 'rec_cur_loss': '0.5456'}
{'Epoch': 159, 'HIT@5': '0.4902', 'NDCG@5': '0.3309', 'HIT@10': '0.6475', 'NDCG@10': '0.3821', 'HIT@20': '0.7823', 'NDCG@20': '0.4162', 'MRR@5': '0.3149', 'MRR@10': '0.3149', 'MRR@20': '0.3149'}
EarlyStopping counter: 4 out of 10
{'epoch': 160, 'rec_avg_loss': '0.5488', 'rec_cur_loss': '0.5565'}
{'Epoch': 160, 'HIT@5': '0.4868', 'NDCG@5': '0.3323', 'HIT@10': '0.6464', 'NDCG@10': '0.3843', 'HIT@20': '0.7815', 'NDCG@20': '0.4186', 'MRR@5': '0.3183', 'MRR@10': '0.3183', 'MRR@20': '0.3183'}
Validation score increased.  Saving model ...
{'epoch': 161, 'rec_avg_loss': '0.5480', 'rec_cur_loss': '0.5345'}
{'Epoch': 161, 'HIT@5': '0.4886', 'NDCG@5': '0.3308', 'HIT@10': '0.6483', 'NDCG@10': '0.3826', 'HIT@20': '0.7790', 'NDCG@20': '0.4158', 'MRR@5': '0.3154', 'MRR@10': '0.3154', 'MRR@20': '0.3154'}
EarlyStopping counter: 1 out of 10
{'epoch': 162, 'rec_avg_loss': '0.5470', 'rec_cur_loss': '0.5416'}
{'Epoch': 162, 'HIT@5': '0.4882', 'NDCG@5': '0.3326', 'HIT@10': '0.6487', 'NDCG@10': '0.3847', 'HIT@20': '0.7803', 'NDCG@20': '0.4181', 'MRR@5': '0.3180', 'MRR@10': '0.3180', 'MRR@20': '0.3180'}
EarlyStopping counter: 2 out of 10
{'epoch': 163, 'rec_avg_loss': '0.5479', 'rec_cur_loss': '0.5301'}
{'Epoch': 163, 'HIT@5': '0.4858', 'NDCG@5': '0.3294', 'HIT@10': '0.6452', 'NDCG@10': '0.3812', 'HIT@20': '0.7825', 'NDCG@20': '0.4160', 'MRR@5': '0.3147', 'MRR@10': '0.3147', 'MRR@20': '0.3147'}
EarlyStopping counter: 3 out of 10
{'epoch': 164, 'rec_avg_loss': '0.5487', 'rec_cur_loss': '0.5431'}
{'Epoch': 164, 'HIT@5': '0.4902', 'NDCG@5': '0.3341', 'HIT@10': '0.6445', 'NDCG@10': '0.3843', 'HIT@20': '0.7820', 'NDCG@20': '0.4192', 'MRR@5': '0.3190', 'MRR@10': '0.3190', 'MRR@20': '0.3190'}
Validation score increased.  Saving model ...
{'epoch': 165, 'rec_avg_loss': '0.5494', 'rec_cur_loss': '0.5231'}
{'Epoch': 165, 'HIT@5': '0.4906', 'NDCG@5': '0.3344', 'HIT@10': '0.6482', 'NDCG@10': '0.3858', 'HIT@20': '0.7836', 'NDCG@20': '0.4201', 'MRR@5': '0.3195', 'MRR@10': '0.3195', 'MRR@20': '0.3195'}
Validation score increased.  Saving model ...
{'epoch': 166, 'rec_avg_loss': '0.5463', 'rec_cur_loss': '0.5695'}
{'Epoch': 166, 'HIT@5': '0.4965', 'NDCG@5': '0.3388', 'HIT@10': '0.6500', 'NDCG@10': '0.3886', 'HIT@20': '0.7834', 'NDCG@20': '0.4225', 'MRR@5': '0.3227', 'MRR@10': '0.3227', 'MRR@20': '0.3227'}
Validation score increased.  Saving model ...
{'epoch': 167, 'rec_avg_loss': '0.5455', 'rec_cur_loss': '0.5403'}
{'Epoch': 167, 'HIT@5': '0.4909', 'NDCG@5': '0.3355', 'HIT@10': '0.6487', 'NDCG@10': '0.3869', 'HIT@20': '0.7829', 'NDCG@20': '0.4209', 'MRR@5': '0.3208', 'MRR@10': '0.3208', 'MRR@20': '0.3208'}
EarlyStopping counter: 1 out of 10
{'epoch': 168, 'rec_avg_loss': '0.5481', 'rec_cur_loss': '0.5642'}
{'Epoch': 168, 'HIT@5': '0.4952', 'NDCG@5': '0.3358', 'HIT@10': '0.6512', 'NDCG@10': '0.3864', 'HIT@20': '0.7811', 'NDCG@20': '0.4194', 'MRR@5': '0.3192', 'MRR@10': '0.3192', 'MRR@20': '0.3192'}
EarlyStopping counter: 2 out of 10
{'epoch': 169, 'rec_avg_loss': '0.5472', 'rec_cur_loss': '0.5461'}
{'Epoch': 169, 'HIT@5': '0.4940', 'NDCG@5': '0.3383', 'HIT@10': '0.6515', 'NDCG@10': '0.3894', 'HIT@20': '0.7846', 'NDCG@20': '0.4231', 'MRR@5': '0.3232', 'MRR@10': '0.3232', 'MRR@20': '0.3232'}
Validation score increased.  Saving model ...
{'epoch': 170, 'rec_avg_loss': '0.5469', 'rec_cur_loss': '0.5406'}
{'Epoch': 170, 'HIT@5': '0.4902', 'NDCG@5': '0.3341', 'HIT@10': '0.6492', 'NDCG@10': '0.3858', 'HIT@20': '0.7823', 'NDCG@20': '0.4196', 'MRR@5': '0.3193', 'MRR@10': '0.3193', 'MRR@20': '0.3193'}
EarlyStopping counter: 1 out of 10
{'epoch': 171, 'rec_avg_loss': '0.5456', 'rec_cur_loss': '0.5290'}
{'Epoch': 171, 'HIT@5': '0.4892', 'NDCG@5': '0.3327', 'HIT@10': '0.6470', 'NDCG@10': '0.3839', 'HIT@20': '0.7828', 'NDCG@20': '0.4183', 'MRR@5': '0.3176', 'MRR@10': '0.3176', 'MRR@20': '0.3176'}
EarlyStopping counter: 2 out of 10
{'epoch': 172, 'rec_avg_loss': '0.5453', 'rec_cur_loss': '0.5222'}
{'Epoch': 172, 'HIT@5': '0.4906', 'NDCG@5': '0.3344', 'HIT@10': '0.6493', 'NDCG@10': '0.3860', 'HIT@20': '0.7800', 'NDCG@20': '0.4192', 'MRR@5': '0.3195', 'MRR@10': '0.3195', 'MRR@20': '0.3195'}
EarlyStopping counter: 3 out of 10
{'epoch': 173, 'rec_avg_loss': '0.5463', 'rec_cur_loss': '0.5718'}
{'Epoch': 173, 'HIT@5': '0.4942', 'NDCG@5': '0.3369', 'HIT@10': '0.6535', 'NDCG@10': '0.3886', 'HIT@20': '0.7849', 'NDCG@20': '0.4219', 'MRR@5': '0.3213', 'MRR@10': '0.3213', 'MRR@20': '0.3213'}
EarlyStopping counter: 4 out of 10
{'epoch': 174, 'rec_avg_loss': '0.5445', 'rec_cur_loss': '0.5202'}
{'Epoch': 174, 'HIT@5': '0.4914', 'NDCG@5': '0.3352', 'HIT@10': '0.6498', 'NDCG@10': '0.3867', 'HIT@20': '0.7826', 'NDCG@20': '0.4203', 'MRR@5': '0.3201', 'MRR@10': '0.3201', 'MRR@20': '0.3201'}
EarlyStopping counter: 5 out of 10
{'epoch': 175, 'rec_avg_loss': '0.5476', 'rec_cur_loss': '0.5499'}
{'Epoch': 175, 'HIT@5': '0.4879', 'NDCG@5': '0.3328', 'HIT@10': '0.6492', 'NDCG@10': '0.3854', 'HIT@20': '0.7829', 'NDCG@20': '0.4192', 'MRR@5': '0.3186', 'MRR@10': '0.3186', 'MRR@20': '0.3186'}
EarlyStopping counter: 6 out of 10
{'epoch': 176, 'rec_avg_loss': '0.5451', 'rec_cur_loss': '0.5456'}
{'Epoch': 176, 'HIT@5': '0.4942', 'NDCG@5': '0.3351', 'HIT@10': '0.6533', 'NDCG@10': '0.3868', 'HIT@20': '0.7831', 'NDCG@20': '0.4198', 'MRR@5': '0.3191', 'MRR@10': '0.3191', 'MRR@20': '0.3191'}
EarlyStopping counter: 7 out of 10
{'epoch': 177, 'rec_avg_loss': '0.5452', 'rec_cur_loss': '0.5563'}
{'Epoch': 177, 'HIT@5': '0.4937', 'NDCG@5': '0.3361', 'HIT@10': '0.6520', 'NDCG@10': '0.3876', 'HIT@20': '0.7831', 'NDCG@20': '0.4208', 'MRR@5': '0.3205', 'MRR@10': '0.3205', 'MRR@20': '0.3205'}
EarlyStopping counter: 8 out of 10
{'epoch': 178, 'rec_avg_loss': '0.5441', 'rec_cur_loss': '0.5569'}
{'Epoch': 178, 'HIT@5': '0.4940', 'NDCG@5': '0.3373', 'HIT@10': '0.6533', 'NDCG@10': '0.3891', 'HIT@20': '0.7861', 'NDCG@20': '0.4227', 'MRR@5': '0.3220', 'MRR@10': '0.3220', 'MRR@20': '0.3220'}
EarlyStopping counter: 9 out of 10
{'epoch': 179, 'rec_avg_loss': '0.5430', 'rec_cur_loss': '0.5343'}
{'Epoch': 179, 'HIT@5': '0.4997', 'NDCG@5': '0.3415', 'HIT@10': '0.6538', 'NDCG@10': '0.3917', 'HIT@20': '0.7853', 'NDCG@20': '0.4251', 'MRR@5': '0.3253', 'MRR@10': '0.3253', 'MRR@20': '0.3253'}
Validation score increased.  Saving model ...
{'epoch': 180, 'rec_avg_loss': '0.5418', 'rec_cur_loss': '0.5317'}
{'Epoch': 180, 'HIT@5': '0.4906', 'NDCG@5': '0.3374', 'HIT@10': '0.6488', 'NDCG@10': '0.3888', 'HIT@20': '0.7816', 'NDCG@20': '0.4225', 'MRR@5': '0.3233', 'MRR@10': '0.3233', 'MRR@20': '0.3233'}
EarlyStopping counter: 1 out of 10
{'epoch': 181, 'rec_avg_loss': '0.5411', 'rec_cur_loss': '0.5526'}
{'Epoch': 181, 'HIT@5': '0.4993', 'NDCG@5': '0.3413', 'HIT@10': '0.6517', 'NDCG@10': '0.3909', 'HIT@20': '0.7851', 'NDCG@20': '0.4247', 'MRR@5': '0.3249', 'MRR@10': '0.3249', 'MRR@20': '0.3249'}
EarlyStopping counter: 2 out of 10
{'epoch': 182, 'rec_avg_loss': '0.5435', 'rec_cur_loss': '0.5356'}
{'Epoch': 182, 'HIT@5': '0.4957', 'NDCG@5': '0.3373', 'HIT@10': '0.6536', 'NDCG@10': '0.3885', 'HIT@20': '0.7826', 'NDCG@20': '0.4212', 'MRR@5': '0.3211', 'MRR@10': '0.3211', 'MRR@20': '0.3211'}
EarlyStopping counter: 3 out of 10
{'epoch': 183, 'rec_avg_loss': '0.5430', 'rec_cur_loss': '0.5249'}
{'Epoch': 183, 'HIT@5': '0.4925', 'NDCG@5': '0.3348', 'HIT@10': '0.6490', 'NDCG@10': '0.3857', 'HIT@20': '0.7834', 'NDCG@20': '0.4198', 'MRR@5': '0.3191', 'MRR@10': '0.3191', 'MRR@20': '0.3191'}
EarlyStopping counter: 4 out of 10
{'epoch': 184, 'rec_avg_loss': '0.5431', 'rec_cur_loss': '0.5645'}
{'Epoch': 184, 'HIT@5': '0.4985', 'NDCG@5': '0.3396', 'HIT@10': '0.6545', 'NDCG@10': '0.3903', 'HIT@20': '0.7874', 'NDCG@20': '0.4240', 'MRR@5': '0.3232', 'MRR@10': '0.3232', 'MRR@20': '0.3232'}
EarlyStopping counter: 5 out of 10
{'epoch': 185, 'rec_avg_loss': '0.5412', 'rec_cur_loss': '0.5164'}
{'Epoch': 185, 'HIT@5': '0.4937', 'NDCG@5': '0.3358', 'HIT@10': '0.6495', 'NDCG@10': '0.3866', 'HIT@20': '0.7846', 'NDCG@20': '0.4208', 'MRR@5': '0.3201', 'MRR@10': '0.3201', 'MRR@20': '0.3201'}
EarlyStopping counter: 6 out of 10
{'epoch': 186, 'rec_avg_loss': '0.5406', 'rec_cur_loss': '0.5629'}
{'Epoch': 186, 'HIT@5': '0.4935', 'NDCG@5': '0.3370', 'HIT@10': '0.6512', 'NDCG@10': '0.3883', 'HIT@20': '0.7831', 'NDCG@20': '0.4217', 'MRR@5': '0.3216', 'MRR@10': '0.3216', 'MRR@20': '0.3216'}
EarlyStopping counter: 7 out of 10
{'epoch': 187, 'rec_avg_loss': '0.5405', 'rec_cur_loss': '0.5491'}
{'Epoch': 187, 'HIT@5': '0.4964', 'NDCG@5': '0.3385', 'HIT@10': '0.6530', 'NDCG@10': '0.3895', 'HIT@20': '0.7846', 'NDCG@20': '0.4228', 'MRR@5': '0.3226', 'MRR@10': '0.3226', 'MRR@20': '0.3226'}
EarlyStopping counter: 8 out of 10
{'epoch': 188, 'rec_avg_loss': '0.5412', 'rec_cur_loss': '0.5181'}
{'Epoch': 188, 'HIT@5': '0.4960', 'NDCG@5': '0.3375', 'HIT@10': '0.6503', 'NDCG@10': '0.3877', 'HIT@20': '0.7833', 'NDCG@20': '0.4213', 'MRR@5': '0.3211', 'MRR@10': '0.3211', 'MRR@20': '0.3211'}
EarlyStopping counter: 9 out of 10
{'epoch': 189, 'rec_avg_loss': '0.5414', 'rec_cur_loss': '0.5485'}
{'Epoch': 189, 'HIT@5': '0.4987', 'NDCG@5': '0.3408', 'HIT@10': '0.6500', 'NDCG@10': '0.3901', 'HIT@20': '0.7839', 'NDCG@20': '0.4241', 'MRR@5': '0.3244', 'MRR@10': '0.3244', 'MRR@20': '0.3244'}
EarlyStopping counter: 10 out of 10
Early stopping
---------------Sample 99 results-------------------
{'Epoch': 0, 'HIT@5': '0.4631', 'NDCG@5': '0.3159', 'HIT@10': '0.6247', 'NDCG@10': '0.3683', 'HIT@20': '0.7601', 'NDCG@20': '0.4027', 'MRR@5': '0.3048', 'MRR@10': '0.3048', 'MRR@20': '0.3048'}
Finetune_sample-ml-1m-80
{'Epoch': 0, 'HIT@5': '0.4631', 'NDCG@5': '0.3159', 'HIT@10': '0.6247', 'NDCG@10': '0.3683', 'HIT@20': '0.7601', 'NDCG@20': '0.4027', 'MRR@5': '0.3048', 'MRR@10': '0.3048', 'MRR@20': '0.3048'}
