Namespace(adam_beta1=0.9, adam_beta2=0.999, attention_probs_dropout_prob=0.5, batch_size=256, ckp=100, cuda_condition=True, data_dir='./data/', data_file='./data/ml-1m.txt', data_name='ml-1m', do_eval=False, epochs=200, gpu_id='0', hidden_act='gelu', hidden_dropout_prob=0.5, hidden_size=64, initializer_range=0.02, item_size=3418, log_file='output/Finetune_sample-ml-1m-100.txt', log_freq=1, lr=0.001, mask_id=3417, max_seq_length=50, model_name='Finetune_sample', no_cuda=False, num_attention_heads=2, num_hidden_layers=2, output_dir='output/', sample_file='./data/ml-1m_sample.txt', seed=42, weight_decay=0.0)
Total Parameters: 338688
Load Checkpoint From output/ml-1m-epochs-100.pt!
{'epoch': 0, 'rec_avg_loss': '1.0144', 'rec_cur_loss': '0.9052'}
{'Epoch': 0, 'HIT@5': '0.2227', 'NDCG@5': '0.1376', 'HIT@10': '0.3735', 'NDCG@10': '0.1859', 'HIT@20': '0.5753', 'NDCG@20': '0.2369', 'MRR@5': '0.1545', 'MRR@10': '0.1545', 'MRR@20': '0.1545'}
Validation score increased.  Saving model ...
{'epoch': 1, 'rec_avg_loss': '0.8416', 'rec_cur_loss': '0.7855'}
{'Epoch': 1, 'HIT@5': '0.2555', 'NDCG@5': '0.1587', 'HIT@10': '0.4220', 'NDCG@10': '0.2122', 'HIT@20': '0.6238', 'NDCG@20': '0.2633', 'MRR@5': '0.1730', 'MRR@10': '0.1730', 'MRR@20': '0.1730'}
Validation score increased.  Saving model ...
{'epoch': 2, 'rec_avg_loss': '0.7904', 'rec_cur_loss': '0.8161'}
{'Epoch': 2, 'HIT@5': '0.2813', 'NDCG@5': '0.1779', 'HIT@10': '0.4573', 'NDCG@10': '0.2346', 'HIT@20': '0.6555', 'NDCG@20': '0.2848', 'MRR@5': '0.1905', 'MRR@10': '0.1905', 'MRR@20': '0.1905'}
Validation score increased.  Saving model ...
{'epoch': 3, 'rec_avg_loss': '0.7584', 'rec_cur_loss': '0.7527'}
{'Epoch': 3, 'HIT@5': '0.2980', 'NDCG@5': '0.1867', 'HIT@10': '0.4791', 'NDCG@10': '0.2451', 'HIT@20': '0.6760', 'NDCG@20': '0.2949', 'MRR@5': '0.1967', 'MRR@10': '0.1967', 'MRR@20': '0.1967'}
Validation score increased.  Saving model ...
{'epoch': 4, 'rec_avg_loss': '0.7358', 'rec_cur_loss': '0.6961'}
{'Epoch': 4, 'HIT@5': '0.3124', 'NDCG@5': '0.1958', 'HIT@10': '0.4935', 'NDCG@10': '0.2542', 'HIT@20': '0.6858', 'NDCG@20': '0.3028', 'MRR@5': '0.2035', 'MRR@10': '0.2035', 'MRR@20': '0.2035'}
Validation score increased.  Saving model ...
{'epoch': 5, 'rec_avg_loss': '0.7165', 'rec_cur_loss': '0.7199'}
{'Epoch': 5, 'HIT@5': '0.3260', 'NDCG@5': '0.2031', 'HIT@10': '0.5070', 'NDCG@10': '0.2613', 'HIT@20': '0.6965', 'NDCG@20': '0.3093', 'MRR@5': '0.2082', 'MRR@10': '0.2082', 'MRR@20': '0.2082'}
Validation score increased.  Saving model ...
{'epoch': 6, 'rec_avg_loss': '0.7040', 'rec_cur_loss': '0.7232'}
{'Epoch': 6, 'HIT@5': '0.3323', 'NDCG@5': '0.2087', 'HIT@10': '0.5204', 'NDCG@10': '0.2694', 'HIT@20': '0.7035', 'NDCG@20': '0.3157', 'MRR@5': '0.2140', 'MRR@10': '0.2140', 'MRR@20': '0.2140'}
Validation score increased.  Saving model ...
{'epoch': 7, 'rec_avg_loss': '0.6947', 'rec_cur_loss': '0.6844'}
{'Epoch': 7, 'HIT@5': '0.3470', 'NDCG@5': '0.2175', 'HIT@10': '0.5286', 'NDCG@10': '0.2761', 'HIT@20': '0.7093', 'NDCG@20': '0.3219', 'MRR@5': '0.2197', 'MRR@10': '0.2197', 'MRR@20': '0.2197'}
Validation score increased.  Saving model ...
{'epoch': 8, 'rec_avg_loss': '0.6875', 'rec_cur_loss': '0.6712'}
{'Epoch': 8, 'HIT@5': '0.3421', 'NDCG@5': '0.2140', 'HIT@10': '0.5273', 'NDCG@10': '0.2737', 'HIT@20': '0.7083', 'NDCG@20': '0.3195', 'MRR@5': '0.2172', 'MRR@10': '0.2172', 'MRR@20': '0.2172'}
EarlyStopping counter: 1 out of 10
{'epoch': 9, 'rec_avg_loss': '0.6791', 'rec_cur_loss': '0.6665'}
{'Epoch': 9, 'HIT@5': '0.3604', 'NDCG@5': '0.2270', 'HIT@10': '0.5432', 'NDCG@10': '0.2860', 'HIT@20': '0.7190', 'NDCG@20': '0.3306', 'MRR@5': '0.2274', 'MRR@10': '0.2274', 'MRR@20': '0.2274'}
Validation score increased.  Saving model ...
{'epoch': 10, 'rec_avg_loss': '0.6721', 'rec_cur_loss': '0.6506'}
{'Epoch': 10, 'HIT@5': '0.3637', 'NDCG@5': '0.2287', 'HIT@10': '0.5474', 'NDCG@10': '0.2880', 'HIT@20': '0.7222', 'NDCG@20': '0.3322', 'MRR@5': '0.2285', 'MRR@10': '0.2285', 'MRR@20': '0.2285'}
Validation score increased.  Saving model ...
{'epoch': 11, 'rec_avg_loss': '0.6684', 'rec_cur_loss': '0.6574'}
{'Epoch': 11, 'HIT@5': '0.3682', 'NDCG@5': '0.2320', 'HIT@10': '0.5512', 'NDCG@10': '0.2913', 'HIT@20': '0.7257', 'NDCG@20': '0.3355', 'MRR@5': '0.2315', 'MRR@10': '0.2315', 'MRR@20': '0.2315'}
Validation score increased.  Saving model ...
{'epoch': 12, 'rec_avg_loss': '0.6622', 'rec_cur_loss': '0.6501'}
{'Epoch': 12, 'HIT@5': '0.3778', 'NDCG@5': '0.2393', 'HIT@10': '0.5579', 'NDCG@10': '0.2975', 'HIT@20': '0.7293', 'NDCG@20': '0.3409', 'MRR@5': '0.2372', 'MRR@10': '0.2372', 'MRR@20': '0.2372'}
Validation score increased.  Saving model ...
{'epoch': 13, 'rec_avg_loss': '0.6595', 'rec_cur_loss': '0.6702'}
{'Epoch': 13, 'HIT@5': '0.3775', 'NDCG@5': '0.2387', 'HIT@10': '0.5570', 'NDCG@10': '0.2966', 'HIT@20': '0.7260', 'NDCG@20': '0.3396', 'MRR@5': '0.2363', 'MRR@10': '0.2363', 'MRR@20': '0.2363'}
EarlyStopping counter: 1 out of 10
{'epoch': 14, 'rec_avg_loss': '0.6549', 'rec_cur_loss': '0.6646'}
{'Epoch': 14, 'HIT@5': '0.3829', 'NDCG@5': '0.2431', 'HIT@10': '0.5631', 'NDCG@10': '0.3012', 'HIT@20': '0.7311', 'NDCG@20': '0.3439', 'MRR@5': '0.2401', 'MRR@10': '0.2401', 'MRR@20': '0.2401'}
Validation score increased.  Saving model ...
{'epoch': 15, 'rec_avg_loss': '0.6518', 'rec_cur_loss': '0.6530'}
{'Epoch': 15, 'HIT@5': '0.3841', 'NDCG@5': '0.2458', 'HIT@10': '0.5715', 'NDCG@10': '0.3062', 'HIT@20': '0.7341', 'NDCG@20': '0.3475', 'MRR@5': '0.2438', 'MRR@10': '0.2438', 'MRR@20': '0.2438'}
Validation score increased.  Saving model ...
{'epoch': 16, 'rec_avg_loss': '0.6491', 'rec_cur_loss': '0.6483'}
{'Epoch': 16, 'HIT@5': '0.3916', 'NDCG@5': '0.2519', 'HIT@10': '0.5783', 'NDCG@10': '0.3123', 'HIT@20': '0.7382', 'NDCG@20': '0.3529', 'MRR@5': '0.2491', 'MRR@10': '0.2491', 'MRR@20': '0.2491'}
Validation score increased.  Saving model ...
{'epoch': 17, 'rec_avg_loss': '0.6473', 'rec_cur_loss': '0.6614'}
{'Epoch': 17, 'HIT@5': '0.3879', 'NDCG@5': '0.2483', 'HIT@10': '0.5742', 'NDCG@10': '0.3084', 'HIT@20': '0.7338', 'NDCG@20': '0.3488', 'MRR@5': '0.2455', 'MRR@10': '0.2455', 'MRR@20': '0.2455'}
EarlyStopping counter: 1 out of 10
{'epoch': 18, 'rec_avg_loss': '0.6438', 'rec_cur_loss': '0.6000'}
{'Epoch': 18, 'HIT@5': '0.3919', 'NDCG@5': '0.2514', 'HIT@10': '0.5773', 'NDCG@10': '0.3116', 'HIT@20': '0.7373', 'NDCG@20': '0.3521', 'MRR@5': '0.2484', 'MRR@10': '0.2484', 'MRR@20': '0.2484'}
EarlyStopping counter: 2 out of 10
{'epoch': 19, 'rec_avg_loss': '0.6419', 'rec_cur_loss': '0.6340'}
{'Epoch': 19, 'HIT@5': '0.3949', 'NDCG@5': '0.2539', 'HIT@10': '0.5795', 'NDCG@10': '0.3138', 'HIT@20': '0.7384', 'NDCG@20': '0.3542', 'MRR@5': '0.2506', 'MRR@10': '0.2506', 'MRR@20': '0.2506'}
Validation score increased.  Saving model ...
{'epoch': 20, 'rec_avg_loss': '0.6401', 'rec_cur_loss': '0.6342'}
{'Epoch': 20, 'HIT@5': '0.3939', 'NDCG@5': '0.2536', 'HIT@10': '0.5796', 'NDCG@10': '0.3138', 'HIT@20': '0.7404', 'NDCG@20': '0.3546', 'MRR@5': '0.2507', 'MRR@10': '0.2507', 'MRR@20': '0.2507'}
Validation score increased.  Saving model ...
{'epoch': 21, 'rec_avg_loss': '0.6378', 'rec_cur_loss': '0.6312'}
{'Epoch': 21, 'HIT@5': '0.3977', 'NDCG@5': '0.2554', 'HIT@10': '0.5806', 'NDCG@10': '0.3147', 'HIT@20': '0.7392', 'NDCG@20': '0.3549', 'MRR@5': '0.2514', 'MRR@10': '0.2514', 'MRR@20': '0.2514'}
Validation score increased.  Saving model ...
{'epoch': 22, 'rec_avg_loss': '0.6339', 'rec_cur_loss': '0.6418'}
{'Epoch': 22, 'HIT@5': '0.4003', 'NDCG@5': '0.2582', 'HIT@10': '0.5829', 'NDCG@10': '0.3173', 'HIT@20': '0.7416', 'NDCG@20': '0.3575', 'MRR@5': '0.2539', 'MRR@10': '0.2539', 'MRR@20': '0.2539'}
Validation score increased.  Saving model ...
{'epoch': 23, 'rec_avg_loss': '0.6334', 'rec_cur_loss': '0.6174'}
{'Epoch': 23, 'HIT@5': '0.4076', 'NDCG@5': '0.2639', 'HIT@10': '0.5927', 'NDCG@10': '0.3239', 'HIT@20': '0.7455', 'NDCG@20': '0.3626', 'MRR@5': '0.2590', 'MRR@10': '0.2590', 'MRR@20': '0.2590'}
Validation score increased.  Saving model ...
{'epoch': 24, 'rec_avg_loss': '0.6326', 'rec_cur_loss': '0.6410'}
{'Epoch': 24, 'HIT@5': '0.4033', 'NDCG@5': '0.2611', 'HIT@10': '0.5863', 'NDCG@10': '0.3203', 'HIT@20': '0.7417', 'NDCG@20': '0.3597', 'MRR@5': '0.2567', 'MRR@10': '0.2567', 'MRR@20': '0.2567'}
EarlyStopping counter: 1 out of 10
{'epoch': 25, 'rec_avg_loss': '0.6294', 'rec_cur_loss': '0.6459'}
{'Epoch': 25, 'HIT@5': '0.4088', 'NDCG@5': '0.2652', 'HIT@10': '0.5919', 'NDCG@10': '0.3246', 'HIT@20': '0.7500', 'NDCG@20': '0.3646', 'MRR@5': '0.2603', 'MRR@10': '0.2603', 'MRR@20': '0.2603'}
Validation score increased.  Saving model ...
{'epoch': 26, 'rec_avg_loss': '0.6278', 'rec_cur_loss': '0.6315'}
{'Epoch': 26, 'HIT@5': '0.4058', 'NDCG@5': '0.2631', 'HIT@10': '0.5906', 'NDCG@10': '0.3230', 'HIT@20': '0.7487', 'NDCG@20': '0.3630', 'MRR@5': '0.2587', 'MRR@10': '0.2587', 'MRR@20': '0.2587'}
EarlyStopping counter: 1 out of 10
{'epoch': 27, 'rec_avg_loss': '0.6263', 'rec_cur_loss': '0.6375'}
{'Epoch': 27, 'HIT@5': '0.4070', 'NDCG@5': '0.2651', 'HIT@10': '0.5877', 'NDCG@10': '0.3237', 'HIT@20': '0.7462', 'NDCG@20': '0.3639', 'MRR@5': '0.2607', 'MRR@10': '0.2607', 'MRR@20': '0.2607'}
Validation score increased.  Saving model ...
{'epoch': 28, 'rec_avg_loss': '0.6236', 'rec_cur_loss': '0.6117'}
{'Epoch': 28, 'HIT@5': '0.4167', 'NDCG@5': '0.2711', 'HIT@10': '0.5944', 'NDCG@10': '0.3286', 'HIT@20': '0.7472', 'NDCG@20': '0.3673', 'MRR@5': '0.2645', 'MRR@10': '0.2645', 'MRR@20': '0.2645'}
Validation score increased.  Saving model ...
{'epoch': 29, 'rec_avg_loss': '0.6200', 'rec_cur_loss': '0.5914'}
{'Epoch': 29, 'HIT@5': '0.4149', 'NDCG@5': '0.2688', 'HIT@10': '0.5901', 'NDCG@10': '0.3254', 'HIT@20': '0.7450', 'NDCG@20': '0.3646', 'MRR@5': '0.2619', 'MRR@10': '0.2619', 'MRR@20': '0.2619'}
EarlyStopping counter: 1 out of 10
{'epoch': 30, 'rec_avg_loss': '0.6208', 'rec_cur_loss': '0.6238'}
{'Epoch': 30, 'HIT@5': '0.4202', 'NDCG@5': '0.2737', 'HIT@10': '0.5964', 'NDCG@10': '0.3307', 'HIT@20': '0.7510', 'NDCG@20': '0.3699', 'MRR@5': '0.2666', 'MRR@10': '0.2666', 'MRR@20': '0.2666'}
Validation score increased.  Saving model ...
{'epoch': 31, 'rec_avg_loss': '0.6208', 'rec_cur_loss': '0.6180'}
{'Epoch': 31, 'HIT@5': '0.4175', 'NDCG@5': '0.2723', 'HIT@10': '0.5952', 'NDCG@10': '0.3300', 'HIT@20': '0.7507', 'NDCG@20': '0.3694', 'MRR@5': '0.2662', 'MRR@10': '0.2662', 'MRR@20': '0.2662'}
EarlyStopping counter: 1 out of 10
{'epoch': 32, 'rec_avg_loss': '0.6199', 'rec_cur_loss': '0.6253'}
{'Epoch': 32, 'HIT@5': '0.4185', 'NDCG@5': '0.2723', 'HIT@10': '0.5934', 'NDCG@10': '0.3289', 'HIT@20': '0.7487', 'NDCG@20': '0.3684', 'MRR@5': '0.2654', 'MRR@10': '0.2654', 'MRR@20': '0.2654'}
EarlyStopping counter: 2 out of 10
{'epoch': 33, 'rec_avg_loss': '0.6183', 'rec_cur_loss': '0.6019'}
{'Epoch': 33, 'HIT@5': '0.4118', 'NDCG@5': '0.2684', 'HIT@10': '0.5930', 'NDCG@10': '0.3272', 'HIT@20': '0.7483', 'NDCG@20': '0.3666', 'MRR@5': '0.2633', 'MRR@10': '0.2633', 'MRR@20': '0.2633'}
EarlyStopping counter: 3 out of 10
{'epoch': 34, 'rec_avg_loss': '0.6148', 'rec_cur_loss': '0.6168'}
{'Epoch': 34, 'HIT@5': '0.4179', 'NDCG@5': '0.2727', 'HIT@10': '0.5930', 'NDCG@10': '0.3296', 'HIT@20': '0.7493', 'NDCG@20': '0.3694', 'MRR@5': '0.2665', 'MRR@10': '0.2665', 'MRR@20': '0.2665'}
EarlyStopping counter: 4 out of 10
{'epoch': 35, 'rec_avg_loss': '0.6133', 'rec_cur_loss': '0.6136'}
{'Epoch': 35, 'HIT@5': '0.4190', 'NDCG@5': '0.2736', 'HIT@10': '0.5945', 'NDCG@10': '0.3305', 'HIT@20': '0.7505', 'NDCG@20': '0.3700', 'MRR@5': '0.2670', 'MRR@10': '0.2670', 'MRR@20': '0.2670'}
Validation score increased.  Saving model ...
{'epoch': 36, 'rec_avg_loss': '0.6149', 'rec_cur_loss': '0.5936'}
{'Epoch': 36, 'HIT@5': '0.4253', 'NDCG@5': '0.2783', 'HIT@10': '0.6015', 'NDCG@10': '0.3353', 'HIT@20': '0.7535', 'NDCG@20': '0.3737', 'MRR@5': '0.2706', 'MRR@10': '0.2706', 'MRR@20': '0.2706'}
Validation score increased.  Saving model ...
{'epoch': 37, 'rec_avg_loss': '0.6129', 'rec_cur_loss': '0.6056'}
{'Epoch': 37, 'HIT@5': '0.4255', 'NDCG@5': '0.2776', 'HIT@10': '0.6008', 'NDCG@10': '0.3344', 'HIT@20': '0.7535', 'NDCG@20': '0.3731', 'MRR@5': '0.2699', 'MRR@10': '0.2699', 'MRR@20': '0.2699'}
EarlyStopping counter: 1 out of 10
{'epoch': 38, 'rec_avg_loss': '0.6104', 'rec_cur_loss': '0.6126'}
{'Epoch': 38, 'HIT@5': '0.4230', 'NDCG@5': '0.2758', 'HIT@10': '0.5977', 'NDCG@10': '0.3325', 'HIT@20': '0.7530', 'NDCG@20': '0.3719', 'MRR@5': '0.2685', 'MRR@10': '0.2685', 'MRR@20': '0.2685'}
EarlyStopping counter: 2 out of 10
{'epoch': 39, 'rec_avg_loss': '0.6120', 'rec_cur_loss': '0.6151'}
{'Epoch': 39, 'HIT@5': '0.4144', 'NDCG@5': '0.2713', 'HIT@10': '0.5917', 'NDCG@10': '0.3288', 'HIT@20': '0.7518', 'NDCG@20': '0.3694', 'MRR@5': '0.2660', 'MRR@10': '0.2660', 'MRR@20': '0.2660'}
EarlyStopping counter: 3 out of 10
{'epoch': 40, 'rec_avg_loss': '0.6076', 'rec_cur_loss': '0.5921'}
{'Epoch': 40, 'HIT@5': '0.4194', 'NDCG@5': '0.2764', 'HIT@10': '0.5964', 'NDCG@10': '0.3338', 'HIT@20': '0.7503', 'NDCG@20': '0.3729', 'MRR@5': '0.2709', 'MRR@10': '0.2709', 'MRR@20': '0.2709'}
Validation score increased.  Saving model ...
{'epoch': 41, 'rec_avg_loss': '0.6081', 'rec_cur_loss': '0.6153'}
{'Epoch': 41, 'HIT@5': '0.4230', 'NDCG@5': '0.2788', 'HIT@10': '0.5957', 'NDCG@10': '0.3348', 'HIT@20': '0.7526', 'NDCG@20': '0.3746', 'MRR@5': '0.2723', 'MRR@10': '0.2723', 'MRR@20': '0.2723'}
Validation score increased.  Saving model ...
{'epoch': 42, 'rec_avg_loss': '0.6080', 'rec_cur_loss': '0.6172'}
{'Epoch': 42, 'HIT@5': '0.4257', 'NDCG@5': '0.2798', 'HIT@10': '0.6030', 'NDCG@10': '0.3372', 'HIT@20': '0.7543', 'NDCG@20': '0.3756', 'MRR@5': '0.2728', 'MRR@10': '0.2728', 'MRR@20': '0.2728'}
Validation score increased.  Saving model ...
{'epoch': 43, 'rec_avg_loss': '0.6070', 'rec_cur_loss': '0.6108'}
{'Epoch': 43, 'HIT@5': '0.4281', 'NDCG@5': '0.2813', 'HIT@10': '0.6063', 'NDCG@10': '0.3389', 'HIT@20': '0.7550', 'NDCG@20': '0.3766', 'MRR@5': '0.2739', 'MRR@10': '0.2739', 'MRR@20': '0.2739'}
Validation score increased.  Saving model ...
{'epoch': 44, 'rec_avg_loss': '0.6059', 'rec_cur_loss': '0.6082'}
{'Epoch': 44, 'HIT@5': '0.4278', 'NDCG@5': '0.2807', 'HIT@10': '0.6028', 'NDCG@10': '0.3376', 'HIT@20': '0.7556', 'NDCG@20': '0.3764', 'MRR@5': '0.2733', 'MRR@10': '0.2733', 'MRR@20': '0.2733'}
EarlyStopping counter: 1 out of 10
{'epoch': 45, 'rec_avg_loss': '0.6036', 'rec_cur_loss': '0.5866'}
{'Epoch': 45, 'HIT@5': '0.4278', 'NDCG@5': '0.2802', 'HIT@10': '0.5995', 'NDCG@10': '0.3360', 'HIT@20': '0.7546', 'NDCG@20': '0.3754', 'MRR@5': '0.2724', 'MRR@10': '0.2724', 'MRR@20': '0.2724'}
EarlyStopping counter: 2 out of 10
{'epoch': 46, 'rec_avg_loss': '0.6068', 'rec_cur_loss': '0.6254'}
{'Epoch': 46, 'HIT@5': '0.4281', 'NDCG@5': '0.2827', 'HIT@10': '0.6017', 'NDCG@10': '0.3390', 'HIT@20': '0.7566', 'NDCG@20': '0.3782', 'MRR@5': '0.2755', 'MRR@10': '0.2755', 'MRR@20': '0.2755'}
Validation score increased.  Saving model ...
{'epoch': 47, 'rec_avg_loss': '0.6038', 'rec_cur_loss': '0.6326'}
{'Epoch': 47, 'HIT@5': '0.4348', 'NDCG@5': '0.2860', 'HIT@10': '0.6053', 'NDCG@10': '0.3413', 'HIT@20': '0.7579', 'NDCG@20': '0.3799', 'MRR@5': '0.2772', 'MRR@10': '0.2772', 'MRR@20': '0.2772'}
Validation score increased.  Saving model ...
{'epoch': 48, 'rec_avg_loss': '0.6013', 'rec_cur_loss': '0.6067'}
{'Epoch': 48, 'HIT@5': '0.4379', 'NDCG@5': '0.2876', 'HIT@10': '0.6066', 'NDCG@10': '0.3421', 'HIT@20': '0.7599', 'NDCG@20': '0.3810', 'MRR@5': '0.2779', 'MRR@10': '0.2779', 'MRR@20': '0.2779'}
Validation score increased.  Saving model ...
{'epoch': 49, 'rec_avg_loss': '0.5985', 'rec_cur_loss': '0.5672'}
{'Epoch': 49, 'HIT@5': '0.4286', 'NDCG@5': '0.2822', 'HIT@10': '0.6026', 'NDCG@10': '0.3386', 'HIT@20': '0.7545', 'NDCG@20': '0.3772', 'MRR@5': '0.2748', 'MRR@10': '0.2748', 'MRR@20': '0.2748'}
EarlyStopping counter: 1 out of 10
{'epoch': 50, 'rec_avg_loss': '0.6008', 'rec_cur_loss': '0.6148'}
{'Epoch': 50, 'HIT@5': '0.4333', 'NDCG@5': '0.2849', 'HIT@10': '0.6038', 'NDCG@10': '0.3402', 'HIT@20': '0.7573', 'NDCG@20': '0.3791', 'MRR@5': '0.2763', 'MRR@10': '0.2763', 'MRR@20': '0.2763'}
EarlyStopping counter: 2 out of 10
{'epoch': 51, 'rec_avg_loss': '0.6005', 'rec_cur_loss': '0.6179'}
{'Epoch': 51, 'HIT@5': '0.4373', 'NDCG@5': '0.2874', 'HIT@10': '0.6084', 'NDCG@10': '0.3428', 'HIT@20': '0.7599', 'NDCG@20': '0.3812', 'MRR@5': '0.2781', 'MRR@10': '0.2781', 'MRR@20': '0.2781'}
Validation score increased.  Saving model ...
{'epoch': 52, 'rec_avg_loss': '0.5995', 'rec_cur_loss': '0.5998'}
{'Epoch': 52, 'HIT@5': '0.4432', 'NDCG@5': '0.2921', 'HIT@10': '0.6116', 'NDCG@10': '0.3465', 'HIT@20': '0.7594', 'NDCG@20': '0.3840', 'MRR@5': '0.2817', 'MRR@10': '0.2817', 'MRR@20': '0.2817'}
Validation score increased.  Saving model ...
{'epoch': 53, 'rec_avg_loss': '0.5960', 'rec_cur_loss': '0.6060'}
{'Epoch': 53, 'HIT@5': '0.4326', 'NDCG@5': '0.2868', 'HIT@10': '0.6065', 'NDCG@10': '0.3432', 'HIT@20': '0.7550', 'NDCG@20': '0.3810', 'MRR@5': '0.2793', 'MRR@10': '0.2793', 'MRR@20': '0.2793'}
EarlyStopping counter: 1 out of 10
{'epoch': 54, 'rec_avg_loss': '0.5953', 'rec_cur_loss': '0.5827'}
{'Epoch': 54, 'HIT@5': '0.4336', 'NDCG@5': '0.2867', 'HIT@10': '0.6079', 'NDCG@10': '0.3434', 'HIT@20': '0.7586', 'NDCG@20': '0.3817', 'MRR@5': '0.2791', 'MRR@10': '0.2791', 'MRR@20': '0.2791'}
EarlyStopping counter: 2 out of 10
{'epoch': 55, 'rec_avg_loss': '0.5973', 'rec_cur_loss': '0.5962'}
{'Epoch': 55, 'HIT@5': '0.4369', 'NDCG@5': '0.2906', 'HIT@10': '0.6127', 'NDCG@10': '0.3475', 'HIT@20': '0.7613', 'NDCG@20': '0.3851', 'MRR@5': '0.2826', 'MRR@10': '0.2826', 'MRR@20': '0.2826'}
Validation score increased.  Saving model ...
{'epoch': 56, 'rec_avg_loss': '0.5954', 'rec_cur_loss': '0.6287'}
{'Epoch': 56, 'HIT@5': '0.4419', 'NDCG@5': '0.2919', 'HIT@10': '0.6113', 'NDCG@10': '0.3468', 'HIT@20': '0.7603', 'NDCG@20': '0.3847', 'MRR@5': '0.2823', 'MRR@10': '0.2823', 'MRR@20': '0.2823'}
EarlyStopping counter: 1 out of 10
{'epoch': 57, 'rec_avg_loss': '0.5924', 'rec_cur_loss': '0.5797'}
{'Epoch': 57, 'HIT@5': '0.4445', 'NDCG@5': '0.2932', 'HIT@10': '0.6144', 'NDCG@10': '0.3481', 'HIT@20': '0.7621', 'NDCG@20': '0.3856', 'MRR@5': '0.2829', 'MRR@10': '0.2829', 'MRR@20': '0.2829'}
Validation score increased.  Saving model ...
{'epoch': 58, 'rec_avg_loss': '0.5927', 'rec_cur_loss': '0.5735'}
{'Epoch': 58, 'HIT@5': '0.4422', 'NDCG@5': '0.2923', 'HIT@10': '0.6121', 'NDCG@10': '0.3472', 'HIT@20': '0.7596', 'NDCG@20': '0.3848', 'MRR@5': '0.2826', 'MRR@10': '0.2826', 'MRR@20': '0.2826'}
EarlyStopping counter: 1 out of 10
{'epoch': 59, 'rec_avg_loss': '0.5926', 'rec_cur_loss': '0.5821'}
{'Epoch': 59, 'HIT@5': '0.4444', 'NDCG@5': '0.2946', 'HIT@10': '0.6106', 'NDCG@10': '0.3484', 'HIT@20': '0.7616', 'NDCG@20': '0.3868', 'MRR@5': '0.2847', 'MRR@10': '0.2847', 'MRR@20': '0.2847'}
Validation score increased.  Saving model ...
{'epoch': 60, 'rec_avg_loss': '0.5917', 'rec_cur_loss': '0.6215'}
{'Epoch': 60, 'HIT@5': '0.4417', 'NDCG@5': '0.2929', 'HIT@10': '0.6129', 'NDCG@10': '0.3484', 'HIT@20': '0.7613', 'NDCG@20': '0.3860', 'MRR@5': '0.2838', 'MRR@10': '0.2838', 'MRR@20': '0.2838'}
EarlyStopping counter: 1 out of 10
{'epoch': 61, 'rec_avg_loss': '0.5895', 'rec_cur_loss': '0.5750'}
{'Epoch': 61, 'HIT@5': '0.4432', 'NDCG@5': '0.2933', 'HIT@10': '0.6099', 'NDCG@10': '0.3474', 'HIT@20': '0.7616', 'NDCG@20': '0.3859', 'MRR@5': '0.2835', 'MRR@10': '0.2835', 'MRR@20': '0.2835'}
EarlyStopping counter: 2 out of 10
{'epoch': 62, 'rec_avg_loss': '0.5899', 'rec_cur_loss': '0.5807'}
{'Epoch': 62, 'HIT@5': '0.4474', 'NDCG@5': '0.2955', 'HIT@10': '0.6156', 'NDCG@10': '0.3499', 'HIT@20': '0.7621', 'NDCG@20': '0.3871', 'MRR@5': '0.2848', 'MRR@10': '0.2848', 'MRR@20': '0.2848'}
Validation score increased.  Saving model ...
{'epoch': 63, 'rec_avg_loss': '0.5897', 'rec_cur_loss': '0.6096'}
{'Epoch': 63, 'HIT@5': '0.4517', 'NDCG@5': '0.3002', 'HIT@10': '0.6195', 'NDCG@10': '0.3546', 'HIT@20': '0.7672', 'NDCG@20': '0.3921', 'MRR@5': '0.2895', 'MRR@10': '0.2895', 'MRR@20': '0.2895'}
Validation score increased.  Saving model ...
{'epoch': 64, 'rec_avg_loss': '0.5902', 'rec_cur_loss': '0.5777'}
{'Epoch': 64, 'HIT@5': '0.4498', 'NDCG@5': '0.2978', 'HIT@10': '0.6141', 'NDCG@10': '0.3510', 'HIT@20': '0.7680', 'NDCG@20': '0.3901', 'MRR@5': '0.2868', 'MRR@10': '0.2868', 'MRR@20': '0.2868'}
EarlyStopping counter: 1 out of 10
{'epoch': 65, 'rec_avg_loss': '0.5887', 'rec_cur_loss': '0.6153'}
{'Epoch': 65, 'HIT@5': '0.4454', 'NDCG@5': '0.2969', 'HIT@10': '0.6149', 'NDCG@10': '0.3519', 'HIT@20': '0.7687', 'NDCG@20': '0.3909', 'MRR@5': '0.2878', 'MRR@10': '0.2878', 'MRR@20': '0.2878'}
EarlyStopping counter: 2 out of 10
{'epoch': 66, 'rec_avg_loss': '0.5891', 'rec_cur_loss': '0.5977'}
{'Epoch': 66, 'HIT@5': '0.4487', 'NDCG@5': '0.2976', 'HIT@10': '0.6149', 'NDCG@10': '0.3515', 'HIT@20': '0.7667', 'NDCG@20': '0.3901', 'MRR@5': '0.2872', 'MRR@10': '0.2872', 'MRR@20': '0.2872'}
EarlyStopping counter: 3 out of 10
{'epoch': 67, 'rec_avg_loss': '0.5852', 'rec_cur_loss': '0.5780'}
{'Epoch': 67, 'HIT@5': '0.4500', 'NDCG@5': '0.2989', 'HIT@10': '0.6167', 'NDCG@10': '0.3529', 'HIT@20': '0.7624', 'NDCG@20': '0.3899', 'MRR@5': '0.2881', 'MRR@10': '0.2881', 'MRR@20': '0.2881'}
EarlyStopping counter: 4 out of 10
{'epoch': 68, 'rec_avg_loss': '0.5849', 'rec_cur_loss': '0.5875'}
{'Epoch': 68, 'HIT@5': '0.4498', 'NDCG@5': '0.2981', 'HIT@10': '0.6152', 'NDCG@10': '0.3517', 'HIT@20': '0.7654', 'NDCG@20': '0.3899', 'MRR@5': '0.2871', 'MRR@10': '0.2871', 'MRR@20': '0.2871'}
EarlyStopping counter: 5 out of 10
{'epoch': 69, 'rec_avg_loss': '0.5878', 'rec_cur_loss': '0.5997'}
{'Epoch': 69, 'HIT@5': '0.4512', 'NDCG@5': '0.2983', 'HIT@10': '0.6169', 'NDCG@10': '0.3521', 'HIT@20': '0.7654', 'NDCG@20': '0.3899', 'MRR@5': '0.2871', 'MRR@10': '0.2871', 'MRR@20': '0.2871'}
EarlyStopping counter: 6 out of 10
{'epoch': 70, 'rec_avg_loss': '0.5842', 'rec_cur_loss': '0.5530'}
{'Epoch': 70, 'HIT@5': '0.4464', 'NDCG@5': '0.2955', 'HIT@10': '0.6127', 'NDCG@10': '0.3494', 'HIT@20': '0.7649', 'NDCG@20': '0.3880', 'MRR@5': '0.2852', 'MRR@10': '0.2852', 'MRR@20': '0.2852'}
EarlyStopping counter: 7 out of 10
{'epoch': 71, 'rec_avg_loss': '0.5826', 'rec_cur_loss': '0.5948'}
{'Epoch': 71, 'HIT@5': '0.4495', 'NDCG@5': '0.2973', 'HIT@10': '0.6174', 'NDCG@10': '0.3518', 'HIT@20': '0.7632', 'NDCG@20': '0.3889', 'MRR@5': '0.2865', 'MRR@10': '0.2865', 'MRR@20': '0.2865'}
EarlyStopping counter: 8 out of 10
{'epoch': 72, 'rec_avg_loss': '0.5855', 'rec_cur_loss': '0.5817'}
{'Epoch': 72, 'HIT@5': '0.4522', 'NDCG@5': '0.3002', 'HIT@10': '0.6167', 'NDCG@10': '0.3536', 'HIT@20': '0.7671', 'NDCG@20': '0.3919', 'MRR@5': '0.2892', 'MRR@10': '0.2892', 'MRR@20': '0.2892'}
EarlyStopping counter: 9 out of 10
{'epoch': 73, 'rec_avg_loss': '0.5843', 'rec_cur_loss': '0.5760'}
{'Epoch': 73, 'HIT@5': '0.4548', 'NDCG@5': '0.3032', 'HIT@10': '0.6199', 'NDCG@10': '0.3566', 'HIT@20': '0.7677', 'NDCG@20': '0.3943', 'MRR@5': '0.2921', 'MRR@10': '0.2921', 'MRR@20': '0.2921'}
Validation score increased.  Saving model ...
{'epoch': 74, 'rec_avg_loss': '0.5833', 'rec_cur_loss': '0.6096'}
{'Epoch': 74, 'HIT@5': '0.4571', 'NDCG@5': '0.3038', 'HIT@10': '0.6227', 'NDCG@10': '0.3575', 'HIT@20': '0.7671', 'NDCG@20': '0.3941', 'MRR@5': '0.2920', 'MRR@10': '0.2920', 'MRR@20': '0.2920'}
EarlyStopping counter: 1 out of 10
{'epoch': 75, 'rec_avg_loss': '0.5809', 'rec_cur_loss': '0.5720'}
{'Epoch': 75, 'HIT@5': '0.4540', 'NDCG@5': '0.3001', 'HIT@10': '0.6152', 'NDCG@10': '0.3524', 'HIT@20': '0.7646', 'NDCG@20': '0.3903', 'MRR@5': '0.2880', 'MRR@10': '0.2880', 'MRR@20': '0.2880'}
EarlyStopping counter: 2 out of 10
{'epoch': 76, 'rec_avg_loss': '0.5793', 'rec_cur_loss': '0.5740'}
{'Epoch': 76, 'HIT@5': '0.4558', 'NDCG@5': '0.3027', 'HIT@10': '0.6162', 'NDCG@10': '0.3548', 'HIT@20': '0.7652', 'NDCG@20': '0.3927', 'MRR@5': '0.2908', 'MRR@10': '0.2908', 'MRR@20': '0.2908'}
EarlyStopping counter: 3 out of 10
{'epoch': 77, 'rec_avg_loss': '0.5798', 'rec_cur_loss': '0.5978'}
{'Epoch': 77, 'HIT@5': '0.4526', 'NDCG@5': '0.3022', 'HIT@10': '0.6212', 'NDCG@10': '0.3570', 'HIT@20': '0.7654', 'NDCG@20': '0.3935', 'MRR@5': '0.2918', 'MRR@10': '0.2918', 'MRR@20': '0.2918'}
EarlyStopping counter: 4 out of 10
{'epoch': 78, 'rec_avg_loss': '0.5792', 'rec_cur_loss': '0.5619'}
{'Epoch': 78, 'HIT@5': '0.4616', 'NDCG@5': '0.3060', 'HIT@10': '0.6230', 'NDCG@10': '0.3584', 'HIT@20': '0.7690', 'NDCG@20': '0.3955', 'MRR@5': '0.2930', 'MRR@10': '0.2930', 'MRR@20': '0.2930'}
Validation score increased.  Saving model ...
{'epoch': 79, 'rec_avg_loss': '0.5802', 'rec_cur_loss': '0.5915'}
{'Epoch': 79, 'HIT@5': '0.4553', 'NDCG@5': '0.3024', 'HIT@10': '0.6161', 'NDCG@10': '0.3545', 'HIT@20': '0.7680', 'NDCG@20': '0.3931', 'MRR@5': '0.2905', 'MRR@10': '0.2905', 'MRR@20': '0.2905'}
EarlyStopping counter: 1 out of 10
{'epoch': 80, 'rec_avg_loss': '0.5765', 'rec_cur_loss': '0.5857'}
{'Epoch': 80, 'HIT@5': '0.4558', 'NDCG@5': '0.3039', 'HIT@10': '0.6220', 'NDCG@10': '0.3579', 'HIT@20': '0.7677', 'NDCG@20': '0.3949', 'MRR@5': '0.2928', 'MRR@10': '0.2928', 'MRR@20': '0.2928'}
EarlyStopping counter: 2 out of 10
{'epoch': 81, 'rec_avg_loss': '0.5787', 'rec_cur_loss': '0.5850'}
{'Epoch': 81, 'HIT@5': '0.4558', 'NDCG@5': '0.3031', 'HIT@10': '0.6190', 'NDCG@10': '0.3561', 'HIT@20': '0.7667', 'NDCG@20': '0.3937', 'MRR@5': '0.2915', 'MRR@10': '0.2915', 'MRR@20': '0.2915'}
EarlyStopping counter: 3 out of 10
{'epoch': 82, 'rec_avg_loss': '0.5771', 'rec_cur_loss': '0.5851'}
{'Epoch': 82, 'HIT@5': '0.4541', 'NDCG@5': '0.3027', 'HIT@10': '0.6197', 'NDCG@10': '0.3565', 'HIT@20': '0.7652', 'NDCG@20': '0.3936', 'MRR@5': '0.2919', 'MRR@10': '0.2919', 'MRR@20': '0.2919'}
EarlyStopping counter: 4 out of 10
{'epoch': 83, 'rec_avg_loss': '0.5767', 'rec_cur_loss': '0.5586'}
{'Epoch': 83, 'HIT@5': '0.4508', 'NDCG@5': '0.3009', 'HIT@10': '0.6177', 'NDCG@10': '0.3550', 'HIT@20': '0.7671', 'NDCG@20': '0.3930', 'MRR@5': '0.2908', 'MRR@10': '0.2908', 'MRR@20': '0.2908'}
EarlyStopping counter: 5 out of 10
{'epoch': 84, 'rec_avg_loss': '0.5780', 'rec_cur_loss': '0.5382'}
{'Epoch': 84, 'HIT@5': '0.4598', 'NDCG@5': '0.3082', 'HIT@10': '0.6255', 'NDCG@10': '0.3620', 'HIT@20': '0.7707', 'NDCG@20': '0.3990', 'MRR@5': '0.2971', 'MRR@10': '0.2971', 'MRR@20': '0.2971'}
Validation score increased.  Saving model ...
{'epoch': 85, 'rec_avg_loss': '0.5762', 'rec_cur_loss': '0.5787'}
{'Epoch': 85, 'HIT@5': '0.4586', 'NDCG@5': '0.3072', 'HIT@10': '0.6252', 'NDCG@10': '0.3612', 'HIT@20': '0.7710', 'NDCG@20': '0.3983', 'MRR@5': '0.2961', 'MRR@10': '0.2961', 'MRR@20': '0.2961'}
EarlyStopping counter: 1 out of 10
{'epoch': 86, 'rec_avg_loss': '0.5771', 'rec_cur_loss': '0.5972'}
{'Epoch': 86, 'HIT@5': '0.4606', 'NDCG@5': '0.3078', 'HIT@10': '0.6268', 'NDCG@10': '0.3618', 'HIT@20': '0.7719', 'NDCG@20': '0.3987', 'MRR@5': '0.2963', 'MRR@10': '0.2963', 'MRR@20': '0.2963'}
EarlyStopping counter: 2 out of 10
{'epoch': 87, 'rec_avg_loss': '0.5750', 'rec_cur_loss': '0.5877'}
{'Epoch': 87, 'HIT@5': '0.4667', 'NDCG@5': '0.3117', 'HIT@10': '0.6248', 'NDCG@10': '0.3629', 'HIT@20': '0.7704', 'NDCG@20': '0.3999', 'MRR@5': '0.2983', 'MRR@10': '0.2983', 'MRR@20': '0.2983'}
Validation score increased.  Saving model ...
{'epoch': 88, 'rec_avg_loss': '0.5741', 'rec_cur_loss': '0.5746'}
{'Epoch': 88, 'HIT@5': '0.4609', 'NDCG@5': '0.3082', 'HIT@10': '0.6257', 'NDCG@10': '0.3616', 'HIT@20': '0.7700', 'NDCG@20': '0.3984', 'MRR@5': '0.2965', 'MRR@10': '0.2965', 'MRR@20': '0.2965'}
EarlyStopping counter: 1 out of 10
{'epoch': 89, 'rec_avg_loss': '0.5733', 'rec_cur_loss': '0.5752'}
{'Epoch': 89, 'HIT@5': '0.4571', 'NDCG@5': '0.3056', 'HIT@10': '0.6217', 'NDCG@10': '0.3593', 'HIT@20': '0.7695', 'NDCG@20': '0.3969', 'MRR@5': '0.2948', 'MRR@10': '0.2948', 'MRR@20': '0.2948'}
EarlyStopping counter: 2 out of 10
{'epoch': 90, 'rec_avg_loss': '0.5768', 'rec_cur_loss': '0.5799'}
{'Epoch': 90, 'HIT@5': '0.4563', 'NDCG@5': '0.3066', 'HIT@10': '0.6253', 'NDCG@10': '0.3615', 'HIT@20': '0.7690', 'NDCG@20': '0.3980', 'MRR@5': '0.2963', 'MRR@10': '0.2963', 'MRR@20': '0.2963'}
EarlyStopping counter: 3 out of 10
{'epoch': 91, 'rec_avg_loss': '0.5765', 'rec_cur_loss': '0.5923'}
{'Epoch': 91, 'HIT@5': '0.4596', 'NDCG@5': '0.3051', 'HIT@10': '0.6248', 'NDCG@10': '0.3586', 'HIT@20': '0.7727', 'NDCG@20': '0.3961', 'MRR@5': '0.2927', 'MRR@10': '0.2927', 'MRR@20': '0.2927'}
EarlyStopping counter: 4 out of 10
{'epoch': 92, 'rec_avg_loss': '0.5735', 'rec_cur_loss': '0.5606'}
{'Epoch': 92, 'HIT@5': '0.4589', 'NDCG@5': '0.3080', 'HIT@10': '0.6243', 'NDCG@10': '0.3618', 'HIT@20': '0.7702', 'NDCG@20': '0.3989', 'MRR@5': '0.2972', 'MRR@10': '0.2972', 'MRR@20': '0.2972'}
EarlyStopping counter: 5 out of 10
{'epoch': 93, 'rec_avg_loss': '0.5749', 'rec_cur_loss': '0.5702'}
{'Epoch': 93, 'HIT@5': '0.4646', 'NDCG@5': '0.3119', 'HIT@10': '0.6267', 'NDCG@10': '0.3645', 'HIT@20': '0.7719', 'NDCG@20': '0.4014', 'MRR@5': '0.2998', 'MRR@10': '0.2998', 'MRR@20': '0.2998'}
Validation score increased.  Saving model ...
{'epoch': 94, 'rec_avg_loss': '0.5729', 'rec_cur_loss': '0.5913'}
{'Epoch': 94, 'HIT@5': '0.4667', 'NDCG@5': '0.3122', 'HIT@10': '0.6303', 'NDCG@10': '0.3652', 'HIT@20': '0.7720', 'NDCG@20': '0.4013', 'MRR@5': '0.2994', 'MRR@10': '0.2994', 'MRR@20': '0.2994'}
EarlyStopping counter: 1 out of 10
{'epoch': 95, 'rec_avg_loss': '0.5754', 'rec_cur_loss': '0.5899'}
{'Epoch': 95, 'HIT@5': '0.4613', 'NDCG@5': '0.3101', 'HIT@10': '0.6250', 'NDCG@10': '0.3634', 'HIT@20': '0.7705', 'NDCG@20': '0.4005', 'MRR@5': '0.2990', 'MRR@10': '0.2990', 'MRR@20': '0.2990'}
EarlyStopping counter: 2 out of 10
{'epoch': 96, 'rec_avg_loss': '0.5713', 'rec_cur_loss': '0.5657'}
{'Epoch': 96, 'HIT@5': '0.4649', 'NDCG@5': '0.3110', 'HIT@10': '0.6295', 'NDCG@10': '0.3643', 'HIT@20': '0.7705', 'NDCG@20': '0.4001', 'MRR@5': '0.2984', 'MRR@10': '0.2984', 'MRR@20': '0.2984'}
EarlyStopping counter: 3 out of 10
{'epoch': 97, 'rec_avg_loss': '0.5689', 'rec_cur_loss': '0.5760'}
{'Epoch': 97, 'HIT@5': '0.4588', 'NDCG@5': '0.3078', 'HIT@10': '0.6278', 'NDCG@10': '0.3628', 'HIT@20': '0.7700', 'NDCG@20': '0.3990', 'MRR@5': '0.2972', 'MRR@10': '0.2972', 'MRR@20': '0.2972'}
EarlyStopping counter: 4 out of 10
{'epoch': 98, 'rec_avg_loss': '0.5713', 'rec_cur_loss': '0.5808'}
{'Epoch': 98, 'HIT@5': '0.4647', 'NDCG@5': '0.3133', 'HIT@10': '0.6313', 'NDCG@10': '0.3673', 'HIT@20': '0.7725', 'NDCG@20': '0.4033', 'MRR@5': '0.3019', 'MRR@10': '0.3019', 'MRR@20': '0.3019'}
Validation score increased.  Saving model ...
{'epoch': 99, 'rec_avg_loss': '0.5715', 'rec_cur_loss': '0.5606'}
{'Epoch': 99, 'HIT@5': '0.4677', 'NDCG@5': '0.3143', 'HIT@10': '0.6290', 'NDCG@10': '0.3666', 'HIT@20': '0.7712', 'NDCG@20': '0.4028', 'MRR@5': '0.3017', 'MRR@10': '0.3017', 'MRR@20': '0.3017'}
EarlyStopping counter: 1 out of 10
{'epoch': 100, 'rec_avg_loss': '0.5692', 'rec_cur_loss': '0.5775'}
{'Epoch': 100, 'HIT@5': '0.4697', 'NDCG@5': '0.3151', 'HIT@10': '0.6283', 'NDCG@10': '0.3664', 'HIT@20': '0.7728', 'NDCG@20': '0.4032', 'MRR@5': '0.3017', 'MRR@10': '0.3017', 'MRR@20': '0.3017'}
EarlyStopping counter: 2 out of 10
{'epoch': 101, 'rec_avg_loss': '0.5686', 'rec_cur_loss': '0.5748'}
{'Epoch': 101, 'HIT@5': '0.4714', 'NDCG@5': '0.3169', 'HIT@10': '0.6306', 'NDCG@10': '0.3686', 'HIT@20': '0.7740', 'NDCG@20': '0.4050', 'MRR@5': '0.3036', 'MRR@10': '0.3036', 'MRR@20': '0.3036'}
Validation score increased.  Saving model ...
{'epoch': 102, 'rec_avg_loss': '0.5658', 'rec_cur_loss': '0.5245'}
{'Epoch': 102, 'HIT@5': '0.4669', 'NDCG@5': '0.3146', 'HIT@10': '0.6313', 'NDCG@10': '0.3679', 'HIT@20': '0.7732', 'NDCG@20': '0.4040', 'MRR@5': '0.3026', 'MRR@10': '0.3026', 'MRR@20': '0.3026'}
EarlyStopping counter: 1 out of 10
{'epoch': 103, 'rec_avg_loss': '0.5679', 'rec_cur_loss': '0.5713'}
{'Epoch': 103, 'HIT@5': '0.4727', 'NDCG@5': '0.3201', 'HIT@10': '0.6318', 'NDCG@10': '0.3717', 'HIT@20': '0.7725', 'NDCG@20': '0.4075', 'MRR@5': '0.3073', 'MRR@10': '0.3073', 'MRR@20': '0.3073'}
Validation score increased.  Saving model ...
{'epoch': 104, 'rec_avg_loss': '0.5666', 'rec_cur_loss': '0.5775'}
{'Epoch': 104, 'HIT@5': '0.4699', 'NDCG@5': '0.3165', 'HIT@10': '0.6311', 'NDCG@10': '0.3687', 'HIT@20': '0.7715', 'NDCG@20': '0.4045', 'MRR@5': '0.3038', 'MRR@10': '0.3038', 'MRR@20': '0.3038'}
EarlyStopping counter: 1 out of 10
{'epoch': 105, 'rec_avg_loss': '0.5677', 'rec_cur_loss': '0.5745'}
{'Epoch': 105, 'HIT@5': '0.4611', 'NDCG@5': '0.3111', 'HIT@10': '0.6286', 'NDCG@10': '0.3654', 'HIT@20': '0.7707', 'NDCG@20': '0.4015', 'MRR@5': '0.3003', 'MRR@10': '0.3003', 'MRR@20': '0.3003'}
EarlyStopping counter: 2 out of 10
{'epoch': 106, 'rec_avg_loss': '0.5664', 'rec_cur_loss': '0.5514'}
{'Epoch': 106, 'HIT@5': '0.4699', 'NDCG@5': '0.3172', 'HIT@10': '0.6313', 'NDCG@10': '0.3695', 'HIT@20': '0.7730', 'NDCG@20': '0.4056', 'MRR@5': '0.3047', 'MRR@10': '0.3047', 'MRR@20': '0.3047'}
EarlyStopping counter: 3 out of 10
{'epoch': 107, 'rec_avg_loss': '0.5640', 'rec_cur_loss': '0.5735'}
{'Epoch': 107, 'HIT@5': '0.4682', 'NDCG@5': '0.3160', 'HIT@10': '0.6300', 'NDCG@10': '0.3685', 'HIT@20': '0.7722', 'NDCG@20': '0.4046', 'MRR@5': '0.3037', 'MRR@10': '0.3037', 'MRR@20': '0.3037'}
EarlyStopping counter: 4 out of 10
{'epoch': 108, 'rec_avg_loss': '0.5656', 'rec_cur_loss': '0.5738'}
{'Epoch': 108, 'HIT@5': '0.4675', 'NDCG@5': '0.3154', 'HIT@10': '0.6275', 'NDCG@10': '0.3674', 'HIT@20': '0.7715', 'NDCG@20': '0.4040', 'MRR@5': '0.3031', 'MRR@10': '0.3031', 'MRR@20': '0.3031'}
EarlyStopping counter: 5 out of 10
{'epoch': 109, 'rec_avg_loss': '0.5650', 'rec_cur_loss': '0.5477'}
{'Epoch': 109, 'HIT@5': '0.4674', 'NDCG@5': '0.3145', 'HIT@10': '0.6288', 'NDCG@10': '0.3668', 'HIT@20': '0.7737', 'NDCG@20': '0.4036', 'MRR@5': '0.3020', 'MRR@10': '0.3020', 'MRR@20': '0.3020'}
EarlyStopping counter: 6 out of 10
{'epoch': 110, 'rec_avg_loss': '0.5641', 'rec_cur_loss': '0.5345'}
{'Epoch': 110, 'HIT@5': '0.4727', 'NDCG@5': '0.3197', 'HIT@10': '0.6363', 'NDCG@10': '0.3726', 'HIT@20': '0.7762', 'NDCG@20': '0.4081', 'MRR@5': '0.3068', 'MRR@10': '0.3068', 'MRR@20': '0.3068'}
EarlyStopping counter: 7 out of 10
{'epoch': 111, 'rec_avg_loss': '0.5656', 'rec_cur_loss': '0.5757'}
{'Epoch': 111, 'HIT@5': '0.4684', 'NDCG@5': '0.3165', 'HIT@10': '0.6325', 'NDCG@10': '0.3698', 'HIT@20': '0.7745', 'NDCG@20': '0.4060', 'MRR@5': '0.3047', 'MRR@10': '0.3047', 'MRR@20': '0.3047'}
EarlyStopping counter: 8 out of 10
{'epoch': 112, 'rec_avg_loss': '0.5620', 'rec_cur_loss': '0.5620'}
{'Epoch': 112, 'HIT@5': '0.4735', 'NDCG@5': '0.3195', 'HIT@10': '0.6318', 'NDCG@10': '0.3709', 'HIT@20': '0.7748', 'NDCG@20': '0.4074', 'MRR@5': '0.3063', 'MRR@10': '0.3063', 'MRR@20': '0.3063'}
EarlyStopping counter: 9 out of 10
{'epoch': 113, 'rec_avg_loss': '0.5644', 'rec_cur_loss': '0.5487'}
{'Epoch': 113, 'HIT@5': '0.4710', 'NDCG@5': '0.3178', 'HIT@10': '0.6364', 'NDCG@10': '0.3713', 'HIT@20': '0.7747', 'NDCG@20': '0.4065', 'MRR@5': '0.3052', 'MRR@10': '0.3052', 'MRR@20': '0.3052'}
EarlyStopping counter: 10 out of 10
Early stopping
---------------Sample 99 results-------------------
{'Epoch': 0, 'HIT@5': '0.4373', 'NDCG@5': '0.2932', 'HIT@10': '0.6071', 'NDCG@10': '0.3482', 'HIT@20': '0.7517', 'NDCG@20': '0.3849', 'MRR@5': '0.2850', 'MRR@10': '0.2850', 'MRR@20': '0.2850'}
Finetune_sample-ml-1m-100
{'Epoch': 0, 'HIT@5': '0.4373', 'NDCG@5': '0.2932', 'HIT@10': '0.6071', 'NDCG@10': '0.3482', 'HIT@20': '0.7517', 'NDCG@20': '0.3849', 'MRR@5': '0.2850', 'MRR@10': '0.2850', 'MRR@20': '0.2850'}
