Namespace(adam_beta1=0.9, adam_beta2=0.999, attention_probs_dropout_prob=0.2, batch_size=128, ckp=90, cuda_condition=True, data_dir='./data/', data_file='./data/ml-1m.txt', data_name='ml-1m', do_eval=False, epochs=300, gpu_id='0', hidden_act='gelu', hidden_dropout_prob=0.2, hidden_size=64, initializer_range=0.02, item_size=3418, log_file='output/Finetune_sample-ml-1m-90-3layer_05.txt', log_freq=1, lr=0.001, mask_id=3417, max_seq_length=50, model_name='Finetune_sample', no_cuda=False, num_attention_heads=1, num_hidden_layers=3, output_dir='output/', sample_file='./data/ml-1m_sample.txt', seed=42, weight_decay=0.0)
Total Parameters: 388672
Load Checkpoint From output/ml-1m-epochs-90-3layer_05.pt!
{'epoch': 0, 'rec_avg_loss': '0.9750', 'rec_cur_loss': '0.9024'}
{'Epoch': 0, 'HIT@5': '0.2503', 'NDCG@5': '0.1560', 'HIT@10': '0.4210', 'NDCG@10': '0.2109', 'HIT@20': '0.6030', 'NDCG@20': '0.2569', 'MRR@5': '0.1708', 'MRR@10': '0.1708', 'MRR@20': '0.1708'}
Validation score increased.  Saving model ...
{'epoch': 1, 'rec_avg_loss': '0.7115', 'rec_cur_loss': '0.6684'}
{'Epoch': 1, 'HIT@5': '0.3482', 'NDCG@5': '0.2201', 'HIT@10': '0.5220', 'NDCG@10': '0.2763', 'HIT@20': '0.6988', 'NDCG@20': '0.3212', 'MRR@5': '0.2219', 'MRR@10': '0.2219', 'MRR@20': '0.2219'}
Validation score increased.  Saving model ...
{'epoch': 2, 'rec_avg_loss': '0.6509', 'rec_cur_loss': '0.6663'}
{'Epoch': 2, 'HIT@5': '0.3886', 'NDCG@5': '0.2520', 'HIT@10': '0.5675', 'NDCG@10': '0.3099', 'HIT@20': '0.7364', 'NDCG@20': '0.3526', 'MRR@5': '0.2498', 'MRR@10': '0.2498', 'MRR@20': '0.2498'}
Validation score increased.  Saving model ...
{'epoch': 3, 'rec_avg_loss': '0.6237', 'rec_cur_loss': '0.5913'}
{'Epoch': 3, 'HIT@5': '0.4174', 'NDCG@5': '0.2710', 'HIT@10': '0.5954', 'NDCG@10': '0.3284', 'HIT@20': '0.7528', 'NDCG@20': '0.3683', 'MRR@5': '0.2640', 'MRR@10': '0.2640', 'MRR@20': '0.2640'}
Validation score increased.  Saving model ...
{'epoch': 4, 'rec_avg_loss': '0.6055', 'rec_cur_loss': '0.5931'}
{'Epoch': 4, 'HIT@5': '0.4387', 'NDCG@5': '0.2858', 'HIT@10': '0.6141', 'NDCG@10': '0.3425', 'HIT@20': '0.7631', 'NDCG@20': '0.3804', 'MRR@5': '0.2758', 'MRR@10': '0.2758', 'MRR@20': '0.2758'}
Validation score increased.  Saving model ...
{'epoch': 5, 'rec_avg_loss': '0.5916', 'rec_cur_loss': '0.6205'}
{'Epoch': 5, 'HIT@5': '0.4581', 'NDCG@5': '0.2984', 'HIT@10': '0.6313', 'NDCG@10': '0.3545', 'HIT@20': '0.7733', 'NDCG@20': '0.3906', 'MRR@5': '0.2851', 'MRR@10': '0.2851', 'MRR@20': '0.2851'}
Validation score increased.  Saving model ...
{'epoch': 6, 'rec_avg_loss': '0.5829', 'rec_cur_loss': '0.6523'}
{'Epoch': 6, 'HIT@5': '0.4704', 'NDCG@5': '0.3063', 'HIT@10': '0.6379', 'NDCG@10': '0.3607', 'HIT@20': '0.7795', 'NDCG@20': '0.3968', 'MRR@5': '0.2907', 'MRR@10': '0.2907', 'MRR@20': '0.2907'}
Validation score increased.  Saving model ...
{'epoch': 7, 'rec_avg_loss': '0.5758', 'rec_cur_loss': '0.6265'}
{'Epoch': 7, 'HIT@5': '0.4733', 'NDCG@5': '0.3084', 'HIT@10': '0.6460', 'NDCG@10': '0.3643', 'HIT@20': '0.7801', 'NDCG@20': '0.3984', 'MRR@5': '0.2924', 'MRR@10': '0.2924', 'MRR@20': '0.2924'}
Validation score increased.  Saving model ...
{'epoch': 8, 'rec_avg_loss': '0.5677', 'rec_cur_loss': '0.5567'}
{'Epoch': 8, 'HIT@5': '0.4762', 'NDCG@5': '0.3114', 'HIT@10': '0.6492', 'NDCG@10': '0.3676', 'HIT@20': '0.7815', 'NDCG@20': '0.4012', 'MRR@5': '0.2955', 'MRR@10': '0.2955', 'MRR@20': '0.2955'}
Validation score increased.  Saving model ...
{'epoch': 9, 'rec_avg_loss': '0.5611', 'rec_cur_loss': '0.6317'}
{'Epoch': 9, 'HIT@5': '0.4841', 'NDCG@5': '0.3172', 'HIT@10': '0.6478', 'NDCG@10': '0.3706', 'HIT@20': '0.7846', 'NDCG@20': '0.4054', 'MRR@5': '0.2999', 'MRR@10': '0.2999', 'MRR@20': '0.2999'}
Validation score increased.  Saving model ...
{'epoch': 10, 'rec_avg_loss': '0.5572', 'rec_cur_loss': '0.5653'}
{'Epoch': 10, 'HIT@5': '0.4853', 'NDCG@5': '0.3188', 'HIT@10': '0.6495', 'NDCG@10': '0.3723', 'HIT@20': '0.7839', 'NDCG@20': '0.4065', 'MRR@5': '0.3014', 'MRR@10': '0.3014', 'MRR@20': '0.3014'}
Validation score increased.  Saving model ...
{'epoch': 11, 'rec_avg_loss': '0.5503', 'rec_cur_loss': '0.4822'}
{'Epoch': 11, 'HIT@5': '0.4911', 'NDCG@5': '0.3245', 'HIT@10': '0.6576', 'NDCG@10': '0.3786', 'HIT@20': '0.7843', 'NDCG@20': '0.4108', 'MRR@5': '0.3067', 'MRR@10': '0.3067', 'MRR@20': '0.3067'}
Validation score increased.  Saving model ...
{'epoch': 12, 'rec_avg_loss': '0.5494', 'rec_cur_loss': '0.5682'}
{'Epoch': 12, 'HIT@5': '0.4912', 'NDCG@5': '0.3233', 'HIT@10': '0.6604', 'NDCG@10': '0.3783', 'HIT@20': '0.7868', 'NDCG@20': '0.4103', 'MRR@5': '0.3054', 'MRR@10': '0.3054', 'MRR@20': '0.3054'}
EarlyStopping counter: 1 out of 10
{'epoch': 13, 'rec_avg_loss': '0.5431', 'rec_cur_loss': '0.5196'}
{'Epoch': 13, 'HIT@5': '0.4945', 'NDCG@5': '0.3266', 'HIT@10': '0.6608', 'NDCG@10': '0.3805', 'HIT@20': '0.7881', 'NDCG@20': '0.4129', 'MRR@5': '0.3081', 'MRR@10': '0.3081', 'MRR@20': '0.3081'}
Validation score increased.  Saving model ...
{'epoch': 14, 'rec_avg_loss': '0.5413', 'rec_cur_loss': '0.4740'}
{'Epoch': 14, 'HIT@5': '0.4988', 'NDCG@5': '0.3281', 'HIT@10': '0.6641', 'NDCG@10': '0.3817', 'HIT@20': '0.7891', 'NDCG@20': '0.4135', 'MRR@5': '0.3085', 'MRR@10': '0.3085', 'MRR@20': '0.3085'}
Validation score increased.  Saving model ...
{'epoch': 15, 'rec_avg_loss': '0.5396', 'rec_cur_loss': '0.5779'}
{'Epoch': 15, 'HIT@5': '0.5007', 'NDCG@5': '0.3328', 'HIT@10': '0.6657', 'NDCG@10': '0.3865', 'HIT@20': '0.7899', 'NDCG@20': '0.4180', 'MRR@5': '0.3140', 'MRR@10': '0.3140', 'MRR@20': '0.3140'}
Validation score increased.  Saving model ...
{'epoch': 16, 'rec_avg_loss': '0.5364', 'rec_cur_loss': '0.6093'}
{'Epoch': 16, 'HIT@5': '0.5041', 'NDCG@5': '0.3338', 'HIT@10': '0.6627', 'NDCG@10': '0.3853', 'HIT@20': '0.7912', 'NDCG@20': '0.4181', 'MRR@5': '0.3137', 'MRR@10': '0.3137', 'MRR@20': '0.3137'}
EarlyStopping counter: 1 out of 10
{'epoch': 17, 'rec_avg_loss': '0.5345', 'rec_cur_loss': '0.5410'}
{'Epoch': 17, 'HIT@5': '0.5081', 'NDCG@5': '0.3382', 'HIT@10': '0.6667', 'NDCG@10': '0.3898', 'HIT@20': '0.7932', 'NDCG@20': '0.4219', 'MRR@5': '0.3180', 'MRR@10': '0.3180', 'MRR@20': '0.3180'}
Validation score increased.  Saving model ...
{'epoch': 18, 'rec_avg_loss': '0.5309', 'rec_cur_loss': '0.5549'}
{'Epoch': 18, 'HIT@5': '0.5035', 'NDCG@5': '0.3351', 'HIT@10': '0.6669', 'NDCG@10': '0.3880', 'HIT@20': '0.7882', 'NDCG@20': '0.4189', 'MRR@5': '0.3156', 'MRR@10': '0.3156', 'MRR@20': '0.3156'}
EarlyStopping counter: 1 out of 10
{'epoch': 19, 'rec_avg_loss': '0.5268', 'rec_cur_loss': '0.5834'}
{'Epoch': 19, 'HIT@5': '0.5053', 'NDCG@5': '0.3361', 'HIT@10': '0.6675', 'NDCG@10': '0.3888', 'HIT@20': '0.7934', 'NDCG@20': '0.4207', 'MRR@5': '0.3164', 'MRR@10': '0.3164', 'MRR@20': '0.3164'}
EarlyStopping counter: 2 out of 10
{'epoch': 20, 'rec_avg_loss': '0.5273', 'rec_cur_loss': '0.5582'}
{'Epoch': 20, 'HIT@5': '0.5147', 'NDCG@5': '0.3426', 'HIT@10': '0.6690', 'NDCG@10': '0.3925', 'HIT@20': '0.7945', 'NDCG@20': '0.4244', 'MRR@5': '0.3208', 'MRR@10': '0.3208', 'MRR@20': '0.3208'}
Validation score increased.  Saving model ...
{'epoch': 21, 'rec_avg_loss': '0.5241', 'rec_cur_loss': '0.5868'}
{'Epoch': 21, 'HIT@5': '0.5127', 'NDCG@5': '0.3418', 'HIT@10': '0.6702', 'NDCG@10': '0.3928', 'HIT@20': '0.7932', 'NDCG@20': '0.4241', 'MRR@5': '0.3206', 'MRR@10': '0.3206', 'MRR@20': '0.3206'}
EarlyStopping counter: 1 out of 10
{'epoch': 22, 'rec_avg_loss': '0.5205', 'rec_cur_loss': '0.5130'}
{'Epoch': 22, 'HIT@5': '0.5137', 'NDCG@5': '0.3425', 'HIT@10': '0.6690', 'NDCG@10': '0.3930', 'HIT@20': '0.7921', 'NDCG@20': '0.4243', 'MRR@5': '0.3213', 'MRR@10': '0.3213', 'MRR@20': '0.3213'}
Validation score increased.  Saving model ...
{'epoch': 23, 'rec_avg_loss': '0.5194', 'rec_cur_loss': '0.5418'}
{'Epoch': 23, 'HIT@5': '0.5157', 'NDCG@5': '0.3435', 'HIT@10': '0.6719', 'NDCG@10': '0.3941', 'HIT@20': '0.7927', 'NDCG@20': '0.4248', 'MRR@5': '0.3216', 'MRR@10': '0.3216', 'MRR@20': '0.3216'}
Validation score increased.  Saving model ...
{'epoch': 24, 'rec_avg_loss': '0.5177', 'rec_cur_loss': '0.5436'}
{'Epoch': 24, 'HIT@5': '0.5136', 'NDCG@5': '0.3411', 'HIT@10': '0.6695', 'NDCG@10': '0.3917', 'HIT@20': '0.7921', 'NDCG@20': '0.4229', 'MRR@5': '0.3194', 'MRR@10': '0.3194', 'MRR@20': '0.3194'}
EarlyStopping counter: 1 out of 10
{'epoch': 25, 'rec_avg_loss': '0.5157', 'rec_cur_loss': '0.6069'}
{'Epoch': 25, 'HIT@5': '0.5157', 'NDCG@5': '0.3456', 'HIT@10': '0.6719', 'NDCG@10': '0.3962', 'HIT@20': '0.7962', 'NDCG@20': '0.4278', 'MRR@5': '0.3245', 'MRR@10': '0.3245', 'MRR@20': '0.3245'}
Validation score increased.  Saving model ...
{'epoch': 26, 'rec_avg_loss': '0.5157', 'rec_cur_loss': '0.4745'}
{'Epoch': 26, 'HIT@5': '0.5177', 'NDCG@5': '0.3495', 'HIT@10': '0.6733', 'NDCG@10': '0.4001', 'HIT@20': '0.7975', 'NDCG@20': '0.4316', 'MRR@5': '0.3291', 'MRR@10': '0.3291', 'MRR@20': '0.3291'}
Validation score increased.  Saving model ...
{'epoch': 27, 'rec_avg_loss': '0.5102', 'rec_cur_loss': '0.4780'}
{'Epoch': 27, 'HIT@5': '0.5202', 'NDCG@5': '0.3500', 'HIT@10': '0.6738', 'NDCG@10': '0.4000', 'HIT@20': '0.7969', 'NDCG@20': '0.4313', 'MRR@5': '0.3287', 'MRR@10': '0.3287', 'MRR@20': '0.3287'}
EarlyStopping counter: 1 out of 10
{'epoch': 28, 'rec_avg_loss': '0.5099', 'rec_cur_loss': '0.4615'}
{'Epoch': 28, 'HIT@5': '0.5207', 'NDCG@5': '0.3488', 'HIT@10': '0.6740', 'NDCG@10': '0.3987', 'HIT@20': '0.7957', 'NDCG@20': '0.4297', 'MRR@5': '0.3269', 'MRR@10': '0.3269', 'MRR@20': '0.3269'}
EarlyStopping counter: 2 out of 10
{'epoch': 29, 'rec_avg_loss': '0.5075', 'rec_cur_loss': '0.5245'}
{'Epoch': 29, 'HIT@5': '0.5204', 'NDCG@5': '0.3501', 'HIT@10': '0.6738', 'NDCG@10': '0.4001', 'HIT@20': '0.7997', 'NDCG@20': '0.4320', 'MRR@5': '0.3288', 'MRR@10': '0.3288', 'MRR@20': '0.3288'}
EarlyStopping counter: 3 out of 10
{'epoch': 30, 'rec_avg_loss': '0.5087', 'rec_cur_loss': '0.5367'}
{'Epoch': 30, 'HIT@5': '0.5192', 'NDCG@5': '0.3493', 'HIT@10': '0.6738', 'NDCG@10': '0.3996', 'HIT@20': '0.7954', 'NDCG@20': '0.4305', 'MRR@5': '0.3281', 'MRR@10': '0.3281', 'MRR@20': '0.3281'}
EarlyStopping counter: 4 out of 10
{'epoch': 31, 'rec_avg_loss': '0.5077', 'rec_cur_loss': '0.5261'}
{'Epoch': 31, 'HIT@5': '0.5237', 'NDCG@5': '0.3509', 'HIT@10': '0.6773', 'NDCG@10': '0.4009', 'HIT@20': '0.7974', 'NDCG@20': '0.4314', 'MRR@5': '0.3285', 'MRR@10': '0.3285', 'MRR@20': '0.3285'}
EarlyStopping counter: 5 out of 10
{'epoch': 32, 'rec_avg_loss': '0.5053', 'rec_cur_loss': '0.5531'}
{'Epoch': 32, 'HIT@5': '0.5237', 'NDCG@5': '0.3501', 'HIT@10': '0.6753', 'NDCG@10': '0.3994', 'HIT@20': '0.7997', 'NDCG@20': '0.4310', 'MRR@5': '0.3274', 'MRR@10': '0.3274', 'MRR@20': '0.3274'}
EarlyStopping counter: 6 out of 10
{'epoch': 33, 'rec_avg_loss': '0.5030', 'rec_cur_loss': '0.5071'}
{'Epoch': 33, 'HIT@5': '0.5238', 'NDCG@5': '0.3519', 'HIT@10': '0.6760', 'NDCG@10': '0.4013', 'HIT@20': '0.7990', 'NDCG@20': '0.4327', 'MRR@5': '0.3298', 'MRR@10': '0.3298', 'MRR@20': '0.3298'}
Validation score increased.  Saving model ...
{'epoch': 34, 'rec_avg_loss': '0.5014', 'rec_cur_loss': '0.5688'}
{'Epoch': 34, 'HIT@5': '0.5222', 'NDCG@5': '0.3522', 'HIT@10': '0.6781', 'NDCG@10': '0.4029', 'HIT@20': '0.7995', 'NDCG@20': '0.4338', 'MRR@5': '0.3310', 'MRR@10': '0.3310', 'MRR@20': '0.3310'}
Validation score increased.  Saving model ...
{'epoch': 35, 'rec_avg_loss': '0.4996', 'rec_cur_loss': '0.4773'}
{'Epoch': 35, 'HIT@5': '0.5212', 'NDCG@5': '0.3514', 'HIT@10': '0.6767', 'NDCG@10': '0.4019', 'HIT@20': '0.7987', 'NDCG@20': '0.4329', 'MRR@5': '0.3302', 'MRR@10': '0.3302', 'MRR@20': '0.3302'}
EarlyStopping counter: 1 out of 10
{'epoch': 36, 'rec_avg_loss': '0.4958', 'rec_cur_loss': '0.5070'}
{'Epoch': 36, 'HIT@5': '0.5243', 'NDCG@5': '0.3538', 'HIT@10': '0.6781', 'NDCG@10': '0.4036', 'HIT@20': '0.7985', 'NDCG@20': '0.4342', 'MRR@5': '0.3319', 'MRR@10': '0.3319', 'MRR@20': '0.3319'}
Validation score increased.  Saving model ...
{'epoch': 37, 'rec_avg_loss': '0.4973', 'rec_cur_loss': '0.4849'}
{'Epoch': 37, 'HIT@5': '0.5252', 'NDCG@5': '0.3560', 'HIT@10': '0.6815', 'NDCG@10': '0.4068', 'HIT@20': '0.8007', 'NDCG@20': '0.4371', 'MRR@5': '0.3349', 'MRR@10': '0.3349', 'MRR@20': '0.3349'}
Validation score increased.  Saving model ...
{'epoch': 38, 'rec_avg_loss': '0.4937', 'rec_cur_loss': '0.4723'}
{'Epoch': 38, 'HIT@5': '0.5190', 'NDCG@5': '0.3520', 'HIT@10': '0.6770', 'NDCG@10': '0.4035', 'HIT@20': '0.8010', 'NDCG@20': '0.4350', 'MRR@5': '0.3323', 'MRR@10': '0.3323', 'MRR@20': '0.3323'}
EarlyStopping counter: 1 out of 10
{'epoch': 39, 'rec_avg_loss': '0.4957', 'rec_cur_loss': '0.5081'}
{'Epoch': 39, 'HIT@5': '0.5215', 'NDCG@5': '0.3507', 'HIT@10': '0.6781', 'NDCG@10': '0.4016', 'HIT@20': '0.8013', 'NDCG@20': '0.4327', 'MRR@5': '0.3292', 'MRR@10': '0.3292', 'MRR@20': '0.3292'}
EarlyStopping counter: 2 out of 10
{'epoch': 40, 'rec_avg_loss': '0.4945', 'rec_cur_loss': '0.5482'}
{'Epoch': 40, 'HIT@5': '0.5291', 'NDCG@5': '0.3595', 'HIT@10': '0.6811', 'NDCG@10': '0.4090', 'HIT@20': '0.8012', 'NDCG@20': '0.4395', 'MRR@5': '0.3377', 'MRR@10': '0.3377', 'MRR@20': '0.3377'}
Validation score increased.  Saving model ...
{'epoch': 41, 'rec_avg_loss': '0.4950', 'rec_cur_loss': '0.5522'}
{'Epoch': 41, 'HIT@5': '0.5262', 'NDCG@5': '0.3596', 'HIT@10': '0.6834', 'NDCG@10': '0.4108', 'HIT@20': '0.8003', 'NDCG@20': '0.4405', 'MRR@5': '0.3394', 'MRR@10': '0.3394', 'MRR@20': '0.3394'}
Validation score increased.  Saving model ...
{'epoch': 42, 'rec_avg_loss': '0.4871', 'rec_cur_loss': '0.4394'}
{'Epoch': 42, 'HIT@5': '0.5243', 'NDCG@5': '0.3567', 'HIT@10': '0.6783', 'NDCG@10': '0.4068', 'HIT@20': '0.8017', 'NDCG@20': '0.4382', 'MRR@5': '0.3361', 'MRR@10': '0.3361', 'MRR@20': '0.3361'}
EarlyStopping counter: 1 out of 10
{'epoch': 43, 'rec_avg_loss': '0.4920', 'rec_cur_loss': '0.5822'}
{'Epoch': 43, 'HIT@5': '0.5313', 'NDCG@5': '0.3622', 'HIT@10': '0.6841', 'NDCG@10': '0.4119', 'HIT@20': '0.8046', 'NDCG@20': '0.4425', 'MRR@5': '0.3406', 'MRR@10': '0.3406', 'MRR@20': '0.3406'}
Validation score increased.  Saving model ...
{'epoch': 44, 'rec_avg_loss': '0.4889', 'rec_cur_loss': '0.4885'}
{'Epoch': 44, 'HIT@5': '0.5373', 'NDCG@5': '0.3657', 'HIT@10': '0.6856', 'NDCG@10': '0.4139', 'HIT@20': '0.8071', 'NDCG@20': '0.4448', 'MRR@5': '0.3426', 'MRR@10': '0.3426', 'MRR@20': '0.3426'}
Validation score increased.  Saving model ...
{'epoch': 45, 'rec_avg_loss': '0.4913', 'rec_cur_loss': '0.6008'}
{'Epoch': 45, 'HIT@5': '0.5280', 'NDCG@5': '0.3618', 'HIT@10': '0.6825', 'NDCG@10': '0.4122', 'HIT@20': '0.8028', 'NDCG@20': '0.4428', 'MRR@5': '0.3415', 'MRR@10': '0.3415', 'MRR@20': '0.3415'}
EarlyStopping counter: 1 out of 10
{'epoch': 46, 'rec_avg_loss': '0.4871', 'rec_cur_loss': '0.5518'}
{'Epoch': 46, 'HIT@5': '0.5344', 'NDCG@5': '0.3656', 'HIT@10': '0.6828', 'NDCG@10': '0.4139', 'HIT@20': '0.8038', 'NDCG@20': '0.4447', 'MRR@5': '0.3436', 'MRR@10': '0.3436', 'MRR@20': '0.3436'}
Validation score increased.  Saving model ...
{'epoch': 47, 'rec_avg_loss': '0.4855', 'rec_cur_loss': '0.4620'}
{'Epoch': 47, 'HIT@5': '0.5290', 'NDCG@5': '0.3571', 'HIT@10': '0.6821', 'NDCG@10': '0.4070', 'HIT@20': '0.8003', 'NDCG@20': '0.4370', 'MRR@5': '0.3347', 'MRR@10': '0.3347', 'MRR@20': '0.3347'}
EarlyStopping counter: 1 out of 10
{'epoch': 48, 'rec_avg_loss': '0.4842', 'rec_cur_loss': '0.4967'}
{'Epoch': 48, 'HIT@5': '0.5339', 'NDCG@5': '0.3656', 'HIT@10': '0.6856', 'NDCG@10': '0.4152', 'HIT@20': '0.8035', 'NDCG@20': '0.4452', 'MRR@5': '0.3442', 'MRR@10': '0.3442', 'MRR@20': '0.3442'}
Validation score increased.  Saving model ...
{'epoch': 49, 'rec_avg_loss': '0.4839', 'rec_cur_loss': '0.4581'}
{'Epoch': 49, 'HIT@5': '0.5396', 'NDCG@5': '0.3686', 'HIT@10': '0.6858', 'NDCG@10': '0.4162', 'HIT@20': '0.8063', 'NDCG@20': '0.4468', 'MRR@5': '0.3455', 'MRR@10': '0.3455', 'MRR@20': '0.3455'}
Validation score increased.  Saving model ...
{'epoch': 50, 'rec_avg_loss': '0.4837', 'rec_cur_loss': '0.4567'}
{'Epoch': 50, 'HIT@5': '0.5329', 'NDCG@5': '0.3654', 'HIT@10': '0.6836', 'NDCG@10': '0.4145', 'HIT@20': '0.8015', 'NDCG@20': '0.4444', 'MRR@5': '0.3440', 'MRR@10': '0.3440', 'MRR@20': '0.3440'}
EarlyStopping counter: 1 out of 10
{'epoch': 51, 'rec_avg_loss': '0.4825', 'rec_cur_loss': '0.5049'}
{'Epoch': 51, 'HIT@5': '0.5328', 'NDCG@5': '0.3647', 'HIT@10': '0.6836', 'NDCG@10': '0.4138', 'HIT@20': '0.8041', 'NDCG@20': '0.4444', 'MRR@5': '0.3431', 'MRR@10': '0.3431', 'MRR@20': '0.3431'}
EarlyStopping counter: 2 out of 10
{'epoch': 52, 'rec_avg_loss': '0.4814', 'rec_cur_loss': '0.5393'}
{'Epoch': 52, 'HIT@5': '0.5368', 'NDCG@5': '0.3687', 'HIT@10': '0.6833', 'NDCG@10': '0.4164', 'HIT@20': '0.8051', 'NDCG@20': '0.4474', 'MRR@5': '0.3468', 'MRR@10': '0.3468', 'MRR@20': '0.3468'}
Validation score increased.  Saving model ...
{'epoch': 53, 'rec_avg_loss': '0.4777', 'rec_cur_loss': '0.3886'}
{'Epoch': 53, 'HIT@5': '0.5338', 'NDCG@5': '0.3646', 'HIT@10': '0.6790', 'NDCG@10': '0.4120', 'HIT@20': '0.8015', 'NDCG@20': '0.4432', 'MRR@5': '0.3424', 'MRR@10': '0.3424', 'MRR@20': '0.3424'}
EarlyStopping counter: 1 out of 10
{'epoch': 54, 'rec_avg_loss': '0.4798', 'rec_cur_loss': '0.5430'}
{'Epoch': 54, 'HIT@5': '0.5353', 'NDCG@5': '0.3654', 'HIT@10': '0.6825', 'NDCG@10': '0.4134', 'HIT@20': '0.8053', 'NDCG@20': '0.4445', 'MRR@5': '0.3428', 'MRR@10': '0.3428', 'MRR@20': '0.3428'}
EarlyStopping counter: 2 out of 10
{'epoch': 55, 'rec_avg_loss': '0.4772', 'rec_cur_loss': '0.4332'}
{'Epoch': 55, 'HIT@5': '0.5447', 'NDCG@5': '0.3711', 'HIT@10': '0.6868', 'NDCG@10': '0.4169', 'HIT@20': '0.8046', 'NDCG@20': '0.4468', 'MRR@5': '0.3459', 'MRR@10': '0.3459', 'MRR@20': '0.3459'}
EarlyStopping counter: 3 out of 10
{'epoch': 56, 'rec_avg_loss': '0.4802', 'rec_cur_loss': '0.5557'}
{'Epoch': 56, 'HIT@5': '0.5409', 'NDCG@5': '0.3698', 'HIT@10': '0.6844', 'NDCG@10': '0.4166', 'HIT@20': '0.8045', 'NDCG@20': '0.4470', 'MRR@5': '0.3462', 'MRR@10': '0.3462', 'MRR@20': '0.3462'}
EarlyStopping counter: 4 out of 10
{'epoch': 57, 'rec_avg_loss': '0.4769', 'rec_cur_loss': '0.3961'}
{'Epoch': 57, 'HIT@5': '0.5381', 'NDCG@5': '0.3680', 'HIT@10': '0.6863', 'NDCG@10': '0.4161', 'HIT@20': '0.8035', 'NDCG@20': '0.4458', 'MRR@5': '0.3450', 'MRR@10': '0.3450', 'MRR@20': '0.3450'}
EarlyStopping counter: 5 out of 10
{'epoch': 58, 'rec_avg_loss': '0.4774', 'rec_cur_loss': '0.4668'}
{'Epoch': 58, 'HIT@5': '0.5414', 'NDCG@5': '0.3717', 'HIT@10': '0.6866', 'NDCG@10': '0.4188', 'HIT@20': '0.8033', 'NDCG@20': '0.4484', 'MRR@5': '0.3484', 'MRR@10': '0.3484', 'MRR@20': '0.3484'}
Validation score increased.  Saving model ...
{'epoch': 59, 'rec_avg_loss': '0.4756', 'rec_cur_loss': '0.5641'}
{'Epoch': 59, 'HIT@5': '0.5402', 'NDCG@5': '0.3707', 'HIT@10': '0.6877', 'NDCG@10': '0.4186', 'HIT@20': '0.8075', 'NDCG@20': '0.4490', 'MRR@5': '0.3479', 'MRR@10': '0.3479', 'MRR@20': '0.3479'}
EarlyStopping counter: 1 out of 10
{'epoch': 60, 'rec_avg_loss': '0.4739', 'rec_cur_loss': '0.4706'}
{'Epoch': 60, 'HIT@5': '0.5381', 'NDCG@5': '0.3692', 'HIT@10': '0.6859', 'NDCG@10': '0.4172', 'HIT@20': '0.8040', 'NDCG@20': '0.4471', 'MRR@5': '0.3467', 'MRR@10': '0.3467', 'MRR@20': '0.3467'}
EarlyStopping counter: 2 out of 10
{'epoch': 61, 'rec_avg_loss': '0.4721', 'rec_cur_loss': '0.4360'}
{'Epoch': 61, 'HIT@5': '0.5401', 'NDCG@5': '0.3726', 'HIT@10': '0.6849', 'NDCG@10': '0.4196', 'HIT@20': '0.8063', 'NDCG@20': '0.4503', 'MRR@5': '0.3502', 'MRR@10': '0.3502', 'MRR@20': '0.3502'}
Validation score increased.  Saving model ...
{'epoch': 62, 'rec_avg_loss': '0.4731', 'rec_cur_loss': '0.5116'}
{'Epoch': 62, 'HIT@5': '0.5381', 'NDCG@5': '0.3700', 'HIT@10': '0.6831', 'NDCG@10': '0.4172', 'HIT@20': '0.8043', 'NDCG@20': '0.4480', 'MRR@5': '0.3477', 'MRR@10': '0.3477', 'MRR@20': '0.3477'}
EarlyStopping counter: 1 out of 10
{'epoch': 63, 'rec_avg_loss': '0.4703', 'rec_cur_loss': '0.4962'}
{'Epoch': 63, 'HIT@5': '0.5401', 'NDCG@5': '0.3724', 'HIT@10': '0.6856', 'NDCG@10': '0.4198', 'HIT@20': '0.8048', 'NDCG@20': '0.4500', 'MRR@5': '0.3501', 'MRR@10': '0.3501', 'MRR@20': '0.3501'}
EarlyStopping counter: 2 out of 10
{'epoch': 64, 'rec_avg_loss': '0.4675', 'rec_cur_loss': '0.4203'}
{'Epoch': 64, 'HIT@5': '0.5467', 'NDCG@5': '0.3765', 'HIT@10': '0.6866', 'NDCG@10': '0.4220', 'HIT@20': '0.8078', 'NDCG@20': '0.4528', 'MRR@5': '0.3526', 'MRR@10': '0.3526', 'MRR@20': '0.3526'}
Validation score increased.  Saving model ...
{'epoch': 65, 'rec_avg_loss': '0.4670', 'rec_cur_loss': '0.4113'}
{'Epoch': 65, 'HIT@5': '0.5437', 'NDCG@5': '0.3758', 'HIT@10': '0.6854', 'NDCG@10': '0.4219', 'HIT@20': '0.8086', 'NDCG@20': '0.4532', 'MRR@5': '0.3531', 'MRR@10': '0.3531', 'MRR@20': '0.3531'}
Validation score increased.  Saving model ...
{'epoch': 66, 'rec_avg_loss': '0.4701', 'rec_cur_loss': '0.4676'}
{'Epoch': 66, 'HIT@5': '0.5430', 'NDCG@5': '0.3743', 'HIT@10': '0.6873', 'NDCG@10': '0.4211', 'HIT@20': '0.8050', 'NDCG@20': '0.4511', 'MRR@5': '0.3513', 'MRR@10': '0.3513', 'MRR@20': '0.3513'}
EarlyStopping counter: 1 out of 10
{'epoch': 67, 'rec_avg_loss': '0.4674', 'rec_cur_loss': '0.4972'}
{'Epoch': 67, 'HIT@5': '0.5411', 'NDCG@5': '0.3733', 'HIT@10': '0.6843', 'NDCG@10': '0.4200', 'HIT@20': '0.8035', 'NDCG@20': '0.4504', 'MRR@5': '0.3509', 'MRR@10': '0.3509', 'MRR@20': '0.3509'}
EarlyStopping counter: 2 out of 10
{'epoch': 68, 'rec_avg_loss': '0.4699', 'rec_cur_loss': '0.4779'}
{'Epoch': 68, 'HIT@5': '0.5435', 'NDCG@5': '0.3748', 'HIT@10': '0.6902', 'NDCG@10': '0.4226', 'HIT@20': '0.8071', 'NDCG@20': '0.4523', 'MRR@5': '0.3521', 'MRR@10': '0.3521', 'MRR@20': '0.3521'}
EarlyStopping counter: 3 out of 10
{'epoch': 69, 'rec_avg_loss': '0.4662', 'rec_cur_loss': '0.4788'}
{'Epoch': 69, 'HIT@5': '0.5437', 'NDCG@5': '0.3733', 'HIT@10': '0.6856', 'NDCG@10': '0.4193', 'HIT@20': '0.8031', 'NDCG@20': '0.4492', 'MRR@5': '0.3495', 'MRR@10': '0.3495', 'MRR@20': '0.3495'}
EarlyStopping counter: 4 out of 10
{'epoch': 70, 'rec_avg_loss': '0.4643', 'rec_cur_loss': '0.3866'}
{'Epoch': 70, 'HIT@5': '0.5419', 'NDCG@5': '0.3744', 'HIT@10': '0.6856', 'NDCG@10': '0.4211', 'HIT@20': '0.8018', 'NDCG@20': '0.4506', 'MRR@5': '0.3518', 'MRR@10': '0.3518', 'MRR@20': '0.3518'}
EarlyStopping counter: 5 out of 10
{'epoch': 71, 'rec_avg_loss': '0.4652', 'rec_cur_loss': '0.4554'}
{'Epoch': 71, 'HIT@5': '0.5470', 'NDCG@5': '0.3781', 'HIT@10': '0.6882', 'NDCG@10': '0.4238', 'HIT@20': '0.8035', 'NDCG@20': '0.4532', 'MRR@5': '0.3544', 'MRR@10': '0.3544', 'MRR@20': '0.3544'}
Validation score increased.  Saving model ...
{'epoch': 72, 'rec_avg_loss': '0.4616', 'rec_cur_loss': '0.4092'}
{'Epoch': 72, 'HIT@5': '0.5435', 'NDCG@5': '0.3756', 'HIT@10': '0.6881', 'NDCG@10': '0.4225', 'HIT@20': '0.8048', 'NDCG@20': '0.4522', 'MRR@5': '0.3528', 'MRR@10': '0.3528', 'MRR@20': '0.3528'}
EarlyStopping counter: 1 out of 10
{'epoch': 73, 'rec_avg_loss': '0.4621', 'rec_cur_loss': '0.4769'}
{'Epoch': 73, 'HIT@5': '0.5419', 'NDCG@5': '0.3728', 'HIT@10': '0.6904', 'NDCG@10': '0.4210', 'HIT@20': '0.8065', 'NDCG@20': '0.4504', 'MRR@5': '0.3499', 'MRR@10': '0.3499', 'MRR@20': '0.3499'}
EarlyStopping counter: 2 out of 10
{'epoch': 74, 'rec_avg_loss': '0.4632', 'rec_cur_loss': '0.4895'}
{'Epoch': 74, 'HIT@5': '0.5452', 'NDCG@5': '0.3740', 'HIT@10': '0.6921', 'NDCG@10': '0.4215', 'HIT@20': '0.8056', 'NDCG@20': '0.4503', 'MRR@5': '0.3500', 'MRR@10': '0.3500', 'MRR@20': '0.3500'}
EarlyStopping counter: 3 out of 10
{'epoch': 75, 'rec_avg_loss': '0.4610', 'rec_cur_loss': '0.4001'}
{'Epoch': 75, 'HIT@5': '0.5467', 'NDCG@5': '0.3799', 'HIT@10': '0.6939', 'NDCG@10': '0.4276', 'HIT@20': '0.8091', 'NDCG@20': '0.4567', 'MRR@5': '0.3573', 'MRR@10': '0.3573', 'MRR@20': '0.3573'}
Validation score increased.  Saving model ...
{'epoch': 76, 'rec_avg_loss': '0.4616', 'rec_cur_loss': '0.5090'}
{'Epoch': 76, 'HIT@5': '0.5457', 'NDCG@5': '0.3791', 'HIT@10': '0.6937', 'NDCG@10': '0.4272', 'HIT@20': '0.8093', 'NDCG@20': '0.4565', 'MRR@5': '0.3569', 'MRR@10': '0.3569', 'MRR@20': '0.3569'}
EarlyStopping counter: 1 out of 10
{'epoch': 77, 'rec_avg_loss': '0.4614', 'rec_cur_loss': '0.4675'}
{'Epoch': 77, 'HIT@5': '0.5457', 'NDCG@5': '0.3803', 'HIT@10': '0.6924', 'NDCG@10': '0.4278', 'HIT@20': '0.8070', 'NDCG@20': '0.4569', 'MRR@5': '0.3582', 'MRR@10': '0.3582', 'MRR@20': '0.3582'}
Validation score increased.  Saving model ...
{'epoch': 78, 'rec_avg_loss': '0.4616', 'rec_cur_loss': '0.4659'}
{'Epoch': 78, 'HIT@5': '0.5483', 'NDCG@5': '0.3790', 'HIT@10': '0.6955', 'NDCG@10': '0.4268', 'HIT@20': '0.8076', 'NDCG@20': '0.4552', 'MRR@5': '0.3557', 'MRR@10': '0.3557', 'MRR@20': '0.3557'}
EarlyStopping counter: 1 out of 10
{'epoch': 79, 'rec_avg_loss': '0.4607', 'rec_cur_loss': '0.4684'}
{'Epoch': 79, 'HIT@5': '0.5487', 'NDCG@5': '0.3811', 'HIT@10': '0.6929', 'NDCG@10': '0.4279', 'HIT@20': '0.8073', 'NDCG@20': '0.4569', 'MRR@5': '0.3580', 'MRR@10': '0.3580', 'MRR@20': '0.3580'}
EarlyStopping counter: 2 out of 10
{'epoch': 80, 'rec_avg_loss': '0.4565', 'rec_cur_loss': '0.3977'}
{'Epoch': 80, 'HIT@5': '0.5498', 'NDCG@5': '0.3818', 'HIT@10': '0.6940', 'NDCG@10': '0.4286', 'HIT@20': '0.8068', 'NDCG@20': '0.4573', 'MRR@5': '0.3585', 'MRR@10': '0.3585', 'MRR@20': '0.3585'}
Validation score increased.  Saving model ...
{'epoch': 81, 'rec_avg_loss': '0.4565', 'rec_cur_loss': '0.4073'}
{'Epoch': 81, 'HIT@5': '0.5432', 'NDCG@5': '0.3772', 'HIT@10': '0.6892', 'NDCG@10': '0.4247', 'HIT@20': '0.8038', 'NDCG@20': '0.4538', 'MRR@5': '0.3552', 'MRR@10': '0.3552', 'MRR@20': '0.3552'}
EarlyStopping counter: 1 out of 10
{'epoch': 82, 'rec_avg_loss': '0.4591', 'rec_cur_loss': '0.4420'}
{'Epoch': 82, 'HIT@5': '0.5482', 'NDCG@5': '0.3811', 'HIT@10': '0.6945', 'NDCG@10': '0.4286', 'HIT@20': '0.8075', 'NDCG@20': '0.4572', 'MRR@5': '0.3583', 'MRR@10': '0.3583', 'MRR@20': '0.3583'}
EarlyStopping counter: 2 out of 10
{'epoch': 83, 'rec_avg_loss': '0.4591', 'rec_cur_loss': '0.4561'}
{'Epoch': 83, 'HIT@5': '0.5488', 'NDCG@5': '0.3815', 'HIT@10': '0.6921', 'NDCG@10': '0.4279', 'HIT@20': '0.8063', 'NDCG@20': '0.4569', 'MRR@5': '0.3583', 'MRR@10': '0.3583', 'MRR@20': '0.3583'}
EarlyStopping counter: 3 out of 10
{'epoch': 84, 'rec_avg_loss': '0.4596', 'rec_cur_loss': '0.5584'}
{'Epoch': 84, 'HIT@5': '0.5502', 'NDCG@5': '0.3833', 'HIT@10': '0.6922', 'NDCG@10': '0.4294', 'HIT@20': '0.8050', 'NDCG@20': '0.4582', 'MRR@5': '0.3603', 'MRR@10': '0.3603', 'MRR@20': '0.3603'}
Validation score increased.  Saving model ...
{'epoch': 85, 'rec_avg_loss': '0.4553', 'rec_cur_loss': '0.4897'}
{'Epoch': 85, 'HIT@5': '0.5498', 'NDCG@5': '0.3832', 'HIT@10': '0.6954', 'NDCG@10': '0.4303', 'HIT@20': '0.8088', 'NDCG@20': '0.4590', 'MRR@5': '0.3603', 'MRR@10': '0.3603', 'MRR@20': '0.3603'}
Validation score increased.  Saving model ...
{'epoch': 86, 'rec_avg_loss': '0.4553', 'rec_cur_loss': '0.4931'}
{'Epoch': 86, 'HIT@5': '0.5497', 'NDCG@5': '0.3841', 'HIT@10': '0.6907', 'NDCG@10': '0.4299', 'HIT@20': '0.8063', 'NDCG@20': '0.4593', 'MRR@5': '0.3615', 'MRR@10': '0.3615', 'MRR@20': '0.3615'}
Validation score increased.  Saving model ...
{'epoch': 87, 'rec_avg_loss': '0.4535', 'rec_cur_loss': '0.3895'}
{'Epoch': 87, 'HIT@5': '0.5515', 'NDCG@5': '0.3856', 'HIT@10': '0.6964', 'NDCG@10': '0.4326', 'HIT@20': '0.8086', 'NDCG@20': '0.4612', 'MRR@5': '0.3630', 'MRR@10': '0.3630', 'MRR@20': '0.3630'}
Validation score increased.  Saving model ...
{'epoch': 88, 'rec_avg_loss': '0.4538', 'rec_cur_loss': '0.4439'}
{'Epoch': 88, 'HIT@5': '0.5505', 'NDCG@5': '0.3852', 'HIT@10': '0.6993', 'NDCG@10': '0.4335', 'HIT@20': '0.8089', 'NDCG@20': '0.4614', 'MRR@5': '0.3631', 'MRR@10': '0.3631', 'MRR@20': '0.3631'}
Validation score increased.  Saving model ...
{'epoch': 89, 'rec_avg_loss': '0.4519', 'rec_cur_loss': '0.4367'}
{'Epoch': 89, 'HIT@5': '0.5545', 'NDCG@5': '0.3894', 'HIT@10': '0.6959', 'NDCG@10': '0.4354', 'HIT@20': '0.8088', 'NDCG@20': '0.4641', 'MRR@5': '0.3668', 'MRR@10': '0.3668', 'MRR@20': '0.3668'}
Validation score increased.  Saving model ...
{'epoch': 90, 'rec_avg_loss': '0.4530', 'rec_cur_loss': '0.4818'}
{'Epoch': 90, 'HIT@5': '0.5507', 'NDCG@5': '0.3852', 'HIT@10': '0.6949', 'NDCG@10': '0.4321', 'HIT@20': '0.8078', 'NDCG@20': '0.4608', 'MRR@5': '0.3628', 'MRR@10': '0.3628', 'MRR@20': '0.3628'}
EarlyStopping counter: 1 out of 10
{'epoch': 91, 'rec_avg_loss': '0.4514', 'rec_cur_loss': '0.4413'}
{'Epoch': 91, 'HIT@5': '0.5497', 'NDCG@5': '0.3844', 'HIT@10': '0.6950', 'NDCG@10': '0.4317', 'HIT@20': '0.8068', 'NDCG@20': '0.4600', 'MRR@5': '0.3621', 'MRR@10': '0.3621', 'MRR@20': '0.3621'}
EarlyStopping counter: 2 out of 10
{'epoch': 92, 'rec_avg_loss': '0.4516', 'rec_cur_loss': '0.4640'}
{'Epoch': 92, 'HIT@5': '0.5515', 'NDCG@5': '0.3859', 'HIT@10': '0.6947', 'NDCG@10': '0.4325', 'HIT@20': '0.8084', 'NDCG@20': '0.4615', 'MRR@5': '0.3635', 'MRR@10': '0.3635', 'MRR@20': '0.3635'}
EarlyStopping counter: 3 out of 10
{'epoch': 93, 'rec_avg_loss': '0.4489', 'rec_cur_loss': '0.4555'}
{'Epoch': 93, 'HIT@5': '0.5512', 'NDCG@5': '0.3852', 'HIT@10': '0.6935', 'NDCG@10': '0.4315', 'HIT@20': '0.8076', 'NDCG@20': '0.4606', 'MRR@5': '0.3626', 'MRR@10': '0.3626', 'MRR@20': '0.3626'}
EarlyStopping counter: 4 out of 10
{'epoch': 94, 'rec_avg_loss': '0.4500', 'rec_cur_loss': '0.5087'}
{'Epoch': 94, 'HIT@5': '0.5561', 'NDCG@5': '0.3890', 'HIT@10': '0.6942', 'NDCG@10': '0.4339', 'HIT@20': '0.8084', 'NDCG@20': '0.4630', 'MRR@5': '0.3655', 'MRR@10': '0.3655', 'MRR@20': '0.3655'}
EarlyStopping counter: 5 out of 10
{'epoch': 95, 'rec_avg_loss': '0.4492', 'rec_cur_loss': '0.4496'}
{'Epoch': 95, 'HIT@5': '0.5531', 'NDCG@5': '0.3876', 'HIT@10': '0.6945', 'NDCG@10': '0.4335', 'HIT@20': '0.8083', 'NDCG@20': '0.4624', 'MRR@5': '0.3648', 'MRR@10': '0.3648', 'MRR@20': '0.3648'}
EarlyStopping counter: 6 out of 10
{'epoch': 96, 'rec_avg_loss': '0.4477', 'rec_cur_loss': '0.4343'}
{'Epoch': 96, 'HIT@5': '0.5560', 'NDCG@5': '0.3876', 'HIT@10': '0.6955', 'NDCG@10': '0.4328', 'HIT@20': '0.8076', 'NDCG@20': '0.4613', 'MRR@5': '0.3635', 'MRR@10': '0.3635', 'MRR@20': '0.3635'}
EarlyStopping counter: 7 out of 10
{'epoch': 97, 'rec_avg_loss': '0.4459', 'rec_cur_loss': '0.4284'}
{'Epoch': 97, 'HIT@5': '0.5510', 'NDCG@5': '0.3855', 'HIT@10': '0.6939', 'NDCG@10': '0.4319', 'HIT@20': '0.8055', 'NDCG@20': '0.4604', 'MRR@5': '0.3629', 'MRR@10': '0.3629', 'MRR@20': '0.3629'}
EarlyStopping counter: 8 out of 10
{'epoch': 98, 'rec_avg_loss': '0.4455', 'rec_cur_loss': '0.4543'}
{'Epoch': 98, 'HIT@5': '0.5535', 'NDCG@5': '0.3872', 'HIT@10': '0.6940', 'NDCG@10': '0.4328', 'HIT@20': '0.8036', 'NDCG@20': '0.4607', 'MRR@5': '0.3639', 'MRR@10': '0.3639', 'MRR@20': '0.3639'}
EarlyStopping counter: 9 out of 10
{'epoch': 99, 'rec_avg_loss': '0.4460', 'rec_cur_loss': '0.4062'}
{'Epoch': 99, 'HIT@5': '0.5483', 'NDCG@5': '0.3833', 'HIT@10': '0.6877', 'NDCG@10': '0.4285', 'HIT@20': '0.8040', 'NDCG@20': '0.4581', 'MRR@5': '0.3607', 'MRR@10': '0.3607', 'MRR@20': '0.3607'}
EarlyStopping counter: 10 out of 10
Early stopping
---------------Sample 99 results-------------------
{'Epoch': 0, 'HIT@5': '0.5182', 'NDCG@5': '0.3637', 'HIT@10': '0.6629', 'NDCG@10': '0.4109', 'HIT@20': '0.7813', 'NDCG@20': '0.4410', 'MRR@5': '0.3463', 'MRR@10': '0.3463', 'MRR@20': '0.3463'}
Finetune_sample-ml-1m-90-3layer_05
{'Epoch': 0, 'HIT@5': '0.5182', 'NDCG@5': '0.3637', 'HIT@10': '0.6629', 'NDCG@10': '0.4109', 'HIT@20': '0.7813', 'NDCG@20': '0.4410', 'MRR@5': '0.3463', 'MRR@10': '0.3463', 'MRR@20': '0.3463'}
