Namespace(adam_beta1=0.9, adam_beta2=0.999, attention_probs_dropout_prob=0.5, batch_size=256, ckp=170, cuda_condition=True, data_dir='./data/', data_file='./data/ml-1m.txt', data_name='ml-1m', do_eval=False, epochs=200, gpu_id='0', hidden_act='gelu', hidden_dropout_prob=0.5, hidden_size=64, initializer_range=0.02, item_size=3418, log_file='output/Finetune_sample-ml-1m-170.txt', log_freq=1, lr=0.001, mask_id=3417, max_seq_length=50, model_name='Finetune_sample', no_cuda=False, num_attention_heads=2, num_hidden_layers=2, output_dir='output/', sample_file='./data/ml-1m_sample.txt', seed=42, weight_decay=0.0)
Total Parameters: 338688
Load Checkpoint From output/ml-1m-epochs-170.pt!
{'epoch': 0, 'rec_avg_loss': '1.1688', 'rec_cur_loss': '1.0116'}
{'Epoch': 0, 'HIT@5': '0.1285', 'NDCG@5': '0.0772', 'HIT@10': '0.2421', 'NDCG@10': '0.1135', 'HIT@20': '0.4083', 'NDCG@20': '0.1551', 'MRR@5': '0.1004', 'MRR@10': '0.1004', 'MRR@20': '0.1004'}
Validation score increased.  Saving model ...
{'epoch': 1, 'rec_avg_loss': '0.9326', 'rec_cur_loss': '0.8594'}
{'Epoch': 1, 'HIT@5': '0.1717', 'NDCG@5': '0.1048', 'HIT@10': '0.3007', 'NDCG@10': '0.1459', 'HIT@20': '0.4897', 'NDCG@20': '0.1934', 'MRR@5': '0.1253', 'MRR@10': '0.1253', 'MRR@20': '0.1253'}
Validation score increased.  Saving model ...
{'epoch': 2, 'rec_avg_loss': '0.8591', 'rec_cur_loss': '0.8804'}
{'Epoch': 2, 'HIT@5': '0.2093', 'NDCG@5': '0.1292', 'HIT@10': '0.3528', 'NDCG@10': '0.1752', 'HIT@20': '0.5520', 'NDCG@20': '0.2252', 'MRR@5': '0.1470', 'MRR@10': '0.1470', 'MRR@20': '0.1470'}
Validation score increased.  Saving model ...
{'epoch': 3, 'rec_avg_loss': '0.8188', 'rec_cur_loss': '0.8036'}
{'Epoch': 3, 'HIT@5': '0.2344', 'NDCG@5': '0.1454', 'HIT@10': '0.3914', 'NDCG@10': '0.1959', 'HIT@20': '0.5937', 'NDCG@20': '0.2468', 'MRR@5': '0.1617', 'MRR@10': '0.1617', 'MRR@20': '0.1617'}
Validation score increased.  Saving model ...
{'epoch': 4, 'rec_avg_loss': '0.7921', 'rec_cur_loss': '0.7490'}
{'Epoch': 4, 'HIT@5': '0.2589', 'NDCG@5': '0.1611', 'HIT@10': '0.4185', 'NDCG@10': '0.2127', 'HIT@20': '0.6265', 'NDCG@20': '0.2651', 'MRR@5': '0.1747', 'MRR@10': '0.1747', 'MRR@20': '0.1747'}
Validation score increased.  Saving model ...
{'epoch': 5, 'rec_avg_loss': '0.7700', 'rec_cur_loss': '0.7692'}
{'Epoch': 5, 'HIT@5': '0.2790', 'NDCG@5': '0.1735', 'HIT@10': '0.4449', 'NDCG@10': '0.2269', 'HIT@20': '0.6502', 'NDCG@20': '0.2786', 'MRR@5': '0.1843', 'MRR@10': '0.1843', 'MRR@20': '0.1843'}
Validation score increased.  Saving model ...
{'epoch': 6, 'rec_avg_loss': '0.7568', 'rec_cur_loss': '0.7728'}
{'Epoch': 6, 'HIT@5': '0.2927', 'NDCG@5': '0.1835', 'HIT@10': '0.4593', 'NDCG@10': '0.2372', 'HIT@20': '0.6636', 'NDCG@20': '0.2888', 'MRR@5': '0.1929', 'MRR@10': '0.1929', 'MRR@20': '0.1929'}
Validation score increased.  Saving model ...
{'epoch': 7, 'rec_avg_loss': '0.7479', 'rec_cur_loss': '0.7403'}
{'Epoch': 7, 'HIT@5': '0.3025', 'NDCG@5': '0.1897', 'HIT@10': '0.4722', 'NDCG@10': '0.2443', 'HIT@20': '0.6730', 'NDCG@20': '0.2951', 'MRR@5': '0.1979', 'MRR@10': '0.1979', 'MRR@20': '0.1979'}
Validation score increased.  Saving model ...
{'epoch': 8, 'rec_avg_loss': '0.7393', 'rec_cur_loss': '0.7432'}
{'Epoch': 8, 'HIT@5': '0.3051', 'NDCG@5': '0.1915', 'HIT@10': '0.4815', 'NDCG@10': '0.2483', 'HIT@20': '0.6788', 'NDCG@20': '0.2982', 'MRR@5': '0.1999', 'MRR@10': '0.1999', 'MRR@20': '0.1999'}
Validation score increased.  Saving model ...
{'epoch': 9, 'rec_avg_loss': '0.7327', 'rec_cur_loss': '0.7273'}
{'Epoch': 9, 'HIT@5': '0.3154', 'NDCG@5': '0.1973', 'HIT@10': '0.4909', 'NDCG@10': '0.2540', 'HIT@20': '0.6877', 'NDCG@20': '0.3039', 'MRR@5': '0.2042', 'MRR@10': '0.2042', 'MRR@20': '0.2042'}
Validation score increased.  Saving model ...
{'epoch': 10, 'rec_avg_loss': '0.7255', 'rec_cur_loss': '0.7108'}
{'Epoch': 10, 'HIT@5': '0.3238', 'NDCG@5': '0.2035', 'HIT@10': '0.4988', 'NDCG@10': '0.2599', 'HIT@20': '0.6911', 'NDCG@20': '0.3086', 'MRR@5': '0.2091', 'MRR@10': '0.2091', 'MRR@20': '0.2091'}
Validation score increased.  Saving model ...
{'epoch': 11, 'rec_avg_loss': '0.7220', 'rec_cur_loss': '0.7139'}
{'Epoch': 11, 'HIT@5': '0.3235', 'NDCG@5': '0.2044', 'HIT@10': '0.5040', 'NDCG@10': '0.2625', 'HIT@20': '0.6927', 'NDCG@20': '0.3104', 'MRR@5': '0.2107', 'MRR@10': '0.2107', 'MRR@20': '0.2107'}
Validation score increased.  Saving model ...
{'epoch': 12, 'rec_avg_loss': '0.7165', 'rec_cur_loss': '0.7059'}
{'Epoch': 12, 'HIT@5': '0.3275', 'NDCG@5': '0.2067', 'HIT@10': '0.5073', 'NDCG@10': '0.2647', 'HIT@20': '0.6959', 'NDCG@20': '0.3125', 'MRR@5': '0.2124', 'MRR@10': '0.2124', 'MRR@20': '0.2124'}
Validation score increased.  Saving model ...
{'epoch': 13, 'rec_avg_loss': '0.7137', 'rec_cur_loss': '0.7264'}
{'Epoch': 13, 'HIT@5': '0.3320', 'NDCG@5': '0.2096', 'HIT@10': '0.5127', 'NDCG@10': '0.2678', 'HIT@20': '0.6987', 'NDCG@20': '0.3149', 'MRR@5': '0.2145', 'MRR@10': '0.2145', 'MRR@20': '0.2145'}
Validation score increased.  Saving model ...
{'epoch': 14, 'rec_avg_loss': '0.7094', 'rec_cur_loss': '0.7156'}
{'Epoch': 14, 'HIT@5': '0.3321', 'NDCG@5': '0.2097', 'HIT@10': '0.5134', 'NDCG@10': '0.2682', 'HIT@20': '0.7000', 'NDCG@20': '0.3155', 'MRR@5': '0.2148', 'MRR@10': '0.2148', 'MRR@20': '0.2148'}
Validation score increased.  Saving model ...
{'epoch': 15, 'rec_avg_loss': '0.7055', 'rec_cur_loss': '0.7073'}
{'Epoch': 15, 'HIT@5': '0.3343', 'NDCG@5': '0.2116', 'HIT@10': '0.5187', 'NDCG@10': '0.2712', 'HIT@20': '0.7045', 'NDCG@20': '0.3181', 'MRR@5': '0.2167', 'MRR@10': '0.2167', 'MRR@20': '0.2167'}
Validation score increased.  Saving model ...
{'epoch': 16, 'rec_avg_loss': '0.7025', 'rec_cur_loss': '0.7131'}
{'Epoch': 16, 'HIT@5': '0.3407', 'NDCG@5': '0.2150', 'HIT@10': '0.5247', 'NDCG@10': '0.2745', 'HIT@20': '0.7070', 'NDCG@20': '0.3207', 'MRR@5': '0.2190', 'MRR@10': '0.2190', 'MRR@20': '0.2190'}
Validation score increased.  Saving model ...
{'epoch': 17, 'rec_avg_loss': '0.7017', 'rec_cur_loss': '0.7183'}
{'Epoch': 17, 'HIT@5': '0.3387', 'NDCG@5': '0.2151', 'HIT@10': '0.5219', 'NDCG@10': '0.2744', 'HIT@20': '0.7065', 'NDCG@20': '0.3212', 'MRR@5': '0.2199', 'MRR@10': '0.2199', 'MRR@20': '0.2199'}
Validation score increased.  Saving model ...
{'epoch': 18, 'rec_avg_loss': '0.6980', 'rec_cur_loss': '0.6557'}
{'Epoch': 18, 'HIT@5': '0.3366', 'NDCG@5': '0.2141', 'HIT@10': '0.5245', 'NDCG@10': '0.2748', 'HIT@20': '0.7078', 'NDCG@20': '0.3212', 'MRR@5': '0.2195', 'MRR@10': '0.2195', 'MRR@20': '0.2195'}
EarlyStopping counter: 1 out of 10
{'epoch': 19, 'rec_avg_loss': '0.6970', 'rec_cur_loss': '0.6838'}
{'Epoch': 19, 'HIT@5': '0.3406', 'NDCG@5': '0.2155', 'HIT@10': '0.5272', 'NDCG@10': '0.2757', 'HIT@20': '0.7081', 'NDCG@20': '0.3216', 'MRR@5': '0.2197', 'MRR@10': '0.2197', 'MRR@20': '0.2197'}
EarlyStopping counter: 2 out of 10
{'epoch': 20, 'rec_avg_loss': '0.6937', 'rec_cur_loss': '0.6834'}
{'Epoch': 20, 'HIT@5': '0.3409', 'NDCG@5': '0.2153', 'HIT@10': '0.5260', 'NDCG@10': '0.2751', 'HIT@20': '0.7099', 'NDCG@20': '0.3217', 'MRR@5': '0.2194', 'MRR@10': '0.2194', 'MRR@20': '0.2194'}
EarlyStopping counter: 3 out of 10
{'epoch': 21, 'rec_avg_loss': '0.6922', 'rec_cur_loss': '0.6767'}
{'Epoch': 21, 'HIT@5': '0.3445', 'NDCG@5': '0.2178', 'HIT@10': '0.5301', 'NDCG@10': '0.2779', 'HIT@20': '0.7124', 'NDCG@20': '0.3241', 'MRR@5': '0.2215', 'MRR@10': '0.2215', 'MRR@20': '0.2215'}
Validation score increased.  Saving model ...
{'epoch': 22, 'rec_avg_loss': '0.6888', 'rec_cur_loss': '0.6981'}
{'Epoch': 22, 'HIT@5': '0.3487', 'NDCG@5': '0.2194', 'HIT@10': '0.5328', 'NDCG@10': '0.2790', 'HIT@20': '0.7157', 'NDCG@20': '0.3254', 'MRR@5': '0.2221', 'MRR@10': '0.2221', 'MRR@20': '0.2221'}
Validation score increased.  Saving model ...
{'epoch': 23, 'rec_avg_loss': '0.6881', 'rec_cur_loss': '0.6820'}
{'Epoch': 23, 'HIT@5': '0.3522', 'NDCG@5': '0.2220', 'HIT@10': '0.5379', 'NDCG@10': '0.2820', 'HIT@20': '0.7166', 'NDCG@20': '0.3274', 'MRR@5': '0.2243', 'MRR@10': '0.2243', 'MRR@20': '0.2243'}
Validation score increased.  Saving model ...
{'epoch': 24, 'rec_avg_loss': '0.6857', 'rec_cur_loss': '0.6980'}
{'Epoch': 24, 'HIT@5': '0.3555', 'NDCG@5': '0.2237', 'HIT@10': '0.5374', 'NDCG@10': '0.2825', 'HIT@20': '0.7187', 'NDCG@20': '0.3285', 'MRR@5': '0.2251', 'MRR@10': '0.2251', 'MRR@20': '0.2251'}
Validation score increased.  Saving model ...
{'epoch': 25, 'rec_avg_loss': '0.6855', 'rec_cur_loss': '0.7075'}
{'Epoch': 25, 'HIT@5': '0.3568', 'NDCG@5': '0.2253', 'HIT@10': '0.5417', 'NDCG@10': '0.2850', 'HIT@20': '0.7175', 'NDCG@20': '0.3295', 'MRR@5': '0.2266', 'MRR@10': '0.2266', 'MRR@20': '0.2266'}
Validation score increased.  Saving model ...
{'epoch': 26, 'rec_avg_loss': '0.6830', 'rec_cur_loss': '0.6896'}
{'Epoch': 26, 'HIT@5': '0.3568', 'NDCG@5': '0.2244', 'HIT@10': '0.5421', 'NDCG@10': '0.2842', 'HIT@20': '0.7200', 'NDCG@20': '0.3292', 'MRR@5': '0.2255', 'MRR@10': '0.2255', 'MRR@20': '0.2255'}
EarlyStopping counter: 1 out of 10
{'epoch': 27, 'rec_avg_loss': '0.6803', 'rec_cur_loss': '0.6882'}
{'Epoch': 27, 'HIT@5': '0.3606', 'NDCG@5': '0.2275', 'HIT@10': '0.5440', 'NDCG@10': '0.2868', 'HIT@20': '0.7210', 'NDCG@20': '0.3316', 'MRR@5': '0.2281', 'MRR@10': '0.2281', 'MRR@20': '0.2281'}
Validation score increased.  Saving model ...
{'epoch': 28, 'rec_avg_loss': '0.6777', 'rec_cur_loss': '0.6724'}
{'Epoch': 28, 'HIT@5': '0.3639', 'NDCG@5': '0.2287', 'HIT@10': '0.5447', 'NDCG@10': '0.2871', 'HIT@20': '0.7258', 'NDCG@20': '0.3330', 'MRR@5': '0.2285', 'MRR@10': '0.2285', 'MRR@20': '0.2285'}
Validation score increased.  Saving model ...
{'epoch': 29, 'rec_avg_loss': '0.6760', 'rec_cur_loss': '0.6437'}
{'Epoch': 29, 'HIT@5': '0.3669', 'NDCG@5': '0.2307', 'HIT@10': '0.5512', 'NDCG@10': '0.2902', 'HIT@20': '0.7263', 'NDCG@20': '0.3344', 'MRR@5': '0.2300', 'MRR@10': '0.2300', 'MRR@20': '0.2300'}
Validation score increased.  Saving model ...
{'epoch': 30, 'rec_avg_loss': '0.6775', 'rec_cur_loss': '0.6976'}
{'Epoch': 30, 'HIT@5': '0.3717', 'NDCG@5': '0.2347', 'HIT@10': '0.5541', 'NDCG@10': '0.2936', 'HIT@20': '0.7280', 'NDCG@20': '0.3375', 'MRR@5': '0.2333', 'MRR@10': '0.2333', 'MRR@20': '0.2333'}
Validation score increased.  Saving model ...
{'epoch': 31, 'rec_avg_loss': '0.6780', 'rec_cur_loss': '0.6793'}
{'Epoch': 31, 'HIT@5': '0.3720', 'NDCG@5': '0.2346', 'HIT@10': '0.5546', 'NDCG@10': '0.2935', 'HIT@20': '0.7275', 'NDCG@20': '0.3373', 'MRR@5': '0.2332', 'MRR@10': '0.2332', 'MRR@20': '0.2332'}
EarlyStopping counter: 1 out of 10
{'epoch': 32, 'rec_avg_loss': '0.6751', 'rec_cur_loss': '0.6749'}
{'Epoch': 32, 'HIT@5': '0.3672', 'NDCG@5': '0.2325', 'HIT@10': '0.5526', 'NDCG@10': '0.2924', 'HIT@20': '0.7276', 'NDCG@20': '0.3368', 'MRR@5': '0.2326', 'MRR@10': '0.2326', 'MRR@20': '0.2326'}
EarlyStopping counter: 2 out of 10
{'epoch': 33, 'rec_avg_loss': '0.6734', 'rec_cur_loss': '0.6606'}
{'Epoch': 33, 'HIT@5': '0.3694', 'NDCG@5': '0.2331', 'HIT@10': '0.5523', 'NDCG@10': '0.2922', 'HIT@20': '0.7285', 'NDCG@20': '0.3368', 'MRR@5': '0.2323', 'MRR@10': '0.2323', 'MRR@20': '0.2323'}
EarlyStopping counter: 3 out of 10
{'epoch': 34, 'rec_avg_loss': '0.6734', 'rec_cur_loss': '0.6690'}
{'Epoch': 34, 'HIT@5': '0.3687', 'NDCG@5': '0.2332', 'HIT@10': '0.5533', 'NDCG@10': '0.2931', 'HIT@20': '0.7298', 'NDCG@20': '0.3379', 'MRR@5': '0.2332', 'MRR@10': '0.2332', 'MRR@20': '0.2332'}
EarlyStopping counter: 4 out of 10
{'epoch': 35, 'rec_avg_loss': '0.6689', 'rec_cur_loss': '0.6712'}
{'Epoch': 35, 'HIT@5': '0.3727', 'NDCG@5': '0.2346', 'HIT@10': '0.5563', 'NDCG@10': '0.2939', 'HIT@20': '0.7293', 'NDCG@20': '0.3378', 'MRR@5': '0.2332', 'MRR@10': '0.2332', 'MRR@20': '0.2332'}
EarlyStopping counter: 5 out of 10
{'epoch': 36, 'rec_avg_loss': '0.6729', 'rec_cur_loss': '0.6545'}
{'Epoch': 36, 'HIT@5': '0.3728', 'NDCG@5': '0.2348', 'HIT@10': '0.5563', 'NDCG@10': '0.2942', 'HIT@20': '0.7326', 'NDCG@20': '0.3389', 'MRR@5': '0.2335', 'MRR@10': '0.2335', 'MRR@20': '0.2335'}
Validation score increased.  Saving model ...
{'epoch': 37, 'rec_avg_loss': '0.6697', 'rec_cur_loss': '0.6663'}
{'Epoch': 37, 'HIT@5': '0.3743', 'NDCG@5': '0.2367', 'HIT@10': '0.5586', 'NDCG@10': '0.2964', 'HIT@20': '0.7300', 'NDCG@20': '0.3398', 'MRR@5': '0.2355', 'MRR@10': '0.2355', 'MRR@20': '0.2355'}
Validation score increased.  Saving model ...
{'epoch': 38, 'rec_avg_loss': '0.6658', 'rec_cur_loss': '0.6693'}
{'Epoch': 38, 'HIT@5': '0.3715', 'NDCG@5': '0.2355', 'HIT@10': '0.5586', 'NDCG@10': '0.2961', 'HIT@20': '0.7308', 'NDCG@20': '0.3396', 'MRR@5': '0.2351', 'MRR@10': '0.2351', 'MRR@20': '0.2351'}
EarlyStopping counter: 1 out of 10
{'epoch': 39, 'rec_avg_loss': '0.6696', 'rec_cur_loss': '0.6673'}
{'Epoch': 39, 'HIT@5': '0.3714', 'NDCG@5': '0.2348', 'HIT@10': '0.5565', 'NDCG@10': '0.2947', 'HIT@20': '0.7318', 'NDCG@20': '0.3391', 'MRR@5': '0.2341', 'MRR@10': '0.2341', 'MRR@20': '0.2341'}
EarlyStopping counter: 2 out of 10
{'epoch': 40, 'rec_avg_loss': '0.6653', 'rec_cur_loss': '0.6587'}
{'Epoch': 40, 'HIT@5': '0.3765', 'NDCG@5': '0.2385', 'HIT@10': '0.5631', 'NDCG@10': '0.2989', 'HIT@20': '0.7331', 'NDCG@20': '0.3420', 'MRR@5': '0.2372', 'MRR@10': '0.2372', 'MRR@20': '0.2372'}
Validation score increased.  Saving model ...
{'epoch': 41, 'rec_avg_loss': '0.6650', 'rec_cur_loss': '0.6701'}
{'Epoch': 41, 'HIT@5': '0.3717', 'NDCG@5': '0.2363', 'HIT@10': '0.5603', 'NDCG@10': '0.2974', 'HIT@20': '0.7290', 'NDCG@20': '0.3402', 'MRR@5': '0.2363', 'MRR@10': '0.2363', 'MRR@20': '0.2363'}
EarlyStopping counter: 1 out of 10
{'epoch': 42, 'rec_avg_loss': '0.6649', 'rec_cur_loss': '0.6686'}
{'Epoch': 42, 'HIT@5': '0.3748', 'NDCG@5': '0.2378', 'HIT@10': '0.5616', 'NDCG@10': '0.2985', 'HIT@20': '0.7346', 'NDCG@20': '0.3423', 'MRR@5': '0.2372', 'MRR@10': '0.2372', 'MRR@20': '0.2372'}
EarlyStopping counter: 2 out of 10
{'epoch': 43, 'rec_avg_loss': '0.6632', 'rec_cur_loss': '0.6639'}
{'Epoch': 43, 'HIT@5': '0.3773', 'NDCG@5': '0.2396', 'HIT@10': '0.5649', 'NDCG@10': '0.3003', 'HIT@20': '0.7359', 'NDCG@20': '0.3437', 'MRR@5': '0.2385', 'MRR@10': '0.2385', 'MRR@20': '0.2385'}
Validation score increased.  Saving model ...
{'epoch': 44, 'rec_avg_loss': '0.6623', 'rec_cur_loss': '0.6685'}
{'Epoch': 44, 'HIT@5': '0.3798', 'NDCG@5': '0.2415', 'HIT@10': '0.5652', 'NDCG@10': '0.3015', 'HIT@20': '0.7379', 'NDCG@20': '0.3453', 'MRR@5': '0.2400', 'MRR@10': '0.2400', 'MRR@20': '0.2400'}
Validation score increased.  Saving model ...
{'epoch': 45, 'rec_avg_loss': '0.6631', 'rec_cur_loss': '0.6570'}
{'Epoch': 45, 'HIT@5': '0.3825', 'NDCG@5': '0.2417', 'HIT@10': '0.5669', 'NDCG@10': '0.3013', 'HIT@20': '0.7363', 'NDCG@20': '0.3443', 'MRR@5': '0.2391', 'MRR@10': '0.2391', 'MRR@20': '0.2391'}
EarlyStopping counter: 1 out of 10
{'epoch': 46, 'rec_avg_loss': '0.6636', 'rec_cur_loss': '0.6739'}
{'Epoch': 46, 'HIT@5': '0.3841', 'NDCG@5': '0.2424', 'HIT@10': '0.5644', 'NDCG@10': '0.3007', 'HIT@20': '0.7354', 'NDCG@20': '0.3442', 'MRR@5': '0.2393', 'MRR@10': '0.2393', 'MRR@20': '0.2393'}
EarlyStopping counter: 2 out of 10
{'epoch': 47, 'rec_avg_loss': '0.6627', 'rec_cur_loss': '0.7093'}
{'Epoch': 47, 'HIT@5': '0.3821', 'NDCG@5': '0.2429', 'HIT@10': '0.5667', 'NDCG@10': '0.3028', 'HIT@20': '0.7382', 'NDCG@20': '0.3463', 'MRR@5': '0.2411', 'MRR@10': '0.2411', 'MRR@20': '0.2411'}
Validation score increased.  Saving model ...
{'epoch': 48, 'rec_avg_loss': '0.6571', 'rec_cur_loss': '0.6675'}
{'Epoch': 48, 'HIT@5': '0.3859', 'NDCG@5': '0.2453', 'HIT@10': '0.5695', 'NDCG@10': '0.3047', 'HIT@20': '0.7384', 'NDCG@20': '0.3476', 'MRR@5': '0.2426', 'MRR@10': '0.2426', 'MRR@20': '0.2426'}
Validation score increased.  Saving model ...
{'epoch': 49, 'rec_avg_loss': '0.6588', 'rec_cur_loss': '0.6366'}
{'Epoch': 49, 'HIT@5': '0.3859', 'NDCG@5': '0.2451', 'HIT@10': '0.5667', 'NDCG@10': '0.3036', 'HIT@20': '0.7392', 'NDCG@20': '0.3475', 'MRR@5': '0.2423', 'MRR@10': '0.2423', 'MRR@20': '0.2423'}
EarlyStopping counter: 1 out of 10
{'epoch': 50, 'rec_avg_loss': '0.6589', 'rec_cur_loss': '0.6762'}
{'Epoch': 50, 'HIT@5': '0.3882', 'NDCG@5': '0.2468', 'HIT@10': '0.5710', 'NDCG@10': '0.3059', 'HIT@20': '0.7387', 'NDCG@20': '0.3485', 'MRR@5': '0.2436', 'MRR@10': '0.2436', 'MRR@20': '0.2436'}
Validation score increased.  Saving model ...
{'epoch': 51, 'rec_avg_loss': '0.6573', 'rec_cur_loss': '0.6767'}
{'Epoch': 51, 'HIT@5': '0.3901', 'NDCG@5': '0.2472', 'HIT@10': '0.5727', 'NDCG@10': '0.3063', 'HIT@20': '0.7399', 'NDCG@20': '0.3488', 'MRR@5': '0.2435', 'MRR@10': '0.2435', 'MRR@20': '0.2435'}
EarlyStopping counter: 1 out of 10
{'epoch': 52, 'rec_avg_loss': '0.6560', 'rec_cur_loss': '0.6612'}
{'Epoch': 52, 'HIT@5': '0.3912', 'NDCG@5': '0.2484', 'HIT@10': '0.5700', 'NDCG@10': '0.3063', 'HIT@20': '0.7401', 'NDCG@20': '0.3494', 'MRR@5': '0.2444', 'MRR@10': '0.2444', 'MRR@20': '0.2444'}
Validation score increased.  Saving model ...
{'epoch': 53, 'rec_avg_loss': '0.6536', 'rec_cur_loss': '0.6643'}
{'Epoch': 53, 'HIT@5': '0.3954', 'NDCG@5': '0.2510', 'HIT@10': '0.5738', 'NDCG@10': '0.3087', 'HIT@20': '0.7424', 'NDCG@20': '0.3515', 'MRR@5': '0.2462', 'MRR@10': '0.2462', 'MRR@20': '0.2462'}
Validation score increased.  Saving model ...
{'epoch': 54, 'rec_avg_loss': '0.6520', 'rec_cur_loss': '0.6249'}
{'Epoch': 54, 'HIT@5': '0.3884', 'NDCG@5': '0.2462', 'HIT@10': '0.5712', 'NDCG@10': '0.3055', 'HIT@20': '0.7421', 'NDCG@20': '0.3490', 'MRR@5': '0.2431', 'MRR@10': '0.2431', 'MRR@20': '0.2431'}
EarlyStopping counter: 1 out of 10
{'epoch': 55, 'rec_avg_loss': '0.6554', 'rec_cur_loss': '0.6647'}
{'Epoch': 55, 'HIT@5': '0.3957', 'NDCG@5': '0.2515', 'HIT@10': '0.5767', 'NDCG@10': '0.3100', 'HIT@20': '0.7435', 'NDCG@20': '0.3524', 'MRR@5': '0.2469', 'MRR@10': '0.2469', 'MRR@20': '0.2469'}
Validation score increased.  Saving model ...
{'epoch': 56, 'rec_avg_loss': '0.6534', 'rec_cur_loss': '0.6633'}
{'Epoch': 56, 'HIT@5': '0.3939', 'NDCG@5': '0.2510', 'HIT@10': '0.5755', 'NDCG@10': '0.3100', 'HIT@20': '0.7442', 'NDCG@20': '0.3529', 'MRR@5': '0.2473', 'MRR@10': '0.2473', 'MRR@20': '0.2473'}
Validation score increased.  Saving model ...
{'epoch': 57, 'rec_avg_loss': '0.6536', 'rec_cur_loss': '0.6435'}
{'Epoch': 57, 'HIT@5': '0.3945', 'NDCG@5': '0.2518', 'HIT@10': '0.5820', 'NDCG@10': '0.3125', 'HIT@20': '0.7439', 'NDCG@20': '0.3535', 'MRR@5': '0.2482', 'MRR@10': '0.2482', 'MRR@20': '0.2482'}
Validation score increased.  Saving model ...
{'epoch': 58, 'rec_avg_loss': '0.6529', 'rec_cur_loss': '0.6293'}
{'Epoch': 58, 'HIT@5': '0.3998', 'NDCG@5': '0.2537', 'HIT@10': '0.5818', 'NDCG@10': '0.3125', 'HIT@20': '0.7444', 'NDCG@20': '0.3538', 'MRR@5': '0.2483', 'MRR@10': '0.2483', 'MRR@20': '0.2483'}
Validation score increased.  Saving model ...
{'epoch': 59, 'rec_avg_loss': '0.6519', 'rec_cur_loss': '0.6463'}
{'Epoch': 59, 'HIT@5': '0.4008', 'NDCG@5': '0.2548', 'HIT@10': '0.5836', 'NDCG@10': '0.3140', 'HIT@20': '0.7442', 'NDCG@20': '0.3547', 'MRR@5': '0.2495', 'MRR@10': '0.2495', 'MRR@20': '0.2495'}
Validation score increased.  Saving model ...
{'epoch': 60, 'rec_avg_loss': '0.6497', 'rec_cur_loss': '0.6727'}
{'Epoch': 60, 'HIT@5': '0.4005', 'NDCG@5': '0.2539', 'HIT@10': '0.5818', 'NDCG@10': '0.3125', 'HIT@20': '0.7434', 'NDCG@20': '0.3536', 'MRR@5': '0.2483', 'MRR@10': '0.2483', 'MRR@20': '0.2483'}
EarlyStopping counter: 1 out of 10
{'epoch': 61, 'rec_avg_loss': '0.6481', 'rec_cur_loss': '0.6298'}
{'Epoch': 61, 'HIT@5': '0.3975', 'NDCG@5': '0.2527', 'HIT@10': '0.5773', 'NDCG@10': '0.3111', 'HIT@20': '0.7449', 'NDCG@20': '0.3537', 'MRR@5': '0.2481', 'MRR@10': '0.2481', 'MRR@20': '0.2481'}
EarlyStopping counter: 2 out of 10
{'epoch': 62, 'rec_avg_loss': '0.6488', 'rec_cur_loss': '0.6394'}
{'Epoch': 62, 'HIT@5': '0.3977', 'NDCG@5': '0.2525', 'HIT@10': '0.5785', 'NDCG@10': '0.3111', 'HIT@20': '0.7434', 'NDCG@20': '0.3530', 'MRR@5': '0.2477', 'MRR@10': '0.2477', 'MRR@20': '0.2477'}
EarlyStopping counter: 3 out of 10
{'epoch': 63, 'rec_avg_loss': '0.6492', 'rec_cur_loss': '0.6677'}
{'Epoch': 63, 'HIT@5': '0.4026', 'NDCG@5': '0.2556', 'HIT@10': '0.5823', 'NDCG@10': '0.3138', 'HIT@20': '0.7454', 'NDCG@20': '0.3553', 'MRR@5': '0.2498', 'MRR@10': '0.2498', 'MRR@20': '0.2498'}
Validation score increased.  Saving model ...
{'epoch': 64, 'rec_avg_loss': '0.6498', 'rec_cur_loss': '0.6414'}
{'Epoch': 64, 'HIT@5': '0.4010', 'NDCG@5': '0.2545', 'HIT@10': '0.5800', 'NDCG@10': '0.3124', 'HIT@20': '0.7450', 'NDCG@20': '0.3543', 'MRR@5': '0.2488', 'MRR@10': '0.2488', 'MRR@20': '0.2488'}
EarlyStopping counter: 1 out of 10
{'epoch': 65, 'rec_avg_loss': '0.6482', 'rec_cur_loss': '0.6833'}
{'Epoch': 65, 'HIT@5': '0.4083', 'NDCG@5': '0.2588', 'HIT@10': '0.5833', 'NDCG@10': '0.3153', 'HIT@20': '0.7449', 'NDCG@20': '0.3564', 'MRR@5': '0.2513', 'MRR@10': '0.2513', 'MRR@20': '0.2513'}
Validation score increased.  Saving model ...
{'epoch': 66, 'rec_avg_loss': '0.6493', 'rec_cur_loss': '0.6700'}
{'Epoch': 66, 'HIT@5': '0.4012', 'NDCG@5': '0.2546', 'HIT@10': '0.5805', 'NDCG@10': '0.3126', 'HIT@20': '0.7440', 'NDCG@20': '0.3542', 'MRR@5': '0.2490', 'MRR@10': '0.2490', 'MRR@20': '0.2490'}
EarlyStopping counter: 1 out of 10
{'epoch': 67, 'rec_avg_loss': '0.6455', 'rec_cur_loss': '0.6477'}
{'Epoch': 67, 'HIT@5': '0.4066', 'NDCG@5': '0.2593', 'HIT@10': '0.5829', 'NDCG@10': '0.3165', 'HIT@20': '0.7457', 'NDCG@20': '0.3579', 'MRR@5': '0.2531', 'MRR@10': '0.2531', 'MRR@20': '0.2531'}
Validation score increased.  Saving model ...
{'epoch': 68, 'rec_avg_loss': '0.6452', 'rec_cur_loss': '0.6454'}
{'Epoch': 68, 'HIT@5': '0.4061', 'NDCG@5': '0.2577', 'HIT@10': '0.5856', 'NDCG@10': '0.3157', 'HIT@20': '0.7477', 'NDCG@20': '0.3569', 'MRR@5': '0.2511', 'MRR@10': '0.2511', 'MRR@20': '0.2511'}
EarlyStopping counter: 1 out of 10
{'epoch': 69, 'rec_avg_loss': '0.6479', 'rec_cur_loss': '0.6517'}
{'Epoch': 69, 'HIT@5': '0.4046', 'NDCG@5': '0.2570', 'HIT@10': '0.5821', 'NDCG@10': '0.3143', 'HIT@20': '0.7421', 'NDCG@20': '0.3550', 'MRR@5': '0.2504', 'MRR@10': '0.2504', 'MRR@20': '0.2504'}
EarlyStopping counter: 2 out of 10
{'epoch': 70, 'rec_avg_loss': '0.6445', 'rec_cur_loss': '0.6166'}
{'Epoch': 70, 'HIT@5': '0.4063', 'NDCG@5': '0.2587', 'HIT@10': '0.5856', 'NDCG@10': '0.3167', 'HIT@20': '0.7477', 'NDCG@20': '0.3579', 'MRR@5': '0.2524', 'MRR@10': '0.2524', 'MRR@20': '0.2524'}
EarlyStopping counter: 3 out of 10
{'epoch': 71, 'rec_avg_loss': '0.6438', 'rec_cur_loss': '0.6638'}
{'Epoch': 71, 'HIT@5': '0.4060', 'NDCG@5': '0.2579', 'HIT@10': '0.5863', 'NDCG@10': '0.3161', 'HIT@20': '0.7439', 'NDCG@20': '0.3562', 'MRR@5': '0.2513', 'MRR@10': '0.2513', 'MRR@20': '0.2513'}
EarlyStopping counter: 4 out of 10
{'epoch': 72, 'rec_avg_loss': '0.6457', 'rec_cur_loss': '0.6372'}
{'Epoch': 72, 'HIT@5': '0.4096', 'NDCG@5': '0.2613', 'HIT@10': '0.5902', 'NDCG@10': '0.3195', 'HIT@20': '0.7485', 'NDCG@20': '0.3597', 'MRR@5': '0.2544', 'MRR@10': '0.2544', 'MRR@20': '0.2544'}
Validation score increased.  Saving model ...
{'epoch': 73, 'rec_avg_loss': '0.6446', 'rec_cur_loss': '0.6336'}
{'Epoch': 73, 'HIT@5': '0.4084', 'NDCG@5': '0.2598', 'HIT@10': '0.5874', 'NDCG@10': '0.3176', 'HIT@20': '0.7467', 'NDCG@20': '0.3581', 'MRR@5': '0.2529', 'MRR@10': '0.2529', 'MRR@20': '0.2529'}
EarlyStopping counter: 1 out of 10
{'epoch': 74, 'rec_avg_loss': '0.6434', 'rec_cur_loss': '0.6765'}
{'Epoch': 74, 'HIT@5': '0.4060', 'NDCG@5': '0.2595', 'HIT@10': '0.5897', 'NDCG@10': '0.3188', 'HIT@20': '0.7465', 'NDCG@20': '0.3586', 'MRR@5': '0.2537', 'MRR@10': '0.2537', 'MRR@20': '0.2537'}
EarlyStopping counter: 2 out of 10
{'epoch': 75, 'rec_avg_loss': '0.6432', 'rec_cur_loss': '0.6432'}
{'Epoch': 75, 'HIT@5': '0.4028', 'NDCG@5': '0.2575', 'HIT@10': '0.5854', 'NDCG@10': '0.3165', 'HIT@20': '0.7440', 'NDCG@20': '0.3569', 'MRR@5': '0.2523', 'MRR@10': '0.2523', 'MRR@20': '0.2523'}
EarlyStopping counter: 3 out of 10
{'epoch': 76, 'rec_avg_loss': '0.6395', 'rec_cur_loss': '0.6271'}
{'Epoch': 76, 'HIT@5': '0.4089', 'NDCG@5': '0.2610', 'HIT@10': '0.5874', 'NDCG@10': '0.3185', 'HIT@20': '0.7450', 'NDCG@20': '0.3586', 'MRR@5': '0.2541', 'MRR@10': '0.2541', 'MRR@20': '0.2541'}
EarlyStopping counter: 4 out of 10
{'epoch': 77, 'rec_avg_loss': '0.6410', 'rec_cur_loss': '0.6531'}
{'Epoch': 77, 'HIT@5': '0.4068', 'NDCG@5': '0.2603', 'HIT@10': '0.5912', 'NDCG@10': '0.3197', 'HIT@20': '0.7475', 'NDCG@20': '0.3594', 'MRR@5': '0.2544', 'MRR@10': '0.2544', 'MRR@20': '0.2544'}
EarlyStopping counter: 5 out of 10
{'epoch': 78, 'rec_avg_loss': '0.6399', 'rec_cur_loss': '0.6231'}
{'Epoch': 78, 'HIT@5': '0.4094', 'NDCG@5': '0.2616', 'HIT@10': '0.5922', 'NDCG@10': '0.3208', 'HIT@20': '0.7518', 'NDCG@20': '0.3614', 'MRR@5': '0.2554', 'MRR@10': '0.2554', 'MRR@20': '0.2554'}
Validation score increased.  Saving model ...
{'epoch': 79, 'rec_avg_loss': '0.6416', 'rec_cur_loss': '0.6662'}
{'Epoch': 79, 'HIT@5': '0.4038', 'NDCG@5': '0.2570', 'HIT@10': '0.5866', 'NDCG@10': '0.3161', 'HIT@20': '0.7492', 'NDCG@20': '0.3573', 'MRR@5': '0.2513', 'MRR@10': '0.2513', 'MRR@20': '0.2513'}
EarlyStopping counter: 1 out of 10
{'epoch': 80, 'rec_avg_loss': '0.6393', 'rec_cur_loss': '0.6568'}
{'Epoch': 80, 'HIT@5': '0.4078', 'NDCG@5': '0.2613', 'HIT@10': '0.5906', 'NDCG@10': '0.3203', 'HIT@20': '0.7467', 'NDCG@20': '0.3600', 'MRR@5': '0.2554', 'MRR@10': '0.2554', 'MRR@20': '0.2554'}
EarlyStopping counter: 2 out of 10
{'epoch': 81, 'rec_avg_loss': '0.6392', 'rec_cur_loss': '0.6428'}
{'Epoch': 81, 'HIT@5': '0.4113', 'NDCG@5': '0.2624', 'HIT@10': '0.5911', 'NDCG@10': '0.3205', 'HIT@20': '0.7498', 'NDCG@20': '0.3608', 'MRR@5': '0.2555', 'MRR@10': '0.2555', 'MRR@20': '0.2555'}
Validation score increased.  Saving model ...
{'epoch': 82, 'rec_avg_loss': '0.6381', 'rec_cur_loss': '0.6526'}
{'Epoch': 82, 'HIT@5': '0.4073', 'NDCG@5': '0.2602', 'HIT@10': '0.5916', 'NDCG@10': '0.3197', 'HIT@20': '0.7482', 'NDCG@20': '0.3594', 'MRR@5': '0.2542', 'MRR@10': '0.2542', 'MRR@20': '0.2542'}
EarlyStopping counter: 1 out of 10
{'epoch': 83, 'rec_avg_loss': '0.6387', 'rec_cur_loss': '0.6262'}
{'Epoch': 83, 'HIT@5': '0.4063', 'NDCG@5': '0.2595', 'HIT@10': '0.5896', 'NDCG@10': '0.3187', 'HIT@20': '0.7477', 'NDCG@20': '0.3588', 'MRR@5': '0.2537', 'MRR@10': '0.2537', 'MRR@20': '0.2537'}
EarlyStopping counter: 2 out of 10
{'epoch': 84, 'rec_avg_loss': '0.6391', 'rec_cur_loss': '0.6008'}
{'Epoch': 84, 'HIT@5': '0.4116', 'NDCG@5': '0.2630', 'HIT@10': '0.5927', 'NDCG@10': '0.3215', 'HIT@20': '0.7505', 'NDCG@20': '0.3615', 'MRR@5': '0.2561', 'MRR@10': '0.2561', 'MRR@20': '0.2561'}
Validation score increased.  Saving model ...
{'epoch': 85, 'rec_avg_loss': '0.6375', 'rec_cur_loss': '0.6498'}
{'Epoch': 85, 'HIT@5': '0.4121', 'NDCG@5': '0.2639', 'HIT@10': '0.5960', 'NDCG@10': '0.3234', 'HIT@20': '0.7525', 'NDCG@20': '0.3630', 'MRR@5': '0.2574', 'MRR@10': '0.2574', 'MRR@20': '0.2574'}
Validation score increased.  Saving model ...
{'epoch': 86, 'rec_avg_loss': '0.6369', 'rec_cur_loss': '0.6556'}
{'Epoch': 86, 'HIT@5': '0.4118', 'NDCG@5': '0.2640', 'HIT@10': '0.5945', 'NDCG@10': '0.3232', 'HIT@20': '0.7528', 'NDCG@20': '0.3634', 'MRR@5': '0.2578', 'MRR@10': '0.2578', 'MRR@20': '0.2578'}
Validation score increased.  Saving model ...
{'epoch': 87, 'rec_avg_loss': '0.6367', 'rec_cur_loss': '0.6617'}
{'Epoch': 87, 'HIT@5': '0.4141', 'NDCG@5': '0.2662', 'HIT@10': '0.5957', 'NDCG@10': '0.3249', 'HIT@20': '0.7515', 'NDCG@20': '0.3645', 'MRR@5': '0.2596', 'MRR@10': '0.2596', 'MRR@20': '0.2596'}
Validation score increased.  Saving model ...
{'epoch': 88, 'rec_avg_loss': '0.6349', 'rec_cur_loss': '0.6332'}
{'Epoch': 88, 'HIT@5': '0.4129', 'NDCG@5': '0.2649', 'HIT@10': '0.5927', 'NDCG@10': '0.3231', 'HIT@20': '0.7510', 'NDCG@20': '0.3633', 'MRR@5': '0.2582', 'MRR@10': '0.2582', 'MRR@20': '0.2582'}
EarlyStopping counter: 1 out of 10
{'epoch': 89, 'rec_avg_loss': '0.6345', 'rec_cur_loss': '0.6376'}
{'Epoch': 89, 'HIT@5': '0.4081', 'NDCG@5': '0.2615', 'HIT@10': '0.5942', 'NDCG@10': '0.3218', 'HIT@20': '0.7525', 'NDCG@20': '0.3619', 'MRR@5': '0.2561', 'MRR@10': '0.2561', 'MRR@20': '0.2561'}
EarlyStopping counter: 2 out of 10
{'epoch': 90, 'rec_avg_loss': '0.6375', 'rec_cur_loss': '0.6475'}
{'Epoch': 90, 'HIT@5': '0.4119', 'NDCG@5': '0.2646', 'HIT@10': '0.5975', 'NDCG@10': '0.3246', 'HIT@20': '0.7478', 'NDCG@20': '0.3628', 'MRR@5': '0.2584', 'MRR@10': '0.2584', 'MRR@20': '0.2584'}
EarlyStopping counter: 3 out of 10
{'epoch': 91, 'rec_avg_loss': '0.6370', 'rec_cur_loss': '0.6578'}
{'Epoch': 91, 'HIT@5': '0.4091', 'NDCG@5': '0.2615', 'HIT@10': '0.5940', 'NDCG@10': '0.3212', 'HIT@20': '0.7493', 'NDCG@20': '0.3607', 'MRR@5': '0.2554', 'MRR@10': '0.2554', 'MRR@20': '0.2554'}
EarlyStopping counter: 4 out of 10
{'epoch': 92, 'rec_avg_loss': '0.6343', 'rec_cur_loss': '0.6187'}
{'Epoch': 92, 'HIT@5': '0.4167', 'NDCG@5': '0.2662', 'HIT@10': '0.5969', 'NDCG@10': '0.3243', 'HIT@20': '0.7525', 'NDCG@20': '0.3637', 'MRR@5': '0.2582', 'MRR@10': '0.2582', 'MRR@20': '0.2582'}
EarlyStopping counter: 5 out of 10
{'epoch': 93, 'rec_avg_loss': '0.6363', 'rec_cur_loss': '0.6347'}
{'Epoch': 93, 'HIT@5': '0.4184', 'NDCG@5': '0.2674', 'HIT@10': '0.6007', 'NDCG@10': '0.3263', 'HIT@20': '0.7545', 'NDCG@20': '0.3653', 'MRR@5': '0.2594', 'MRR@10': '0.2594', 'MRR@20': '0.2594'}
EarlyStopping counter: 6 out of 10
{'epoch': 94, 'rec_avg_loss': '0.6324', 'rec_cur_loss': '0.6422'}
{'Epoch': 94, 'HIT@5': '0.4146', 'NDCG@5': '0.2651', 'HIT@10': '0.5982', 'NDCG@10': '0.3244', 'HIT@20': '0.7525', 'NDCG@20': '0.3636', 'MRR@5': '0.2580', 'MRR@10': '0.2580', 'MRR@20': '0.2580'}
EarlyStopping counter: 7 out of 10
{'epoch': 95, 'rec_avg_loss': '0.6386', 'rec_cur_loss': '0.6564'}
{'Epoch': 95, 'HIT@5': '0.4111', 'NDCG@5': '0.2642', 'HIT@10': '0.5993', 'NDCG@10': '0.3252', 'HIT@20': '0.7526', 'NDCG@20': '0.3640', 'MRR@5': '0.2585', 'MRR@10': '0.2585', 'MRR@20': '0.2585'}
EarlyStopping counter: 8 out of 10
{'epoch': 96, 'rec_avg_loss': '0.6334', 'rec_cur_loss': '0.6161'}
{'Epoch': 96, 'HIT@5': '0.4139', 'NDCG@5': '0.2663', 'HIT@10': '0.5964', 'NDCG@10': '0.3254', 'HIT@20': '0.7493', 'NDCG@20': '0.3643', 'MRR@5': '0.2599', 'MRR@10': '0.2599', 'MRR@20': '0.2599'}
Validation score increased.  Saving model ...
{'epoch': 97, 'rec_avg_loss': '0.6326', 'rec_cur_loss': '0.6393'}
{'Epoch': 97, 'HIT@5': '0.4129', 'NDCG@5': '0.2652', 'HIT@10': '0.5977', 'NDCG@10': '0.3250', 'HIT@20': '0.7518', 'NDCG@20': '0.3641', 'MRR@5': '0.2588', 'MRR@10': '0.2588', 'MRR@20': '0.2588'}
EarlyStopping counter: 1 out of 10
{'epoch': 98, 'rec_avg_loss': '0.6324', 'rec_cur_loss': '0.6328'}
{'Epoch': 98, 'HIT@5': '0.4161', 'NDCG@5': '0.2674', 'HIT@10': '0.5982', 'NDCG@10': '0.3263', 'HIT@20': '0.7522', 'NDCG@20': '0.3655', 'MRR@5': '0.2604', 'MRR@10': '0.2604', 'MRR@20': '0.2604'}
Validation score increased.  Saving model ...
{'epoch': 99, 'rec_avg_loss': '0.6327', 'rec_cur_loss': '0.6254'}
{'Epoch': 99, 'HIT@5': '0.4161', 'NDCG@5': '0.2672', 'HIT@10': '0.6005', 'NDCG@10': '0.3269', 'HIT@20': '0.7515', 'NDCG@20': '0.3653', 'MRR@5': '0.2603', 'MRR@10': '0.2603', 'MRR@20': '0.2603'}
EarlyStopping counter: 1 out of 10
{'epoch': 100, 'rec_avg_loss': '0.6314', 'rec_cur_loss': '0.6370'}
{'Epoch': 100, 'HIT@5': '0.4127', 'NDCG@5': '0.2654', 'HIT@10': '0.5998', 'NDCG@10': '0.3259', 'HIT@20': '0.7503', 'NDCG@20': '0.3642', 'MRR@5': '0.2593', 'MRR@10': '0.2593', 'MRR@20': '0.2593'}
EarlyStopping counter: 2 out of 10
{'epoch': 101, 'rec_avg_loss': '0.6307', 'rec_cur_loss': '0.6320'}
{'Epoch': 101, 'HIT@5': '0.4194', 'NDCG@5': '0.2694', 'HIT@10': '0.5980', 'NDCG@10': '0.3271', 'HIT@20': '0.7507', 'NDCG@20': '0.3659', 'MRR@5': '0.2614', 'MRR@10': '0.2614', 'MRR@20': '0.2614'}
Validation score increased.  Saving model ...
{'epoch': 102, 'rec_avg_loss': '0.6284', 'rec_cur_loss': '0.5884'}
{'Epoch': 102, 'HIT@5': '0.4131', 'NDCG@5': '0.2661', 'HIT@10': '0.5982', 'NDCG@10': '0.3259', 'HIT@20': '0.7512', 'NDCG@20': '0.3648', 'MRR@5': '0.2600', 'MRR@10': '0.2600', 'MRR@20': '0.2600'}
EarlyStopping counter: 1 out of 10
{'epoch': 103, 'rec_avg_loss': '0.6300', 'rec_cur_loss': '0.6245'}
{'Epoch': 103, 'HIT@5': '0.4179', 'NDCG@5': '0.2695', 'HIT@10': '0.6017', 'NDCG@10': '0.3289', 'HIT@20': '0.7535', 'NDCG@20': '0.3674', 'MRR@5': '0.2626', 'MRR@10': '0.2626', 'MRR@20': '0.2626'}
Validation score increased.  Saving model ...
{'epoch': 104, 'rec_avg_loss': '0.6292', 'rec_cur_loss': '0.6346'}
{'Epoch': 104, 'HIT@5': '0.4152', 'NDCG@5': '0.2675', 'HIT@10': '0.5970', 'NDCG@10': '0.3264', 'HIT@20': '0.7512', 'NDCG@20': '0.3655', 'MRR@5': '0.2609', 'MRR@10': '0.2609', 'MRR@20': '0.2609'}
EarlyStopping counter: 1 out of 10
{'epoch': 105, 'rec_avg_loss': '0.6301', 'rec_cur_loss': '0.6429'}
{'Epoch': 105, 'HIT@5': '0.4161', 'NDCG@5': '0.2686', 'HIT@10': '0.5980', 'NDCG@10': '0.3274', 'HIT@20': '0.7505', 'NDCG@20': '0.3661', 'MRR@5': '0.2619', 'MRR@10': '0.2619', 'MRR@20': '0.2619'}
EarlyStopping counter: 2 out of 10
{'epoch': 106, 'rec_avg_loss': '0.6286', 'rec_cur_loss': '0.6153'}
{'Epoch': 106, 'HIT@5': '0.4187', 'NDCG@5': '0.2714', 'HIT@10': '0.6007', 'NDCG@10': '0.3302', 'HIT@20': '0.7513', 'NDCG@20': '0.3685', 'MRR@5': '0.2647', 'MRR@10': '0.2647', 'MRR@20': '0.2647'}
Validation score increased.  Saving model ...
{'epoch': 107, 'rec_avg_loss': '0.6269', 'rec_cur_loss': '0.6378'}
{'Epoch': 107, 'HIT@5': '0.4205', 'NDCG@5': '0.2717', 'HIT@10': '0.5997', 'NDCG@10': '0.3297', 'HIT@20': '0.7508', 'NDCG@20': '0.3681', 'MRR@5': '0.2642', 'MRR@10': '0.2642', 'MRR@20': '0.2642'}
EarlyStopping counter: 1 out of 10
{'epoch': 108, 'rec_avg_loss': '0.6273', 'rec_cur_loss': '0.6375'}
{'Epoch': 108, 'HIT@5': '0.4233', 'NDCG@5': '0.2723', 'HIT@10': '0.6041', 'NDCG@10': '0.3308', 'HIT@20': '0.7538', 'NDCG@20': '0.3687', 'MRR@5': '0.2640', 'MRR@10': '0.2640', 'MRR@20': '0.2640'}
EarlyStopping counter: 2 out of 10
{'epoch': 109, 'rec_avg_loss': '0.6279', 'rec_cur_loss': '0.6069'}
{'Epoch': 109, 'HIT@5': '0.4171', 'NDCG@5': '0.2686', 'HIT@10': '0.6020', 'NDCG@10': '0.3283', 'HIT@20': '0.7525', 'NDCG@20': '0.3664', 'MRR@5': '0.2617', 'MRR@10': '0.2617', 'MRR@20': '0.2617'}
EarlyStopping counter: 3 out of 10
{'epoch': 110, 'rec_avg_loss': '0.6281', 'rec_cur_loss': '0.6077'}
{'Epoch': 110, 'HIT@5': '0.4187', 'NDCG@5': '0.2703', 'HIT@10': '0.5998', 'NDCG@10': '0.3288', 'HIT@20': '0.7526', 'NDCG@20': '0.3676', 'MRR@5': '0.2631', 'MRR@10': '0.2631', 'MRR@20': '0.2631'}
EarlyStopping counter: 4 out of 10
{'epoch': 111, 'rec_avg_loss': '0.6287', 'rec_cur_loss': '0.6370'}
{'Epoch': 111, 'HIT@5': '0.4204', 'NDCG@5': '0.2711', 'HIT@10': '0.6020', 'NDCG@10': '0.3298', 'HIT@20': '0.7523', 'NDCG@20': '0.3680', 'MRR@5': '0.2637', 'MRR@10': '0.2637', 'MRR@20': '0.2637'}
EarlyStopping counter: 5 out of 10
{'epoch': 112, 'rec_avg_loss': '0.6263', 'rec_cur_loss': '0.6221'}
{'Epoch': 112, 'HIT@5': '0.4192', 'NDCG@5': '0.2708', 'HIT@10': '0.5997', 'NDCG@10': '0.3292', 'HIT@20': '0.7548', 'NDCG@20': '0.3686', 'MRR@5': '0.2637', 'MRR@10': '0.2637', 'MRR@20': '0.2637'}
EarlyStopping counter: 6 out of 10
{'epoch': 113, 'rec_avg_loss': '0.6276', 'rec_cur_loss': '0.6177'}
{'Epoch': 113, 'HIT@5': '0.4227', 'NDCG@5': '0.2725', 'HIT@10': '0.6031', 'NDCG@10': '0.3308', 'HIT@20': '0.7553', 'NDCG@20': '0.3694', 'MRR@5': '0.2645', 'MRR@10': '0.2645', 'MRR@20': '0.2645'}
EarlyStopping counter: 7 out of 10
{'epoch': 114, 'rec_avg_loss': '0.6268', 'rec_cur_loss': '0.6525'}
{'Epoch': 114, 'HIT@5': '0.4157', 'NDCG@5': '0.2701', 'HIT@10': '0.5995', 'NDCG@10': '0.3297', 'HIT@20': '0.7525', 'NDCG@20': '0.3686', 'MRR@5': '0.2645', 'MRR@10': '0.2645', 'MRR@20': '0.2645'}
EarlyStopping counter: 8 out of 10
{'epoch': 115, 'rec_avg_loss': '0.6281', 'rec_cur_loss': '0.6458'}
{'Epoch': 115, 'HIT@5': '0.4235', 'NDCG@5': '0.2733', 'HIT@10': '0.6013', 'NDCG@10': '0.3307', 'HIT@20': '0.7538', 'NDCG@20': '0.3695', 'MRR@5': '0.2651', 'MRR@10': '0.2651', 'MRR@20': '0.2651'}
Validation score increased.  Saving model ...
{'epoch': 116, 'rec_avg_loss': '0.6229', 'rec_cur_loss': '0.6174'}
{'Epoch': 116, 'HIT@5': '0.4219', 'NDCG@5': '0.2732', 'HIT@10': '0.6038', 'NDCG@10': '0.3319', 'HIT@20': '0.7528', 'NDCG@20': '0.3697', 'MRR@5': '0.2657', 'MRR@10': '0.2657', 'MRR@20': '0.2657'}
Validation score increased.  Saving model ...
{'epoch': 117, 'rec_avg_loss': '0.6263', 'rec_cur_loss': '0.6161'}
{'Epoch': 117, 'HIT@5': '0.4219', 'NDCG@5': '0.2734', 'HIT@10': '0.6040', 'NDCG@10': '0.3322', 'HIT@20': '0.7533', 'NDCG@20': '0.3701', 'MRR@5': '0.2661', 'MRR@10': '0.2661', 'MRR@20': '0.2661'}
Validation score increased.  Saving model ...
{'epoch': 118, 'rec_avg_loss': '0.6258', 'rec_cur_loss': '0.6480'}
{'Epoch': 118, 'HIT@5': '0.4262', 'NDCG@5': '0.2759', 'HIT@10': '0.6043', 'NDCG@10': '0.3334', 'HIT@20': '0.7570', 'NDCG@20': '0.3722', 'MRR@5': '0.2675', 'MRR@10': '0.2675', 'MRR@20': '0.2675'}
Validation score increased.  Saving model ...
{'epoch': 119, 'rec_avg_loss': '0.6232', 'rec_cur_loss': '0.6546'}
{'Epoch': 119, 'HIT@5': '0.4215', 'NDCG@5': '0.2715', 'HIT@10': '0.6038', 'NDCG@10': '0.3303', 'HIT@20': '0.7548', 'NDCG@20': '0.3686', 'MRR@5': '0.2636', 'MRR@10': '0.2636', 'MRR@20': '0.2636'}
EarlyStopping counter: 1 out of 10
{'epoch': 120, 'rec_avg_loss': '0.6251', 'rec_cur_loss': '0.6320'}
{'Epoch': 120, 'HIT@5': '0.4224', 'NDCG@5': '0.2731', 'HIT@10': '0.6015', 'NDCG@10': '0.3310', 'HIT@20': '0.7540', 'NDCG@20': '0.3697', 'MRR@5': '0.2654', 'MRR@10': '0.2654', 'MRR@20': '0.2654'}
EarlyStopping counter: 2 out of 10
{'epoch': 121, 'rec_avg_loss': '0.6256', 'rec_cur_loss': '0.6391'}
{'Epoch': 121, 'HIT@5': '0.4268', 'NDCG@5': '0.2775', 'HIT@10': '0.6061', 'NDCG@10': '0.3354', 'HIT@20': '0.7561', 'NDCG@20': '0.3735', 'MRR@5': '0.2694', 'MRR@10': '0.2694', 'MRR@20': '0.2694'}
Validation score increased.  Saving model ...
{'epoch': 122, 'rec_avg_loss': '0.6222', 'rec_cur_loss': '0.6063'}
{'Epoch': 122, 'HIT@5': '0.4243', 'NDCG@5': '0.2741', 'HIT@10': '0.6022', 'NDCG@10': '0.3315', 'HIT@20': '0.7518', 'NDCG@20': '0.3696', 'MRR@5': '0.2658', 'MRR@10': '0.2658', 'MRR@20': '0.2658'}
EarlyStopping counter: 1 out of 10
{'epoch': 123, 'rec_avg_loss': '0.6238', 'rec_cur_loss': '0.6454'}
{'Epoch': 123, 'HIT@5': '0.4245', 'NDCG@5': '0.2745', 'HIT@10': '0.6060', 'NDCG@10': '0.3332', 'HIT@20': '0.7543', 'NDCG@20': '0.3709', 'MRR@5': '0.2665', 'MRR@10': '0.2665', 'MRR@20': '0.2665'}
EarlyStopping counter: 2 out of 10
{'epoch': 124, 'rec_avg_loss': '0.6237', 'rec_cur_loss': '0.6579'}
{'Epoch': 124, 'HIT@5': '0.4248', 'NDCG@5': '0.2747', 'HIT@10': '0.6036', 'NDCG@10': '0.3325', 'HIT@20': '0.7541', 'NDCG@20': '0.3708', 'MRR@5': '0.2665', 'MRR@10': '0.2665', 'MRR@20': '0.2665'}
EarlyStopping counter: 3 out of 10
{'epoch': 125, 'rec_avg_loss': '0.6239', 'rec_cur_loss': '0.6374'}
{'Epoch': 125, 'HIT@5': '0.4276', 'NDCG@5': '0.2763', 'HIT@10': '0.6066', 'NDCG@10': '0.3341', 'HIT@20': '0.7550', 'NDCG@20': '0.3717', 'MRR@5': '0.2674', 'MRR@10': '0.2674', 'MRR@20': '0.2674'}
EarlyStopping counter: 4 out of 10
{'epoch': 126, 'rec_avg_loss': '0.6221', 'rec_cur_loss': '0.6124'}
{'Epoch': 126, 'HIT@5': '0.4260', 'NDCG@5': '0.2758', 'HIT@10': '0.6061', 'NDCG@10': '0.3339', 'HIT@20': '0.7543', 'NDCG@20': '0.3715', 'MRR@5': '0.2674', 'MRR@10': '0.2674', 'MRR@20': '0.2674'}
EarlyStopping counter: 5 out of 10
{'epoch': 127, 'rec_avg_loss': '0.6217', 'rec_cur_loss': '0.5990'}
{'Epoch': 127, 'HIT@5': '0.4238', 'NDCG@5': '0.2731', 'HIT@10': '0.6026', 'NDCG@10': '0.3308', 'HIT@20': '0.7550', 'NDCG@20': '0.3696', 'MRR@5': '0.2647', 'MRR@10': '0.2647', 'MRR@20': '0.2647'}
EarlyStopping counter: 6 out of 10
{'epoch': 128, 'rec_avg_loss': '0.6204', 'rec_cur_loss': '0.5932'}
{'Epoch': 128, 'HIT@5': '0.4263', 'NDCG@5': '0.2753', 'HIT@10': '0.6061', 'NDCG@10': '0.3333', 'HIT@20': '0.7556', 'NDCG@20': '0.3713', 'MRR@5': '0.2666', 'MRR@10': '0.2666', 'MRR@20': '0.2666'}
EarlyStopping counter: 7 out of 10
{'epoch': 129, 'rec_avg_loss': '0.6207', 'rec_cur_loss': '0.6254'}
{'Epoch': 129, 'HIT@5': '0.4275', 'NDCG@5': '0.2769', 'HIT@10': '0.6075', 'NDCG@10': '0.3351', 'HIT@20': '0.7553', 'NDCG@20': '0.3727', 'MRR@5': '0.2684', 'MRR@10': '0.2684', 'MRR@20': '0.2684'}
EarlyStopping counter: 8 out of 10
{'epoch': 130, 'rec_avg_loss': '0.6224', 'rec_cur_loss': '0.6287'}
{'Epoch': 130, 'HIT@5': '0.4235', 'NDCG@5': '0.2738', 'HIT@10': '0.6025', 'NDCG@10': '0.3316', 'HIT@20': '0.7543', 'NDCG@20': '0.3701', 'MRR@5': '0.2658', 'MRR@10': '0.2658', 'MRR@20': '0.2658'}
EarlyStopping counter: 9 out of 10
{'epoch': 131, 'rec_avg_loss': '0.6220', 'rec_cur_loss': '0.5995'}
{'Epoch': 131, 'HIT@5': '0.4268', 'NDCG@5': '0.2770', 'HIT@10': '0.6070', 'NDCG@10': '0.3352', 'HIT@20': '0.7538', 'NDCG@20': '0.3725', 'MRR@5': '0.2687', 'MRR@10': '0.2687', 'MRR@20': '0.2687'}
EarlyStopping counter: 10 out of 10
Early stopping
---------------Sample 99 results-------------------
{'Epoch': 0, 'HIT@5': '0.3914', 'NDCG@5': '0.2540', 'HIT@10': '0.5684', 'NDCG@10': '0.3110', 'HIT@20': '0.7286', 'NDCG@20': '0.3519', 'MRR@5': '0.2508', 'MRR@10': '0.2508', 'MRR@20': '0.2508'}
Finetune_sample-ml-1m-170
{'Epoch': 0, 'HIT@5': '0.3914', 'NDCG@5': '0.2540', 'HIT@10': '0.5684', 'NDCG@10': '0.3110', 'HIT@20': '0.7286', 'NDCG@20': '0.3519', 'MRR@5': '0.2508', 'MRR@10': '0.2508', 'MRR@20': '0.2508'}
