Namespace(adam_beta1=0.9, adam_beta2=0.999, attention_probs_dropout_prob=0.5, batch_size=256, ckp=100, cuda_condition=True, data_dir='./data/', data_file='./data/ml-1m.txt', data_name='ml-1m', do_eval=False, epochs=200, gpu_id='0', hidden_act='gelu', hidden_dropout_prob=0.5, hidden_size=64, initializer_range=0.02, item_size=3418, log_file='output/Finetune_sample-ml-1m-100.txt', log_freq=1, lr=0.001, mask_id=3417, max_seq_length=50, model_name='Finetune_sample', no_cuda=False, num_attention_heads=2, num_hidden_layers=2, output_dir='output/', sample_file='./data/ml-1m_sample.txt', seed=42, weight_decay=0.0)
Total Parameters: 338688
Load Checkpoint From output/ml-1m-epochs-100.pt!
{'epoch': 0, 'rec_avg_loss': '1.1735', 'rec_cur_loss': '1.0407'}
{'Epoch': 0, 'HIT@5': '0.1111', 'NDCG@5': '0.0663', 'HIT@10': '0.2114', 'NDCG@10': '0.0983', 'HIT@20': '0.3796', 'NDCG@20': '0.1404', 'MRR@5': '0.0908', 'MRR@10': '0.0908', 'MRR@20': '0.0908'}
Validation score increased.  Saving model ...
{'epoch': 1, 'rec_avg_loss': '0.9752', 'rec_cur_loss': '0.9167'}
{'Epoch': 1, 'HIT@5': '0.1416', 'NDCG@5': '0.0845', 'HIT@10': '0.2651', 'NDCG@10': '0.1240', 'HIT@20': '0.4535', 'NDCG@20': '0.1713', 'MRR@5': '0.1086', 'MRR@10': '0.1086', 'MRR@20': '0.1086'}
Validation score increased.  Saving model ...
{'epoch': 2, 'rec_avg_loss': '0.9027', 'rec_cur_loss': '0.9246'}
{'Epoch': 2, 'HIT@5': '0.1730', 'NDCG@5': '0.1027', 'HIT@10': '0.3040', 'NDCG@10': '0.1447', 'HIT@20': '0.5017', 'NDCG@20': '0.1944', 'MRR@5': '0.1234', 'MRR@10': '0.1234', 'MRR@20': '0.1234'}
Validation score increased.  Saving model ...
{'epoch': 3, 'rec_avg_loss': '0.8606', 'rec_cur_loss': '0.8438'}
{'Epoch': 3, 'HIT@5': '0.1962', 'NDCG@5': '0.1159', 'HIT@10': '0.3376', 'NDCG@10': '0.1613', 'HIT@20': '0.5397', 'NDCG@20': '0.2121', 'MRR@5': '0.1343', 'MRR@10': '0.1343', 'MRR@20': '0.1343'}
Validation score increased.  Saving model ...
{'epoch': 4, 'rec_avg_loss': '0.8344', 'rec_cur_loss': '0.8054'}
{'Epoch': 4, 'HIT@5': '0.2108', 'NDCG@5': '0.1269', 'HIT@10': '0.3611', 'NDCG@10': '0.1752', 'HIT@20': '0.5662', 'NDCG@20': '0.2269', 'MRR@5': '0.1451', 'MRR@10': '0.1451', 'MRR@20': '0.1451'}
Validation score increased.  Saving model ...
{'epoch': 5, 'rec_avg_loss': '0.8110', 'rec_cur_loss': '0.8026'}
{'Epoch': 5, 'HIT@5': '0.2258', 'NDCG@5': '0.1363', 'HIT@10': '0.3818', 'NDCG@10': '0.1864', 'HIT@20': '0.5924', 'NDCG@20': '0.2395', 'MRR@5': '0.1531', 'MRR@10': '0.1531', 'MRR@20': '0.1531'}
Validation score increased.  Saving model ...
{'epoch': 6, 'rec_avg_loss': '0.7964', 'rec_cur_loss': '0.8018'}
{'Epoch': 6, 'HIT@5': '0.2379', 'NDCG@5': '0.1449', 'HIT@10': '0.3990', 'NDCG@10': '0.1967', 'HIT@20': '0.6099', 'NDCG@20': '0.2499', 'MRR@5': '0.1608', 'MRR@10': '0.1608', 'MRR@20': '0.1608'}
Validation score increased.  Saving model ...
{'epoch': 7, 'rec_avg_loss': '0.7860', 'rec_cur_loss': '0.7772'}
{'Epoch': 7, 'HIT@5': '0.2475', 'NDCG@5': '0.1517', 'HIT@10': '0.4131', 'NDCG@10': '0.2048', 'HIT@20': '0.6192', 'NDCG@20': '0.2567', 'MRR@5': '0.1666', 'MRR@10': '0.1666', 'MRR@20': '0.1666'}
Validation score increased.  Saving model ...
{'epoch': 8, 'rec_avg_loss': '0.7776', 'rec_cur_loss': '0.7786'}
{'Epoch': 8, 'HIT@5': '0.2492', 'NDCG@5': '0.1527', 'HIT@10': '0.4156', 'NDCG@10': '0.2062', 'HIT@20': '0.6272', 'NDCG@20': '0.2596', 'MRR@5': '0.1679', 'MRR@10': '0.1679', 'MRR@20': '0.1679'}
Validation score increased.  Saving model ...
{'epoch': 9, 'rec_avg_loss': '0.7679', 'rec_cur_loss': '0.7520'}
{'Epoch': 9, 'HIT@5': '0.2662', 'NDCG@5': '0.1633', 'HIT@10': '0.4349', 'NDCG@10': '0.2175', 'HIT@20': '0.6444', 'NDCG@20': '0.2704', 'MRR@5': '0.1760', 'MRR@10': '0.1760', 'MRR@20': '0.1760'}
Validation score increased.  Saving model ...
{'epoch': 10, 'rec_avg_loss': '0.7624', 'rec_cur_loss': '0.7484'}
{'Epoch': 10, 'HIT@5': '0.2707', 'NDCG@5': '0.1660', 'HIT@10': '0.4407', 'NDCG@10': '0.2208', 'HIT@20': '0.6523', 'NDCG@20': '0.2743', 'MRR@5': '0.1784', 'MRR@10': '0.1784', 'MRR@20': '0.1784'}
Validation score increased.  Saving model ...
{'epoch': 11, 'rec_avg_loss': '0.7577', 'rec_cur_loss': '0.7519'}
{'Epoch': 11, 'HIT@5': '0.2697', 'NDCG@5': '0.1657', 'HIT@10': '0.4430', 'NDCG@10': '0.2216', 'HIT@20': '0.6523', 'NDCG@20': '0.2746', 'MRR@5': '0.1788', 'MRR@10': '0.1788', 'MRR@20': '0.1788'}
Validation score increased.  Saving model ...
{'epoch': 12, 'rec_avg_loss': '0.7530', 'rec_cur_loss': '0.7557'}
{'Epoch': 12, 'HIT@5': '0.2747', 'NDCG@5': '0.1694', 'HIT@10': '0.4472', 'NDCG@10': '0.2249', 'HIT@20': '0.6581', 'NDCG@20': '0.2783', 'MRR@5': '0.1817', 'MRR@10': '0.1817', 'MRR@20': '0.1817'}
Validation score increased.  Saving model ...
{'epoch': 13, 'rec_avg_loss': '0.7491', 'rec_cur_loss': '0.7619'}
{'Epoch': 13, 'HIT@5': '0.2791', 'NDCG@5': '0.1723', 'HIT@10': '0.4548', 'NDCG@10': '0.2288', 'HIT@20': '0.6624', 'NDCG@20': '0.2814', 'MRR@5': '0.1842', 'MRR@10': '0.1842', 'MRR@20': '0.1842'}
Validation score increased.  Saving model ...
{'epoch': 14, 'rec_avg_loss': '0.7435', 'rec_cur_loss': '0.7454'}
{'Epoch': 14, 'HIT@5': '0.2808', 'NDCG@5': '0.1743', 'HIT@10': '0.4598', 'NDCG@10': '0.2319', 'HIT@20': '0.6667', 'NDCG@20': '0.2843', 'MRR@5': '0.1867', 'MRR@10': '0.1867', 'MRR@20': '0.1867'}
Validation score increased.  Saving model ...
{'epoch': 15, 'rec_avg_loss': '0.7416', 'rec_cur_loss': '0.7482'}
{'Epoch': 15, 'HIT@5': '0.2823', 'NDCG@5': '0.1755', 'HIT@10': '0.4598', 'NDCG@10': '0.2326', 'HIT@20': '0.6700', 'NDCG@20': '0.2858', 'MRR@5': '0.1876', 'MRR@10': '0.1876', 'MRR@20': '0.1876'}
Validation score increased.  Saving model ...
{'epoch': 16, 'rec_avg_loss': '0.7365', 'rec_cur_loss': '0.7545'}
{'Epoch': 16, 'HIT@5': '0.2912', 'NDCG@5': '0.1814', 'HIT@10': '0.4747', 'NDCG@10': '0.2404', 'HIT@20': '0.6755', 'NDCG@20': '0.2913', 'MRR@5': '0.1926', 'MRR@10': '0.1926', 'MRR@20': '0.1926'}
Validation score increased.  Saving model ...
{'epoch': 17, 'rec_avg_loss': '0.7355', 'rec_cur_loss': '0.7573'}
{'Epoch': 17, 'HIT@5': '0.2914', 'NDCG@5': '0.1812', 'HIT@10': '0.4733', 'NDCG@10': '0.2396', 'HIT@20': '0.6757', 'NDCG@20': '0.2909', 'MRR@5': '0.1921', 'MRR@10': '0.1921', 'MRR@20': '0.1921'}
EarlyStopping counter: 1 out of 10
{'epoch': 18, 'rec_avg_loss': '0.7321', 'rec_cur_loss': '0.6841'}
{'Epoch': 18, 'HIT@5': '0.2907', 'NDCG@5': '0.1811', 'HIT@10': '0.4728', 'NDCG@10': '0.2395', 'HIT@20': '0.6763', 'NDCG@20': '0.2911', 'MRR@5': '0.1922', 'MRR@10': '0.1922', 'MRR@20': '0.1922'}
EarlyStopping counter: 2 out of 10
{'epoch': 19, 'rec_avg_loss': '0.7302', 'rec_cur_loss': '0.7079'}
{'Epoch': 19, 'HIT@5': '0.2940', 'NDCG@5': '0.1850', 'HIT@10': '0.4833', 'NDCG@10': '0.2458', 'HIT@20': '0.6790', 'NDCG@20': '0.2955', 'MRR@5': '0.1967', 'MRR@10': '0.1967', 'MRR@20': '0.1967'}
Validation score increased.  Saving model ...
{'epoch': 20, 'rec_avg_loss': '0.7282', 'rec_cur_loss': '0.7203'}
{'Epoch': 20, 'HIT@5': '0.2969', 'NDCG@5': '0.1857', 'HIT@10': '0.4825', 'NDCG@10': '0.2452', 'HIT@20': '0.6831', 'NDCG@20': '0.2960', 'MRR@5': '0.1962', 'MRR@10': '0.1962', 'MRR@20': '0.1962'}
EarlyStopping counter: 1 out of 10
{'epoch': 21, 'rec_avg_loss': '0.7262', 'rec_cur_loss': '0.7037'}
{'Epoch': 21, 'HIT@5': '0.3012', 'NDCG@5': '0.1880', 'HIT@10': '0.4838', 'NDCG@10': '0.2465', 'HIT@20': '0.6816', 'NDCG@20': '0.2967', 'MRR@5': '0.1975', 'MRR@10': '0.1975', 'MRR@20': '0.1975'}
Validation score increased.  Saving model ...
{'epoch': 22, 'rec_avg_loss': '0.7237', 'rec_cur_loss': '0.7297'}
{'Epoch': 22, 'HIT@5': '0.3020', 'NDCG@5': '0.1881', 'HIT@10': '0.4848', 'NDCG@10': '0.2469', 'HIT@20': '0.6854', 'NDCG@20': '0.2977', 'MRR@5': '0.1976', 'MRR@10': '0.1976', 'MRR@20': '0.1976'}
Validation score increased.  Saving model ...
{'epoch': 23, 'rec_avg_loss': '0.7214', 'rec_cur_loss': '0.7212'}
{'Epoch': 23, 'HIT@5': '0.3063', 'NDCG@5': '0.1923', 'HIT@10': '0.4927', 'NDCG@10': '0.2523', 'HIT@20': '0.6907', 'NDCG@20': '0.3024', 'MRR@5': '0.2018', 'MRR@10': '0.2018', 'MRR@20': '0.2018'}
Validation score increased.  Saving model ...
{'epoch': 24, 'rec_avg_loss': '0.7202', 'rec_cur_loss': '0.7274'}
{'Epoch': 24, 'HIT@5': '0.3071', 'NDCG@5': '0.1918', 'HIT@10': '0.4911', 'NDCG@10': '0.2509', 'HIT@20': '0.6911', 'NDCG@20': '0.3015', 'MRR@5': '0.2006', 'MRR@10': '0.2006', 'MRR@20': '0.2006'}
EarlyStopping counter: 1 out of 10
{'epoch': 25, 'rec_avg_loss': '0.7196', 'rec_cur_loss': '0.7366'}
{'Epoch': 25, 'HIT@5': '0.3093', 'NDCG@5': '0.1931', 'HIT@10': '0.4959', 'NDCG@10': '0.2532', 'HIT@20': '0.6932', 'NDCG@20': '0.3031', 'MRR@5': '0.2018', 'MRR@10': '0.2018', 'MRR@20': '0.2018'}
EarlyStopping counter: 2 out of 10
{'epoch': 26, 'rec_avg_loss': '0.7162', 'rec_cur_loss': '0.7240'}
{'Epoch': 26, 'HIT@5': '0.3063', 'NDCG@5': '0.1922', 'HIT@10': '0.4955', 'NDCG@10': '0.2532', 'HIT@20': '0.6904', 'NDCG@20': '0.3026', 'MRR@5': '0.2020', 'MRR@10': '0.2020', 'MRR@20': '0.2020'}
Validation score increased.  Saving model ...
{'epoch': 27, 'rec_avg_loss': '0.7158', 'rec_cur_loss': '0.7276'}
{'Epoch': 27, 'HIT@5': '0.3114', 'NDCG@5': '0.1954', 'HIT@10': '0.4960', 'NDCG@10': '0.2548', 'HIT@20': '0.6939', 'NDCG@20': '0.3049', 'MRR@5': '0.2040', 'MRR@10': '0.2040', 'MRR@20': '0.2040'}
Validation score increased.  Saving model ...
{'epoch': 28, 'rec_avg_loss': '0.7115', 'rec_cur_loss': '0.6953'}
{'Epoch': 28, 'HIT@5': '0.3147', 'NDCG@5': '0.1976', 'HIT@10': '0.5007', 'NDCG@10': '0.2576', 'HIT@20': '0.6959', 'NDCG@20': '0.3071', 'MRR@5': '0.2060', 'MRR@10': '0.2060', 'MRR@20': '0.2060'}
Validation score increased.  Saving model ...
{'epoch': 29, 'rec_avg_loss': '0.7110', 'rec_cur_loss': '0.6854'}
{'Epoch': 29, 'HIT@5': '0.3200', 'NDCG@5': '0.2003', 'HIT@10': '0.5023', 'NDCG@10': '0.2589', 'HIT@20': '0.6959', 'NDCG@20': '0.3079', 'MRR@5': '0.2070', 'MRR@10': '0.2070', 'MRR@20': '0.2070'}
Validation score increased.  Saving model ...
{'epoch': 30, 'rec_avg_loss': '0.7111', 'rec_cur_loss': '0.7302'}
{'Epoch': 30, 'HIT@5': '0.3215', 'NDCG@5': '0.2020', 'HIT@10': '0.5051', 'NDCG@10': '0.2610', 'HIT@20': '0.6980', 'NDCG@20': '0.3100', 'MRR@5': '0.2088', 'MRR@10': '0.2088', 'MRR@20': '0.2088'}
Validation score increased.  Saving model ...
{'epoch': 31, 'rec_avg_loss': '0.7118', 'rec_cur_loss': '0.7106'}
{'Epoch': 31, 'HIT@5': '0.3207', 'NDCG@5': '0.2023', 'HIT@10': '0.5098', 'NDCG@10': '0.2631', 'HIT@20': '0.6988', 'NDCG@20': '0.3111', 'MRR@5': '0.2099', 'MRR@10': '0.2099', 'MRR@20': '0.2099'}
Validation score increased.  Saving model ...
{'epoch': 32, 'rec_avg_loss': '0.7114', 'rec_cur_loss': '0.7151'}
{'Epoch': 32, 'HIT@5': '0.3182', 'NDCG@5': '0.2007', 'HIT@10': '0.5051', 'NDCG@10': '0.2610', 'HIT@20': '0.6972', 'NDCG@20': '0.3097', 'MRR@5': '0.2088', 'MRR@10': '0.2088', 'MRR@20': '0.2088'}
EarlyStopping counter: 1 out of 10
{'epoch': 33, 'rec_avg_loss': '0.7087', 'rec_cur_loss': '0.6956'}
{'Epoch': 33, 'HIT@5': '0.3166', 'NDCG@5': '0.2008', 'HIT@10': '0.5083', 'NDCG@10': '0.2625', 'HIT@20': '0.7002', 'NDCG@20': '0.3111', 'MRR@5': '0.2097', 'MRR@10': '0.2097', 'MRR@20': '0.2097'}
EarlyStopping counter: 2 out of 10
{'epoch': 34, 'rec_avg_loss': '0.7081', 'rec_cur_loss': '0.7026'}
{'Epoch': 34, 'HIT@5': '0.3200', 'NDCG@5': '0.2028', 'HIT@10': '0.5094', 'NDCG@10': '0.2639', 'HIT@20': '0.7007', 'NDCG@20': '0.3125', 'MRR@5': '0.2112', 'MRR@10': '0.2112', 'MRR@20': '0.2112'}
Validation score increased.  Saving model ...
{'epoch': 35, 'rec_avg_loss': '0.7049', 'rec_cur_loss': '0.7123'}
{'Epoch': 35, 'HIT@5': '0.3174', 'NDCG@5': '0.2008', 'HIT@10': '0.5079', 'NDCG@10': '0.2622', 'HIT@20': '0.7005', 'NDCG@20': '0.3110', 'MRR@5': '0.2095', 'MRR@10': '0.2095', 'MRR@20': '0.2095'}
EarlyStopping counter: 1 out of 10
{'epoch': 36, 'rec_avg_loss': '0.7070', 'rec_cur_loss': '0.6917'}
{'Epoch': 36, 'HIT@5': '0.3235', 'NDCG@5': '0.2036', 'HIT@10': '0.5111', 'NDCG@10': '0.2639', 'HIT@20': '0.7007', 'NDCG@20': '0.3120', 'MRR@5': '0.2105', 'MRR@10': '0.2105', 'MRR@20': '0.2105'}
EarlyStopping counter: 2 out of 10
{'epoch': 37, 'rec_avg_loss': '0.7046', 'rec_cur_loss': '0.7023'}
{'Epoch': 37, 'HIT@5': '0.3225', 'NDCG@5': '0.2040', 'HIT@10': '0.5106', 'NDCG@10': '0.2646', 'HIT@20': '0.7026', 'NDCG@20': '0.3133', 'MRR@5': '0.2116', 'MRR@10': '0.2116', 'MRR@20': '0.2116'}
Validation score increased.  Saving model ...
{'epoch': 38, 'rec_avg_loss': '0.7029', 'rec_cur_loss': '0.7056'}
{'Epoch': 38, 'HIT@5': '0.3243', 'NDCG@5': '0.2050', 'HIT@10': '0.5094', 'NDCG@10': '0.2648', 'HIT@20': '0.7033', 'NDCG@20': '0.3139', 'MRR@5': '0.2122', 'MRR@10': '0.2122', 'MRR@20': '0.2122'}
Validation score increased.  Saving model ...
{'epoch': 39, 'rec_avg_loss': '0.7051', 'rec_cur_loss': '0.7051'}
{'Epoch': 39, 'HIT@5': '0.3275', 'NDCG@5': '0.2063', 'HIT@10': '0.5103', 'NDCG@10': '0.2651', 'HIT@20': '0.7023', 'NDCG@20': '0.3138', 'MRR@5': '0.2124', 'MRR@10': '0.2124', 'MRR@20': '0.2124'}
Validation score increased.  Saving model ...
{'epoch': 40, 'rec_avg_loss': '0.7018', 'rec_cur_loss': '0.6973'}
{'Epoch': 40, 'HIT@5': '0.3313', 'NDCG@5': '0.2085', 'HIT@10': '0.5154', 'NDCG@10': '0.2678', 'HIT@20': '0.7068', 'NDCG@20': '0.3162', 'MRR@5': '0.2140', 'MRR@10': '0.2140', 'MRR@20': '0.2140'}
Validation score increased.  Saving model ...
{'epoch': 41, 'rec_avg_loss': '0.7004', 'rec_cur_loss': '0.7029'}
{'Epoch': 41, 'HIT@5': '0.3300', 'NDCG@5': '0.2081', 'HIT@10': '0.5162', 'NDCG@10': '0.2681', 'HIT@20': '0.7063', 'NDCG@20': '0.3163', 'MRR@5': '0.2141', 'MRR@10': '0.2141', 'MRR@20': '0.2141'}
Validation score increased.  Saving model ...
{'epoch': 42, 'rec_avg_loss': '0.7018', 'rec_cur_loss': '0.7077'}
{'Epoch': 42, 'HIT@5': '0.3283', 'NDCG@5': '0.2073', 'HIT@10': '0.5166', 'NDCG@10': '0.2679', 'HIT@20': '0.7070', 'NDCG@20': '0.3160', 'MRR@5': '0.2138', 'MRR@10': '0.2138', 'MRR@20': '0.2138'}
EarlyStopping counter: 1 out of 10
{'epoch': 43, 'rec_avg_loss': '0.7004', 'rec_cur_loss': '0.7051'}
{'Epoch': 43, 'HIT@5': '0.3263', 'NDCG@5': '0.2054', 'HIT@10': '0.5154', 'NDCG@10': '0.2662', 'HIT@20': '0.7023', 'NDCG@20': '0.3136', 'MRR@5': '0.2120', 'MRR@10': '0.2120', 'MRR@20': '0.2120'}
EarlyStopping counter: 2 out of 10
{'epoch': 44, 'rec_avg_loss': '0.6993', 'rec_cur_loss': '0.7054'}
{'Epoch': 44, 'HIT@5': '0.3310', 'NDCG@5': '0.2084', 'HIT@10': '0.5146', 'NDCG@10': '0.2674', 'HIT@20': '0.7071', 'NDCG@20': '0.3162', 'MRR@5': '0.2139', 'MRR@10': '0.2139', 'MRR@20': '0.2139'}
EarlyStopping counter: 3 out of 10
{'epoch': 45, 'rec_avg_loss': '0.6978', 'rec_cur_loss': '0.6769'}
{'Epoch': 45, 'HIT@5': '0.3290', 'NDCG@5': '0.2073', 'HIT@10': '0.5159', 'NDCG@10': '0.2675', 'HIT@20': '0.7070', 'NDCG@20': '0.3160', 'MRR@5': '0.2136', 'MRR@10': '0.2136', 'MRR@20': '0.2136'}
EarlyStopping counter: 4 out of 10
{'epoch': 46, 'rec_avg_loss': '0.6989', 'rec_cur_loss': '0.7073'}
{'Epoch': 46, 'HIT@5': '0.3300', 'NDCG@5': '0.2077', 'HIT@10': '0.5144', 'NDCG@10': '0.2670', 'HIT@20': '0.7040', 'NDCG@20': '0.3151', 'MRR@5': '0.2134', 'MRR@10': '0.2134', 'MRR@20': '0.2134'}
EarlyStopping counter: 5 out of 10
{'epoch': 47, 'rec_avg_loss': '0.6976', 'rec_cur_loss': '0.7332'}
{'Epoch': 47, 'HIT@5': '0.3318', 'NDCG@5': '0.2089', 'HIT@10': '0.5166', 'NDCG@10': '0.2684', 'HIT@20': '0.7066', 'NDCG@20': '0.3166', 'MRR@5': '0.2144', 'MRR@10': '0.2144', 'MRR@20': '0.2144'}
Validation score increased.  Saving model ...
{'epoch': 48, 'rec_avg_loss': '0.6938', 'rec_cur_loss': '0.6962'}
{'Epoch': 48, 'HIT@5': '0.3311', 'NDCG@5': '0.2100', 'HIT@10': '0.5209', 'NDCG@10': '0.2713', 'HIT@20': '0.7083', 'NDCG@20': '0.3188', 'MRR@5': '0.2166', 'MRR@10': '0.2166', 'MRR@20': '0.2166'}
Validation score increased.  Saving model ...
{'epoch': 49, 'rec_avg_loss': '0.6960', 'rec_cur_loss': '0.6768'}
{'Epoch': 49, 'HIT@5': '0.3328', 'NDCG@5': '0.2105', 'HIT@10': '0.5190', 'NDCG@10': '0.2705', 'HIT@20': '0.7118', 'NDCG@20': '0.3193', 'MRR@5': '0.2163', 'MRR@10': '0.2163', 'MRR@20': '0.2163'}
EarlyStopping counter: 1 out of 10
{'epoch': 50, 'rec_avg_loss': '0.6952', 'rec_cur_loss': '0.6995'}
{'Epoch': 50, 'HIT@5': '0.3315', 'NDCG@5': '0.2095', 'HIT@10': '0.5189', 'NDCG@10': '0.2698', 'HIT@20': '0.7073', 'NDCG@20': '0.3176', 'MRR@5': '0.2155', 'MRR@10': '0.2155', 'MRR@20': '0.2155'}
EarlyStopping counter: 2 out of 10
{'epoch': 51, 'rec_avg_loss': '0.6940', 'rec_cur_loss': '0.7076'}
{'Epoch': 51, 'HIT@5': '0.3346', 'NDCG@5': '0.2121', 'HIT@10': '0.5219', 'NDCG@10': '0.2725', 'HIT@20': '0.7129', 'NDCG@20': '0.3209', 'MRR@5': '0.2180', 'MRR@10': '0.2180', 'MRR@20': '0.2180'}
Validation score increased.  Saving model ...
{'epoch': 52, 'rec_avg_loss': '0.6931', 'rec_cur_loss': '0.6993'}
{'Epoch': 52, 'HIT@5': '0.3313', 'NDCG@5': '0.2100', 'HIT@10': '0.5180', 'NDCG@10': '0.2703', 'HIT@20': '0.7114', 'NDCG@20': '0.3193', 'MRR@5': '0.2165', 'MRR@10': '0.2165', 'MRR@20': '0.2165'}
EarlyStopping counter: 1 out of 10
{'epoch': 53, 'rec_avg_loss': '0.6911', 'rec_cur_loss': '0.6986'}
{'Epoch': 53, 'HIT@5': '0.3354', 'NDCG@5': '0.2122', 'HIT@10': '0.5180', 'NDCG@10': '0.2711', 'HIT@20': '0.7093', 'NDCG@20': '0.3196', 'MRR@5': '0.2174', 'MRR@10': '0.2174', 'MRR@20': '0.2174'}
EarlyStopping counter: 2 out of 10
{'epoch': 54, 'rec_avg_loss': '0.6903', 'rec_cur_loss': '0.6597'}
{'Epoch': 54, 'HIT@5': '0.3349', 'NDCG@5': '0.2116', 'HIT@10': '0.5220', 'NDCG@10': '0.2718', 'HIT@20': '0.7116', 'NDCG@20': '0.3199', 'MRR@5': '0.2171', 'MRR@10': '0.2171', 'MRR@20': '0.2171'}
EarlyStopping counter: 3 out of 10
{'epoch': 55, 'rec_avg_loss': '0.6932', 'rec_cur_loss': '0.6913'}
{'Epoch': 55, 'HIT@5': '0.3379', 'NDCG@5': '0.2150', 'HIT@10': '0.5263', 'NDCG@10': '0.2758', 'HIT@20': '0.7132', 'NDCG@20': '0.3231', 'MRR@5': '0.2205', 'MRR@10': '0.2205', 'MRR@20': '0.2205'}
Validation score increased.  Saving model ...
{'epoch': 56, 'rec_avg_loss': '0.6909', 'rec_cur_loss': '0.7006'}
{'Epoch': 56, 'HIT@5': '0.3404', 'NDCG@5': '0.2157', 'HIT@10': '0.5267', 'NDCG@10': '0.2758', 'HIT@20': '0.7116', 'NDCG@20': '0.3228', 'MRR@5': '0.2206', 'MRR@10': '0.2206', 'MRR@20': '0.2206'}
Validation score increased.  Saving model ...
{'epoch': 57, 'rec_avg_loss': '0.6910', 'rec_cur_loss': '0.6789'}
{'Epoch': 57, 'HIT@5': '0.3419', 'NDCG@5': '0.2166', 'HIT@10': '0.5280', 'NDCG@10': '0.2765', 'HIT@20': '0.7136', 'NDCG@20': '0.3235', 'MRR@5': '0.2209', 'MRR@10': '0.2209', 'MRR@20': '0.2209'}
Validation score increased.  Saving model ...
{'epoch': 58, 'rec_avg_loss': '0.6898', 'rec_cur_loss': '0.6672'}
{'Epoch': 58, 'HIT@5': '0.3391', 'NDCG@5': '0.2154', 'HIT@10': '0.5285', 'NDCG@10': '0.2766', 'HIT@20': '0.7118', 'NDCG@20': '0.3230', 'MRR@5': '0.2208', 'MRR@10': '0.2208', 'MRR@20': '0.2208'}
EarlyStopping counter: 1 out of 10
{'epoch': 59, 'rec_avg_loss': '0.6884', 'rec_cur_loss': '0.6851'}
{'Epoch': 59, 'HIT@5': '0.3430', 'NDCG@5': '0.2180', 'HIT@10': '0.5276', 'NDCG@10': '0.2776', 'HIT@20': '0.7144', 'NDCG@20': '0.3250', 'MRR@5': '0.2224', 'MRR@10': '0.2224', 'MRR@20': '0.2224'}
Validation score increased.  Saving model ...
{'epoch': 60, 'rec_avg_loss': '0.6865', 'rec_cur_loss': '0.7125'}
{'Epoch': 60, 'HIT@5': '0.3435', 'NDCG@5': '0.2185', 'HIT@10': '0.5270', 'NDCG@10': '0.2777', 'HIT@20': '0.7156', 'NDCG@20': '0.3257', 'MRR@5': '0.2230', 'MRR@10': '0.2230', 'MRR@20': '0.2230'}
Validation score increased.  Saving model ...
{'epoch': 61, 'rec_avg_loss': '0.6851', 'rec_cur_loss': '0.6716'}
{'Epoch': 61, 'HIT@5': '0.3384', 'NDCG@5': '0.2150', 'HIT@10': '0.5262', 'NDCG@10': '0.2753', 'HIT@20': '0.7147', 'NDCG@20': '0.3231', 'MRR@5': '0.2202', 'MRR@10': '0.2202', 'MRR@20': '0.2202'}
EarlyStopping counter: 1 out of 10
{'epoch': 62, 'rec_avg_loss': '0.6864', 'rec_cur_loss': '0.6662'}
{'Epoch': 62, 'HIT@5': '0.3419', 'NDCG@5': '0.2173', 'HIT@10': '0.5263', 'NDCG@10': '0.2767', 'HIT@20': '0.7175', 'NDCG@20': '0.3252', 'MRR@5': '0.2219', 'MRR@10': '0.2219', 'MRR@20': '0.2219'}
EarlyStopping counter: 2 out of 10
{'epoch': 63, 'rec_avg_loss': '0.6861', 'rec_cur_loss': '0.7052'}
{'Epoch': 63, 'HIT@5': '0.3478', 'NDCG@5': '0.2210', 'HIT@10': '0.5331', 'NDCG@10': '0.2807', 'HIT@20': '0.7174', 'NDCG@20': '0.3274', 'MRR@5': '0.2246', 'MRR@10': '0.2246', 'MRR@20': '0.2246'}
Validation score increased.  Saving model ...
{'epoch': 64, 'rec_avg_loss': '0.6855', 'rec_cur_loss': '0.6837'}
{'Epoch': 64, 'HIT@5': '0.3445', 'NDCG@5': '0.2195', 'HIT@10': '0.5275', 'NDCG@10': '0.2787', 'HIT@20': '0.7159', 'NDCG@20': '0.3265', 'MRR@5': '0.2240', 'MRR@10': '0.2240', 'MRR@20': '0.2240'}
EarlyStopping counter: 1 out of 10
{'epoch': 65, 'rec_avg_loss': '0.6855', 'rec_cur_loss': '0.7123'}
{'Epoch': 65, 'HIT@5': '0.3485', 'NDCG@5': '0.2214', 'HIT@10': '0.5290', 'NDCG@10': '0.2796', 'HIT@20': '0.7174', 'NDCG@20': '0.3274', 'MRR@5': '0.2246', 'MRR@10': '0.2246', 'MRR@20': '0.2246'}
Validation score increased.  Saving model ...
{'epoch': 66, 'rec_avg_loss': '0.6862', 'rec_cur_loss': '0.7036'}
{'Epoch': 66, 'HIT@5': '0.3470', 'NDCG@5': '0.2212', 'HIT@10': '0.5366', 'NDCG@10': '0.2822', 'HIT@20': '0.7185', 'NDCG@20': '0.3283', 'MRR@5': '0.2253', 'MRR@10': '0.2253', 'MRR@20': '0.2253'}
Validation score increased.  Saving model ...
{'epoch': 67, 'rec_avg_loss': '0.6824', 'rec_cur_loss': '0.6878'}
{'Epoch': 67, 'HIT@5': '0.3485', 'NDCG@5': '0.2233', 'HIT@10': '0.5343', 'NDCG@10': '0.2832', 'HIT@20': '0.7187', 'NDCG@20': '0.3301', 'MRR@5': '0.2276', 'MRR@10': '0.2276', 'MRR@20': '0.2276'}
Validation score increased.  Saving model ...
{'epoch': 68, 'rec_avg_loss': '0.6822', 'rec_cur_loss': '0.6869'}
{'Epoch': 68, 'HIT@5': '0.3434', 'NDCG@5': '0.2197', 'HIT@10': '0.5318', 'NDCG@10': '0.2805', 'HIT@20': '0.7194', 'NDCG@20': '0.3280', 'MRR@5': '0.2250', 'MRR@10': '0.2250', 'MRR@20': '0.2250'}
EarlyStopping counter: 1 out of 10
{'epoch': 69, 'rec_avg_loss': '0.6840', 'rec_cur_loss': '0.6865'}
{'Epoch': 69, 'HIT@5': '0.3394', 'NDCG@5': '0.2162', 'HIT@10': '0.5265', 'NDCG@10': '0.2766', 'HIT@20': '0.7171', 'NDCG@20': '0.3249', 'MRR@5': '0.2217', 'MRR@10': '0.2217', 'MRR@20': '0.2217'}
EarlyStopping counter: 2 out of 10
{'epoch': 70, 'rec_avg_loss': '0.6812', 'rec_cur_loss': '0.6552'}
{'Epoch': 70, 'HIT@5': '0.3465', 'NDCG@5': '0.2217', 'HIT@10': '0.5306', 'NDCG@10': '0.2811', 'HIT@20': '0.7199', 'NDCG@20': '0.3291', 'MRR@5': '0.2262', 'MRR@10': '0.2262', 'MRR@20': '0.2262'}
EarlyStopping counter: 3 out of 10
{'epoch': 71, 'rec_avg_loss': '0.6799', 'rec_cur_loss': '0.6957'}
{'Epoch': 71, 'HIT@5': '0.3435', 'NDCG@5': '0.2185', 'HIT@10': '0.5293', 'NDCG@10': '0.2785', 'HIT@20': '0.7184', 'NDCG@20': '0.3265', 'MRR@5': '0.2233', 'MRR@10': '0.2233', 'MRR@20': '0.2233'}
EarlyStopping counter: 4 out of 10
{'epoch': 72, 'rec_avg_loss': '0.6828', 'rec_cur_loss': '0.6752'}
{'Epoch': 72, 'HIT@5': '0.3505', 'NDCG@5': '0.2248', 'HIT@10': '0.5364', 'NDCG@10': '0.2848', 'HIT@20': '0.7204', 'NDCG@20': '0.3314', 'MRR@5': '0.2288', 'MRR@10': '0.2288', 'MRR@20': '0.2288'}
Validation score increased.  Saving model ...
{'epoch': 73, 'rec_avg_loss': '0.6815', 'rec_cur_loss': '0.6665'}
{'Epoch': 73, 'HIT@5': '0.3497', 'NDCG@5': '0.2233', 'HIT@10': '0.5341', 'NDCG@10': '0.2829', 'HIT@20': '0.7189', 'NDCG@20': '0.3298', 'MRR@5': '0.2272', 'MRR@10': '0.2272', 'MRR@20': '0.2272'}
EarlyStopping counter: 1 out of 10
{'epoch': 74, 'rec_avg_loss': '0.6800', 'rec_cur_loss': '0.7191'}
{'Epoch': 74, 'HIT@5': '0.3490', 'NDCG@5': '0.2242', 'HIT@10': '0.5320', 'NDCG@10': '0.2833', 'HIT@20': '0.7210', 'NDCG@20': '0.3313', 'MRR@5': '0.2285', 'MRR@10': '0.2285', 'MRR@20': '0.2285'}
EarlyStopping counter: 2 out of 10
{'epoch': 75, 'rec_avg_loss': '0.6788', 'rec_cur_loss': '0.6820'}
{'Epoch': 75, 'HIT@5': '0.3434', 'NDCG@5': '0.2202', 'HIT@10': '0.5301', 'NDCG@10': '0.2806', 'HIT@20': '0.7204', 'NDCG@20': '0.3288', 'MRR@5': '0.2257', 'MRR@10': '0.2257', 'MRR@20': '0.2257'}
EarlyStopping counter: 3 out of 10
{'epoch': 76, 'rec_avg_loss': '0.6752', 'rec_cur_loss': '0.6624'}
{'Epoch': 76, 'HIT@5': '0.3513', 'NDCG@5': '0.2252', 'HIT@10': '0.5364', 'NDCG@10': '0.2849', 'HIT@20': '0.7219', 'NDCG@20': '0.3318', 'MRR@5': '0.2289', 'MRR@10': '0.2289', 'MRR@20': '0.2289'}
Validation score increased.  Saving model ...
{'epoch': 77, 'rec_avg_loss': '0.6778', 'rec_cur_loss': '0.6864'}
{'Epoch': 77, 'HIT@5': '0.3464', 'NDCG@5': '0.2206', 'HIT@10': '0.5310', 'NDCG@10': '0.2802', 'HIT@20': '0.7210', 'NDCG@20': '0.3283', 'MRR@5': '0.2248', 'MRR@10': '0.2248', 'MRR@20': '0.2248'}
EarlyStopping counter: 1 out of 10
{'epoch': 78, 'rec_avg_loss': '0.6773', 'rec_cur_loss': '0.6543'}
{'Epoch': 78, 'HIT@5': '0.3528', 'NDCG@5': '0.2258', 'HIT@10': '0.5382', 'NDCG@10': '0.2857', 'HIT@20': '0.7215', 'NDCG@20': '0.3321', 'MRR@5': '0.2293', 'MRR@10': '0.2293', 'MRR@20': '0.2293'}
Validation score increased.  Saving model ...
{'epoch': 79, 'rec_avg_loss': '0.6779', 'rec_cur_loss': '0.7040'}
{'Epoch': 79, 'HIT@5': '0.3459', 'NDCG@5': '0.2198', 'HIT@10': '0.5320', 'NDCG@10': '0.2798', 'HIT@20': '0.7175', 'NDCG@20': '0.3269', 'MRR@5': '0.2239', 'MRR@10': '0.2239', 'MRR@20': '0.2239'}
EarlyStopping counter: 1 out of 10
{'epoch': 80, 'rec_avg_loss': '0.6775', 'rec_cur_loss': '0.7004'}
{'Epoch': 80, 'HIT@5': '0.3502', 'NDCG@5': '0.2231', 'HIT@10': '0.5359', 'NDCG@10': '0.2830', 'HIT@20': '0.7205', 'NDCG@20': '0.3298', 'MRR@5': '0.2266', 'MRR@10': '0.2266', 'MRR@20': '0.2266'}
EarlyStopping counter: 2 out of 10
{'epoch': 81, 'rec_avg_loss': '0.6765', 'rec_cur_loss': '0.6843'}
{'Epoch': 81, 'HIT@5': '0.3543', 'NDCG@5': '0.2256', 'HIT@10': '0.5401', 'NDCG@10': '0.2855', 'HIT@20': '0.7233', 'NDCG@20': '0.3320', 'MRR@5': '0.2284', 'MRR@10': '0.2284', 'MRR@20': '0.2284'}
EarlyStopping counter: 3 out of 10
{'epoch': 82, 'rec_avg_loss': '0.6745', 'rec_cur_loss': '0.6873'}
{'Epoch': 82, 'HIT@5': '0.3520', 'NDCG@5': '0.2235', 'HIT@10': '0.5381', 'NDCG@10': '0.2834', 'HIT@20': '0.7215', 'NDCG@20': '0.3298', 'MRR@5': '0.2263', 'MRR@10': '0.2263', 'MRR@20': '0.2263'}
EarlyStopping counter: 4 out of 10
{'epoch': 83, 'rec_avg_loss': '0.6747', 'rec_cur_loss': '0.6647'}
{'Epoch': 83, 'HIT@5': '0.3568', 'NDCG@5': '0.2284', 'HIT@10': '0.5389', 'NDCG@10': '0.2871', 'HIT@20': '0.7232', 'NDCG@20': '0.3338', 'MRR@5': '0.2309', 'MRR@10': '0.2309', 'MRR@20': '0.2309'}
Validation score increased.  Saving model ...
{'epoch': 84, 'rec_avg_loss': '0.6749', 'rec_cur_loss': '0.6272'}
{'Epoch': 84, 'HIT@5': '0.3576', 'NDCG@5': '0.2290', 'HIT@10': '0.5404', 'NDCG@10': '0.2878', 'HIT@20': '0.7252', 'NDCG@20': '0.3346', 'MRR@5': '0.2314', 'MRR@10': '0.2314', 'MRR@20': '0.2314'}
Validation score increased.  Saving model ...
{'epoch': 85, 'rec_avg_loss': '0.6741', 'rec_cur_loss': '0.6887'}
{'Epoch': 85, 'HIT@5': '0.3579', 'NDCG@5': '0.2298', 'HIT@10': '0.5416', 'NDCG@10': '0.2889', 'HIT@20': '0.7247', 'NDCG@20': '0.3353', 'MRR@5': '0.2323', 'MRR@10': '0.2323', 'MRR@20': '0.2323'}
Validation score increased.  Saving model ...
{'epoch': 86, 'rec_avg_loss': '0.6739', 'rec_cur_loss': '0.6952'}
{'Epoch': 86, 'HIT@5': '0.3570', 'NDCG@5': '0.2277', 'HIT@10': '0.5432', 'NDCG@10': '0.2877', 'HIT@20': '0.7240', 'NDCG@20': '0.3335', 'MRR@5': '0.2302', 'MRR@10': '0.2302', 'MRR@20': '0.2302'}
EarlyStopping counter: 1 out of 10
{'epoch': 87, 'rec_avg_loss': '0.6729', 'rec_cur_loss': '0.6952'}
{'Epoch': 87, 'HIT@5': '0.3581', 'NDCG@5': '0.2309', 'HIT@10': '0.5414', 'NDCG@10': '0.2900', 'HIT@20': '0.7245', 'NDCG@20': '0.3364', 'MRR@5': '0.2338', 'MRR@10': '0.2338', 'MRR@20': '0.2338'}
Validation score increased.  Saving model ...
{'epoch': 88, 'rec_avg_loss': '0.6718', 'rec_cur_loss': '0.6610'}
{'Epoch': 88, 'HIT@5': '0.3541', 'NDCG@5': '0.2274', 'HIT@10': '0.5361', 'NDCG@10': '0.2861', 'HIT@20': '0.7209', 'NDCG@20': '0.3330', 'MRR@5': '0.2307', 'MRR@10': '0.2307', 'MRR@20': '0.2307'}
EarlyStopping counter: 1 out of 10
{'epoch': 89, 'rec_avg_loss': '0.6717', 'rec_cur_loss': '0.6768'}
{'Epoch': 89, 'HIT@5': '0.3520', 'NDCG@5': '0.2246', 'HIT@10': '0.5374', 'NDCG@10': '0.2844', 'HIT@20': '0.7215', 'NDCG@20': '0.3312', 'MRR@5': '0.2280', 'MRR@10': '0.2280', 'MRR@20': '0.2280'}
EarlyStopping counter: 2 out of 10
{'epoch': 90, 'rec_avg_loss': '0.6730', 'rec_cur_loss': '0.6752'}
{'Epoch': 90, 'HIT@5': '0.3584', 'NDCG@5': '0.2301', 'HIT@10': '0.5440', 'NDCG@10': '0.2899', 'HIT@20': '0.7255', 'NDCG@20': '0.3359', 'MRR@5': '0.2327', 'MRR@10': '0.2327', 'MRR@20': '0.2327'}
EarlyStopping counter: 3 out of 10
{'epoch': 91, 'rec_avg_loss': '0.6730', 'rec_cur_loss': '0.6898'}
{'Epoch': 91, 'HIT@5': '0.3550', 'NDCG@5': '0.2269', 'HIT@10': '0.5407', 'NDCG@10': '0.2867', 'HIT@20': '0.7233', 'NDCG@20': '0.3330', 'MRR@5': '0.2298', 'MRR@10': '0.2298', 'MRR@20': '0.2298'}
EarlyStopping counter: 4 out of 10
{'epoch': 92, 'rec_avg_loss': '0.6707', 'rec_cur_loss': '0.6539'}
{'Epoch': 92, 'HIT@5': '0.3603', 'NDCG@5': '0.2309', 'HIT@10': '0.5424', 'NDCG@10': '0.2895', 'HIT@20': '0.7219', 'NDCG@20': '0.3351', 'MRR@5': '0.2329', 'MRR@10': '0.2329', 'MRR@20': '0.2329'}
EarlyStopping counter: 5 out of 10
{'epoch': 93, 'rec_avg_loss': '0.6719', 'rec_cur_loss': '0.6643'}
{'Epoch': 93, 'HIT@5': '0.3619', 'NDCG@5': '0.2331', 'HIT@10': '0.5460', 'NDCG@10': '0.2925', 'HIT@20': '0.7267', 'NDCG@20': '0.3383', 'MRR@5': '0.2354', 'MRR@10': '0.2354', 'MRR@20': '0.2354'}
Validation score increased.  Saving model ...
{'epoch': 94, 'rec_avg_loss': '0.6685', 'rec_cur_loss': '0.6735'}
{'Epoch': 94, 'HIT@5': '0.3611', 'NDCG@5': '0.2316', 'HIT@10': '0.5447', 'NDCG@10': '0.2907', 'HIT@20': '0.7262', 'NDCG@20': '0.3367', 'MRR@5': '0.2336', 'MRR@10': '0.2336', 'MRR@20': '0.2336'}
EarlyStopping counter: 1 out of 10
{'epoch': 95, 'rec_avg_loss': '0.6747', 'rec_cur_loss': '0.6821'}
{'Epoch': 95, 'HIT@5': '0.3618', 'NDCG@5': '0.2320', 'HIT@10': '0.5439', 'NDCG@10': '0.2907', 'HIT@20': '0.7272', 'NDCG@20': '0.3371', 'MRR@5': '0.2338', 'MRR@10': '0.2338', 'MRR@20': '0.2338'}
EarlyStopping counter: 2 out of 10
{'epoch': 96, 'rec_avg_loss': '0.6683', 'rec_cur_loss': '0.6515'}
{'Epoch': 96, 'HIT@5': '0.3563', 'NDCG@5': '0.2275', 'HIT@10': '0.5409', 'NDCG@10': '0.2871', 'HIT@20': '0.7238', 'NDCG@20': '0.3335', 'MRR@5': '0.2301', 'MRR@10': '0.2301', 'MRR@20': '0.2301'}
EarlyStopping counter: 3 out of 10
{'epoch': 97, 'rec_avg_loss': '0.6681', 'rec_cur_loss': '0.6744'}
{'Epoch': 97, 'HIT@5': '0.3586', 'NDCG@5': '0.2300', 'HIT@10': '0.5425', 'NDCG@10': '0.2894', 'HIT@20': '0.7245', 'NDCG@20': '0.3355', 'MRR@5': '0.2325', 'MRR@10': '0.2325', 'MRR@20': '0.2325'}
EarlyStopping counter: 4 out of 10
{'epoch': 98, 'rec_avg_loss': '0.6682', 'rec_cur_loss': '0.6705'}
{'Epoch': 98, 'HIT@5': '0.3661', 'NDCG@5': '0.2364', 'HIT@10': '0.5531', 'NDCG@10': '0.2966', 'HIT@20': '0.7283', 'NDCG@20': '0.3410', 'MRR@5': '0.2382', 'MRR@10': '0.2382', 'MRR@20': '0.2382'}
Validation score increased.  Saving model ...
{'epoch': 99, 'rec_avg_loss': '0.6682', 'rec_cur_loss': '0.6553'}
{'Epoch': 99, 'HIT@5': '0.3608', 'NDCG@5': '0.2334', 'HIT@10': '0.5517', 'NDCG@10': '0.2950', 'HIT@20': '0.7293', 'NDCG@20': '0.3399', 'MRR@5': '0.2366', 'MRR@10': '0.2366', 'MRR@20': '0.2366'}
EarlyStopping counter: 1 out of 10
{'epoch': 100, 'rec_avg_loss': '0.6669', 'rec_cur_loss': '0.6697'}
{'Epoch': 100, 'HIT@5': '0.3649', 'NDCG@5': '0.2340', 'HIT@10': '0.5492', 'NDCG@10': '0.2933', 'HIT@20': '0.7268', 'NDCG@20': '0.3383', 'MRR@5': '0.2352', 'MRR@10': '0.2352', 'MRR@20': '0.2352'}
EarlyStopping counter: 2 out of 10
{'epoch': 101, 'rec_avg_loss': '0.6674', 'rec_cur_loss': '0.6649'}
{'Epoch': 101, 'HIT@5': '0.3632', 'NDCG@5': '0.2331', 'HIT@10': '0.5449', 'NDCG@10': '0.2916', 'HIT@20': '0.7240', 'NDCG@20': '0.3370', 'MRR@5': '0.2345', 'MRR@10': '0.2345', 'MRR@20': '0.2345'}
EarlyStopping counter: 3 out of 10
{'epoch': 102, 'rec_avg_loss': '0.6643', 'rec_cur_loss': '0.6229'}
{'Epoch': 102, 'HIT@5': '0.3594', 'NDCG@5': '0.2325', 'HIT@10': '0.5460', 'NDCG@10': '0.2927', 'HIT@20': '0.7272', 'NDCG@20': '0.3386', 'MRR@5': '0.2358', 'MRR@10': '0.2358', 'MRR@20': '0.2358'}
EarlyStopping counter: 4 out of 10
{'epoch': 103, 'rec_avg_loss': '0.6655', 'rec_cur_loss': '0.6684'}
{'Epoch': 103, 'HIT@5': '0.3614', 'NDCG@5': '0.2323', 'HIT@10': '0.5474', 'NDCG@10': '0.2921', 'HIT@20': '0.7270', 'NDCG@20': '0.3377', 'MRR@5': '0.2345', 'MRR@10': '0.2345', 'MRR@20': '0.2345'}
EarlyStopping counter: 5 out of 10
{'epoch': 104, 'rec_avg_loss': '0.6652', 'rec_cur_loss': '0.6679'}
{'Epoch': 104, 'HIT@5': '0.3661', 'NDCG@5': '0.2359', 'HIT@10': '0.5502', 'NDCG@10': '0.2954', 'HIT@20': '0.7245', 'NDCG@20': '0.3396', 'MRR@5': '0.2375', 'MRR@10': '0.2375', 'MRR@20': '0.2375'}
EarlyStopping counter: 6 out of 10
{'epoch': 105, 'rec_avg_loss': '0.6654', 'rec_cur_loss': '0.6800'}
{'Epoch': 105, 'HIT@5': '0.3637', 'NDCG@5': '0.2351', 'HIT@10': '0.5460', 'NDCG@10': '0.2940', 'HIT@20': '0.7273', 'NDCG@20': '0.3399', 'MRR@5': '0.2373', 'MRR@10': '0.2373', 'MRR@20': '0.2373'}
EarlyStopping counter: 7 out of 10
{'epoch': 106, 'rec_avg_loss': '0.6653', 'rec_cur_loss': '0.6536'}
{'Epoch': 106, 'HIT@5': '0.3641', 'NDCG@5': '0.2353', 'HIT@10': '0.5464', 'NDCG@10': '0.2942', 'HIT@20': '0.7247', 'NDCG@20': '0.3394', 'MRR@5': '0.2373', 'MRR@10': '0.2373', 'MRR@20': '0.2373'}
EarlyStopping counter: 8 out of 10
{'epoch': 107, 'rec_avg_loss': '0.6628', 'rec_cur_loss': '0.6676'}
{'Epoch': 107, 'HIT@5': '0.3675', 'NDCG@5': '0.2368', 'HIT@10': '0.5502', 'NDCG@10': '0.2955', 'HIT@20': '0.7276', 'NDCG@20': '0.3405', 'MRR@5': '0.2378', 'MRR@10': '0.2378', 'MRR@20': '0.2378'}
EarlyStopping counter: 9 out of 10
{'epoch': 108, 'rec_avg_loss': '0.6638', 'rec_cur_loss': '0.6750'}
{'Epoch': 108, 'HIT@5': '0.3684', 'NDCG@5': '0.2376', 'HIT@10': '0.5492', 'NDCG@10': '0.2958', 'HIT@20': '0.7283', 'NDCG@20': '0.3412', 'MRR@5': '0.2385', 'MRR@10': '0.2385', 'MRR@20': '0.2385'}
Validation score increased.  Saving model ...
{'epoch': 109, 'rec_avg_loss': '0.6635', 'rec_cur_loss': '0.6399'}
{'Epoch': 109, 'HIT@5': '0.3690', 'NDCG@5': '0.2373', 'HIT@10': '0.5492', 'NDCG@10': '0.2953', 'HIT@20': '0.7272', 'NDCG@20': '0.3404', 'MRR@5': '0.2378', 'MRR@10': '0.2378', 'MRR@20': '0.2378'}
EarlyStopping counter: 1 out of 10
{'epoch': 110, 'rec_avg_loss': '0.6632', 'rec_cur_loss': '0.6306'}
{'Epoch': 110, 'HIT@5': '0.3710', 'NDCG@5': '0.2386', 'HIT@10': '0.5487', 'NDCG@10': '0.2959', 'HIT@20': '0.7272', 'NDCG@20': '0.3412', 'MRR@5': '0.2388', 'MRR@10': '0.2388', 'MRR@20': '0.2388'}
Validation score increased.  Saving model ...
{'epoch': 111, 'rec_avg_loss': '0.6630', 'rec_cur_loss': '0.6733'}
{'Epoch': 111, 'HIT@5': '0.3664', 'NDCG@5': '0.2345', 'HIT@10': '0.5460', 'NDCG@10': '0.2924', 'HIT@20': '0.7268', 'NDCG@20': '0.3382', 'MRR@5': '0.2352', 'MRR@10': '0.2352', 'MRR@20': '0.2352'}
EarlyStopping counter: 1 out of 10
{'epoch': 112, 'rec_avg_loss': '0.6612', 'rec_cur_loss': '0.6480'}
{'Epoch': 112, 'HIT@5': '0.3757', 'NDCG@5': '0.2416', 'HIT@10': '0.5543', 'NDCG@10': '0.2991', 'HIT@20': '0.7315', 'NDCG@20': '0.3440', 'MRR@5': '0.2409', 'MRR@10': '0.2409', 'MRR@20': '0.2409'}
Validation score increased.  Saving model ...
{'epoch': 113, 'rec_avg_loss': '0.6624', 'rec_cur_loss': '0.6597'}
{'Epoch': 113, 'HIT@5': '0.3712', 'NDCG@5': '0.2384', 'HIT@10': '0.5488', 'NDCG@10': '0.2956', 'HIT@20': '0.7305', 'NDCG@20': '0.3417', 'MRR@5': '0.2384', 'MRR@10': '0.2384', 'MRR@20': '0.2384'}
EarlyStopping counter: 1 out of 10
{'epoch': 114, 'rec_avg_loss': '0.6610', 'rec_cur_loss': '0.6920'}
{'Epoch': 114, 'HIT@5': '0.3705', 'NDCG@5': '0.2370', 'HIT@10': '0.5492', 'NDCG@10': '0.2945', 'HIT@20': '0.7258', 'NDCG@20': '0.3393', 'MRR@5': '0.2368', 'MRR@10': '0.2368', 'MRR@20': '0.2368'}
EarlyStopping counter: 2 out of 10
{'epoch': 115, 'rec_avg_loss': '0.6638', 'rec_cur_loss': '0.6818'}
{'Epoch': 115, 'HIT@5': '0.3752', 'NDCG@5': '0.2410', 'HIT@10': '0.5512', 'NDCG@10': '0.2978', 'HIT@20': '0.7300', 'NDCG@20': '0.3433', 'MRR@5': '0.2404', 'MRR@10': '0.2404', 'MRR@20': '0.2404'}
EarlyStopping counter: 3 out of 10
{'epoch': 116, 'rec_avg_loss': '0.6578', 'rec_cur_loss': '0.6544'}
{'Epoch': 116, 'HIT@5': '0.3728', 'NDCG@5': '0.2387', 'HIT@10': '0.5507', 'NDCG@10': '0.2960', 'HIT@20': '0.7270', 'NDCG@20': '0.3407', 'MRR@5': '0.2381', 'MRR@10': '0.2381', 'MRR@20': '0.2381'}
EarlyStopping counter: 4 out of 10
{'epoch': 117, 'rec_avg_loss': '0.6614', 'rec_cur_loss': '0.6572'}
{'Epoch': 117, 'HIT@5': '0.3742', 'NDCG@5': '0.2408', 'HIT@10': '0.5546', 'NDCG@10': '0.2988', 'HIT@20': '0.7272', 'NDCG@20': '0.3425', 'MRR@5': '0.2404', 'MRR@10': '0.2404', 'MRR@20': '0.2404'}
EarlyStopping counter: 5 out of 10
{'epoch': 118, 'rec_avg_loss': '0.6605', 'rec_cur_loss': '0.6824'}
{'Epoch': 118, 'HIT@5': '0.3714', 'NDCG@5': '0.2407', 'HIT@10': '0.5522', 'NDCG@10': '0.2989', 'HIT@20': '0.7283', 'NDCG@20': '0.3436', 'MRR@5': '0.2415', 'MRR@10': '0.2415', 'MRR@20': '0.2415'}
Validation score increased.  Saving model ...
{'epoch': 119, 'rec_avg_loss': '0.6583', 'rec_cur_loss': '0.6976'}
{'Epoch': 119, 'HIT@5': '0.3671', 'NDCG@5': '0.2365', 'HIT@10': '0.5460', 'NDCG@10': '0.2940', 'HIT@20': '0.7255', 'NDCG@20': '0.3395', 'MRR@5': '0.2373', 'MRR@10': '0.2373', 'MRR@20': '0.2373'}
EarlyStopping counter: 1 out of 10
{'epoch': 120, 'rec_avg_loss': '0.6590', 'rec_cur_loss': '0.6676'}
{'Epoch': 120, 'HIT@5': '0.3714', 'NDCG@5': '0.2394', 'HIT@10': '0.5518', 'NDCG@10': '0.2976', 'HIT@20': '0.7253', 'NDCG@20': '0.3418', 'MRR@5': '0.2400', 'MRR@10': '0.2400', 'MRR@20': '0.2400'}
EarlyStopping counter: 2 out of 10
{'epoch': 121, 'rec_avg_loss': '0.6609', 'rec_cur_loss': '0.6765'}
{'Epoch': 121, 'HIT@5': '0.3677', 'NDCG@5': '0.2371', 'HIT@10': '0.5490', 'NDCG@10': '0.2954', 'HIT@20': '0.7250', 'NDCG@20': '0.3401', 'MRR@5': '0.2381', 'MRR@10': '0.2381', 'MRR@20': '0.2381'}
EarlyStopping counter: 3 out of 10
{'epoch': 122, 'rec_avg_loss': '0.6580', 'rec_cur_loss': '0.6458'}
{'Epoch': 122, 'HIT@5': '0.3730', 'NDCG@5': '0.2404', 'HIT@10': '0.5510', 'NDCG@10': '0.2977', 'HIT@20': '0.7257', 'NDCG@20': '0.3421', 'MRR@5': '0.2403', 'MRR@10': '0.2403', 'MRR@20': '0.2403'}
EarlyStopping counter: 4 out of 10
{'epoch': 123, 'rec_avg_loss': '0.6580', 'rec_cur_loss': '0.6762'}
{'Epoch': 123, 'HIT@5': '0.3785', 'NDCG@5': '0.2442', 'HIT@10': '0.5565', 'NDCG@10': '0.3015', 'HIT@20': '0.7308', 'NDCG@20': '0.3458', 'MRR@5': '0.2433', 'MRR@10': '0.2433', 'MRR@20': '0.2433'}
Validation score increased.  Saving model ...
{'epoch': 124, 'rec_avg_loss': '0.6581', 'rec_cur_loss': '0.6927'}
{'Epoch': 124, 'HIT@5': '0.3755', 'NDCG@5': '0.2413', 'HIT@10': '0.5525', 'NDCG@10': '0.2983', 'HIT@20': '0.7273', 'NDCG@20': '0.3427', 'MRR@5': '0.2405', 'MRR@10': '0.2405', 'MRR@20': '0.2405'}
EarlyStopping counter: 1 out of 10
{'epoch': 125, 'rec_avg_loss': '0.6567', 'rec_cur_loss': '0.6678'}
{'Epoch': 125, 'HIT@5': '0.3793', 'NDCG@5': '0.2457', 'HIT@10': '0.5551', 'NDCG@10': '0.3024', 'HIT@20': '0.7311', 'NDCG@20': '0.3472', 'MRR@5': '0.2450', 'MRR@10': '0.2450', 'MRR@20': '0.2450'}
Validation score increased.  Saving model ...
{'epoch': 126, 'rec_avg_loss': '0.6568', 'rec_cur_loss': '0.6558'}
{'Epoch': 126, 'HIT@5': '0.3753', 'NDCG@5': '0.2423', 'HIT@10': '0.5517', 'NDCG@10': '0.2990', 'HIT@20': '0.7283', 'NDCG@20': '0.3438', 'MRR@5': '0.2417', 'MRR@10': '0.2417', 'MRR@20': '0.2417'}
EarlyStopping counter: 1 out of 10
{'epoch': 127, 'rec_avg_loss': '0.6547', 'rec_cur_loss': '0.6289'}
{'Epoch': 127, 'HIT@5': '0.3714', 'NDCG@5': '0.2400', 'HIT@10': '0.5498', 'NDCG@10': '0.2977', 'HIT@20': '0.7267', 'NDCG@20': '0.3427', 'MRR@5': '0.2407', 'MRR@10': '0.2407', 'MRR@20': '0.2407'}
EarlyStopping counter: 2 out of 10
{'epoch': 128, 'rec_avg_loss': '0.6536', 'rec_cur_loss': '0.6234'}
{'Epoch': 128, 'HIT@5': '0.3720', 'NDCG@5': '0.2415', 'HIT@10': '0.5518', 'NDCG@10': '0.2996', 'HIT@20': '0.7283', 'NDCG@20': '0.3444', 'MRR@5': '0.2425', 'MRR@10': '0.2425', 'MRR@20': '0.2425'}
EarlyStopping counter: 3 out of 10
{'epoch': 129, 'rec_avg_loss': '0.6549', 'rec_cur_loss': '0.6540'}
{'Epoch': 129, 'HIT@5': '0.3808', 'NDCG@5': '0.2464', 'HIT@10': '0.5561', 'NDCG@10': '0.3029', 'HIT@20': '0.7288', 'NDCG@20': '0.3468', 'MRR@5': '0.2452', 'MRR@10': '0.2452', 'MRR@20': '0.2452'}
Validation score increased.  Saving model ...
{'epoch': 130, 'rec_avg_loss': '0.6556', 'rec_cur_loss': '0.6613'}
{'Epoch': 130, 'HIT@5': '0.3745', 'NDCG@5': '0.2414', 'HIT@10': '0.5575', 'NDCG@10': '0.3003', 'HIT@20': '0.7281', 'NDCG@20': '0.3437', 'MRR@5': '0.2414', 'MRR@10': '0.2414', 'MRR@20': '0.2414'}
EarlyStopping counter: 1 out of 10
{'epoch': 131, 'rec_avg_loss': '0.6549', 'rec_cur_loss': '0.6251'}
{'Epoch': 131, 'HIT@5': '0.3781', 'NDCG@5': '0.2442', 'HIT@10': '0.5583', 'NDCG@10': '0.3023', 'HIT@20': '0.7300', 'NDCG@20': '0.3459', 'MRR@5': '0.2436', 'MRR@10': '0.2436', 'MRR@20': '0.2436'}
EarlyStopping counter: 2 out of 10
{'epoch': 132, 'rec_avg_loss': '0.6529', 'rec_cur_loss': '0.6671'}
{'Epoch': 132, 'HIT@5': '0.3680', 'NDCG@5': '0.2381', 'HIT@10': '0.5530', 'NDCG@10': '0.2977', 'HIT@20': '0.7260', 'NDCG@20': '0.3417', 'MRR@5': '0.2397', 'MRR@10': '0.2397', 'MRR@20': '0.2397'}
EarlyStopping counter: 3 out of 10
{'epoch': 133, 'rec_avg_loss': '0.6529', 'rec_cur_loss': '0.6385'}
{'Epoch': 133, 'HIT@5': '0.3707', 'NDCG@5': '0.2405', 'HIT@10': '0.5535', 'NDCG@10': '0.2994', 'HIT@20': '0.7276', 'NDCG@20': '0.3437', 'MRR@5': '0.2417', 'MRR@10': '0.2417', 'MRR@20': '0.2417'}
EarlyStopping counter: 4 out of 10
{'epoch': 134, 'rec_avg_loss': '0.6528', 'rec_cur_loss': '0.6513'}
{'Epoch': 134, 'HIT@5': '0.3778', 'NDCG@5': '0.2443', 'HIT@10': '0.5579', 'NDCG@10': '0.3023', 'HIT@20': '0.7281', 'NDCG@20': '0.3455', 'MRR@5': '0.2437', 'MRR@10': '0.2437', 'MRR@20': '0.2437'}
EarlyStopping counter: 5 out of 10
{'epoch': 135, 'rec_avg_loss': '0.6545', 'rec_cur_loss': '0.6494'}
{'Epoch': 135, 'HIT@5': '0.3781', 'NDCG@5': '0.2445', 'HIT@10': '0.5523', 'NDCG@10': '0.3007', 'HIT@20': '0.7295', 'NDCG@20': '0.3457', 'MRR@5': '0.2437', 'MRR@10': '0.2437', 'MRR@20': '0.2437'}
EarlyStopping counter: 6 out of 10
{'epoch': 136, 'rec_avg_loss': '0.6537', 'rec_cur_loss': '0.6675'}
{'Epoch': 136, 'HIT@5': '0.3758', 'NDCG@5': '0.2434', 'HIT@10': '0.5560', 'NDCG@10': '0.3013', 'HIT@20': '0.7310', 'NDCG@20': '0.3457', 'MRR@5': '0.2432', 'MRR@10': '0.2432', 'MRR@20': '0.2432'}
EarlyStopping counter: 7 out of 10
{'epoch': 137, 'rec_avg_loss': '0.6537', 'rec_cur_loss': '0.6500'}
{'Epoch': 137, 'HIT@5': '0.3765', 'NDCG@5': '0.2437', 'HIT@10': '0.5560', 'NDCG@10': '0.3014', 'HIT@20': '0.7286', 'NDCG@20': '0.3452', 'MRR@5': '0.2433', 'MRR@10': '0.2433', 'MRR@20': '0.2433'}
EarlyStopping counter: 8 out of 10
{'epoch': 138, 'rec_avg_loss': '0.6500', 'rec_cur_loss': '0.6256'}
{'Epoch': 138, 'HIT@5': '0.3816', 'NDCG@5': '0.2474', 'HIT@10': '0.5614', 'NDCG@10': '0.3053', 'HIT@20': '0.7348', 'NDCG@20': '0.3493', 'MRR@5': '0.2466', 'MRR@10': '0.2466', 'MRR@20': '0.2466'}
Validation score increased.  Saving model ...
{'epoch': 139, 'rec_avg_loss': '0.6516', 'rec_cur_loss': '0.6667'}
{'Epoch': 139, 'HIT@5': '0.3805', 'NDCG@5': '0.2475', 'HIT@10': '0.5632', 'NDCG@10': '0.3063', 'HIT@20': '0.7336', 'NDCG@20': '0.3496', 'MRR@5': '0.2472', 'MRR@10': '0.2472', 'MRR@20': '0.2472'}
Validation score increased.  Saving model ...
{'epoch': 140, 'rec_avg_loss': '0.6509', 'rec_cur_loss': '0.6439'}
{'Epoch': 140, 'HIT@5': '0.3768', 'NDCG@5': '0.2454', 'HIT@10': '0.5603', 'NDCG@10': '0.3046', 'HIT@20': '0.7321', 'NDCG@20': '0.3483', 'MRR@5': '0.2461', 'MRR@10': '0.2461', 'MRR@20': '0.2461'}
EarlyStopping counter: 1 out of 10
{'epoch': 141, 'rec_avg_loss': '0.6491', 'rec_cur_loss': '0.6822'}
{'Epoch': 141, 'HIT@5': '0.3806', 'NDCG@5': '0.2479', 'HIT@10': '0.5608', 'NDCG@10': '0.3059', 'HIT@20': '0.7334', 'NDCG@20': '0.3497', 'MRR@5': '0.2475', 'MRR@10': '0.2475', 'MRR@20': '0.2475'}
Validation score increased.  Saving model ...
{'epoch': 142, 'rec_avg_loss': '0.6503', 'rec_cur_loss': '0.6279'}
{'Epoch': 142, 'HIT@5': '0.3813', 'NDCG@5': '0.2462', 'HIT@10': '0.5598', 'NDCG@10': '0.3038', 'HIT@20': '0.7321', 'NDCG@20': '0.3476', 'MRR@5': '0.2450', 'MRR@10': '0.2450', 'MRR@20': '0.2450'}
EarlyStopping counter: 1 out of 10
{'epoch': 143, 'rec_avg_loss': '0.6478', 'rec_cur_loss': '0.6301'}
{'Epoch': 143, 'HIT@5': '0.3795', 'NDCG@5': '0.2480', 'HIT@10': '0.5634', 'NDCG@10': '0.3075', 'HIT@20': '0.7308', 'NDCG@20': '0.3500', 'MRR@5': '0.2484', 'MRR@10': '0.2484', 'MRR@20': '0.2484'}
Validation score increased.  Saving model ...
{'epoch': 144, 'rec_avg_loss': '0.6490', 'rec_cur_loss': '0.6465'}
{'Epoch': 144, 'HIT@5': '0.3801', 'NDCG@5': '0.2466', 'HIT@10': '0.5591', 'NDCG@10': '0.3044', 'HIT@20': '0.7323', 'NDCG@20': '0.3483', 'MRR@5': '0.2460', 'MRR@10': '0.2460', 'MRR@20': '0.2460'}
EarlyStopping counter: 1 out of 10
{'epoch': 145, 'rec_avg_loss': '0.6481', 'rec_cur_loss': '0.6234'}
{'Epoch': 145, 'HIT@5': '0.3785', 'NDCG@5': '0.2457', 'HIT@10': '0.5608', 'NDCG@10': '0.3046', 'HIT@20': '0.7325', 'NDCG@20': '0.3482', 'MRR@5': '0.2457', 'MRR@10': '0.2457', 'MRR@20': '0.2457'}
EarlyStopping counter: 2 out of 10
{'epoch': 146, 'rec_avg_loss': '0.6477', 'rec_cur_loss': '0.6217'}
{'Epoch': 146, 'HIT@5': '0.3887', 'NDCG@5': '0.2544', 'HIT@10': '0.5699', 'NDCG@10': '0.3128', 'HIT@20': '0.7331', 'NDCG@20': '0.3542', 'MRR@5': '0.2529', 'MRR@10': '0.2529', 'MRR@20': '0.2529'}
Validation score increased.  Saving model ...
{'epoch': 147, 'rec_avg_loss': '0.6487', 'rec_cur_loss': '0.6135'}
{'Epoch': 147, 'HIT@5': '0.3795', 'NDCG@5': '0.2456', 'HIT@10': '0.5575', 'NDCG@10': '0.3031', 'HIT@20': '0.7316', 'NDCG@20': '0.3472', 'MRR@5': '0.2449', 'MRR@10': '0.2449', 'MRR@20': '0.2449'}
EarlyStopping counter: 1 out of 10
{'epoch': 148, 'rec_avg_loss': '0.6493', 'rec_cur_loss': '0.6485'}
{'Epoch': 148, 'HIT@5': '0.3831', 'NDCG@5': '0.2491', 'HIT@10': '0.5601', 'NDCG@10': '0.3063', 'HIT@20': '0.7339', 'NDCG@20': '0.3504', 'MRR@5': '0.2482', 'MRR@10': '0.2482', 'MRR@20': '0.2482'}
EarlyStopping counter: 2 out of 10
{'epoch': 149, 'rec_avg_loss': '0.6485', 'rec_cur_loss': '0.6551'}
{'Epoch': 149, 'HIT@5': '0.3877', 'NDCG@5': '0.2523', 'HIT@10': '0.5664', 'NDCG@10': '0.3100', 'HIT@20': '0.7358', 'NDCG@20': '0.3529', 'MRR@5': '0.2505', 'MRR@10': '0.2505', 'MRR@20': '0.2505'}
EarlyStopping counter: 3 out of 10
{'epoch': 150, 'rec_avg_loss': '0.6470', 'rec_cur_loss': '0.6417'}
{'Epoch': 150, 'HIT@5': '0.3874', 'NDCG@5': '0.2505', 'HIT@10': '0.5636', 'NDCG@10': '0.3074', 'HIT@20': '0.7339', 'NDCG@20': '0.3507', 'MRR@5': '0.2483', 'MRR@10': '0.2483', 'MRR@20': '0.2483'}
EarlyStopping counter: 4 out of 10
{'epoch': 151, 'rec_avg_loss': '0.6473', 'rec_cur_loss': '0.6441'}
{'Epoch': 151, 'HIT@5': '0.3803', 'NDCG@5': '0.2471', 'HIT@10': '0.5594', 'NDCG@10': '0.3051', 'HIT@20': '0.7336', 'NDCG@20': '0.3493', 'MRR@5': '0.2468', 'MRR@10': '0.2468', 'MRR@20': '0.2468'}
EarlyStopping counter: 5 out of 10
{'epoch': 152, 'rec_avg_loss': '0.6472', 'rec_cur_loss': '0.6494'}
{'Epoch': 152, 'HIT@5': '0.3848', 'NDCG@5': '0.2495', 'HIT@10': '0.5626', 'NDCG@10': '0.3071', 'HIT@20': '0.7321', 'NDCG@20': '0.3503', 'MRR@5': '0.2483', 'MRR@10': '0.2483', 'MRR@20': '0.2483'}
EarlyStopping counter: 6 out of 10
{'epoch': 153, 'rec_avg_loss': '0.6467', 'rec_cur_loss': '0.6277'}
{'Epoch': 153, 'HIT@5': '0.3836', 'NDCG@5': '0.2503', 'HIT@10': '0.5614', 'NDCG@10': '0.3077', 'HIT@20': '0.7363', 'NDCG@20': '0.3521', 'MRR@5': '0.2496', 'MRR@10': '0.2496', 'MRR@20': '0.2496'}
EarlyStopping counter: 7 out of 10
{'epoch': 154, 'rec_avg_loss': '0.6456', 'rec_cur_loss': '0.6535'}
{'Epoch': 154, 'HIT@5': '0.3841', 'NDCG@5': '0.2497', 'HIT@10': '0.5627', 'NDCG@10': '0.3076', 'HIT@20': '0.7331', 'NDCG@20': '0.3509', 'MRR@5': '0.2489', 'MRR@10': '0.2489', 'MRR@20': '0.2489'}
EarlyStopping counter: 8 out of 10
{'epoch': 155, 'rec_avg_loss': '0.6448', 'rec_cur_loss': '0.6523'}
{'Epoch': 155, 'HIT@5': '0.3897', 'NDCG@5': '0.2533', 'HIT@10': '0.5677', 'NDCG@10': '0.3107', 'HIT@20': '0.7336', 'NDCG@20': '0.3529', 'MRR@5': '0.2511', 'MRR@10': '0.2511', 'MRR@20': '0.2511'}
EarlyStopping counter: 9 out of 10
{'epoch': 156, 'rec_avg_loss': '0.6443', 'rec_cur_loss': '0.6469'}
{'Epoch': 156, 'HIT@5': '0.3869', 'NDCG@5': '0.2508', 'HIT@10': '0.5659', 'NDCG@10': '0.3086', 'HIT@20': '0.7334', 'NDCG@20': '0.3513', 'MRR@5': '0.2490', 'MRR@10': '0.2490', 'MRR@20': '0.2490'}
EarlyStopping counter: 10 out of 10
Early stopping
---------------Sample 99 results-------------------
{'Epoch': 0, 'HIT@5': '0.3685', 'NDCG@5': '0.2392', 'HIT@10': '0.5404', 'NDCG@10': '0.2948', 'HIT@20': '0.7060', 'NDCG@20': '0.3368', 'MRR@5': '0.2390', 'MRR@10': '0.2390', 'MRR@20': '0.2390'}
Finetune_sample-ml-1m-100
{'Epoch': 0, 'HIT@5': '0.3685', 'NDCG@5': '0.2392', 'HIT@10': '0.5404', 'NDCG@10': '0.2948', 'HIT@20': '0.7060', 'NDCG@20': '0.3368', 'MRR@5': '0.2390', 'MRR@10': '0.2390', 'MRR@20': '0.2390'}
