Namespace(adam_beta1=0.9, adam_beta2=0.999, attention_probs_dropout_prob=0.5, batch_size=256, ckp=160, cuda_condition=True, data_dir='./data/', data_file='./data/ml-1m.txt', data_name='ml-1m', do_eval=False, epochs=200, gpu_id='0', hidden_act='gelu', hidden_dropout_prob=0.5, hidden_size=64, initializer_range=0.02, item_size=3418, log_file='output/Finetune_sample-ml-1m-160.txt', log_freq=1, lr=0.001, mask_id=3417, max_seq_length=50, model_name='Finetune_sample', no_cuda=False, num_attention_heads=2, num_hidden_layers=2, output_dir='output/', sample_file='./data/ml-1m_sample.txt', seed=42, weight_decay=0.0)
Total Parameters: 338688
Load Checkpoint From output/ml-1m-epochs-160.pt!
{'epoch': 0, 'rec_avg_loss': '1.0633', 'rec_cur_loss': '0.9486'}
{'Epoch': 0, 'HIT@5': '0.1909', 'NDCG@5': '0.1162', 'HIT@10': '0.3124', 'NDCG@10': '0.1554', 'HIT@20': '0.4954', 'NDCG@20': '0.2013', 'MRR@5': '0.1331', 'MRR@10': '0.1331', 'MRR@20': '0.1331'}
Validation score increased.  Saving model ...
{'epoch': 1, 'rec_avg_loss': '0.8925', 'rec_cur_loss': '0.8275'}
{'Epoch': 1, 'HIT@5': '0.2240', 'NDCG@5': '0.1389', 'HIT@10': '0.3614', 'NDCG@10': '0.1829', 'HIT@20': '0.5573', 'NDCG@20': '0.2322', 'MRR@5': '0.1538', 'MRR@10': '0.1538', 'MRR@20': '0.1538'}
Validation score increased.  Saving model ...
{'epoch': 2, 'rec_avg_loss': '0.8308', 'rec_cur_loss': '0.8592'}
{'Epoch': 2, 'HIT@5': '0.2540', 'NDCG@5': '0.1608', 'HIT@10': '0.4063', 'NDCG@10': '0.2099', 'HIT@20': '0.6020', 'NDCG@20': '0.2592', 'MRR@5': '0.1743', 'MRR@10': '0.1743', 'MRR@20': '0.1743'}
Validation score increased.  Saving model ...
{'epoch': 3, 'rec_avg_loss': '0.7938', 'rec_cur_loss': '0.7983'}
{'Epoch': 3, 'HIT@5': '0.2793', 'NDCG@5': '0.1778', 'HIT@10': '0.4396', 'NDCG@10': '0.2293', 'HIT@20': '0.6262', 'NDCG@20': '0.2765', 'MRR@5': '0.1884', 'MRR@10': '0.1884', 'MRR@20': '0.1884'}
Validation score increased.  Saving model ...
{'epoch': 4, 'rec_avg_loss': '0.7654', 'rec_cur_loss': '0.7348'}
{'Epoch': 4, 'HIT@5': '0.2911', 'NDCG@5': '0.1853', 'HIT@10': '0.4604', 'NDCG@10': '0.2398', 'HIT@20': '0.6422', 'NDCG@20': '0.2858', 'MRR@5': '0.1949', 'MRR@10': '0.1949', 'MRR@20': '0.1949'}
Validation score increased.  Saving model ...
{'epoch': 5, 'rec_avg_loss': '0.7457', 'rec_cur_loss': '0.7457'}
{'Epoch': 5, 'HIT@5': '0.3013', 'NDCG@5': '0.1912', 'HIT@10': '0.4752', 'NDCG@10': '0.2472', 'HIT@20': '0.6502', 'NDCG@20': '0.2915', 'MRR@5': '0.1994', 'MRR@10': '0.1994', 'MRR@20': '0.1994'}
Validation score increased.  Saving model ...
{'epoch': 6, 'rec_avg_loss': '0.7338', 'rec_cur_loss': '0.7565'}
{'Epoch': 6, 'HIT@5': '0.3098', 'NDCG@5': '0.1977', 'HIT@10': '0.4796', 'NDCG@10': '0.2524', 'HIT@20': '0.6553', 'NDCG@20': '0.2968', 'MRR@5': '0.2044', 'MRR@10': '0.2044', 'MRR@20': '0.2044'}
Validation score increased.  Saving model ...
{'epoch': 7, 'rec_avg_loss': '0.7226', 'rec_cur_loss': '0.7166'}
{'Epoch': 7, 'HIT@5': '0.3146', 'NDCG@5': '0.2016', 'HIT@10': '0.4820', 'NDCG@10': '0.2555', 'HIT@20': '0.6518', 'NDCG@20': '0.2985', 'MRR@5': '0.2075', 'MRR@10': '0.2075', 'MRR@20': '0.2075'}
Validation score increased.  Saving model ...
{'epoch': 8, 'rec_avg_loss': '0.7135', 'rec_cur_loss': '0.7007'}
{'Epoch': 8, 'HIT@5': '0.3137', 'NDCG@5': '0.1995', 'HIT@10': '0.4823', 'NDCG@10': '0.2536', 'HIT@20': '0.6439', 'NDCG@20': '0.2946', 'MRR@5': '0.2047', 'MRR@10': '0.2047', 'MRR@20': '0.2047'}
EarlyStopping counter: 1 out of 10
{'epoch': 9, 'rec_avg_loss': '0.7030', 'rec_cur_loss': '0.6894'}
{'Epoch': 9, 'HIT@5': '0.3253', 'NDCG@5': '0.2084', 'HIT@10': '0.4934', 'NDCG@10': '0.2623', 'HIT@20': '0.6563', 'NDCG@20': '0.3035', 'MRR@5': '0.2123', 'MRR@10': '0.2123', 'MRR@20': '0.2123'}
Validation score increased.  Saving model ...
{'epoch': 10, 'rec_avg_loss': '0.6963', 'rec_cur_loss': '0.6832'}
{'Epoch': 10, 'HIT@5': '0.3270', 'NDCG@5': '0.2093', 'HIT@10': '0.4914', 'NDCG@10': '0.2622', 'HIT@20': '0.6507', 'NDCG@20': '0.3026', 'MRR@5': '0.2125', 'MRR@10': '0.2125', 'MRR@20': '0.2125'}
Validation score increased.  Saving model ...
{'epoch': 11, 'rec_avg_loss': '0.6930', 'rec_cur_loss': '0.6847'}
{'Epoch': 11, 'HIT@5': '0.3286', 'NDCG@5': '0.2115', 'HIT@10': '0.4962', 'NDCG@10': '0.2655', 'HIT@20': '0.6584', 'NDCG@20': '0.3066', 'MRR@5': '0.2153', 'MRR@10': '0.2153', 'MRR@20': '0.2153'}
Validation score increased.  Saving model ...
{'epoch': 12, 'rec_avg_loss': '0.6872', 'rec_cur_loss': '0.6847'}
{'Epoch': 12, 'HIT@5': '0.3364', 'NDCG@5': '0.2161', 'HIT@10': '0.5017', 'NDCG@10': '0.2695', 'HIT@20': '0.6654', 'NDCG@20': '0.3109', 'MRR@5': '0.2186', 'MRR@10': '0.2186', 'MRR@20': '0.2186'}
Validation score increased.  Saving model ...
{'epoch': 13, 'rec_avg_loss': '0.6839', 'rec_cur_loss': '0.6856'}
{'Epoch': 13, 'HIT@5': '0.3396', 'NDCG@5': '0.2187', 'HIT@10': '0.5071', 'NDCG@10': '0.2727', 'HIT@20': '0.6707', 'NDCG@20': '0.3142', 'MRR@5': '0.2211', 'MRR@10': '0.2211', 'MRR@20': '0.2211'}
Validation score increased.  Saving model ...
{'epoch': 14, 'rec_avg_loss': '0.6786', 'rec_cur_loss': '0.6811'}
{'Epoch': 14, 'HIT@5': '0.3469', 'NDCG@5': '0.2236', 'HIT@10': '0.5194', 'NDCG@10': '0.2794', 'HIT@20': '0.6816', 'NDCG@20': '0.3205', 'MRR@5': '0.2257', 'MRR@10': '0.2257', 'MRR@20': '0.2257'}
Validation score increased.  Saving model ...
{'epoch': 15, 'rec_avg_loss': '0.6752', 'rec_cur_loss': '0.6780'}
{'Epoch': 15, 'HIT@5': '0.3515', 'NDCG@5': '0.2266', 'HIT@10': '0.5212', 'NDCG@10': '0.2815', 'HIT@20': '0.6828', 'NDCG@20': '0.3225', 'MRR@5': '0.2278', 'MRR@10': '0.2278', 'MRR@20': '0.2278'}
Validation score increased.  Saving model ...
{'epoch': 16, 'rec_avg_loss': '0.6709', 'rec_cur_loss': '0.6717'}
{'Epoch': 16, 'HIT@5': '0.3555', 'NDCG@5': '0.2291', 'HIT@10': '0.5235', 'NDCG@10': '0.2833', 'HIT@20': '0.6806', 'NDCG@20': '0.3231', 'MRR@5': '0.2292', 'MRR@10': '0.2292', 'MRR@20': '0.2292'}
Validation score increased.  Saving model ...
{'epoch': 17, 'rec_avg_loss': '0.6703', 'rec_cur_loss': '0.6904'}
{'Epoch': 17, 'HIT@5': '0.3530', 'NDCG@5': '0.2289', 'HIT@10': '0.5262', 'NDCG@10': '0.2849', 'HIT@20': '0.6815', 'NDCG@20': '0.3242', 'MRR@5': '0.2305', 'MRR@10': '0.2305', 'MRR@20': '0.2305'}
Validation score increased.  Saving model ...
{'epoch': 18, 'rec_avg_loss': '0.6645', 'rec_cur_loss': '0.6174'}
{'Epoch': 18, 'HIT@5': '0.3525', 'NDCG@5': '0.2293', 'HIT@10': '0.5243', 'NDCG@10': '0.2850', 'HIT@20': '0.6828', 'NDCG@20': '0.3252', 'MRR@5': '0.2313', 'MRR@10': '0.2313', 'MRR@20': '0.2313'}
Validation score increased.  Saving model ...
{'epoch': 19, 'rec_avg_loss': '0.6642', 'rec_cur_loss': '0.6599'}
{'Epoch': 19, 'HIT@5': '0.3550', 'NDCG@5': '0.2289', 'HIT@10': '0.5220', 'NDCG@10': '0.2830', 'HIT@20': '0.6788', 'NDCG@20': '0.3228', 'MRR@5': '0.2294', 'MRR@10': '0.2294', 'MRR@20': '0.2294'}
EarlyStopping counter: 1 out of 10
{'epoch': 20, 'rec_avg_loss': '0.6627', 'rec_cur_loss': '0.6597'}
{'Epoch': 20, 'HIT@5': '0.3556', 'NDCG@5': '0.2301', 'HIT@10': '0.5270', 'NDCG@10': '0.2853', 'HIT@20': '0.6793', 'NDCG@20': '0.3239', 'MRR@5': '0.2307', 'MRR@10': '0.2307', 'MRR@20': '0.2307'}
EarlyStopping counter: 2 out of 10
{'epoch': 21, 'rec_avg_loss': '0.6597', 'rec_cur_loss': '0.6456'}
{'Epoch': 21, 'HIT@5': '0.3594', 'NDCG@5': '0.2340', 'HIT@10': '0.5318', 'NDCG@10': '0.2898', 'HIT@20': '0.6874', 'NDCG@20': '0.3294', 'MRR@5': '0.2351', 'MRR@10': '0.2351', 'MRR@20': '0.2351'}
Validation score increased.  Saving model ...
{'epoch': 22, 'rec_avg_loss': '0.6567', 'rec_cur_loss': '0.6716'}
{'Epoch': 22, 'HIT@5': '0.3566', 'NDCG@5': '0.2313', 'HIT@10': '0.5243', 'NDCG@10': '0.2856', 'HIT@20': '0.6783', 'NDCG@20': '0.3246', 'MRR@5': '0.2317', 'MRR@10': '0.2317', 'MRR@20': '0.2317'}
EarlyStopping counter: 1 out of 10
{'epoch': 23, 'rec_avg_loss': '0.6551', 'rec_cur_loss': '0.6420'}
{'Epoch': 23, 'HIT@5': '0.3666', 'NDCG@5': '0.2400', 'HIT@10': '0.5341', 'NDCG@10': '0.2942', 'HIT@20': '0.6912', 'NDCG@20': '0.3340', 'MRR@5': '0.2399', 'MRR@10': '0.2399', 'MRR@20': '0.2399'}
Validation score increased.  Saving model ...
{'epoch': 24, 'rec_avg_loss': '0.6549', 'rec_cur_loss': '0.6540'}
{'Epoch': 24, 'HIT@5': '0.3709', 'NDCG@5': '0.2427', 'HIT@10': '0.5411', 'NDCG@10': '0.2979', 'HIT@20': '0.6987', 'NDCG@20': '0.3379', 'MRR@5': '0.2425', 'MRR@10': '0.2425', 'MRR@20': '0.2425'}
Validation score increased.  Saving model ...
{'epoch': 25, 'rec_avg_loss': '0.6508', 'rec_cur_loss': '0.6662'}
{'Epoch': 25, 'HIT@5': '0.3793', 'NDCG@5': '0.2460', 'HIT@10': '0.5454', 'NDCG@10': '0.2999', 'HIT@20': '0.7017', 'NDCG@20': '0.3396', 'MRR@5': '0.2434', 'MRR@10': '0.2434', 'MRR@20': '0.2434'}
Validation score increased.  Saving model ...
{'epoch': 26, 'rec_avg_loss': '0.6487', 'rec_cur_loss': '0.6542'}
{'Epoch': 26, 'HIT@5': '0.3770', 'NDCG@5': '0.2456', 'HIT@10': '0.5490', 'NDCG@10': '0.3013', 'HIT@20': '0.7051', 'NDCG@20': '0.3408', 'MRR@5': '0.2441', 'MRR@10': '0.2441', 'MRR@20': '0.2441'}
Validation score increased.  Saving model ...
{'epoch': 27, 'rec_avg_loss': '0.6481', 'rec_cur_loss': '0.6611'}
{'Epoch': 27, 'HIT@5': '0.3844', 'NDCG@5': '0.2514', 'HIT@10': '0.5538', 'NDCG@10': '0.3061', 'HIT@20': '0.7081', 'NDCG@20': '0.3452', 'MRR@5': '0.2487', 'MRR@10': '0.2487', 'MRR@20': '0.2487'}
Validation score increased.  Saving model ...
{'epoch': 28, 'rec_avg_loss': '0.6457', 'rec_cur_loss': '0.6373'}
{'Epoch': 28, 'HIT@5': '0.3820', 'NDCG@5': '0.2499', 'HIT@10': '0.5467', 'NDCG@10': '0.3032', 'HIT@20': '0.7020', 'NDCG@20': '0.3424', 'MRR@5': '0.2471', 'MRR@10': '0.2471', 'MRR@20': '0.2471'}
EarlyStopping counter: 1 out of 10
{'epoch': 29, 'rec_avg_loss': '0.6419', 'rec_cur_loss': '0.6111'}
{'Epoch': 29, 'HIT@5': '0.3848', 'NDCG@5': '0.2529', 'HIT@10': '0.5505', 'NDCG@10': '0.3064', 'HIT@20': '0.7058', 'NDCG@20': '0.3458', 'MRR@5': '0.2502', 'MRR@10': '0.2502', 'MRR@20': '0.2502'}
Validation score increased.  Saving model ...
{'epoch': 30, 'rec_avg_loss': '0.6427', 'rec_cur_loss': '0.6498'}
{'Epoch': 30, 'HIT@5': '0.3949', 'NDCG@5': '0.2581', 'HIT@10': '0.5578', 'NDCG@10': '0.3108', 'HIT@20': '0.7131', 'NDCG@20': '0.3501', 'MRR@5': '0.2533', 'MRR@10': '0.2533', 'MRR@20': '0.2533'}
Validation score increased.  Saving model ...
{'epoch': 31, 'rec_avg_loss': '0.6442', 'rec_cur_loss': '0.6452'}
{'Epoch': 31, 'HIT@5': '0.3940', 'NDCG@5': '0.2570', 'HIT@10': '0.5561', 'NDCG@10': '0.3092', 'HIT@20': '0.7129', 'NDCG@20': '0.3490', 'MRR@5': '0.2520', 'MRR@10': '0.2520', 'MRR@20': '0.2520'}
EarlyStopping counter: 1 out of 10
{'epoch': 32, 'rec_avg_loss': '0.6414', 'rec_cur_loss': '0.6538'}
{'Epoch': 32, 'HIT@5': '0.3944', 'NDCG@5': '0.2583', 'HIT@10': '0.5583', 'NDCG@10': '0.3111', 'HIT@20': '0.7126', 'NDCG@20': '0.3502', 'MRR@5': '0.2536', 'MRR@10': '0.2536', 'MRR@20': '0.2536'}
Validation score increased.  Saving model ...
{'epoch': 33, 'rec_avg_loss': '0.6394', 'rec_cur_loss': '0.6152'}
{'Epoch': 33, 'HIT@5': '0.3906', 'NDCG@5': '0.2570', 'HIT@10': '0.5594', 'NDCG@10': '0.3115', 'HIT@20': '0.7169', 'NDCG@20': '0.3515', 'MRR@5': '0.2540', 'MRR@10': '0.2540', 'MRR@20': '0.2540'}
Validation score increased.  Saving model ...
{'epoch': 34, 'rec_avg_loss': '0.6389', 'rec_cur_loss': '0.6322'}
{'Epoch': 34, 'HIT@5': '0.3891', 'NDCG@5': '0.2559', 'HIT@10': '0.5560', 'NDCG@10': '0.3099', 'HIT@20': '0.7103', 'NDCG@20': '0.3490', 'MRR@5': '0.2528', 'MRR@10': '0.2528', 'MRR@20': '0.2528'}
EarlyStopping counter: 1 out of 10
{'epoch': 35, 'rec_avg_loss': '0.6361', 'rec_cur_loss': '0.6459'}
{'Epoch': 35, 'HIT@5': '0.3896', 'NDCG@5': '0.2561', 'HIT@10': '0.5561', 'NDCG@10': '0.3098', 'HIT@20': '0.7096', 'NDCG@20': '0.3488', 'MRR@5': '0.2527', 'MRR@10': '0.2527', 'MRR@20': '0.2527'}
EarlyStopping counter: 2 out of 10
{'epoch': 36, 'rec_avg_loss': '0.6380', 'rec_cur_loss': '0.6195'}
{'Epoch': 36, 'HIT@5': '0.3927', 'NDCG@5': '0.2606', 'HIT@10': '0.5636', 'NDCG@10': '0.3156', 'HIT@20': '0.7136', 'NDCG@20': '0.3536', 'MRR@5': '0.2577', 'MRR@10': '0.2577', 'MRR@20': '0.2577'}
Validation score increased.  Saving model ...
{'epoch': 37, 'rec_avg_loss': '0.6349', 'rec_cur_loss': '0.6235'}
{'Epoch': 37, 'HIT@5': '0.3969', 'NDCG@5': '0.2633', 'HIT@10': '0.5672', 'NDCG@10': '0.3184', 'HIT@20': '0.7209', 'NDCG@20': '0.3574', 'MRR@5': '0.2603', 'MRR@10': '0.2603', 'MRR@20': '0.2603'}
Validation score increased.  Saving model ...
{'epoch': 38, 'rec_avg_loss': '0.6332', 'rec_cur_loss': '0.6385'}
{'Epoch': 38, 'HIT@5': '0.3863', 'NDCG@5': '0.2560', 'HIT@10': '0.5586', 'NDCG@10': '0.3117', 'HIT@20': '0.7116', 'NDCG@20': '0.3504', 'MRR@5': '0.2544', 'MRR@10': '0.2544', 'MRR@20': '0.2544'}
EarlyStopping counter: 1 out of 10
{'epoch': 39, 'rec_avg_loss': '0.6332', 'rec_cur_loss': '0.6353'}
{'Epoch': 39, 'HIT@5': '0.3916', 'NDCG@5': '0.2586', 'HIT@10': '0.5632', 'NDCG@10': '0.3140', 'HIT@20': '0.7161', 'NDCG@20': '0.3527', 'MRR@5': '0.2558', 'MRR@10': '0.2558', 'MRR@20': '0.2558'}
EarlyStopping counter: 2 out of 10
{'epoch': 40, 'rec_avg_loss': '0.6306', 'rec_cur_loss': '0.6181'}
{'Epoch': 40, 'HIT@5': '0.3982', 'NDCG@5': '0.2632', 'HIT@10': '0.5738', 'NDCG@10': '0.3200', 'HIT@20': '0.7242', 'NDCG@20': '0.3579', 'MRR@5': '0.2598', 'MRR@10': '0.2598', 'MRR@20': '0.2598'}
EarlyStopping counter: 3 out of 10
{'epoch': 41, 'rec_avg_loss': '0.6318', 'rec_cur_loss': '0.6396'}
{'Epoch': 41, 'HIT@5': '0.4028', 'NDCG@5': '0.2666', 'HIT@10': '0.5775', 'NDCG@10': '0.3230', 'HIT@20': '0.7298', 'NDCG@20': '0.3615', 'MRR@5': '0.2627', 'MRR@10': '0.2627', 'MRR@20': '0.2627'}
Validation score increased.  Saving model ...
{'epoch': 42, 'rec_avg_loss': '0.6324', 'rec_cur_loss': '0.6415'}
{'Epoch': 42, 'HIT@5': '0.4055', 'NDCG@5': '0.2674', 'HIT@10': '0.5763', 'NDCG@10': '0.3227', 'HIT@20': '0.7262', 'NDCG@20': '0.3607', 'MRR@5': '0.2625', 'MRR@10': '0.2625', 'MRR@20': '0.2625'}
EarlyStopping counter: 1 out of 10
{'epoch': 43, 'rec_avg_loss': '0.6298', 'rec_cur_loss': '0.6337'}
{'Epoch': 43, 'HIT@5': '0.4003', 'NDCG@5': '0.2644', 'HIT@10': '0.5709', 'NDCG@10': '0.3194', 'HIT@20': '0.7227', 'NDCG@20': '0.3579', 'MRR@5': '0.2602', 'MRR@10': '0.2602', 'MRR@20': '0.2602'}
EarlyStopping counter: 2 out of 10
{'epoch': 44, 'rec_avg_loss': '0.6284', 'rec_cur_loss': '0.6339'}
{'Epoch': 44, 'HIT@5': '0.4040', 'NDCG@5': '0.2675', 'HIT@10': '0.5717', 'NDCG@10': '0.3217', 'HIT@20': '0.7224', 'NDCG@20': '0.3600', 'MRR@5': '0.2629', 'MRR@10': '0.2629', 'MRR@20': '0.2629'}
Validation score increased.  Saving model ...
{'epoch': 45, 'rec_avg_loss': '0.6269', 'rec_cur_loss': '0.6073'}
{'Epoch': 45, 'HIT@5': '0.4088', 'NDCG@5': '0.2699', 'HIT@10': '0.5781', 'NDCG@10': '0.3245', 'HIT@20': '0.7301', 'NDCG@20': '0.3630', 'MRR@5': '0.2644', 'MRR@10': '0.2644', 'MRR@20': '0.2644'}
Validation score increased.  Saving model ...
{'epoch': 46, 'rec_avg_loss': '0.6290', 'rec_cur_loss': '0.6530'}
{'Epoch': 46, 'HIT@5': '0.4126', 'NDCG@5': '0.2732', 'HIT@10': '0.5839', 'NDCG@10': '0.3286', 'HIT@20': '0.7341', 'NDCG@20': '0.3667', 'MRR@5': '0.2678', 'MRR@10': '0.2678', 'MRR@20': '0.2678'}
Validation score increased.  Saving model ...
{'epoch': 47, 'rec_avg_loss': '0.6276', 'rec_cur_loss': '0.6620'}
{'Epoch': 47, 'HIT@5': '0.4071', 'NDCG@5': '0.2698', 'HIT@10': '0.5740', 'NDCG@10': '0.3235', 'HIT@20': '0.7270', 'NDCG@20': '0.3623', 'MRR@5': '0.2646', 'MRR@10': '0.2646', 'MRR@20': '0.2646'}
EarlyStopping counter: 1 out of 10
{'epoch': 48, 'rec_avg_loss': '0.6225', 'rec_cur_loss': '0.6303'}
{'Epoch': 48, 'HIT@5': '0.4005', 'NDCG@5': '0.2650', 'HIT@10': '0.5705', 'NDCG@10': '0.3200', 'HIT@20': '0.7257', 'NDCG@20': '0.3593', 'MRR@5': '0.2612', 'MRR@10': '0.2612', 'MRR@20': '0.2612'}
EarlyStopping counter: 2 out of 10
{'epoch': 49, 'rec_avg_loss': '0.6222', 'rec_cur_loss': '0.5965'}
{'Epoch': 49, 'HIT@5': '0.4116', 'NDCG@5': '0.2728', 'HIT@10': '0.5851', 'NDCG@10': '0.3289', 'HIT@20': '0.7310', 'NDCG@20': '0.3659', 'MRR@5': '0.2677', 'MRR@10': '0.2677', 'MRR@20': '0.2677'}
EarlyStopping counter: 3 out of 10
{'epoch': 50, 'rec_avg_loss': '0.6230', 'rec_cur_loss': '0.6308'}
{'Epoch': 50, 'HIT@5': '0.4137', 'NDCG@5': '0.2760', 'HIT@10': '0.5843', 'NDCG@10': '0.3311', 'HIT@20': '0.7310', 'NDCG@20': '0.3684', 'MRR@5': '0.2708', 'MRR@10': '0.2708', 'MRR@20': '0.2708'}
Validation score increased.  Saving model ...
{'epoch': 51, 'rec_avg_loss': '0.6220', 'rec_cur_loss': '0.6367'}
{'Epoch': 51, 'HIT@5': '0.4172', 'NDCG@5': '0.2785', 'HIT@10': '0.5904', 'NDCG@10': '0.3346', 'HIT@20': '0.7349', 'NDCG@20': '0.3712', 'MRR@5': '0.2732', 'MRR@10': '0.2732', 'MRR@20': '0.2732'}
Validation score increased.  Saving model ...
{'epoch': 52, 'rec_avg_loss': '0.6205', 'rec_cur_loss': '0.6243'}
{'Epoch': 52, 'HIT@5': '0.4232', 'NDCG@5': '0.2804', 'HIT@10': '0.5897', 'NDCG@10': '0.3342', 'HIT@20': '0.7361', 'NDCG@20': '0.3714', 'MRR@5': '0.2729', 'MRR@10': '0.2729', 'MRR@20': '0.2729'}
EarlyStopping counter: 1 out of 10
{'epoch': 53, 'rec_avg_loss': '0.6203', 'rec_cur_loss': '0.6395'}
{'Epoch': 53, 'HIT@5': '0.4197', 'NDCG@5': '0.2784', 'HIT@10': '0.5889', 'NDCG@10': '0.3331', 'HIT@20': '0.7368', 'NDCG@20': '0.3706', 'MRR@5': '0.2719', 'MRR@10': '0.2719', 'MRR@20': '0.2719'}
EarlyStopping counter: 2 out of 10
{'epoch': 54, 'rec_avg_loss': '0.6194', 'rec_cur_loss': '0.6074'}
{'Epoch': 54, 'HIT@5': '0.4172', 'NDCG@5': '0.2781', 'HIT@10': '0.5921', 'NDCG@10': '0.3346', 'HIT@20': '0.7389', 'NDCG@20': '0.3718', 'MRR@5': '0.2727', 'MRR@10': '0.2727', 'MRR@20': '0.2727'}
EarlyStopping counter: 3 out of 10
{'epoch': 55, 'rec_avg_loss': '0.6202', 'rec_cur_loss': '0.6223'}
{'Epoch': 55, 'HIT@5': '0.4166', 'NDCG@5': '0.2761', 'HIT@10': '0.5874', 'NDCG@10': '0.3313', 'HIT@20': '0.7376', 'NDCG@20': '0.3693', 'MRR@5': '0.2700', 'MRR@10': '0.2700', 'MRR@20': '0.2700'}
EarlyStopping counter: 4 out of 10
{'epoch': 56, 'rec_avg_loss': '0.6185', 'rec_cur_loss': '0.6436'}
{'Epoch': 56, 'HIT@5': '0.4227', 'NDCG@5': '0.2821', 'HIT@10': '0.5954', 'NDCG@10': '0.3379', 'HIT@20': '0.7416', 'NDCG@20': '0.3750', 'MRR@5': '0.2760', 'MRR@10': '0.2760', 'MRR@20': '0.2760'}
Validation score increased.  Saving model ...
{'epoch': 57, 'rec_avg_loss': '0.6167', 'rec_cur_loss': '0.6113'}
{'Epoch': 57, 'HIT@5': '0.4227', 'NDCG@5': '0.2824', 'HIT@10': '0.5894', 'NDCG@10': '0.3363', 'HIT@20': '0.7396', 'NDCG@20': '0.3745', 'MRR@5': '0.2760', 'MRR@10': '0.2760', 'MRR@20': '0.2760'}
EarlyStopping counter: 1 out of 10
{'epoch': 58, 'rec_avg_loss': '0.6171', 'rec_cur_loss': '0.5993'}
{'Epoch': 58, 'HIT@5': '0.4243', 'NDCG@5': '0.2838', 'HIT@10': '0.5932', 'NDCG@10': '0.3384', 'HIT@20': '0.7379', 'NDCG@20': '0.3750', 'MRR@5': '0.2771', 'MRR@10': '0.2771', 'MRR@20': '0.2771'}
Validation score increased.  Saving model ...
{'epoch': 59, 'rec_avg_loss': '0.6170', 'rec_cur_loss': '0.6081'}
{'Epoch': 59, 'HIT@5': '0.4248', 'NDCG@5': '0.2841', 'HIT@10': '0.5932', 'NDCG@10': '0.3386', 'HIT@20': '0.7406', 'NDCG@20': '0.3760', 'MRR@5': '0.2775', 'MRR@10': '0.2775', 'MRR@20': '0.2775'}
Validation score increased.  Saving model ...
{'epoch': 60, 'rec_avg_loss': '0.6156', 'rec_cur_loss': '0.6453'}
{'Epoch': 60, 'HIT@5': '0.4250', 'NDCG@5': '0.2830', 'HIT@10': '0.5957', 'NDCG@10': '0.3382', 'HIT@20': '0.7389', 'NDCG@20': '0.3745', 'MRR@5': '0.2760', 'MRR@10': '0.2760', 'MRR@20': '0.2760'}
EarlyStopping counter: 1 out of 10
{'epoch': 61, 'rec_avg_loss': '0.6134', 'rec_cur_loss': '0.5906'}
{'Epoch': 61, 'HIT@5': '0.4300', 'NDCG@5': '0.2867', 'HIT@10': '0.5978', 'NDCG@10': '0.3411', 'HIT@20': '0.7455', 'NDCG@20': '0.3785', 'MRR@5': '0.2791', 'MRR@10': '0.2791', 'MRR@20': '0.2791'}
Validation score increased.  Saving model ...
{'epoch': 62, 'rec_avg_loss': '0.6145', 'rec_cur_loss': '0.5936'}
{'Epoch': 62, 'HIT@5': '0.4281', 'NDCG@5': '0.2860', 'HIT@10': '0.5960', 'NDCG@10': '0.3404', 'HIT@20': '0.7437', 'NDCG@20': '0.3778', 'MRR@5': '0.2787', 'MRR@10': '0.2787', 'MRR@20': '0.2787'}
EarlyStopping counter: 1 out of 10
{'epoch': 63, 'rec_avg_loss': '0.6126', 'rec_cur_loss': '0.6174'}
{'Epoch': 63, 'HIT@5': '0.4351', 'NDCG@5': '0.2911', 'HIT@10': '0.6023', 'NDCG@10': '0.3452', 'HIT@20': '0.7450', 'NDCG@20': '0.3815', 'MRR@5': '0.2828', 'MRR@10': '0.2828', 'MRR@20': '0.2828'}
Validation score increased.  Saving model ...
{'epoch': 64, 'rec_avg_loss': '0.6149', 'rec_cur_loss': '0.6037'}
{'Epoch': 64, 'HIT@5': '0.4371', 'NDCG@5': '0.2921', 'HIT@10': '0.6061', 'NDCG@10': '0.3469', 'HIT@20': '0.7490', 'NDCG@20': '0.3831', 'MRR@5': '0.2837', 'MRR@10': '0.2837', 'MRR@20': '0.2837'}
Validation score increased.  Saving model ...
{'epoch': 65, 'rec_avg_loss': '0.6136', 'rec_cur_loss': '0.6382'}
{'Epoch': 65, 'HIT@5': '0.4331', 'NDCG@5': '0.2892', 'HIT@10': '0.6025', 'NDCG@10': '0.3439', 'HIT@20': '0.7467', 'NDCG@20': '0.3804', 'MRR@5': '0.2811', 'MRR@10': '0.2811', 'MRR@20': '0.2811'}
EarlyStopping counter: 1 out of 10
{'epoch': 66, 'rec_avg_loss': '0.6134', 'rec_cur_loss': '0.6234'}
{'Epoch': 66, 'HIT@5': '0.4296', 'NDCG@5': '0.2873', 'HIT@10': '0.5970', 'NDCG@10': '0.3415', 'HIT@20': '0.7419', 'NDCG@20': '0.3784', 'MRR@5': '0.2800', 'MRR@10': '0.2800', 'MRR@20': '0.2800'}
EarlyStopping counter: 2 out of 10
{'epoch': 67, 'rec_avg_loss': '0.6097', 'rec_cur_loss': '0.5996'}
{'Epoch': 67, 'HIT@5': '0.4338', 'NDCG@5': '0.2897', 'HIT@10': '0.5983', 'NDCG@10': '0.3430', 'HIT@20': '0.7459', 'NDCG@20': '0.3804', 'MRR@5': '0.2813', 'MRR@10': '0.2813', 'MRR@20': '0.2813'}
EarlyStopping counter: 3 out of 10
{'epoch': 68, 'rec_avg_loss': '0.6095', 'rec_cur_loss': '0.6088'}
{'Epoch': 68, 'HIT@5': '0.4366', 'NDCG@5': '0.2927', 'HIT@10': '0.6065', 'NDCG@10': '0.3476', 'HIT@20': '0.7525', 'NDCG@20': '0.3846', 'MRR@5': '0.2846', 'MRR@10': '0.2846', 'MRR@20': '0.2846'}
Validation score increased.  Saving model ...
{'epoch': 69, 'rec_avg_loss': '0.6114', 'rec_cur_loss': '0.6226'}
{'Epoch': 69, 'HIT@5': '0.4401', 'NDCG@5': '0.2945', 'HIT@10': '0.6075', 'NDCG@10': '0.3487', 'HIT@20': '0.7546', 'NDCG@20': '0.3861', 'MRR@5': '0.2858', 'MRR@10': '0.2858', 'MRR@20': '0.2858'}
Validation score increased.  Saving model ...
{'epoch': 70, 'rec_avg_loss': '0.6109', 'rec_cur_loss': '0.5800'}
{'Epoch': 70, 'HIT@5': '0.4303', 'NDCG@5': '0.2892', 'HIT@10': '0.5993', 'NDCG@10': '0.3439', 'HIT@20': '0.7465', 'NDCG@20': '0.3813', 'MRR@5': '0.2824', 'MRR@10': '0.2824', 'MRR@20': '0.2824'}
EarlyStopping counter: 1 out of 10
{'epoch': 71, 'rec_avg_loss': '0.6082', 'rec_cur_loss': '0.6202'}
{'Epoch': 71, 'HIT@5': '0.4442', 'NDCG@5': '0.2972', 'HIT@10': '0.6108', 'NDCG@10': '0.3509', 'HIT@20': '0.7531', 'NDCG@20': '0.3871', 'MRR@5': '0.2874', 'MRR@10': '0.2874', 'MRR@20': '0.2874'}
Validation score increased.  Saving model ...
{'epoch': 72, 'rec_avg_loss': '0.6102', 'rec_cur_loss': '0.6053'}
{'Epoch': 72, 'HIT@5': '0.4474', 'NDCG@5': '0.3000', 'HIT@10': '0.6142', 'NDCG@10': '0.3539', 'HIT@20': '0.7518', 'NDCG@20': '0.3889', 'MRR@5': '0.2901', 'MRR@10': '0.2901', 'MRR@20': '0.2901'}
Validation score increased.  Saving model ...
{'epoch': 73, 'rec_avg_loss': '0.6084', 'rec_cur_loss': '0.5990'}
{'Epoch': 73, 'HIT@5': '0.4429', 'NDCG@5': '0.2977', 'HIT@10': '0.6103', 'NDCG@10': '0.3517', 'HIT@20': '0.7550', 'NDCG@20': '0.3885', 'MRR@5': '0.2888', 'MRR@10': '0.2888', 'MRR@20': '0.2888'}
EarlyStopping counter: 1 out of 10
{'epoch': 74, 'rec_avg_loss': '0.6076', 'rec_cur_loss': '0.6355'}
{'Epoch': 74, 'HIT@5': '0.4391', 'NDCG@5': '0.2954', 'HIT@10': '0.6104', 'NDCG@10': '0.3508', 'HIT@20': '0.7540', 'NDCG@20': '0.3872', 'MRR@5': '0.2874', 'MRR@10': '0.2874', 'MRR@20': '0.2874'}
EarlyStopping counter: 2 out of 10
{'epoch': 75, 'rec_avg_loss': '0.6051', 'rec_cur_loss': '0.5942'}
{'Epoch': 75, 'HIT@5': '0.4464', 'NDCG@5': '0.2998', 'HIT@10': '0.6141', 'NDCG@10': '0.3540', 'HIT@20': '0.7563', 'NDCG@20': '0.3901', 'MRR@5': '0.2903', 'MRR@10': '0.2903', 'MRR@20': '0.2903'}
Validation score increased.  Saving model ...
{'epoch': 76, 'rec_avg_loss': '0.6051', 'rec_cur_loss': '0.5964'}
{'Epoch': 76, 'HIT@5': '0.4492', 'NDCG@5': '0.3008', 'HIT@10': '0.6131', 'NDCG@10': '0.3537', 'HIT@20': '0.7546', 'NDCG@20': '0.3897', 'MRR@5': '0.2901', 'MRR@10': '0.2901', 'MRR@20': '0.2901'}
EarlyStopping counter: 1 out of 10
{'epoch': 77, 'rec_avg_loss': '0.6044', 'rec_cur_loss': '0.6175'}
{'Epoch': 77, 'HIT@5': '0.4469', 'NDCG@5': '0.2999', 'HIT@10': '0.6144', 'NDCG@10': '0.3540', 'HIT@20': '0.7563', 'NDCG@20': '0.3900', 'MRR@5': '0.2902', 'MRR@10': '0.2902', 'MRR@20': '0.2902'}
EarlyStopping counter: 2 out of 10
{'epoch': 78, 'rec_avg_loss': '0.6052', 'rec_cur_loss': '0.5891'}
{'Epoch': 78, 'HIT@5': '0.4525', 'NDCG@5': '0.3039', 'HIT@10': '0.6171', 'NDCG@10': '0.3571', 'HIT@20': '0.7579', 'NDCG@20': '0.3929', 'MRR@5': '0.2932', 'MRR@10': '0.2932', 'MRR@20': '0.2932'}
Validation score increased.  Saving model ...
{'epoch': 79, 'rec_avg_loss': '0.6060', 'rec_cur_loss': '0.6161'}
{'Epoch': 79, 'HIT@5': '0.4440', 'NDCG@5': '0.2972', 'HIT@10': '0.6078', 'NDCG@10': '0.3501', 'HIT@20': '0.7520', 'NDCG@20': '0.3868', 'MRR@5': '0.2875', 'MRR@10': '0.2875', 'MRR@20': '0.2875'}
EarlyStopping counter: 1 out of 10
{'epoch': 80, 'rec_avg_loss': '0.6024', 'rec_cur_loss': '0.6270'}
{'Epoch': 80, 'HIT@5': '0.4480', 'NDCG@5': '0.2983', 'HIT@10': '0.6091', 'NDCG@10': '0.3502', 'HIT@20': '0.7531', 'NDCG@20': '0.3868', 'MRR@5': '0.2870', 'MRR@10': '0.2870', 'MRR@20': '0.2870'}
EarlyStopping counter: 2 out of 10
{'epoch': 81, 'rec_avg_loss': '0.6047', 'rec_cur_loss': '0.6012'}
{'Epoch': 81, 'HIT@5': '0.4452', 'NDCG@5': '0.2991', 'HIT@10': '0.6167', 'NDCG@10': '0.3545', 'HIT@20': '0.7591', 'NDCG@20': '0.3906', 'MRR@5': '0.2901', 'MRR@10': '0.2901', 'MRR@20': '0.2901'}
EarlyStopping counter: 3 out of 10
{'epoch': 82, 'rec_avg_loss': '0.6027', 'rec_cur_loss': '0.6214'}
{'Epoch': 82, 'HIT@5': '0.4450', 'NDCG@5': '0.2984', 'HIT@10': '0.6156', 'NDCG@10': '0.3534', 'HIT@20': '0.7570', 'NDCG@20': '0.3893', 'MRR@5': '0.2890', 'MRR@10': '0.2890', 'MRR@20': '0.2890'}
EarlyStopping counter: 4 out of 10
{'epoch': 83, 'rec_avg_loss': '0.6042', 'rec_cur_loss': '0.5911'}
{'Epoch': 83, 'HIT@5': '0.4508', 'NDCG@5': '0.3025', 'HIT@10': '0.6214', 'NDCG@10': '0.3576', 'HIT@20': '0.7579', 'NDCG@20': '0.3923', 'MRR@5': '0.2924', 'MRR@10': '0.2924', 'MRR@20': '0.2924'}
EarlyStopping counter: 5 out of 10
{'epoch': 84, 'rec_avg_loss': '0.6024', 'rec_cur_loss': '0.5668'}
{'Epoch': 84, 'HIT@5': '0.4530', 'NDCG@5': '0.3064', 'HIT@10': '0.6222', 'NDCG@10': '0.3611', 'HIT@20': '0.7616', 'NDCG@20': '0.3965', 'MRR@5': '0.2968', 'MRR@10': '0.2968', 'MRR@20': '0.2968'}
Validation score increased.  Saving model ...
{'epoch': 85, 'rec_avg_loss': '0.6024', 'rec_cur_loss': '0.6154'}
{'Epoch': 85, 'HIT@5': '0.4593', 'NDCG@5': '0.3078', 'HIT@10': '0.6250', 'NDCG@10': '0.3613', 'HIT@20': '0.7623', 'NDCG@20': '0.3962', 'MRR@5': '0.2960', 'MRR@10': '0.2960', 'MRR@20': '0.2960'}
EarlyStopping counter: 1 out of 10
{'epoch': 86, 'rec_avg_loss': '0.6020', 'rec_cur_loss': '0.6186'}
{'Epoch': 86, 'HIT@5': '0.4563', 'NDCG@5': '0.3074', 'HIT@10': '0.6215', 'NDCG@10': '0.3609', 'HIT@20': '0.7599', 'NDCG@20': '0.3961', 'MRR@5': '0.2965', 'MRR@10': '0.2965', 'MRR@20': '0.2965'}
EarlyStopping counter: 2 out of 10
{'epoch': 87, 'rec_avg_loss': '0.5999', 'rec_cur_loss': '0.6131'}
{'Epoch': 87, 'HIT@5': '0.4560', 'NDCG@5': '0.3061', 'HIT@10': '0.6210', 'NDCG@10': '0.3595', 'HIT@20': '0.7584', 'NDCG@20': '0.3944', 'MRR@5': '0.2948', 'MRR@10': '0.2948', 'MRR@20': '0.2948'}
EarlyStopping counter: 3 out of 10
{'epoch': 88, 'rec_avg_loss': '0.6015', 'rec_cur_loss': '0.5935'}
{'Epoch': 88, 'HIT@5': '0.4548', 'NDCG@5': '0.3049', 'HIT@10': '0.6210', 'NDCG@10': '0.3586', 'HIT@20': '0.7581', 'NDCG@20': '0.3933', 'MRR@5': '0.2936', 'MRR@10': '0.2936', 'MRR@20': '0.2936'}
EarlyStopping counter: 4 out of 10
{'epoch': 89, 'rec_avg_loss': '0.5982', 'rec_cur_loss': '0.5988'}
{'Epoch': 89, 'HIT@5': '0.4505', 'NDCG@5': '0.3028', 'HIT@10': '0.6190', 'NDCG@10': '0.3573', 'HIT@20': '0.7578', 'NDCG@20': '0.3925', 'MRR@5': '0.2927', 'MRR@10': '0.2927', 'MRR@20': '0.2927'}
EarlyStopping counter: 5 out of 10
{'epoch': 90, 'rec_avg_loss': '0.6005', 'rec_cur_loss': '0.6058'}
{'Epoch': 90, 'HIT@5': '0.4470', 'NDCG@5': '0.3013', 'HIT@10': '0.6157', 'NDCG@10': '0.3557', 'HIT@20': '0.7570', 'NDCG@20': '0.3915', 'MRR@5': '0.2920', 'MRR@10': '0.2920', 'MRR@20': '0.2920'}
EarlyStopping counter: 6 out of 10
{'epoch': 91, 'rec_avg_loss': '0.6023', 'rec_cur_loss': '0.6066'}
{'Epoch': 91, 'HIT@5': '0.4470', 'NDCG@5': '0.2995', 'HIT@10': '0.6134', 'NDCG@10': '0.3533', 'HIT@20': '0.7546', 'NDCG@20': '0.3892', 'MRR@5': '0.2895', 'MRR@10': '0.2895', 'MRR@20': '0.2895'}
EarlyStopping counter: 7 out of 10
{'epoch': 92, 'rec_avg_loss': '0.5987', 'rec_cur_loss': '0.5968'}
{'Epoch': 92, 'HIT@5': '0.4515', 'NDCG@5': '0.3028', 'HIT@10': '0.6200', 'NDCG@10': '0.3573', 'HIT@20': '0.7609', 'NDCG@20': '0.3931', 'MRR@5': '0.2926', 'MRR@10': '0.2926', 'MRR@20': '0.2926'}
EarlyStopping counter: 8 out of 10
{'epoch': 93, 'rec_avg_loss': '0.6005', 'rec_cur_loss': '0.6015'}
{'Epoch': 93, 'HIT@5': '0.4599', 'NDCG@5': '0.3112', 'HIT@10': '0.6290', 'NDCG@10': '0.3658', 'HIT@20': '0.7629', 'NDCG@20': '0.3998', 'MRR@5': '0.3003', 'MRR@10': '0.3003', 'MRR@20': '0.3003'}
Validation score increased.  Saving model ...
{'epoch': 94, 'rec_avg_loss': '0.5986', 'rec_cur_loss': '0.6280'}
{'Epoch': 94, 'HIT@5': '0.4609', 'NDCG@5': '0.3091', 'HIT@10': '0.6270', 'NDCG@10': '0.3629', 'HIT@20': '0.7613', 'NDCG@20': '0.3971', 'MRR@5': '0.2973', 'MRR@10': '0.2973', 'MRR@20': '0.2973'}
EarlyStopping counter: 1 out of 10
{'epoch': 95, 'rec_avg_loss': '0.6031', 'rec_cur_loss': '0.6068'}
{'Epoch': 95, 'HIT@5': '0.4588', 'NDCG@5': '0.3079', 'HIT@10': '0.6245', 'NDCG@10': '0.3614', 'HIT@20': '0.7596', 'NDCG@20': '0.3957', 'MRR@5': '0.2960', 'MRR@10': '0.2960', 'MRR@20': '0.2960'}
EarlyStopping counter: 2 out of 10
{'epoch': 96, 'rec_avg_loss': '0.5969', 'rec_cur_loss': '0.5846'}
{'Epoch': 96, 'HIT@5': '0.4578', 'NDCG@5': '0.3091', 'HIT@10': '0.6225', 'NDCG@10': '0.3625', 'HIT@20': '0.7629', 'NDCG@20': '0.3982', 'MRR@5': '0.2984', 'MRR@10': '0.2984', 'MRR@20': '0.2984'}
EarlyStopping counter: 3 out of 10
{'epoch': 97, 'rec_avg_loss': '0.5964', 'rec_cur_loss': '0.6044'}
{'Epoch': 97, 'HIT@5': '0.4575', 'NDCG@5': '0.3067', 'HIT@10': '0.6209', 'NDCG@10': '0.3596', 'HIT@20': '0.7618', 'NDCG@20': '0.3956', 'MRR@5': '0.2953', 'MRR@10': '0.2953', 'MRR@20': '0.2953'}
EarlyStopping counter: 4 out of 10
{'epoch': 98, 'rec_avg_loss': '0.5957', 'rec_cur_loss': '0.5999'}
{'Epoch': 98, 'HIT@5': '0.4616', 'NDCG@5': '0.3118', 'HIT@10': '0.6270', 'NDCG@10': '0.3655', 'HIT@20': '0.7636', 'NDCG@20': '0.4002', 'MRR@5': '0.3006', 'MRR@10': '0.3006', 'MRR@20': '0.3006'}
Validation score increased.  Saving model ...
{'epoch': 99, 'rec_avg_loss': '0.5984', 'rec_cur_loss': '0.5869'}
{'Epoch': 99, 'HIT@5': '0.4578', 'NDCG@5': '0.3082', 'HIT@10': '0.6252', 'NDCG@10': '0.3625', 'HIT@20': '0.7609', 'NDCG@20': '0.3970', 'MRR@5': '0.2974', 'MRR@10': '0.2974', 'MRR@20': '0.2974'}
EarlyStopping counter: 1 out of 10
{'epoch': 100, 'rec_avg_loss': '0.5950', 'rec_cur_loss': '0.5986'}
{'Epoch': 100, 'HIT@5': '0.4584', 'NDCG@5': '0.3111', 'HIT@10': '0.6262', 'NDCG@10': '0.3656', 'HIT@20': '0.7624', 'NDCG@20': '0.4003', 'MRR@5': '0.3012', 'MRR@10': '0.3012', 'MRR@20': '0.3012'}
Validation score increased.  Saving model ...
{'epoch': 101, 'rec_avg_loss': '0.5941', 'rec_cur_loss': '0.5897'}
{'Epoch': 101, 'HIT@5': '0.4594', 'NDCG@5': '0.3112', 'HIT@10': '0.6242', 'NDCG@10': '0.3647', 'HIT@20': '0.7639', 'NDCG@20': '0.4002', 'MRR@5': '0.3006', 'MRR@10': '0.3006', 'MRR@20': '0.3006'}
EarlyStopping counter: 1 out of 10
{'epoch': 102, 'rec_avg_loss': '0.5931', 'rec_cur_loss': '0.5618'}
{'Epoch': 102, 'HIT@5': '0.4575', 'NDCG@5': '0.3091', 'HIT@10': '0.6182', 'NDCG@10': '0.3613', 'HIT@20': '0.7618', 'NDCG@20': '0.3978', 'MRR@5': '0.2983', 'MRR@10': '0.2983', 'MRR@20': '0.2983'}
EarlyStopping counter: 2 out of 10
{'epoch': 103, 'rec_avg_loss': '0.5927', 'rec_cur_loss': '0.5900'}
{'Epoch': 103, 'HIT@5': '0.4583', 'NDCG@5': '0.3095', 'HIT@10': '0.6187', 'NDCG@10': '0.3616', 'HIT@20': '0.7646', 'NDCG@20': '0.3987', 'MRR@5': '0.2985', 'MRR@10': '0.2985', 'MRR@20': '0.2985'}
EarlyStopping counter: 3 out of 10
{'epoch': 104, 'rec_avg_loss': '0.5938', 'rec_cur_loss': '0.6013'}
{'Epoch': 104, 'HIT@5': '0.4581', 'NDCG@5': '0.3098', 'HIT@10': '0.6245', 'NDCG@10': '0.3638', 'HIT@20': '0.7632', 'NDCG@20': '0.3991', 'MRR@5': '0.2994', 'MRR@10': '0.2994', 'MRR@20': '0.2994'}
EarlyStopping counter: 4 out of 10
{'epoch': 105, 'rec_avg_loss': '0.5937', 'rec_cur_loss': '0.6055'}
{'Epoch': 105, 'HIT@5': '0.4627', 'NDCG@5': '0.3119', 'HIT@10': '0.6280', 'NDCG@10': '0.3656', 'HIT@20': '0.7656', 'NDCG@20': '0.4006', 'MRR@5': '0.3004', 'MRR@10': '0.3004', 'MRR@20': '0.3004'}
EarlyStopping counter: 5 out of 10
{'epoch': 106, 'rec_avg_loss': '0.5937', 'rec_cur_loss': '0.5765'}
{'Epoch': 106, 'HIT@5': '0.4690', 'NDCG@5': '0.3171', 'HIT@10': '0.6313', 'NDCG@10': '0.3698', 'HIT@20': '0.7664', 'NDCG@20': '0.4042', 'MRR@5': '0.3047', 'MRR@10': '0.3047', 'MRR@20': '0.3047'}
Validation score increased.  Saving model ...
{'epoch': 107, 'rec_avg_loss': '0.5899', 'rec_cur_loss': '0.5928'}
{'Epoch': 107, 'HIT@5': '0.4618', 'NDCG@5': '0.3133', 'HIT@10': '0.6228', 'NDCG@10': '0.3657', 'HIT@20': '0.7646', 'NDCG@20': '0.4017', 'MRR@5': '0.3023', 'MRR@10': '0.3023', 'MRR@20': '0.3023'}
EarlyStopping counter: 1 out of 10
{'epoch': 108, 'rec_avg_loss': '0.5918', 'rec_cur_loss': '0.5958'}
{'Epoch': 108, 'HIT@5': '0.4626', 'NDCG@5': '0.3135', 'HIT@10': '0.6272', 'NDCG@10': '0.3668', 'HIT@20': '0.7636', 'NDCG@20': '0.4016', 'MRR@5': '0.3023', 'MRR@10': '0.3023', 'MRR@20': '0.3023'}
EarlyStopping counter: 2 out of 10
{'epoch': 109, 'rec_avg_loss': '0.5918', 'rec_cur_loss': '0.5728'}
{'Epoch': 109, 'HIT@5': '0.4694', 'NDCG@5': '0.3166', 'HIT@10': '0.6306', 'NDCG@10': '0.3690', 'HIT@20': '0.7657', 'NDCG@20': '0.4033', 'MRR@5': '0.3038', 'MRR@10': '0.3038', 'MRR@20': '0.3038'}
EarlyStopping counter: 3 out of 10
{'epoch': 110, 'rec_avg_loss': '0.5912', 'rec_cur_loss': '0.5603'}
{'Epoch': 110, 'HIT@5': '0.4728', 'NDCG@5': '0.3200', 'HIT@10': '0.6348', 'NDCG@10': '0.3724', 'HIT@20': '0.7694', 'NDCG@20': '0.4066', 'MRR@5': '0.3069', 'MRR@10': '0.3069', 'MRR@20': '0.3069'}
Validation score increased.  Saving model ...
{'epoch': 111, 'rec_avg_loss': '0.5935', 'rec_cur_loss': '0.6083'}
{'Epoch': 111, 'HIT@5': '0.4697', 'NDCG@5': '0.3175', 'HIT@10': '0.6328', 'NDCG@10': '0.3701', 'HIT@20': '0.7679', 'NDCG@20': '0.4045', 'MRR@5': '0.3047', 'MRR@10': '0.3047', 'MRR@20': '0.3047'}
EarlyStopping counter: 1 out of 10
{'epoch': 112, 'rec_avg_loss': '0.5901', 'rec_cur_loss': '0.5758'}
{'Epoch': 112, 'HIT@5': '0.4728', 'NDCG@5': '0.3208', 'HIT@10': '0.6358', 'NDCG@10': '0.3735', 'HIT@20': '0.7675', 'NDCG@20': '0.4070', 'MRR@5': '0.3079', 'MRR@10': '0.3079', 'MRR@20': '0.3079'}
Validation score increased.  Saving model ...
{'epoch': 113, 'rec_avg_loss': '0.5902', 'rec_cur_loss': '0.5693'}
{'Epoch': 113, 'HIT@5': '0.4762', 'NDCG@5': '0.3230', 'HIT@10': '0.6333', 'NDCG@10': '0.3740', 'HIT@20': '0.7666', 'NDCG@20': '0.4079', 'MRR@5': '0.3094', 'MRR@10': '0.3094', 'MRR@20': '0.3094'}
Validation score increased.  Saving model ...
{'epoch': 114, 'rec_avg_loss': '0.5890', 'rec_cur_loss': '0.6071'}
{'Epoch': 114, 'HIT@5': '0.4710', 'NDCG@5': '0.3198', 'HIT@10': '0.6336', 'NDCG@10': '0.3724', 'HIT@20': '0.7672', 'NDCG@20': '0.4064', 'MRR@5': '0.3073', 'MRR@10': '0.3073', 'MRR@20': '0.3073'}
EarlyStopping counter: 1 out of 10
{'epoch': 115, 'rec_avg_loss': '0.5917', 'rec_cur_loss': '0.6106'}
{'Epoch': 115, 'HIT@5': '0.4689', 'NDCG@5': '0.3176', 'HIT@10': '0.6308', 'NDCG@10': '0.3700', 'HIT@20': '0.7657', 'NDCG@20': '0.4042', 'MRR@5': '0.3050', 'MRR@10': '0.3050', 'MRR@20': '0.3050'}
EarlyStopping counter: 2 out of 10
{'epoch': 116, 'rec_avg_loss': '0.5869', 'rec_cur_loss': '0.5739'}
{'Epoch': 116, 'HIT@5': '0.4705', 'NDCG@5': '0.3192', 'HIT@10': '0.6336', 'NDCG@10': '0.3720', 'HIT@20': '0.7677', 'NDCG@20': '0.4061', 'MRR@5': '0.3068', 'MRR@10': '0.3068', 'MRR@20': '0.3068'}
EarlyStopping counter: 3 out of 10
{'epoch': 117, 'rec_avg_loss': '0.5905', 'rec_cur_loss': '0.5738'}
{'Epoch': 117, 'HIT@5': '0.4743', 'NDCG@5': '0.3223', 'HIT@10': '0.6376', 'NDCG@10': '0.3752', 'HIT@20': '0.7682', 'NDCG@20': '0.4084', 'MRR@5': '0.3094', 'MRR@10': '0.3094', 'MRR@20': '0.3094'}
Validation score increased.  Saving model ...
{'epoch': 118, 'rec_avg_loss': '0.5876', 'rec_cur_loss': '0.6112'}
{'Epoch': 118, 'HIT@5': '0.4700', 'NDCG@5': '0.3202', 'HIT@10': '0.6353', 'NDCG@10': '0.3738', 'HIT@20': '0.7666', 'NDCG@20': '0.4073', 'MRR@5': '0.3086', 'MRR@10': '0.3086', 'MRR@20': '0.3086'}
EarlyStopping counter: 1 out of 10
{'epoch': 119, 'rec_avg_loss': '0.5875', 'rec_cur_loss': '0.6125'}
{'Epoch': 119, 'HIT@5': '0.4699', 'NDCG@5': '0.3198', 'HIT@10': '0.6318', 'NDCG@10': '0.3723', 'HIT@20': '0.7685', 'NDCG@20': '0.4071', 'MRR@5': '0.3078', 'MRR@10': '0.3078', 'MRR@20': '0.3078'}
EarlyStopping counter: 2 out of 10
{'epoch': 120, 'rec_avg_loss': '0.5875', 'rec_cur_loss': '0.5905'}
{'Epoch': 120, 'HIT@5': '0.4680', 'NDCG@5': '0.3166', 'HIT@10': '0.6318', 'NDCG@10': '0.3695', 'HIT@20': '0.7662', 'NDCG@20': '0.4037', 'MRR@5': '0.3042', 'MRR@10': '0.3042', 'MRR@20': '0.3042'}
EarlyStopping counter: 3 out of 10
{'epoch': 121, 'rec_avg_loss': '0.5891', 'rec_cur_loss': '0.5966'}
{'Epoch': 121, 'HIT@5': '0.4697', 'NDCG@5': '0.3184', 'HIT@10': '0.6331', 'NDCG@10': '0.3713', 'HIT@20': '0.7694', 'NDCG@20': '0.4059', 'MRR@5': '0.3060', 'MRR@10': '0.3060', 'MRR@20': '0.3060'}
EarlyStopping counter: 4 out of 10
{'epoch': 122, 'rec_avg_loss': '0.5866', 'rec_cur_loss': '0.5746'}
{'Epoch': 122, 'HIT@5': '0.4738', 'NDCG@5': '0.3234', 'HIT@10': '0.6369', 'NDCG@10': '0.3763', 'HIT@20': '0.7687', 'NDCG@20': '0.4097', 'MRR@5': '0.3109', 'MRR@10': '0.3109', 'MRR@20': '0.3109'}
Validation score increased.  Saving model ...
{'epoch': 123, 'rec_avg_loss': '0.5864', 'rec_cur_loss': '0.6060'}
{'Epoch': 123, 'HIT@5': '0.4705', 'NDCG@5': '0.3184', 'HIT@10': '0.6353', 'NDCG@10': '0.3718', 'HIT@20': '0.7654', 'NDCG@20': '0.4047', 'MRR@5': '0.3056', 'MRR@10': '0.3056', 'MRR@20': '0.3056'}
EarlyStopping counter: 1 out of 10
{'epoch': 124, 'rec_avg_loss': '0.5870', 'rec_cur_loss': '0.6145'}
{'Epoch': 124, 'HIT@5': '0.4697', 'NDCG@5': '0.3200', 'HIT@10': '0.6320', 'NDCG@10': '0.3727', 'HIT@20': '0.7666', 'NDCG@20': '0.4069', 'MRR@5': '0.3082', 'MRR@10': '0.3082', 'MRR@20': '0.3082'}
EarlyStopping counter: 2 out of 10
{'epoch': 125, 'rec_avg_loss': '0.5874', 'rec_cur_loss': '0.6068'}
{'Epoch': 125, 'HIT@5': '0.4752', 'NDCG@5': '0.3239', 'HIT@10': '0.6376', 'NDCG@10': '0.3766', 'HIT@20': '0.7672', 'NDCG@20': '0.4095', 'MRR@5': '0.3111', 'MRR@10': '0.3111', 'MRR@20': '0.3111'}
Validation score increased.  Saving model ...
{'epoch': 126, 'rec_avg_loss': '0.5844', 'rec_cur_loss': '0.5802'}
{'Epoch': 126, 'HIT@5': '0.4758', 'NDCG@5': '0.3229', 'HIT@10': '0.6353', 'NDCG@10': '0.3744', 'HIT@20': '0.7679', 'NDCG@20': '0.4081', 'MRR@5': '0.3091', 'MRR@10': '0.3091', 'MRR@20': '0.3091'}
EarlyStopping counter: 1 out of 10
{'epoch': 127, 'rec_avg_loss': '0.5843', 'rec_cur_loss': '0.5569'}
{'Epoch': 127, 'HIT@5': '0.4728', 'NDCG@5': '0.3210', 'HIT@10': '0.6348', 'NDCG@10': '0.3734', 'HIT@20': '0.7666', 'NDCG@20': '0.4070', 'MRR@5': '0.3082', 'MRR@10': '0.3082', 'MRR@20': '0.3082'}
EarlyStopping counter: 2 out of 10
{'epoch': 128, 'rec_avg_loss': '0.5859', 'rec_cur_loss': '0.5584'}
{'Epoch': 128, 'HIT@5': '0.4755', 'NDCG@5': '0.3235', 'HIT@10': '0.6361', 'NDCG@10': '0.3754', 'HIT@20': '0.7677', 'NDCG@20': '0.4089', 'MRR@5': '0.3103', 'MRR@10': '0.3103', 'MRR@20': '0.3103'}
EarlyStopping counter: 3 out of 10
{'epoch': 129, 'rec_avg_loss': '0.5845', 'rec_cur_loss': '0.5835'}
{'Epoch': 129, 'HIT@5': '0.4815', 'NDCG@5': '0.3263', 'HIT@10': '0.6386', 'NDCG@10': '0.3771', 'HIT@20': '0.7700', 'NDCG@20': '0.4105', 'MRR@5': '0.3115', 'MRR@10': '0.3115', 'MRR@20': '0.3115'}
Validation score increased.  Saving model ...
{'epoch': 130, 'rec_avg_loss': '0.5829', 'rec_cur_loss': '0.5805'}
{'Epoch': 130, 'HIT@5': '0.4762', 'NDCG@5': '0.3234', 'HIT@10': '0.6366', 'NDCG@10': '0.3752', 'HIT@20': '0.7680', 'NDCG@20': '0.4087', 'MRR@5': '0.3099', 'MRR@10': '0.3099', 'MRR@20': '0.3099'}
EarlyStopping counter: 1 out of 10
{'epoch': 131, 'rec_avg_loss': '0.5835', 'rec_cur_loss': '0.5660'}
{'Epoch': 131, 'HIT@5': '0.4755', 'NDCG@5': '0.3237', 'HIT@10': '0.6363', 'NDCG@10': '0.3758', 'HIT@20': '0.7667', 'NDCG@20': '0.4090', 'MRR@5': '0.3106', 'MRR@10': '0.3106', 'MRR@20': '0.3106'}
EarlyStopping counter: 2 out of 10
{'epoch': 132, 'rec_avg_loss': '0.5837', 'rec_cur_loss': '0.6060'}
{'Epoch': 132, 'HIT@5': '0.4755', 'NDCG@5': '0.3221', 'HIT@10': '0.6402', 'NDCG@10': '0.3754', 'HIT@20': '0.7689', 'NDCG@20': '0.4080', 'MRR@5': '0.3086', 'MRR@10': '0.3086', 'MRR@20': '0.3086'}
EarlyStopping counter: 3 out of 10
{'epoch': 133, 'rec_avg_loss': '0.5819', 'rec_cur_loss': '0.5696'}
{'Epoch': 133, 'HIT@5': '0.4760', 'NDCG@5': '0.3232', 'HIT@10': '0.6343', 'NDCG@10': '0.3744', 'HIT@20': '0.7677', 'NDCG@20': '0.4083', 'MRR@5': '0.3095', 'MRR@10': '0.3095', 'MRR@20': '0.3095'}
EarlyStopping counter: 4 out of 10
{'epoch': 134, 'rec_avg_loss': '0.5842', 'rec_cur_loss': '0.5850'}
{'Epoch': 134, 'HIT@5': '0.4730', 'NDCG@5': '0.3201', 'HIT@10': '0.6346', 'NDCG@10': '0.3724', 'HIT@20': '0.7687', 'NDCG@20': '0.4064', 'MRR@5': '0.3067', 'MRR@10': '0.3067', 'MRR@20': '0.3067'}
EarlyStopping counter: 5 out of 10
{'epoch': 135, 'rec_avg_loss': '0.5827', 'rec_cur_loss': '0.5704'}
{'Epoch': 135, 'HIT@5': '0.4770', 'NDCG@5': '0.3232', 'HIT@10': '0.6359', 'NDCG@10': '0.3747', 'HIT@20': '0.7705', 'NDCG@20': '0.4090', 'MRR@5': '0.3094', 'MRR@10': '0.3094', 'MRR@20': '0.3094'}
EarlyStopping counter: 6 out of 10
{'epoch': 136, 'rec_avg_loss': '0.5818', 'rec_cur_loss': '0.5925'}
{'Epoch': 136, 'HIT@5': '0.4720', 'NDCG@5': '0.3218', 'HIT@10': '0.6368', 'NDCG@10': '0.3751', 'HIT@20': '0.7695', 'NDCG@20': '0.4087', 'MRR@5': '0.3096', 'MRR@10': '0.3096', 'MRR@20': '0.3096'}
EarlyStopping counter: 7 out of 10
{'epoch': 137, 'rec_avg_loss': '0.5828', 'rec_cur_loss': '0.5864'}
{'Epoch': 137, 'HIT@5': '0.4727', 'NDCG@5': '0.3217', 'HIT@10': '0.6379', 'NDCG@10': '0.3751', 'HIT@20': '0.7675', 'NDCG@20': '0.4079', 'MRR@5': '0.3091', 'MRR@10': '0.3091', 'MRR@20': '0.3091'}
EarlyStopping counter: 8 out of 10
{'epoch': 138, 'rec_avg_loss': '0.5808', 'rec_cur_loss': '0.5623'}
{'Epoch': 138, 'HIT@5': '0.4783', 'NDCG@5': '0.3258', 'HIT@10': '0.6406', 'NDCG@10': '0.3782', 'HIT@20': '0.7717', 'NDCG@20': '0.4115', 'MRR@5': '0.3123', 'MRR@10': '0.3123', 'MRR@20': '0.3123'}
Validation score increased.  Saving model ...
{'epoch': 139, 'rec_avg_loss': '0.5815', 'rec_cur_loss': '0.5968'}
{'Epoch': 139, 'HIT@5': '0.4753', 'NDCG@5': '0.3233', 'HIT@10': '0.6374', 'NDCG@10': '0.3758', 'HIT@20': '0.7697', 'NDCG@20': '0.4094', 'MRR@5': '0.3103', 'MRR@10': '0.3103', 'MRR@20': '0.3103'}
EarlyStopping counter: 1 out of 10
{'epoch': 140, 'rec_avg_loss': '0.5813', 'rec_cur_loss': '0.5901'}
{'Epoch': 140, 'HIT@5': '0.4803', 'NDCG@5': '0.3267', 'HIT@10': '0.6427', 'NDCG@10': '0.3793', 'HIT@20': '0.7722', 'NDCG@20': '0.4121', 'MRR@5': '0.3129', 'MRR@10': '0.3129', 'MRR@20': '0.3129'}
Validation score increased.  Saving model ...
{'epoch': 141, 'rec_avg_loss': '0.5811', 'rec_cur_loss': '0.6043'}
{'Epoch': 141, 'HIT@5': '0.4772', 'NDCG@5': '0.3243', 'HIT@10': '0.6351', 'NDCG@10': '0.3756', 'HIT@20': '0.7695', 'NDCG@20': '0.4098', 'MRR@5': '0.3108', 'MRR@10': '0.3108', 'MRR@20': '0.3108'}
EarlyStopping counter: 1 out of 10
{'epoch': 142, 'rec_avg_loss': '0.5778', 'rec_cur_loss': '0.5621'}
{'Epoch': 142, 'HIT@5': '0.4806', 'NDCG@5': '0.3267', 'HIT@10': '0.6432', 'NDCG@10': '0.3794', 'HIT@20': '0.7707', 'NDCG@20': '0.4117', 'MRR@5': '0.3128', 'MRR@10': '0.3128', 'MRR@20': '0.3128'}
EarlyStopping counter: 2 out of 10
{'epoch': 143, 'rec_avg_loss': '0.5795', 'rec_cur_loss': '0.5572'}
{'Epoch': 143, 'HIT@5': '0.4821', 'NDCG@5': '0.3272', 'HIT@10': '0.6419', 'NDCG@10': '0.3791', 'HIT@20': '0.7712', 'NDCG@20': '0.4120', 'MRR@5': '0.3129', 'MRR@10': '0.3129', 'MRR@20': '0.3129'}
Validation score increased.  Saving model ...
{'epoch': 144, 'rec_avg_loss': '0.5778', 'rec_cur_loss': '0.5699'}
{'Epoch': 144, 'HIT@5': '0.4791', 'NDCG@5': '0.3246', 'HIT@10': '0.6381', 'NDCG@10': '0.3760', 'HIT@20': '0.7694', 'NDCG@20': '0.4094', 'MRR@5': '0.3103', 'MRR@10': '0.3103', 'MRR@20': '0.3103'}
EarlyStopping counter: 1 out of 10
{'epoch': 145, 'rec_avg_loss': '0.5784', 'rec_cur_loss': '0.5643'}
{'Epoch': 145, 'HIT@5': '0.4760', 'NDCG@5': '0.3214', 'HIT@10': '0.6334', 'NDCG@10': '0.3725', 'HIT@20': '0.7666', 'NDCG@20': '0.4063', 'MRR@5': '0.3072', 'MRR@10': '0.3072', 'MRR@20': '0.3072'}
EarlyStopping counter: 2 out of 10
{'epoch': 146, 'rec_avg_loss': '0.5784', 'rec_cur_loss': '0.5624'}
{'Epoch': 146, 'HIT@5': '0.4801', 'NDCG@5': '0.3262', 'HIT@10': '0.6406', 'NDCG@10': '0.3781', 'HIT@20': '0.7714', 'NDCG@20': '0.4112', 'MRR@5': '0.3120', 'MRR@10': '0.3120', 'MRR@20': '0.3120'}
EarlyStopping counter: 3 out of 10
{'epoch': 147, 'rec_avg_loss': '0.5788', 'rec_cur_loss': '0.5572'}
{'Epoch': 147, 'HIT@5': '0.4821', 'NDCG@5': '0.3269', 'HIT@10': '0.6406', 'NDCG@10': '0.3781', 'HIT@20': '0.7687', 'NDCG@20': '0.4106', 'MRR@5': '0.3119', 'MRR@10': '0.3119', 'MRR@20': '0.3119'}
EarlyStopping counter: 4 out of 10
{'epoch': 148, 'rec_avg_loss': '0.5779', 'rec_cur_loss': '0.5655'}
{'Epoch': 148, 'HIT@5': '0.4803', 'NDCG@5': '0.3243', 'HIT@10': '0.6407', 'NDCG@10': '0.3762', 'HIT@20': '0.7682', 'NDCG@20': '0.4087', 'MRR@5': '0.3095', 'MRR@10': '0.3095', 'MRR@20': '0.3095'}
EarlyStopping counter: 5 out of 10
{'epoch': 149, 'rec_avg_loss': '0.5772', 'rec_cur_loss': '0.5767'}
{'Epoch': 149, 'HIT@5': '0.4783', 'NDCG@5': '0.3253', 'HIT@10': '0.6384', 'NDCG@10': '0.3773', 'HIT@20': '0.7695', 'NDCG@20': '0.4106', 'MRR@5': '0.3117', 'MRR@10': '0.3117', 'MRR@20': '0.3117'}
EarlyStopping counter: 6 out of 10
{'epoch': 150, 'rec_avg_loss': '0.5774', 'rec_cur_loss': '0.5766'}
{'Epoch': 150, 'HIT@5': '0.4780', 'NDCG@5': '0.3256', 'HIT@10': '0.6376', 'NDCG@10': '0.3773', 'HIT@20': '0.7694', 'NDCG@20': '0.4108', 'MRR@5': '0.3121', 'MRR@10': '0.3121', 'MRR@20': '0.3121'}
EarlyStopping counter: 7 out of 10
{'epoch': 151, 'rec_avg_loss': '0.5777', 'rec_cur_loss': '0.5658'}
{'Epoch': 151, 'HIT@5': '0.4851', 'NDCG@5': '0.3277', 'HIT@10': '0.6402', 'NDCG@10': '0.3778', 'HIT@20': '0.7702', 'NDCG@20': '0.4108', 'MRR@5': '0.3117', 'MRR@10': '0.3117', 'MRR@20': '0.3117'}
EarlyStopping counter: 8 out of 10
{'epoch': 152, 'rec_avg_loss': '0.5769', 'rec_cur_loss': '0.5777'}
{'Epoch': 152, 'HIT@5': '0.4846', 'NDCG@5': '0.3292', 'HIT@10': '0.6422', 'NDCG@10': '0.3802', 'HIT@20': '0.7719', 'NDCG@20': '0.4132', 'MRR@5': '0.3142', 'MRR@10': '0.3142', 'MRR@20': '0.3142'}
Validation score increased.  Saving model ...
{'epoch': 153, 'rec_avg_loss': '0.5769', 'rec_cur_loss': '0.5634'}
{'Epoch': 153, 'HIT@5': '0.4823', 'NDCG@5': '0.3257', 'HIT@10': '0.6425', 'NDCG@10': '0.3776', 'HIT@20': '0.7717', 'NDCG@20': '0.4104', 'MRR@5': '0.3106', 'MRR@10': '0.3106', 'MRR@20': '0.3106'}
EarlyStopping counter: 1 out of 10
{'epoch': 154, 'rec_avg_loss': '0.5780', 'rec_cur_loss': '0.5938'}
{'Epoch': 154, 'HIT@5': '0.4833', 'NDCG@5': '0.3281', 'HIT@10': '0.6427', 'NDCG@10': '0.3799', 'HIT@20': '0.7720', 'NDCG@20': '0.4127', 'MRR@5': '0.3135', 'MRR@10': '0.3135', 'MRR@20': '0.3135'}
EarlyStopping counter: 2 out of 10
{'epoch': 155, 'rec_avg_loss': '0.5769', 'rec_cur_loss': '0.5876'}
{'Epoch': 155, 'HIT@5': '0.4874', 'NDCG@5': '0.3293', 'HIT@10': '0.6454', 'NDCG@10': '0.3803', 'HIT@20': '0.7733', 'NDCG@20': '0.4127', 'MRR@5': '0.3132', 'MRR@10': '0.3132', 'MRR@20': '0.3132'}
EarlyStopping counter: 3 out of 10
{'epoch': 156, 'rec_avg_loss': '0.5771', 'rec_cur_loss': '0.5697'}
{'Epoch': 156, 'HIT@5': '0.4839', 'NDCG@5': '0.3287', 'HIT@10': '0.6435', 'NDCG@10': '0.3803', 'HIT@20': '0.7704', 'NDCG@20': '0.4125', 'MRR@5': '0.3138', 'MRR@10': '0.3138', 'MRR@20': '0.3138'}
EarlyStopping counter: 4 out of 10
{'epoch': 157, 'rec_avg_loss': '0.5725', 'rec_cur_loss': '0.5742'}
{'Epoch': 157, 'HIT@5': '0.4808', 'NDCG@5': '0.3254', 'HIT@10': '0.6422', 'NDCG@10': '0.3777', 'HIT@20': '0.7692', 'NDCG@20': '0.4098', 'MRR@5': '0.3108', 'MRR@10': '0.3108', 'MRR@20': '0.3108'}
EarlyStopping counter: 5 out of 10
{'epoch': 158, 'rec_avg_loss': '0.5752', 'rec_cur_loss': '0.5562'}
{'Epoch': 158, 'HIT@5': '0.4823', 'NDCG@5': '0.3287', 'HIT@10': '0.6447', 'NDCG@10': '0.3813', 'HIT@20': '0.7728', 'NDCG@20': '0.4138', 'MRR@5': '0.3148', 'MRR@10': '0.3148', 'MRR@20': '0.3148'}
Validation score increased.  Saving model ...
{'epoch': 159, 'rec_avg_loss': '0.5749', 'rec_cur_loss': '0.5695'}
{'Epoch': 159, 'HIT@5': '0.4866', 'NDCG@5': '0.3313', 'HIT@10': '0.6460', 'NDCG@10': '0.3830', 'HIT@20': '0.7740', 'NDCG@20': '0.4155', 'MRR@5': '0.3165', 'MRR@10': '0.3165', 'MRR@20': '0.3165'}
Validation score increased.  Saving model ...
{'epoch': 160, 'rec_avg_loss': '0.5736', 'rec_cur_loss': '0.5623'}
{'Epoch': 160, 'HIT@5': '0.4874', 'NDCG@5': '0.3301', 'HIT@10': '0.6432', 'NDCG@10': '0.3803', 'HIT@20': '0.7709', 'NDCG@20': '0.4127', 'MRR@5': '0.3139', 'MRR@10': '0.3139', 'MRR@20': '0.3139'}
EarlyStopping counter: 1 out of 10
{'epoch': 161, 'rec_avg_loss': '0.5745', 'rec_cur_loss': '0.5541'}
{'Epoch': 161, 'HIT@5': '0.4884', 'NDCG@5': '0.3318', 'HIT@10': '0.6440', 'NDCG@10': '0.3822', 'HIT@20': '0.7725', 'NDCG@20': '0.4149', 'MRR@5': '0.3162', 'MRR@10': '0.3162', 'MRR@20': '0.3162'}
EarlyStopping counter: 2 out of 10
{'epoch': 162, 'rec_avg_loss': '0.5726', 'rec_cur_loss': '0.5653'}
{'Epoch': 162, 'HIT@5': '0.4864', 'NDCG@5': '0.3307', 'HIT@10': '0.6409', 'NDCG@10': '0.3807', 'HIT@20': '0.7702', 'NDCG@20': '0.4136', 'MRR@5': '0.3152', 'MRR@10': '0.3152', 'MRR@20': '0.3152'}
EarlyStopping counter: 3 out of 10
{'epoch': 163, 'rec_avg_loss': '0.5741', 'rec_cur_loss': '0.5685'}
{'Epoch': 163, 'HIT@5': '0.4848', 'NDCG@5': '0.3292', 'HIT@10': '0.6404', 'NDCG@10': '0.3797', 'HIT@20': '0.7687', 'NDCG@20': '0.4123', 'MRR@5': '0.3140', 'MRR@10': '0.3140', 'MRR@20': '0.3140'}
EarlyStopping counter: 4 out of 10
{'epoch': 164, 'rec_avg_loss': '0.5725', 'rec_cur_loss': '0.5726'}
{'Epoch': 164, 'HIT@5': '0.4882', 'NDCG@5': '0.3315', 'HIT@10': '0.6452', 'NDCG@10': '0.3825', 'HIT@20': '0.7735', 'NDCG@20': '0.4150', 'MRR@5': '0.3160', 'MRR@10': '0.3160', 'MRR@20': '0.3160'}
EarlyStopping counter: 5 out of 10
{'epoch': 165, 'rec_avg_loss': '0.5756', 'rec_cur_loss': '0.5474'}
{'Epoch': 165, 'HIT@5': '0.4879', 'NDCG@5': '0.3340', 'HIT@10': '0.6469', 'NDCG@10': '0.3855', 'HIT@20': '0.7735', 'NDCG@20': '0.4177', 'MRR@5': '0.3195', 'MRR@10': '0.3195', 'MRR@20': '0.3195'}
Validation score increased.  Saving model ...
{'epoch': 166, 'rec_avg_loss': '0.5732', 'rec_cur_loss': '0.5885'}
{'Epoch': 166, 'HIT@5': '0.4902', 'NDCG@5': '0.3335', 'HIT@10': '0.6485', 'NDCG@10': '0.3850', 'HIT@20': '0.7762', 'NDCG@20': '0.4173', 'MRR@5': '0.3181', 'MRR@10': '0.3181', 'MRR@20': '0.3181'}
EarlyStopping counter: 1 out of 10
{'epoch': 167, 'rec_avg_loss': '0.5707', 'rec_cur_loss': '0.5694'}
{'Epoch': 167, 'HIT@5': '0.4859', 'NDCG@5': '0.3304', 'HIT@10': '0.6444', 'NDCG@10': '0.3818', 'HIT@20': '0.7714', 'NDCG@20': '0.4140', 'MRR@5': '0.3155', 'MRR@10': '0.3155', 'MRR@20': '0.3155'}
EarlyStopping counter: 2 out of 10
{'epoch': 168, 'rec_avg_loss': '0.5732', 'rec_cur_loss': '0.5940'}
{'Epoch': 168, 'HIT@5': '0.4856', 'NDCG@5': '0.3297', 'HIT@10': '0.6462', 'NDCG@10': '0.3817', 'HIT@20': '0.7720', 'NDCG@20': '0.4136', 'MRR@5': '0.3146', 'MRR@10': '0.3146', 'MRR@20': '0.3146'}
EarlyStopping counter: 3 out of 10
{'epoch': 169, 'rec_avg_loss': '0.5734', 'rec_cur_loss': '0.5811'}
{'Epoch': 169, 'HIT@5': '0.4864', 'NDCG@5': '0.3316', 'HIT@10': '0.6432', 'NDCG@10': '0.3824', 'HIT@20': '0.7705', 'NDCG@20': '0.4147', 'MRR@5': '0.3167', 'MRR@10': '0.3167', 'MRR@20': '0.3167'}
EarlyStopping counter: 4 out of 10
{'epoch': 170, 'rec_avg_loss': '0.5715', 'rec_cur_loss': '0.5702'}
{'Epoch': 170, 'HIT@5': '0.4864', 'NDCG@5': '0.3309', 'HIT@10': '0.6460', 'NDCG@10': '0.3827', 'HIT@20': '0.7740', 'NDCG@20': '0.4152', 'MRR@5': '0.3161', 'MRR@10': '0.3161', 'MRR@20': '0.3161'}
EarlyStopping counter: 5 out of 10
{'epoch': 171, 'rec_avg_loss': '0.5719', 'rec_cur_loss': '0.5621'}
{'Epoch': 171, 'HIT@5': '0.4829', 'NDCG@5': '0.3277', 'HIT@10': '0.6427', 'NDCG@10': '0.3797', 'HIT@20': '0.7719', 'NDCG@20': '0.4124', 'MRR@5': '0.3132', 'MRR@10': '0.3132', 'MRR@20': '0.3132'}
EarlyStopping counter: 6 out of 10
{'epoch': 172, 'rec_avg_loss': '0.5696', 'rec_cur_loss': '0.5510'}
{'Epoch': 172, 'HIT@5': '0.4881', 'NDCG@5': '0.3305', 'HIT@10': '0.6452', 'NDCG@10': '0.3815', 'HIT@20': '0.7743', 'NDCG@20': '0.4141', 'MRR@5': '0.3146', 'MRR@10': '0.3146', 'MRR@20': '0.3146'}
EarlyStopping counter: 7 out of 10
{'epoch': 173, 'rec_avg_loss': '0.5720', 'rec_cur_loss': '0.6074'}
{'Epoch': 173, 'HIT@5': '0.4902', 'NDCG@5': '0.3315', 'HIT@10': '0.6439', 'NDCG@10': '0.3814', 'HIT@20': '0.7743', 'NDCG@20': '0.4145', 'MRR@5': '0.3150', 'MRR@10': '0.3150', 'MRR@20': '0.3150'}
EarlyStopping counter: 8 out of 10
{'epoch': 174, 'rec_avg_loss': '0.5696', 'rec_cur_loss': '0.5400'}
{'Epoch': 174, 'HIT@5': '0.4904', 'NDCG@5': '0.3327', 'HIT@10': '0.6432', 'NDCG@10': '0.3823', 'HIT@20': '0.7714', 'NDCG@20': '0.4150', 'MRR@5': '0.3165', 'MRR@10': '0.3165', 'MRR@20': '0.3165'}
EarlyStopping counter: 9 out of 10
{'epoch': 175, 'rec_avg_loss': '0.5710', 'rec_cur_loss': '0.5584'}
{'Epoch': 175, 'HIT@5': '0.4897', 'NDCG@5': '0.3325', 'HIT@10': '0.6449', 'NDCG@10': '0.3828', 'HIT@20': '0.7738', 'NDCG@20': '0.4154', 'MRR@5': '0.3165', 'MRR@10': '0.3165', 'MRR@20': '0.3165'}
EarlyStopping counter: 10 out of 10
Early stopping
---------------Sample 99 results-------------------
{'Epoch': 0, 'HIT@5': '0.4550', 'NDCG@5': '0.3070', 'HIT@10': '0.6232', 'NDCG@10': '0.3614', 'HIT@20': '0.7525', 'NDCG@20': '0.3942', 'MRR@5': '0.2961', 'MRR@10': '0.2961', 'MRR@20': '0.2961'}
Finetune_sample-ml-1m-160
{'Epoch': 0, 'HIT@5': '0.4550', 'NDCG@5': '0.3070', 'HIT@10': '0.6232', 'NDCG@10': '0.3614', 'HIT@20': '0.7525', 'NDCG@20': '0.3942', 'MRR@5': '0.2961', 'MRR@10': '0.2961', 'MRR@20': '0.2961'}
