Namespace(adam_beta1=0.9, adam_beta2=0.999, attention_probs_dropout_prob=0.2, batch_size=128, ckp=100, cuda_condition=True, data_dir='./data/', data_file='./data/ml-1m.txt', data_name='ml-1m', do_eval=False, epochs=300, gpu_id='0', hidden_act='gelu', hidden_dropout_prob=0.2, hidden_size=64, initializer_range=0.02, item_size=3418, log_file='output/Finetune_sample-ml-1m-100-3layer_01.txt', log_freq=1, lr=0.001, mask_id=3417, max_seq_length=50, model_name='Finetune_sample', no_cuda=False, num_attention_heads=1, num_hidden_layers=3, output_dir='output/', sample_file='./data/ml-1m_sample.txt', seed=42, weight_decay=0.0)
Total Parameters: 388672
Load Checkpoint From output/ml-1m-epochs-100-3layer_01.pt!
{'epoch': 0, 'rec_avg_loss': '1.0159', 'rec_cur_loss': '0.9400'}
{'Epoch': 0, 'HIT@5': '0.1856', 'NDCG@5': '0.1143', 'HIT@10': '0.3066', 'NDCG@10': '0.1530', 'HIT@20': '0.5103', 'NDCG@20': '0.2043', 'MRR@5': '0.1335', 'MRR@10': '0.1335', 'MRR@20': '0.1335'}
Validation score increased.  Saving model ...
{'epoch': 1, 'rec_avg_loss': '0.7422', 'rec_cur_loss': '0.6808'}
{'Epoch': 1, 'HIT@5': '0.2881', 'NDCG@5': '0.1821', 'HIT@10': '0.4689', 'NDCG@10': '0.2403', 'HIT@20': '0.6702', 'NDCG@20': '0.2910', 'MRR@5': '0.1940', 'MRR@10': '0.1940', 'MRR@20': '0.1940'}
Validation score increased.  Saving model ...
{'epoch': 2, 'rec_avg_loss': '0.6781', 'rec_cur_loss': '0.6988'}
{'Epoch': 2, 'HIT@5': '0.3513', 'NDCG@5': '0.2239', 'HIT@10': '0.5358', 'NDCG@10': '0.2835', 'HIT@20': '0.7180', 'NDCG@20': '0.3297', 'MRR@5': '0.2270', 'MRR@10': '0.2270', 'MRR@20': '0.2270'}
Validation score increased.  Saving model ...
{'epoch': 3, 'rec_avg_loss': '0.6409', 'rec_cur_loss': '0.6108'}
{'Epoch': 3, 'HIT@5': '0.3846', 'NDCG@5': '0.2458', 'HIT@10': '0.5702', 'NDCG@10': '0.3058', 'HIT@20': '0.7358', 'NDCG@20': '0.3478', 'MRR@5': '0.2437', 'MRR@10': '0.2437', 'MRR@20': '0.2437'}
Validation score increased.  Saving model ...
{'epoch': 4, 'rec_avg_loss': '0.6168', 'rec_cur_loss': '0.6164'}
{'Epoch': 4, 'HIT@5': '0.4045', 'NDCG@5': '0.2594', 'HIT@10': '0.5922', 'NDCG@10': '0.3201', 'HIT@20': '0.7474', 'NDCG@20': '0.3596', 'MRR@5': '0.2546', 'MRR@10': '0.2546', 'MRR@20': '0.2546'}
Validation score increased.  Saving model ...
{'epoch': 5, 'rec_avg_loss': '0.5997', 'rec_cur_loss': '0.5890'}
{'Epoch': 5, 'HIT@5': '0.4228', 'NDCG@5': '0.2746', 'HIT@10': '0.6109', 'NDCG@10': '0.3356', 'HIT@20': '0.7609', 'NDCG@20': '0.3737', 'MRR@5': '0.2681', 'MRR@10': '0.2681', 'MRR@20': '0.2681'}
Validation score increased.  Saving model ...
{'epoch': 6, 'rec_avg_loss': '0.5881', 'rec_cur_loss': '0.6484'}
{'Epoch': 6, 'HIT@5': '0.4391', 'NDCG@5': '0.2853', 'HIT@10': '0.6210', 'NDCG@10': '0.3443', 'HIT@20': '0.7662', 'NDCG@20': '0.3811', 'MRR@5': '0.2757', 'MRR@10': '0.2757', 'MRR@20': '0.2757'}
Validation score increased.  Saving model ...
{'epoch': 7, 'rec_avg_loss': '0.5790', 'rec_cur_loss': '0.6412'}
{'Epoch': 7, 'HIT@5': '0.4467', 'NDCG@5': '0.2910', 'HIT@10': '0.6222', 'NDCG@10': '0.3480', 'HIT@20': '0.7675', 'NDCG@20': '0.3851', 'MRR@5': '0.2801', 'MRR@10': '0.2801', 'MRR@20': '0.2801'}
Validation score increased.  Saving model ...
{'epoch': 8, 'rec_avg_loss': '0.5694', 'rec_cur_loss': '0.5581'}
{'Epoch': 8, 'HIT@5': '0.4523', 'NDCG@5': '0.2959', 'HIT@10': '0.6358', 'NDCG@10': '0.3556', 'HIT@20': '0.7737', 'NDCG@20': '0.3905', 'MRR@5': '0.2850', 'MRR@10': '0.2850', 'MRR@20': '0.2850'}
Validation score increased.  Saving model ...
{'epoch': 9, 'rec_avg_loss': '0.5606', 'rec_cur_loss': '0.6328'}
{'Epoch': 9, 'HIT@5': '0.4690', 'NDCG@5': '0.3078', 'HIT@10': '0.6412', 'NDCG@10': '0.3636', 'HIT@20': '0.7778', 'NDCG@20': '0.3983', 'MRR@5': '0.2935', 'MRR@10': '0.2935', 'MRR@20': '0.2935'}
Validation score increased.  Saving model ...
{'epoch': 10, 'rec_avg_loss': '0.5551', 'rec_cur_loss': '0.5764'}
{'Epoch': 10, 'HIT@5': '0.4727', 'NDCG@5': '0.3096', 'HIT@10': '0.6374', 'NDCG@10': '0.3633', 'HIT@20': '0.7795', 'NDCG@20': '0.3993', 'MRR@5': '0.2942', 'MRR@10': '0.2942', 'MRR@20': '0.2942'}
Validation score increased.  Saving model ...
{'epoch': 11, 'rec_avg_loss': '0.5482', 'rec_cur_loss': '0.4950'}
{'Epoch': 11, 'HIT@5': '0.4833', 'NDCG@5': '0.3185', 'HIT@10': '0.6470', 'NDCG@10': '0.3716', 'HIT@20': '0.7801', 'NDCG@20': '0.4054', 'MRR@5': '0.3016', 'MRR@10': '0.3016', 'MRR@20': '0.3016'}
Validation score increased.  Saving model ...
{'epoch': 12, 'rec_avg_loss': '0.5463', 'rec_cur_loss': '0.5858'}
{'Epoch': 12, 'HIT@5': '0.4836', 'NDCG@5': '0.3197', 'HIT@10': '0.6528', 'NDCG@10': '0.3749', 'HIT@20': '0.7844', 'NDCG@20': '0.4083', 'MRR@5': '0.3038', 'MRR@10': '0.3038', 'MRR@20': '0.3038'}
Validation score increased.  Saving model ...
{'epoch': 13, 'rec_avg_loss': '0.5391', 'rec_cur_loss': '0.5204'}
{'Epoch': 13, 'HIT@5': '0.4911', 'NDCG@5': '0.3235', 'HIT@10': '0.6540', 'NDCG@10': '0.3763', 'HIT@20': '0.7869', 'NDCG@20': '0.4101', 'MRR@5': '0.3053', 'MRR@10': '0.3053', 'MRR@20': '0.3053'}
Validation score increased.  Saving model ...
{'epoch': 14, 'rec_avg_loss': '0.5370', 'rec_cur_loss': '0.4654'}
{'Epoch': 14, 'HIT@5': '0.4911', 'NDCG@5': '0.3239', 'HIT@10': '0.6551', 'NDCG@10': '0.3771', 'HIT@20': '0.7856', 'NDCG@20': '0.4103', 'MRR@5': '0.3059', 'MRR@10': '0.3059', 'MRR@20': '0.3059'}
Validation score increased.  Saving model ...
{'epoch': 15, 'rec_avg_loss': '0.5352', 'rec_cur_loss': '0.5513'}
{'Epoch': 15, 'HIT@5': '0.5007', 'NDCG@5': '0.3338', 'HIT@10': '0.6616', 'NDCG@10': '0.3862', 'HIT@20': '0.7889', 'NDCG@20': '0.4185', 'MRR@5': '0.3152', 'MRR@10': '0.3152', 'MRR@20': '0.3152'}
Validation score increased.  Saving model ...
{'epoch': 16, 'rec_avg_loss': '0.5310', 'rec_cur_loss': '0.5973'}
{'Epoch': 16, 'HIT@5': '0.5038', 'NDCG@5': '0.3366', 'HIT@10': '0.6629', 'NDCG@10': '0.3884', 'HIT@20': '0.7906', 'NDCG@20': '0.4209', 'MRR@5': '0.3177', 'MRR@10': '0.3177', 'MRR@20': '0.3177'}
Validation score increased.  Saving model ...
{'epoch': 17, 'rec_avg_loss': '0.5288', 'rec_cur_loss': '0.5500'}
{'Epoch': 17, 'HIT@5': '0.5003', 'NDCG@5': '0.3338', 'HIT@10': '0.6649', 'NDCG@10': '0.3873', 'HIT@20': '0.7891', 'NDCG@20': '0.4187', 'MRR@5': '0.3155', 'MRR@10': '0.3155', 'MRR@20': '0.3155'}
EarlyStopping counter: 1 out of 10
{'epoch': 18, 'rec_avg_loss': '0.5248', 'rec_cur_loss': '0.5471'}
{'Epoch': 18, 'HIT@5': '0.5086', 'NDCG@5': '0.3389', 'HIT@10': '0.6626', 'NDCG@10': '0.3890', 'HIT@20': '0.7889', 'NDCG@20': '0.4210', 'MRR@5': '0.3182', 'MRR@10': '0.3182', 'MRR@20': '0.3182'}
Validation score increased.  Saving model ...
{'epoch': 19, 'rec_avg_loss': '0.5205', 'rec_cur_loss': '0.5535'}
{'Epoch': 19, 'HIT@5': '0.5061', 'NDCG@5': '0.3383', 'HIT@10': '0.6618', 'NDCG@10': '0.3888', 'HIT@20': '0.7912', 'NDCG@20': '0.4217', 'MRR@5': '0.3186', 'MRR@10': '0.3186', 'MRR@20': '0.3186'}
Validation score increased.  Saving model ...
{'epoch': 20, 'rec_avg_loss': '0.5214', 'rec_cur_loss': '0.5267'}
{'Epoch': 20, 'HIT@5': '0.5098', 'NDCG@5': '0.3412', 'HIT@10': '0.6636', 'NDCG@10': '0.3912', 'HIT@20': '0.7904', 'NDCG@20': '0.4234', 'MRR@5': '0.3210', 'MRR@10': '0.3210', 'MRR@20': '0.3210'}
Validation score increased.  Saving model ...
{'epoch': 21, 'rec_avg_loss': '0.5185', 'rec_cur_loss': '0.5966'}
{'Epoch': 21, 'HIT@5': '0.5086', 'NDCG@5': '0.3425', 'HIT@10': '0.6636', 'NDCG@10': '0.3928', 'HIT@20': '0.7909', 'NDCG@20': '0.4251', 'MRR@5': '0.3230', 'MRR@10': '0.3230', 'MRR@20': '0.3230'}
Validation score increased.  Saving model ...
{'epoch': 22, 'rec_avg_loss': '0.5157', 'rec_cur_loss': '0.4990'}
{'Epoch': 22, 'HIT@5': '0.5151', 'NDCG@5': '0.3469', 'HIT@10': '0.6661', 'NDCG@10': '0.3959', 'HIT@20': '0.7921', 'NDCG@20': '0.4280', 'MRR@5': '0.3262', 'MRR@10': '0.3262', 'MRR@20': '0.3262'}
Validation score increased.  Saving model ...
{'epoch': 23, 'rec_avg_loss': '0.5136', 'rec_cur_loss': '0.5459'}
{'Epoch': 23, 'HIT@5': '0.5129', 'NDCG@5': '0.3437', 'HIT@10': '0.6661', 'NDCG@10': '0.3935', 'HIT@20': '0.7949', 'NDCG@20': '0.4262', 'MRR@5': '0.3231', 'MRR@10': '0.3231', 'MRR@20': '0.3231'}
EarlyStopping counter: 1 out of 10
{'epoch': 24, 'rec_avg_loss': '0.5095', 'rec_cur_loss': '0.5398'}
{'Epoch': 24, 'HIT@5': '0.5118', 'NDCG@5': '0.3441', 'HIT@10': '0.6684', 'NDCG@10': '0.3948', 'HIT@20': '0.7942', 'NDCG@20': '0.4267', 'MRR@5': '0.3240', 'MRR@10': '0.3240', 'MRR@20': '0.3240'}
EarlyStopping counter: 2 out of 10
{'epoch': 25, 'rec_avg_loss': '0.5085', 'rec_cur_loss': '0.5686'}
{'Epoch': 25, 'HIT@5': '0.5149', 'NDCG@5': '0.3465', 'HIT@10': '0.6656', 'NDCG@10': '0.3956', 'HIT@20': '0.7959', 'NDCG@20': '0.4287', 'MRR@5': '0.3261', 'MRR@10': '0.3261', 'MRR@20': '0.3261'}
EarlyStopping counter: 3 out of 10
{'epoch': 26, 'rec_avg_loss': '0.5081', 'rec_cur_loss': '0.4588'}
{'Epoch': 26, 'HIT@5': '0.5187', 'NDCG@5': '0.3532', 'HIT@10': '0.6685', 'NDCG@10': '0.4019', 'HIT@20': '0.7944', 'NDCG@20': '0.4340', 'MRR@5': '0.3332', 'MRR@10': '0.3332', 'MRR@20': '0.3332'}
Validation score increased.  Saving model ...
{'epoch': 27, 'rec_avg_loss': '0.5033', 'rec_cur_loss': '0.4957'}
{'Epoch': 27, 'HIT@5': '0.5194', 'NDCG@5': '0.3532', 'HIT@10': '0.6755', 'NDCG@10': '0.4039', 'HIT@20': '0.7952', 'NDCG@20': '0.4342', 'MRR@5': '0.3332', 'MRR@10': '0.3332', 'MRR@20': '0.3332'}
Validation score increased.  Saving model ...
{'epoch': 28, 'rec_avg_loss': '0.5021', 'rec_cur_loss': '0.4546'}
{'Epoch': 28, 'HIT@5': '0.5174', 'NDCG@5': '0.3508', 'HIT@10': '0.6710', 'NDCG@10': '0.4008', 'HIT@20': '0.7935', 'NDCG@20': '0.4319', 'MRR@5': '0.3308', 'MRR@10': '0.3308', 'MRR@20': '0.3308'}
EarlyStopping counter: 1 out of 10
{'epoch': 29, 'rec_avg_loss': '0.4994', 'rec_cur_loss': '0.5007'}
{'Epoch': 29, 'HIT@5': '0.5242', 'NDCG@5': '0.3583', 'HIT@10': '0.6732', 'NDCG@10': '0.4068', 'HIT@20': '0.7988', 'NDCG@20': '0.4388', 'MRR@5': '0.3379', 'MRR@10': '0.3379', 'MRR@20': '0.3379'}
Validation score increased.  Saving model ...
{'epoch': 30, 'rec_avg_loss': '0.5013', 'rec_cur_loss': '0.5338'}
{'Epoch': 30, 'HIT@5': '0.5262', 'NDCG@5': '0.3596', 'HIT@10': '0.6760', 'NDCG@10': '0.4083', 'HIT@20': '0.8012', 'NDCG@20': '0.4401', 'MRR@5': '0.3389', 'MRR@10': '0.3389', 'MRR@20': '0.3389'}
Validation score increased.  Saving model ...
{'epoch': 31, 'rec_avg_loss': '0.4992', 'rec_cur_loss': '0.4966'}
{'Epoch': 31, 'HIT@5': '0.5210', 'NDCG@5': '0.3562', 'HIT@10': '0.6742', 'NDCG@10': '0.4061', 'HIT@20': '0.7977', 'NDCG@20': '0.4376', 'MRR@5': '0.3367', 'MRR@10': '0.3367', 'MRR@20': '0.3367'}
EarlyStopping counter: 1 out of 10
{'epoch': 32, 'rec_avg_loss': '0.4968', 'rec_cur_loss': '0.5592'}
{'Epoch': 32, 'HIT@5': '0.5184', 'NDCG@5': '0.3510', 'HIT@10': '0.6722', 'NDCG@10': '0.4010', 'HIT@20': '0.7992', 'NDCG@20': '0.4333', 'MRR@5': '0.3308', 'MRR@10': '0.3308', 'MRR@20': '0.3308'}
EarlyStopping counter: 2 out of 10
{'epoch': 33, 'rec_avg_loss': '0.4945', 'rec_cur_loss': '0.4989'}
{'Epoch': 33, 'HIT@5': '0.5222', 'NDCG@5': '0.3542', 'HIT@10': '0.6762', 'NDCG@10': '0.4041', 'HIT@20': '0.7982', 'NDCG@20': '0.4352', 'MRR@5': '0.3334', 'MRR@10': '0.3334', 'MRR@20': '0.3334'}
EarlyStopping counter: 3 out of 10
{'epoch': 34, 'rec_avg_loss': '0.4939', 'rec_cur_loss': '0.5718'}
{'Epoch': 34, 'HIT@5': '0.5262', 'NDCG@5': '0.3578', 'HIT@10': '0.6796', 'NDCG@10': '0.4075', 'HIT@20': '0.8007', 'NDCG@20': '0.4382', 'MRR@5': '0.3364', 'MRR@10': '0.3364', 'MRR@20': '0.3364'}
EarlyStopping counter: 4 out of 10
{'epoch': 35, 'rec_avg_loss': '0.4908', 'rec_cur_loss': '0.4732'}
{'Epoch': 35, 'HIT@5': '0.5240', 'NDCG@5': '0.3558', 'HIT@10': '0.6728', 'NDCG@10': '0.4043', 'HIT@20': '0.7965', 'NDCG@20': '0.4358', 'MRR@5': '0.3347', 'MRR@10': '0.3347', 'MRR@20': '0.3347'}
EarlyStopping counter: 5 out of 10
{'epoch': 36, 'rec_avg_loss': '0.4896', 'rec_cur_loss': '0.5169'}
{'Epoch': 36, 'HIT@5': '0.5283', 'NDCG@5': '0.3621', 'HIT@10': '0.6772', 'NDCG@10': '0.4107', 'HIT@20': '0.8007', 'NDCG@20': '0.4421', 'MRR@5': '0.3415', 'MRR@10': '0.3415', 'MRR@20': '0.3415'}
Validation score increased.  Saving model ...
{'epoch': 37, 'rec_avg_loss': '0.4889', 'rec_cur_loss': '0.4679'}
{'Epoch': 37, 'HIT@5': '0.5260', 'NDCG@5': '0.3575', 'HIT@10': '0.6775', 'NDCG@10': '0.4068', 'HIT@20': '0.8023', 'NDCG@20': '0.4385', 'MRR@5': '0.3363', 'MRR@10': '0.3363', 'MRR@20': '0.3363'}
EarlyStopping counter: 1 out of 10
{'epoch': 38, 'rec_avg_loss': '0.4874', 'rec_cur_loss': '0.4796'}
{'Epoch': 38, 'HIT@5': '0.5276', 'NDCG@5': '0.3589', 'HIT@10': '0.6757', 'NDCG@10': '0.4070', 'HIT@20': '0.7990', 'NDCG@20': '0.4383', 'MRR@5': '0.3372', 'MRR@10': '0.3372', 'MRR@20': '0.3372'}
EarlyStopping counter: 2 out of 10
{'epoch': 39, 'rec_avg_loss': '0.4872', 'rec_cur_loss': '0.4880'}
{'Epoch': 39, 'HIT@5': '0.5356', 'NDCG@5': '0.3632', 'HIT@10': '0.6781', 'NDCG@10': '0.4096', 'HIT@20': '0.8020', 'NDCG@20': '0.4410', 'MRR@5': '0.3396', 'MRR@10': '0.3396', 'MRR@20': '0.3396'}
EarlyStopping counter: 3 out of 10
{'epoch': 40, 'rec_avg_loss': '0.4849', 'rec_cur_loss': '0.5443'}
{'Epoch': 40, 'HIT@5': '0.5326', 'NDCG@5': '0.3637', 'HIT@10': '0.6825', 'NDCG@10': '0.4122', 'HIT@20': '0.8033', 'NDCG@20': '0.4429', 'MRR@5': '0.3416', 'MRR@10': '0.3416', 'MRR@20': '0.3416'}
Validation score increased.  Saving model ...
{'epoch': 41, 'rec_avg_loss': '0.4873', 'rec_cur_loss': '0.5501'}
{'Epoch': 41, 'HIT@5': '0.5429', 'NDCG@5': '0.3705', 'HIT@10': '0.6810', 'NDCG@10': '0.4153', 'HIT@20': '0.8051', 'NDCG@20': '0.4468', 'MRR@5': '0.3460', 'MRR@10': '0.3460', 'MRR@20': '0.3460'}
Validation score increased.  Saving model ...
{'epoch': 42, 'rec_avg_loss': '0.4789', 'rec_cur_loss': '0.4059'}
{'Epoch': 42, 'HIT@5': '0.5353', 'NDCG@5': '0.3646', 'HIT@10': '0.6820', 'NDCG@10': '0.4124', 'HIT@20': '0.8035', 'NDCG@20': '0.4431', 'MRR@5': '0.3418', 'MRR@10': '0.3418', 'MRR@20': '0.3418'}
EarlyStopping counter: 1 out of 10
{'epoch': 43, 'rec_avg_loss': '0.4830', 'rec_cur_loss': '0.5707'}
{'Epoch': 43, 'HIT@5': '0.5338', 'NDCG@5': '0.3643', 'HIT@10': '0.6818', 'NDCG@10': '0.4123', 'HIT@20': '0.8030', 'NDCG@20': '0.4430', 'MRR@5': '0.3418', 'MRR@10': '0.3418', 'MRR@20': '0.3418'}
EarlyStopping counter: 2 out of 10
{'epoch': 44, 'rec_avg_loss': '0.4808', 'rec_cur_loss': '0.4907'}
{'Epoch': 44, 'HIT@5': '0.5422', 'NDCG@5': '0.3729', 'HIT@10': '0.6823', 'NDCG@10': '0.4184', 'HIT@20': '0.8058', 'NDCG@20': '0.4497', 'MRR@5': '0.3496', 'MRR@10': '0.3496', 'MRR@20': '0.3496'}
Validation score increased.  Saving model ...
{'epoch': 45, 'rec_avg_loss': '0.4837', 'rec_cur_loss': '0.5794'}
{'Epoch': 45, 'HIT@5': '0.5348', 'NDCG@5': '0.3656', 'HIT@10': '0.6853', 'NDCG@10': '0.4144', 'HIT@20': '0.8031', 'NDCG@20': '0.4442', 'MRR@5': '0.3433', 'MRR@10': '0.3433', 'MRR@20': '0.3433'}
EarlyStopping counter: 1 out of 10
{'epoch': 46, 'rec_avg_loss': '0.4784', 'rec_cur_loss': '0.5132'}
{'Epoch': 46, 'HIT@5': '0.5397', 'NDCG@5': '0.3677', 'HIT@10': '0.6841', 'NDCG@10': '0.4146', 'HIT@20': '0.8022', 'NDCG@20': '0.4446', 'MRR@5': '0.3438', 'MRR@10': '0.3438', 'MRR@20': '0.3438'}
EarlyStopping counter: 2 out of 10
{'epoch': 47, 'rec_avg_loss': '0.4793', 'rec_cur_loss': '0.4675'}
{'Epoch': 47, 'HIT@5': '0.5320', 'NDCG@5': '0.3618', 'HIT@10': '0.6776', 'NDCG@10': '0.4094', 'HIT@20': '0.8041', 'NDCG@20': '0.4415', 'MRR@5': '0.3396', 'MRR@10': '0.3396', 'MRR@20': '0.3396'}
EarlyStopping counter: 3 out of 10
{'epoch': 48, 'rec_avg_loss': '0.4763', 'rec_cur_loss': '0.4732'}
{'Epoch': 48, 'HIT@5': '0.5353', 'NDCG@5': '0.3665', 'HIT@10': '0.6838', 'NDCG@10': '0.4148', 'HIT@20': '0.8065', 'NDCG@20': '0.4459', 'MRR@5': '0.3444', 'MRR@10': '0.3444', 'MRR@20': '0.3444'}
EarlyStopping counter: 4 out of 10
{'epoch': 49, 'rec_avg_loss': '0.4747', 'rec_cur_loss': '0.4449'}
{'Epoch': 49, 'HIT@5': '0.5444', 'NDCG@5': '0.3727', 'HIT@10': '0.6887', 'NDCG@10': '0.4195', 'HIT@20': '0.8056', 'NDCG@20': '0.4492', 'MRR@5': '0.3487', 'MRR@10': '0.3487', 'MRR@20': '0.3487'}
EarlyStopping counter: 5 out of 10
{'epoch': 50, 'rec_avg_loss': '0.4766', 'rec_cur_loss': '0.4714'}
{'Epoch': 50, 'HIT@5': '0.5406', 'NDCG@5': '0.3713', 'HIT@10': '0.6848', 'NDCG@10': '0.4181', 'HIT@20': '0.8038', 'NDCG@20': '0.4482', 'MRR@5': '0.3482', 'MRR@10': '0.3482', 'MRR@20': '0.3482'}
EarlyStopping counter: 6 out of 10
{'epoch': 51, 'rec_avg_loss': '0.4753', 'rec_cur_loss': '0.5014'}
{'Epoch': 51, 'HIT@5': '0.5356', 'NDCG@5': '0.3678', 'HIT@10': '0.6849', 'NDCG@10': '0.4164', 'HIT@20': '0.8041', 'NDCG@20': '0.4466', 'MRR@5': '0.3461', 'MRR@10': '0.3461', 'MRR@20': '0.3461'}
EarlyStopping counter: 7 out of 10
{'epoch': 52, 'rec_avg_loss': '0.4727', 'rec_cur_loss': '0.5199'}
{'Epoch': 52, 'HIT@5': '0.5440', 'NDCG@5': '0.3761', 'HIT@10': '0.6863', 'NDCG@10': '0.4225', 'HIT@20': '0.8051', 'NDCG@20': '0.4527', 'MRR@5': '0.3534', 'MRR@10': '0.3534', 'MRR@20': '0.3534'}
Validation score increased.  Saving model ...
{'epoch': 53, 'rec_avg_loss': '0.4689', 'rec_cur_loss': '0.4025'}
{'Epoch': 53, 'HIT@5': '0.5396', 'NDCG@5': '0.3684', 'HIT@10': '0.6843', 'NDCG@10': '0.4156', 'HIT@20': '0.8046', 'NDCG@20': '0.4461', 'MRR@5': '0.3452', 'MRR@10': '0.3452', 'MRR@20': '0.3452'}
EarlyStopping counter: 1 out of 10
{'epoch': 54, 'rec_avg_loss': '0.4733', 'rec_cur_loss': '0.5594'}
{'Epoch': 54, 'HIT@5': '0.5478', 'NDCG@5': '0.3770', 'HIT@10': '0.6869', 'NDCG@10': '0.4223', 'HIT@20': '0.8051', 'NDCG@20': '0.4522', 'MRR@5': '0.3528', 'MRR@10': '0.3528', 'MRR@20': '0.3528'}
EarlyStopping counter: 2 out of 10
{'epoch': 55, 'rec_avg_loss': '0.4691', 'rec_cur_loss': '0.4207'}
{'Epoch': 55, 'HIT@5': '0.5457', 'NDCG@5': '0.3741', 'HIT@10': '0.6884', 'NDCG@10': '0.4204', 'HIT@20': '0.8043', 'NDCG@20': '0.4497', 'MRR@5': '0.3498', 'MRR@10': '0.3498', 'MRR@20': '0.3498'}
EarlyStopping counter: 3 out of 10
{'epoch': 56, 'rec_avg_loss': '0.4724', 'rec_cur_loss': '0.5494'}
{'Epoch': 56, 'HIT@5': '0.5490', 'NDCG@5': '0.3772', 'HIT@10': '0.6892', 'NDCG@10': '0.4226', 'HIT@20': '0.8038', 'NDCG@20': '0.4516', 'MRR@5': '0.3525', 'MRR@10': '0.3525', 'MRR@20': '0.3525'}
EarlyStopping counter: 4 out of 10
{'epoch': 57, 'rec_avg_loss': '0.4690', 'rec_cur_loss': '0.4008'}
{'Epoch': 57, 'HIT@5': '0.5425', 'NDCG@5': '0.3711', 'HIT@10': '0.6864', 'NDCG@10': '0.4179', 'HIT@20': '0.8033', 'NDCG@20': '0.4474', 'MRR@5': '0.3473', 'MRR@10': '0.3473', 'MRR@20': '0.3473'}
EarlyStopping counter: 5 out of 10
{'epoch': 58, 'rec_avg_loss': '0.4700', 'rec_cur_loss': '0.4931'}
{'Epoch': 58, 'HIT@5': '0.5459', 'NDCG@5': '0.3757', 'HIT@10': '0.6886', 'NDCG@10': '0.4221', 'HIT@20': '0.8038', 'NDCG@20': '0.4513', 'MRR@5': '0.3520', 'MRR@10': '0.3520', 'MRR@20': '0.3520'}
EarlyStopping counter: 6 out of 10
{'epoch': 59, 'rec_avg_loss': '0.4675', 'rec_cur_loss': '0.5556'}
{'Epoch': 59, 'HIT@5': '0.5429', 'NDCG@5': '0.3721', 'HIT@10': '0.6886', 'NDCG@10': '0.4196', 'HIT@20': '0.8063', 'NDCG@20': '0.4494', 'MRR@5': '0.3488', 'MRR@10': '0.3488', 'MRR@20': '0.3488'}
EarlyStopping counter: 7 out of 10
{'epoch': 60, 'rec_avg_loss': '0.4668', 'rec_cur_loss': '0.4576'}
{'Epoch': 60, 'HIT@5': '0.5467', 'NDCG@5': '0.3763', 'HIT@10': '0.6879', 'NDCG@10': '0.4222', 'HIT@20': '0.8058', 'NDCG@20': '0.4521', 'MRR@5': '0.3525', 'MRR@10': '0.3525', 'MRR@20': '0.3525'}
EarlyStopping counter: 8 out of 10
{'epoch': 61, 'rec_avg_loss': '0.4640', 'rec_cur_loss': '0.4416'}
{'Epoch': 61, 'HIT@5': '0.5478', 'NDCG@5': '0.3759', 'HIT@10': '0.6849', 'NDCG@10': '0.4205', 'HIT@20': '0.8081', 'NDCG@20': '0.4518', 'MRR@5': '0.3513', 'MRR@10': '0.3513', 'MRR@20': '0.3513'}
EarlyStopping counter: 9 out of 10
{'epoch': 62, 'rec_avg_loss': '0.4650', 'rec_cur_loss': '0.5064'}
{'Epoch': 62, 'HIT@5': '0.5490', 'NDCG@5': '0.3784', 'HIT@10': '0.6894', 'NDCG@10': '0.4239', 'HIT@20': '0.8073', 'NDCG@20': '0.4539', 'MRR@5': '0.3542', 'MRR@10': '0.3542', 'MRR@20': '0.3542'}
Validation score increased.  Saving model ...
{'epoch': 63, 'rec_avg_loss': '0.4610', 'rec_cur_loss': '0.4578'}
{'Epoch': 63, 'HIT@5': '0.5495', 'NDCG@5': '0.3798', 'HIT@10': '0.6864', 'NDCG@10': '0.4242', 'HIT@20': '0.8038', 'NDCG@20': '0.4541', 'MRR@5': '0.3555', 'MRR@10': '0.3555', 'MRR@20': '0.3555'}
Validation score increased.  Saving model ...
{'epoch': 64, 'rec_avg_loss': '0.4590', 'rec_cur_loss': '0.4129'}
{'Epoch': 64, 'HIT@5': '0.5520', 'NDCG@5': '0.3828', 'HIT@10': '0.6887', 'NDCG@10': '0.4273', 'HIT@20': '0.8076', 'NDCG@20': '0.4575', 'MRR@5': '0.3587', 'MRR@10': '0.3587', 'MRR@20': '0.3587'}
Validation score increased.  Saving model ...
{'epoch': 65, 'rec_avg_loss': '0.4590', 'rec_cur_loss': '0.4113'}
{'Epoch': 65, 'HIT@5': '0.5550', 'NDCG@5': '0.3825', 'HIT@10': '0.6899', 'NDCG@10': '0.4263', 'HIT@20': '0.8094', 'NDCG@20': '0.4566', 'MRR@5': '0.3571', 'MRR@10': '0.3571', 'MRR@20': '0.3571'}
EarlyStopping counter: 1 out of 10
{'epoch': 66, 'rec_avg_loss': '0.4620', 'rec_cur_loss': '0.4680'}
{'Epoch': 66, 'HIT@5': '0.5500', 'NDCG@5': '0.3815', 'HIT@10': '0.6897', 'NDCG@10': '0.4270', 'HIT@20': '0.8083', 'NDCG@20': '0.4571', 'MRR@5': '0.3580', 'MRR@10': '0.3580', 'MRR@20': '0.3580'}
EarlyStopping counter: 2 out of 10
{'epoch': 67, 'rec_avg_loss': '0.4604', 'rec_cur_loss': '0.5103'}
{'Epoch': 67, 'HIT@5': '0.5465', 'NDCG@5': '0.3785', 'HIT@10': '0.6877', 'NDCG@10': '0.4244', 'HIT@20': '0.8073', 'NDCG@20': '0.4547', 'MRR@5': '0.3554', 'MRR@10': '0.3554', 'MRR@20': '0.3554'}
EarlyStopping counter: 3 out of 10
{'epoch': 68, 'rec_avg_loss': '0.4606', 'rec_cur_loss': '0.4543'}
{'Epoch': 68, 'HIT@5': '0.5512', 'NDCG@5': '0.3805', 'HIT@10': '0.6891', 'NDCG@10': '0.4253', 'HIT@20': '0.8075', 'NDCG@20': '0.4553', 'MRR@5': '0.3561', 'MRR@10': '0.3561', 'MRR@20': '0.3561'}
EarlyStopping counter: 4 out of 10
{'epoch': 69, 'rec_avg_loss': '0.4586', 'rec_cur_loss': '0.4623'}
{'Epoch': 69, 'HIT@5': '0.5518', 'NDCG@5': '0.3831', 'HIT@10': '0.6906', 'NDCG@10': '0.4282', 'HIT@20': '0.8075', 'NDCG@20': '0.4579', 'MRR@5': '0.3594', 'MRR@10': '0.3594', 'MRR@20': '0.3594'}
Validation score increased.  Saving model ...
{'epoch': 70, 'rec_avg_loss': '0.4566', 'rec_cur_loss': '0.3779'}
{'Epoch': 70, 'HIT@5': '0.5487', 'NDCG@5': '0.3797', 'HIT@10': '0.6894', 'NDCG@10': '0.4256', 'HIT@20': '0.8061', 'NDCG@20': '0.4552', 'MRR@5': '0.3562', 'MRR@10': '0.3562', 'MRR@20': '0.3562'}
EarlyStopping counter: 1 out of 10
{'epoch': 71, 'rec_avg_loss': '0.4571', 'rec_cur_loss': '0.4552'}
{'Epoch': 71, 'HIT@5': '0.5500', 'NDCG@5': '0.3818', 'HIT@10': '0.6904', 'NDCG@10': '0.4275', 'HIT@20': '0.8071', 'NDCG@20': '0.4572', 'MRR@5': '0.3585', 'MRR@10': '0.3585', 'MRR@20': '0.3585'}
EarlyStopping counter: 2 out of 10
{'epoch': 72, 'rec_avg_loss': '0.4552', 'rec_cur_loss': '0.4208'}
{'Epoch': 72, 'HIT@5': '0.5512', 'NDCG@5': '0.3831', 'HIT@10': '0.6919', 'NDCG@10': '0.4289', 'HIT@20': '0.8083', 'NDCG@20': '0.4584', 'MRR@5': '0.3598', 'MRR@10': '0.3598', 'MRR@20': '0.3598'}
Validation score increased.  Saving model ...
{'epoch': 73, 'rec_avg_loss': '0.4555', 'rec_cur_loss': '0.4583'}
{'Epoch': 73, 'HIT@5': '0.5495', 'NDCG@5': '0.3806', 'HIT@10': '0.6894', 'NDCG@10': '0.4261', 'HIT@20': '0.8075', 'NDCG@20': '0.4561', 'MRR@5': '0.3571', 'MRR@10': '0.3571', 'MRR@20': '0.3571'}
EarlyStopping counter: 1 out of 10
{'epoch': 74, 'rec_avg_loss': '0.4554', 'rec_cur_loss': '0.4722'}
{'Epoch': 74, 'HIT@5': '0.5553', 'NDCG@5': '0.3834', 'HIT@10': '0.6904', 'NDCG@10': '0.4274', 'HIT@20': '0.8079', 'NDCG@20': '0.4572', 'MRR@5': '0.3582', 'MRR@10': '0.3582', 'MRR@20': '0.3582'}
EarlyStopping counter: 2 out of 10
{'epoch': 75, 'rec_avg_loss': '0.4531', 'rec_cur_loss': '0.4014'}
{'Epoch': 75, 'HIT@5': '0.5541', 'NDCG@5': '0.3856', 'HIT@10': '0.6930', 'NDCG@10': '0.4307', 'HIT@20': '0.8079', 'NDCG@20': '0.4599', 'MRR@5': '0.3618', 'MRR@10': '0.3618', 'MRR@20': '0.3618'}
Validation score increased.  Saving model ...
{'epoch': 76, 'rec_avg_loss': '0.4539', 'rec_cur_loss': '0.4810'}
{'Epoch': 76, 'HIT@5': '0.5563', 'NDCG@5': '0.3852', 'HIT@10': '0.6917', 'NDCG@10': '0.4292', 'HIT@20': '0.8106', 'NDCG@20': '0.4593', 'MRR@5': '0.3601', 'MRR@10': '0.3601', 'MRR@20': '0.3601'}
EarlyStopping counter: 1 out of 10
{'epoch': 77, 'rec_avg_loss': '0.4539', 'rec_cur_loss': '0.4659'}
{'Epoch': 77, 'HIT@5': '0.5563', 'NDCG@5': '0.3850', 'HIT@10': '0.6917', 'NDCG@10': '0.4291', 'HIT@20': '0.8081', 'NDCG@20': '0.4586', 'MRR@5': '0.3599', 'MRR@10': '0.3599', 'MRR@20': '0.3599'}
EarlyStopping counter: 2 out of 10
{'epoch': 78, 'rec_avg_loss': '0.4522', 'rec_cur_loss': '0.4533'}
{'Epoch': 78, 'HIT@5': '0.5556', 'NDCG@5': '0.3862', 'HIT@10': '0.6927', 'NDCG@10': '0.4308', 'HIT@20': '0.8084', 'NDCG@20': '0.4601', 'MRR@5': '0.3618', 'MRR@10': '0.3618', 'MRR@20': '0.3618'}
Validation score increased.  Saving model ...
{'epoch': 79, 'rec_avg_loss': '0.4532', 'rec_cur_loss': '0.4778'}
{'Epoch': 79, 'HIT@5': '0.5578', 'NDCG@5': '0.3900', 'HIT@10': '0.6924', 'NDCG@10': '0.4338', 'HIT@20': '0.8065', 'NDCG@20': '0.4627', 'MRR@5': '0.3658', 'MRR@10': '0.3658', 'MRR@20': '0.3658'}
Validation score increased.  Saving model ...
{'epoch': 80, 'rec_avg_loss': '0.4483', 'rec_cur_loss': '0.3918'}
{'Epoch': 80, 'HIT@5': '0.5576', 'NDCG@5': '0.3866', 'HIT@10': '0.6927', 'NDCG@10': '0.4306', 'HIT@20': '0.8081', 'NDCG@20': '0.4598', 'MRR@5': '0.3614', 'MRR@10': '0.3614', 'MRR@20': '0.3614'}
EarlyStopping counter: 1 out of 10
{'epoch': 81, 'rec_avg_loss': '0.4501', 'rec_cur_loss': '0.4109'}
{'Epoch': 81, 'HIT@5': '0.5533', 'NDCG@5': '0.3837', 'HIT@10': '0.6889', 'NDCG@10': '0.4279', 'HIT@20': '0.8076', 'NDCG@20': '0.4581', 'MRR@5': '0.3594', 'MRR@10': '0.3594', 'MRR@20': '0.3594'}
EarlyStopping counter: 2 out of 10
{'epoch': 82, 'rec_avg_loss': '0.4505', 'rec_cur_loss': '0.4409'}
{'Epoch': 82, 'HIT@5': '0.5531', 'NDCG@5': '0.3839', 'HIT@10': '0.6927', 'NDCG@10': '0.4293', 'HIT@20': '0.8083', 'NDCG@20': '0.4586', 'MRR@5': '0.3598', 'MRR@10': '0.3598', 'MRR@20': '0.3598'}
EarlyStopping counter: 3 out of 10
{'epoch': 83, 'rec_avg_loss': '0.4517', 'rec_cur_loss': '0.4493'}
{'Epoch': 83, 'HIT@5': '0.5575', 'NDCG@5': '0.3859', 'HIT@10': '0.6904', 'NDCG@10': '0.4291', 'HIT@20': '0.8066', 'NDCG@20': '0.4587', 'MRR@5': '0.3604', 'MRR@10': '0.3604', 'MRR@20': '0.3604'}
EarlyStopping counter: 4 out of 10
{'epoch': 84, 'rec_avg_loss': '0.4522', 'rec_cur_loss': '0.5565'}
{'Epoch': 84, 'HIT@5': '0.5520', 'NDCG@5': '0.3815', 'HIT@10': '0.6882', 'NDCG@10': '0.4257', 'HIT@20': '0.8063', 'NDCG@20': '0.4557', 'MRR@5': '0.3569', 'MRR@10': '0.3569', 'MRR@20': '0.3569'}
EarlyStopping counter: 5 out of 10
{'epoch': 85, 'rec_avg_loss': '0.4474', 'rec_cur_loss': '0.4613'}
{'Epoch': 85, 'HIT@5': '0.5558', 'NDCG@5': '0.3870', 'HIT@10': '0.6925', 'NDCG@10': '0.4314', 'HIT@20': '0.8078', 'NDCG@20': '0.4607', 'MRR@5': '0.3627', 'MRR@10': '0.3627', 'MRR@20': '0.3627'}
EarlyStopping counter: 6 out of 10
{'epoch': 86, 'rec_avg_loss': '0.4474', 'rec_cur_loss': '0.4756'}
{'Epoch': 86, 'HIT@5': '0.5584', 'NDCG@5': '0.3862', 'HIT@10': '0.6937', 'NDCG@10': '0.4302', 'HIT@20': '0.8063', 'NDCG@20': '0.4588', 'MRR@5': '0.3605', 'MRR@10': '0.3605', 'MRR@20': '0.3605'}
EarlyStopping counter: 7 out of 10
{'epoch': 87, 'rec_avg_loss': '0.4471', 'rec_cur_loss': '0.3948'}
{'Epoch': 87, 'HIT@5': '0.5586', 'NDCG@5': '0.3913', 'HIT@10': '0.6960', 'NDCG@10': '0.4361', 'HIT@20': '0.8091', 'NDCG@20': '0.4648', 'MRR@5': '0.3676', 'MRR@10': '0.3676', 'MRR@20': '0.3676'}
Validation score increased.  Saving model ...
{'epoch': 88, 'rec_avg_loss': '0.4460', 'rec_cur_loss': '0.4409'}
{'Epoch': 88, 'HIT@5': '0.5589', 'NDCG@5': '0.3937', 'HIT@10': '0.6987', 'NDCG@10': '0.4392', 'HIT@20': '0.8089', 'NDCG@20': '0.4672', 'MRR@5': '0.3707', 'MRR@10': '0.3707', 'MRR@20': '0.3707'}
Validation score increased.  Saving model ...
{'epoch': 89, 'rec_avg_loss': '0.4429', 'rec_cur_loss': '0.4004'}
{'Epoch': 89, 'HIT@5': '0.5573', 'NDCG@5': '0.3928', 'HIT@10': '0.6972', 'NDCG@10': '0.4381', 'HIT@20': '0.8073', 'NDCG@20': '0.4660', 'MRR@5': '0.3698', 'MRR@10': '0.3698', 'MRR@20': '0.3698'}
EarlyStopping counter: 1 out of 10
{'epoch': 90, 'rec_avg_loss': '0.4456', 'rec_cur_loss': '0.4536'}
{'Epoch': 90, 'HIT@5': '0.5608', 'NDCG@5': '0.3917', 'HIT@10': '0.6897', 'NDCG@10': '0.4338', 'HIT@20': '0.8043', 'NDCG@20': '0.4629', 'MRR@5': '0.3667', 'MRR@10': '0.3667', 'MRR@20': '0.3667'}
EarlyStopping counter: 2 out of 10
{'epoch': 91, 'rec_avg_loss': '0.4428', 'rec_cur_loss': '0.4328'}
{'Epoch': 91, 'HIT@5': '0.5657', 'NDCG@5': '0.3939', 'HIT@10': '0.6967', 'NDCG@10': '0.4362', 'HIT@20': '0.8068', 'NDCG@20': '0.4642', 'MRR@5': '0.3675', 'MRR@10': '0.3675', 'MRR@20': '0.3675'}
EarlyStopping counter: 3 out of 10
{'epoch': 92, 'rec_avg_loss': '0.4438', 'rec_cur_loss': '0.4429'}
{'Epoch': 92, 'HIT@5': '0.5631', 'NDCG@5': '0.3928', 'HIT@10': '0.6972', 'NDCG@10': '0.4363', 'HIT@20': '0.8084', 'NDCG@20': '0.4644', 'MRR@5': '0.3672', 'MRR@10': '0.3672', 'MRR@20': '0.3672'}
EarlyStopping counter: 4 out of 10
{'epoch': 93, 'rec_avg_loss': '0.4422', 'rec_cur_loss': '0.4425'}
{'Epoch': 93, 'HIT@5': '0.5599', 'NDCG@5': '0.3933', 'HIT@10': '0.6962', 'NDCG@10': '0.4375', 'HIT@20': '0.8071', 'NDCG@20': '0.4656', 'MRR@5': '0.3693', 'MRR@10': '0.3693', 'MRR@20': '0.3693'}
EarlyStopping counter: 5 out of 10
{'epoch': 94, 'rec_avg_loss': '0.4430', 'rec_cur_loss': '0.4965'}
{'Epoch': 94, 'HIT@5': '0.5639', 'NDCG@5': '0.3922', 'HIT@10': '0.6964', 'NDCG@10': '0.4351', 'HIT@20': '0.8055', 'NDCG@20': '0.4630', 'MRR@5': '0.3662', 'MRR@10': '0.3662', 'MRR@20': '0.3662'}
EarlyStopping counter: 6 out of 10
{'epoch': 95, 'rec_avg_loss': '0.4422', 'rec_cur_loss': '0.4490'}
{'Epoch': 95, 'HIT@5': '0.5604', 'NDCG@5': '0.3927', 'HIT@10': '0.6939', 'NDCG@10': '0.4361', 'HIT@20': '0.8053', 'NDCG@20': '0.4645', 'MRR@5': '0.3682', 'MRR@10': '0.3682', 'MRR@20': '0.3682'}
EarlyStopping counter: 7 out of 10
{'epoch': 96, 'rec_avg_loss': '0.4402', 'rec_cur_loss': '0.4166'}
{'Epoch': 96, 'HIT@5': '0.5613', 'NDCG@5': '0.3932', 'HIT@10': '0.6949', 'NDCG@10': '0.4365', 'HIT@20': '0.8056', 'NDCG@20': '0.4647', 'MRR@5': '0.3685', 'MRR@10': '0.3685', 'MRR@20': '0.3685'}
EarlyStopping counter: 8 out of 10
{'epoch': 97, 'rec_avg_loss': '0.4389', 'rec_cur_loss': '0.4185'}
{'Epoch': 97, 'HIT@5': '0.5631', 'NDCG@5': '0.3923', 'HIT@10': '0.6939', 'NDCG@10': '0.4345', 'HIT@20': '0.8050', 'NDCG@20': '0.4628', 'MRR@5': '0.3662', 'MRR@10': '0.3662', 'MRR@20': '0.3662'}
EarlyStopping counter: 9 out of 10
{'epoch': 98, 'rec_avg_loss': '0.4369', 'rec_cur_loss': '0.4457'}
{'Epoch': 98, 'HIT@5': '0.5639', 'NDCG@5': '0.3945', 'HIT@10': '0.6959', 'NDCG@10': '0.4373', 'HIT@20': '0.8058', 'NDCG@20': '0.4653', 'MRR@5': '0.3691', 'MRR@10': '0.3691', 'MRR@20': '0.3691'}
EarlyStopping counter: 10 out of 10
Early stopping
---------------Sample 99 results-------------------
{'Epoch': 0, 'HIT@5': '0.5214', 'NDCG@5': '0.3633', 'HIT@10': '0.6677', 'NDCG@10': '0.4108', 'HIT@20': '0.7866', 'NDCG@20': '0.4411', 'MRR@5': '0.3446', 'MRR@10': '0.3446', 'MRR@20': '0.3446'}
Finetune_sample-ml-1m-100-3layer_01
{'Epoch': 0, 'HIT@5': '0.5214', 'NDCG@5': '0.3633', 'HIT@10': '0.6677', 'NDCG@10': '0.4108', 'HIT@20': '0.7866', 'NDCG@20': '0.4411', 'MRR@5': '0.3446', 'MRR@10': '0.3446', 'MRR@20': '0.3446'}
