Namespace(adam_beta1=0.9, adam_beta2=0.999, attention_probs_dropout_prob=0.2, batch_size=128, ckp=100, cuda_condition=True, data_dir='./data/', data_file='./data/ml-1m.txt', data_name='ml-1m', do_eval=False, epochs=300, gpu_id='0', hidden_act='gelu', hidden_dropout_prob=0.2, hidden_size=64, initializer_range=0.02, item_size=3418, log_file='output/Finetune_sample-ml-1m-100-3layer_05.txt', log_freq=1, lr=0.001, mask_id=3417, max_seq_length=50, model_name='Finetune_sample', no_cuda=False, num_attention_heads=1, num_hidden_layers=3, output_dir='output/', sample_file='./data/ml-1m_sample.txt', seed=42, weight_decay=0.0)
Total Parameters: 388672
Load Checkpoint From output/ml-1m-epochs-100-3layer_05.pt!
{'epoch': 0, 'rec_avg_loss': '0.9800', 'rec_cur_loss': '0.9194'}
{'Epoch': 0, 'HIT@5': '0.2396', 'NDCG@5': '0.1510', 'HIT@10': '0.3965', 'NDCG@10': '0.2013', 'HIT@20': '0.5944', 'NDCG@20': '0.2511', 'MRR@5': '0.1669', 'MRR@10': '0.1669', 'MRR@20': '0.1669'}
Validation score increased.  Saving model ...
{'epoch': 1, 'rec_avg_loss': '0.7147', 'rec_cur_loss': '0.6570'}
{'Epoch': 1, 'HIT@5': '0.3394', 'NDCG@5': '0.2175', 'HIT@10': '0.5200', 'NDCG@10': '0.2761', 'HIT@20': '0.7066', 'NDCG@20': '0.3235', 'MRR@5': '0.2227', 'MRR@10': '0.2227', 'MRR@20': '0.2227'}
Validation score increased.  Saving model ...
{'epoch': 2, 'rec_avg_loss': '0.6556', 'rec_cur_loss': '0.6794'}
{'Epoch': 2, 'HIT@5': '0.3887', 'NDCG@5': '0.2496', 'HIT@10': '0.5675', 'NDCG@10': '0.3073', 'HIT@20': '0.7336', 'NDCG@20': '0.3495', 'MRR@5': '0.2466', 'MRR@10': '0.2466', 'MRR@20': '0.2466'}
Validation score increased.  Saving model ...
{'epoch': 3, 'rec_avg_loss': '0.6260', 'rec_cur_loss': '0.5961'}
{'Epoch': 3, 'HIT@5': '0.4146', 'NDCG@5': '0.2685', 'HIT@10': '0.5974', 'NDCG@10': '0.3275', 'HIT@20': '0.7531', 'NDCG@20': '0.3670', 'MRR@5': '0.2623', 'MRR@10': '0.2623', 'MRR@20': '0.2623'}
Validation score increased.  Saving model ...
{'epoch': 4, 'rec_avg_loss': '0.6087', 'rec_cur_loss': '0.5909'}
{'Epoch': 4, 'HIT@5': '0.4323', 'NDCG@5': '0.2802', 'HIT@10': '0.6142', 'NDCG@10': '0.3388', 'HIT@20': '0.7596', 'NDCG@20': '0.3757', 'MRR@5': '0.2708', 'MRR@10': '0.2708', 'MRR@20': '0.2708'}
Validation score increased.  Saving model ...
{'epoch': 5, 'rec_avg_loss': '0.5933', 'rec_cur_loss': '0.6000'}
{'Epoch': 5, 'HIT@5': '0.4478', 'NDCG@5': '0.2929', 'HIT@10': '0.6295', 'NDCG@10': '0.3518', 'HIT@20': '0.7684', 'NDCG@20': '0.3870', 'MRR@5': '0.2821', 'MRR@10': '0.2821', 'MRR@20': '0.2821'}
Validation score increased.  Saving model ...
{'epoch': 6, 'rec_avg_loss': '0.5868', 'rec_cur_loss': '0.6394'}
{'Epoch': 6, 'HIT@5': '0.4571', 'NDCG@5': '0.2964', 'HIT@10': '0.6358', 'NDCG@10': '0.3546', 'HIT@20': '0.7730', 'NDCG@20': '0.3895', 'MRR@5': '0.2835', 'MRR@10': '0.2835', 'MRR@20': '0.2835'}
Validation score increased.  Saving model ...
{'epoch': 7, 'rec_avg_loss': '0.5782', 'rec_cur_loss': '0.6341'}
{'Epoch': 7, 'HIT@5': '0.4637', 'NDCG@5': '0.3042', 'HIT@10': '0.6432', 'NDCG@10': '0.3624', 'HIT@20': '0.7735', 'NDCG@20': '0.3955', 'MRR@5': '0.2910', 'MRR@10': '0.2910', 'MRR@20': '0.2910'}
Validation score increased.  Saving model ...
{'epoch': 8, 'rec_avg_loss': '0.5708', 'rec_cur_loss': '0.5661'}
{'Epoch': 8, 'HIT@5': '0.4695', 'NDCG@5': '0.3095', 'HIT@10': '0.6470', 'NDCG@10': '0.3673', 'HIT@20': '0.7770', 'NDCG@20': '0.4002', 'MRR@5': '0.2958', 'MRR@10': '0.2958', 'MRR@20': '0.2958'}
Validation score increased.  Saving model ...
{'epoch': 9, 'rec_avg_loss': '0.5639', 'rec_cur_loss': '0.6277'}
{'Epoch': 9, 'HIT@5': '0.4798', 'NDCG@5': '0.3175', 'HIT@10': '0.6517', 'NDCG@10': '0.3734', 'HIT@20': '0.7803', 'NDCG@20': '0.4060', 'MRR@5': '0.3021', 'MRR@10': '0.3021', 'MRR@20': '0.3021'}
Validation score increased.  Saving model ...
{'epoch': 10, 'rec_avg_loss': '0.5585', 'rec_cur_loss': '0.5709'}
{'Epoch': 10, 'HIT@5': '0.4800', 'NDCG@5': '0.3168', 'HIT@10': '0.6503', 'NDCG@10': '0.3723', 'HIT@20': '0.7776', 'NDCG@20': '0.4047', 'MRR@5': '0.3010', 'MRR@10': '0.3010', 'MRR@20': '0.3010'}
EarlyStopping counter: 1 out of 10
{'epoch': 11, 'rec_avg_loss': '0.5522', 'rec_cur_loss': '0.4902'}
{'Epoch': 11, 'HIT@5': '0.4916', 'NDCG@5': '0.3237', 'HIT@10': '0.6545', 'NDCG@10': '0.3768', 'HIT@20': '0.7808', 'NDCG@20': '0.4090', 'MRR@5': '0.3053', 'MRR@10': '0.3053', 'MRR@20': '0.3053'}
Validation score increased.  Saving model ...
{'epoch': 12, 'rec_avg_loss': '0.5507', 'rec_cur_loss': '0.5717'}
{'Epoch': 12, 'HIT@5': '0.4921', 'NDCG@5': '0.3234', 'HIT@10': '0.6575', 'NDCG@10': '0.3773', 'HIT@20': '0.7846', 'NDCG@20': '0.4097', 'MRR@5': '0.3050', 'MRR@10': '0.3050', 'MRR@20': '0.3050'}
EarlyStopping counter: 1 out of 10
{'epoch': 13, 'rec_avg_loss': '0.5440', 'rec_cur_loss': '0.5202'}
{'Epoch': 13, 'HIT@5': '0.4922', 'NDCG@5': '0.3273', 'HIT@10': '0.6596', 'NDCG@10': '0.3819', 'HIT@20': '0.7833', 'NDCG@20': '0.4134', 'MRR@5': '0.3103', 'MRR@10': '0.3103', 'MRR@20': '0.3103'}
Validation score increased.  Saving model ...
{'epoch': 14, 'rec_avg_loss': '0.5426', 'rec_cur_loss': '0.4771'}
{'Epoch': 14, 'HIT@5': '0.4887', 'NDCG@5': '0.3220', 'HIT@10': '0.6594', 'NDCG@10': '0.3778', 'HIT@20': '0.7826', 'NDCG@20': '0.4092', 'MRR@5': '0.3050', 'MRR@10': '0.3050', 'MRR@20': '0.3050'}
EarlyStopping counter: 1 out of 10
{'epoch': 15, 'rec_avg_loss': '0.5406', 'rec_cur_loss': '0.5618'}
{'Epoch': 15, 'HIT@5': '0.5023', 'NDCG@5': '0.3318', 'HIT@10': '0.6618', 'NDCG@10': '0.3838', 'HIT@20': '0.7854', 'NDCG@20': '0.4153', 'MRR@5': '0.3118', 'MRR@10': '0.3118', 'MRR@20': '0.3118'}
Validation score increased.  Saving model ...
{'epoch': 16, 'rec_avg_loss': '0.5375', 'rec_cur_loss': '0.6118'}
{'Epoch': 16, 'HIT@5': '0.5005', 'NDCG@5': '0.3321', 'HIT@10': '0.6634', 'NDCG@10': '0.3852', 'HIT@20': '0.7863', 'NDCG@20': '0.4165', 'MRR@5': '0.3131', 'MRR@10': '0.3131', 'MRR@20': '0.3131'}
Validation score increased.  Saving model ...
{'epoch': 17, 'rec_avg_loss': '0.5351', 'rec_cur_loss': '0.5621'}
{'Epoch': 17, 'HIT@5': '0.5068', 'NDCG@5': '0.3372', 'HIT@10': '0.6656', 'NDCG@10': '0.3889', 'HIT@20': '0.7882', 'NDCG@20': '0.4202', 'MRR@5': '0.3172', 'MRR@10': '0.3172', 'MRR@20': '0.3172'}
Validation score increased.  Saving model ...
{'epoch': 18, 'rec_avg_loss': '0.5303', 'rec_cur_loss': '0.5519'}
{'Epoch': 18, 'HIT@5': '0.5025', 'NDCG@5': '0.3337', 'HIT@10': '0.6672', 'NDCG@10': '0.3874', 'HIT@20': '0.7879', 'NDCG@20': '0.4180', 'MRR@5': '0.3146', 'MRR@10': '0.3146', 'MRR@20': '0.3146'}
EarlyStopping counter: 1 out of 10
{'epoch': 19, 'rec_avg_loss': '0.5284', 'rec_cur_loss': '0.5872'}
{'Epoch': 19, 'HIT@5': '0.5086', 'NDCG@5': '0.3392', 'HIT@10': '0.6697', 'NDCG@10': '0.3918', 'HIT@20': '0.7873', 'NDCG@20': '0.4216', 'MRR@5': '0.3193', 'MRR@10': '0.3193', 'MRR@20': '0.3193'}
Validation score increased.  Saving model ...
{'epoch': 20, 'rec_avg_loss': '0.5282', 'rec_cur_loss': '0.5529'}
{'Epoch': 20, 'HIT@5': '0.5096', 'NDCG@5': '0.3387', 'HIT@10': '0.6682', 'NDCG@10': '0.3904', 'HIT@20': '0.7863', 'NDCG@20': '0.4204', 'MRR@5': '0.3179', 'MRR@10': '0.3179', 'MRR@20': '0.3179'}
EarlyStopping counter: 1 out of 10
{'epoch': 21, 'rec_avg_loss': '0.5256', 'rec_cur_loss': '0.5916'}
{'Epoch': 21, 'HIT@5': '0.5058', 'NDCG@5': '0.3386', 'HIT@10': '0.6674', 'NDCG@10': '0.3913', 'HIT@20': '0.7863', 'NDCG@20': '0.4214', 'MRR@5': '0.3194', 'MRR@10': '0.3194', 'MRR@20': '0.3194'}
Validation score increased.  Saving model ...
{'epoch': 22, 'rec_avg_loss': '0.5210', 'rec_cur_loss': '0.5085'}
{'Epoch': 22, 'HIT@5': '0.5084', 'NDCG@5': '0.3404', 'HIT@10': '0.6714', 'NDCG@10': '0.3935', 'HIT@20': '0.7868', 'NDCG@20': '0.4228', 'MRR@5': '0.3210', 'MRR@10': '0.3210', 'MRR@20': '0.3210'}
Validation score increased.  Saving model ...
{'epoch': 23, 'rec_avg_loss': '0.5210', 'rec_cur_loss': '0.5430'}
{'Epoch': 23, 'HIT@5': '0.5109', 'NDCG@5': '0.3414', 'HIT@10': '0.6692', 'NDCG@10': '0.3930', 'HIT@20': '0.7884', 'NDCG@20': '0.4233', 'MRR@5': '0.3212', 'MRR@10': '0.3212', 'MRR@20': '0.3212'}
Validation score increased.  Saving model ...
{'epoch': 24, 'rec_avg_loss': '0.5183', 'rec_cur_loss': '0.5407'}
{'Epoch': 24, 'HIT@5': '0.5129', 'NDCG@5': '0.3446', 'HIT@10': '0.6732', 'NDCG@10': '0.3967', 'HIT@20': '0.7901', 'NDCG@20': '0.4265', 'MRR@5': '0.3246', 'MRR@10': '0.3246', 'MRR@20': '0.3246'}
Validation score increased.  Saving model ...
{'epoch': 25, 'rec_avg_loss': '0.5156', 'rec_cur_loss': '0.5962'}
{'Epoch': 25, 'HIT@5': '0.5184', 'NDCG@5': '0.3489', 'HIT@10': '0.6719', 'NDCG@10': '0.3990', 'HIT@20': '0.7911', 'NDCG@20': '0.4293', 'MRR@5': '0.3281', 'MRR@10': '0.3281', 'MRR@20': '0.3281'}
Validation score increased.  Saving model ...
{'epoch': 26, 'rec_avg_loss': '0.5147', 'rec_cur_loss': '0.4734'}
{'Epoch': 26, 'HIT@5': '0.5118', 'NDCG@5': '0.3459', 'HIT@10': '0.6732', 'NDCG@10': '0.3986', 'HIT@20': '0.7935', 'NDCG@20': '0.4292', 'MRR@5': '0.3272', 'MRR@10': '0.3272', 'MRR@20': '0.3272'}
EarlyStopping counter: 1 out of 10
{'epoch': 27, 'rec_avg_loss': '0.5098', 'rec_cur_loss': '0.4742'}
{'Epoch': 27, 'HIT@5': '0.5190', 'NDCG@5': '0.3485', 'HIT@10': '0.6753', 'NDCG@10': '0.3995', 'HIT@20': '0.7911', 'NDCG@20': '0.4289', 'MRR@5': '0.3273', 'MRR@10': '0.3273', 'MRR@20': '0.3273'}
EarlyStopping counter: 2 out of 10
{'epoch': 28, 'rec_avg_loss': '0.5090', 'rec_cur_loss': '0.4731'}
{'Epoch': 28, 'HIT@5': '0.5172', 'NDCG@5': '0.3482', 'HIT@10': '0.6730', 'NDCG@10': '0.3990', 'HIT@20': '0.7924', 'NDCG@20': '0.4293', 'MRR@5': '0.3275', 'MRR@10': '0.3275', 'MRR@20': '0.3275'}
EarlyStopping counter: 3 out of 10
{'epoch': 29, 'rec_avg_loss': '0.5082', 'rec_cur_loss': '0.5313'}
{'Epoch': 29, 'HIT@5': '0.5162', 'NDCG@5': '0.3471', 'HIT@10': '0.6700', 'NDCG@10': '0.3974', 'HIT@20': '0.7925', 'NDCG@20': '0.4286', 'MRR@5': '0.3266', 'MRR@10': '0.3266', 'MRR@20': '0.3266'}
EarlyStopping counter: 4 out of 10
{'epoch': 30, 'rec_avg_loss': '0.5099', 'rec_cur_loss': '0.5345'}
{'Epoch': 30, 'HIT@5': '0.5199', 'NDCG@5': '0.3515', 'HIT@10': '0.6742', 'NDCG@10': '0.4019', 'HIT@20': '0.7921', 'NDCG@20': '0.4319', 'MRR@5': '0.3309', 'MRR@10': '0.3309', 'MRR@20': '0.3309'}
Validation score increased.  Saving model ...
{'epoch': 31, 'rec_avg_loss': '0.5066', 'rec_cur_loss': '0.5319'}
{'Epoch': 31, 'HIT@5': '0.5189', 'NDCG@5': '0.3520', 'HIT@10': '0.6772', 'NDCG@10': '0.4035', 'HIT@20': '0.7960', 'NDCG@20': '0.4337', 'MRR@5': '0.3321', 'MRR@10': '0.3321', 'MRR@20': '0.3321'}
Validation score increased.  Saving model ...
{'epoch': 32, 'rec_avg_loss': '0.5057', 'rec_cur_loss': '0.5659'}
{'Epoch': 32, 'HIT@5': '0.5192', 'NDCG@5': '0.3500', 'HIT@10': '0.6750', 'NDCG@10': '0.4008', 'HIT@20': '0.7952', 'NDCG@20': '0.4314', 'MRR@5': '0.3293', 'MRR@10': '0.3293', 'MRR@20': '0.3293'}
EarlyStopping counter: 1 out of 10
{'epoch': 33, 'rec_avg_loss': '0.5028', 'rec_cur_loss': '0.5079'}
{'Epoch': 33, 'HIT@5': '0.5199', 'NDCG@5': '0.3509', 'HIT@10': '0.6786', 'NDCG@10': '0.4026', 'HIT@20': '0.7959', 'NDCG@20': '0.4323', 'MRR@5': '0.3302', 'MRR@10': '0.3302', 'MRR@20': '0.3302'}
EarlyStopping counter: 2 out of 10
{'epoch': 34, 'rec_avg_loss': '0.5025', 'rec_cur_loss': '0.5759'}
{'Epoch': 34, 'HIT@5': '0.5242', 'NDCG@5': '0.3537', 'HIT@10': '0.6800', 'NDCG@10': '0.4044', 'HIT@20': '0.7950', 'NDCG@20': '0.4336', 'MRR@5': '0.3321', 'MRR@10': '0.3321', 'MRR@20': '0.3321'}
EarlyStopping counter: 3 out of 10
{'epoch': 35, 'rec_avg_loss': '0.5005', 'rec_cur_loss': '0.4716'}
{'Epoch': 35, 'HIT@5': '0.5210', 'NDCG@5': '0.3525', 'HIT@10': '0.6780', 'NDCG@10': '0.4038', 'HIT@20': '0.7939', 'NDCG@20': '0.4333', 'MRR@5': '0.3320', 'MRR@10': '0.3320', 'MRR@20': '0.3320'}
EarlyStopping counter: 4 out of 10
{'epoch': 36, 'rec_avg_loss': '0.4975', 'rec_cur_loss': '0.5181'}
{'Epoch': 36, 'HIT@5': '0.5257', 'NDCG@5': '0.3559', 'HIT@10': '0.6816', 'NDCG@10': '0.4065', 'HIT@20': '0.7972', 'NDCG@20': '0.4358', 'MRR@5': '0.3343', 'MRR@10': '0.3343', 'MRR@20': '0.3343'}
Validation score increased.  Saving model ...
{'epoch': 37, 'rec_avg_loss': '0.4993', 'rec_cur_loss': '0.4916'}
{'Epoch': 37, 'HIT@5': '0.5280', 'NDCG@5': '0.3578', 'HIT@10': '0.6831', 'NDCG@10': '0.4083', 'HIT@20': '0.7998', 'NDCG@20': '0.4379', 'MRR@5': '0.3362', 'MRR@10': '0.3362', 'MRR@20': '0.3362'}
Validation score increased.  Saving model ...
{'epoch': 38, 'rec_avg_loss': '0.4945', 'rec_cur_loss': '0.4804'}
{'Epoch': 38, 'HIT@5': '0.5248', 'NDCG@5': '0.3551', 'HIT@10': '0.6796', 'NDCG@10': '0.4055', 'HIT@20': '0.7954', 'NDCG@20': '0.4349', 'MRR@5': '0.3337', 'MRR@10': '0.3337', 'MRR@20': '0.3337'}
EarlyStopping counter: 1 out of 10
{'epoch': 39, 'rec_avg_loss': '0.4967', 'rec_cur_loss': '0.5020'}
{'Epoch': 39, 'HIT@5': '0.5214', 'NDCG@5': '0.3530', 'HIT@10': '0.6783', 'NDCG@10': '0.4042', 'HIT@20': '0.7949', 'NDCG@20': '0.4338', 'MRR@5': '0.3325', 'MRR@10': '0.3325', 'MRR@20': '0.3325'}
EarlyStopping counter: 2 out of 10
{'epoch': 40, 'rec_avg_loss': '0.4943', 'rec_cur_loss': '0.5511'}
{'Epoch': 40, 'HIT@5': '0.5343', 'NDCG@5': '0.3624', 'HIT@10': '0.6858', 'NDCG@10': '0.4115', 'HIT@20': '0.7987', 'NDCG@20': '0.4401', 'MRR@5': '0.3392', 'MRR@10': '0.3392', 'MRR@20': '0.3392'}
Validation score increased.  Saving model ...
{'epoch': 41, 'rec_avg_loss': '0.4951', 'rec_cur_loss': '0.5576'}
{'Epoch': 41, 'HIT@5': '0.5325', 'NDCG@5': '0.3624', 'HIT@10': '0.6879', 'NDCG@10': '0.4128', 'HIT@20': '0.7993', 'NDCG@20': '0.4410', 'MRR@5': '0.3402', 'MRR@10': '0.3402', 'MRR@20': '0.3402'}
Validation score increased.  Saving model ...
{'epoch': 42, 'rec_avg_loss': '0.4872', 'rec_cur_loss': '0.4285'}
{'Epoch': 42, 'HIT@5': '0.5295', 'NDCG@5': '0.3580', 'HIT@10': '0.6864', 'NDCG@10': '0.4091', 'HIT@20': '0.8003', 'NDCG@20': '0.4379', 'MRR@5': '0.3359', 'MRR@10': '0.3359', 'MRR@20': '0.3359'}
EarlyStopping counter: 1 out of 10
{'epoch': 43, 'rec_avg_loss': '0.4923', 'rec_cur_loss': '0.5753'}
{'Epoch': 43, 'HIT@5': '0.5288', 'NDCG@5': '0.3601', 'HIT@10': '0.6858', 'NDCG@10': '0.4114', 'HIT@20': '0.8018', 'NDCG@20': '0.4408', 'MRR@5': '0.3393', 'MRR@10': '0.3393', 'MRR@20': '0.3393'}
EarlyStopping counter: 2 out of 10
{'epoch': 44, 'rec_avg_loss': '0.4888', 'rec_cur_loss': '0.4819'}
{'Epoch': 44, 'HIT@5': '0.5354', 'NDCG@5': '0.3665', 'HIT@10': '0.6876', 'NDCG@10': '0.4160', 'HIT@20': '0.8017', 'NDCG@20': '0.4450', 'MRR@5': '0.3446', 'MRR@10': '0.3446', 'MRR@20': '0.3446'}
Validation score increased.  Saving model ...
{'epoch': 45, 'rec_avg_loss': '0.4912', 'rec_cur_loss': '0.6063'}
{'Epoch': 45, 'HIT@5': '0.5323', 'NDCG@5': '0.3609', 'HIT@10': '0.6818', 'NDCG@10': '0.4095', 'HIT@20': '0.8017', 'NDCG@20': '0.4399', 'MRR@5': '0.3382', 'MRR@10': '0.3382', 'MRR@20': '0.3382'}
EarlyStopping counter: 1 out of 10
{'epoch': 46, 'rec_avg_loss': '0.4874', 'rec_cur_loss': '0.5467'}
{'Epoch': 46, 'HIT@5': '0.5310', 'NDCG@5': '0.3624', 'HIT@10': '0.6838', 'NDCG@10': '0.4122', 'HIT@20': '0.8020', 'NDCG@20': '0.4421', 'MRR@5': '0.3409', 'MRR@10': '0.3409', 'MRR@20': '0.3409'}
EarlyStopping counter: 2 out of 10
{'epoch': 47, 'rec_avg_loss': '0.4862', 'rec_cur_loss': '0.4577'}
{'Epoch': 47, 'HIT@5': '0.5326', 'NDCG@5': '0.3622', 'HIT@10': '0.6858', 'NDCG@10': '0.4119', 'HIT@20': '0.7990', 'NDCG@20': '0.4406', 'MRR@5': '0.3398', 'MRR@10': '0.3398', 'MRR@20': '0.3398'}
EarlyStopping counter: 3 out of 10
{'epoch': 48, 'rec_avg_loss': '0.4836', 'rec_cur_loss': '0.5036'}
{'Epoch': 48, 'HIT@5': '0.5339', 'NDCG@5': '0.3634', 'HIT@10': '0.6858', 'NDCG@10': '0.4127', 'HIT@20': '0.8031', 'NDCG@20': '0.4424', 'MRR@5': '0.3408', 'MRR@10': '0.3408', 'MRR@20': '0.3408'}
EarlyStopping counter: 4 out of 10
{'epoch': 49, 'rec_avg_loss': '0.4832', 'rec_cur_loss': '0.4619'}
{'Epoch': 49, 'HIT@5': '0.5384', 'NDCG@5': '0.3686', 'HIT@10': '0.6861', 'NDCG@10': '0.4165', 'HIT@20': '0.8038', 'NDCG@20': '0.4464', 'MRR@5': '0.3458', 'MRR@10': '0.3458', 'MRR@20': '0.3458'}
Validation score increased.  Saving model ...
{'epoch': 50, 'rec_avg_loss': '0.4832', 'rec_cur_loss': '0.4656'}
{'Epoch': 50, 'HIT@5': '0.5311', 'NDCG@5': '0.3651', 'HIT@10': '0.6843', 'NDCG@10': '0.4150', 'HIT@20': '0.8015', 'NDCG@20': '0.4447', 'MRR@5': '0.3444', 'MRR@10': '0.3444', 'MRR@20': '0.3444'}
EarlyStopping counter: 1 out of 10
{'epoch': 51, 'rec_avg_loss': '0.4823', 'rec_cur_loss': '0.4999'}
{'Epoch': 51, 'HIT@5': '0.5321', 'NDCG@5': '0.3664', 'HIT@10': '0.6841', 'NDCG@10': '0.4159', 'HIT@20': '0.7992', 'NDCG@20': '0.4452', 'MRR@5': '0.3459', 'MRR@10': '0.3459', 'MRR@20': '0.3459'}
Validation score increased.  Saving model ...
{'epoch': 52, 'rec_avg_loss': '0.4826', 'rec_cur_loss': '0.5420'}
{'Epoch': 52, 'HIT@5': '0.5358', 'NDCG@5': '0.3681', 'HIT@10': '0.6887', 'NDCG@10': '0.4179', 'HIT@20': '0.8013', 'NDCG@20': '0.4465', 'MRR@5': '0.3467', 'MRR@10': '0.3467', 'MRR@20': '0.3467'}
Validation score increased.  Saving model ...
{'epoch': 53, 'rec_avg_loss': '0.4784', 'rec_cur_loss': '0.3868'}
{'Epoch': 53, 'HIT@5': '0.5334', 'NDCG@5': '0.3658', 'HIT@10': '0.6863', 'NDCG@10': '0.4156', 'HIT@20': '0.7985', 'NDCG@20': '0.4441', 'MRR@5': '0.3445', 'MRR@10': '0.3445', 'MRR@20': '0.3445'}
EarlyStopping counter: 1 out of 10
{'epoch': 54, 'rec_avg_loss': '0.4803', 'rec_cur_loss': '0.5373'}
{'Epoch': 54, 'HIT@5': '0.5354', 'NDCG@5': '0.3658', 'HIT@10': '0.6833', 'NDCG@10': '0.4140', 'HIT@20': '0.8017', 'NDCG@20': '0.4441', 'MRR@5': '0.3433', 'MRR@10': '0.3433', 'MRR@20': '0.3433'}
EarlyStopping counter: 2 out of 10
{'epoch': 55, 'rec_avg_loss': '0.4769', 'rec_cur_loss': '0.4328'}
{'Epoch': 55, 'HIT@5': '0.5407', 'NDCG@5': '0.3697', 'HIT@10': '0.6911', 'NDCG@10': '0.4187', 'HIT@20': '0.8036', 'NDCG@20': '0.4472', 'MRR@5': '0.3466', 'MRR@10': '0.3466', 'MRR@20': '0.3466'}
EarlyStopping counter: 3 out of 10
{'epoch': 56, 'rec_avg_loss': '0.4793', 'rec_cur_loss': '0.5495'}
{'Epoch': 56, 'HIT@5': '0.5416', 'NDCG@5': '0.3689', 'HIT@10': '0.6884', 'NDCG@10': '0.4168', 'HIT@20': '0.8033', 'NDCG@20': '0.4458', 'MRR@5': '0.3450', 'MRR@10': '0.3450', 'MRR@20': '0.3450'}
EarlyStopping counter: 4 out of 10
{'epoch': 57, 'rec_avg_loss': '0.4767', 'rec_cur_loss': '0.4049'}
{'Epoch': 57, 'HIT@5': '0.5421', 'NDCG@5': '0.3701', 'HIT@10': '0.6901', 'NDCG@10': '0.4181', 'HIT@20': '0.8008', 'NDCG@20': '0.4461', 'MRR@5': '0.3461', 'MRR@10': '0.3461', 'MRR@20': '0.3461'}
EarlyStopping counter: 5 out of 10
{'epoch': 58, 'rec_avg_loss': '0.4781', 'rec_cur_loss': '0.4742'}
{'Epoch': 58, 'HIT@5': '0.5421', 'NDCG@5': '0.3718', 'HIT@10': '0.6899', 'NDCG@10': '0.4198', 'HIT@20': '0.8018', 'NDCG@20': '0.4482', 'MRR@5': '0.3485', 'MRR@10': '0.3485', 'MRR@20': '0.3485'}
Validation score increased.  Saving model ...
{'epoch': 59, 'rec_avg_loss': '0.4759', 'rec_cur_loss': '0.5543'}
{'Epoch': 59, 'HIT@5': '0.5397', 'NDCG@5': '0.3694', 'HIT@10': '0.6909', 'NDCG@10': '0.4185', 'HIT@20': '0.8036', 'NDCG@20': '0.4471', 'MRR@5': '0.3466', 'MRR@10': '0.3466', 'MRR@20': '0.3466'}
EarlyStopping counter: 1 out of 10
{'epoch': 60, 'rec_avg_loss': '0.4740', 'rec_cur_loss': '0.4620'}
{'Epoch': 60, 'HIT@5': '0.5379', 'NDCG@5': '0.3702', 'HIT@10': '0.6859', 'NDCG@10': '0.4185', 'HIT@20': '0.8036', 'NDCG@20': '0.4484', 'MRR@5': '0.3484', 'MRR@10': '0.3484', 'MRR@20': '0.3484'}
EarlyStopping counter: 2 out of 10
{'epoch': 61, 'rec_avg_loss': '0.4726', 'rec_cur_loss': '0.4426'}
{'Epoch': 61, 'HIT@5': '0.5369', 'NDCG@5': '0.3695', 'HIT@10': '0.6851', 'NDCG@10': '0.4177', 'HIT@20': '0.8020', 'NDCG@20': '0.4474', 'MRR@5': '0.3477', 'MRR@10': '0.3477', 'MRR@20': '0.3477'}
EarlyStopping counter: 3 out of 10
{'epoch': 62, 'rec_avg_loss': '0.4738', 'rec_cur_loss': '0.5118'}
{'Epoch': 62, 'HIT@5': '0.5399', 'NDCG@5': '0.3724', 'HIT@10': '0.6844', 'NDCG@10': '0.4195', 'HIT@20': '0.8020', 'NDCG@20': '0.4495', 'MRR@5': '0.3503', 'MRR@10': '0.3503', 'MRR@20': '0.3503'}
Validation score increased.  Saving model ...
{'epoch': 63, 'rec_avg_loss': '0.4714', 'rec_cur_loss': '0.5035'}
{'Epoch': 63, 'HIT@5': '0.5430', 'NDCG@5': '0.3736', 'HIT@10': '0.6899', 'NDCG@10': '0.4213', 'HIT@20': '0.8038', 'NDCG@20': '0.4503', 'MRR@5': '0.3505', 'MRR@10': '0.3505', 'MRR@20': '0.3505'}
Validation score increased.  Saving model ...
{'epoch': 64, 'rec_avg_loss': '0.4681', 'rec_cur_loss': '0.4139'}
{'Epoch': 64, 'HIT@5': '0.5455', 'NDCG@5': '0.3745', 'HIT@10': '0.6897', 'NDCG@10': '0.4214', 'HIT@20': '0.8043', 'NDCG@20': '0.4505', 'MRR@5': '0.3507', 'MRR@10': '0.3507', 'MRR@20': '0.3507'}
Validation score increased.  Saving model ...
{'epoch': 65, 'rec_avg_loss': '0.4678', 'rec_cur_loss': '0.4132'}
{'Epoch': 65, 'HIT@5': '0.5460', 'NDCG@5': '0.3766', 'HIT@10': '0.6871', 'NDCG@10': '0.4225', 'HIT@20': '0.8043', 'NDCG@20': '0.4523', 'MRR@5': '0.3531', 'MRR@10': '0.3531', 'MRR@20': '0.3531'}
Validation score increased.  Saving model ...
{'epoch': 66, 'rec_avg_loss': '0.4697', 'rec_cur_loss': '0.4783'}
{'Epoch': 66, 'HIT@5': '0.5432', 'NDCG@5': '0.3752', 'HIT@10': '0.6912', 'NDCG@10': '0.4234', 'HIT@20': '0.8046', 'NDCG@20': '0.4521', 'MRR@5': '0.3527', 'MRR@10': '0.3527', 'MRR@20': '0.3527'}
EarlyStopping counter: 1 out of 10
{'epoch': 67, 'rec_avg_loss': '0.4680', 'rec_cur_loss': '0.5111'}
{'Epoch': 67, 'HIT@5': '0.5424', 'NDCG@5': '0.3741', 'HIT@10': '0.6897', 'NDCG@10': '0.4222', 'HIT@20': '0.8061', 'NDCG@20': '0.4517', 'MRR@5': '0.3517', 'MRR@10': '0.3517', 'MRR@20': '0.3517'}
EarlyStopping counter: 2 out of 10
{'epoch': 68, 'rec_avg_loss': '0.4692', 'rec_cur_loss': '0.4794'}
{'Epoch': 68, 'HIT@5': '0.5445', 'NDCG@5': '0.3746', 'HIT@10': '0.6914', 'NDCG@10': '0.4223', 'HIT@20': '0.8055', 'NDCG@20': '0.4512', 'MRR@5': '0.3513', 'MRR@10': '0.3513', 'MRR@20': '0.3513'}
EarlyStopping counter: 3 out of 10
{'epoch': 69, 'rec_avg_loss': '0.4672', 'rec_cur_loss': '0.4837'}
{'Epoch': 69, 'HIT@5': '0.5425', 'NDCG@5': '0.3748', 'HIT@10': '0.6921', 'NDCG@10': '0.4233', 'HIT@20': '0.8051', 'NDCG@20': '0.4520', 'MRR@5': '0.3525', 'MRR@10': '0.3525', 'MRR@20': '0.3525'}
EarlyStopping counter: 4 out of 10
{'epoch': 70, 'rec_avg_loss': '0.4646', 'rec_cur_loss': '0.3832'}
{'Epoch': 70, 'HIT@5': '0.5371', 'NDCG@5': '0.3710', 'HIT@10': '0.6874', 'NDCG@10': '0.4199', 'HIT@20': '0.8030', 'NDCG@20': '0.4492', 'MRR@5': '0.3496', 'MRR@10': '0.3496', 'MRR@20': '0.3496'}
EarlyStopping counter: 5 out of 10
{'epoch': 71, 'rec_avg_loss': '0.4650', 'rec_cur_loss': '0.4536'}
{'Epoch': 71, 'HIT@5': '0.5439', 'NDCG@5': '0.3750', 'HIT@10': '0.6889', 'NDCG@10': '0.4222', 'HIT@20': '0.8018', 'NDCG@20': '0.4509', 'MRR@5': '0.3519', 'MRR@10': '0.3519', 'MRR@20': '0.3519'}
EarlyStopping counter: 6 out of 10
{'epoch': 72, 'rec_avg_loss': '0.4614', 'rec_cur_loss': '0.4031'}
{'Epoch': 72, 'HIT@5': '0.5442', 'NDCG@5': '0.3775', 'HIT@10': '0.6914', 'NDCG@10': '0.4254', 'HIT@20': '0.8053', 'NDCG@20': '0.4544', 'MRR@5': '0.3554', 'MRR@10': '0.3554', 'MRR@20': '0.3554'}
Validation score increased.  Saving model ...
{'epoch': 73, 'rec_avg_loss': '0.4621', 'rec_cur_loss': '0.4744'}
{'Epoch': 73, 'HIT@5': '0.5419', 'NDCG@5': '0.3744', 'HIT@10': '0.6921', 'NDCG@10': '0.4232', 'HIT@20': '0.8041', 'NDCG@20': '0.4516', 'MRR@5': '0.3523', 'MRR@10': '0.3523', 'MRR@20': '0.3523'}
EarlyStopping counter: 1 out of 10
{'epoch': 74, 'rec_avg_loss': '0.4631', 'rec_cur_loss': '0.4972'}
{'Epoch': 74, 'HIT@5': '0.5444', 'NDCG@5': '0.3764', 'HIT@10': '0.6934', 'NDCG@10': '0.4250', 'HIT@20': '0.8058', 'NDCG@20': '0.4535', 'MRR@5': '0.3541', 'MRR@10': '0.3541', 'MRR@20': '0.3541'}
EarlyStopping counter: 2 out of 10
{'epoch': 75, 'rec_avg_loss': '0.4608', 'rec_cur_loss': '0.4099'}
{'Epoch': 75, 'HIT@5': '0.5460', 'NDCG@5': '0.3789', 'HIT@10': '0.6927', 'NDCG@10': '0.4266', 'HIT@20': '0.8075', 'NDCG@20': '0.4557', 'MRR@5': '0.3566', 'MRR@10': '0.3566', 'MRR@20': '0.3566'}
Validation score increased.  Saving model ...
{'epoch': 76, 'rec_avg_loss': '0.4632', 'rec_cur_loss': '0.5100'}
{'Epoch': 76, 'HIT@5': '0.5470', 'NDCG@5': '0.3777', 'HIT@10': '0.6917', 'NDCG@10': '0.4249', 'HIT@20': '0.8053', 'NDCG@20': '0.4537', 'MRR@5': '0.3546', 'MRR@10': '0.3546', 'MRR@20': '0.3546'}
EarlyStopping counter: 1 out of 10
{'epoch': 77, 'rec_avg_loss': '0.4626', 'rec_cur_loss': '0.4701'}
{'Epoch': 77, 'HIT@5': '0.5490', 'NDCG@5': '0.3800', 'HIT@10': '0.6934', 'NDCG@10': '0.4270', 'HIT@20': '0.8060', 'NDCG@20': '0.4554', 'MRR@5': '0.3565', 'MRR@10': '0.3565', 'MRR@20': '0.3565'}
EarlyStopping counter: 2 out of 10
{'epoch': 78, 'rec_avg_loss': '0.4612', 'rec_cur_loss': '0.4590'}
{'Epoch': 78, 'HIT@5': '0.5495', 'NDCG@5': '0.3785', 'HIT@10': '0.6939', 'NDCG@10': '0.4252', 'HIT@20': '0.8078', 'NDCG@20': '0.4541', 'MRR@5': '0.3542', 'MRR@10': '0.3542', 'MRR@20': '0.3542'}
EarlyStopping counter: 3 out of 10
{'epoch': 79, 'rec_avg_loss': '0.4603', 'rec_cur_loss': '0.4668'}
{'Epoch': 79, 'HIT@5': '0.5477', 'NDCG@5': '0.3809', 'HIT@10': '0.6937', 'NDCG@10': '0.4285', 'HIT@20': '0.8028', 'NDCG@20': '0.4561', 'MRR@5': '0.3582', 'MRR@10': '0.3582', 'MRR@20': '0.3582'}
Validation score increased.  Saving model ...
{'epoch': 80, 'rec_avg_loss': '0.4570', 'rec_cur_loss': '0.4050'}
{'Epoch': 80, 'HIT@5': '0.5475', 'NDCG@5': '0.3781', 'HIT@10': '0.6932', 'NDCG@10': '0.4254', 'HIT@20': '0.8030', 'NDCG@20': '0.4532', 'MRR@5': '0.3545', 'MRR@10': '0.3545', 'MRR@20': '0.3545'}
EarlyStopping counter: 1 out of 10
{'epoch': 81, 'rec_avg_loss': '0.4587', 'rec_cur_loss': '0.4142'}
{'Epoch': 81, 'HIT@5': '0.5470', 'NDCG@5': '0.3788', 'HIT@10': '0.6929', 'NDCG@10': '0.4263', 'HIT@20': '0.8063', 'NDCG@20': '0.4550', 'MRR@5': '0.3560', 'MRR@10': '0.3560', 'MRR@20': '0.3560'}
EarlyStopping counter: 2 out of 10
{'epoch': 82, 'rec_avg_loss': '0.4596', 'rec_cur_loss': '0.4424'}
{'Epoch': 82, 'HIT@5': '0.5497', 'NDCG@5': '0.3819', 'HIT@10': '0.6954', 'NDCG@10': '0.4294', 'HIT@20': '0.8075', 'NDCG@20': '0.4578', 'MRR@5': '0.3590', 'MRR@10': '0.3590', 'MRR@20': '0.3590'}
Validation score increased.  Saving model ...
{'epoch': 83, 'rec_avg_loss': '0.4592', 'rec_cur_loss': '0.4558'}
{'Epoch': 83, 'HIT@5': '0.5478', 'NDCG@5': '0.3782', 'HIT@10': '0.6932', 'NDCG@10': '0.4254', 'HIT@20': '0.8046', 'NDCG@20': '0.4537', 'MRR@5': '0.3547', 'MRR@10': '0.3547', 'MRR@20': '0.3547'}
EarlyStopping counter: 1 out of 10
{'epoch': 84, 'rec_avg_loss': '0.4592', 'rec_cur_loss': '0.5541'}
{'Epoch': 84, 'HIT@5': '0.5478', 'NDCG@5': '0.3793', 'HIT@10': '0.6927', 'NDCG@10': '0.4263', 'HIT@20': '0.8051', 'NDCG@20': '0.4549', 'MRR@5': '0.3561', 'MRR@10': '0.3561', 'MRR@20': '0.3561'}
EarlyStopping counter: 2 out of 10
{'epoch': 85, 'rec_avg_loss': '0.4559', 'rec_cur_loss': '0.4939'}
{'Epoch': 85, 'HIT@5': '0.5508', 'NDCG@5': '0.3823', 'HIT@10': '0.6954', 'NDCG@10': '0.4293', 'HIT@20': '0.8073', 'NDCG@20': '0.4577', 'MRR@5': '0.3588', 'MRR@10': '0.3588', 'MRR@20': '0.3588'}
EarlyStopping counter: 3 out of 10
{'epoch': 86, 'rec_avg_loss': '0.4570', 'rec_cur_loss': '0.4906'}
{'Epoch': 86, 'HIT@5': '0.5490', 'NDCG@5': '0.3808', 'HIT@10': '0.6911', 'NDCG@10': '0.4270', 'HIT@20': '0.8076', 'NDCG@20': '0.4566', 'MRR@5': '0.3576', 'MRR@10': '0.3576', 'MRR@20': '0.3576'}
EarlyStopping counter: 4 out of 10
{'epoch': 87, 'rec_avg_loss': '0.4539', 'rec_cur_loss': '0.3938'}
{'Epoch': 87, 'HIT@5': '0.5533', 'NDCG@5': '0.3835', 'HIT@10': '0.6967', 'NDCG@10': '0.4301', 'HIT@20': '0.8071', 'NDCG@20': '0.4581', 'MRR@5': '0.3595', 'MRR@10': '0.3595', 'MRR@20': '0.3595'}
Validation score increased.  Saving model ...
{'epoch': 88, 'rec_avg_loss': '0.4539', 'rec_cur_loss': '0.4432'}
{'Epoch': 88, 'HIT@5': '0.5507', 'NDCG@5': '0.3840', 'HIT@10': '0.7002', 'NDCG@10': '0.4326', 'HIT@20': '0.8093', 'NDCG@20': '0.4601', 'MRR@5': '0.3614', 'MRR@10': '0.3614', 'MRR@20': '0.3614'}
Validation score increased.  Saving model ...
{'epoch': 89, 'rec_avg_loss': '0.4510', 'rec_cur_loss': '0.4314'}
{'Epoch': 89, 'HIT@5': '0.5578', 'NDCG@5': '0.3890', 'HIT@10': '0.6980', 'NDCG@10': '0.4345', 'HIT@20': '0.8075', 'NDCG@20': '0.4623', 'MRR@5': '0.3647', 'MRR@10': '0.3647', 'MRR@20': '0.3647'}
Validation score increased.  Saving model ...
{'epoch': 90, 'rec_avg_loss': '0.4540', 'rec_cur_loss': '0.4713'}
{'Epoch': 90, 'HIT@5': '0.5528', 'NDCG@5': '0.3839', 'HIT@10': '0.6982', 'NDCG@10': '0.4312', 'HIT@20': '0.8063', 'NDCG@20': '0.4585', 'MRR@5': '0.3603', 'MRR@10': '0.3603', 'MRR@20': '0.3603'}
EarlyStopping counter: 1 out of 10
{'epoch': 91, 'rec_avg_loss': '0.4524', 'rec_cur_loss': '0.4423'}
{'Epoch': 91, 'HIT@5': '0.5526', 'NDCG@5': '0.3835', 'HIT@10': '0.6955', 'NDCG@10': '0.4300', 'HIT@20': '0.8068', 'NDCG@20': '0.4583', 'MRR@5': '0.3597', 'MRR@10': '0.3597', 'MRR@20': '0.3597'}
EarlyStopping counter: 2 out of 10
{'epoch': 92, 'rec_avg_loss': '0.4535', 'rec_cur_loss': '0.4615'}
{'Epoch': 92, 'HIT@5': '0.5522', 'NDCG@5': '0.3828', 'HIT@10': '0.6960', 'NDCG@10': '0.4296', 'HIT@20': '0.8048', 'NDCG@20': '0.4572', 'MRR@5': '0.3589', 'MRR@10': '0.3589', 'MRR@20': '0.3589'}
EarlyStopping counter: 3 out of 10
{'epoch': 93, 'rec_avg_loss': '0.4490', 'rec_cur_loss': '0.4485'}
{'Epoch': 93, 'HIT@5': '0.5522', 'NDCG@5': '0.3851', 'HIT@10': '0.6965', 'NDCG@10': '0.4321', 'HIT@20': '0.8058', 'NDCG@20': '0.4599', 'MRR@5': '0.3622', 'MRR@10': '0.3622', 'MRR@20': '0.3622'}
EarlyStopping counter: 4 out of 10
{'epoch': 94, 'rec_avg_loss': '0.4508', 'rec_cur_loss': '0.5075'}
{'Epoch': 94, 'HIT@5': '0.5561', 'NDCG@5': '0.3887', 'HIT@10': '0.7000', 'NDCG@10': '0.4355', 'HIT@20': '0.8086', 'NDCG@20': '0.4630', 'MRR@5': '0.3654', 'MRR@10': '0.3654', 'MRR@20': '0.3654'}
Validation score increased.  Saving model ...
{'epoch': 95, 'rec_avg_loss': '0.4491', 'rec_cur_loss': '0.4484'}
{'Epoch': 95, 'HIT@5': '0.5543', 'NDCG@5': '0.3856', 'HIT@10': '0.6957', 'NDCG@10': '0.4314', 'HIT@20': '0.8040', 'NDCG@20': '0.4589', 'MRR@5': '0.3615', 'MRR@10': '0.3615', 'MRR@20': '0.3615'}
EarlyStopping counter: 1 out of 10
{'epoch': 96, 'rec_avg_loss': '0.4492', 'rec_cur_loss': '0.4267'}
{'Epoch': 96, 'HIT@5': '0.5533', 'NDCG@5': '0.3835', 'HIT@10': '0.6952', 'NDCG@10': '0.4297', 'HIT@20': '0.8056', 'NDCG@20': '0.4577', 'MRR@5': '0.3594', 'MRR@10': '0.3594', 'MRR@20': '0.3594'}
EarlyStopping counter: 2 out of 10
{'epoch': 97, 'rec_avg_loss': '0.4478', 'rec_cur_loss': '0.4380'}
{'Epoch': 97, 'HIT@5': '0.5510', 'NDCG@5': '0.3828', 'HIT@10': '0.6974', 'NDCG@10': '0.4305', 'HIT@20': '0.8041', 'NDCG@20': '0.4576', 'MRR@5': '0.3596', 'MRR@10': '0.3596', 'MRR@20': '0.3596'}
EarlyStopping counter: 3 out of 10
{'epoch': 98, 'rec_avg_loss': '0.4467', 'rec_cur_loss': '0.4498'}
{'Epoch': 98, 'HIT@5': '0.5576', 'NDCG@5': '0.3869', 'HIT@10': '0.6945', 'NDCG@10': '0.4315', 'HIT@20': '0.8048', 'NDCG@20': '0.4596', 'MRR@5': '0.3619', 'MRR@10': '0.3619', 'MRR@20': '0.3619'}
EarlyStopping counter: 4 out of 10
{'epoch': 99, 'rec_avg_loss': '0.4469', 'rec_cur_loss': '0.4027'}
{'Epoch': 99, 'HIT@5': '0.5530', 'NDCG@5': '0.3826', 'HIT@10': '0.6942', 'NDCG@10': '0.4284', 'HIT@20': '0.8028', 'NDCG@20': '0.4560', 'MRR@5': '0.3580', 'MRR@10': '0.3580', 'MRR@20': '0.3580'}
EarlyStopping counter: 5 out of 10
{'epoch': 100, 'rec_avg_loss': '0.4482', 'rec_cur_loss': '0.5035'}
{'Epoch': 100, 'HIT@5': '0.5579', 'NDCG@5': '0.3892', 'HIT@10': '0.6975', 'NDCG@10': '0.4346', 'HIT@20': '0.8045', 'NDCG@20': '0.4617', 'MRR@5': '0.3649', 'MRR@10': '0.3649', 'MRR@20': '0.3649'}
EarlyStopping counter: 6 out of 10
{'epoch': 101, 'rec_avg_loss': '0.4433', 'rec_cur_loss': '0.4041'}
{'Epoch': 101, 'HIT@5': '0.5609', 'NDCG@5': '0.3886', 'HIT@10': '0.6977', 'NDCG@10': '0.4332', 'HIT@20': '0.8078', 'NDCG@20': '0.4612', 'MRR@5': '0.3630', 'MRR@10': '0.3630', 'MRR@20': '0.3630'}
EarlyStopping counter: 7 out of 10
{'epoch': 102, 'rec_avg_loss': '0.4461', 'rec_cur_loss': '0.4876'}
{'Epoch': 102, 'HIT@5': '0.5606', 'NDCG@5': '0.3883', 'HIT@10': '0.6977', 'NDCG@10': '0.4329', 'HIT@20': '0.8083', 'NDCG@20': '0.4610', 'MRR@5': '0.3626', 'MRR@10': '0.3626', 'MRR@20': '0.3626'}
EarlyStopping counter: 8 out of 10
{'epoch': 103, 'rec_avg_loss': '0.4462', 'rec_cur_loss': '0.4393'}
{'Epoch': 103, 'HIT@5': '0.5609', 'NDCG@5': '0.3907', 'HIT@10': '0.6974', 'NDCG@10': '0.4352', 'HIT@20': '0.8030', 'NDCG@20': '0.4619', 'MRR@5': '0.3656', 'MRR@10': '0.3656', 'MRR@20': '0.3656'}
Validation score increased.  Saving model ...
{'epoch': 104, 'rec_avg_loss': '0.4454', 'rec_cur_loss': '0.4252'}
{'Epoch': 104, 'HIT@5': '0.5575', 'NDCG@5': '0.3893', 'HIT@10': '0.6944', 'NDCG@10': '0.4338', 'HIT@20': '0.8041', 'NDCG@20': '0.4617', 'MRR@5': '0.3650', 'MRR@10': '0.3650', 'MRR@20': '0.3650'}
EarlyStopping counter: 1 out of 10
{'epoch': 105, 'rec_avg_loss': '0.4475', 'rec_cur_loss': '0.5352'}
{'Epoch': 105, 'HIT@5': '0.5598', 'NDCG@5': '0.3911', 'HIT@10': '0.6980', 'NDCG@10': '0.4361', 'HIT@20': '0.8075', 'NDCG@20': '0.4638', 'MRR@5': '0.3666', 'MRR@10': '0.3666', 'MRR@20': '0.3666'}
Validation score increased.  Saving model ...
{'epoch': 106, 'rec_avg_loss': '0.4442', 'rec_cur_loss': '0.4756'}
{'Epoch': 106, 'HIT@5': '0.5584', 'NDCG@5': '0.3896', 'HIT@10': '0.6950', 'NDCG@10': '0.4342', 'HIT@20': '0.8070', 'NDCG@20': '0.4627', 'MRR@5': '0.3653', 'MRR@10': '0.3653', 'MRR@20': '0.3653'}
EarlyStopping counter: 1 out of 10
{'epoch': 107, 'rec_avg_loss': '0.4425', 'rec_cur_loss': '0.4388'}
{'Epoch': 107, 'HIT@5': '0.5563', 'NDCG@5': '0.3871', 'HIT@10': '0.6921', 'NDCG@10': '0.4312', 'HIT@20': '0.8036', 'NDCG@20': '0.4595', 'MRR@5': '0.3624', 'MRR@10': '0.3624', 'MRR@20': '0.3624'}
EarlyStopping counter: 2 out of 10
{'epoch': 108, 'rec_avg_loss': '0.4403', 'rec_cur_loss': '0.3814'}
{'Epoch': 108, 'HIT@5': '0.5613', 'NDCG@5': '0.3910', 'HIT@10': '0.6975', 'NDCG@10': '0.4354', 'HIT@20': '0.8104', 'NDCG@20': '0.4641', 'MRR@5': '0.3660', 'MRR@10': '0.3660', 'MRR@20': '0.3660'}
EarlyStopping counter: 3 out of 10
{'epoch': 109, 'rec_avg_loss': '0.4383', 'rec_cur_loss': '0.3424'}
{'Epoch': 109, 'HIT@5': '0.5533', 'NDCG@5': '0.3823', 'HIT@10': '0.6964', 'NDCG@10': '0.4287', 'HIT@20': '0.8043', 'NDCG@20': '0.4561', 'MRR@5': '0.3576', 'MRR@10': '0.3576', 'MRR@20': '0.3576'}
EarlyStopping counter: 4 out of 10
{'epoch': 110, 'rec_avg_loss': '0.4409', 'rec_cur_loss': '0.4940'}
{'Epoch': 110, 'HIT@5': '0.5570', 'NDCG@5': '0.3885', 'HIT@10': '0.6970', 'NDCG@10': '0.4340', 'HIT@20': '0.8055', 'NDCG@20': '0.4615', 'MRR@5': '0.3643', 'MRR@10': '0.3643', 'MRR@20': '0.3643'}
EarlyStopping counter: 5 out of 10
{'epoch': 111, 'rec_avg_loss': '0.4410', 'rec_cur_loss': '0.4621'}
{'Epoch': 111, 'HIT@5': '0.5623', 'NDCG@5': '0.3938', 'HIT@10': '0.7008', 'NDCG@10': '0.4388', 'HIT@20': '0.8070', 'NDCG@20': '0.4658', 'MRR@5': '0.3693', 'MRR@10': '0.3693', 'MRR@20': '0.3693'}
Validation score increased.  Saving model ...
{'epoch': 112, 'rec_avg_loss': '0.4393', 'rec_cur_loss': '0.4380'}
{'Epoch': 112, 'HIT@5': '0.5586', 'NDCG@5': '0.3905', 'HIT@10': '0.7003', 'NDCG@10': '0.4366', 'HIT@20': '0.8094', 'NDCG@20': '0.4642', 'MRR@5': '0.3665', 'MRR@10': '0.3665', 'MRR@20': '0.3665'}
EarlyStopping counter: 1 out of 10
{'epoch': 113, 'rec_avg_loss': '0.4384', 'rec_cur_loss': '0.4353'}
{'Epoch': 113, 'HIT@5': '0.5522', 'NDCG@5': '0.3853', 'HIT@10': '0.6916', 'NDCG@10': '0.4307', 'HIT@20': '0.8065', 'NDCG@20': '0.4600', 'MRR@5': '0.3622', 'MRR@10': '0.3622', 'MRR@20': '0.3622'}
EarlyStopping counter: 2 out of 10
{'epoch': 114, 'rec_avg_loss': '0.4439', 'rec_cur_loss': '0.4828'}
{'Epoch': 114, 'HIT@5': '0.5596', 'NDCG@5': '0.3903', 'HIT@10': '0.6983', 'NDCG@10': '0.4354', 'HIT@20': '0.8086', 'NDCG@20': '0.4635', 'MRR@5': '0.3659', 'MRR@10': '0.3659', 'MRR@20': '0.3659'}
EarlyStopping counter: 3 out of 10
{'epoch': 115, 'rec_avg_loss': '0.4419', 'rec_cur_loss': '0.4920'}
{'Epoch': 115, 'HIT@5': '0.5563', 'NDCG@5': '0.3894', 'HIT@10': '0.6980', 'NDCG@10': '0.4355', 'HIT@20': '0.8053', 'NDCG@20': '0.4627', 'MRR@5': '0.3659', 'MRR@10': '0.3659', 'MRR@20': '0.3659'}
EarlyStopping counter: 4 out of 10
{'epoch': 116, 'rec_avg_loss': '0.4377', 'rec_cur_loss': '0.4864'}
{'Epoch': 116, 'HIT@5': '0.5649', 'NDCG@5': '0.3960', 'HIT@10': '0.6995', 'NDCG@10': '0.4397', 'HIT@20': '0.8086', 'NDCG@20': '0.4674', 'MRR@5': '0.3709', 'MRR@10': '0.3709', 'MRR@20': '0.3709'}
Validation score increased.  Saving model ...
{'epoch': 117, 'rec_avg_loss': '0.4397', 'rec_cur_loss': '0.5209'}
{'Epoch': 117, 'HIT@5': '0.5603', 'NDCG@5': '0.3902', 'HIT@10': '0.6990', 'NDCG@10': '0.4354', 'HIT@20': '0.8104', 'NDCG@20': '0.4637', 'MRR@5': '0.3655', 'MRR@10': '0.3655', 'MRR@20': '0.3655'}
EarlyStopping counter: 1 out of 10
{'epoch': 118, 'rec_avg_loss': '0.4368', 'rec_cur_loss': '0.4188'}
{'Epoch': 118, 'HIT@5': '0.5613', 'NDCG@5': '0.3921', 'HIT@10': '0.7026', 'NDCG@10': '0.4378', 'HIT@20': '0.8056', 'NDCG@20': '0.4640', 'MRR@5': '0.3673', 'MRR@10': '0.3673', 'MRR@20': '0.3673'}
EarlyStopping counter: 2 out of 10
{'epoch': 119, 'rec_avg_loss': '0.4395', 'rec_cur_loss': '0.4821'}
{'Epoch': 119, 'HIT@5': '0.5583', 'NDCG@5': '0.3908', 'HIT@10': '0.7012', 'NDCG@10': '0.4371', 'HIT@20': '0.8084', 'NDCG@20': '0.4644', 'MRR@5': '0.3671', 'MRR@10': '0.3671', 'MRR@20': '0.3671'}
EarlyStopping counter: 3 out of 10
{'epoch': 120, 'rec_avg_loss': '0.4373', 'rec_cur_loss': '0.4796'}
{'Epoch': 120, 'HIT@5': '0.5555', 'NDCG@5': '0.3887', 'HIT@10': '0.6959', 'NDCG@10': '0.4343', 'HIT@20': '0.8056', 'NDCG@20': '0.4622', 'MRR@5': '0.3652', 'MRR@10': '0.3652', 'MRR@20': '0.3652'}
EarlyStopping counter: 4 out of 10
{'epoch': 121, 'rec_avg_loss': '0.4360', 'rec_cur_loss': '0.4654'}
{'Epoch': 121, 'HIT@5': '0.5606', 'NDCG@5': '0.3937', 'HIT@10': '0.7003', 'NDCG@10': '0.4392', 'HIT@20': '0.8089', 'NDCG@20': '0.4666', 'MRR@5': '0.3698', 'MRR@10': '0.3698', 'MRR@20': '0.3698'}
EarlyStopping counter: 5 out of 10
{'epoch': 122, 'rec_avg_loss': '0.4362', 'rec_cur_loss': '0.4779'}
{'Epoch': 122, 'HIT@5': '0.5616', 'NDCG@5': '0.3953', 'HIT@10': '0.6980', 'NDCG@10': '0.4397', 'HIT@20': '0.8068', 'NDCG@20': '0.4673', 'MRR@5': '0.3715', 'MRR@10': '0.3715', 'MRR@20': '0.3715'}
Validation score increased.  Saving model ...
{'epoch': 123, 'rec_avg_loss': '0.4335', 'rec_cur_loss': '0.3769'}
{'Epoch': 123, 'HIT@5': '0.5619', 'NDCG@5': '0.3929', 'HIT@10': '0.6974', 'NDCG@10': '0.4369', 'HIT@20': '0.8088', 'NDCG@20': '0.4652', 'MRR@5': '0.3681', 'MRR@10': '0.3681', 'MRR@20': '0.3681'}
EarlyStopping counter: 1 out of 10
{'epoch': 124, 'rec_avg_loss': '0.4377', 'rec_cur_loss': '0.4558'}
{'Epoch': 124, 'HIT@5': '0.5652', 'NDCG@5': '0.3953', 'HIT@10': '0.6983', 'NDCG@10': '0.4386', 'HIT@20': '0.8094', 'NDCG@20': '0.4668', 'MRR@5': '0.3699', 'MRR@10': '0.3699', 'MRR@20': '0.3699'}
EarlyStopping counter: 2 out of 10
{'epoch': 125, 'rec_avg_loss': '0.4363', 'rec_cur_loss': '0.4154'}
{'Epoch': 125, 'HIT@5': '0.5533', 'NDCG@5': '0.3859', 'HIT@10': '0.6916', 'NDCG@10': '0.4309', 'HIT@20': '0.8066', 'NDCG@20': '0.4601', 'MRR@5': '0.3623', 'MRR@10': '0.3623', 'MRR@20': '0.3623'}
EarlyStopping counter: 3 out of 10
{'epoch': 126, 'rec_avg_loss': '0.4353', 'rec_cur_loss': '0.4961'}
{'Epoch': 126, 'HIT@5': '0.5626', 'NDCG@5': '0.3959', 'HIT@10': '0.6997', 'NDCG@10': '0.4405', 'HIT@20': '0.8103', 'NDCG@20': '0.4686', 'MRR@5': '0.3720', 'MRR@10': '0.3720', 'MRR@20': '0.3720'}
Validation score increased.  Saving model ...
{'epoch': 127, 'rec_avg_loss': '0.4318', 'rec_cur_loss': '0.3698'}
{'Epoch': 127, 'HIT@5': '0.5560', 'NDCG@5': '0.3911', 'HIT@10': '0.6962', 'NDCG@10': '0.4366', 'HIT@20': '0.8079', 'NDCG@20': '0.4649', 'MRR@5': '0.3681', 'MRR@10': '0.3681', 'MRR@20': '0.3681'}
EarlyStopping counter: 1 out of 10
{'epoch': 128, 'rec_avg_loss': '0.4347', 'rec_cur_loss': '0.4819'}
{'Epoch': 128, 'HIT@5': '0.5623', 'NDCG@5': '0.3956', 'HIT@10': '0.7007', 'NDCG@10': '0.4405', 'HIT@20': '0.8065', 'NDCG@20': '0.4674', 'MRR@5': '0.3716', 'MRR@10': '0.3716', 'MRR@20': '0.3716'}
EarlyStopping counter: 2 out of 10
{'epoch': 129, 'rec_avg_loss': '0.4333', 'rec_cur_loss': '0.4062'}
{'Epoch': 129, 'HIT@5': '0.5664', 'NDCG@5': '0.3975', 'HIT@10': '0.7035', 'NDCG@10': '0.4420', 'HIT@20': '0.8088', 'NDCG@20': '0.4686', 'MRR@5': '0.3724', 'MRR@10': '0.3724', 'MRR@20': '0.3724'}
Validation score increased.  Saving model ...
{'epoch': 130, 'rec_avg_loss': '0.4332', 'rec_cur_loss': '0.4409'}
{'Epoch': 130, 'HIT@5': '0.5614', 'NDCG@5': '0.3941', 'HIT@10': '0.7035', 'NDCG@10': '0.4403', 'HIT@20': '0.8083', 'NDCG@20': '0.4668', 'MRR@5': '0.3701', 'MRR@10': '0.3701', 'MRR@20': '0.3701'}
EarlyStopping counter: 1 out of 10
{'epoch': 131, 'rec_avg_loss': '0.4312', 'rec_cur_loss': '0.4588'}
{'Epoch': 131, 'HIT@5': '0.5631', 'NDCG@5': '0.3964', 'HIT@10': '0.7026', 'NDCG@10': '0.4418', 'HIT@20': '0.8098', 'NDCG@20': '0.4691', 'MRR@5': '0.3725', 'MRR@10': '0.3725', 'MRR@20': '0.3725'}
Validation score increased.  Saving model ...
{'epoch': 132, 'rec_avg_loss': '0.4320', 'rec_cur_loss': '0.4448'}
{'Epoch': 132, 'HIT@5': '0.5642', 'NDCG@5': '0.3975', 'HIT@10': '0.7012', 'NDCG@10': '0.4420', 'HIT@20': '0.8094', 'NDCG@20': '0.4694', 'MRR@5': '0.3732', 'MRR@10': '0.3732', 'MRR@20': '0.3732'}
Validation score increased.  Saving model ...
{'epoch': 133, 'rec_avg_loss': '0.4311', 'rec_cur_loss': '0.4397'}
{'Epoch': 133, 'HIT@5': '0.5647', 'NDCG@5': '0.3963', 'HIT@10': '0.6992', 'NDCG@10': '0.4400', 'HIT@20': '0.8091', 'NDCG@20': '0.4680', 'MRR@5': '0.3714', 'MRR@10': '0.3714', 'MRR@20': '0.3714'}
EarlyStopping counter: 1 out of 10
{'epoch': 134, 'rec_avg_loss': '0.4294', 'rec_cur_loss': '0.3880'}
{'Epoch': 134, 'HIT@5': '0.5692', 'NDCG@5': '0.3991', 'HIT@10': '0.7025', 'NDCG@10': '0.4424', 'HIT@20': '0.8103', 'NDCG@20': '0.4699', 'MRR@5': '0.3733', 'MRR@10': '0.3733', 'MRR@20': '0.3733'}
Validation score increased.  Saving model ...
{'epoch': 135, 'rec_avg_loss': '0.4286', 'rec_cur_loss': '0.4217'}
{'Epoch': 135, 'HIT@5': '0.5611', 'NDCG@5': '0.3934', 'HIT@10': '0.6982', 'NDCG@10': '0.4380', 'HIT@20': '0.8070', 'NDCG@20': '0.4657', 'MRR@5': '0.3691', 'MRR@10': '0.3691', 'MRR@20': '0.3691'}
EarlyStopping counter: 1 out of 10
{'epoch': 136, 'rec_avg_loss': '0.4282', 'rec_cur_loss': '0.3909'}
{'Epoch': 136, 'HIT@5': '0.5649', 'NDCG@5': '0.3958', 'HIT@10': '0.6997', 'NDCG@10': '0.4397', 'HIT@20': '0.8113', 'NDCG@20': '0.4679', 'MRR@5': '0.3707', 'MRR@10': '0.3707', 'MRR@20': '0.3707'}
EarlyStopping counter: 2 out of 10
{'epoch': 137, 'rec_avg_loss': '0.4295', 'rec_cur_loss': '0.4290'}
{'Epoch': 137, 'HIT@5': '0.5629', 'NDCG@5': '0.3958', 'HIT@10': '0.6998', 'NDCG@10': '0.4404', 'HIT@20': '0.8098', 'NDCG@20': '0.4683', 'MRR@5': '0.3717', 'MRR@10': '0.3717', 'MRR@20': '0.3717'}
EarlyStopping counter: 3 out of 10
{'epoch': 138, 'rec_avg_loss': '0.4273', 'rec_cur_loss': '0.3365'}
{'Epoch': 138, 'HIT@5': '0.5579', 'NDCG@5': '0.3943', 'HIT@10': '0.6967', 'NDCG@10': '0.4394', 'HIT@20': '0.8065', 'NDCG@20': '0.4673', 'MRR@5': '0.3716', 'MRR@10': '0.3716', 'MRR@20': '0.3716'}
EarlyStopping counter: 4 out of 10
{'epoch': 139, 'rec_avg_loss': '0.4281', 'rec_cur_loss': '0.4513'}
{'Epoch': 139, 'HIT@5': '0.5632', 'NDCG@5': '0.3953', 'HIT@10': '0.6982', 'NDCG@10': '0.4392', 'HIT@20': '0.8079', 'NDCG@20': '0.4671', 'MRR@5': '0.3707', 'MRR@10': '0.3707', 'MRR@20': '0.3707'}
EarlyStopping counter: 5 out of 10
{'epoch': 140, 'rec_avg_loss': '0.4278', 'rec_cur_loss': '0.4408'}
{'Epoch': 140, 'HIT@5': '0.5616', 'NDCG@5': '0.3950', 'HIT@10': '0.6978', 'NDCG@10': '0.4394', 'HIT@20': '0.8101', 'NDCG@20': '0.4679', 'MRR@5': '0.3712', 'MRR@10': '0.3712', 'MRR@20': '0.3712'}
EarlyStopping counter: 6 out of 10
{'epoch': 141, 'rec_avg_loss': '0.4273', 'rec_cur_loss': '0.4515'}
{'Epoch': 141, 'HIT@5': '0.5636', 'NDCG@5': '0.3968', 'HIT@10': '0.7020', 'NDCG@10': '0.4418', 'HIT@20': '0.8104', 'NDCG@20': '0.4693', 'MRR@5': '0.3727', 'MRR@10': '0.3727', 'MRR@20': '0.3727'}
EarlyStopping counter: 7 out of 10
{'epoch': 142, 'rec_avg_loss': '0.4268', 'rec_cur_loss': '0.4074'}
{'Epoch': 142, 'HIT@5': '0.5606', 'NDCG@5': '0.3948', 'HIT@10': '0.7007', 'NDCG@10': '0.4404', 'HIT@20': '0.8084', 'NDCG@20': '0.4677', 'MRR@5': '0.3714', 'MRR@10': '0.3714', 'MRR@20': '0.3714'}
EarlyStopping counter: 8 out of 10
{'epoch': 143, 'rec_avg_loss': '0.4255', 'rec_cur_loss': '0.4450'}
{'Epoch': 143, 'HIT@5': '0.5583', 'NDCG@5': '0.3905', 'HIT@10': '0.6985', 'NDCG@10': '0.4360', 'HIT@20': '0.8089', 'NDCG@20': '0.4640', 'MRR@5': '0.3664', 'MRR@10': '0.3664', 'MRR@20': '0.3664'}
EarlyStopping counter: 9 out of 10
{'epoch': 144, 'rec_avg_loss': '0.4260', 'rec_cur_loss': '0.4073'}
{'Epoch': 144, 'HIT@5': '0.5614', 'NDCG@5': '0.3946', 'HIT@10': '0.6993', 'NDCG@10': '0.4394', 'HIT@20': '0.8061', 'NDCG@20': '0.4666', 'MRR@5': '0.3706', 'MRR@10': '0.3706', 'MRR@20': '0.3706'}
EarlyStopping counter: 10 out of 10
Early stopping
---------------Sample 99 results-------------------
{'Epoch': 0, 'HIT@5': '0.5338', 'NDCG@5': '0.3737', 'HIT@10': '0.6719', 'NDCG@10': '0.4183', 'HIT@20': '0.7825', 'NDCG@20': '0.4465', 'MRR@5': '0.3526', 'MRR@10': '0.3526', 'MRR@20': '0.3526'}
Finetune_sample-ml-1m-100-3layer_05
{'Epoch': 0, 'HIT@5': '0.5338', 'NDCG@5': '0.3737', 'HIT@10': '0.6719', 'NDCG@10': '0.4183', 'HIT@20': '0.7825', 'NDCG@20': '0.4465', 'MRR@5': '0.3526', 'MRR@10': '0.3526', 'MRR@20': '0.3526'}
