Namespace(adam_beta1=0.9, adam_beta2=0.999, attention_probs_dropout_prob=0.5, batch_size=128, ckp=1500, cuda_condition=True, data_dir='./data/', data_file='./data/ml-1m.txt', data_name='ml-1m', do_eval=False, epochs=200, gpu_id='0', hidden_act='gelu', hidden_dropout_prob=0.5, hidden_size=50, initializer_range=0.02, item_size=3418, log_file='output/Finetune_sample-ml-1m-1500.txt', log_freq=1, lr=0.001, mask_id=3417, max_seq_length=50, model_name='Finetune_sample', no_cuda=False, num_attention_heads=1, num_hidden_layers=2, output_dir='output/', sample_file='./data/ml-1m_sample.txt', seed=42, weight_decay=0.0)
Total Parameters: 245000
output/ml-1m-epochs-1500.pt Not Found! The Model is same as SASRec
{'epoch': 0, 'rec_avg_loss': '1.2740', 'rec_cur_loss': '1.0656'}
{'Epoch': 0, 'HIT@5': '0.0762', 'NDCG@5': '0.0460', 'HIT@10': '0.1377', 'NDCG@10': '0.0656', 'HIT@20': '0.2623', 'NDCG@20': '0.0969', 'MRR@5': '0.0674', 'MRR@10': '0.0674', 'MRR@20': '0.0674'}
Validation score increased.  Saving model ...
{'epoch': 1, 'rec_avg_loss': '1.0423', 'rec_cur_loss': '1.0066'}
{'Epoch': 1, 'HIT@5': '0.0772', 'NDCG@5': '0.0487', 'HIT@10': '0.1492', 'NDCG@10': '0.0719', 'HIT@20': '0.2722', 'NDCG@20': '0.1027', 'MRR@5': '0.0720', 'MRR@10': '0.0720', 'MRR@20': '0.0720'}
Validation score increased.  Saving model ...
{'epoch': 2, 'rec_avg_loss': '1.0026', 'rec_cur_loss': '1.0399'}
{'Epoch': 2, 'HIT@5': '0.0877', 'NDCG@5': '0.0551', 'HIT@10': '0.1613', 'NDCG@10': '0.0787', 'HIT@20': '0.2892', 'NDCG@20': '0.1109', 'MRR@5': '0.0776', 'MRR@10': '0.0776', 'MRR@20': '0.0776'}
Validation score increased.  Saving model ...
{'epoch': 3, 'rec_avg_loss': '0.9733', 'rec_cur_loss': '0.9458'}
{'Epoch': 3, 'HIT@5': '0.1123', 'NDCG@5': '0.0697', 'HIT@10': '0.2045', 'NDCG@10': '0.0994', 'HIT@20': '0.3485', 'NDCG@20': '0.1355', 'MRR@5': '0.0921', 'MRR@10': '0.0921', 'MRR@20': '0.0921'}
Validation score increased.  Saving model ...
{'epoch': 4, 'rec_avg_loss': '0.9145', 'rec_cur_loss': '0.8403'}
{'Epoch': 4, 'HIT@5': '0.1565', 'NDCG@5': '0.0985', 'HIT@10': '0.2714', 'NDCG@10': '0.1354', 'HIT@20': '0.4356', 'NDCG@20': '0.1767', 'MRR@5': '0.1193', 'MRR@10': '0.1193', 'MRR@20': '0.1193'}
Validation score increased.  Saving model ...
{'epoch': 5, 'rec_avg_loss': '0.8604', 'rec_cur_loss': '0.7576'}
{'Epoch': 5, 'HIT@5': '0.1798', 'NDCG@5': '0.1127', 'HIT@10': '0.2987', 'NDCG@10': '0.1510', 'HIT@20': '0.4791', 'NDCG@20': '0.1964', 'MRR@5': '0.1317', 'MRR@10': '0.1317', 'MRR@20': '0.1317'}
Validation score increased.  Saving model ...
{'epoch': 6, 'rec_avg_loss': '0.8290', 'rec_cur_loss': '0.8279'}
{'Epoch': 6, 'HIT@5': '0.2061', 'NDCG@5': '0.1301', 'HIT@10': '0.3406', 'NDCG@10': '0.1734', 'HIT@20': '0.5159', 'NDCG@20': '0.2174', 'MRR@5': '0.1472', 'MRR@10': '0.1472', 'MRR@20': '0.1472'}
Validation score increased.  Saving model ...
{'epoch': 7, 'rec_avg_loss': '0.8031', 'rec_cur_loss': '0.8378'}
{'Epoch': 7, 'HIT@5': '0.2323', 'NDCG@5': '0.1493', 'HIT@10': '0.3712', 'NDCG@10': '0.1942', 'HIT@20': '0.5526', 'NDCG@20': '0.2399', 'MRR@5': '0.1646', 'MRR@10': '0.1646', 'MRR@20': '0.1646'}
Validation score increased.  Saving model ...
{'epoch': 8, 'rec_avg_loss': '0.7762', 'rec_cur_loss': '0.7018'}
{'Epoch': 8, 'HIT@5': '0.2520', 'NDCG@5': '0.1628', 'HIT@10': '0.3949', 'NDCG@10': '0.2088', 'HIT@20': '0.5909', 'NDCG@20': '0.2582', 'MRR@5': '0.1768', 'MRR@10': '0.1768', 'MRR@20': '0.1768'}
Validation score increased.  Saving model ...
{'epoch': 9, 'rec_avg_loss': '0.7566', 'rec_cur_loss': '0.8080'}
{'Epoch': 9, 'HIT@5': '0.2637', 'NDCG@5': '0.1698', 'HIT@10': '0.4217', 'NDCG@10': '0.2208', 'HIT@20': '0.6202', 'NDCG@20': '0.2709', 'MRR@5': '0.1837', 'MRR@10': '0.1837', 'MRR@20': '0.1837'}
Validation score increased.  Saving model ...
{'epoch': 10, 'rec_avg_loss': '0.7335', 'rec_cur_loss': '0.6499'}
{'Epoch': 10, 'HIT@5': '0.2806', 'NDCG@5': '0.1810', 'HIT@10': '0.4411', 'NDCG@10': '0.2327', 'HIT@20': '0.6376', 'NDCG@20': '0.2823', 'MRR@5': '0.1927', 'MRR@10': '0.1927', 'MRR@20': '0.1927'}
Validation score increased.  Saving model ...
{'epoch': 11, 'rec_avg_loss': '0.7216', 'rec_cur_loss': '0.6767'}
{'Epoch': 11, 'HIT@5': '0.2912', 'NDCG@5': '0.1879', 'HIT@10': '0.4540', 'NDCG@10': '0.2403', 'HIT@20': '0.6483', 'NDCG@20': '0.2893', 'MRR@5': '0.1982', 'MRR@10': '0.1982', 'MRR@20': '0.1982'}
Validation score increased.  Saving model ...
{'epoch': 12, 'rec_avg_loss': '0.7092', 'rec_cur_loss': '0.7238'}
{'Epoch': 12, 'HIT@5': '0.3073', 'NDCG@5': '0.1978', 'HIT@10': '0.4669', 'NDCG@10': '0.2491', 'HIT@20': '0.6558', 'NDCG@20': '0.2968', 'MRR@5': '0.2052', 'MRR@10': '0.2052', 'MRR@20': '0.2052'}
Validation score increased.  Saving model ...
{'epoch': 13, 'rec_avg_loss': '0.7007', 'rec_cur_loss': '0.7052'}
{'Epoch': 13, 'HIT@5': '0.3136', 'NDCG@5': '0.2048', 'HIT@10': '0.4775', 'NDCG@10': '0.2576', 'HIT@20': '0.6675', 'NDCG@20': '0.3058', 'MRR@5': '0.2131', 'MRR@10': '0.2131', 'MRR@20': '0.2131'}
Validation score increased.  Saving model ...
{'epoch': 14, 'rec_avg_loss': '0.6914', 'rec_cur_loss': '0.6435'}
{'Epoch': 14, 'HIT@5': '0.3363', 'NDCG@5': '0.2204', 'HIT@10': '0.5046', 'NDCG@10': '0.2746', 'HIT@20': '0.6823', 'NDCG@20': '0.3197', 'MRR@5': '0.2257', 'MRR@10': '0.2257', 'MRR@20': '0.2257'}
Validation score increased.  Saving model ...
{'epoch': 15, 'rec_avg_loss': '0.6846', 'rec_cur_loss': '0.6762'}
{'Epoch': 15, 'HIT@5': '0.3429', 'NDCG@5': '0.2256', 'HIT@10': '0.5083', 'NDCG@10': '0.2788', 'HIT@20': '0.6897', 'NDCG@20': '0.3248', 'MRR@5': '0.2299', 'MRR@10': '0.2299', 'MRR@20': '0.2299'}
Validation score increased.  Saving model ...
{'epoch': 16, 'rec_avg_loss': '0.6769', 'rec_cur_loss': '0.6498'}
{'Epoch': 16, 'HIT@5': '0.3556', 'NDCG@5': '0.2347', 'HIT@10': '0.5156', 'NDCG@10': '0.2860', 'HIT@20': '0.6972', 'NDCG@20': '0.3319', 'MRR@5': '0.2366', 'MRR@10': '0.2366', 'MRR@20': '0.2366'}
Validation score increased.  Saving model ...
{'epoch': 17, 'rec_avg_loss': '0.6718', 'rec_cur_loss': '0.7052'}
{'Epoch': 17, 'HIT@5': '0.3551', 'NDCG@5': '0.2351', 'HIT@10': '0.5225', 'NDCG@10': '0.2890', 'HIT@20': '0.6983', 'NDCG@20': '0.3336', 'MRR@5': '0.2381', 'MRR@10': '0.2381', 'MRR@20': '0.2381'}
Validation score increased.  Saving model ...
{'epoch': 18, 'rec_avg_loss': '0.6652', 'rec_cur_loss': '0.6285'}
{'Epoch': 18, 'HIT@5': '0.3588', 'NDCG@5': '0.2374', 'HIT@10': '0.5242', 'NDCG@10': '0.2905', 'HIT@20': '0.6980', 'NDCG@20': '0.3344', 'MRR@5': '0.2394', 'MRR@10': '0.2394', 'MRR@20': '0.2394'}
Validation score increased.  Saving model ...
{'epoch': 19, 'rec_avg_loss': '0.6588', 'rec_cur_loss': '0.6265'}
{'Epoch': 19, 'HIT@5': '0.3674', 'NDCG@5': '0.2448', 'HIT@10': '0.5281', 'NDCG@10': '0.2968', 'HIT@20': '0.7026', 'NDCG@20': '0.3411', 'MRR@5': '0.2463', 'MRR@10': '0.2463', 'MRR@20': '0.2463'}
Validation score increased.  Saving model ...
{'epoch': 20, 'rec_avg_loss': '0.6534', 'rec_cur_loss': '0.6134'}
{'Epoch': 20, 'HIT@5': '0.3680', 'NDCG@5': '0.2439', 'HIT@10': '0.5339', 'NDCG@10': '0.2974', 'HIT@20': '0.7075', 'NDCG@20': '0.3413', 'MRR@5': '0.2451', 'MRR@10': '0.2451', 'MRR@20': '0.2451'}
EarlyStopping counter: 1 out of 10
{'epoch': 21, 'rec_avg_loss': '0.6518', 'rec_cur_loss': '0.7026'}
{'Epoch': 21, 'HIT@5': '0.3806', 'NDCG@5': '0.2527', 'HIT@10': '0.5469', 'NDCG@10': '0.3064', 'HIT@20': '0.7194', 'NDCG@20': '0.3501', 'MRR@5': '0.2523', 'MRR@10': '0.2523', 'MRR@20': '0.2523'}
Validation score increased.  Saving model ...
{'epoch': 22, 'rec_avg_loss': '0.6452', 'rec_cur_loss': '0.6580'}
{'Epoch': 22, 'HIT@5': '0.3785', 'NDCG@5': '0.2534', 'HIT@10': '0.5422', 'NDCG@10': '0.3064', 'HIT@20': '0.7137', 'NDCG@20': '0.3499', 'MRR@5': '0.2540', 'MRR@10': '0.2540', 'MRR@20': '0.2540'}
Validation score increased.  Saving model ...
{'epoch': 23, 'rec_avg_loss': '0.6407', 'rec_cur_loss': '0.7240'}
{'Epoch': 23, 'HIT@5': '0.3940', 'NDCG@5': '0.2628', 'HIT@10': '0.5591', 'NDCG@10': '0.3159', 'HIT@20': '0.7233', 'NDCG@20': '0.3576', 'MRR@5': '0.2604', 'MRR@10': '0.2604', 'MRR@20': '0.2604'}
Validation score increased.  Saving model ...
{'epoch': 24, 'rec_avg_loss': '0.6374', 'rec_cur_loss': '0.5973'}
{'Epoch': 24, 'HIT@5': '0.4017', 'NDCG@5': '0.2676', 'HIT@10': '0.5675', 'NDCG@10': '0.3211', 'HIT@20': '0.7245', 'NDCG@20': '0.3609', 'MRR@5': '0.2639', 'MRR@10': '0.2639', 'MRR@20': '0.2639'}
Validation score increased.  Saving model ...
{'epoch': 25, 'rec_avg_loss': '0.6335', 'rec_cur_loss': '0.6211'}
{'Epoch': 25, 'HIT@5': '0.3985', 'NDCG@5': '0.2661', 'HIT@10': '0.5680', 'NDCG@10': '0.3206', 'HIT@20': '0.7300', 'NDCG@20': '0.3615', 'MRR@5': '0.2634', 'MRR@10': '0.2634', 'MRR@20': '0.2634'}
EarlyStopping counter: 1 out of 10
{'epoch': 26, 'rec_avg_loss': '0.6312', 'rec_cur_loss': '0.6403'}
{'Epoch': 26, 'HIT@5': '0.4070', 'NDCG@5': '0.2719', 'HIT@10': '0.5677', 'NDCG@10': '0.3238', 'HIT@20': '0.7338', 'NDCG@20': '0.3660', 'MRR@5': '0.2678', 'MRR@10': '0.2678', 'MRR@20': '0.2678'}
Validation score increased.  Saving model ...
{'epoch': 27, 'rec_avg_loss': '0.6258', 'rec_cur_loss': '0.6547'}
{'Epoch': 27, 'HIT@5': '0.4015', 'NDCG@5': '0.2674', 'HIT@10': '0.5709', 'NDCG@10': '0.3223', 'HIT@20': '0.7356', 'NDCG@20': '0.3641', 'MRR@5': '0.2647', 'MRR@10': '0.2647', 'MRR@20': '0.2647'}
EarlyStopping counter: 1 out of 10
{'epoch': 28, 'rec_avg_loss': '0.6234', 'rec_cur_loss': '0.6373'}
{'Epoch': 28, 'HIT@5': '0.4131', 'NDCG@5': '0.2749', 'HIT@10': '0.5800', 'NDCG@10': '0.3290', 'HIT@20': '0.7429', 'NDCG@20': '0.3704', 'MRR@5': '0.2702', 'MRR@10': '0.2702', 'MRR@20': '0.2702'}
Validation score increased.  Saving model ...
{'epoch': 29, 'rec_avg_loss': '0.6195', 'rec_cur_loss': '0.5756'}
{'Epoch': 29, 'HIT@5': '0.4215', 'NDCG@5': '0.2789', 'HIT@10': '0.5881', 'NDCG@10': '0.3326', 'HIT@20': '0.7467', 'NDCG@20': '0.3728', 'MRR@5': '0.2721', 'MRR@10': '0.2721', 'MRR@20': '0.2721'}
Validation score increased.  Saving model ...
{'epoch': 30, 'rec_avg_loss': '0.6179', 'rec_cur_loss': '0.6292'}
{'Epoch': 30, 'HIT@5': '0.4180', 'NDCG@5': '0.2792', 'HIT@10': '0.5876', 'NDCG@10': '0.3340', 'HIT@20': '0.7411', 'NDCG@20': '0.3730', 'MRR@5': '0.2740', 'MRR@10': '0.2740', 'MRR@20': '0.2740'}
Validation score increased.  Saving model ...
{'epoch': 31, 'rec_avg_loss': '0.6137', 'rec_cur_loss': '0.6383'}
{'Epoch': 31, 'HIT@5': '0.4257', 'NDCG@5': '0.2858', 'HIT@10': '0.5894', 'NDCG@10': '0.3388', 'HIT@20': '0.7459', 'NDCG@20': '0.3784', 'MRR@5': '0.2795', 'MRR@10': '0.2795', 'MRR@20': '0.2795'}
Validation score increased.  Saving model ...
{'epoch': 32, 'rec_avg_loss': '0.6132', 'rec_cur_loss': '0.6379'}
{'Epoch': 32, 'HIT@5': '0.4273', 'NDCG@5': '0.2870', 'HIT@10': '0.5896', 'NDCG@10': '0.3395', 'HIT@20': '0.7478', 'NDCG@20': '0.3796', 'MRR@5': '0.2803', 'MRR@10': '0.2803', 'MRR@20': '0.2803'}
Validation score increased.  Saving model ...
{'epoch': 33, 'rec_avg_loss': '0.6066', 'rec_cur_loss': '0.5826'}
{'Epoch': 33, 'HIT@5': '0.4273', 'NDCG@5': '0.2880', 'HIT@10': '0.5909', 'NDCG@10': '0.3408', 'HIT@20': '0.7520', 'NDCG@20': '0.3816', 'MRR@5': '0.2817', 'MRR@10': '0.2817', 'MRR@20': '0.2817'}
Validation score increased.  Saving model ...
{'epoch': 34, 'rec_avg_loss': '0.6067', 'rec_cur_loss': '0.5429'}
{'Epoch': 34, 'HIT@5': '0.4359', 'NDCG@5': '0.2937', 'HIT@10': '0.5970', 'NDCG@10': '0.3457', 'HIT@20': '0.7528', 'NDCG@20': '0.3853', 'MRR@5': '0.2858', 'MRR@10': '0.2858', 'MRR@20': '0.2858'}
Validation score increased.  Saving model ...
{'epoch': 35, 'rec_avg_loss': '0.6036', 'rec_cur_loss': '0.5729'}
{'Epoch': 35, 'HIT@5': '0.4419', 'NDCG@5': '0.2981', 'HIT@10': '0.6066', 'NDCG@10': '0.3514', 'HIT@20': '0.7556', 'NDCG@20': '0.3891', 'MRR@5': '0.2897', 'MRR@10': '0.2897', 'MRR@20': '0.2897'}
Validation score increased.  Saving model ...
{'epoch': 36, 'rec_avg_loss': '0.6010', 'rec_cur_loss': '0.5898'}
{'Epoch': 36, 'HIT@5': '0.4381', 'NDCG@5': '0.2936', 'HIT@10': '0.6003', 'NDCG@10': '0.3460', 'HIT@20': '0.7520', 'NDCG@20': '0.3843', 'MRR@5': '0.2848', 'MRR@10': '0.2848', 'MRR@20': '0.2848'}
EarlyStopping counter: 1 out of 10
{'epoch': 37, 'rec_avg_loss': '0.6025', 'rec_cur_loss': '0.6109'}
{'Epoch': 37, 'HIT@5': '0.4442', 'NDCG@5': '0.3004', 'HIT@10': '0.6048', 'NDCG@10': '0.3524', 'HIT@20': '0.7553', 'NDCG@20': '0.3906', 'MRR@5': '0.2916', 'MRR@10': '0.2916', 'MRR@20': '0.2916'}
Validation score increased.  Saving model ...
{'epoch': 38, 'rec_avg_loss': '0.5978', 'rec_cur_loss': '0.5804'}
{'Epoch': 38, 'HIT@5': '0.4414', 'NDCG@5': '0.2983', 'HIT@10': '0.6025', 'NDCG@10': '0.3504', 'HIT@20': '0.7535', 'NDCG@20': '0.3888', 'MRR@5': '0.2900', 'MRR@10': '0.2900', 'MRR@20': '0.2900'}
EarlyStopping counter: 1 out of 10
{'epoch': 39, 'rec_avg_loss': '0.5975', 'rec_cur_loss': '0.5833'}
{'Epoch': 39, 'HIT@5': '0.4427', 'NDCG@5': '0.3028', 'HIT@10': '0.6046', 'NDCG@10': '0.3552', 'HIT@20': '0.7573', 'NDCG@20': '0.3940', 'MRR@5': '0.2955', 'MRR@10': '0.2955', 'MRR@20': '0.2955'}
Validation score increased.  Saving model ...
{'epoch': 40, 'rec_avg_loss': '0.5939', 'rec_cur_loss': '0.5984'}
{'Epoch': 40, 'HIT@5': '0.4498', 'NDCG@5': '0.3038', 'HIT@10': '0.6096', 'NDCG@10': '0.3554', 'HIT@20': '0.7598', 'NDCG@20': '0.3934', 'MRR@5': '0.2938', 'MRR@10': '0.2938', 'MRR@20': '0.2938'}
EarlyStopping counter: 1 out of 10
{'epoch': 41, 'rec_avg_loss': '0.5938', 'rec_cur_loss': '0.5541'}
{'Epoch': 41, 'HIT@5': '0.4546', 'NDCG@5': '0.3106', 'HIT@10': '0.6185', 'NDCG@10': '0.3637', 'HIT@20': '0.7632', 'NDCG@20': '0.4002', 'MRR@5': '0.3013', 'MRR@10': '0.3013', 'MRR@20': '0.3013'}
Validation score increased.  Saving model ...
{'epoch': 42, 'rec_avg_loss': '0.5913', 'rec_cur_loss': '0.6324'}
{'Epoch': 42, 'HIT@5': '0.4523', 'NDCG@5': '0.3063', 'HIT@10': '0.6101', 'NDCG@10': '0.3573', 'HIT@20': '0.7586', 'NDCG@20': '0.3950', 'MRR@5': '0.2962', 'MRR@10': '0.2962', 'MRR@20': '0.2962'}
EarlyStopping counter: 1 out of 10
{'epoch': 43, 'rec_avg_loss': '0.5901', 'rec_cur_loss': '0.5422'}
{'Epoch': 43, 'HIT@5': '0.4528', 'NDCG@5': '0.3102', 'HIT@10': '0.6146', 'NDCG@10': '0.3626', 'HIT@20': '0.7637', 'NDCG@20': '0.4005', 'MRR@5': '0.3016', 'MRR@10': '0.3016', 'MRR@20': '0.3016'}
Validation score increased.  Saving model ...
{'epoch': 44, 'rec_avg_loss': '0.5874', 'rec_cur_loss': '0.5313'}
{'Epoch': 44, 'HIT@5': '0.4545', 'NDCG@5': '0.3083', 'HIT@10': '0.6157', 'NDCG@10': '0.3606', 'HIT@20': '0.7632', 'NDCG@20': '0.3980', 'MRR@5': '0.2985', 'MRR@10': '0.2985', 'MRR@20': '0.2985'}
EarlyStopping counter: 1 out of 10
{'epoch': 45, 'rec_avg_loss': '0.5874', 'rec_cur_loss': '0.5841'}
{'Epoch': 45, 'HIT@5': '0.4618', 'NDCG@5': '0.3131', 'HIT@10': '0.6162', 'NDCG@10': '0.3631', 'HIT@20': '0.7654', 'NDCG@20': '0.4009', 'MRR@5': '0.3015', 'MRR@10': '0.3015', 'MRR@20': '0.3015'}
EarlyStopping counter: 2 out of 10
{'epoch': 46, 'rec_avg_loss': '0.5864', 'rec_cur_loss': '0.5864'}
{'Epoch': 46, 'HIT@5': '0.4624', 'NDCG@5': '0.3153', 'HIT@10': '0.6212', 'NDCG@10': '0.3667', 'HIT@20': '0.7666', 'NDCG@20': '0.4036', 'MRR@5': '0.3045', 'MRR@10': '0.3045', 'MRR@20': '0.3045'}
Validation score increased.  Saving model ...
{'epoch': 47, 'rec_avg_loss': '0.5873', 'rec_cur_loss': '0.6293'}
{'Epoch': 47, 'HIT@5': '0.4647', 'NDCG@5': '0.3178', 'HIT@10': '0.6245', 'NDCG@10': '0.3697', 'HIT@20': '0.7669', 'NDCG@20': '0.4058', 'MRR@5': '0.3071', 'MRR@10': '0.3071', 'MRR@20': '0.3071'}
Validation score increased.  Saving model ...
{'epoch': 48, 'rec_avg_loss': '0.5821', 'rec_cur_loss': '0.5748'}
{'Epoch': 48, 'HIT@5': '0.4692', 'NDCG@5': '0.3192', 'HIT@10': '0.6255', 'NDCG@10': '0.3698', 'HIT@20': '0.7661', 'NDCG@20': '0.4056', 'MRR@5': '0.3068', 'MRR@10': '0.3068', 'MRR@20': '0.3068'}
EarlyStopping counter: 1 out of 10
{'epoch': 49, 'rec_avg_loss': '0.5827', 'rec_cur_loss': '0.6386'}
{'Epoch': 49, 'HIT@5': '0.4687', 'NDCG@5': '0.3180', 'HIT@10': '0.6303', 'NDCG@10': '0.3705', 'HIT@20': '0.7685', 'NDCG@20': '0.4056', 'MRR@5': '0.3059', 'MRR@10': '0.3059', 'MRR@20': '0.3059'}
EarlyStopping counter: 2 out of 10
{'epoch': 50, 'rec_avg_loss': '0.5820', 'rec_cur_loss': '0.6051'}
{'Epoch': 50, 'HIT@5': '0.4712', 'NDCG@5': '0.3207', 'HIT@10': '0.6288', 'NDCG@10': '0.3717', 'HIT@20': '0.7690', 'NDCG@20': '0.4073', 'MRR@5': '0.3080', 'MRR@10': '0.3080', 'MRR@20': '0.3080'}
Validation score increased.  Saving model ...
{'epoch': 51, 'rec_avg_loss': '0.5796', 'rec_cur_loss': '0.5874'}
{'Epoch': 51, 'HIT@5': '0.4682', 'NDCG@5': '0.3171', 'HIT@10': '0.6270', 'NDCG@10': '0.3685', 'HIT@20': '0.7669', 'NDCG@20': '0.4040', 'MRR@5': '0.3046', 'MRR@10': '0.3046', 'MRR@20': '0.3046'}
EarlyStopping counter: 1 out of 10
{'epoch': 52, 'rec_avg_loss': '0.5814', 'rec_cur_loss': '0.6351'}
{'Epoch': 52, 'HIT@5': '0.4762', 'NDCG@5': '0.3227', 'HIT@10': '0.6333', 'NDCG@10': '0.3737', 'HIT@20': '0.7700', 'NDCG@20': '0.4084', 'MRR@5': '0.3090', 'MRR@10': '0.3090', 'MRR@20': '0.3090'}
Validation score increased.  Saving model ...
{'epoch': 53, 'rec_avg_loss': '0.5766', 'rec_cur_loss': '0.5261'}
{'Epoch': 53, 'HIT@5': '0.4813', 'NDCG@5': '0.3279', 'HIT@10': '0.6359', 'NDCG@10': '0.3781', 'HIT@20': '0.7733', 'NDCG@20': '0.4129', 'MRR@5': '0.3137', 'MRR@10': '0.3137', 'MRR@20': '0.3137'}
Validation score increased.  Saving model ...
{'epoch': 54, 'rec_avg_loss': '0.5768', 'rec_cur_loss': '0.5969'}
{'Epoch': 54, 'HIT@5': '0.4773', 'NDCG@5': '0.3262', 'HIT@10': '0.6323', 'NDCG@10': '0.3768', 'HIT@20': '0.7722', 'NDCG@20': '0.4123', 'MRR@5': '0.3134', 'MRR@10': '0.3134', 'MRR@20': '0.3134'}
EarlyStopping counter: 1 out of 10
{'epoch': 55, 'rec_avg_loss': '0.5761', 'rec_cur_loss': '0.5663'}
{'Epoch': 55, 'HIT@5': '0.4821', 'NDCG@5': '0.3271', 'HIT@10': '0.6346', 'NDCG@10': '0.3765', 'HIT@20': '0.7709', 'NDCG@20': '0.4111', 'MRR@5': '0.3121', 'MRR@10': '0.3121', 'MRR@20': '0.3121'}
EarlyStopping counter: 2 out of 10
{'epoch': 56, 'rec_avg_loss': '0.5742', 'rec_cur_loss': '0.5596'}
{'Epoch': 56, 'HIT@5': '0.4868', 'NDCG@5': '0.3311', 'HIT@10': '0.6384', 'NDCG@10': '0.3803', 'HIT@20': '0.7714', 'NDCG@20': '0.4140', 'MRR@5': '0.3156', 'MRR@10': '0.3156', 'MRR@20': '0.3156'}
Validation score increased.  Saving model ...
{'epoch': 57, 'rec_avg_loss': '0.5728', 'rec_cur_loss': '0.5750'}
{'Epoch': 57, 'HIT@5': '0.4811', 'NDCG@5': '0.3269', 'HIT@10': '0.6351', 'NDCG@10': '0.3768', 'HIT@20': '0.7682', 'NDCG@20': '0.4106', 'MRR@5': '0.3123', 'MRR@10': '0.3123', 'MRR@20': '0.3123'}
EarlyStopping counter: 1 out of 10
{'epoch': 58, 'rec_avg_loss': '0.5706', 'rec_cur_loss': '0.6068'}
{'Epoch': 58, 'HIT@5': '0.4854', 'NDCG@5': '0.3322', 'HIT@10': '0.6397', 'NDCG@10': '0.3820', 'HIT@20': '0.7724', 'NDCG@20': '0.4156', 'MRR@5': '0.3174', 'MRR@10': '0.3174', 'MRR@20': '0.3174'}
Validation score increased.  Saving model ...
{'epoch': 59, 'rec_avg_loss': '0.5716', 'rec_cur_loss': '0.6054'}
{'Epoch': 59, 'HIT@5': '0.4864', 'NDCG@5': '0.3319', 'HIT@10': '0.6368', 'NDCG@10': '0.3805', 'HIT@20': '0.7750', 'NDCG@20': '0.4157', 'MRR@5': '0.3168', 'MRR@10': '0.3168', 'MRR@20': '0.3168'}
EarlyStopping counter: 1 out of 10
{'epoch': 60, 'rec_avg_loss': '0.5730', 'rec_cur_loss': '0.6879'}
{'Epoch': 60, 'HIT@5': '0.4859', 'NDCG@5': '0.3331', 'HIT@10': '0.6364', 'NDCG@10': '0.3819', 'HIT@20': '0.7743', 'NDCG@20': '0.4170', 'MRR@5': '0.3186', 'MRR@10': '0.3186', 'MRR@20': '0.3186'}
Validation score increased.  Saving model ...
{'epoch': 61, 'rec_avg_loss': '0.5679', 'rec_cur_loss': '0.5847'}
{'Epoch': 61, 'HIT@5': '0.4891', 'NDCG@5': '0.3351', 'HIT@10': '0.6454', 'NDCG@10': '0.3857', 'HIT@20': '0.7732', 'NDCG@20': '0.4182', 'MRR@5': '0.3202', 'MRR@10': '0.3202', 'MRR@20': '0.3202'}
Validation score increased.  Saving model ...
{'epoch': 62, 'rec_avg_loss': '0.5695', 'rec_cur_loss': '0.6337'}
{'Epoch': 62, 'HIT@5': '0.4949', 'NDCG@5': '0.3380', 'HIT@10': '0.6422', 'NDCG@10': '0.3858', 'HIT@20': '0.7745', 'NDCG@20': '0.4194', 'MRR@5': '0.3213', 'MRR@10': '0.3213', 'MRR@20': '0.3213'}
Validation score increased.  Saving model ...
{'epoch': 63, 'rec_avg_loss': '0.5688', 'rec_cur_loss': '0.5844'}
{'Epoch': 63, 'HIT@5': '0.4914', 'NDCG@5': '0.3377', 'HIT@10': '0.6454', 'NDCG@10': '0.3876', 'HIT@20': '0.7728', 'NDCG@20': '0.4197', 'MRR@5': '0.3224', 'MRR@10': '0.3224', 'MRR@20': '0.3224'}
Validation score increased.  Saving model ...
{'epoch': 64, 'rec_avg_loss': '0.5680', 'rec_cur_loss': '0.5554'}
{'Epoch': 64, 'HIT@5': '0.4901', 'NDCG@5': '0.3353', 'HIT@10': '0.6396', 'NDCG@10': '0.3839', 'HIT@20': '0.7738', 'NDCG@20': '0.4180', 'MRR@5': '0.3198', 'MRR@10': '0.3198', 'MRR@20': '0.3198'}
EarlyStopping counter: 1 out of 10
{'epoch': 65, 'rec_avg_loss': '0.5646', 'rec_cur_loss': '0.5370'}
{'Epoch': 65, 'HIT@5': '0.4935', 'NDCG@5': '0.3391', 'HIT@10': '0.6459', 'NDCG@10': '0.3885', 'HIT@20': '0.7780', 'NDCG@20': '0.4219', 'MRR@5': '0.3236', 'MRR@10': '0.3236', 'MRR@20': '0.3236'}
Validation score increased.  Saving model ...
{'epoch': 66, 'rec_avg_loss': '0.5635', 'rec_cur_loss': '0.5772'}
{'Epoch': 66, 'HIT@5': '0.4980', 'NDCG@5': '0.3412', 'HIT@10': '0.6452', 'NDCG@10': '0.3890', 'HIT@20': '0.7810', 'NDCG@20': '0.4234', 'MRR@5': '0.3246', 'MRR@10': '0.3246', 'MRR@20': '0.3246'}
Validation score increased.  Saving model ...
{'epoch': 67, 'rec_avg_loss': '0.5634', 'rec_cur_loss': '0.5441'}
{'Epoch': 67, 'HIT@5': '0.4959', 'NDCG@5': '0.3390', 'HIT@10': '0.6422', 'NDCG@10': '0.3863', 'HIT@20': '0.7745', 'NDCG@20': '0.4199', 'MRR@5': '0.3220', 'MRR@10': '0.3220', 'MRR@20': '0.3220'}
EarlyStopping counter: 1 out of 10
{'epoch': 68, 'rec_avg_loss': '0.5656', 'rec_cur_loss': '0.6685'}
{'Epoch': 68, 'HIT@5': '0.4965', 'NDCG@5': '0.3411', 'HIT@10': '0.6457', 'NDCG@10': '0.3894', 'HIT@20': '0.7803', 'NDCG@20': '0.4236', 'MRR@5': '0.3250', 'MRR@10': '0.3250', 'MRR@20': '0.3250'}
Validation score increased.  Saving model ...
{'epoch': 69, 'rec_avg_loss': '0.5626', 'rec_cur_loss': '0.6073'}
{'Epoch': 69, 'HIT@5': '0.5017', 'NDCG@5': '0.3466', 'HIT@10': '0.6464', 'NDCG@10': '0.3935', 'HIT@20': '0.7773', 'NDCG@20': '0.4267', 'MRR@5': '0.3300', 'MRR@10': '0.3300', 'MRR@20': '0.3300'}
Validation score increased.  Saving model ...
{'epoch': 70, 'rec_avg_loss': '0.5606', 'rec_cur_loss': '0.4832'}
{'Epoch': 70, 'HIT@5': '0.4965', 'NDCG@5': '0.3419', 'HIT@10': '0.6444', 'NDCG@10': '0.3900', 'HIT@20': '0.7770', 'NDCG@20': '0.4236', 'MRR@5': '0.3261', 'MRR@10': '0.3261', 'MRR@20': '0.3261'}
EarlyStopping counter: 1 out of 10
{'epoch': 71, 'rec_avg_loss': '0.5609', 'rec_cur_loss': '0.6412'}
{'Epoch': 71, 'HIT@5': '0.4998', 'NDCG@5': '0.3459', 'HIT@10': '0.6490', 'NDCG@10': '0.3944', 'HIT@20': '0.7791', 'NDCG@20': '0.4274', 'MRR@5': '0.3301', 'MRR@10': '0.3301', 'MRR@20': '0.3301'}
Validation score increased.  Saving model ...
{'epoch': 72, 'rec_avg_loss': '0.5610', 'rec_cur_loss': '0.5962'}
{'Epoch': 72, 'HIT@5': '0.4987', 'NDCG@5': '0.3439', 'HIT@10': '0.6480', 'NDCG@10': '0.3924', 'HIT@20': '0.7796', 'NDCG@20': '0.4257', 'MRR@5': '0.3278', 'MRR@10': '0.3278', 'MRR@20': '0.3278'}
EarlyStopping counter: 1 out of 10
{'epoch': 73, 'rec_avg_loss': '0.5585', 'rec_cur_loss': '0.6194'}
{'Epoch': 73, 'HIT@5': '0.5043', 'NDCG@5': '0.3492', 'HIT@10': '0.6526', 'NDCG@10': '0.3974', 'HIT@20': '0.7834', 'NDCG@20': '0.4304', 'MRR@5': '0.3328', 'MRR@10': '0.3328', 'MRR@20': '0.3328'}
Validation score increased.  Saving model ...
{'epoch': 74, 'rec_avg_loss': '0.5567', 'rec_cur_loss': '0.5093'}
{'Epoch': 74, 'HIT@5': '0.5018', 'NDCG@5': '0.3465', 'HIT@10': '0.6508', 'NDCG@10': '0.3949', 'HIT@20': '0.7805', 'NDCG@20': '0.4278', 'MRR@5': '0.3302', 'MRR@10': '0.3302', 'MRR@20': '0.3302'}
EarlyStopping counter: 1 out of 10
{'epoch': 75, 'rec_avg_loss': '0.5582', 'rec_cur_loss': '0.5579'}
{'Epoch': 75, 'HIT@5': '0.5026', 'NDCG@5': '0.3473', 'HIT@10': '0.6566', 'NDCG@10': '0.3972', 'HIT@20': '0.7829', 'NDCG@20': '0.4291', 'MRR@5': '0.3312', 'MRR@10': '0.3312', 'MRR@20': '0.3312'}
EarlyStopping counter: 2 out of 10
{'epoch': 76, 'rec_avg_loss': '0.5592', 'rec_cur_loss': '0.6551'}
{'Epoch': 76, 'HIT@5': '0.5015', 'NDCG@5': '0.3459', 'HIT@10': '0.6485', 'NDCG@10': '0.3938', 'HIT@20': '0.7803', 'NDCG@20': '0.4272', 'MRR@5': '0.3295', 'MRR@10': '0.3295', 'MRR@20': '0.3295'}
EarlyStopping counter: 3 out of 10
{'epoch': 77, 'rec_avg_loss': '0.5545', 'rec_cur_loss': '0.4376'}
{'Epoch': 77, 'HIT@5': '0.5053', 'NDCG@5': '0.3477', 'HIT@10': '0.6500', 'NDCG@10': '0.3946', 'HIT@20': '0.7803', 'NDCG@20': '0.4277', 'MRR@5': '0.3300', 'MRR@10': '0.3300', 'MRR@20': '0.3300'}
EarlyStopping counter: 4 out of 10
{'epoch': 78, 'rec_avg_loss': '0.5579', 'rec_cur_loss': '0.5482'}
{'Epoch': 78, 'HIT@5': '0.5075', 'NDCG@5': '0.3511', 'HIT@10': '0.6553', 'NDCG@10': '0.3990', 'HIT@20': '0.7839', 'NDCG@20': '0.4315', 'MRR@5': '0.3338', 'MRR@10': '0.3338', 'MRR@20': '0.3338'}
Validation score increased.  Saving model ...
{'epoch': 79, 'rec_avg_loss': '0.5556', 'rec_cur_loss': '0.5618'}
{'Epoch': 79, 'HIT@5': '0.5041', 'NDCG@5': '0.3503', 'HIT@10': '0.6505', 'NDCG@10': '0.3979', 'HIT@20': '0.7803', 'NDCG@20': '0.4309', 'MRR@5': '0.3342', 'MRR@10': '0.3342', 'MRR@20': '0.3342'}
Validation score increased.  Saving model ...
{'epoch': 80, 'rec_avg_loss': '0.5547', 'rec_cur_loss': '0.5700'}
{'Epoch': 80, 'HIT@5': '0.5000', 'NDCG@5': '0.3484', 'HIT@10': '0.6498', 'NDCG@10': '0.3969', 'HIT@20': '0.7806', 'NDCG@20': '0.4302', 'MRR@5': '0.3333', 'MRR@10': '0.3333', 'MRR@20': '0.3333'}
EarlyStopping counter: 1 out of 10
{'epoch': 81, 'rec_avg_loss': '0.5530', 'rec_cur_loss': '0.5527'}
{'Epoch': 81, 'HIT@5': '0.5093', 'NDCG@5': '0.3528', 'HIT@10': '0.6566', 'NDCG@10': '0.4005', 'HIT@20': '0.7826', 'NDCG@20': '0.4325', 'MRR@5': '0.3353', 'MRR@10': '0.3353', 'MRR@20': '0.3353'}
Validation score increased.  Saving model ...
{'epoch': 82, 'rec_avg_loss': '0.5527', 'rec_cur_loss': '0.6004'}
{'Epoch': 82, 'HIT@5': '0.5068', 'NDCG@5': '0.3505', 'HIT@10': '0.6488', 'NDCG@10': '0.3966', 'HIT@20': '0.7803', 'NDCG@20': '0.4300', 'MRR@5': '0.3331', 'MRR@10': '0.3331', 'MRR@20': '0.3331'}
EarlyStopping counter: 1 out of 10
{'epoch': 83, 'rec_avg_loss': '0.5536', 'rec_cur_loss': '0.5501'}
{'Epoch': 83, 'HIT@5': '0.5114', 'NDCG@5': '0.3545', 'HIT@10': '0.6581', 'NDCG@10': '0.4021', 'HIT@20': '0.7836', 'NDCG@20': '0.4341', 'MRR@5': '0.3370', 'MRR@10': '0.3370', 'MRR@20': '0.3370'}
Validation score increased.  Saving model ...
{'epoch': 84, 'rec_avg_loss': '0.5528', 'rec_cur_loss': '0.5829'}
{'Epoch': 84, 'HIT@5': '0.5114', 'NDCG@5': '0.3576', 'HIT@10': '0.6627', 'NDCG@10': '0.4064', 'HIT@20': '0.7851', 'NDCG@20': '0.4375', 'MRR@5': '0.3411', 'MRR@10': '0.3411', 'MRR@20': '0.3411'}
Validation score increased.  Saving model ...
{'epoch': 85, 'rec_avg_loss': '0.5504', 'rec_cur_loss': '0.5564'}
{'Epoch': 85, 'HIT@5': '0.5083', 'NDCG@5': '0.3562', 'HIT@10': '0.6556', 'NDCG@10': '0.4041', 'HIT@20': '0.7854', 'NDCG@20': '0.4371', 'MRR@5': '0.3405', 'MRR@10': '0.3405', 'MRR@20': '0.3405'}
EarlyStopping counter: 1 out of 10
{'epoch': 86, 'rec_avg_loss': '0.5501', 'rec_cur_loss': '0.5768'}
{'Epoch': 86, 'HIT@5': '0.5144', 'NDCG@5': '0.3581', 'HIT@10': '0.6589', 'NDCG@10': '0.4050', 'HIT@20': '0.7826', 'NDCG@20': '0.4366', 'MRR@5': '0.3404', 'MRR@10': '0.3404', 'MRR@20': '0.3404'}
EarlyStopping counter: 2 out of 10
{'epoch': 87, 'rec_avg_loss': '0.5501', 'rec_cur_loss': '0.5148'}
{'Epoch': 87, 'HIT@5': '0.5119', 'NDCG@5': '0.3575', 'HIT@10': '0.6571', 'NDCG@10': '0.4045', 'HIT@20': '0.7828', 'NDCG@20': '0.4365', 'MRR@5': '0.3405', 'MRR@10': '0.3405', 'MRR@20': '0.3405'}
EarlyStopping counter: 3 out of 10
{'epoch': 88, 'rec_avg_loss': '0.5545', 'rec_cur_loss': '0.6397'}
{'Epoch': 88, 'HIT@5': '0.5099', 'NDCG@5': '0.3530', 'HIT@10': '0.6586', 'NDCG@10': '0.4013', 'HIT@20': '0.7844', 'NDCG@20': '0.4334', 'MRR@5': '0.3358', 'MRR@10': '0.3358', 'MRR@20': '0.3358'}
EarlyStopping counter: 4 out of 10
{'epoch': 89, 'rec_avg_loss': '0.5482', 'rec_cur_loss': '0.5460'}
{'Epoch': 89, 'HIT@5': '0.5114', 'NDCG@5': '0.3587', 'HIT@10': '0.6632', 'NDCG@10': '0.4080', 'HIT@20': '0.7896', 'NDCG@20': '0.4400', 'MRR@5': '0.3429', 'MRR@10': '0.3429', 'MRR@20': '0.3429'}
Validation score increased.  Saving model ...
{'epoch': 90, 'rec_avg_loss': '0.5498', 'rec_cur_loss': '0.5500'}
{'Epoch': 90, 'HIT@5': '0.5175', 'NDCG@5': '0.3595', 'HIT@10': '0.6596', 'NDCG@10': '0.4055', 'HIT@20': '0.7882', 'NDCG@20': '0.4382', 'MRR@5': '0.3409', 'MRR@10': '0.3409', 'MRR@20': '0.3409'}
EarlyStopping counter: 1 out of 10
{'epoch': 91, 'rec_avg_loss': '0.5491', 'rec_cur_loss': '0.5838'}
{'Epoch': 91, 'HIT@5': '0.5167', 'NDCG@5': '0.3611', 'HIT@10': '0.6657', 'NDCG@10': '0.4093', 'HIT@20': '0.7868', 'NDCG@20': '0.4400', 'MRR@5': '0.3436', 'MRR@10': '0.3436', 'MRR@20': '0.3436'}
Validation score increased.  Saving model ...
{'epoch': 92, 'rec_avg_loss': '0.5473', 'rec_cur_loss': '0.5028'}
{'Epoch': 92, 'HIT@5': '0.5185', 'NDCG@5': '0.3609', 'HIT@10': '0.6619', 'NDCG@10': '0.4076', 'HIT@20': '0.7866', 'NDCG@20': '0.4393', 'MRR@5': '0.3426', 'MRR@10': '0.3426', 'MRR@20': '0.3426'}
EarlyStopping counter: 1 out of 10
{'epoch': 93, 'rec_avg_loss': '0.5486', 'rec_cur_loss': '0.5438'}
{'Epoch': 93, 'HIT@5': '0.5197', 'NDCG@5': '0.3609', 'HIT@10': '0.6661', 'NDCG@10': '0.4084', 'HIT@20': '0.7861', 'NDCG@20': '0.4388', 'MRR@5': '0.3422', 'MRR@10': '0.3422', 'MRR@20': '0.3422'}
EarlyStopping counter: 2 out of 10
{'epoch': 94, 'rec_avg_loss': '0.5469', 'rec_cur_loss': '0.5911'}
{'Epoch': 94, 'HIT@5': '0.5204', 'NDCG@5': '0.3632', 'HIT@10': '0.6659', 'NDCG@10': '0.4104', 'HIT@20': '0.7896', 'NDCG@20': '0.4417', 'MRR@5': '0.3449', 'MRR@10': '0.3449', 'MRR@20': '0.3449'}
Validation score increased.  Saving model ...
{'epoch': 95, 'rec_avg_loss': '0.5437', 'rec_cur_loss': '0.5106'}
{'Epoch': 95, 'HIT@5': '0.5169', 'NDCG@5': '0.3613', 'HIT@10': '0.6627', 'NDCG@10': '0.4085', 'HIT@20': '0.7876', 'NDCG@20': '0.4402', 'MRR@5': '0.3437', 'MRR@10': '0.3437', 'MRR@20': '0.3437'}
EarlyStopping counter: 1 out of 10
{'epoch': 96, 'rec_avg_loss': '0.5440', 'rec_cur_loss': '0.5184'}
{'Epoch': 96, 'HIT@5': '0.5124', 'NDCG@5': '0.3600', 'HIT@10': '0.6608', 'NDCG@10': '0.4082', 'HIT@20': '0.7851', 'NDCG@20': '0.4399', 'MRR@5': '0.3441', 'MRR@10': '0.3441', 'MRR@20': '0.3441'}
EarlyStopping counter: 2 out of 10
{'epoch': 97, 'rec_avg_loss': '0.5469', 'rec_cur_loss': '0.5397'}
{'Epoch': 97, 'HIT@5': '0.5197', 'NDCG@5': '0.3638', 'HIT@10': '0.6646', 'NDCG@10': '0.4107', 'HIT@20': '0.7891', 'NDCG@20': '0.4423', 'MRR@5': '0.3459', 'MRR@10': '0.3459', 'MRR@20': '0.3459'}
Validation score increased.  Saving model ...
{'epoch': 98, 'rec_avg_loss': '0.5459', 'rec_cur_loss': '0.5303'}
{'Epoch': 98, 'HIT@5': '0.5156', 'NDCG@5': '0.3608', 'HIT@10': '0.6647', 'NDCG@10': '0.4092', 'HIT@20': '0.7871', 'NDCG@20': '0.4402', 'MRR@5': '0.3438', 'MRR@10': '0.3438', 'MRR@20': '0.3438'}
EarlyStopping counter: 1 out of 10
{'epoch': 99, 'rec_avg_loss': '0.5450', 'rec_cur_loss': '0.5162'}
{'Epoch': 99, 'HIT@5': '0.5151', 'NDCG@5': '0.3597', 'HIT@10': '0.6618', 'NDCG@10': '0.4073', 'HIT@20': '0.7884', 'NDCG@20': '0.4395', 'MRR@5': '0.3425', 'MRR@10': '0.3425', 'MRR@20': '0.3425'}
EarlyStopping counter: 2 out of 10
{'epoch': 100, 'rec_avg_loss': '0.5460', 'rec_cur_loss': '0.5609'}
{'Epoch': 100, 'HIT@5': '0.5149', 'NDCG@5': '0.3589', 'HIT@10': '0.6651', 'NDCG@10': '0.4077', 'HIT@20': '0.7846', 'NDCG@20': '0.4380', 'MRR@5': '0.3416', 'MRR@10': '0.3416', 'MRR@20': '0.3416'}
EarlyStopping counter: 3 out of 10
{'epoch': 101, 'rec_avg_loss': '0.5441', 'rec_cur_loss': '0.5047'}
{'Epoch': 101, 'HIT@5': '0.5209', 'NDCG@5': '0.3650', 'HIT@10': '0.6697', 'NDCG@10': '0.4134', 'HIT@20': '0.7906', 'NDCG@20': '0.4441', 'MRR@5': '0.3475', 'MRR@10': '0.3475', 'MRR@20': '0.3475'}
Validation score increased.  Saving model ...
{'epoch': 102, 'rec_avg_loss': '0.5448', 'rec_cur_loss': '0.5461'}
{'Epoch': 102, 'HIT@5': '0.5212', 'NDCG@5': '0.3647', 'HIT@10': '0.6707', 'NDCG@10': '0.4132', 'HIT@20': '0.7876', 'NDCG@20': '0.4428', 'MRR@5': '0.3467', 'MRR@10': '0.3467', 'MRR@20': '0.3467'}
EarlyStopping counter: 1 out of 10
{'epoch': 103, 'rec_avg_loss': '0.5443', 'rec_cur_loss': '0.5319'}
{'Epoch': 103, 'HIT@5': '0.5174', 'NDCG@5': '0.3634', 'HIT@10': '0.6679', 'NDCG@10': '0.4122', 'HIT@20': '0.7889', 'NDCG@20': '0.4429', 'MRR@5': '0.3467', 'MRR@10': '0.3467', 'MRR@20': '0.3467'}
EarlyStopping counter: 2 out of 10
{'epoch': 104, 'rec_avg_loss': '0.5450', 'rec_cur_loss': '0.5430'}
{'Epoch': 104, 'HIT@5': '0.5195', 'NDCG@5': '0.3623', 'HIT@10': '0.6637', 'NDCG@10': '0.4092', 'HIT@20': '0.7863', 'NDCG@20': '0.4402', 'MRR@5': '0.3440', 'MRR@10': '0.3440', 'MRR@20': '0.3440'}
EarlyStopping counter: 3 out of 10
{'epoch': 105, 'rec_avg_loss': '0.5432', 'rec_cur_loss': '0.5685'}
{'Epoch': 105, 'HIT@5': '0.5217', 'NDCG@5': '0.3658', 'HIT@10': '0.6671', 'NDCG@10': '0.4129', 'HIT@20': '0.7934', 'NDCG@20': '0.4450', 'MRR@5': '0.3481', 'MRR@10': '0.3481', 'MRR@20': '0.3481'}
Validation score increased.  Saving model ...
{'epoch': 106, 'rec_avg_loss': '0.5424', 'rec_cur_loss': '0.5559'}
{'Epoch': 106, 'HIT@5': '0.5243', 'NDCG@5': '0.3675', 'HIT@10': '0.6637', 'NDCG@10': '0.4129', 'HIT@20': '0.7911', 'NDCG@20': '0.4452', 'MRR@5': '0.3490', 'MRR@10': '0.3490', 'MRR@20': '0.3490'}
Validation score increased.  Saving model ...
{'epoch': 107, 'rec_avg_loss': '0.5408', 'rec_cur_loss': '0.5389'}
{'Epoch': 107, 'HIT@5': '0.5200', 'NDCG@5': '0.3665', 'HIT@10': '0.6672', 'NDCG@10': '0.4143', 'HIT@20': '0.7911', 'NDCG@20': '0.4457', 'MRR@5': '0.3496', 'MRR@10': '0.3496', 'MRR@20': '0.3496'}
Validation score increased.  Saving model ...
{'epoch': 108, 'rec_avg_loss': '0.5421', 'rec_cur_loss': '0.5583'}
{'Epoch': 108, 'HIT@5': '0.5250', 'NDCG@5': '0.3690', 'HIT@10': '0.6677', 'NDCG@10': '0.4156', 'HIT@20': '0.7925', 'NDCG@20': '0.4472', 'MRR@5': '0.3511', 'MRR@10': '0.3511', 'MRR@20': '0.3511'}
Validation score increased.  Saving model ...
{'epoch': 109, 'rec_avg_loss': '0.5427', 'rec_cur_loss': '0.5286'}
{'Epoch': 109, 'HIT@5': '0.5217', 'NDCG@5': '0.3700', 'HIT@10': '0.6682', 'NDCG@10': '0.4176', 'HIT@20': '0.7884', 'NDCG@20': '0.4481', 'MRR@5': '0.3535', 'MRR@10': '0.3535', 'MRR@20': '0.3535'}
Validation score increased.  Saving model ...
{'epoch': 110, 'rec_avg_loss': '0.5410', 'rec_cur_loss': '0.5558'}
{'Epoch': 110, 'HIT@5': '0.5215', 'NDCG@5': '0.3668', 'HIT@10': '0.6699', 'NDCG@10': '0.4150', 'HIT@20': '0.7894', 'NDCG@20': '0.4453', 'MRR@5': '0.3495', 'MRR@10': '0.3495', 'MRR@20': '0.3495'}
EarlyStopping counter: 1 out of 10
{'epoch': 111, 'rec_avg_loss': '0.5415', 'rec_cur_loss': '0.5556'}
{'Epoch': 111, 'HIT@5': '0.5197', 'NDCG@5': '0.3630', 'HIT@10': '0.6642', 'NDCG@10': '0.4099', 'HIT@20': '0.7887', 'NDCG@20': '0.4416', 'MRR@5': '0.3450', 'MRR@10': '0.3450', 'MRR@20': '0.3450'}
EarlyStopping counter: 2 out of 10
{'epoch': 112, 'rec_avg_loss': '0.5415', 'rec_cur_loss': '0.5918'}
{'Epoch': 112, 'HIT@5': '0.5202', 'NDCG@5': '0.3642', 'HIT@10': '0.6666', 'NDCG@10': '0.4118', 'HIT@20': '0.7896', 'NDCG@20': '0.4430', 'MRR@5': '0.3465', 'MRR@10': '0.3465', 'MRR@20': '0.3465'}
EarlyStopping counter: 3 out of 10
{'epoch': 113, 'rec_avg_loss': '0.5396', 'rec_cur_loss': '0.5051'}
{'Epoch': 113, 'HIT@5': '0.5242', 'NDCG@5': '0.3680', 'HIT@10': '0.6669', 'NDCG@10': '0.4145', 'HIT@20': '0.7919', 'NDCG@20': '0.4462', 'MRR@5': '0.3498', 'MRR@10': '0.3498', 'MRR@20': '0.3498'}
EarlyStopping counter: 4 out of 10
{'epoch': 114, 'rec_avg_loss': '0.5426', 'rec_cur_loss': '0.5814'}
{'Epoch': 114, 'HIT@5': '0.5262', 'NDCG@5': '0.3697', 'HIT@10': '0.6690', 'NDCG@10': '0.4162', 'HIT@20': '0.7891', 'NDCG@20': '0.4466', 'MRR@5': '0.3512', 'MRR@10': '0.3512', 'MRR@20': '0.3512'}
EarlyStopping counter: 5 out of 10
{'epoch': 115, 'rec_avg_loss': '0.5403', 'rec_cur_loss': '0.5323'}
{'Epoch': 115, 'HIT@5': '0.5273', 'NDCG@5': '0.3695', 'HIT@10': '0.6697', 'NDCG@10': '0.4157', 'HIT@20': '0.7924', 'NDCG@20': '0.4469', 'MRR@5': '0.3505', 'MRR@10': '0.3505', 'MRR@20': '0.3505'}
EarlyStopping counter: 6 out of 10
{'epoch': 116, 'rec_avg_loss': '0.5399', 'rec_cur_loss': '0.5409'}
{'Epoch': 116, 'HIT@5': '0.5262', 'NDCG@5': '0.3714', 'HIT@10': '0.6682', 'NDCG@10': '0.4175', 'HIT@20': '0.7869', 'NDCG@20': '0.4477', 'MRR@5': '0.3533', 'MRR@10': '0.3533', 'MRR@20': '0.3533'}
EarlyStopping counter: 7 out of 10
{'epoch': 117, 'rec_avg_loss': '0.5383', 'rec_cur_loss': '0.5740'}
{'Epoch': 117, 'HIT@5': '0.5248', 'NDCG@5': '0.3706', 'HIT@10': '0.6702', 'NDCG@10': '0.4176', 'HIT@20': '0.7901', 'NDCG@20': '0.4480', 'MRR@5': '0.3528', 'MRR@10': '0.3528', 'MRR@20': '0.3528'}
EarlyStopping counter: 8 out of 10
{'epoch': 118, 'rec_avg_loss': '0.5406', 'rec_cur_loss': '0.5364'}
{'Epoch': 118, 'HIT@5': '0.5301', 'NDCG@5': '0.3721', 'HIT@10': '0.6738', 'NDCG@10': '0.4186', 'HIT@20': '0.7921', 'NDCG@20': '0.4485', 'MRR@5': '0.3526', 'MRR@10': '0.3526', 'MRR@20': '0.3526'}
EarlyStopping counter: 9 out of 10
{'epoch': 119, 'rec_avg_loss': '0.5402', 'rec_cur_loss': '0.5520'}
{'Epoch': 119, 'HIT@5': '0.5250', 'NDCG@5': '0.3711', 'HIT@10': '0.6717', 'NDCG@10': '0.4185', 'HIT@20': '0.7882', 'NDCG@20': '0.4480', 'MRR@5': '0.3533', 'MRR@10': '0.3533', 'MRR@20': '0.3533'}
EarlyStopping counter: 10 out of 10
Early stopping
---------------Sample 99 results-------------------
{'Epoch': 0, 'HIT@5': '0.4945', 'NDCG@5': '0.3463', 'HIT@10': '0.6346', 'NDCG@10': '0.3917', 'HIT@20': '0.7594', 'NDCG@20': '0.4234', 'MRR@5': '0.3309', 'MRR@10': '0.3309', 'MRR@20': '0.3309'}
Finetune_sample-ml-1m-1500
{'Epoch': 0, 'HIT@5': '0.4945', 'NDCG@5': '0.3463', 'HIT@10': '0.6346', 'NDCG@10': '0.3917', 'HIT@20': '0.7594', 'NDCG@20': '0.4234', 'MRR@5': '0.3309', 'MRR@10': '0.3309', 'MRR@20': '0.3309'}
