Namespace(adam_beta1=0.9, adam_beta2=0.999, attention_probs_dropout_prob=0.5, batch_size=256, ckp=130, cuda_condition=True, data_dir='./data/', data_file='./data/ml-1m.txt', data_name='ml-1m', do_eval=False, epochs=200, gpu_id='0', hidden_act='gelu', hidden_dropout_prob=0.5, hidden_size=64, initializer_range=0.02, item_size=3418, log_file='output/Finetune_sample-ml-1m-130.txt', log_freq=1, lr=0.001, mask_id=3417, max_seq_length=50, model_name='Finetune_sample', no_cuda=False, num_attention_heads=2, num_hidden_layers=2, output_dir='output/', sample_file='./data/ml-1m_sample.txt', seed=42, weight_decay=0.0)
Total Parameters: 338688
Load Checkpoint From output/ml-1m-epochs-130.pt!
{'epoch': 0, 'rec_avg_loss': '1.0562', 'rec_cur_loss': '0.9412'}
{'Epoch': 0, 'HIT@5': '0.1806', 'NDCG@5': '0.1152', 'HIT@10': '0.3036', 'NDCG@10': '0.1549', 'HIT@20': '0.4879', 'NDCG@20': '0.2013', 'MRR@5': '0.1359', 'MRR@10': '0.1359', 'MRR@20': '0.1359'}
Validation score increased.  Saving model ...
{'epoch': 1, 'rec_avg_loss': '0.8870', 'rec_cur_loss': '0.8250'}
{'Epoch': 1, 'HIT@5': '0.2215', 'NDCG@5': '0.1414', 'HIT@10': '0.3641', 'NDCG@10': '0.1871', 'HIT@20': '0.5586', 'NDCG@20': '0.2360', 'MRR@5': '0.1588', 'MRR@10': '0.1588', 'MRR@20': '0.1588'}
Validation score increased.  Saving model ...
{'epoch': 2, 'rec_avg_loss': '0.8228', 'rec_cur_loss': '0.8475'}
{'Epoch': 2, 'HIT@5': '0.2578', 'NDCG@5': '0.1618', 'HIT@10': '0.4123', 'NDCG@10': '0.2118', 'HIT@20': '0.6114', 'NDCG@20': '0.2620', 'MRR@5': '0.1750', 'MRR@10': '0.1750', 'MRR@20': '0.1750'}
Validation score increased.  Saving model ...
{'epoch': 3, 'rec_avg_loss': '0.7871', 'rec_cur_loss': '0.7888'}
{'Epoch': 3, 'HIT@5': '0.2897', 'NDCG@5': '0.1822', 'HIT@10': '0.4520', 'NDCG@10': '0.2345', 'HIT@20': '0.6435', 'NDCG@20': '0.2829', 'MRR@5': '0.1912', 'MRR@10': '0.1912', 'MRR@20': '0.1912'}
Validation score increased.  Saving model ...
{'epoch': 4, 'rec_avg_loss': '0.7579', 'rec_cur_loss': '0.7248'}
{'Epoch': 4, 'HIT@5': '0.3103', 'NDCG@5': '0.1951', 'HIT@10': '0.4776', 'NDCG@10': '0.2489', 'HIT@20': '0.6578', 'NDCG@20': '0.2943', 'MRR@5': '0.2008', 'MRR@10': '0.2008', 'MRR@20': '0.2008'}
Validation score increased.  Saving model ...
{'epoch': 5, 'rec_avg_loss': '0.7388', 'rec_cur_loss': '0.7389'}
{'Epoch': 5, 'HIT@5': '0.3265', 'NDCG@5': '0.2067', 'HIT@10': '0.4995', 'NDCG@10': '0.2624', 'HIT@20': '0.6747', 'NDCG@20': '0.3067', 'MRR@5': '0.2109', 'MRR@10': '0.2109', 'MRR@20': '0.2109'}
Validation score increased.  Saving model ...
{'epoch': 6, 'rec_avg_loss': '0.7282', 'rec_cur_loss': '0.7498'}
{'Epoch': 6, 'HIT@5': '0.3356', 'NDCG@5': '0.2143', 'HIT@10': '0.5048', 'NDCG@10': '0.2689', 'HIT@20': '0.6793', 'NDCG@20': '0.3130', 'MRR@5': '0.2175', 'MRR@10': '0.2175', 'MRR@20': '0.2175'}
Validation score increased.  Saving model ...
{'epoch': 7, 'rec_avg_loss': '0.7188', 'rec_cur_loss': '0.7146'}
{'Epoch': 7, 'HIT@5': '0.3382', 'NDCG@5': '0.2167', 'HIT@10': '0.5136', 'NDCG@10': '0.2730', 'HIT@20': '0.6805', 'NDCG@20': '0.3152', 'MRR@5': '0.2198', 'MRR@10': '0.2198', 'MRR@20': '0.2198'}
Validation score increased.  Saving model ...
{'epoch': 8, 'rec_avg_loss': '0.7104', 'rec_cur_loss': '0.7052'}
{'Epoch': 8, 'HIT@5': '0.3359', 'NDCG@5': '0.2147', 'HIT@10': '0.5126', 'NDCG@10': '0.2716', 'HIT@20': '0.6786', 'NDCG@20': '0.3135', 'MRR@5': '0.2181', 'MRR@10': '0.2181', 'MRR@20': '0.2181'}
EarlyStopping counter: 1 out of 10
{'epoch': 9, 'rec_avg_loss': '0.6999', 'rec_cur_loss': '0.6884'}
{'Epoch': 9, 'HIT@5': '0.3467', 'NDCG@5': '0.2236', 'HIT@10': '0.5242', 'NDCG@10': '0.2807', 'HIT@20': '0.6871', 'NDCG@20': '0.3218', 'MRR@5': '0.2260', 'MRR@10': '0.2260', 'MRR@20': '0.2260'}
Validation score increased.  Saving model ...
{'epoch': 10, 'rec_avg_loss': '0.6947', 'rec_cur_loss': '0.6836'}
{'Epoch': 10, 'HIT@5': '0.3528', 'NDCG@5': '0.2268', 'HIT@10': '0.5262', 'NDCG@10': '0.2828', 'HIT@20': '0.6889', 'NDCG@20': '0.3240', 'MRR@5': '0.2280', 'MRR@10': '0.2280', 'MRR@20': '0.2280'}
Validation score increased.  Saving model ...
{'epoch': 11, 'rec_avg_loss': '0.6916', 'rec_cur_loss': '0.6842'}
{'Epoch': 11, 'HIT@5': '0.3525', 'NDCG@5': '0.2275', 'HIT@10': '0.5283', 'NDCG@10': '0.2843', 'HIT@20': '0.6907', 'NDCG@20': '0.3253', 'MRR@5': '0.2292', 'MRR@10': '0.2292', 'MRR@20': '0.2292'}
Validation score increased.  Saving model ...
{'epoch': 12, 'rec_avg_loss': '0.6863', 'rec_cur_loss': '0.6806'}
{'Epoch': 12, 'HIT@5': '0.3546', 'NDCG@5': '0.2282', 'HIT@10': '0.5248', 'NDCG@10': '0.2832', 'HIT@20': '0.6864', 'NDCG@20': '0.3241', 'MRR@5': '0.2289', 'MRR@10': '0.2289', 'MRR@20': '0.2289'}
EarlyStopping counter: 1 out of 10
{'epoch': 13, 'rec_avg_loss': '0.6833', 'rec_cur_loss': '0.6862'}
{'Epoch': 13, 'HIT@5': '0.3515', 'NDCG@5': '0.2267', 'HIT@10': '0.5257', 'NDCG@10': '0.2830', 'HIT@20': '0.6851', 'NDCG@20': '0.3234', 'MRR@5': '0.2284', 'MRR@10': '0.2284', 'MRR@20': '0.2284'}
EarlyStopping counter: 2 out of 10
{'epoch': 14, 'rec_avg_loss': '0.6783', 'rec_cur_loss': '0.6831'}
{'Epoch': 14, 'HIT@5': '0.3594', 'NDCG@5': '0.2324', 'HIT@10': '0.5306', 'NDCG@10': '0.2879', 'HIT@20': '0.6949', 'NDCG@20': '0.3296', 'MRR@5': '0.2332', 'MRR@10': '0.2332', 'MRR@20': '0.2332'}
Validation score increased.  Saving model ...
{'epoch': 15, 'rec_avg_loss': '0.6751', 'rec_cur_loss': '0.6813'}
{'Epoch': 15, 'HIT@5': '0.3626', 'NDCG@5': '0.2341', 'HIT@10': '0.5326', 'NDCG@10': '0.2891', 'HIT@20': '0.6960', 'NDCG@20': '0.3304', 'MRR@5': '0.2339', 'MRR@10': '0.2339', 'MRR@20': '0.2339'}
Validation score increased.  Saving model ...
{'epoch': 16, 'rec_avg_loss': '0.6713', 'rec_cur_loss': '0.6758'}
{'Epoch': 16, 'HIT@5': '0.3675', 'NDCG@5': '0.2385', 'HIT@10': '0.5394', 'NDCG@10': '0.2940', 'HIT@20': '0.6988', 'NDCG@20': '0.3345', 'MRR@5': '0.2381', 'MRR@10': '0.2381', 'MRR@20': '0.2381'}
Validation score increased.  Saving model ...
{'epoch': 17, 'rec_avg_loss': '0.6710', 'rec_cur_loss': '0.6907'}
{'Epoch': 17, 'HIT@5': '0.3654', 'NDCG@5': '0.2377', 'HIT@10': '0.5409', 'NDCG@10': '0.2944', 'HIT@20': '0.6992', 'NDCG@20': '0.3345', 'MRR@5': '0.2380', 'MRR@10': '0.2380', 'MRR@20': '0.2380'}
EarlyStopping counter: 1 out of 10
{'epoch': 18, 'rec_avg_loss': '0.6663', 'rec_cur_loss': '0.6174'}
{'Epoch': 18, 'HIT@5': '0.3631', 'NDCG@5': '0.2356', 'HIT@10': '0.5373', 'NDCG@10': '0.2920', 'HIT@20': '0.6972', 'NDCG@20': '0.3327', 'MRR@5': '0.2364', 'MRR@10': '0.2364', 'MRR@20': '0.2364'}
EarlyStopping counter: 2 out of 10
{'epoch': 19, 'rec_avg_loss': '0.6661', 'rec_cur_loss': '0.6584'}
{'Epoch': 19, 'HIT@5': '0.3699', 'NDCG@5': '0.2394', 'HIT@10': '0.5442', 'NDCG@10': '0.2957', 'HIT@20': '0.7031', 'NDCG@20': '0.3360', 'MRR@5': '0.2386', 'MRR@10': '0.2386', 'MRR@20': '0.2386'}
Validation score increased.  Saving model ...
{'epoch': 20, 'rec_avg_loss': '0.6639', 'rec_cur_loss': '0.6567'}
{'Epoch': 20, 'HIT@5': '0.3728', 'NDCG@5': '0.2413', 'HIT@10': '0.5432', 'NDCG@10': '0.2964', 'HIT@20': '0.7060', 'NDCG@20': '0.3377', 'MRR@5': '0.2399', 'MRR@10': '0.2399', 'MRR@20': '0.2399'}
Validation score increased.  Saving model ...
{'epoch': 21, 'rec_avg_loss': '0.6616', 'rec_cur_loss': '0.6462'}
{'Epoch': 21, 'HIT@5': '0.3700', 'NDCG@5': '0.2407', 'HIT@10': '0.5457', 'NDCG@10': '0.2975', 'HIT@20': '0.7051', 'NDCG@20': '0.3380', 'MRR@5': '0.2406', 'MRR@10': '0.2406', 'MRR@20': '0.2406'}
Validation score increased.  Saving model ...
{'epoch': 22, 'rec_avg_loss': '0.6585', 'rec_cur_loss': '0.6701'}
{'Epoch': 22, 'HIT@5': '0.3709', 'NDCG@5': '0.2406', 'HIT@10': '0.5394', 'NDCG@10': '0.2951', 'HIT@20': '0.7012', 'NDCG@20': '0.3362', 'MRR@5': '0.2395', 'MRR@10': '0.2395', 'MRR@20': '0.2395'}
EarlyStopping counter: 1 out of 10
{'epoch': 23, 'rec_avg_loss': '0.6569', 'rec_cur_loss': '0.6460'}
{'Epoch': 23, 'HIT@5': '0.3767', 'NDCG@5': '0.2451', 'HIT@10': '0.5512', 'NDCG@10': '0.3014', 'HIT@20': '0.7094', 'NDCG@20': '0.3416', 'MRR@5': '0.2437', 'MRR@10': '0.2437', 'MRR@20': '0.2437'}
Validation score increased.  Saving model ...
{'epoch': 24, 'rec_avg_loss': '0.6563', 'rec_cur_loss': '0.6578'}
{'Epoch': 24, 'HIT@5': '0.3828', 'NDCG@5': '0.2487', 'HIT@10': '0.5591', 'NDCG@10': '0.3057', 'HIT@20': '0.7166', 'NDCG@20': '0.3456', 'MRR@5': '0.2466', 'MRR@10': '0.2466', 'MRR@20': '0.2466'}
Validation score increased.  Saving model ...
{'epoch': 25, 'rec_avg_loss': '0.6524', 'rec_cur_loss': '0.6669'}
{'Epoch': 25, 'HIT@5': '0.3891', 'NDCG@5': '0.2527', 'HIT@10': '0.5611', 'NDCG@10': '0.3083', 'HIT@20': '0.7187', 'NDCG@20': '0.3483', 'MRR@5': '0.2493', 'MRR@10': '0.2493', 'MRR@20': '0.2493'}
Validation score increased.  Saving model ...
{'epoch': 26, 'rec_avg_loss': '0.6503', 'rec_cur_loss': '0.6565'}
{'Epoch': 26, 'HIT@5': '0.3851', 'NDCG@5': '0.2500', 'HIT@10': '0.5598', 'NDCG@10': '0.3064', 'HIT@20': '0.7167', 'NDCG@20': '0.3462', 'MRR@5': '0.2472', 'MRR@10': '0.2472', 'MRR@20': '0.2472'}
EarlyStopping counter: 1 out of 10
{'epoch': 27, 'rec_avg_loss': '0.6504', 'rec_cur_loss': '0.6649'}
{'Epoch': 27, 'HIT@5': '0.3876', 'NDCG@5': '0.2518', 'HIT@10': '0.5647', 'NDCG@10': '0.3091', 'HIT@20': '0.7179', 'NDCG@20': '0.3479', 'MRR@5': '0.2489', 'MRR@10': '0.2489', 'MRR@20': '0.2489'}
EarlyStopping counter: 2 out of 10
{'epoch': 28, 'rec_avg_loss': '0.6472', 'rec_cur_loss': '0.6390'}
{'Epoch': 28, 'HIT@5': '0.3874', 'NDCG@5': '0.2524', 'HIT@10': '0.5629', 'NDCG@10': '0.3090', 'HIT@20': '0.7161', 'NDCG@20': '0.3477', 'MRR@5': '0.2493', 'MRR@10': '0.2493', 'MRR@20': '0.2493'}
Validation score increased.  Saving model ...
{'epoch': 29, 'rec_avg_loss': '0.6432', 'rec_cur_loss': '0.6157'}
{'Epoch': 29, 'HIT@5': '0.3882', 'NDCG@5': '0.2527', 'HIT@10': '0.5593', 'NDCG@10': '0.3079', 'HIT@20': '0.7161', 'NDCG@20': '0.3476', 'MRR@5': '0.2493', 'MRR@10': '0.2493', 'MRR@20': '0.2493'}
Validation score increased.  Saving model ...
{'epoch': 30, 'rec_avg_loss': '0.6446', 'rec_cur_loss': '0.6542'}
{'Epoch': 30, 'HIT@5': '0.3930', 'NDCG@5': '0.2560', 'HIT@10': '0.5702', 'NDCG@10': '0.3132', 'HIT@20': '0.7230', 'NDCG@20': '0.3519', 'MRR@5': '0.2525', 'MRR@10': '0.2525', 'MRR@20': '0.2525'}
Validation score increased.  Saving model ...
{'epoch': 31, 'rec_avg_loss': '0.6460', 'rec_cur_loss': '0.6475'}
{'Epoch': 31, 'HIT@5': '0.3935', 'NDCG@5': '0.2574', 'HIT@10': '0.5684', 'NDCG@10': '0.3140', 'HIT@20': '0.7243', 'NDCG@20': '0.3536', 'MRR@5': '0.2543', 'MRR@10': '0.2543', 'MRR@20': '0.2543'}
Validation score increased.  Saving model ...
{'epoch': 32, 'rec_avg_loss': '0.6438', 'rec_cur_loss': '0.6536'}
{'Epoch': 32, 'HIT@5': '0.3937', 'NDCG@5': '0.2583', 'HIT@10': '0.5709', 'NDCG@10': '0.3155', 'HIT@20': '0.7220', 'NDCG@20': '0.3538', 'MRR@5': '0.2553', 'MRR@10': '0.2553', 'MRR@20': '0.2553'}
Validation score increased.  Saving model ...
{'epoch': 33, 'rec_avg_loss': '0.6417', 'rec_cur_loss': '0.6210'}
{'Epoch': 33, 'HIT@5': '0.3916', 'NDCG@5': '0.2555', 'HIT@10': '0.5680', 'NDCG@10': '0.3126', 'HIT@20': '0.7248', 'NDCG@20': '0.3524', 'MRR@5': '0.2527', 'MRR@10': '0.2527', 'MRR@20': '0.2527'}
EarlyStopping counter: 1 out of 10
{'epoch': 34, 'rec_avg_loss': '0.6413', 'rec_cur_loss': '0.6406'}
{'Epoch': 34, 'HIT@5': '0.3902', 'NDCG@5': '0.2564', 'HIT@10': '0.5697', 'NDCG@10': '0.3146', 'HIT@20': '0.7237', 'NDCG@20': '0.3536', 'MRR@5': '0.2545', 'MRR@10': '0.2545', 'MRR@20': '0.2545'}
EarlyStopping counter: 2 out of 10
{'epoch': 35, 'rec_avg_loss': '0.6382', 'rec_cur_loss': '0.6427'}
{'Epoch': 35, 'HIT@5': '0.3917', 'NDCG@5': '0.2569', 'HIT@10': '0.5671', 'NDCG@10': '0.3138', 'HIT@20': '0.7200', 'NDCG@20': '0.3525', 'MRR@5': '0.2542', 'MRR@10': '0.2542', 'MRR@20': '0.2542'}
EarlyStopping counter: 3 out of 10
{'epoch': 36, 'rec_avg_loss': '0.6403', 'rec_cur_loss': '0.6273'}
{'Epoch': 36, 'HIT@5': '0.3957', 'NDCG@5': '0.2609', 'HIT@10': '0.5700', 'NDCG@10': '0.3175', 'HIT@20': '0.7245', 'NDCG@20': '0.3566', 'MRR@5': '0.2582', 'MRR@10': '0.2582', 'MRR@20': '0.2582'}
Validation score increased.  Saving model ...
{'epoch': 37, 'rec_avg_loss': '0.6369', 'rec_cur_loss': '0.6242'}
{'Epoch': 37, 'HIT@5': '0.3997', 'NDCG@5': '0.2621', 'HIT@10': '0.5732', 'NDCG@10': '0.3183', 'HIT@20': '0.7268', 'NDCG@20': '0.3573', 'MRR@5': '0.2582', 'MRR@10': '0.2582', 'MRR@20': '0.2582'}
EarlyStopping counter: 1 out of 10
{'epoch': 38, 'rec_avg_loss': '0.6344', 'rec_cur_loss': '0.6421'}
{'Epoch': 38, 'HIT@5': '0.3925', 'NDCG@5': '0.2589', 'HIT@10': '0.5728', 'NDCG@10': '0.3172', 'HIT@20': '0.7255', 'NDCG@20': '0.3559', 'MRR@5': '0.2569', 'MRR@10': '0.2569', 'MRR@20': '0.2569'}
EarlyStopping counter: 2 out of 10
{'epoch': 39, 'rec_avg_loss': '0.6357', 'rec_cur_loss': '0.6383'}
{'Epoch': 39, 'HIT@5': '0.3907', 'NDCG@5': '0.2561', 'HIT@10': '0.5680', 'NDCG@10': '0.3136', 'HIT@20': '0.7252', 'NDCG@20': '0.3533', 'MRR@5': '0.2539', 'MRR@10': '0.2539', 'MRR@20': '0.2539'}
EarlyStopping counter: 3 out of 10
{'epoch': 40, 'rec_avg_loss': '0.6331', 'rec_cur_loss': '0.6210'}
{'Epoch': 40, 'HIT@5': '0.3967', 'NDCG@5': '0.2612', 'HIT@10': '0.5740', 'NDCG@10': '0.3187', 'HIT@20': '0.7285', 'NDCG@20': '0.3578', 'MRR@5': '0.2584', 'MRR@10': '0.2584', 'MRR@20': '0.2584'}
Validation score increased.  Saving model ...
{'epoch': 41, 'rec_avg_loss': '0.6336', 'rec_cur_loss': '0.6374'}
{'Epoch': 41, 'HIT@5': '0.3987', 'NDCG@5': '0.2634', 'HIT@10': '0.5758', 'NDCG@10': '0.3208', 'HIT@20': '0.7341', 'NDCG@20': '0.3608', 'MRR@5': '0.2607', 'MRR@10': '0.2607', 'MRR@20': '0.2607'}
Validation score increased.  Saving model ...
{'epoch': 42, 'rec_avg_loss': '0.6339', 'rec_cur_loss': '0.6423'}
{'Epoch': 42, 'HIT@5': '0.3995', 'NDCG@5': '0.2629', 'HIT@10': '0.5757', 'NDCG@10': '0.3200', 'HIT@20': '0.7290', 'NDCG@20': '0.3586', 'MRR@5': '0.2593', 'MRR@10': '0.2593', 'MRR@20': '0.2593'}
EarlyStopping counter: 1 out of 10
{'epoch': 43, 'rec_avg_loss': '0.6308', 'rec_cur_loss': '0.6365'}
{'Epoch': 43, 'HIT@5': '0.3959', 'NDCG@5': '0.2619', 'HIT@10': '0.5765', 'NDCG@10': '0.3203', 'HIT@20': '0.7288', 'NDCG@20': '0.3587', 'MRR@5': '0.2596', 'MRR@10': '0.2596', 'MRR@20': '0.2596'}
EarlyStopping counter: 2 out of 10
{'epoch': 44, 'rec_avg_loss': '0.6300', 'rec_cur_loss': '0.6328'}
{'Epoch': 44, 'HIT@5': '0.4023', 'NDCG@5': '0.2652', 'HIT@10': '0.5795', 'NDCG@10': '0.3226', 'HIT@20': '0.7313', 'NDCG@20': '0.3609', 'MRR@5': '0.2614', 'MRR@10': '0.2614', 'MRR@20': '0.2614'}
Validation score increased.  Saving model ...
{'epoch': 45, 'rec_avg_loss': '0.6286', 'rec_cur_loss': '0.6113'}
{'Epoch': 45, 'HIT@5': '0.4073', 'NDCG@5': '0.2686', 'HIT@10': '0.5846', 'NDCG@10': '0.3260', 'HIT@20': '0.7369', 'NDCG@20': '0.3646', 'MRR@5': '0.2642', 'MRR@10': '0.2642', 'MRR@20': '0.2642'}
Validation score increased.  Saving model ...
{'epoch': 46, 'rec_avg_loss': '0.6305', 'rec_cur_loss': '0.6534'}
{'Epoch': 46, 'HIT@5': '0.4096', 'NDCG@5': '0.2696', 'HIT@10': '0.5834', 'NDCG@10': '0.3259', 'HIT@20': '0.7353', 'NDCG@20': '0.3644', 'MRR@5': '0.2645', 'MRR@10': '0.2645', 'MRR@20': '0.2645'}
Validation score increased.  Saving model ...
{'epoch': 47, 'rec_avg_loss': '0.6295', 'rec_cur_loss': '0.6645'}
{'Epoch': 47, 'HIT@5': '0.4060', 'NDCG@5': '0.2666', 'HIT@10': '0.5829', 'NDCG@10': '0.3238', 'HIT@20': '0.7361', 'NDCG@20': '0.3625', 'MRR@5': '0.2618', 'MRR@10': '0.2618', 'MRR@20': '0.2618'}
EarlyStopping counter: 1 out of 10
{'epoch': 48, 'rec_avg_loss': '0.6251', 'rec_cur_loss': '0.6299'}
{'Epoch': 48, 'HIT@5': '0.4068', 'NDCG@5': '0.2673', 'HIT@10': '0.5806', 'NDCG@10': '0.3235', 'HIT@20': '0.7351', 'NDCG@20': '0.3626', 'MRR@5': '0.2623', 'MRR@10': '0.2623', 'MRR@20': '0.2623'}
EarlyStopping counter: 2 out of 10
{'epoch': 49, 'rec_avg_loss': '0.6236', 'rec_cur_loss': '0.5955'}
{'Epoch': 49, 'HIT@5': '0.4123', 'NDCG@5': '0.2705', 'HIT@10': '0.5859', 'NDCG@10': '0.3267', 'HIT@20': '0.7394', 'NDCG@20': '0.3656', 'MRR@5': '0.2648', 'MRR@10': '0.2648', 'MRR@20': '0.2648'}
Validation score increased.  Saving model ...
{'epoch': 50, 'rec_avg_loss': '0.6246', 'rec_cur_loss': '0.6322'}
{'Epoch': 50, 'HIT@5': '0.4121', 'NDCG@5': '0.2707', 'HIT@10': '0.5861', 'NDCG@10': '0.3270', 'HIT@20': '0.7382', 'NDCG@20': '0.3656', 'MRR@5': '0.2650', 'MRR@10': '0.2650', 'MRR@20': '0.2650'}
Validation score increased.  Saving model ...
{'epoch': 51, 'rec_avg_loss': '0.6237', 'rec_cur_loss': '0.6381'}
{'Epoch': 51, 'HIT@5': '0.4189', 'NDCG@5': '0.2741', 'HIT@10': '0.5871', 'NDCG@10': '0.3284', 'HIT@20': '0.7369', 'NDCG@20': '0.3666', 'MRR@5': '0.2665', 'MRR@10': '0.2665', 'MRR@20': '0.2665'}
Validation score increased.  Saving model ...
{'epoch': 52, 'rec_avg_loss': '0.6224', 'rec_cur_loss': '0.6223'}
{'Epoch': 52, 'HIT@5': '0.4162', 'NDCG@5': '0.2725', 'HIT@10': '0.5866', 'NDCG@10': '0.3277', 'HIT@20': '0.7363', 'NDCG@20': '0.3658', 'MRR@5': '0.2657', 'MRR@10': '0.2657', 'MRR@20': '0.2657'}
EarlyStopping counter: 1 out of 10
{'epoch': 53, 'rec_avg_loss': '0.6218', 'rec_cur_loss': '0.6405'}
{'Epoch': 53, 'HIT@5': '0.4166', 'NDCG@5': '0.2730', 'HIT@10': '0.5911', 'NDCG@10': '0.3293', 'HIT@20': '0.7373', 'NDCG@20': '0.3664', 'MRR@5': '0.2661', 'MRR@10': '0.2661', 'MRR@20': '0.2661'}
EarlyStopping counter: 2 out of 10
{'epoch': 54, 'rec_avg_loss': '0.6204', 'rec_cur_loss': '0.6071'}
{'Epoch': 54, 'HIT@5': '0.4204', 'NDCG@5': '0.2768', 'HIT@10': '0.5960', 'NDCG@10': '0.3336', 'HIT@20': '0.7440', 'NDCG@20': '0.3710', 'MRR@5': '0.2700', 'MRR@10': '0.2700', 'MRR@20': '0.2700'}
Validation score increased.  Saving model ...
{'epoch': 55, 'rec_avg_loss': '0.6213', 'rec_cur_loss': '0.6217'}
{'Epoch': 55, 'HIT@5': '0.4131', 'NDCG@5': '0.2707', 'HIT@10': '0.5856', 'NDCG@10': '0.3265', 'HIT@20': '0.7369', 'NDCG@20': '0.3648', 'MRR@5': '0.2645', 'MRR@10': '0.2645', 'MRR@20': '0.2645'}
EarlyStopping counter: 1 out of 10
{'epoch': 56, 'rec_avg_loss': '0.6202', 'rec_cur_loss': '0.6413'}
{'Epoch': 56, 'HIT@5': '0.4205', 'NDCG@5': '0.2766', 'HIT@10': '0.5950', 'NDCG@10': '0.3331', 'HIT@20': '0.7421', 'NDCG@20': '0.3704', 'MRR@5': '0.2697', 'MRR@10': '0.2697', 'MRR@20': '0.2697'}
EarlyStopping counter: 2 out of 10
{'epoch': 57, 'rec_avg_loss': '0.6184', 'rec_cur_loss': '0.6116'}
{'Epoch': 57, 'HIT@5': '0.4225', 'NDCG@5': '0.2782', 'HIT@10': '0.5975', 'NDCG@10': '0.3348', 'HIT@20': '0.7478', 'NDCG@20': '0.3729', 'MRR@5': '0.2712', 'MRR@10': '0.2712', 'MRR@20': '0.2712'}
Validation score increased.  Saving model ...
{'epoch': 58, 'rec_avg_loss': '0.6185', 'rec_cur_loss': '0.6037'}
{'Epoch': 58, 'HIT@5': '0.4227', 'NDCG@5': '0.2782', 'HIT@10': '0.5942', 'NDCG@10': '0.3338', 'HIT@20': '0.7439', 'NDCG@20': '0.3718', 'MRR@5': '0.2708', 'MRR@10': '0.2708', 'MRR@20': '0.2708'}
EarlyStopping counter: 1 out of 10
{'epoch': 59, 'rec_avg_loss': '0.6188', 'rec_cur_loss': '0.6115'}
{'Epoch': 59, 'HIT@5': '0.4220', 'NDCG@5': '0.2782', 'HIT@10': '0.5985', 'NDCG@10': '0.3353', 'HIT@20': '0.7485', 'NDCG@20': '0.3733', 'MRR@5': '0.2715', 'MRR@10': '0.2715', 'MRR@20': '0.2715'}
Validation score increased.  Saving model ...
{'epoch': 60, 'rec_avg_loss': '0.6172', 'rec_cur_loss': '0.6496'}
{'Epoch': 60, 'HIT@5': '0.4194', 'NDCG@5': '0.2755', 'HIT@10': '0.5949', 'NDCG@10': '0.3324', 'HIT@20': '0.7465', 'NDCG@20': '0.3709', 'MRR@5': '0.2690', 'MRR@10': '0.2690', 'MRR@20': '0.2690'}
EarlyStopping counter: 1 out of 10
{'epoch': 61, 'rec_avg_loss': '0.6149', 'rec_cur_loss': '0.5941'}
{'Epoch': 61, 'HIT@5': '0.4248', 'NDCG@5': '0.2800', 'HIT@10': '0.5987', 'NDCG@10': '0.3363', 'HIT@20': '0.7470', 'NDCG@20': '0.3740', 'MRR@5': '0.2727', 'MRR@10': '0.2727', 'MRR@20': '0.2727'}
Validation score increased.  Saving model ...
{'epoch': 62, 'rec_avg_loss': '0.6159', 'rec_cur_loss': '0.5946'}
{'Epoch': 62, 'HIT@5': '0.4238', 'NDCG@5': '0.2794', 'HIT@10': '0.5965', 'NDCG@10': '0.3354', 'HIT@20': '0.7475', 'NDCG@20': '0.3738', 'MRR@5': '0.2723', 'MRR@10': '0.2723', 'MRR@20': '0.2723'}
EarlyStopping counter: 1 out of 10
{'epoch': 63, 'rec_avg_loss': '0.6146', 'rec_cur_loss': '0.6207'}
{'Epoch': 63, 'HIT@5': '0.4334', 'NDCG@5': '0.2861', 'HIT@10': '0.6061', 'NDCG@10': '0.3422', 'HIT@20': '0.7535', 'NDCG@20': '0.3797', 'MRR@5': '0.2777', 'MRR@10': '0.2777', 'MRR@20': '0.2777'}
Validation score increased.  Saving model ...
{'epoch': 64, 'rec_avg_loss': '0.6163', 'rec_cur_loss': '0.6040'}
{'Epoch': 64, 'HIT@5': '0.4306', 'NDCG@5': '0.2844', 'HIT@10': '0.6028', 'NDCG@10': '0.3403', 'HIT@20': '0.7528', 'NDCG@20': '0.3783', 'MRR@5': '0.2764', 'MRR@10': '0.2764', 'MRR@20': '0.2764'}
EarlyStopping counter: 1 out of 10
{'epoch': 65, 'rec_avg_loss': '0.6146', 'rec_cur_loss': '0.6397'}
{'Epoch': 65, 'HIT@5': '0.4257', 'NDCG@5': '0.2802', 'HIT@10': '0.5998', 'NDCG@10': '0.3368', 'HIT@20': '0.7482', 'NDCG@20': '0.3744', 'MRR@5': '0.2728', 'MRR@10': '0.2728', 'MRR@20': '0.2728'}
EarlyStopping counter: 2 out of 10
{'epoch': 66, 'rec_avg_loss': '0.6150', 'rec_cur_loss': '0.6268'}
{'Epoch': 66, 'HIT@5': '0.4263', 'NDCG@5': '0.2805', 'HIT@10': '0.5982', 'NDCG@10': '0.3364', 'HIT@20': '0.7485', 'NDCG@20': '0.3745', 'MRR@5': '0.2729', 'MRR@10': '0.2729', 'MRR@20': '0.2729'}
EarlyStopping counter: 3 out of 10
{'epoch': 67, 'rec_avg_loss': '0.6114', 'rec_cur_loss': '0.6038'}
{'Epoch': 67, 'HIT@5': '0.4293', 'NDCG@5': '0.2848', 'HIT@10': '0.6010', 'NDCG@10': '0.3404', 'HIT@20': '0.7497', 'NDCG@20': '0.3781', 'MRR@5': '0.2772', 'MRR@10': '0.2772', 'MRR@20': '0.2772'}
EarlyStopping counter: 4 out of 10
{'epoch': 68, 'rec_avg_loss': '0.6113', 'rec_cur_loss': '0.6091'}
{'Epoch': 68, 'HIT@5': '0.4316', 'NDCG@5': '0.2845', 'HIT@10': '0.6008', 'NDCG@10': '0.3393', 'HIT@20': '0.7517', 'NDCG@20': '0.3776', 'MRR@5': '0.2758', 'MRR@10': '0.2758', 'MRR@20': '0.2758'}
EarlyStopping counter: 5 out of 10
{'epoch': 69, 'rec_avg_loss': '0.6130', 'rec_cur_loss': '0.6300'}
{'Epoch': 69, 'HIT@5': '0.4344', 'NDCG@5': '0.2853', 'HIT@10': '0.6075', 'NDCG@10': '0.3413', 'HIT@20': '0.7545', 'NDCG@20': '0.3786', 'MRR@5': '0.2761', 'MRR@10': '0.2761', 'MRR@20': '0.2761'}
EarlyStopping counter: 6 out of 10
{'epoch': 70, 'rec_avg_loss': '0.6122', 'rec_cur_loss': '0.5845'}
{'Epoch': 70, 'HIT@5': '0.4280', 'NDCG@5': '0.2830', 'HIT@10': '0.6041', 'NDCG@10': '0.3401', 'HIT@20': '0.7523', 'NDCG@20': '0.3777', 'MRR@5': '0.2758', 'MRR@10': '0.2758', 'MRR@20': '0.2758'}
EarlyStopping counter: 7 out of 10
{'epoch': 71, 'rec_avg_loss': '0.6091', 'rec_cur_loss': '0.6190'}
{'Epoch': 71, 'HIT@5': '0.4374', 'NDCG@5': '0.2884', 'HIT@10': '0.6113', 'NDCG@10': '0.3448', 'HIT@20': '0.7573', 'NDCG@20': '0.3819', 'MRR@5': '0.2794', 'MRR@10': '0.2794', 'MRR@20': '0.2794'}
Validation score increased.  Saving model ...
{'epoch': 72, 'rec_avg_loss': '0.6111', 'rec_cur_loss': '0.6077'}
{'Epoch': 72, 'HIT@5': '0.4402', 'NDCG@5': '0.2908', 'HIT@10': '0.6111', 'NDCG@10': '0.3461', 'HIT@20': '0.7561', 'NDCG@20': '0.3829', 'MRR@5': '0.2811', 'MRR@10': '0.2811', 'MRR@20': '0.2811'}
Validation score increased.  Saving model ...
{'epoch': 73, 'rec_avg_loss': '0.6094', 'rec_cur_loss': '0.6012'}
{'Epoch': 73, 'HIT@5': '0.4369', 'NDCG@5': '0.2892', 'HIT@10': '0.6089', 'NDCG@10': '0.3451', 'HIT@20': '0.7571', 'NDCG@20': '0.3828', 'MRR@5': '0.2807', 'MRR@10': '0.2807', 'MRR@20': '0.2807'}
EarlyStopping counter: 1 out of 10
{'epoch': 74, 'rec_avg_loss': '0.6090', 'rec_cur_loss': '0.6330'}
{'Epoch': 74, 'HIT@5': '0.4369', 'NDCG@5': '0.2897', 'HIT@10': '0.6099', 'NDCG@10': '0.3457', 'HIT@20': '0.7570', 'NDCG@20': '0.3830', 'MRR@5': '0.2811', 'MRR@10': '0.2811', 'MRR@20': '0.2811'}
Validation score increased.  Saving model ...
{'epoch': 75, 'rec_avg_loss': '0.6065', 'rec_cur_loss': '0.5945'}
{'Epoch': 75, 'HIT@5': '0.4406', 'NDCG@5': '0.2904', 'HIT@10': '0.6116', 'NDCG@10': '0.3458', 'HIT@20': '0.7566', 'NDCG@20': '0.3827', 'MRR@5': '0.2806', 'MRR@10': '0.2806', 'MRR@20': '0.2806'}
EarlyStopping counter: 1 out of 10
{'epoch': 76, 'rec_avg_loss': '0.6061', 'rec_cur_loss': '0.5969'}
{'Epoch': 76, 'HIT@5': '0.4414', 'NDCG@5': '0.2910', 'HIT@10': '0.6084', 'NDCG@10': '0.3451', 'HIT@20': '0.7531', 'NDCG@20': '0.3820', 'MRR@5': '0.2807', 'MRR@10': '0.2807', 'MRR@20': '0.2807'}
EarlyStopping counter: 2 out of 10
{'epoch': 77, 'rec_avg_loss': '0.6055', 'rec_cur_loss': '0.6185'}
{'Epoch': 77, 'HIT@5': '0.4348', 'NDCG@5': '0.2872', 'HIT@10': '0.6093', 'NDCG@10': '0.3438', 'HIT@20': '0.7555', 'NDCG@20': '0.3810', 'MRR@5': '0.2789', 'MRR@10': '0.2789', 'MRR@20': '0.2789'}
EarlyStopping counter: 3 out of 10
{'epoch': 78, 'rec_avg_loss': '0.6061', 'rec_cur_loss': '0.5880'}
{'Epoch': 78, 'HIT@5': '0.4417', 'NDCG@5': '0.2920', 'HIT@10': '0.6164', 'NDCG@10': '0.3488', 'HIT@20': '0.7586', 'NDCG@20': '0.3850', 'MRR@5': '0.2828', 'MRR@10': '0.2828', 'MRR@20': '0.2828'}
Validation score increased.  Saving model ...
{'epoch': 79, 'rec_avg_loss': '0.6069', 'rec_cur_loss': '0.6191'}
{'Epoch': 79, 'HIT@5': '0.4348', 'NDCG@5': '0.2875', 'HIT@10': '0.6098', 'NDCG@10': '0.3442', 'HIT@20': '0.7531', 'NDCG@20': '0.3806', 'MRR@5': '0.2791', 'MRR@10': '0.2791', 'MRR@20': '0.2791'}
EarlyStopping counter: 1 out of 10
{'epoch': 80, 'rec_avg_loss': '0.6033', 'rec_cur_loss': '0.6259'}
{'Epoch': 80, 'HIT@5': '0.4371', 'NDCG@5': '0.2895', 'HIT@10': '0.6096', 'NDCG@10': '0.3454', 'HIT@20': '0.7541', 'NDCG@20': '0.3822', 'MRR@5': '0.2808', 'MRR@10': '0.2808', 'MRR@20': '0.2808'}
EarlyStopping counter: 2 out of 10
{'epoch': 81, 'rec_avg_loss': '0.6053', 'rec_cur_loss': '0.6032'}
{'Epoch': 81, 'HIT@5': '0.4419', 'NDCG@5': '0.2908', 'HIT@10': '0.6141', 'NDCG@10': '0.3466', 'HIT@20': '0.7598', 'NDCG@20': '0.3836', 'MRR@5': '0.2807', 'MRR@10': '0.2807', 'MRR@20': '0.2807'}
EarlyStopping counter: 3 out of 10
{'epoch': 82, 'rec_avg_loss': '0.6033', 'rec_cur_loss': '0.6197'}
{'Epoch': 82, 'HIT@5': '0.4406', 'NDCG@5': '0.2915', 'HIT@10': '0.6152', 'NDCG@10': '0.3482', 'HIT@20': '0.7603', 'NDCG@20': '0.3851', 'MRR@5': '0.2824', 'MRR@10': '0.2824', 'MRR@20': '0.2824'}
EarlyStopping counter: 4 out of 10
{'epoch': 83, 'rec_avg_loss': '0.6044', 'rec_cur_loss': '0.5867'}
{'Epoch': 83, 'HIT@5': '0.4430', 'NDCG@5': '0.2935', 'HIT@10': '0.6157', 'NDCG@10': '0.3496', 'HIT@20': '0.7621', 'NDCG@20': '0.3868', 'MRR@5': '0.2841', 'MRR@10': '0.2841', 'MRR@20': '0.2841'}
Validation score increased.  Saving model ...
{'epoch': 84, 'rec_avg_loss': '0.6032', 'rec_cur_loss': '0.5653'}
{'Epoch': 84, 'HIT@5': '0.4478', 'NDCG@5': '0.2958', 'HIT@10': '0.6189', 'NDCG@10': '0.3512', 'HIT@20': '0.7616', 'NDCG@20': '0.3874', 'MRR@5': '0.2849', 'MRR@10': '0.2849', 'MRR@20': '0.2849'}
Validation score increased.  Saving model ...
{'epoch': 85, 'rec_avg_loss': '0.6032', 'rec_cur_loss': '0.6131'}
{'Epoch': 85, 'HIT@5': '0.4487', 'NDCG@5': '0.2961', 'HIT@10': '0.6194', 'NDCG@10': '0.3514', 'HIT@20': '0.7621', 'NDCG@20': '0.3877', 'MRR@5': '0.2852', 'MRR@10': '0.2852', 'MRR@20': '0.2852'}
Validation score increased.  Saving model ...
{'epoch': 86, 'rec_avg_loss': '0.6026', 'rec_cur_loss': '0.6187'}
{'Epoch': 86, 'HIT@5': '0.4449', 'NDCG@5': '0.2947', 'HIT@10': '0.6180', 'NDCG@10': '0.3509', 'HIT@20': '0.7609', 'NDCG@20': '0.3872', 'MRR@5': '0.2849', 'MRR@10': '0.2849', 'MRR@20': '0.2849'}
EarlyStopping counter: 1 out of 10
{'epoch': 87, 'rec_avg_loss': '0.6005', 'rec_cur_loss': '0.6115'}
{'Epoch': 87, 'HIT@5': '0.4492', 'NDCG@5': '0.2964', 'HIT@10': '0.6172', 'NDCG@10': '0.3508', 'HIT@20': '0.7616', 'NDCG@20': '0.3875', 'MRR@5': '0.2850', 'MRR@10': '0.2850', 'MRR@20': '0.2850'}
EarlyStopping counter: 2 out of 10
{'epoch': 88, 'rec_avg_loss': '0.6027', 'rec_cur_loss': '0.5912'}
{'Epoch': 88, 'HIT@5': '0.4460', 'NDCG@5': '0.2960', 'HIT@10': '0.6190', 'NDCG@10': '0.3522', 'HIT@20': '0.7606', 'NDCG@20': '0.3883', 'MRR@5': '0.2863', 'MRR@10': '0.2863', 'MRR@20': '0.2863'}
Validation score increased.  Saving model ...
{'epoch': 89, 'rec_avg_loss': '0.5984', 'rec_cur_loss': '0.5966'}
{'Epoch': 89, 'HIT@5': '0.4414', 'NDCG@5': '0.2920', 'HIT@10': '0.6169', 'NDCG@10': '0.3489', 'HIT@20': '0.7593', 'NDCG@20': '0.3851', 'MRR@5': '0.2827', 'MRR@10': '0.2827', 'MRR@20': '0.2827'}
EarlyStopping counter: 1 out of 10
{'epoch': 90, 'rec_avg_loss': '0.6015', 'rec_cur_loss': '0.6076'}
{'Epoch': 90, 'HIT@5': '0.4416', 'NDCG@5': '0.2911', 'HIT@10': '0.6175', 'NDCG@10': '0.3481', 'HIT@20': '0.7588', 'NDCG@20': '0.3840', 'MRR@5': '0.2815', 'MRR@10': '0.2815', 'MRR@20': '0.2815'}
EarlyStopping counter: 2 out of 10
{'epoch': 91, 'rec_avg_loss': '0.6029', 'rec_cur_loss': '0.6068'}
{'Epoch': 91, 'HIT@5': '0.4394', 'NDCG@5': '0.2920', 'HIT@10': '0.6126', 'NDCG@10': '0.3483', 'HIT@20': '0.7570', 'NDCG@20': '0.3851', 'MRR@5': '0.2835', 'MRR@10': '0.2835', 'MRR@20': '0.2835'}
EarlyStopping counter: 3 out of 10
{'epoch': 92, 'rec_avg_loss': '0.6001', 'rec_cur_loss': '0.5943'}
{'Epoch': 92, 'HIT@5': '0.4429', 'NDCG@5': '0.2929', 'HIT@10': '0.6166', 'NDCG@10': '0.3494', 'HIT@20': '0.7593', 'NDCG@20': '0.3857', 'MRR@5': '0.2835', 'MRR@10': '0.2835', 'MRR@20': '0.2835'}
EarlyStopping counter: 4 out of 10
{'epoch': 93, 'rec_avg_loss': '0.6016', 'rec_cur_loss': '0.6056'}
{'Epoch': 93, 'HIT@5': '0.4492', 'NDCG@5': '0.2997', 'HIT@10': '0.6263', 'NDCG@10': '0.3572', 'HIT@20': '0.7606', 'NDCG@20': '0.3913', 'MRR@5': '0.2901', 'MRR@10': '0.2901', 'MRR@20': '0.2901'}
Validation score increased.  Saving model ...
{'epoch': 94, 'rec_avg_loss': '0.5992', 'rec_cur_loss': '0.6259'}
{'Epoch': 94, 'HIT@5': '0.4485', 'NDCG@5': '0.2992', 'HIT@10': '0.6253', 'NDCG@10': '0.3567', 'HIT@20': '0.7656', 'NDCG@20': '0.3924', 'MRR@5': '0.2900', 'MRR@10': '0.2900', 'MRR@20': '0.2900'}
EarlyStopping counter: 1 out of 10
{'epoch': 95, 'rec_avg_loss': '0.6039', 'rec_cur_loss': '0.6091'}
{'Epoch': 95, 'HIT@5': '0.4482', 'NDCG@5': '0.2978', 'HIT@10': '0.6217', 'NDCG@10': '0.3541', 'HIT@20': '0.7608', 'NDCG@20': '0.3894', 'MRR@5': '0.2877', 'MRR@10': '0.2877', 'MRR@20': '0.2877'}
EarlyStopping counter: 2 out of 10
{'epoch': 96, 'rec_avg_loss': '0.5975', 'rec_cur_loss': '0.5804'}
{'Epoch': 96, 'HIT@5': '0.4502', 'NDCG@5': '0.2970', 'HIT@10': '0.6214', 'NDCG@10': '0.3524', 'HIT@20': '0.7632', 'NDCG@20': '0.3884', 'MRR@5': '0.2856', 'MRR@10': '0.2856', 'MRR@20': '0.2856'}
EarlyStopping counter: 3 out of 10
{'epoch': 97, 'rec_avg_loss': '0.5965', 'rec_cur_loss': '0.6025'}
{'Epoch': 97, 'HIT@5': '0.4457', 'NDCG@5': '0.2954', 'HIT@10': '0.6194', 'NDCG@10': '0.3518', 'HIT@20': '0.7604', 'NDCG@20': '0.3877', 'MRR@5': '0.2855', 'MRR@10': '0.2855', 'MRR@20': '0.2855'}
EarlyStopping counter: 4 out of 10
{'epoch': 98, 'rec_avg_loss': '0.5961', 'rec_cur_loss': '0.6037'}
{'Epoch': 98, 'HIT@5': '0.4515', 'NDCG@5': '0.3008', 'HIT@10': '0.6220', 'NDCG@10': '0.3564', 'HIT@20': '0.7626', 'NDCG@20': '0.3921', 'MRR@5': '0.2904', 'MRR@10': '0.2904', 'MRR@20': '0.2904'}
Validation score increased.  Saving model ...
{'epoch': 99, 'rec_avg_loss': '0.5983', 'rec_cur_loss': '0.5872'}
{'Epoch': 99, 'HIT@5': '0.4457', 'NDCG@5': '0.2962', 'HIT@10': '0.6195', 'NDCG@10': '0.3528', 'HIT@20': '0.7613', 'NDCG@20': '0.3888', 'MRR@5': '0.2868', 'MRR@10': '0.2868', 'MRR@20': '0.2868'}
EarlyStopping counter: 1 out of 10
{'epoch': 100, 'rec_avg_loss': '0.5960', 'rec_cur_loss': '0.6022'}
{'Epoch': 100, 'HIT@5': '0.4485', 'NDCG@5': '0.2981', 'HIT@10': '0.6248', 'NDCG@10': '0.3554', 'HIT@20': '0.7647', 'NDCG@20': '0.3909', 'MRR@5': '0.2883', 'MRR@10': '0.2883', 'MRR@20': '0.2883'}
EarlyStopping counter: 2 out of 10
{'epoch': 101, 'rec_avg_loss': '0.5944', 'rec_cur_loss': '0.5897'}
{'Epoch': 101, 'HIT@5': '0.4526', 'NDCG@5': '0.2997', 'HIT@10': '0.6230', 'NDCG@10': '0.3549', 'HIT@20': '0.7618', 'NDCG@20': '0.3901', 'MRR@5': '0.2882', 'MRR@10': '0.2882', 'MRR@20': '0.2882'}
EarlyStopping counter: 3 out of 10
{'epoch': 102, 'rec_avg_loss': '0.5938', 'rec_cur_loss': '0.5621'}
{'Epoch': 102, 'HIT@5': '0.4459', 'NDCG@5': '0.2962', 'HIT@10': '0.6171', 'NDCG@10': '0.3517', 'HIT@20': '0.7591', 'NDCG@20': '0.3878', 'MRR@5': '0.2863', 'MRR@10': '0.2863', 'MRR@20': '0.2863'}
EarlyStopping counter: 4 out of 10
{'epoch': 103, 'rec_avg_loss': '0.5930', 'rec_cur_loss': '0.5868'}
{'Epoch': 103, 'HIT@5': '0.4512', 'NDCG@5': '0.2988', 'HIT@10': '0.6232', 'NDCG@10': '0.3545', 'HIT@20': '0.7632', 'NDCG@20': '0.3900', 'MRR@5': '0.2877', 'MRR@10': '0.2877', 'MRR@20': '0.2877'}
EarlyStopping counter: 5 out of 10
{'epoch': 104, 'rec_avg_loss': '0.5940', 'rec_cur_loss': '0.6031'}
{'Epoch': 104, 'HIT@5': '0.4518', 'NDCG@5': '0.2988', 'HIT@10': '0.6215', 'NDCG@10': '0.3537', 'HIT@20': '0.7603', 'NDCG@20': '0.3890', 'MRR@5': '0.2873', 'MRR@10': '0.2873', 'MRR@20': '0.2873'}
EarlyStopping counter: 6 out of 10
{'epoch': 105, 'rec_avg_loss': '0.5940', 'rec_cur_loss': '0.6016'}
{'Epoch': 105, 'HIT@5': '0.4505', 'NDCG@5': '0.2994', 'HIT@10': '0.6265', 'NDCG@10': '0.3565', 'HIT@20': '0.7634', 'NDCG@20': '0.3913', 'MRR@5': '0.2892', 'MRR@10': '0.2892', 'MRR@20': '0.2892'}
EarlyStopping counter: 7 out of 10
{'epoch': 106, 'rec_avg_loss': '0.5942', 'rec_cur_loss': '0.5818'}
{'Epoch': 106, 'HIT@5': '0.4573', 'NDCG@5': '0.3036', 'HIT@10': '0.6306', 'NDCG@10': '0.3599', 'HIT@20': '0.7654', 'NDCG@20': '0.3941', 'MRR@5': '0.2921', 'MRR@10': '0.2921', 'MRR@20': '0.2921'}
Validation score increased.  Saving model ...
{'epoch': 107, 'rec_avg_loss': '0.5905', 'rec_cur_loss': '0.5965'}
{'Epoch': 107, 'HIT@5': '0.4498', 'NDCG@5': '0.2999', 'HIT@10': '0.6240', 'NDCG@10': '0.3563', 'HIT@20': '0.7588', 'NDCG@20': '0.3905', 'MRR@5': '0.2896', 'MRR@10': '0.2896', 'MRR@20': '0.2896'}
EarlyStopping counter: 1 out of 10
{'epoch': 108, 'rec_avg_loss': '0.5920', 'rec_cur_loss': '0.5982'}
{'Epoch': 108, 'HIT@5': '0.4530', 'NDCG@5': '0.3025', 'HIT@10': '0.6257', 'NDCG@10': '0.3585', 'HIT@20': '0.7624', 'NDCG@20': '0.3933', 'MRR@5': '0.2920', 'MRR@10': '0.2920', 'MRR@20': '0.2920'}
EarlyStopping counter: 2 out of 10
{'epoch': 109, 'rec_avg_loss': '0.5918', 'rec_cur_loss': '0.5701'}
{'Epoch': 109, 'HIT@5': '0.4535', 'NDCG@5': '0.3012', 'HIT@10': '0.6258', 'NDCG@10': '0.3571', 'HIT@20': '0.7623', 'NDCG@20': '0.3918', 'MRR@5': '0.2900', 'MRR@10': '0.2900', 'MRR@20': '0.2900'}
EarlyStopping counter: 3 out of 10
{'epoch': 110, 'rec_avg_loss': '0.5914', 'rec_cur_loss': '0.5599'}
{'Epoch': 110, 'HIT@5': '0.4548', 'NDCG@5': '0.3029', 'HIT@10': '0.6283', 'NDCG@10': '0.3594', 'HIT@20': '0.7654', 'NDCG@20': '0.3942', 'MRR@5': '0.2922', 'MRR@10': '0.2922', 'MRR@20': '0.2922'}
Validation score increased.  Saving model ...
{'epoch': 111, 'rec_avg_loss': '0.5930', 'rec_cur_loss': '0.6047'}
{'Epoch': 111, 'HIT@5': '0.4487', 'NDCG@5': '0.2987', 'HIT@10': '0.6227', 'NDCG@10': '0.3554', 'HIT@20': '0.7639', 'NDCG@20': '0.3914', 'MRR@5': '0.2891', 'MRR@10': '0.2891', 'MRR@20': '0.2891'}
EarlyStopping counter: 1 out of 10
{'epoch': 112, 'rec_avg_loss': '0.5899', 'rec_cur_loss': '0.5744'}
{'Epoch': 112, 'HIT@5': '0.4555', 'NDCG@5': '0.3029', 'HIT@10': '0.6275', 'NDCG@10': '0.3590', 'HIT@20': '0.7671', 'NDCG@20': '0.3945', 'MRR@5': '0.2921', 'MRR@10': '0.2921', 'MRR@20': '0.2921'}
EarlyStopping counter: 2 out of 10
{'epoch': 113, 'rec_avg_loss': '0.5904', 'rec_cur_loss': '0.5709'}
{'Epoch': 113, 'HIT@5': '0.4570', 'NDCG@5': '0.3034', 'HIT@10': '0.6273', 'NDCG@10': '0.3588', 'HIT@20': '0.7641', 'NDCG@20': '0.3936', 'MRR@5': '0.2917', 'MRR@10': '0.2917', 'MRR@20': '0.2917'}
EarlyStopping counter: 3 out of 10
{'epoch': 114, 'rec_avg_loss': '0.5889', 'rec_cur_loss': '0.6084'}
{'Epoch': 114, 'HIT@5': '0.4541', 'NDCG@5': '0.3030', 'HIT@10': '0.6257', 'NDCG@10': '0.3588', 'HIT@20': '0.7661', 'NDCG@20': '0.3945', 'MRR@5': '0.2925', 'MRR@10': '0.2925', 'MRR@20': '0.2925'}
Validation score increased.  Saving model ...
{'epoch': 115, 'rec_avg_loss': '0.5917', 'rec_cur_loss': '0.6121'}
{'Epoch': 115, 'HIT@5': '0.4548', 'NDCG@5': '0.3041', 'HIT@10': '0.6242', 'NDCG@10': '0.3591', 'HIT@20': '0.7651', 'NDCG@20': '0.3949', 'MRR@5': '0.2933', 'MRR@10': '0.2933', 'MRR@20': '0.2933'}
Validation score increased.  Saving model ...
{'epoch': 116, 'rec_avg_loss': '0.5866', 'rec_cur_loss': '0.5722'}
{'Epoch': 116, 'HIT@5': '0.4575', 'NDCG@5': '0.3068', 'HIT@10': '0.6280', 'NDCG@10': '0.3622', 'HIT@20': '0.7677', 'NDCG@20': '0.3976', 'MRR@5': '0.2960', 'MRR@10': '0.2960', 'MRR@20': '0.2960'}
Validation score increased.  Saving model ...
{'epoch': 117, 'rec_avg_loss': '0.5909', 'rec_cur_loss': '0.5732'}
{'Epoch': 117, 'HIT@5': '0.4614', 'NDCG@5': '0.3077', 'HIT@10': '0.6295', 'NDCG@10': '0.3624', 'HIT@20': '0.7677', 'NDCG@20': '0.3975', 'MRR@5': '0.2957', 'MRR@10': '0.2957', 'MRR@20': '0.2957'}
EarlyStopping counter: 1 out of 10
{'epoch': 118, 'rec_avg_loss': '0.5879', 'rec_cur_loss': '0.6106'}
{'Epoch': 118, 'HIT@5': '0.4565', 'NDCG@5': '0.3061', 'HIT@10': '0.6286', 'NDCG@10': '0.3622', 'HIT@20': '0.7669', 'NDCG@20': '0.3974', 'MRR@5': '0.2958', 'MRR@10': '0.2958', 'MRR@20': '0.2958'}
EarlyStopping counter: 2 out of 10
{'epoch': 119, 'rec_avg_loss': '0.5869', 'rec_cur_loss': '0.6161'}
{'Epoch': 119, 'HIT@5': '0.4571', 'NDCG@5': '0.3065', 'HIT@10': '0.6272', 'NDCG@10': '0.3619', 'HIT@20': '0.7690', 'NDCG@20': '0.3979', 'MRR@5': '0.2959', 'MRR@10': '0.2959', 'MRR@20': '0.2959'}
EarlyStopping counter: 3 out of 10
{'epoch': 120, 'rec_avg_loss': '0.5877', 'rec_cur_loss': '0.5931'}
{'Epoch': 120, 'HIT@5': '0.4560', 'NDCG@5': '0.3042', 'HIT@10': '0.6278', 'NDCG@10': '0.3600', 'HIT@20': '0.7675', 'NDCG@20': '0.3955', 'MRR@5': '0.2933', 'MRR@10': '0.2933', 'MRR@20': '0.2933'}
EarlyStopping counter: 4 out of 10
{'epoch': 121, 'rec_avg_loss': '0.5888', 'rec_cur_loss': '0.6004'}
{'Epoch': 121, 'HIT@5': '0.4589', 'NDCG@5': '0.3064', 'HIT@10': '0.6270', 'NDCG@10': '0.3610', 'HIT@20': '0.7669', 'NDCG@20': '0.3966', 'MRR@5': '0.2950', 'MRR@10': '0.2950', 'MRR@20': '0.2950'}
EarlyStopping counter: 5 out of 10
{'epoch': 122, 'rec_avg_loss': '0.5861', 'rec_cur_loss': '0.5731'}
{'Epoch': 122, 'HIT@5': '0.4619', 'NDCG@5': '0.3095', 'HIT@10': '0.6303', 'NDCG@10': '0.3642', 'HIT@20': '0.7690', 'NDCG@20': '0.3994', 'MRR@5': '0.2977', 'MRR@10': '0.2977', 'MRR@20': '0.2977'}
Validation score increased.  Saving model ...
{'epoch': 123, 'rec_avg_loss': '0.5865', 'rec_cur_loss': '0.6118'}
{'Epoch': 123, 'HIT@5': '0.4581', 'NDCG@5': '0.3061', 'HIT@10': '0.6268', 'NDCG@10': '0.3608', 'HIT@20': '0.7675', 'NDCG@20': '0.3965', 'MRR@5': '0.2946', 'MRR@10': '0.2946', 'MRR@20': '0.2946'}
EarlyStopping counter: 1 out of 10
{'epoch': 124, 'rec_avg_loss': '0.5864', 'rec_cur_loss': '0.6154'}
{'Epoch': 124, 'HIT@5': '0.4588', 'NDCG@5': '0.3068', 'HIT@10': '0.6286', 'NDCG@10': '0.3621', 'HIT@20': '0.7695', 'NDCG@20': '0.3977', 'MRR@5': '0.2955', 'MRR@10': '0.2955', 'MRR@20': '0.2955'}
EarlyStopping counter: 2 out of 10
{'epoch': 125, 'rec_avg_loss': '0.5871', 'rec_cur_loss': '0.6054'}
{'Epoch': 125, 'HIT@5': '0.4623', 'NDCG@5': '0.3101', 'HIT@10': '0.6333', 'NDCG@10': '0.3658', 'HIT@20': '0.7677', 'NDCG@20': '0.3999', 'MRR@5': '0.2987', 'MRR@10': '0.2987', 'MRR@20': '0.2987'}
Validation score increased.  Saving model ...
{'epoch': 126, 'rec_avg_loss': '0.5834', 'rec_cur_loss': '0.5824'}
{'Epoch': 126, 'HIT@5': '0.4631', 'NDCG@5': '0.3088', 'HIT@10': '0.6295', 'NDCG@10': '0.3629', 'HIT@20': '0.7677', 'NDCG@20': '0.3981', 'MRR@5': '0.2964', 'MRR@10': '0.2964', 'MRR@20': '0.2964'}
EarlyStopping counter: 1 out of 10
{'epoch': 127, 'rec_avg_loss': '0.5841', 'rec_cur_loss': '0.5594'}
{'Epoch': 127, 'HIT@5': '0.4575', 'NDCG@5': '0.3057', 'HIT@10': '0.6318', 'NDCG@10': '0.3624', 'HIT@20': '0.7694', 'NDCG@20': '0.3974', 'MRR@5': '0.2951', 'MRR@10': '0.2951', 'MRR@20': '0.2951'}
EarlyStopping counter: 2 out of 10
{'epoch': 128, 'rec_avg_loss': '0.5857', 'rec_cur_loss': '0.5583'}
{'Epoch': 128, 'HIT@5': '0.4618', 'NDCG@5': '0.3080', 'HIT@10': '0.6315', 'NDCG@10': '0.3631', 'HIT@20': '0.7672', 'NDCG@20': '0.3976', 'MRR@5': '0.2959', 'MRR@10': '0.2959', 'MRR@20': '0.2959'}
EarlyStopping counter: 3 out of 10
{'epoch': 129, 'rec_avg_loss': '0.5840', 'rec_cur_loss': '0.5844'}
{'Epoch': 129, 'HIT@5': '0.4697', 'NDCG@5': '0.3146', 'HIT@10': '0.6356', 'NDCG@10': '0.3686', 'HIT@20': '0.7717', 'NDCG@20': '0.4031', 'MRR@5': '0.3015', 'MRR@10': '0.3015', 'MRR@20': '0.3015'}
Validation score increased.  Saving model ...
{'epoch': 130, 'rec_avg_loss': '0.5828', 'rec_cur_loss': '0.5849'}
{'Epoch': 130, 'HIT@5': '0.4624', 'NDCG@5': '0.3087', 'HIT@10': '0.6329', 'NDCG@10': '0.3642', 'HIT@20': '0.7690', 'NDCG@20': '0.3988', 'MRR@5': '0.2969', 'MRR@10': '0.2969', 'MRR@20': '0.2969'}
EarlyStopping counter: 1 out of 10
{'epoch': 131, 'rec_avg_loss': '0.5833', 'rec_cur_loss': '0.5619'}
{'Epoch': 131, 'HIT@5': '0.4667', 'NDCG@5': '0.3113', 'HIT@10': '0.6316', 'NDCG@10': '0.3649', 'HIT@20': '0.7669', 'NDCG@20': '0.3993', 'MRR@5': '0.2981', 'MRR@10': '0.2981', 'MRR@20': '0.2981'}
EarlyStopping counter: 2 out of 10
{'epoch': 132, 'rec_avg_loss': '0.5835', 'rec_cur_loss': '0.6057'}
{'Epoch': 132, 'HIT@5': '0.4649', 'NDCG@5': '0.3111', 'HIT@10': '0.6333', 'NDCG@10': '0.3658', 'HIT@20': '0.7690', 'NDCG@20': '0.4003', 'MRR@5': '0.2988', 'MRR@10': '0.2988', 'MRR@20': '0.2988'}
EarlyStopping counter: 3 out of 10
{'epoch': 133, 'rec_avg_loss': '0.5814', 'rec_cur_loss': '0.5705'}
{'Epoch': 133, 'HIT@5': '0.4684', 'NDCG@5': '0.3135', 'HIT@10': '0.6368', 'NDCG@10': '0.3680', 'HIT@20': '0.7712', 'NDCG@20': '0.4021', 'MRR@5': '0.3005', 'MRR@10': '0.3005', 'MRR@20': '0.3005'}
EarlyStopping counter: 4 out of 10
{'epoch': 134, 'rec_avg_loss': '0.5832', 'rec_cur_loss': '0.5796'}
{'Epoch': 134, 'HIT@5': '0.4583', 'NDCG@5': '0.3056', 'HIT@10': '0.6316', 'NDCG@10': '0.3619', 'HIT@20': '0.7672', 'NDCG@20': '0.3963', 'MRR@5': '0.2943', 'MRR@10': '0.2943', 'MRR@20': '0.2943'}
EarlyStopping counter: 5 out of 10
{'epoch': 135, 'rec_avg_loss': '0.5821', 'rec_cur_loss': '0.5702'}
{'Epoch': 135, 'HIT@5': '0.4705', 'NDCG@5': '0.3137', 'HIT@10': '0.6328', 'NDCG@10': '0.3664', 'HIT@20': '0.7715', 'NDCG@20': '0.4016', 'MRR@5': '0.2997', 'MRR@10': '0.2997', 'MRR@20': '0.2997'}
EarlyStopping counter: 6 out of 10
{'epoch': 136, 'rec_avg_loss': '0.5813', 'rec_cur_loss': '0.5948'}
{'Epoch': 136, 'HIT@5': '0.4603', 'NDCG@5': '0.3073', 'HIT@10': '0.6301', 'NDCG@10': '0.3624', 'HIT@20': '0.7667', 'NDCG@20': '0.3972', 'MRR@5': '0.2955', 'MRR@10': '0.2955', 'MRR@20': '0.2955'}
EarlyStopping counter: 7 out of 10
{'epoch': 137, 'rec_avg_loss': '0.5816', 'rec_cur_loss': '0.5840'}
{'Epoch': 137, 'HIT@5': '0.4641', 'NDCG@5': '0.3101', 'HIT@10': '0.6363', 'NDCG@10': '0.3659', 'HIT@20': '0.7671', 'NDCG@20': '0.3991', 'MRR@5': '0.2978', 'MRR@10': '0.2978', 'MRR@20': '0.2978'}
EarlyStopping counter: 8 out of 10
{'epoch': 138, 'rec_avg_loss': '0.5801', 'rec_cur_loss': '0.5637'}
{'Epoch': 138, 'HIT@5': '0.4707', 'NDCG@5': '0.3134', 'HIT@10': '0.6368', 'NDCG@10': '0.3674', 'HIT@20': '0.7700', 'NDCG@20': '0.4012', 'MRR@5': '0.2995', 'MRR@10': '0.2995', 'MRR@20': '0.2995'}
EarlyStopping counter: 9 out of 10
{'epoch': 139, 'rec_avg_loss': '0.5805', 'rec_cur_loss': '0.5960'}
{'Epoch': 139, 'HIT@5': '0.4644', 'NDCG@5': '0.3101', 'HIT@10': '0.6310', 'NDCG@10': '0.3643', 'HIT@20': '0.7682', 'NDCG@20': '0.3992', 'MRR@5': '0.2976', 'MRR@10': '0.2976', 'MRR@20': '0.2976'}
EarlyStopping counter: 10 out of 10
Early stopping
---------------Sample 99 results-------------------
{'Epoch': 0, 'HIT@5': '0.4416', 'NDCG@5': '0.2937', 'HIT@10': '0.6055', 'NDCG@10': '0.3468', 'HIT@20': '0.7412', 'NDCG@20': '0.3814', 'MRR@5': '0.2834', 'MRR@10': '0.2834', 'MRR@20': '0.2834'}
Finetune_sample-ml-1m-130
{'Epoch': 0, 'HIT@5': '0.4416', 'NDCG@5': '0.2937', 'HIT@10': '0.6055', 'NDCG@10': '0.3468', 'HIT@20': '0.7412', 'NDCG@20': '0.3814', 'MRR@5': '0.2834', 'MRR@10': '0.2834', 'MRR@20': '0.2834'}
