Namespace(adam_beta1=0.9, adam_beta2=0.999, attention_probs_dropout_prob=0.5, batch_size=256, ckp=50, cuda_condition=True, data_dir='./data/', data_file='./data/ml-1m.txt', data_name='ml-1m', do_eval=False, epochs=200, gpu_id='0', hidden_act='gelu', hidden_dropout_prob=0.5, hidden_size=64, initializer_range=0.02, item_size=3418, log_file='output/Finetune_sample-ml-1m-50.txt', log_freq=1, lr=0.001, mask_id=3417, max_seq_length=50, model_name='Finetune_sample', no_cuda=False, num_attention_heads=2, num_hidden_layers=2, output_dir='output/', sample_file='./data/ml-1m_sample.txt', seed=42, weight_decay=0.0)
Total Parameters: 338688
Load Checkpoint From output/ml-1m-epochs-50.pt!
{'epoch': 0, 'rec_avg_loss': '1.6877', 'rec_cur_loss': '1.1596'}
{'Epoch': 0, 'HIT@5': '0.1129', 'NDCG@5': '0.0678', 'HIT@10': '0.2123', 'NDCG@10': '0.0995', 'HIT@20': '0.3781', 'NDCG@20': '0.1410', 'MRR@5': '0.0923', 'MRR@10': '0.0923', 'MRR@20': '0.0923'}
Validation score increased.  Saving model ...
{'epoch': 1, 'rec_avg_loss': '1.0530', 'rec_cur_loss': '0.9487'}
{'Epoch': 1, 'HIT@5': '0.1596', 'NDCG@5': '0.0976', 'HIT@10': '0.2912', 'NDCG@10': '0.1397', 'HIT@20': '0.4919', 'NDCG@20': '0.1901', 'MRR@5': '0.1212', 'MRR@10': '0.1212', 'MRR@20': '0.1212'}
Validation score increased.  Saving model ...
{'epoch': 2, 'rec_avg_loss': '0.9287', 'rec_cur_loss': '0.9378'}
{'Epoch': 2, 'HIT@5': '0.1831', 'NDCG@5': '0.1102', 'HIT@10': '0.3341', 'NDCG@10': '0.1587', 'HIT@20': '0.5414', 'NDCG@20': '0.2108', 'MRR@5': '0.1324', 'MRR@10': '0.1324', 'MRR@20': '0.1324'}
Validation score increased.  Saving model ...
{'epoch': 3, 'rec_avg_loss': '0.8703', 'rec_cur_loss': '0.8525'}
{'Epoch': 3, 'HIT@5': '0.2084', 'NDCG@5': '0.1250', 'HIT@10': '0.3623', 'NDCG@10': '0.1744', 'HIT@20': '0.5820', 'NDCG@20': '0.2298', 'MRR@5': '0.1442', 'MRR@10': '0.1442', 'MRR@20': '0.1442'}
Validation score increased.  Saving model ...
{'epoch': 4, 'rec_avg_loss': '0.8344', 'rec_cur_loss': '0.7985'}
{'Epoch': 4, 'HIT@5': '0.2278', 'NDCG@5': '0.1373', 'HIT@10': '0.3864', 'NDCG@10': '0.1882', 'HIT@20': '0.6078', 'NDCG@20': '0.2442', 'MRR@5': '0.1544', 'MRR@10': '0.1544', 'MRR@20': '0.1544'}
Validation score increased.  Saving model ...
{'epoch': 5, 'rec_avg_loss': '0.8063', 'rec_cur_loss': '0.8005'}
{'Epoch': 5, 'HIT@5': '0.2475', 'NDCG@5': '0.1503', 'HIT@10': '0.4184', 'NDCG@10': '0.2053', 'HIT@20': '0.6310', 'NDCG@20': '0.2590', 'MRR@5': '0.1657', 'MRR@10': '0.1657', 'MRR@20': '0.1657'}
Validation score increased.  Saving model ...
{'epoch': 6, 'rec_avg_loss': '0.7890', 'rec_cur_loss': '0.8062'}
{'Epoch': 6, 'HIT@5': '0.2672', 'NDCG@5': '0.1631', 'HIT@10': '0.4417', 'NDCG@10': '0.2190', 'HIT@20': '0.6474', 'NDCG@20': '0.2710', 'MRR@5': '0.1756', 'MRR@10': '0.1756', 'MRR@20': '0.1756'}
Validation score increased.  Saving model ...
{'epoch': 7, 'rec_avg_loss': '0.7739', 'rec_cur_loss': '0.7538'}
{'Epoch': 7, 'HIT@5': '0.2765', 'NDCG@5': '0.1700', 'HIT@10': '0.4517', 'NDCG@10': '0.2263', 'HIT@20': '0.6558', 'NDCG@20': '0.2780', 'MRR@5': '0.1817', 'MRR@10': '0.1817', 'MRR@20': '0.1817'}
Validation score increased.  Saving model ...
{'epoch': 8, 'rec_avg_loss': '0.7626', 'rec_cur_loss': '0.7598'}
{'Epoch': 8, 'HIT@5': '0.2798', 'NDCG@5': '0.1717', 'HIT@10': '0.4601', 'NDCG@10': '0.2296', 'HIT@20': '0.6601', 'NDCG@20': '0.2800', 'MRR@5': '0.1829', 'MRR@10': '0.1829', 'MRR@20': '0.1829'}
Validation score increased.  Saving model ...
{'epoch': 9, 'rec_avg_loss': '0.7515', 'rec_cur_loss': '0.7526'}
{'Epoch': 9, 'HIT@5': '0.2937', 'NDCG@5': '0.1812', 'HIT@10': '0.4743', 'NDCG@10': '0.2391', 'HIT@20': '0.6715', 'NDCG@20': '0.2889', 'MRR@5': '0.1905', 'MRR@10': '0.1905', 'MRR@20': '0.1905'}
Validation score increased.  Saving model ...
{'epoch': 10, 'rec_avg_loss': '0.7433', 'rec_cur_loss': '0.7273'}
{'Epoch': 10, 'HIT@5': '0.2972', 'NDCG@5': '0.1844', 'HIT@10': '0.4796', 'NDCG@10': '0.2432', 'HIT@20': '0.6740', 'NDCG@20': '0.2924', 'MRR@5': '0.1940', 'MRR@10': '0.1940', 'MRR@20': '0.1940'}
Validation score increased.  Saving model ...
{'epoch': 11, 'rec_avg_loss': '0.7364', 'rec_cur_loss': '0.7190'}
{'Epoch': 11, 'HIT@5': '0.3022', 'NDCG@5': '0.1881', 'HIT@10': '0.4833', 'NDCG@10': '0.2466', 'HIT@20': '0.6796', 'NDCG@20': '0.2963', 'MRR@5': '0.1972', 'MRR@10': '0.1972', 'MRR@20': '0.1972'}
Validation score increased.  Saving model ...
{'epoch': 12, 'rec_avg_loss': '0.7301', 'rec_cur_loss': '0.7288'}
{'Epoch': 12, 'HIT@5': '0.3063', 'NDCG@5': '0.1905', 'HIT@10': '0.4844', 'NDCG@10': '0.2478', 'HIT@20': '0.6820', 'NDCG@20': '0.2979', 'MRR@5': '0.1985', 'MRR@10': '0.1985', 'MRR@20': '0.1985'}
Validation score increased.  Saving model ...
{'epoch': 13, 'rec_avg_loss': '0.7254', 'rec_cur_loss': '0.7344'}
{'Epoch': 13, 'HIT@5': '0.3106', 'NDCG@5': '0.1941', 'HIT@10': '0.4975', 'NDCG@10': '0.2542', 'HIT@20': '0.6866', 'NDCG@20': '0.3020', 'MRR@5': '0.2022', 'MRR@10': '0.2022', 'MRR@20': '0.2022'}
Validation score increased.  Saving model ...
{'epoch': 14, 'rec_avg_loss': '0.7188', 'rec_cur_loss': '0.7114'}
{'Epoch': 14, 'HIT@5': '0.3199', 'NDCG@5': '0.2005', 'HIT@10': '0.5022', 'NDCG@10': '0.2592', 'HIT@20': '0.6930', 'NDCG@20': '0.3076', 'MRR@5': '0.2072', 'MRR@10': '0.2072', 'MRR@20': '0.2072'}
Validation score increased.  Saving model ...
{'epoch': 15, 'rec_avg_loss': '0.7122', 'rec_cur_loss': '0.7160'}
{'Epoch': 15, 'HIT@5': '0.3232', 'NDCG@5': '0.2026', 'HIT@10': '0.5048', 'NDCG@10': '0.2610', 'HIT@20': '0.6955', 'NDCG@20': '0.3094', 'MRR@5': '0.2086', 'MRR@10': '0.2086', 'MRR@20': '0.2086'}
Validation score increased.  Saving model ...
{'epoch': 16, 'rec_avg_loss': '0.7097', 'rec_cur_loss': '0.7257'}
{'Epoch': 16, 'HIT@5': '0.3253', 'NDCG@5': '0.2036', 'HIT@10': '0.5127', 'NDCG@10': '0.2641', 'HIT@20': '0.6983', 'NDCG@20': '0.3112', 'MRR@5': '0.2098', 'MRR@10': '0.2098', 'MRR@20': '0.2098'}
Validation score increased.  Saving model ...
{'epoch': 17, 'rec_avg_loss': '0.7065', 'rec_cur_loss': '0.7261'}
{'Epoch': 17, 'HIT@5': '0.3258', 'NDCG@5': '0.2048', 'HIT@10': '0.5152', 'NDCG@10': '0.2659', 'HIT@20': '0.6977', 'NDCG@20': '0.3122', 'MRR@5': '0.2113', 'MRR@10': '0.2113', 'MRR@20': '0.2113'}
Validation score increased.  Saving model ...
{'epoch': 18, 'rec_avg_loss': '0.7026', 'rec_cur_loss': '0.6585'}
{'Epoch': 18, 'HIT@5': '0.3329', 'NDCG@5': '0.2082', 'HIT@10': '0.5179', 'NDCG@10': '0.2677', 'HIT@20': '0.6995', 'NDCG@20': '0.3139', 'MRR@5': '0.2128', 'MRR@10': '0.2128', 'MRR@20': '0.2128'}
Validation score increased.  Saving model ...
{'epoch': 19, 'rec_avg_loss': '0.6992', 'rec_cur_loss': '0.6904'}
{'Epoch': 19, 'HIT@5': '0.3358', 'NDCG@5': '0.2118', 'HIT@10': '0.5243', 'NDCG@10': '0.2725', 'HIT@20': '0.7036', 'NDCG@20': '0.3181', 'MRR@5': '0.2168', 'MRR@10': '0.2168', 'MRR@20': '0.2168'}
Validation score increased.  Saving model ...
{'epoch': 20, 'rec_avg_loss': '0.6976', 'rec_cur_loss': '0.6939'}
{'Epoch': 20, 'HIT@5': '0.3424', 'NDCG@5': '0.2136', 'HIT@10': '0.5247', 'NDCG@10': '0.2724', 'HIT@20': '0.7041', 'NDCG@20': '0.3181', 'MRR@5': '0.2164', 'MRR@10': '0.2164', 'MRR@20': '0.2164'}
EarlyStopping counter: 1 out of 10
{'epoch': 21, 'rec_avg_loss': '0.6938', 'rec_cur_loss': '0.6865'}
{'Epoch': 21, 'HIT@5': '0.3435', 'NDCG@5': '0.2151', 'HIT@10': '0.5278', 'NDCG@10': '0.2745', 'HIT@20': '0.7089', 'NDCG@20': '0.3204', 'MRR@5': '0.2179', 'MRR@10': '0.2179', 'MRR@20': '0.2179'}
Validation score increased.  Saving model ...
{'epoch': 22, 'rec_avg_loss': '0.6899', 'rec_cur_loss': '0.6893'}
{'Epoch': 22, 'HIT@5': '0.3459', 'NDCG@5': '0.2156', 'HIT@10': '0.5308', 'NDCG@10': '0.2752', 'HIT@20': '0.7103', 'NDCG@20': '0.3208', 'MRR@5': '0.2179', 'MRR@10': '0.2179', 'MRR@20': '0.2179'}
EarlyStopping counter: 1 out of 10
{'epoch': 23, 'rec_avg_loss': '0.6884', 'rec_cur_loss': '0.6745'}
{'Epoch': 23, 'HIT@5': '0.3548', 'NDCG@5': '0.2211', 'HIT@10': '0.5353', 'NDCG@10': '0.2792', 'HIT@20': '0.7134', 'NDCG@20': '0.3245', 'MRR@5': '0.2215', 'MRR@10': '0.2215', 'MRR@20': '0.2215'}
Validation score increased.  Saving model ...
{'epoch': 24, 'rec_avg_loss': '0.6859', 'rec_cur_loss': '0.7027'}
{'Epoch': 24, 'HIT@5': '0.3546', 'NDCG@5': '0.2231', 'HIT@10': '0.5363', 'NDCG@10': '0.2815', 'HIT@20': '0.7151', 'NDCG@20': '0.3270', 'MRR@5': '0.2243', 'MRR@10': '0.2243', 'MRR@20': '0.2243'}
Validation score increased.  Saving model ...
{'epoch': 25, 'rec_avg_loss': '0.6836', 'rec_cur_loss': '0.6955'}
{'Epoch': 25, 'HIT@5': '0.3575', 'NDCG@5': '0.2248', 'HIT@10': '0.5379', 'NDCG@10': '0.2831', 'HIT@20': '0.7195', 'NDCG@20': '0.3292', 'MRR@5': '0.2258', 'MRR@10': '0.2258', 'MRR@20': '0.2258'}
Validation score increased.  Saving model ...
{'epoch': 26, 'rec_avg_loss': '0.6795', 'rec_cur_loss': '0.6867'}
{'Epoch': 26, 'HIT@5': '0.3563', 'NDCG@5': '0.2234', 'HIT@10': '0.5361', 'NDCG@10': '0.2813', 'HIT@20': '0.7189', 'NDCG@20': '0.3278', 'MRR@5': '0.2242', 'MRR@10': '0.2242', 'MRR@20': '0.2242'}
EarlyStopping counter: 1 out of 10
{'epoch': 27, 'rec_avg_loss': '0.6785', 'rec_cur_loss': '0.6965'}
{'Epoch': 27, 'HIT@5': '0.3611', 'NDCG@5': '0.2277', 'HIT@10': '0.5412', 'NDCG@10': '0.2856', 'HIT@20': '0.7202', 'NDCG@20': '0.3311', 'MRR@5': '0.2279', 'MRR@10': '0.2279', 'MRR@20': '0.2279'}
Validation score increased.  Saving model ...
{'epoch': 28, 'rec_avg_loss': '0.6751', 'rec_cur_loss': '0.6608'}
{'Epoch': 28, 'HIT@5': '0.3644', 'NDCG@5': '0.2299', 'HIT@10': '0.5470', 'NDCG@10': '0.2889', 'HIT@20': '0.7235', 'NDCG@20': '0.3337', 'MRR@5': '0.2300', 'MRR@10': '0.2300', 'MRR@20': '0.2300'}
Validation score increased.  Saving model ...
{'epoch': 29, 'rec_avg_loss': '0.6713', 'rec_cur_loss': '0.6499'}
{'Epoch': 29, 'HIT@5': '0.3623', 'NDCG@5': '0.2291', 'HIT@10': '0.5450', 'NDCG@10': '0.2881', 'HIT@20': '0.7235', 'NDCG@20': '0.3334', 'MRR@5': '0.2297', 'MRR@10': '0.2297', 'MRR@20': '0.2297'}
EarlyStopping counter: 1 out of 10
{'epoch': 30, 'rec_avg_loss': '0.6714', 'rec_cur_loss': '0.6821'}
{'Epoch': 30, 'HIT@5': '0.3675', 'NDCG@5': '0.2333', 'HIT@10': '0.5464', 'NDCG@10': '0.2911', 'HIT@20': '0.7248', 'NDCG@20': '0.3364', 'MRR@5': '0.2331', 'MRR@10': '0.2331', 'MRR@20': '0.2331'}
Validation score increased.  Saving model ...
{'epoch': 31, 'rec_avg_loss': '0.6730', 'rec_cur_loss': '0.6757'}
{'Epoch': 31, 'HIT@5': '0.3652', 'NDCG@5': '0.2332', 'HIT@10': '0.5526', 'NDCG@10': '0.2938', 'HIT@20': '0.7267', 'NDCG@20': '0.3380', 'MRR@5': '0.2344', 'MRR@10': '0.2344', 'MRR@20': '0.2344'}
Validation score increased.  Saving model ...
{'epoch': 32, 'rec_avg_loss': '0.6701', 'rec_cur_loss': '0.6782'}
{'Epoch': 32, 'HIT@5': '0.3629', 'NDCG@5': '0.2294', 'HIT@10': '0.5498', 'NDCG@10': '0.2897', 'HIT@20': '0.7255', 'NDCG@20': '0.3341', 'MRR@5': '0.2300', 'MRR@10': '0.2300', 'MRR@20': '0.2300'}
EarlyStopping counter: 1 out of 10
{'epoch': 33, 'rec_avg_loss': '0.6689', 'rec_cur_loss': '0.6549'}
{'Epoch': 33, 'HIT@5': '0.3677', 'NDCG@5': '0.2326', 'HIT@10': '0.5488', 'NDCG@10': '0.2912', 'HIT@20': '0.7260', 'NDCG@20': '0.3362', 'MRR@5': '0.2323', 'MRR@10': '0.2323', 'MRR@20': '0.2323'}
EarlyStopping counter: 2 out of 10
{'epoch': 34, 'rec_avg_loss': '0.6671', 'rec_cur_loss': '0.6670'}
{'Epoch': 34, 'HIT@5': '0.3689', 'NDCG@5': '0.2360', 'HIT@10': '0.5553', 'NDCG@10': '0.2965', 'HIT@20': '0.7288', 'NDCG@20': '0.3404', 'MRR@5': '0.2369', 'MRR@10': '0.2369', 'MRR@20': '0.2369'}
Validation score increased.  Saving model ...
{'epoch': 35, 'rec_avg_loss': '0.6634', 'rec_cur_loss': '0.6648'}
{'Epoch': 35, 'HIT@5': '0.3740', 'NDCG@5': '0.2391', 'HIT@10': '0.5579', 'NDCG@10': '0.2987', 'HIT@20': '0.7315', 'NDCG@20': '0.3426', 'MRR@5': '0.2389', 'MRR@10': '0.2389', 'MRR@20': '0.2389'}
Validation score increased.  Saving model ...
{'epoch': 36, 'rec_avg_loss': '0.6637', 'rec_cur_loss': '0.6428'}
{'Epoch': 36, 'HIT@5': '0.3767', 'NDCG@5': '0.2399', 'HIT@10': '0.5629', 'NDCG@10': '0.2999', 'HIT@20': '0.7288', 'NDCG@20': '0.3420', 'MRR@5': '0.2386', 'MRR@10': '0.2386', 'MRR@20': '0.2386'}
EarlyStopping counter: 1 out of 10
{'epoch': 37, 'rec_avg_loss': '0.6621', 'rec_cur_loss': '0.6498'}
{'Epoch': 37, 'HIT@5': '0.3720', 'NDCG@5': '0.2378', 'HIT@10': '0.5584', 'NDCG@10': '0.2981', 'HIT@20': '0.7298', 'NDCG@20': '0.3416', 'MRR@5': '0.2380', 'MRR@10': '0.2380', 'MRR@20': '0.2380'}
EarlyStopping counter: 2 out of 10
{'epoch': 38, 'rec_avg_loss': '0.6582', 'rec_cur_loss': '0.6628'}
{'Epoch': 38, 'HIT@5': '0.3742', 'NDCG@5': '0.2395', 'HIT@10': '0.5573', 'NDCG@10': '0.2989', 'HIT@20': '0.7298', 'NDCG@20': '0.3427', 'MRR@5': '0.2394', 'MRR@10': '0.2394', 'MRR@20': '0.2394'}
Validation score increased.  Saving model ...
{'epoch': 39, 'rec_avg_loss': '0.6599', 'rec_cur_loss': '0.6564'}
{'Epoch': 39, 'HIT@5': '0.3715', 'NDCG@5': '0.2367', 'HIT@10': '0.5586', 'NDCG@10': '0.2972', 'HIT@20': '0.7281', 'NDCG@20': '0.3403', 'MRR@5': '0.2367', 'MRR@10': '0.2367', 'MRR@20': '0.2367'}
EarlyStopping counter: 1 out of 10
{'epoch': 40, 'rec_avg_loss': '0.6558', 'rec_cur_loss': '0.6384'}
{'Epoch': 40, 'HIT@5': '0.3770', 'NDCG@5': '0.2406', 'HIT@10': '0.5609', 'NDCG@10': '0.3002', 'HIT@20': '0.7329', 'NDCG@20': '0.3439', 'MRR@5': '0.2398', 'MRR@10': '0.2398', 'MRR@20': '0.2398'}
Validation score increased.  Saving model ...
{'epoch': 41, 'rec_avg_loss': '0.6559', 'rec_cur_loss': '0.6595'}
{'Epoch': 41, 'HIT@5': '0.3803', 'NDCG@5': '0.2434', 'HIT@10': '0.5623', 'NDCG@10': '0.3023', 'HIT@20': '0.7323', 'NDCG@20': '0.3455', 'MRR@5': '0.2420', 'MRR@10': '0.2420', 'MRR@20': '0.2420'}
Validation score increased.  Saving model ...
{'epoch': 42, 'rec_avg_loss': '0.6562', 'rec_cur_loss': '0.6718'}
{'Epoch': 42, 'HIT@5': '0.3800', 'NDCG@5': '0.2421', 'HIT@10': '0.5594', 'NDCG@10': '0.3001', 'HIT@20': '0.7318', 'NDCG@20': '0.3439', 'MRR@5': '0.2403', 'MRR@10': '0.2403', 'MRR@20': '0.2403'}
EarlyStopping counter: 1 out of 10
{'epoch': 43, 'rec_avg_loss': '0.6544', 'rec_cur_loss': '0.6618'}
{'Epoch': 43, 'HIT@5': '0.3801', 'NDCG@5': '0.2445', 'HIT@10': '0.5652', 'NDCG@10': '0.3044', 'HIT@20': '0.7338', 'NDCG@20': '0.3471', 'MRR@5': '0.2437', 'MRR@10': '0.2437', 'MRR@20': '0.2437'}
Validation score increased.  Saving model ...
{'epoch': 44, 'rec_avg_loss': '0.6544', 'rec_cur_loss': '0.6646'}
{'Epoch': 44, 'HIT@5': '0.3813', 'NDCG@5': '0.2455', 'HIT@10': '0.5644', 'NDCG@10': '0.3048', 'HIT@20': '0.7363', 'NDCG@20': '0.3484', 'MRR@5': '0.2445', 'MRR@10': '0.2445', 'MRR@20': '0.2445'}
Validation score increased.  Saving model ...
{'epoch': 45, 'rec_avg_loss': '0.6520', 'rec_cur_loss': '0.6282'}
{'Epoch': 45, 'HIT@5': '0.3813', 'NDCG@5': '0.2447', 'HIT@10': '0.5689', 'NDCG@10': '0.3054', 'HIT@20': '0.7366', 'NDCG@20': '0.3479', 'MRR@5': '0.2438', 'MRR@10': '0.2438', 'MRR@20': '0.2438'}
EarlyStopping counter: 1 out of 10
{'epoch': 46, 'rec_avg_loss': '0.6524', 'rec_cur_loss': '0.6631'}
{'Epoch': 46, 'HIT@5': '0.3820', 'NDCG@5': '0.2465', 'HIT@10': '0.5680', 'NDCG@10': '0.3068', 'HIT@20': '0.7373', 'NDCG@20': '0.3496', 'MRR@5': '0.2458', 'MRR@10': '0.2458', 'MRR@20': '0.2458'}
Validation score increased.  Saving model ...
{'epoch': 47, 'rec_avg_loss': '0.6505', 'rec_cur_loss': '0.6831'}
{'Epoch': 47, 'HIT@5': '0.3874', 'NDCG@5': '0.2489', 'HIT@10': '0.5699', 'NDCG@10': '0.3079', 'HIT@20': '0.7353', 'NDCG@20': '0.3499', 'MRR@5': '0.2466', 'MRR@10': '0.2466', 'MRR@20': '0.2466'}
Validation score increased.  Saving model ...
{'epoch': 48, 'rec_avg_loss': '0.6472', 'rec_cur_loss': '0.6519'}
{'Epoch': 48, 'HIT@5': '0.3848', 'NDCG@5': '0.2477', 'HIT@10': '0.5704', 'NDCG@10': '0.3079', 'HIT@20': '0.7379', 'NDCG@20': '0.3504', 'MRR@5': '0.2465', 'MRR@10': '0.2465', 'MRR@20': '0.2465'}
EarlyStopping counter: 1 out of 10
{'epoch': 49, 'rec_avg_loss': '0.6464', 'rec_cur_loss': '0.6229'}
{'Epoch': 49, 'HIT@5': '0.3899', 'NDCG@5': '0.2512', 'HIT@10': '0.5722', 'NDCG@10': '0.3104', 'HIT@20': '0.7379', 'NDCG@20': '0.3524', 'MRR@5': '0.2491', 'MRR@10': '0.2491', 'MRR@20': '0.2491'}
Validation score increased.  Saving model ...
{'epoch': 50, 'rec_avg_loss': '0.6466', 'rec_cur_loss': '0.6579'}
{'Epoch': 50, 'HIT@5': '0.3884', 'NDCG@5': '0.2507', 'HIT@10': '0.5747', 'NDCG@10': '0.3109', 'HIT@20': '0.7384', 'NDCG@20': '0.3524', 'MRR@5': '0.2488', 'MRR@10': '0.2488', 'MRR@20': '0.2488'}
EarlyStopping counter: 1 out of 10
{'epoch': 51, 'rec_avg_loss': '0.6445', 'rec_cur_loss': '0.6562'}
{'Epoch': 51, 'HIT@5': '0.3909', 'NDCG@5': '0.2532', 'HIT@10': '0.5725', 'NDCG@10': '0.3120', 'HIT@20': '0.7406', 'NDCG@20': '0.3546', 'MRR@5': '0.2510', 'MRR@10': '0.2510', 'MRR@20': '0.2510'}
Validation score increased.  Saving model ...
{'epoch': 52, 'rec_avg_loss': '0.6445', 'rec_cur_loss': '0.6445'}
{'Epoch': 52, 'HIT@5': '0.3879', 'NDCG@5': '0.2502', 'HIT@10': '0.5730', 'NDCG@10': '0.3101', 'HIT@20': '0.7371', 'NDCG@20': '0.3518', 'MRR@5': '0.2484', 'MRR@10': '0.2484', 'MRR@20': '0.2484'}
EarlyStopping counter: 1 out of 10
{'epoch': 53, 'rec_avg_loss': '0.6430', 'rec_cur_loss': '0.6567'}
{'Epoch': 53, 'HIT@5': '0.3902', 'NDCG@5': '0.2529', 'HIT@10': '0.5755', 'NDCG@10': '0.3129', 'HIT@20': '0.7396', 'NDCG@20': '0.3546', 'MRR@5': '0.2511', 'MRR@10': '0.2511', 'MRR@20': '0.2511'}
Validation score increased.  Saving model ...
{'epoch': 54, 'rec_avg_loss': '0.6410', 'rec_cur_loss': '0.6245'}
{'Epoch': 54, 'HIT@5': '0.3907', 'NDCG@5': '0.2518', 'HIT@10': '0.5747', 'NDCG@10': '0.3112', 'HIT@20': '0.7376', 'NDCG@20': '0.3525', 'MRR@5': '0.2491', 'MRR@10': '0.2491', 'MRR@20': '0.2491'}
EarlyStopping counter: 1 out of 10
{'epoch': 55, 'rec_avg_loss': '0.6438', 'rec_cur_loss': '0.6499'}
{'Epoch': 55, 'HIT@5': '0.3944', 'NDCG@5': '0.2553', 'HIT@10': '0.5791', 'NDCG@10': '0.3150', 'HIT@20': '0.7429', 'NDCG@20': '0.3565', 'MRR@5': '0.2526', 'MRR@10': '0.2526', 'MRR@20': '0.2526'}
Validation score increased.  Saving model ...
{'epoch': 56, 'rec_avg_loss': '0.6407', 'rec_cur_loss': '0.6659'}
{'Epoch': 56, 'HIT@5': '0.3962', 'NDCG@5': '0.2571', 'HIT@10': '0.5770', 'NDCG@10': '0.3157', 'HIT@20': '0.7412', 'NDCG@20': '0.3575', 'MRR@5': '0.2543', 'MRR@10': '0.2543', 'MRR@20': '0.2543'}
Validation score increased.  Saving model ...
{'epoch': 57, 'rec_avg_loss': '0.6409', 'rec_cur_loss': '0.6326'}
{'Epoch': 57, 'HIT@5': '0.3925', 'NDCG@5': '0.2554', 'HIT@10': '0.5768', 'NDCG@10': '0.3151', 'HIT@20': '0.7399', 'NDCG@20': '0.3565', 'MRR@5': '0.2535', 'MRR@10': '0.2535', 'MRR@20': '0.2535'}
EarlyStopping counter: 1 out of 10
{'epoch': 58, 'rec_avg_loss': '0.6388', 'rec_cur_loss': '0.6242'}
{'Epoch': 58, 'HIT@5': '0.4002', 'NDCG@5': '0.2594', 'HIT@10': '0.5834', 'NDCG@10': '0.3186', 'HIT@20': '0.7429', 'NDCG@20': '0.3590', 'MRR@5': '0.2556', 'MRR@10': '0.2556', 'MRR@20': '0.2556'}
Validation score increased.  Saving model ...
{'epoch': 59, 'rec_avg_loss': '0.6381', 'rec_cur_loss': '0.6421'}
{'Epoch': 59, 'HIT@5': '0.3969', 'NDCG@5': '0.2554', 'HIT@10': '0.5755', 'NDCG@10': '0.3131', 'HIT@20': '0.7401', 'NDCG@20': '0.3548', 'MRR@5': '0.2512', 'MRR@10': '0.2512', 'MRR@20': '0.2512'}
EarlyStopping counter: 1 out of 10
{'epoch': 60, 'rec_avg_loss': '0.6370', 'rec_cur_loss': '0.6681'}
{'Epoch': 60, 'HIT@5': '0.3974', 'NDCG@5': '0.2572', 'HIT@10': '0.5828', 'NDCG@10': '0.3171', 'HIT@20': '0.7425', 'NDCG@20': '0.3577', 'MRR@5': '0.2540', 'MRR@10': '0.2540', 'MRR@20': '0.2540'}
EarlyStopping counter: 2 out of 10
{'epoch': 61, 'rec_avg_loss': '0.6357', 'rec_cur_loss': '0.6221'}
{'Epoch': 61, 'HIT@5': '0.4020', 'NDCG@5': '0.2587', 'HIT@10': '0.5826', 'NDCG@10': '0.3170', 'HIT@20': '0.7412', 'NDCG@20': '0.3572', 'MRR@5': '0.2537', 'MRR@10': '0.2537', 'MRR@20': '0.2537'}
EarlyStopping counter: 3 out of 10
{'epoch': 62, 'rec_avg_loss': '0.6360', 'rec_cur_loss': '0.6204'}
{'Epoch': 62, 'HIT@5': '0.3942', 'NDCG@5': '0.2562', 'HIT@10': '0.5788', 'NDCG@10': '0.3159', 'HIT@20': '0.7430', 'NDCG@20': '0.3575', 'MRR@5': '0.2539', 'MRR@10': '0.2539', 'MRR@20': '0.2539'}
EarlyStopping counter: 4 out of 10
{'epoch': 63, 'rec_avg_loss': '0.6339', 'rec_cur_loss': '0.6488'}
{'Epoch': 63, 'HIT@5': '0.4060', 'NDCG@5': '0.2635', 'HIT@10': '0.5851', 'NDCG@10': '0.3215', 'HIT@20': '0.7449', 'NDCG@20': '0.3620', 'MRR@5': '0.2589', 'MRR@10': '0.2589', 'MRR@20': '0.2589'}
Validation score increased.  Saving model ...
{'epoch': 64, 'rec_avg_loss': '0.6351', 'rec_cur_loss': '0.6361'}
{'Epoch': 64, 'HIT@5': '0.4018', 'NDCG@5': '0.2620', 'HIT@10': '0.5793', 'NDCG@10': '0.3194', 'HIT@20': '0.7421', 'NDCG@20': '0.3608', 'MRR@5': '0.2583', 'MRR@10': '0.2583', 'MRR@20': '0.2583'}
EarlyStopping counter: 1 out of 10
{'epoch': 65, 'rec_avg_loss': '0.6327', 'rec_cur_loss': '0.6544'}
{'Epoch': 65, 'HIT@5': '0.4025', 'NDCG@5': '0.2604', 'HIT@10': '0.5778', 'NDCG@10': '0.3170', 'HIT@20': '0.7404', 'NDCG@20': '0.3583', 'MRR@5': '0.2555', 'MRR@10': '0.2555', 'MRR@20': '0.2555'}
EarlyStopping counter: 2 out of 10
{'epoch': 66, 'rec_avg_loss': '0.6327', 'rec_cur_loss': '0.6488'}
{'Epoch': 66, 'HIT@5': '0.4033', 'NDCG@5': '0.2613', 'HIT@10': '0.5813', 'NDCG@10': '0.3188', 'HIT@20': '0.7434', 'NDCG@20': '0.3599', 'MRR@5': '0.2566', 'MRR@10': '0.2566', 'MRR@20': '0.2566'}
EarlyStopping counter: 3 out of 10
{'epoch': 67, 'rec_avg_loss': '0.6306', 'rec_cur_loss': '0.6310'}
{'Epoch': 67, 'HIT@5': '0.4050', 'NDCG@5': '0.2654', 'HIT@10': '0.5868', 'NDCG@10': '0.3243', 'HIT@20': '0.7434', 'NDCG@20': '0.3640', 'MRR@5': '0.2619', 'MRR@10': '0.2619', 'MRR@20': '0.2619'}
Validation score increased.  Saving model ...
{'epoch': 68, 'rec_avg_loss': '0.6288', 'rec_cur_loss': '0.6272'}
{'Epoch': 68, 'HIT@5': '0.4050', 'NDCG@5': '0.2636', 'HIT@10': '0.5854', 'NDCG@10': '0.3220', 'HIT@20': '0.7430', 'NDCG@20': '0.3621', 'MRR@5': '0.2594', 'MRR@10': '0.2594', 'MRR@20': '0.2594'}
EarlyStopping counter: 1 out of 10
{'epoch': 69, 'rec_avg_loss': '0.6307', 'rec_cur_loss': '0.6435'}
{'Epoch': 69, 'HIT@5': '0.4043', 'NDCG@5': '0.2636', 'HIT@10': '0.5863', 'NDCG@10': '0.3224', 'HIT@20': '0.7434', 'NDCG@20': '0.3623', 'MRR@5': '0.2597', 'MRR@10': '0.2597', 'MRR@20': '0.2597'}
EarlyStopping counter: 2 out of 10
{'epoch': 70, 'rec_avg_loss': '0.6295', 'rec_cur_loss': '0.5985'}
{'Epoch': 70, 'HIT@5': '0.4025', 'NDCG@5': '0.2611', 'HIT@10': '0.5849', 'NDCG@10': '0.3199', 'HIT@20': '0.7414', 'NDCG@20': '0.3595', 'MRR@5': '0.2568', 'MRR@10': '0.2568', 'MRR@20': '0.2568'}
EarlyStopping counter: 3 out of 10
{'epoch': 71, 'rec_avg_loss': '0.6266', 'rec_cur_loss': '0.6446'}
{'Epoch': 71, 'HIT@5': '0.4061', 'NDCG@5': '0.2636', 'HIT@10': '0.5866', 'NDCG@10': '0.3217', 'HIT@20': '0.7401', 'NDCG@20': '0.3607', 'MRR@5': '0.2585', 'MRR@10': '0.2585', 'MRR@20': '0.2585'}
EarlyStopping counter: 4 out of 10
{'epoch': 72, 'rec_avg_loss': '0.6294', 'rec_cur_loss': '0.6246'}
{'Epoch': 72, 'HIT@5': '0.4109', 'NDCG@5': '0.2675', 'HIT@10': '0.5916', 'NDCG@10': '0.3258', 'HIT@20': '0.7434', 'NDCG@20': '0.3643', 'MRR@5': '0.2621', 'MRR@10': '0.2621', 'MRR@20': '0.2621'}
Validation score increased.  Saving model ...
{'epoch': 73, 'rec_avg_loss': '0.6286', 'rec_cur_loss': '0.6167'}
{'Epoch': 73, 'HIT@5': '0.4104', 'NDCG@5': '0.2683', 'HIT@10': '0.5924', 'NDCG@10': '0.3271', 'HIT@20': '0.7460', 'NDCG@20': '0.3660', 'MRR@5': '0.2635', 'MRR@10': '0.2635', 'MRR@20': '0.2635'}
Validation score increased.  Saving model ...
{'epoch': 74, 'rec_avg_loss': '0.6285', 'rec_cur_loss': '0.6591'}
{'Epoch': 74, 'HIT@5': '0.4131', 'NDCG@5': '0.2691', 'HIT@10': '0.5954', 'NDCG@10': '0.3279', 'HIT@20': '0.7469', 'NDCG@20': '0.3663', 'MRR@5': '0.2634', 'MRR@10': '0.2634', 'MRR@20': '0.2634'}
EarlyStopping counter: 1 out of 10
{'epoch': 75, 'rec_avg_loss': '0.6253', 'rec_cur_loss': '0.6202'}
{'Epoch': 75, 'HIT@5': '0.4126', 'NDCG@5': '0.2687', 'HIT@10': '0.5886', 'NDCG@10': '0.3256', 'HIT@20': '0.7449', 'NDCG@20': '0.3653', 'MRR@5': '0.2629', 'MRR@10': '0.2629', 'MRR@20': '0.2629'}
EarlyStopping counter: 2 out of 10
{'epoch': 76, 'rec_avg_loss': '0.6232', 'rec_cur_loss': '0.6117'}
{'Epoch': 76, 'HIT@5': '0.4113', 'NDCG@5': '0.2671', 'HIT@10': '0.5902', 'NDCG@10': '0.3249', 'HIT@20': '0.7437', 'NDCG@20': '0.3639', 'MRR@5': '0.2614', 'MRR@10': '0.2614', 'MRR@20': '0.2614'}
EarlyStopping counter: 3 out of 10
{'epoch': 77, 'rec_avg_loss': '0.6216', 'rec_cur_loss': '0.6401'}
{'Epoch': 77, 'HIT@5': '0.4066', 'NDCG@5': '0.2651', 'HIT@10': '0.5912', 'NDCG@10': '0.3247', 'HIT@20': '0.7452', 'NDCG@20': '0.3638', 'MRR@5': '0.2609', 'MRR@10': '0.2609', 'MRR@20': '0.2609'}
EarlyStopping counter: 4 out of 10
{'epoch': 78, 'rec_avg_loss': '0.6219', 'rec_cur_loss': '0.6117'}
{'Epoch': 78, 'HIT@5': '0.4180', 'NDCG@5': '0.2706', 'HIT@10': '0.6000', 'NDCG@10': '0.3293', 'HIT@20': '0.7500', 'NDCG@20': '0.3674', 'MRR@5': '0.2638', 'MRR@10': '0.2638', 'MRR@20': '0.2638'}
Validation score increased.  Saving model ...
{'epoch': 79, 'rec_avg_loss': '0.6231', 'rec_cur_loss': '0.6460'}
{'Epoch': 79, 'HIT@5': '0.4106', 'NDCG@5': '0.2672', 'HIT@10': '0.5894', 'NDCG@10': '0.3251', 'HIT@20': '0.7469', 'NDCG@20': '0.3650', 'MRR@5': '0.2619', 'MRR@10': '0.2619', 'MRR@20': '0.2619'}
EarlyStopping counter: 1 out of 10
{'epoch': 80, 'rec_avg_loss': '0.6210', 'rec_cur_loss': '0.6449'}
{'Epoch': 80, 'HIT@5': '0.4127', 'NDCG@5': '0.2681', 'HIT@10': '0.5906', 'NDCG@10': '0.3257', 'HIT@20': '0.7459', 'NDCG@20': '0.3651', 'MRR@5': '0.2623', 'MRR@10': '0.2623', 'MRR@20': '0.2623'}
EarlyStopping counter: 2 out of 10
{'epoch': 81, 'rec_avg_loss': '0.6225', 'rec_cur_loss': '0.6344'}
{'Epoch': 81, 'HIT@5': '0.4132', 'NDCG@5': '0.2692', 'HIT@10': '0.5929', 'NDCG@10': '0.3273', 'HIT@20': '0.7482', 'NDCG@20': '0.3668', 'MRR@5': '0.2637', 'MRR@10': '0.2637', 'MRR@20': '0.2637'}
EarlyStopping counter: 3 out of 10
{'epoch': 82, 'rec_avg_loss': '0.6197', 'rec_cur_loss': '0.6280'}
{'Epoch': 82, 'HIT@5': '0.4197', 'NDCG@5': '0.2753', 'HIT@10': '0.5983', 'NDCG@10': '0.3330', 'HIT@20': '0.7497', 'NDCG@20': '0.3714', 'MRR@5': '0.2691', 'MRR@10': '0.2691', 'MRR@20': '0.2691'}
Validation score increased.  Saving model ...
{'epoch': 83, 'rec_avg_loss': '0.6205', 'rec_cur_loss': '0.6077'}
{'Epoch': 83, 'HIT@5': '0.4137', 'NDCG@5': '0.2700', 'HIT@10': '0.5921', 'NDCG@10': '0.3278', 'HIT@20': '0.7498', 'NDCG@20': '0.3679', 'MRR@5': '0.2646', 'MRR@10': '0.2646', 'MRR@20': '0.2646'}
EarlyStopping counter: 1 out of 10
{'epoch': 84, 'rec_avg_loss': '0.6191', 'rec_cur_loss': '0.5825'}
{'Epoch': 84, 'HIT@5': '0.4154', 'NDCG@5': '0.2716', 'HIT@10': '0.5947', 'NDCG@10': '0.3296', 'HIT@20': '0.7488', 'NDCG@20': '0.3688', 'MRR@5': '0.2660', 'MRR@10': '0.2660', 'MRR@20': '0.2660'}
EarlyStopping counter: 2 out of 10
{'epoch': 85, 'rec_avg_loss': '0.6192', 'rec_cur_loss': '0.6349'}
{'Epoch': 85, 'HIT@5': '0.4179', 'NDCG@5': '0.2729', 'HIT@10': '0.5977', 'NDCG@10': '0.3311', 'HIT@20': '0.7472', 'NDCG@20': '0.3692', 'MRR@5': '0.2668', 'MRR@10': '0.2668', 'MRR@20': '0.2668'}
EarlyStopping counter: 3 out of 10
{'epoch': 86, 'rec_avg_loss': '0.6181', 'rec_cur_loss': '0.6319'}
{'Epoch': 86, 'HIT@5': '0.4209', 'NDCG@5': '0.2760', 'HIT@10': '0.6005', 'NDCG@10': '0.3342', 'HIT@20': '0.7483', 'NDCG@20': '0.3719', 'MRR@5': '0.2699', 'MRR@10': '0.2699', 'MRR@20': '0.2699'}
Validation score increased.  Saving model ...
{'epoch': 87, 'rec_avg_loss': '0.6162', 'rec_cur_loss': '0.6319'}
{'Epoch': 87, 'HIT@5': '0.4200', 'NDCG@5': '0.2762', 'HIT@10': '0.6005', 'NDCG@10': '0.3345', 'HIT@20': '0.7457', 'NDCG@20': '0.3714', 'MRR@5': '0.2702', 'MRR@10': '0.2702', 'MRR@20': '0.2702'}
Validation score increased.  Saving model ...
{'epoch': 88, 'rec_avg_loss': '0.6162', 'rec_cur_loss': '0.6113'}
{'Epoch': 88, 'HIT@5': '0.4214', 'NDCG@5': '0.2778', 'HIT@10': '0.5977', 'NDCG@10': '0.3349', 'HIT@20': '0.7513', 'NDCG@20': '0.3739', 'MRR@5': '0.2718', 'MRR@10': '0.2718', 'MRR@20': '0.2718'}
Validation score increased.  Saving model ...
{'epoch': 89, 'rec_avg_loss': '0.6142', 'rec_cur_loss': '0.6139'}
{'Epoch': 89, 'HIT@5': '0.4232', 'NDCG@5': '0.2776', 'HIT@10': '0.5985', 'NDCG@10': '0.3342', 'HIT@20': '0.7492', 'NDCG@20': '0.3725', 'MRR@5': '0.2706', 'MRR@10': '0.2706', 'MRR@20': '0.2706'}
EarlyStopping counter: 1 out of 10
{'epoch': 90, 'rec_avg_loss': '0.6175', 'rec_cur_loss': '0.6249'}
{'Epoch': 90, 'HIT@5': '0.4219', 'NDCG@5': '0.2754', 'HIT@10': '0.5983', 'NDCG@10': '0.3323', 'HIT@20': '0.7495', 'NDCG@20': '0.3706', 'MRR@5': '0.2681', 'MRR@10': '0.2681', 'MRR@20': '0.2681'}
EarlyStopping counter: 2 out of 10
{'epoch': 91, 'rec_avg_loss': '0.6165', 'rec_cur_loss': '0.6206'}
{'Epoch': 91, 'HIT@5': '0.4217', 'NDCG@5': '0.2750', 'HIT@10': '0.6012', 'NDCG@10': '0.3328', 'HIT@20': '0.7502', 'NDCG@20': '0.3706', 'MRR@5': '0.2678', 'MRR@10': '0.2678', 'MRR@20': '0.2678'}
EarlyStopping counter: 3 out of 10
{'epoch': 92, 'rec_avg_loss': '0.6136', 'rec_cur_loss': '0.6056'}
{'Epoch': 92, 'HIT@5': '0.4179', 'NDCG@5': '0.2739', 'HIT@10': '0.6036', 'NDCG@10': '0.3339', 'HIT@20': '0.7490', 'NDCG@20': '0.3708', 'MRR@5': '0.2684', 'MRR@10': '0.2684', 'MRR@20': '0.2684'}
EarlyStopping counter: 4 out of 10
{'epoch': 93, 'rec_avg_loss': '0.6136', 'rec_cur_loss': '0.6105'}
{'Epoch': 93, 'HIT@5': '0.4291', 'NDCG@5': '0.2819', 'HIT@10': '0.6073', 'NDCG@10': '0.3393', 'HIT@20': '0.7525', 'NDCG@20': '0.3761', 'MRR@5': '0.2739', 'MRR@10': '0.2739', 'MRR@20': '0.2739'}
Validation score increased.  Saving model ...
{'epoch': 94, 'rec_avg_loss': '0.6115', 'rec_cur_loss': '0.6273'}
{'Epoch': 94, 'HIT@5': '0.4300', 'NDCG@5': '0.2827', 'HIT@10': '0.6091', 'NDCG@10': '0.3405', 'HIT@20': '0.7500', 'NDCG@20': '0.3761', 'MRR@5': '0.2747', 'MRR@10': '0.2747', 'MRR@20': '0.2747'}
Validation score increased.  Saving model ...
{'epoch': 95, 'rec_avg_loss': '0.6157', 'rec_cur_loss': '0.6207'}
{'Epoch': 95, 'HIT@5': '0.4253', 'NDCG@5': '0.2798', 'HIT@10': '0.6045', 'NDCG@10': '0.3378', 'HIT@20': '0.7512', 'NDCG@20': '0.3750', 'MRR@5': '0.2730', 'MRR@10': '0.2730', 'MRR@20': '0.2730'}
EarlyStopping counter: 1 out of 10
{'epoch': 96, 'rec_avg_loss': '0.6116', 'rec_cur_loss': '0.5949'}
{'Epoch': 96, 'HIT@5': '0.4310', 'NDCG@5': '0.2821', 'HIT@10': '0.6055', 'NDCG@10': '0.3385', 'HIT@20': '0.7513', 'NDCG@20': '0.3755', 'MRR@5': '0.2734', 'MRR@10': '0.2734', 'MRR@20': '0.2734'}
EarlyStopping counter: 2 out of 10
{'epoch': 97, 'rec_avg_loss': '0.6114', 'rec_cur_loss': '0.6220'}
{'Epoch': 97, 'HIT@5': '0.4295', 'NDCG@5': '0.2832', 'HIT@10': '0.6076', 'NDCG@10': '0.3407', 'HIT@20': '0.7528', 'NDCG@20': '0.3775', 'MRR@5': '0.2757', 'MRR@10': '0.2757', 'MRR@20': '0.2757'}
Validation score increased.  Saving model ...
{'epoch': 98, 'rec_avg_loss': '0.6108', 'rec_cur_loss': '0.6152'}
{'Epoch': 98, 'HIT@5': '0.4310', 'NDCG@5': '0.2830', 'HIT@10': '0.6101', 'NDCG@10': '0.3407', 'HIT@20': '0.7536', 'NDCG@20': '0.3771', 'MRR@5': '0.2748', 'MRR@10': '0.2748', 'MRR@20': '0.2748'}
EarlyStopping counter: 1 out of 10
{'epoch': 99, 'rec_avg_loss': '0.6124', 'rec_cur_loss': '0.6066'}
{'Epoch': 99, 'HIT@5': '0.4298', 'NDCG@5': '0.2822', 'HIT@10': '0.6063', 'NDCG@10': '0.3392', 'HIT@20': '0.7528', 'NDCG@20': '0.3762', 'MRR@5': '0.2741', 'MRR@10': '0.2741', 'MRR@20': '0.2741'}
EarlyStopping counter: 2 out of 10
{'epoch': 100, 'rec_avg_loss': '0.6073', 'rec_cur_loss': '0.6161'}
{'Epoch': 100, 'HIT@5': '0.4315', 'NDCG@5': '0.2838', 'HIT@10': '0.6094', 'NDCG@10': '0.3412', 'HIT@20': '0.7553', 'NDCG@20': '0.3781', 'MRR@5': '0.2756', 'MRR@10': '0.2756', 'MRR@20': '0.2756'}
EarlyStopping counter: 3 out of 10
{'epoch': 101, 'rec_avg_loss': '0.6087', 'rec_cur_loss': '0.6183'}
{'Epoch': 101, 'HIT@5': '0.4316', 'NDCG@5': '0.2836', 'HIT@10': '0.6055', 'NDCG@10': '0.3397', 'HIT@20': '0.7535', 'NDCG@20': '0.3772', 'MRR@5': '0.2750', 'MRR@10': '0.2750', 'MRR@20': '0.2750'}
EarlyStopping counter: 4 out of 10
{'epoch': 102, 'rec_avg_loss': '0.6063', 'rec_cur_loss': '0.5718'}
{'Epoch': 102, 'HIT@5': '0.4363', 'NDCG@5': '0.2863', 'HIT@10': '0.6123', 'NDCG@10': '0.3431', 'HIT@20': '0.7540', 'NDCG@20': '0.3789', 'MRR@5': '0.2770', 'MRR@10': '0.2770', 'MRR@20': '0.2770'}
Validation score increased.  Saving model ...
{'epoch': 103, 'rec_avg_loss': '0.6058', 'rec_cur_loss': '0.6083'}
{'Epoch': 103, 'HIT@5': '0.4339', 'NDCG@5': '0.2869', 'HIT@10': '0.6106', 'NDCG@10': '0.3441', 'HIT@20': '0.7530', 'NDCG@20': '0.3802', 'MRR@5': '0.2788', 'MRR@10': '0.2788', 'MRR@20': '0.2788'}
Validation score increased.  Saving model ...
{'epoch': 104, 'rec_avg_loss': '0.6041', 'rec_cur_loss': '0.6079'}
{'Epoch': 104, 'HIT@5': '0.4363', 'NDCG@5': '0.2867', 'HIT@10': '0.6084', 'NDCG@10': '0.3424', 'HIT@20': '0.7545', 'NDCG@20': '0.3794', 'MRR@5': '0.2773', 'MRR@10': '0.2773', 'MRR@20': '0.2773'}
EarlyStopping counter: 1 out of 10
{'epoch': 105, 'rec_avg_loss': '0.6040', 'rec_cur_loss': '0.6021'}
{'Epoch': 105, 'HIT@5': '0.4349', 'NDCG@5': '0.2874', 'HIT@10': '0.6121', 'NDCG@10': '0.3447', 'HIT@20': '0.7571', 'NDCG@20': '0.3815', 'MRR@5': '0.2791', 'MRR@10': '0.2791', 'MRR@20': '0.2791'}
Validation score increased.  Saving model ...
{'epoch': 106, 'rec_avg_loss': '0.6045', 'rec_cur_loss': '0.5966'}
{'Epoch': 106, 'HIT@5': '0.4354', 'NDCG@5': '0.2873', 'HIT@10': '0.6134', 'NDCG@10': '0.3449', 'HIT@20': '0.7565', 'NDCG@20': '0.3811', 'MRR@5': '0.2789', 'MRR@10': '0.2789', 'MRR@20': '0.2789'}
EarlyStopping counter: 1 out of 10
{'epoch': 107, 'rec_avg_loss': '0.6011', 'rec_cur_loss': '0.6057'}
{'Epoch': 107, 'HIT@5': '0.4356', 'NDCG@5': '0.2887', 'HIT@10': '0.6134', 'NDCG@10': '0.3462', 'HIT@20': '0.7558', 'NDCG@20': '0.3823', 'MRR@5': '0.2807', 'MRR@10': '0.2807', 'MRR@20': '0.2807'}
Validation score increased.  Saving model ...
{'epoch': 108, 'rec_avg_loss': '0.6030', 'rec_cur_loss': '0.6067'}
{'Epoch': 108, 'HIT@5': '0.4361', 'NDCG@5': '0.2906', 'HIT@10': '0.6114', 'NDCG@10': '0.3473', 'HIT@20': '0.7565', 'NDCG@20': '0.3841', 'MRR@5': '0.2828', 'MRR@10': '0.2828', 'MRR@20': '0.2828'}
Validation score increased.  Saving model ...
{'epoch': 109, 'rec_avg_loss': '0.6035', 'rec_cur_loss': '0.5847'}
{'Epoch': 109, 'HIT@5': '0.4379', 'NDCG@5': '0.2904', 'HIT@10': '0.6129', 'NDCG@10': '0.3470', 'HIT@20': '0.7556', 'NDCG@20': '0.3832', 'MRR@5': '0.2818', 'MRR@10': '0.2818', 'MRR@20': '0.2818'}
EarlyStopping counter: 1 out of 10
{'epoch': 110, 'rec_avg_loss': '0.6028', 'rec_cur_loss': '0.5679'}
{'Epoch': 110, 'HIT@5': '0.4374', 'NDCG@5': '0.2907', 'HIT@10': '0.6123', 'NDCG@10': '0.3474', 'HIT@20': '0.7581', 'NDCG@20': '0.3843', 'MRR@5': '0.2826', 'MRR@10': '0.2826', 'MRR@20': '0.2826'}
EarlyStopping counter: 2 out of 10
{'epoch': 111, 'rec_avg_loss': '0.6012', 'rec_cur_loss': '0.6139'}
{'Epoch': 111, 'HIT@5': '0.4343', 'NDCG@5': '0.2889', 'HIT@10': '0.6136', 'NDCG@10': '0.3471', 'HIT@20': '0.7581', 'NDCG@20': '0.3837', 'MRR@5': '0.2817', 'MRR@10': '0.2817', 'MRR@20': '0.2817'}
EarlyStopping counter: 3 out of 10
{'epoch': 112, 'rec_avg_loss': '0.5998', 'rec_cur_loss': '0.5940'}
{'Epoch': 112, 'HIT@5': '0.4361', 'NDCG@5': '0.2885', 'HIT@10': '0.6091', 'NDCG@10': '0.3447', 'HIT@20': '0.7594', 'NDCG@20': '0.3829', 'MRR@5': '0.2803', 'MRR@10': '0.2803', 'MRR@20': '0.2803'}
EarlyStopping counter: 4 out of 10
{'epoch': 113, 'rec_avg_loss': '0.6001', 'rec_cur_loss': '0.5866'}
{'Epoch': 113, 'HIT@5': '0.4402', 'NDCG@5': '0.2925', 'HIT@10': '0.6164', 'NDCG@10': '0.3497', 'HIT@20': '0.7609', 'NDCG@20': '0.3864', 'MRR@5': '0.2841', 'MRR@10': '0.2841', 'MRR@20': '0.2841'}
Validation score increased.  Saving model ...
{'epoch': 114, 'rec_avg_loss': '0.5999', 'rec_cur_loss': '0.6258'}
{'Epoch': 114, 'HIT@5': '0.4392', 'NDCG@5': '0.2900', 'HIT@10': '0.6159', 'NDCG@10': '0.3472', 'HIT@20': '0.7578', 'NDCG@20': '0.3831', 'MRR@5': '0.2810', 'MRR@10': '0.2810', 'MRR@20': '0.2810'}
EarlyStopping counter: 1 out of 10
{'epoch': 115, 'rec_avg_loss': '0.6004', 'rec_cur_loss': '0.6149'}
{'Epoch': 115, 'HIT@5': '0.4412', 'NDCG@5': '0.2923', 'HIT@10': '0.6171', 'NDCG@10': '0.3493', 'HIT@20': '0.7581', 'NDCG@20': '0.3850', 'MRR@5': '0.2833', 'MRR@10': '0.2833', 'MRR@20': '0.2833'}
EarlyStopping counter: 2 out of 10
{'epoch': 116, 'rec_avg_loss': '0.5966', 'rec_cur_loss': '0.5918'}
{'Epoch': 116, 'HIT@5': '0.4416', 'NDCG@5': '0.2929', 'HIT@10': '0.6175', 'NDCG@10': '0.3499', 'HIT@20': '0.7566', 'NDCG@20': '0.3851', 'MRR@5': '0.2837', 'MRR@10': '0.2837', 'MRR@20': '0.2837'}
EarlyStopping counter: 3 out of 10
{'epoch': 117, 'rec_avg_loss': '0.5978', 'rec_cur_loss': '0.5849'}
{'Epoch': 117, 'HIT@5': '0.4447', 'NDCG@5': '0.2959', 'HIT@10': '0.6189', 'NDCG@10': '0.3522', 'HIT@20': '0.7584', 'NDCG@20': '0.3875', 'MRR@5': '0.2864', 'MRR@10': '0.2864', 'MRR@20': '0.2864'}
Validation score increased.  Saving model ...
{'epoch': 118, 'rec_avg_loss': '0.5982', 'rec_cur_loss': '0.6161'}
{'Epoch': 118, 'HIT@5': '0.4417', 'NDCG@5': '0.2929', 'HIT@10': '0.6167', 'NDCG@10': '0.3496', 'HIT@20': '0.7598', 'NDCG@20': '0.3858', 'MRR@5': '0.2838', 'MRR@10': '0.2838', 'MRR@20': '0.2838'}
EarlyStopping counter: 1 out of 10
{'epoch': 119, 'rec_avg_loss': '0.5962', 'rec_cur_loss': '0.6261'}
{'Epoch': 119, 'HIT@5': '0.4450', 'NDCG@5': '0.2961', 'HIT@10': '0.6171', 'NDCG@10': '0.3518', 'HIT@20': '0.7594', 'NDCG@20': '0.3880', 'MRR@5': '0.2867', 'MRR@10': '0.2867', 'MRR@20': '0.2867'}
Validation score increased.  Saving model ...
{'epoch': 120, 'rec_avg_loss': '0.5961', 'rec_cur_loss': '0.6007'}
{'Epoch': 120, 'HIT@5': '0.4444', 'NDCG@5': '0.2939', 'HIT@10': '0.6180', 'NDCG@10': '0.3501', 'HIT@20': '0.7584', 'NDCG@20': '0.3857', 'MRR@5': '0.2840', 'MRR@10': '0.2840', 'MRR@20': '0.2840'}
EarlyStopping counter: 1 out of 10
{'epoch': 121, 'rec_avg_loss': '0.5972', 'rec_cur_loss': '0.6159'}
{'Epoch': 121, 'HIT@5': '0.4444', 'NDCG@5': '0.2951', 'HIT@10': '0.6174', 'NDCG@10': '0.3511', 'HIT@20': '0.7603', 'NDCG@20': '0.3873', 'MRR@5': '0.2857', 'MRR@10': '0.2857', 'MRR@20': '0.2857'}
EarlyStopping counter: 2 out of 10
{'epoch': 122, 'rec_avg_loss': '0.5957', 'rec_cur_loss': '0.5852'}
{'Epoch': 122, 'HIT@5': '0.4477', 'NDCG@5': '0.2971', 'HIT@10': '0.6215', 'NDCG@10': '0.3532', 'HIT@20': '0.7583', 'NDCG@20': '0.3879', 'MRR@5': '0.2868', 'MRR@10': '0.2868', 'MRR@20': '0.2868'}
Validation score increased.  Saving model ...
{'epoch': 123, 'rec_avg_loss': '0.5944', 'rec_cur_loss': '0.6137'}
{'Epoch': 123, 'HIT@5': '0.4488', 'NDCG@5': '0.2964', 'HIT@10': '0.6217', 'NDCG@10': '0.3522', 'HIT@20': '0.7589', 'NDCG@20': '0.3869', 'MRR@5': '0.2853', 'MRR@10': '0.2853', 'MRR@20': '0.2853'}
EarlyStopping counter: 1 out of 10
{'epoch': 124, 'rec_avg_loss': '0.5952', 'rec_cur_loss': '0.6227'}
{'Epoch': 124, 'HIT@5': '0.4482', 'NDCG@5': '0.2970', 'HIT@10': '0.6235', 'NDCG@10': '0.3535', 'HIT@20': '0.7601', 'NDCG@20': '0.3881', 'MRR@5': '0.2865', 'MRR@10': '0.2865', 'MRR@20': '0.2865'}
EarlyStopping counter: 2 out of 10
{'epoch': 125, 'rec_avg_loss': '0.5946', 'rec_cur_loss': '0.6049'}
{'Epoch': 125, 'HIT@5': '0.4520', 'NDCG@5': '0.3012', 'HIT@10': '0.6210', 'NDCG@10': '0.3560', 'HIT@20': '0.7593', 'NDCG@20': '0.3912', 'MRR@5': '0.2906', 'MRR@10': '0.2906', 'MRR@20': '0.2906'}
Validation score increased.  Saving model ...
{'epoch': 126, 'rec_avg_loss': '0.5930', 'rec_cur_loss': '0.5832'}
{'Epoch': 126, 'HIT@5': '0.4502', 'NDCG@5': '0.3003', 'HIT@10': '0.6189', 'NDCG@10': '0.3549', 'HIT@20': '0.7603', 'NDCG@20': '0.3908', 'MRR@5': '0.2900', 'MRR@10': '0.2900', 'MRR@20': '0.2900'}
EarlyStopping counter: 1 out of 10
{'epoch': 127, 'rec_avg_loss': '0.5916', 'rec_cur_loss': '0.5686'}
{'Epoch': 127, 'HIT@5': '0.4474', 'NDCG@5': '0.2992', 'HIT@10': '0.6185', 'NDCG@10': '0.3547', 'HIT@20': '0.7594', 'NDCG@20': '0.3904', 'MRR@5': '0.2898', 'MRR@10': '0.2898', 'MRR@20': '0.2898'}
EarlyStopping counter: 2 out of 10
{'epoch': 128, 'rec_avg_loss': '0.5906', 'rec_cur_loss': '0.5590'}
{'Epoch': 128, 'HIT@5': '0.4503', 'NDCG@5': '0.3004', 'HIT@10': '0.6207', 'NDCG@10': '0.3556', 'HIT@20': '0.7591', 'NDCG@20': '0.3908', 'MRR@5': '0.2902', 'MRR@10': '0.2902', 'MRR@20': '0.2902'}
EarlyStopping counter: 3 out of 10
{'epoch': 129, 'rec_avg_loss': '0.5908', 'rec_cur_loss': '0.5907'}
{'Epoch': 129, 'HIT@5': '0.4528', 'NDCG@5': '0.3033', 'HIT@10': '0.6232', 'NDCG@10': '0.3585', 'HIT@20': '0.7611', 'NDCG@20': '0.3935', 'MRR@5': '0.2931', 'MRR@10': '0.2931', 'MRR@20': '0.2931'}
Validation score increased.  Saving model ...
{'epoch': 130, 'rec_avg_loss': '0.5900', 'rec_cur_loss': '0.5923'}
{'Epoch': 130, 'HIT@5': '0.4522', 'NDCG@5': '0.3003', 'HIT@10': '0.6182', 'NDCG@10': '0.3543', 'HIT@20': '0.7618', 'NDCG@20': '0.3908', 'MRR@5': '0.2894', 'MRR@10': '0.2894', 'MRR@20': '0.2894'}
EarlyStopping counter: 1 out of 10
{'epoch': 131, 'rec_avg_loss': '0.5908', 'rec_cur_loss': '0.5703'}
{'Epoch': 131, 'HIT@5': '0.4503', 'NDCG@5': '0.3000', 'HIT@10': '0.6222', 'NDCG@10': '0.3558', 'HIT@20': '0.7606', 'NDCG@20': '0.3908', 'MRR@5': '0.2898', 'MRR@10': '0.2898', 'MRR@20': '0.2898'}
EarlyStopping counter: 2 out of 10
{'epoch': 132, 'rec_avg_loss': '0.5884', 'rec_cur_loss': '0.6028'}
{'Epoch': 132, 'HIT@5': '0.4584', 'NDCG@5': '0.3058', 'HIT@10': '0.6243', 'NDCG@10': '0.3596', 'HIT@20': '0.7609', 'NDCG@20': '0.3943', 'MRR@5': '0.2939', 'MRR@10': '0.2939', 'MRR@20': '0.2939'}
Validation score increased.  Saving model ...
{'epoch': 133, 'rec_avg_loss': '0.5889', 'rec_cur_loss': '0.5802'}
{'Epoch': 133, 'HIT@5': '0.4578', 'NDCG@5': '0.3055', 'HIT@10': '0.6232', 'NDCG@10': '0.3591', 'HIT@20': '0.7632', 'NDCG@20': '0.3947', 'MRR@5': '0.2937', 'MRR@10': '0.2937', 'MRR@20': '0.2937'}
EarlyStopping counter: 1 out of 10
{'epoch': 134, 'rec_avg_loss': '0.5879', 'rec_cur_loss': '0.5794'}
{'Epoch': 134, 'HIT@5': '0.4515', 'NDCG@5': '0.3016', 'HIT@10': '0.6197', 'NDCG@10': '0.3562', 'HIT@20': '0.7603', 'NDCG@20': '0.3919', 'MRR@5': '0.2912', 'MRR@10': '0.2912', 'MRR@20': '0.2912'}
EarlyStopping counter: 2 out of 10
{'epoch': 135, 'rec_avg_loss': '0.5876', 'rec_cur_loss': '0.5819'}
{'Epoch': 135, 'HIT@5': '0.4555', 'NDCG@5': '0.3034', 'HIT@10': '0.6227', 'NDCG@10': '0.3576', 'HIT@20': '0.7619', 'NDCG@20': '0.3929', 'MRR@5': '0.2921', 'MRR@10': '0.2921', 'MRR@20': '0.2921'}
EarlyStopping counter: 3 out of 10
{'epoch': 136, 'rec_avg_loss': '0.5860', 'rec_cur_loss': '0.5856'}
{'Epoch': 136, 'HIT@5': '0.4540', 'NDCG@5': '0.3032', 'HIT@10': '0.6253', 'NDCG@10': '0.3587', 'HIT@20': '0.7618', 'NDCG@20': '0.3932', 'MRR@5': '0.2924', 'MRR@10': '0.2924', 'MRR@20': '0.2924'}
EarlyStopping counter: 4 out of 10
{'epoch': 137, 'rec_avg_loss': '0.5878', 'rec_cur_loss': '0.5826'}
{'Epoch': 137, 'HIT@5': '0.4533', 'NDCG@5': '0.3019', 'HIT@10': '0.6220', 'NDCG@10': '0.3565', 'HIT@20': '0.7618', 'NDCG@20': '0.3920', 'MRR@5': '0.2910', 'MRR@10': '0.2910', 'MRR@20': '0.2910'}
EarlyStopping counter: 5 out of 10
{'epoch': 138, 'rec_avg_loss': '0.5853', 'rec_cur_loss': '0.5752'}
{'Epoch': 138, 'HIT@5': '0.4604', 'NDCG@5': '0.3071', 'HIT@10': '0.6243', 'NDCG@10': '0.3601', 'HIT@20': '0.7649', 'NDCG@20': '0.3958', 'MRR@5': '0.2946', 'MRR@10': '0.2946', 'MRR@20': '0.2946'}
Validation score increased.  Saving model ...
{'epoch': 139, 'rec_avg_loss': '0.5861', 'rec_cur_loss': '0.6042'}
{'Epoch': 139, 'HIT@5': '0.4616', 'NDCG@5': '0.3070', 'HIT@10': '0.6250', 'NDCG@10': '0.3600', 'HIT@20': '0.7667', 'NDCG@20': '0.3960', 'MRR@5': '0.2943', 'MRR@10': '0.2943', 'MRR@20': '0.2943'}
EarlyStopping counter: 1 out of 10
{'epoch': 140, 'rec_avg_loss': '0.5853', 'rec_cur_loss': '0.5879'}
{'Epoch': 140, 'HIT@5': '0.4583', 'NDCG@5': '0.3074', 'HIT@10': '0.6275', 'NDCG@10': '0.3621', 'HIT@20': '0.7654', 'NDCG@20': '0.3971', 'MRR@5': '0.2963', 'MRR@10': '0.2963', 'MRR@20': '0.2963'}
Validation score increased.  Saving model ...
{'epoch': 141, 'rec_avg_loss': '0.5847', 'rec_cur_loss': '0.6086'}
{'Epoch': 141, 'HIT@5': '0.4535', 'NDCG@5': '0.3033', 'HIT@10': '0.6260', 'NDCG@10': '0.3591', 'HIT@20': '0.7631', 'NDCG@20': '0.3938', 'MRR@5': '0.2929', 'MRR@10': '0.2929', 'MRR@20': '0.2929'}
EarlyStopping counter: 1 out of 10
{'epoch': 142, 'rec_avg_loss': '0.5828', 'rec_cur_loss': '0.5793'}
{'Epoch': 142, 'HIT@5': '0.4581', 'NDCG@5': '0.3067', 'HIT@10': '0.6283', 'NDCG@10': '0.3618', 'HIT@20': '0.7659', 'NDCG@20': '0.3968', 'MRR@5': '0.2956', 'MRR@10': '0.2956', 'MRR@20': '0.2956'}
EarlyStopping counter: 2 out of 10
{'epoch': 143, 'rec_avg_loss': '0.5808', 'rec_cur_loss': '0.5616'}
{'Epoch': 143, 'HIT@5': '0.4586', 'NDCG@5': '0.3079', 'HIT@10': '0.6291', 'NDCG@10': '0.3631', 'HIT@20': '0.7664', 'NDCG@20': '0.3979', 'MRR@5': '0.2969', 'MRR@10': '0.2969', 'MRR@20': '0.2969'}
Validation score increased.  Saving model ...
{'epoch': 144, 'rec_avg_loss': '0.5819', 'rec_cur_loss': '0.5727'}
{'Epoch': 144, 'HIT@5': '0.4591', 'NDCG@5': '0.3080', 'HIT@10': '0.6258', 'NDCG@10': '0.3620', 'HIT@20': '0.7637', 'NDCG@20': '0.3970', 'MRR@5': '0.2966', 'MRR@10': '0.2966', 'MRR@20': '0.2966'}
EarlyStopping counter: 1 out of 10
{'epoch': 145, 'rec_avg_loss': '0.5813', 'rec_cur_loss': '0.5636'}
{'Epoch': 145, 'HIT@5': '0.4556', 'NDCG@5': '0.3074', 'HIT@10': '0.6272', 'NDCG@10': '0.3629', 'HIT@20': '0.7664', 'NDCG@20': '0.3982', 'MRR@5': '0.2975', 'MRR@10': '0.2975', 'MRR@20': '0.2975'}
Validation score increased.  Saving model ...
{'epoch': 146, 'rec_avg_loss': '0.5811', 'rec_cur_loss': '0.5700'}
{'Epoch': 146, 'HIT@5': '0.4621', 'NDCG@5': '0.3119', 'HIT@10': '0.6305', 'NDCG@10': '0.3665', 'HIT@20': '0.7634', 'NDCG@20': '0.4003', 'MRR@5': '0.3008', 'MRR@10': '0.3008', 'MRR@20': '0.3008'}
Validation score increased.  Saving model ...
{'epoch': 147, 'rec_avg_loss': '0.5807', 'rec_cur_loss': '0.5619'}
{'Epoch': 147, 'HIT@5': '0.4654', 'NDCG@5': '0.3134', 'HIT@10': '0.6318', 'NDCG@10': '0.3673', 'HIT@20': '0.7679', 'NDCG@20': '0.4019', 'MRR@5': '0.3015', 'MRR@10': '0.3015', 'MRR@20': '0.3015'}
Validation score increased.  Saving model ...
{'epoch': 148, 'rec_avg_loss': '0.5798', 'rec_cur_loss': '0.5641'}
{'Epoch': 148, 'HIT@5': '0.4623', 'NDCG@5': '0.3109', 'HIT@10': '0.6263', 'NDCG@10': '0.3641', 'HIT@20': '0.7697', 'NDCG@20': '0.4005', 'MRR@5': '0.2993', 'MRR@10': '0.2993', 'MRR@20': '0.2993'}
EarlyStopping counter: 1 out of 10
{'epoch': 149, 'rec_avg_loss': '0.5780', 'rec_cur_loss': '0.5973'}
{'Epoch': 149, 'HIT@5': '0.4626', 'NDCG@5': '0.3100', 'HIT@10': '0.6291', 'NDCG@10': '0.3640', 'HIT@20': '0.7715', 'NDCG@20': '0.4001', 'MRR@5': '0.2980', 'MRR@10': '0.2980', 'MRR@20': '0.2980'}
EarlyStopping counter: 2 out of 10
{'epoch': 150, 'rec_avg_loss': '0.5790', 'rec_cur_loss': '0.5729'}
{'Epoch': 150, 'HIT@5': '0.4654', 'NDCG@5': '0.3115', 'HIT@10': '0.6268', 'NDCG@10': '0.3639', 'HIT@20': '0.7684', 'NDCG@20': '0.3998', 'MRR@5': '0.2987', 'MRR@10': '0.2987', 'MRR@20': '0.2987'}
EarlyStopping counter: 3 out of 10
{'epoch': 151, 'rec_avg_loss': '0.5793', 'rec_cur_loss': '0.5704'}
{'Epoch': 151, 'HIT@5': '0.4619', 'NDCG@5': '0.3105', 'HIT@10': '0.6281', 'NDCG@10': '0.3644', 'HIT@20': '0.7682', 'NDCG@20': '0.4001', 'MRR@5': '0.2991', 'MRR@10': '0.2991', 'MRR@20': '0.2991'}
EarlyStopping counter: 4 out of 10
{'epoch': 152, 'rec_avg_loss': '0.5798', 'rec_cur_loss': '0.5885'}
{'Epoch': 152, 'HIT@5': '0.4637', 'NDCG@5': '0.3127', 'HIT@10': '0.6325', 'NDCG@10': '0.3675', 'HIT@20': '0.7712', 'NDCG@20': '0.4027', 'MRR@5': '0.3015', 'MRR@10': '0.3015', 'MRR@20': '0.3015'}
EarlyStopping counter: 5 out of 10
{'epoch': 153, 'rec_avg_loss': '0.5781', 'rec_cur_loss': '0.5628'}
{'Epoch': 153, 'HIT@5': '0.4651', 'NDCG@5': '0.3141', 'HIT@10': '0.6305', 'NDCG@10': '0.3678', 'HIT@20': '0.7700', 'NDCG@20': '0.4034', 'MRR@5': '0.3027', 'MRR@10': '0.3027', 'MRR@20': '0.3027'}
Validation score increased.  Saving model ...
{'epoch': 154, 'rec_avg_loss': '0.5769', 'rec_cur_loss': '0.5834'}
{'Epoch': 154, 'HIT@5': '0.4705', 'NDCG@5': '0.3172', 'HIT@10': '0.6328', 'NDCG@10': '0.3698', 'HIT@20': '0.7722', 'NDCG@20': '0.4052', 'MRR@5': '0.3044', 'MRR@10': '0.3044', 'MRR@20': '0.3044'}
Validation score increased.  Saving model ...
{'epoch': 155, 'rec_avg_loss': '0.5764', 'rec_cur_loss': '0.5884'}
{'Epoch': 155, 'HIT@5': '0.4659', 'NDCG@5': '0.3130', 'HIT@10': '0.6311', 'NDCG@10': '0.3666', 'HIT@20': '0.7714', 'NDCG@20': '0.4022', 'MRR@5': '0.3009', 'MRR@10': '0.3009', 'MRR@20': '0.3009'}
EarlyStopping counter: 1 out of 10
{'epoch': 156, 'rec_avg_loss': '0.5760', 'rec_cur_loss': '0.5763'}
{'Epoch': 156, 'HIT@5': '0.4702', 'NDCG@5': '0.3166', 'HIT@10': '0.6291', 'NDCG@10': '0.3682', 'HIT@20': '0.7738', 'NDCG@20': '0.4051', 'MRR@5': '0.3038', 'MRR@10': '0.3038', 'MRR@20': '0.3038'}
EarlyStopping counter: 2 out of 10
{'epoch': 157, 'rec_avg_loss': '0.5738', 'rec_cur_loss': '0.5729'}
{'Epoch': 157, 'HIT@5': '0.4695', 'NDCG@5': '0.3160', 'HIT@10': '0.6285', 'NDCG@10': '0.3677', 'HIT@20': '0.7738', 'NDCG@20': '0.4047', 'MRR@5': '0.3033', 'MRR@10': '0.3033', 'MRR@20': '0.3033'}
EarlyStopping counter: 3 out of 10
{'epoch': 158, 'rec_avg_loss': '0.5734', 'rec_cur_loss': '0.5528'}
{'Epoch': 158, 'HIT@5': '0.4641', 'NDCG@5': '0.3128', 'HIT@10': '0.6305', 'NDCG@10': '0.3668', 'HIT@20': '0.7732', 'NDCG@20': '0.4030', 'MRR@5': '0.3014', 'MRR@10': '0.3014', 'MRR@20': '0.3014'}
EarlyStopping counter: 4 out of 10
{'epoch': 159, 'rec_avg_loss': '0.5746', 'rec_cur_loss': '0.5738'}
{'Epoch': 159, 'HIT@5': '0.4642', 'NDCG@5': '0.3133', 'HIT@10': '0.6320', 'NDCG@10': '0.3677', 'HIT@20': '0.7747', 'NDCG@20': '0.4038', 'MRR@5': '0.3020', 'MRR@10': '0.3020', 'MRR@20': '0.3020'}
EarlyStopping counter: 5 out of 10
{'epoch': 160, 'rec_avg_loss': '0.5735', 'rec_cur_loss': '0.5744'}
{'Epoch': 160, 'HIT@5': '0.4695', 'NDCG@5': '0.3189', 'HIT@10': '0.6341', 'NDCG@10': '0.3723', 'HIT@20': '0.7738', 'NDCG@20': '0.4078', 'MRR@5': '0.3071', 'MRR@10': '0.3071', 'MRR@20': '0.3071'}
Validation score increased.  Saving model ...
{'epoch': 161, 'rec_avg_loss': '0.5727', 'rec_cur_loss': '0.5571'}
{'Epoch': 161, 'HIT@5': '0.4707', 'NDCG@5': '0.3178', 'HIT@10': '0.6321', 'NDCG@10': '0.3702', 'HIT@20': '0.7735', 'NDCG@20': '0.4061', 'MRR@5': '0.3051', 'MRR@10': '0.3051', 'MRR@20': '0.3051'}
EarlyStopping counter: 1 out of 10
{'epoch': 162, 'rec_avg_loss': '0.5730', 'rec_cur_loss': '0.5669'}
{'Epoch': 162, 'HIT@5': '0.4669', 'NDCG@5': '0.3156', 'HIT@10': '0.6323', 'NDCG@10': '0.3691', 'HIT@20': '0.7738', 'NDCG@20': '0.4050', 'MRR@5': '0.3037', 'MRR@10': '0.3037', 'MRR@20': '0.3037'}
EarlyStopping counter: 2 out of 10
{'epoch': 163, 'rec_avg_loss': '0.5714', 'rec_cur_loss': '0.5588'}
{'Epoch': 163, 'HIT@5': '0.4674', 'NDCG@5': '0.3144', 'HIT@10': '0.6334', 'NDCG@10': '0.3682', 'HIT@20': '0.7737', 'NDCG@20': '0.4038', 'MRR@5': '0.3021', 'MRR@10': '0.3021', 'MRR@20': '0.3021'}
EarlyStopping counter: 3 out of 10
{'epoch': 164, 'rec_avg_loss': '0.5727', 'rec_cur_loss': '0.5676'}
{'Epoch': 164, 'HIT@5': '0.4705', 'NDCG@5': '0.3156', 'HIT@10': '0.6374', 'NDCG@10': '0.3697', 'HIT@20': '0.7725', 'NDCG@20': '0.4040', 'MRR@5': '0.3026', 'MRR@10': '0.3026', 'MRR@20': '0.3026'}
EarlyStopping counter: 4 out of 10
{'epoch': 165, 'rec_avg_loss': '0.5741', 'rec_cur_loss': '0.5406'}
{'Epoch': 165, 'HIT@5': '0.4685', 'NDCG@5': '0.3177', 'HIT@10': '0.6353', 'NDCG@10': '0.3717', 'HIT@20': '0.7752', 'NDCG@20': '0.4074', 'MRR@5': '0.3062', 'MRR@10': '0.3062', 'MRR@20': '0.3062'}
EarlyStopping counter: 5 out of 10
{'epoch': 166, 'rec_avg_loss': '0.5714', 'rec_cur_loss': '0.5967'}
{'Epoch': 166, 'HIT@5': '0.4732', 'NDCG@5': '0.3192', 'HIT@10': '0.6356', 'NDCG@10': '0.3718', 'HIT@20': '0.7745', 'NDCG@20': '0.4072', 'MRR@5': '0.3061', 'MRR@10': '0.3061', 'MRR@20': '0.3061'}
EarlyStopping counter: 6 out of 10
{'epoch': 167, 'rec_avg_loss': '0.5701', 'rec_cur_loss': '0.5553'}
{'Epoch': 167, 'HIT@5': '0.4656', 'NDCG@5': '0.3147', 'HIT@10': '0.6311', 'NDCG@10': '0.3684', 'HIT@20': '0.7735', 'NDCG@20': '0.4047', 'MRR@5': '0.3033', 'MRR@10': '0.3033', 'MRR@20': '0.3033'}
EarlyStopping counter: 7 out of 10
{'epoch': 168, 'rec_avg_loss': '0.5705', 'rec_cur_loss': '0.5799'}
{'Epoch': 168, 'HIT@5': '0.4728', 'NDCG@5': '0.3185', 'HIT@10': '0.6354', 'NDCG@10': '0.3712', 'HIT@20': '0.7755', 'NDCG@20': '0.4067', 'MRR@5': '0.3052', 'MRR@10': '0.3052', 'MRR@20': '0.3052'}
EarlyStopping counter: 8 out of 10
{'epoch': 169, 'rec_avg_loss': '0.5707', 'rec_cur_loss': '0.5723'}
{'Epoch': 169, 'HIT@5': '0.4722', 'NDCG@5': '0.3194', 'HIT@10': '0.6387', 'NDCG@10': '0.3734', 'HIT@20': '0.7757', 'NDCG@20': '0.4082', 'MRR@5': '0.3070', 'MRR@10': '0.3070', 'MRR@20': '0.3070'}
EarlyStopping counter: 9 out of 10
{'epoch': 170, 'rec_avg_loss': '0.5691', 'rec_cur_loss': '0.5641'}
{'Epoch': 170, 'HIT@5': '0.4737', 'NDCG@5': '0.3194', 'HIT@10': '0.6353', 'NDCG@10': '0.3718', 'HIT@20': '0.7743', 'NDCG@20': '0.4072', 'MRR@5': '0.3062', 'MRR@10': '0.3062', 'MRR@20': '0.3062'}
EarlyStopping counter: 10 out of 10
Early stopping
---------------Sample 99 results-------------------
{'Epoch': 0, 'HIT@5': '0.4411', 'NDCG@5': '0.2974', 'HIT@10': '0.6005', 'NDCG@10': '0.3490', 'HIT@20': '0.7425', 'NDCG@20': '0.3852', 'MRR@5': '0.2884', 'MRR@10': '0.2884', 'MRR@20': '0.2884'}
Finetune_sample-ml-1m-50
{'Epoch': 0, 'HIT@5': '0.4411', 'NDCG@5': '0.2974', 'HIT@10': '0.6005', 'NDCG@10': '0.3490', 'HIT@20': '0.7425', 'NDCG@20': '0.3852', 'MRR@5': '0.2884', 'MRR@10': '0.2884', 'MRR@20': '0.2884'}
