Namespace(adam_beta1=0.9, adam_beta2=0.999, attention_probs_dropout_prob=0.5, batch_size=128, ckp=150, cuda_condition=True, data_dir='./data/', data_file='./data/ml-1m.txt', data_name='ml-1m', do_eval=False, epochs=200, gpu_id='0', hidden_act='gelu', hidden_dropout_prob=0.5, hidden_size=64, initializer_range=0.02, item_size=3418, log_file='output/Finetune_sample-ml-1m-150.txt', log_freq=1, lr=0.001, mask_id=3417, max_seq_length=50, model_name='Finetune_sample', no_cuda=False, num_attention_heads=1, num_hidden_layers=2, output_dir='output/', sample_file='./data/ml-1m_sample.txt', seed=42, weight_decay=0.0)
Total Parameters: 338688
Load Checkpoint From output/ml-1m-epochs-150.pt!
{'epoch': 0, 'rec_avg_loss': '0.9415', 'rec_cur_loss': '0.8922'}
{'Epoch': 0, 'HIT@5': '0.2738', 'NDCG@5': '0.1733', 'HIT@10': '0.4315', 'NDCG@10': '0.2239', 'HIT@20': '0.6175', 'NDCG@20': '0.2709', 'MRR@5': '0.1839', 'MRR@10': '0.1839', 'MRR@20': '0.1839'}
Validation score increased.  Saving model ...
{'epoch': 1, 'rec_avg_loss': '0.7835', 'rec_cur_loss': '0.7418'}
{'Epoch': 1, 'HIT@5': '0.3041', 'NDCG@5': '0.1935', 'HIT@10': '0.4752', 'NDCG@10': '0.2487', 'HIT@20': '0.6583', 'NDCG@20': '0.2952', 'MRR@5': '0.2018', 'MRR@10': '0.2018', 'MRR@20': '0.2018'}
Validation score increased.  Saving model ...
{'epoch': 2, 'rec_avg_loss': '0.7382', 'rec_cur_loss': '0.7839'}
{'Epoch': 2, 'HIT@5': '0.3338', 'NDCG@5': '0.2117', 'HIT@10': '0.5061', 'NDCG@10': '0.2672', 'HIT@20': '0.6868', 'NDCG@20': '0.3132', 'MRR@5': '0.2156', 'MRR@10': '0.2156', 'MRR@20': '0.2156'}
Validation score increased.  Saving model ...
{'epoch': 3, 'rec_avg_loss': '0.7141', 'rec_cur_loss': '0.7126'}
{'Epoch': 3, 'HIT@5': '0.3533', 'NDCG@5': '0.2239', 'HIT@10': '0.5323', 'NDCG@10': '0.2815', 'HIT@20': '0.7038', 'NDCG@20': '0.3250', 'MRR@5': '0.2252', 'MRR@10': '0.2252', 'MRR@20': '0.2252'}
Validation score increased.  Saving model ...
{'epoch': 4, 'rec_avg_loss': '0.6961', 'rec_cur_loss': '0.6968'}
{'Epoch': 4, 'HIT@5': '0.3560', 'NDCG@5': '0.2282', 'HIT@10': '0.5382', 'NDCG@10': '0.2870', 'HIT@20': '0.7061', 'NDCG@20': '0.3296', 'MRR@5': '0.2303', 'MRR@10': '0.2303', 'MRR@20': '0.2303'}
Validation score increased.  Saving model ...
{'epoch': 5, 'rec_avg_loss': '0.6807', 'rec_cur_loss': '0.6474'}
{'Epoch': 5, 'HIT@5': '0.3720', 'NDCG@5': '0.2383', 'HIT@10': '0.5522', 'NDCG@10': '0.2965', 'HIT@20': '0.7195', 'NDCG@20': '0.3390', 'MRR@5': '0.2378', 'MRR@10': '0.2378', 'MRR@20': '0.2378'}
Validation score increased.  Saving model ...
{'epoch': 6, 'rec_avg_loss': '0.6733', 'rec_cur_loss': '0.6942'}
{'Epoch': 6, 'HIT@5': '0.3820', 'NDCG@5': '0.2461', 'HIT@10': '0.5623', 'NDCG@10': '0.3044', 'HIT@20': '0.7283', 'NDCG@20': '0.3464', 'MRR@5': '0.2444', 'MRR@10': '0.2444', 'MRR@20': '0.2444'}
Validation score increased.  Saving model ...
{'epoch': 7, 'rec_avg_loss': '0.6666', 'rec_cur_loss': '0.6515'}
{'Epoch': 7, 'HIT@5': '0.3916', 'NDCG@5': '0.2516', 'HIT@10': '0.5679', 'NDCG@10': '0.3085', 'HIT@20': '0.7331', 'NDCG@20': '0.3503', 'MRR@5': '0.2477', 'MRR@10': '0.2477', 'MRR@20': '0.2477'}
Validation score increased.  Saving model ...
{'epoch': 8, 'rec_avg_loss': '0.6615', 'rec_cur_loss': '0.7100'}
{'Epoch': 8, 'HIT@5': '0.3940', 'NDCG@5': '0.2538', 'HIT@10': '0.5747', 'NDCG@10': '0.3121', 'HIT@20': '0.7341', 'NDCG@20': '0.3526', 'MRR@5': '0.2502', 'MRR@10': '0.2502', 'MRR@20': '0.2502'}
Validation score increased.  Saving model ...
{'epoch': 9, 'rec_avg_loss': '0.6514', 'rec_cur_loss': '0.6235'}
{'Epoch': 9, 'HIT@5': '0.4053', 'NDCG@5': '0.2627', 'HIT@10': '0.5874', 'NDCG@10': '0.3218', 'HIT@20': '0.7402', 'NDCG@20': '0.3606', 'MRR@5': '0.2582', 'MRR@10': '0.2582', 'MRR@20': '0.2582'}
Validation score increased.  Saving model ...
{'epoch': 10, 'rec_avg_loss': '0.6485', 'rec_cur_loss': '0.5973'}
{'Epoch': 10, 'HIT@5': '0.4063', 'NDCG@5': '0.2630', 'HIT@10': '0.5826', 'NDCG@10': '0.3199', 'HIT@20': '0.7425', 'NDCG@20': '0.3605', 'MRR@5': '0.2575', 'MRR@10': '0.2575', 'MRR@20': '0.2575'}
EarlyStopping counter: 1 out of 10
{'epoch': 11, 'rec_avg_loss': '0.6466', 'rec_cur_loss': '0.6809'}
{'Epoch': 11, 'HIT@5': '0.4189', 'NDCG@5': '0.2720', 'HIT@10': '0.5974', 'NDCG@10': '0.3298', 'HIT@20': '0.7502', 'NDCG@20': '0.3686', 'MRR@5': '0.2651', 'MRR@10': '0.2651', 'MRR@20': '0.2651'}
Validation score increased.  Saving model ...
{'epoch': 12, 'rec_avg_loss': '0.6405', 'rec_cur_loss': '0.5992'}
{'Epoch': 12, 'HIT@5': '0.4167', 'NDCG@5': '0.2709', 'HIT@10': '0.5939', 'NDCG@10': '0.3281', 'HIT@20': '0.7483', 'NDCG@20': '0.3674', 'MRR@5': '0.2643', 'MRR@10': '0.2643', 'MRR@20': '0.2643'}
EarlyStopping counter: 1 out of 10
{'epoch': 13, 'rec_avg_loss': '0.6395', 'rec_cur_loss': '0.6629'}
{'Epoch': 13, 'HIT@5': '0.4142', 'NDCG@5': '0.2693', 'HIT@10': '0.5940', 'NDCG@10': '0.3274', 'HIT@20': '0.7498', 'NDCG@20': '0.3670', 'MRR@5': '0.2633', 'MRR@10': '0.2633', 'MRR@20': '0.2633'}
EarlyStopping counter: 2 out of 10
{'epoch': 14, 'rec_avg_loss': '0.6353', 'rec_cur_loss': '0.6547'}
{'Epoch': 14, 'HIT@5': '0.4212', 'NDCG@5': '0.2741', 'HIT@10': '0.6017', 'NDCG@10': '0.3325', 'HIT@20': '0.7531', 'NDCG@20': '0.3710', 'MRR@5': '0.2671', 'MRR@10': '0.2671', 'MRR@20': '0.2671'}
Validation score increased.  Saving model ...
{'epoch': 15, 'rec_avg_loss': '0.6322', 'rec_cur_loss': '0.6143'}
{'Epoch': 15, 'HIT@5': '0.4210', 'NDCG@5': '0.2760', 'HIT@10': '0.6013', 'NDCG@10': '0.3343', 'HIT@20': '0.7555', 'NDCG@20': '0.3735', 'MRR@5': '0.2698', 'MRR@10': '0.2698', 'MRR@20': '0.2698'}
Validation score increased.  Saving model ...
{'epoch': 16, 'rec_avg_loss': '0.6292', 'rec_cur_loss': '0.6650'}
{'Epoch': 16, 'HIT@5': '0.4295', 'NDCG@5': '0.2821', 'HIT@10': '0.6118', 'NDCG@10': '0.3413', 'HIT@20': '0.7588', 'NDCG@20': '0.3786', 'MRR@5': '0.2750', 'MRR@10': '0.2750', 'MRR@20': '0.2750'}
Validation score increased.  Saving model ...
{'epoch': 17, 'rec_avg_loss': '0.6278', 'rec_cur_loss': '0.6574'}
{'Epoch': 17, 'HIT@5': '0.4296', 'NDCG@5': '0.2813', 'HIT@10': '0.6098', 'NDCG@10': '0.3398', 'HIT@20': '0.7598', 'NDCG@20': '0.3779', 'MRR@5': '0.2738', 'MRR@10': '0.2738', 'MRR@20': '0.2738'}
EarlyStopping counter: 1 out of 10
{'epoch': 18, 'rec_avg_loss': '0.6236', 'rec_cur_loss': '0.4975'}
{'Epoch': 18, 'HIT@5': '0.4313', 'NDCG@5': '0.2827', 'HIT@10': '0.6079', 'NDCG@10': '0.3402', 'HIT@20': '0.7611', 'NDCG@20': '0.3792', 'MRR@5': '0.2751', 'MRR@10': '0.2751', 'MRR@20': '0.2751'}
Validation score increased.  Saving model ...
{'epoch': 19, 'rec_avg_loss': '0.6236', 'rec_cur_loss': '0.6256'}
{'Epoch': 19, 'HIT@5': '0.4255', 'NDCG@5': '0.2790', 'HIT@10': '0.6086', 'NDCG@10': '0.3386', 'HIT@20': '0.7593', 'NDCG@20': '0.3770', 'MRR@5': '0.2728', 'MRR@10': '0.2728', 'MRR@20': '0.2728'}
EarlyStopping counter: 1 out of 10
{'epoch': 20, 'rec_avg_loss': '0.6214', 'rec_cur_loss': '0.5703'}
{'Epoch': 20, 'HIT@5': '0.4331', 'NDCG@5': '0.2841', 'HIT@10': '0.6086', 'NDCG@10': '0.3411', 'HIT@20': '0.7619', 'NDCG@20': '0.3800', 'MRR@5': '0.2760', 'MRR@10': '0.2760', 'MRR@20': '0.2760'}
Validation score increased.  Saving model ...
{'epoch': 21, 'rec_avg_loss': '0.6197', 'rec_cur_loss': '0.5901'}
{'Epoch': 21, 'HIT@5': '0.4321', 'NDCG@5': '0.2833', 'HIT@10': '0.6086', 'NDCG@10': '0.3406', 'HIT@20': '0.7641', 'NDCG@20': '0.3801', 'MRR@5': '0.2755', 'MRR@10': '0.2755', 'MRR@20': '0.2755'}
EarlyStopping counter: 1 out of 10
{'epoch': 22, 'rec_avg_loss': '0.6175', 'rec_cur_loss': '0.7090'}
{'Epoch': 22, 'HIT@5': '0.4316', 'NDCG@5': '0.2831', 'HIT@10': '0.6114', 'NDCG@10': '0.3414', 'HIT@20': '0.7634', 'NDCG@20': '0.3801', 'MRR@5': '0.2755', 'MRR@10': '0.2755', 'MRR@20': '0.2755'}
EarlyStopping counter: 2 out of 10
{'epoch': 23, 'rec_avg_loss': '0.6161', 'rec_cur_loss': '0.5722'}
{'Epoch': 23, 'HIT@5': '0.4394', 'NDCG@5': '0.2893', 'HIT@10': '0.6172', 'NDCG@10': '0.3468', 'HIT@20': '0.7644', 'NDCG@20': '0.3842', 'MRR@5': '0.2803', 'MRR@10': '0.2803', 'MRR@20': '0.2803'}
Validation score increased.  Saving model ...
{'epoch': 24, 'rec_avg_loss': '0.6148', 'rec_cur_loss': '0.6141'}
{'Epoch': 24, 'HIT@5': '0.4406', 'NDCG@5': '0.2896', 'HIT@10': '0.6174', 'NDCG@10': '0.3470', 'HIT@20': '0.7662', 'NDCG@20': '0.3849', 'MRR@5': '0.2805', 'MRR@10': '0.2805', 'MRR@20': '0.2805'}
Validation score increased.  Saving model ...
{'epoch': 25, 'rec_avg_loss': '0.6141', 'rec_cur_loss': '0.6308'}
{'Epoch': 25, 'HIT@5': '0.4421', 'NDCG@5': '0.2906', 'HIT@10': '0.6190', 'NDCG@10': '0.3481', 'HIT@20': '0.7671', 'NDCG@20': '0.3856', 'MRR@5': '0.2811', 'MRR@10': '0.2811', 'MRR@20': '0.2811'}
Validation score increased.  Saving model ...
{'epoch': 26, 'rec_avg_loss': '0.6094', 'rec_cur_loss': '0.5294'}
{'Epoch': 26, 'HIT@5': '0.4407', 'NDCG@5': '0.2906', 'HIT@10': '0.6207', 'NDCG@10': '0.3489', 'HIT@20': '0.7651', 'NDCG@20': '0.3856', 'MRR@5': '0.2818', 'MRR@10': '0.2818', 'MRR@20': '0.2818'}
Validation score increased.  Saving model ...
{'epoch': 27, 'rec_avg_loss': '0.6085', 'rec_cur_loss': '0.5848'}
{'Epoch': 27, 'HIT@5': '0.4462', 'NDCG@5': '0.2942', 'HIT@10': '0.6225', 'NDCG@10': '0.3514', 'HIT@20': '0.7687', 'NDCG@20': '0.3886', 'MRR@5': '0.2844', 'MRR@10': '0.2844', 'MRR@20': '0.2844'}
Validation score increased.  Saving model ...
{'epoch': 28, 'rec_avg_loss': '0.6086', 'rec_cur_loss': '0.5561'}
{'Epoch': 28, 'HIT@5': '0.4485', 'NDCG@5': '0.2963', 'HIT@10': '0.6238', 'NDCG@10': '0.3533', 'HIT@20': '0.7661', 'NDCG@20': '0.3896', 'MRR@5': '0.2864', 'MRR@10': '0.2864', 'MRR@20': '0.2864'}
Validation score increased.  Saving model ...
{'epoch': 29, 'rec_avg_loss': '0.6060', 'rec_cur_loss': '0.5944'}
{'Epoch': 29, 'HIT@5': '0.4459', 'NDCG@5': '0.2930', 'HIT@10': '0.6180', 'NDCG@10': '0.3488', 'HIT@20': '0.7675', 'NDCG@20': '0.3868', 'MRR@5': '0.2826', 'MRR@10': '0.2826', 'MRR@20': '0.2826'}
EarlyStopping counter: 1 out of 10
{'epoch': 30, 'rec_avg_loss': '0.6057', 'rec_cur_loss': '0.5985'}
{'Epoch': 30, 'HIT@5': '0.4469', 'NDCG@5': '0.2955', 'HIT@10': '0.6215', 'NDCG@10': '0.3522', 'HIT@20': '0.7687', 'NDCG@20': '0.3896', 'MRR@5': '0.2858', 'MRR@10': '0.2858', 'MRR@20': '0.2858'}
EarlyStopping counter: 2 out of 10
{'epoch': 31, 'rec_avg_loss': '0.6062', 'rec_cur_loss': '0.6178'}
{'Epoch': 31, 'HIT@5': '0.4472', 'NDCG@5': '0.2961', 'HIT@10': '0.6250', 'NDCG@10': '0.3538', 'HIT@20': '0.7690', 'NDCG@20': '0.3905', 'MRR@5': '0.2866', 'MRR@10': '0.2866', 'MRR@20': '0.2866'}
Validation score increased.  Saving model ...
{'epoch': 32, 'rec_avg_loss': '0.6040', 'rec_cur_loss': '0.5439'}
{'Epoch': 32, 'HIT@5': '0.4470', 'NDCG@5': '0.2945', 'HIT@10': '0.6224', 'NDCG@10': '0.3515', 'HIT@20': '0.7699', 'NDCG@20': '0.3891', 'MRR@5': '0.2845', 'MRR@10': '0.2845', 'MRR@20': '0.2845'}
EarlyStopping counter: 1 out of 10
{'epoch': 33, 'rec_avg_loss': '0.6031', 'rec_cur_loss': '0.6051'}
{'Epoch': 33, 'HIT@5': '0.4520', 'NDCG@5': '0.2982', 'HIT@10': '0.6220', 'NDCG@10': '0.3534', 'HIT@20': '0.7679', 'NDCG@20': '0.3906', 'MRR@5': '0.2870', 'MRR@10': '0.2870', 'MRR@20': '0.2870'}
Validation score increased.  Saving model ...
{'epoch': 34, 'rec_avg_loss': '0.6027', 'rec_cur_loss': '0.6008'}
{'Epoch': 34, 'HIT@5': '0.4533', 'NDCG@5': '0.2990', 'HIT@10': '0.6296', 'NDCG@10': '0.3562', 'HIT@20': '0.7692', 'NDCG@20': '0.3918', 'MRR@5': '0.2880', 'MRR@10': '0.2880', 'MRR@20': '0.2880'}
Validation score increased.  Saving model ...
{'epoch': 35, 'rec_avg_loss': '0.5999', 'rec_cur_loss': '0.5840'}
{'Epoch': 35, 'HIT@5': '0.4518', 'NDCG@5': '0.2970', 'HIT@10': '0.6242', 'NDCG@10': '0.3530', 'HIT@20': '0.7712', 'NDCG@20': '0.3905', 'MRR@5': '0.2859', 'MRR@10': '0.2859', 'MRR@20': '0.2859'}
EarlyStopping counter: 1 out of 10
{'epoch': 36, 'rec_avg_loss': '0.6010', 'rec_cur_loss': '0.5932'}
{'Epoch': 36, 'HIT@5': '0.4550', 'NDCG@5': '0.2997', 'HIT@10': '0.6255', 'NDCG@10': '0.3550', 'HIT@20': '0.7697', 'NDCG@20': '0.3917', 'MRR@5': '0.2879', 'MRR@10': '0.2879', 'MRR@20': '0.2879'}
EarlyStopping counter: 2 out of 10
{'epoch': 37, 'rec_avg_loss': '0.5989', 'rec_cur_loss': '0.6352'}
{'Epoch': 37, 'HIT@5': '0.4530', 'NDCG@5': '0.2988', 'HIT@10': '0.6305', 'NDCG@10': '0.3564', 'HIT@20': '0.7750', 'NDCG@20': '0.3931', 'MRR@5': '0.2881', 'MRR@10': '0.2881', 'MRR@20': '0.2881'}
Validation score increased.  Saving model ...
{'epoch': 38, 'rec_avg_loss': '0.5958', 'rec_cur_loss': '0.5081'}
{'Epoch': 38, 'HIT@5': '0.4497', 'NDCG@5': '0.2981', 'HIT@10': '0.6243', 'NDCG@10': '0.3549', 'HIT@20': '0.7730', 'NDCG@20': '0.3928', 'MRR@5': '0.2883', 'MRR@10': '0.2883', 'MRR@20': '0.2883'}
Validation score increased.  Saving model ...
{'epoch': 39, 'rec_avg_loss': '0.5978', 'rec_cur_loss': '0.5661'}
{'Epoch': 39, 'HIT@5': '0.4485', 'NDCG@5': '0.2964', 'HIT@10': '0.6270', 'NDCG@10': '0.3543', 'HIT@20': '0.7702', 'NDCG@20': '0.3908', 'MRR@5': '0.2867', 'MRR@10': '0.2867', 'MRR@20': '0.2867'}
EarlyStopping counter: 1 out of 10
{'epoch': 40, 'rec_avg_loss': '0.5948', 'rec_cur_loss': '0.5766'}
{'Epoch': 40, 'HIT@5': '0.4548', 'NDCG@5': '0.3005', 'HIT@10': '0.6276', 'NDCG@10': '0.3567', 'HIT@20': '0.7710', 'NDCG@20': '0.3932', 'MRR@5': '0.2894', 'MRR@10': '0.2894', 'MRR@20': '0.2894'}
Validation score increased.  Saving model ...
{'epoch': 41, 'rec_avg_loss': '0.5936', 'rec_cur_loss': '0.5656'}
{'Epoch': 41, 'HIT@5': '0.4518', 'NDCG@5': '0.2976', 'HIT@10': '0.6295', 'NDCG@10': '0.3552', 'HIT@20': '0.7720', 'NDCG@20': '0.3915', 'MRR@5': '0.2869', 'MRR@10': '0.2869', 'MRR@20': '0.2869'}
EarlyStopping counter: 1 out of 10
{'epoch': 42, 'rec_avg_loss': '0.5950', 'rec_cur_loss': '0.6394'}
{'Epoch': 42, 'HIT@5': '0.4508', 'NDCG@5': '0.2967', 'HIT@10': '0.6285', 'NDCG@10': '0.3544', 'HIT@20': '0.7728', 'NDCG@20': '0.3911', 'MRR@5': '0.2862', 'MRR@10': '0.2862', 'MRR@20': '0.2862'}
EarlyStopping counter: 2 out of 10
{'epoch': 43, 'rec_avg_loss': '0.5935', 'rec_cur_loss': '0.5880'}
{'Epoch': 43, 'HIT@5': '0.4581', 'NDCG@5': '0.3007', 'HIT@10': '0.6293', 'NDCG@10': '0.3562', 'HIT@20': '0.7735', 'NDCG@20': '0.3928', 'MRR@5': '0.2881', 'MRR@10': '0.2881', 'MRR@20': '0.2881'}
EarlyStopping counter: 3 out of 10
{'epoch': 44, 'rec_avg_loss': '0.5925', 'rec_cur_loss': '0.6346'}
{'Epoch': 44, 'HIT@5': '0.4530', 'NDCG@5': '0.2992', 'HIT@10': '0.6323', 'NDCG@10': '0.3573', 'HIT@20': '0.7722', 'NDCG@20': '0.3929', 'MRR@5': '0.2886', 'MRR@10': '0.2886', 'MRR@20': '0.2886'}
EarlyStopping counter: 4 out of 10
{'epoch': 45, 'rec_avg_loss': '0.5910', 'rec_cur_loss': '0.5708'}
{'Epoch': 45, 'HIT@5': '0.4533', 'NDCG@5': '0.2999', 'HIT@10': '0.6308', 'NDCG@10': '0.3574', 'HIT@20': '0.7712', 'NDCG@20': '0.3930', 'MRR@5': '0.2891', 'MRR@10': '0.2891', 'MRR@20': '0.2891'}
EarlyStopping counter: 5 out of 10
{'epoch': 46, 'rec_avg_loss': '0.5927', 'rec_cur_loss': '0.5997'}
{'Epoch': 46, 'HIT@5': '0.4581', 'NDCG@5': '0.3030', 'HIT@10': '0.6331', 'NDCG@10': '0.3596', 'HIT@20': '0.7724', 'NDCG@20': '0.3950', 'MRR@5': '0.2912', 'MRR@10': '0.2912', 'MRR@20': '0.2912'}
Validation score increased.  Saving model ...
{'epoch': 47, 'rec_avg_loss': '0.5921', 'rec_cur_loss': '0.5726'}
{'Epoch': 47, 'HIT@5': '0.4568', 'NDCG@5': '0.3028', 'HIT@10': '0.6338', 'NDCG@10': '0.3601', 'HIT@20': '0.7732', 'NDCG@20': '0.3955', 'MRR@5': '0.2916', 'MRR@10': '0.2916', 'MRR@20': '0.2916'}
Validation score increased.  Saving model ...
{'epoch': 48, 'rec_avg_loss': '0.5886', 'rec_cur_loss': '0.5972'}
{'Epoch': 48, 'HIT@5': '0.4629', 'NDCG@5': '0.3073', 'HIT@10': '0.6346', 'NDCG@10': '0.3629', 'HIT@20': '0.7753', 'NDCG@20': '0.3987', 'MRR@5': '0.2950', 'MRR@10': '0.2950', 'MRR@20': '0.2950'}
Validation score increased.  Saving model ...
{'epoch': 49, 'rec_avg_loss': '0.5885', 'rec_cur_loss': '0.5482'}
{'Epoch': 49, 'HIT@5': '0.4517', 'NDCG@5': '0.2985', 'HIT@10': '0.6295', 'NDCG@10': '0.3563', 'HIT@20': '0.7724', 'NDCG@20': '0.3927', 'MRR@5': '0.2884', 'MRR@10': '0.2884', 'MRR@20': '0.2884'}
EarlyStopping counter: 1 out of 10
{'epoch': 50, 'rec_avg_loss': '0.5876', 'rec_cur_loss': '0.5604'}
{'Epoch': 50, 'HIT@5': '0.4616', 'NDCG@5': '0.3062', 'HIT@10': '0.6356', 'NDCG@10': '0.3626', 'HIT@20': '0.7750', 'NDCG@20': '0.3981', 'MRR@5': '0.2943', 'MRR@10': '0.2943', 'MRR@20': '0.2943'}
EarlyStopping counter: 2 out of 10
{'epoch': 51, 'rec_avg_loss': '0.5864', 'rec_cur_loss': '0.5413'}
{'Epoch': 51, 'HIT@5': '0.4669', 'NDCG@5': '0.3092', 'HIT@10': '0.6379', 'NDCG@10': '0.3644', 'HIT@20': '0.7758', 'NDCG@20': '0.3994', 'MRR@5': '0.2957', 'MRR@10': '0.2957', 'MRR@20': '0.2957'}
Validation score increased.  Saving model ...
{'epoch': 52, 'rec_avg_loss': '0.5870', 'rec_cur_loss': '0.6177'}
{'Epoch': 52, 'HIT@5': '0.4609', 'NDCG@5': '0.3066', 'HIT@10': '0.6343', 'NDCG@10': '0.3628', 'HIT@20': '0.7742', 'NDCG@20': '0.3984', 'MRR@5': '0.2949', 'MRR@10': '0.2949', 'MRR@20': '0.2949'}
EarlyStopping counter: 1 out of 10
{'epoch': 53, 'rec_avg_loss': '0.5862', 'rec_cur_loss': '0.6444'}
{'Epoch': 53, 'HIT@5': '0.4685', 'NDCG@5': '0.3106', 'HIT@10': '0.6371', 'NDCG@10': '0.3652', 'HIT@20': '0.7760', 'NDCG@20': '0.4006', 'MRR@5': '0.2971', 'MRR@10': '0.2971', 'MRR@20': '0.2971'}
Validation score increased.  Saving model ...
{'epoch': 54, 'rec_avg_loss': '0.5852', 'rec_cur_loss': '0.5712'}
{'Epoch': 54, 'HIT@5': '0.4644', 'NDCG@5': '0.3074', 'HIT@10': '0.6351', 'NDCG@10': '0.3627', 'HIT@20': '0.7776', 'NDCG@20': '0.3991', 'MRR@5': '0.2947', 'MRR@10': '0.2947', 'MRR@20': '0.2947'}
EarlyStopping counter: 1 out of 10
{'epoch': 55, 'rec_avg_loss': '0.5860', 'rec_cur_loss': '0.5791'}
{'Epoch': 55, 'HIT@5': '0.4654', 'NDCG@5': '0.3092', 'HIT@10': '0.6402', 'NDCG@10': '0.3659', 'HIT@20': '0.7790', 'NDCG@20': '0.4012', 'MRR@5': '0.2970', 'MRR@10': '0.2970', 'MRR@20': '0.2970'}
EarlyStopping counter: 2 out of 10
{'epoch': 56, 'rec_avg_loss': '0.5854', 'rec_cur_loss': '0.6247'}
{'Epoch': 56, 'HIT@5': '0.4719', 'NDCG@5': '0.3140', 'HIT@10': '0.6412', 'NDCG@10': '0.3689', 'HIT@20': '0.7765', 'NDCG@20': '0.4034', 'MRR@5': '0.3003', 'MRR@10': '0.3003', 'MRR@20': '0.3003'}
Validation score increased.  Saving model ...
{'epoch': 57, 'rec_avg_loss': '0.5827', 'rec_cur_loss': '0.5832'}
{'Epoch': 57, 'HIT@5': '0.4571', 'NDCG@5': '0.3020', 'HIT@10': '0.6303', 'NDCG@10': '0.3581', 'HIT@20': '0.7737', 'NDCG@20': '0.3946', 'MRR@5': '0.2903', 'MRR@10': '0.2903', 'MRR@20': '0.2903'}
EarlyStopping counter: 1 out of 10
{'epoch': 58, 'rec_avg_loss': '0.5836', 'rec_cur_loss': '0.6364'}
{'Epoch': 58, 'HIT@5': '0.4710', 'NDCG@5': '0.3140', 'HIT@10': '0.6424', 'NDCG@10': '0.3695', 'HIT@20': '0.7773', 'NDCG@20': '0.4038', 'MRR@5': '0.3006', 'MRR@10': '0.3006', 'MRR@20': '0.3006'}
Validation score increased.  Saving model ...
{'epoch': 59, 'rec_avg_loss': '0.5832', 'rec_cur_loss': '0.5192'}
{'Epoch': 59, 'HIT@5': '0.4689', 'NDCG@5': '0.3115', 'HIT@10': '0.6396', 'NDCG@10': '0.3670', 'HIT@20': '0.7773', 'NDCG@20': '0.4021', 'MRR@5': '0.2985', 'MRR@10': '0.2985', 'MRR@20': '0.2985'}
EarlyStopping counter: 1 out of 10
{'epoch': 60, 'rec_avg_loss': '0.5819', 'rec_cur_loss': '0.6193'}
{'Epoch': 60, 'HIT@5': '0.4685', 'NDCG@5': '0.3122', 'HIT@10': '0.6401', 'NDCG@10': '0.3678', 'HIT@20': '0.7770', 'NDCG@20': '0.4026', 'MRR@5': '0.2994', 'MRR@10': '0.2994', 'MRR@20': '0.2994'}
EarlyStopping counter: 2 out of 10
{'epoch': 61, 'rec_avg_loss': '0.5793', 'rec_cur_loss': '0.5629'}
{'Epoch': 61, 'HIT@5': '0.4657', 'NDCG@5': '0.3094', 'HIT@10': '0.6404', 'NDCG@10': '0.3659', 'HIT@20': '0.7780', 'NDCG@20': '0.4009', 'MRR@5': '0.2968', 'MRR@10': '0.2968', 'MRR@20': '0.2968'}
EarlyStopping counter: 3 out of 10
{'epoch': 62, 'rec_avg_loss': '0.5792', 'rec_cur_loss': '0.4876'}
{'Epoch': 62, 'HIT@5': '0.4690', 'NDCG@5': '0.3101', 'HIT@10': '0.6399', 'NDCG@10': '0.3656', 'HIT@20': '0.7788', 'NDCG@20': '0.4009', 'MRR@5': '0.2965', 'MRR@10': '0.2965', 'MRR@20': '0.2965'}
EarlyStopping counter: 4 out of 10
{'epoch': 63, 'rec_avg_loss': '0.5802', 'rec_cur_loss': '0.6090'}
{'Epoch': 63, 'HIT@5': '0.4742', 'NDCG@5': '0.3155', 'HIT@10': '0.6424', 'NDCG@10': '0.3699', 'HIT@20': '0.7790', 'NDCG@20': '0.4047', 'MRR@5': '0.3013', 'MRR@10': '0.3013', 'MRR@20': '0.3013'}
Validation score increased.  Saving model ...
{'epoch': 64, 'rec_avg_loss': '0.5802', 'rec_cur_loss': '0.5898'}
{'Epoch': 64, 'HIT@5': '0.4745', 'NDCG@5': '0.3166', 'HIT@10': '0.6435', 'NDCG@10': '0.3714', 'HIT@20': '0.7775', 'NDCG@20': '0.4055', 'MRR@5': '0.3027', 'MRR@10': '0.3027', 'MRR@20': '0.3027'}
Validation score increased.  Saving model ...
{'epoch': 65, 'rec_avg_loss': '0.5810', 'rec_cur_loss': '0.7056'}
{'Epoch': 65, 'HIT@5': '0.4697', 'NDCG@5': '0.3107', 'HIT@10': '0.6382', 'NDCG@10': '0.3654', 'HIT@20': '0.7778', 'NDCG@20': '0.4008', 'MRR@5': '0.2968', 'MRR@10': '0.2968', 'MRR@20': '0.2968'}
EarlyStopping counter: 1 out of 10
{'epoch': 66, 'rec_avg_loss': '0.5793', 'rec_cur_loss': '0.5677'}
{'Epoch': 66, 'HIT@5': '0.4765', 'NDCG@5': '0.3172', 'HIT@10': '0.6470', 'NDCG@10': '0.3726', 'HIT@20': '0.7803', 'NDCG@20': '0.4065', 'MRR@5': '0.3030', 'MRR@10': '0.3030', 'MRR@20': '0.3030'}
Validation score increased.  Saving model ...
{'epoch': 67, 'rec_avg_loss': '0.5761', 'rec_cur_loss': '0.5670'}
{'Epoch': 67, 'HIT@5': '0.4702', 'NDCG@5': '0.3142', 'HIT@10': '0.6386', 'NDCG@10': '0.3686', 'HIT@20': '0.7770', 'NDCG@20': '0.4037', 'MRR@5': '0.3008', 'MRR@10': '0.3008', 'MRR@20': '0.3008'}
EarlyStopping counter: 1 out of 10
{'epoch': 68, 'rec_avg_loss': '0.5756', 'rec_cur_loss': '0.5636'}
{'Epoch': 68, 'HIT@5': '0.4733', 'NDCG@5': '0.3156', 'HIT@10': '0.6434', 'NDCG@10': '0.3707', 'HIT@20': '0.7768', 'NDCG@20': '0.4047', 'MRR@5': '0.3018', 'MRR@10': '0.3018', 'MRR@20': '0.3018'}
EarlyStopping counter: 2 out of 10
{'epoch': 69, 'rec_avg_loss': '0.5774', 'rec_cur_loss': '0.6167'}
{'Epoch': 69, 'HIT@5': '0.4752', 'NDCG@5': '0.3173', 'HIT@10': '0.6449', 'NDCG@10': '0.3724', 'HIT@20': '0.7781', 'NDCG@20': '0.4063', 'MRR@5': '0.3035', 'MRR@10': '0.3035', 'MRR@20': '0.3035'}
Validation score increased.  Saving model ...
{'epoch': 70, 'rec_avg_loss': '0.5764', 'rec_cur_loss': '0.5667'}
{'Epoch': 70, 'HIT@5': '0.4776', 'NDCG@5': '0.3181', 'HIT@10': '0.6422', 'NDCG@10': '0.3715', 'HIT@20': '0.7796', 'NDCG@20': '0.4064', 'MRR@5': '0.3032', 'MRR@10': '0.3032', 'MRR@20': '0.3032'}
EarlyStopping counter: 1 out of 10
{'epoch': 71, 'rec_avg_loss': '0.5738', 'rec_cur_loss': '0.5418'}
{'Epoch': 71, 'HIT@5': '0.4768', 'NDCG@5': '0.3149', 'HIT@10': '0.6401', 'NDCG@10': '0.3678', 'HIT@20': '0.7781', 'NDCG@20': '0.4030', 'MRR@5': '0.2992', 'MRR@10': '0.2992', 'MRR@20': '0.2992'}
EarlyStopping counter: 2 out of 10
{'epoch': 72, 'rec_avg_loss': '0.5772', 'rec_cur_loss': '0.6066'}
{'Epoch': 72, 'HIT@5': '0.4788', 'NDCG@5': '0.3185', 'HIT@10': '0.6457', 'NDCG@10': '0.3725', 'HIT@20': '0.7821', 'NDCG@20': '0.4072', 'MRR@5': '0.3034', 'MRR@10': '0.3034', 'MRR@20': '0.3034'}
EarlyStopping counter: 3 out of 10
{'epoch': 73, 'rec_avg_loss': '0.5756', 'rec_cur_loss': '0.6021'}
{'Epoch': 73, 'HIT@5': '0.4806', 'NDCG@5': '0.3218', 'HIT@10': '0.6437', 'NDCG@10': '0.3747', 'HIT@20': '0.7813', 'NDCG@20': '0.4097', 'MRR@5': '0.3069', 'MRR@10': '0.3069', 'MRR@20': '0.3069'}
Validation score increased.  Saving model ...
{'epoch': 74, 'rec_avg_loss': '0.5766', 'rec_cur_loss': '0.6476'}
{'Epoch': 74, 'HIT@5': '0.4844', 'NDCG@5': '0.3234', 'HIT@10': '0.6482', 'NDCG@10': '0.3766', 'HIT@20': '0.7810', 'NDCG@20': '0.4104', 'MRR@5': '0.3077', 'MRR@10': '0.3077', 'MRR@20': '0.3077'}
Validation score increased.  Saving model ...
{'epoch': 75, 'rec_avg_loss': '0.5718', 'rec_cur_loss': '0.6088'}
{'Epoch': 75, 'HIT@5': '0.4790', 'NDCG@5': '0.3195', 'HIT@10': '0.6457', 'NDCG@10': '0.3736', 'HIT@20': '0.7808', 'NDCG@20': '0.4080', 'MRR@5': '0.3049', 'MRR@10': '0.3049', 'MRR@20': '0.3049'}
EarlyStopping counter: 1 out of 10
{'epoch': 76, 'rec_avg_loss': '0.5713', 'rec_cur_loss': '0.5552'}
{'Epoch': 76, 'HIT@5': '0.4798', 'NDCG@5': '0.3199', 'HIT@10': '0.6439', 'NDCG@10': '0.3731', 'HIT@20': '0.7785', 'NDCG@20': '0.4074', 'MRR@5': '0.3048', 'MRR@10': '0.3048', 'MRR@20': '0.3048'}
EarlyStopping counter: 2 out of 10
{'epoch': 77, 'rec_avg_loss': '0.5719', 'rec_cur_loss': '0.6027'}
{'Epoch': 77, 'HIT@5': '0.4740', 'NDCG@5': '0.3166', 'HIT@10': '0.6430', 'NDCG@10': '0.3713', 'HIT@20': '0.7772', 'NDCG@20': '0.4054', 'MRR@5': '0.3028', 'MRR@10': '0.3028', 'MRR@20': '0.3028'}
EarlyStopping counter: 3 out of 10
{'epoch': 78, 'rec_avg_loss': '0.5731', 'rec_cur_loss': '0.6066'}
{'Epoch': 78, 'HIT@5': '0.4831', 'NDCG@5': '0.3228', 'HIT@10': '0.6503', 'NDCG@10': '0.3770', 'HIT@20': '0.7810', 'NDCG@20': '0.4102', 'MRR@5': '0.3075', 'MRR@10': '0.3075', 'MRR@20': '0.3075'}
EarlyStopping counter: 4 out of 10
{'epoch': 79, 'rec_avg_loss': '0.5713', 'rec_cur_loss': '0.6075'}
{'Epoch': 79, 'HIT@5': '0.4780', 'NDCG@5': '0.3185', 'HIT@10': '0.6445', 'NDCG@10': '0.3725', 'HIT@20': '0.7805', 'NDCG@20': '0.4070', 'MRR@5': '0.3038', 'MRR@10': '0.3038', 'MRR@20': '0.3038'}
EarlyStopping counter: 5 out of 10
{'epoch': 80, 'rec_avg_loss': '0.5696', 'rec_cur_loss': '0.5403'}
{'Epoch': 80, 'HIT@5': '0.4783', 'NDCG@5': '0.3209', 'HIT@10': '0.6510', 'NDCG@10': '0.3769', 'HIT@20': '0.7815', 'NDCG@20': '0.4101', 'MRR@5': '0.3073', 'MRR@10': '0.3073', 'MRR@20': '0.3073'}
EarlyStopping counter: 6 out of 10
{'epoch': 81, 'rec_avg_loss': '0.5703', 'rec_cur_loss': '0.6328'}
{'Epoch': 81, 'HIT@5': '0.4781', 'NDCG@5': '0.3209', 'HIT@10': '0.6485', 'NDCG@10': '0.3763', 'HIT@20': '0.7815', 'NDCG@20': '0.4101', 'MRR@5': '0.3073', 'MRR@10': '0.3073', 'MRR@20': '0.3073'}
EarlyStopping counter: 7 out of 10
{'epoch': 82, 'rec_avg_loss': '0.5685', 'rec_cur_loss': '0.5474'}
{'Epoch': 82, 'HIT@5': '0.4831', 'NDCG@5': '0.3223', 'HIT@10': '0.6502', 'NDCG@10': '0.3764', 'HIT@20': '0.7834', 'NDCG@20': '0.4102', 'MRR@5': '0.3068', 'MRR@10': '0.3068', 'MRR@20': '0.3068'}
EarlyStopping counter: 8 out of 10
{'epoch': 83, 'rec_avg_loss': '0.5712', 'rec_cur_loss': '0.5734'}
{'Epoch': 83, 'HIT@5': '0.4825', 'NDCG@5': '0.3218', 'HIT@10': '0.6517', 'NDCG@10': '0.3765', 'HIT@20': '0.7834', 'NDCG@20': '0.4098', 'MRR@5': '0.3065', 'MRR@10': '0.3065', 'MRR@20': '0.3065'}
EarlyStopping counter: 9 out of 10
{'epoch': 84, 'rec_avg_loss': '0.5707', 'rec_cur_loss': '0.5198'}
{'Epoch': 84, 'HIT@5': '0.4829', 'NDCG@5': '0.3236', 'HIT@10': '0.6469', 'NDCG@10': '0.3766', 'HIT@20': '0.7811', 'NDCG@20': '0.4107', 'MRR@5': '0.3083', 'MRR@10': '0.3083', 'MRR@20': '0.3083'}
Validation score increased.  Saving model ...
{'epoch': 85, 'rec_avg_loss': '0.5688', 'rec_cur_loss': '0.5237'}
{'Epoch': 85, 'HIT@5': '0.4891', 'NDCG@5': '0.3296', 'HIT@10': '0.6526', 'NDCG@10': '0.3829', 'HIT@20': '0.7829', 'NDCG@20': '0.4160', 'MRR@5': '0.3143', 'MRR@10': '0.3143', 'MRR@20': '0.3143'}
Validation score increased.  Saving model ...
{'epoch': 86, 'rec_avg_loss': '0.5705', 'rec_cur_loss': '0.6277'}
{'Epoch': 86, 'HIT@5': '0.4831', 'NDCG@5': '0.3247', 'HIT@10': '0.6480', 'NDCG@10': '0.3783', 'HIT@20': '0.7815', 'NDCG@20': '0.4122', 'MRR@5': '0.3101', 'MRR@10': '0.3101', 'MRR@20': '0.3101'}
EarlyStopping counter: 1 out of 10
{'epoch': 87, 'rec_avg_loss': '0.5677', 'rec_cur_loss': '0.5538'}
{'Epoch': 87, 'HIT@5': '0.4838', 'NDCG@5': '0.3247', 'HIT@10': '0.6535', 'NDCG@10': '0.3798', 'HIT@20': '0.7833', 'NDCG@20': '0.4127', 'MRR@5': '0.3100', 'MRR@10': '0.3100', 'MRR@20': '0.3100'}
EarlyStopping counter: 2 out of 10
{'epoch': 88, 'rec_avg_loss': '0.5675', 'rec_cur_loss': '0.5660'}
{'Epoch': 88, 'HIT@5': '0.4834', 'NDCG@5': '0.3229', 'HIT@10': '0.6474', 'NDCG@10': '0.3759', 'HIT@20': '0.7821', 'NDCG@20': '0.4102', 'MRR@5': '0.3073', 'MRR@10': '0.3073', 'MRR@20': '0.3073'}
EarlyStopping counter: 3 out of 10
{'epoch': 89, 'rec_avg_loss': '0.5660', 'rec_cur_loss': '0.5681'}
{'Epoch': 89, 'HIT@5': '0.4834', 'NDCG@5': '0.3258', 'HIT@10': '0.6502', 'NDCG@10': '0.3799', 'HIT@20': '0.7831', 'NDCG@20': '0.4137', 'MRR@5': '0.3114', 'MRR@10': '0.3114', 'MRR@20': '0.3114'}
EarlyStopping counter: 4 out of 10
{'epoch': 90, 'rec_avg_loss': '0.5702', 'rec_cur_loss': '0.5943'}
{'Epoch': 90, 'HIT@5': '0.4869', 'NDCG@5': '0.3270', 'HIT@10': '0.6545', 'NDCG@10': '0.3814', 'HIT@20': '0.7853', 'NDCG@20': '0.4145', 'MRR@5': '0.3117', 'MRR@10': '0.3117', 'MRR@20': '0.3117'}
EarlyStopping counter: 5 out of 10
{'epoch': 91, 'rec_avg_loss': '0.5685', 'rec_cur_loss': '0.5113'}
{'Epoch': 91, 'HIT@5': '0.4848', 'NDCG@5': '0.3250', 'HIT@10': '0.6515', 'NDCG@10': '0.3790', 'HIT@20': '0.7816', 'NDCG@20': '0.4121', 'MRR@5': '0.3098', 'MRR@10': '0.3098', 'MRR@20': '0.3098'}
EarlyStopping counter: 6 out of 10
{'epoch': 92, 'rec_avg_loss': '0.5667', 'rec_cur_loss': '0.5304'}
{'Epoch': 92, 'HIT@5': '0.4851', 'NDCG@5': '0.3252', 'HIT@10': '0.6551', 'NDCG@10': '0.3804', 'HIT@20': '0.7826', 'NDCG@20': '0.4128', 'MRR@5': '0.3102', 'MRR@10': '0.3102', 'MRR@20': '0.3102'}
EarlyStopping counter: 7 out of 10
{'epoch': 93, 'rec_avg_loss': '0.5693', 'rec_cur_loss': '0.6183'}
{'Epoch': 93, 'HIT@5': '0.4882', 'NDCG@5': '0.3292', 'HIT@10': '0.6531', 'NDCG@10': '0.3828', 'HIT@20': '0.7829', 'NDCG@20': '0.4158', 'MRR@5': '0.3141', 'MRR@10': '0.3141', 'MRR@20': '0.3141'}
EarlyStopping counter: 8 out of 10
{'epoch': 94, 'rec_avg_loss': '0.5638', 'rec_cur_loss': '0.5237'}
{'Epoch': 94, 'HIT@5': '0.4904', 'NDCG@5': '0.3306', 'HIT@10': '0.6513', 'NDCG@10': '0.3829', 'HIT@20': '0.7825', 'NDCG@20': '0.4163', 'MRR@5': '0.3148', 'MRR@10': '0.3148', 'MRR@20': '0.3148'}
Validation score increased.  Saving model ...
{'epoch': 95, 'rec_avg_loss': '0.5700', 'rec_cur_loss': '0.5964'}
{'Epoch': 95, 'HIT@5': '0.4897', 'NDCG@5': '0.3293', 'HIT@10': '0.6528', 'NDCG@10': '0.3823', 'HIT@20': '0.7826', 'NDCG@20': '0.4153', 'MRR@5': '0.3134', 'MRR@10': '0.3134', 'MRR@20': '0.3134'}
EarlyStopping counter: 1 out of 10
{'epoch': 96, 'rec_avg_loss': '0.5639', 'rec_cur_loss': '0.5764'}
{'Epoch': 96, 'HIT@5': '0.4877', 'NDCG@5': '0.3295', 'HIT@10': '0.6518', 'NDCG@10': '0.3828', 'HIT@20': '0.7828', 'NDCG@20': '0.4161', 'MRR@5': '0.3145', 'MRR@10': '0.3145', 'MRR@20': '0.3145'}
EarlyStopping counter: 2 out of 10
{'epoch': 97, 'rec_avg_loss': '0.5663', 'rec_cur_loss': '0.6096'}
{'Epoch': 97, 'HIT@5': '0.4939', 'NDCG@5': '0.3315', 'HIT@10': '0.6546', 'NDCG@10': '0.3837', 'HIT@20': '0.7839', 'NDCG@20': '0.4167', 'MRR@5': '0.3146', 'MRR@10': '0.3146', 'MRR@20': '0.3146'}
EarlyStopping counter: 3 out of 10
{'epoch': 98, 'rec_avg_loss': '0.5643', 'rec_cur_loss': '0.5508'}
{'Epoch': 98, 'HIT@5': '0.4925', 'NDCG@5': '0.3329', 'HIT@10': '0.6556', 'NDCG@10': '0.3860', 'HIT@20': '0.7853', 'NDCG@20': '0.4188', 'MRR@5': '0.3171', 'MRR@10': '0.3171', 'MRR@20': '0.3171'}
Validation score increased.  Saving model ...
{'epoch': 99, 'rec_avg_loss': '0.5669', 'rec_cur_loss': '0.5469'}
{'Epoch': 99, 'HIT@5': '0.4939', 'NDCG@5': '0.3329', 'HIT@10': '0.6558', 'NDCG@10': '0.3855', 'HIT@20': '0.7849', 'NDCG@20': '0.4183', 'MRR@5': '0.3164', 'MRR@10': '0.3164', 'MRR@20': '0.3164'}
EarlyStopping counter: 1 out of 10
{'epoch': 100, 'rec_avg_loss': '0.5624', 'rec_cur_loss': '0.5729'}
{'Epoch': 100, 'HIT@5': '0.4924', 'NDCG@5': '0.3313', 'HIT@10': '0.6531', 'NDCG@10': '0.3838', 'HIT@20': '0.7854', 'NDCG@20': '0.4175', 'MRR@5': '0.3152', 'MRR@10': '0.3152', 'MRR@20': '0.3152'}
EarlyStopping counter: 2 out of 10
{'epoch': 101, 'rec_avg_loss': '0.5634', 'rec_cur_loss': '0.5266'}
{'Epoch': 101, 'HIT@5': '0.4959', 'NDCG@5': '0.3334', 'HIT@10': '0.6526', 'NDCG@10': '0.3843', 'HIT@20': '0.7834', 'NDCG@20': '0.4176', 'MRR@5': '0.3161', 'MRR@10': '0.3161', 'MRR@20': '0.3161'}
EarlyStopping counter: 3 out of 10
{'epoch': 102, 'rec_avg_loss': '0.5599', 'rec_cur_loss': '0.4734'}
{'Epoch': 102, 'HIT@5': '0.4894', 'NDCG@5': '0.3288', 'HIT@10': '0.6482', 'NDCG@10': '0.3803', 'HIT@20': '0.7828', 'NDCG@20': '0.4145', 'MRR@5': '0.3125', 'MRR@10': '0.3125', 'MRR@20': '0.3125'}
EarlyStopping counter: 4 out of 10
{'epoch': 103, 'rec_avg_loss': '0.5631', 'rec_cur_loss': '0.5928'}
{'Epoch': 103, 'HIT@5': '0.4957', 'NDCG@5': '0.3356', 'HIT@10': '0.6546', 'NDCG@10': '0.3873', 'HIT@20': '0.7856', 'NDCG@20': '0.4206', 'MRR@5': '0.3192', 'MRR@10': '0.3192', 'MRR@20': '0.3192'}
Validation score increased.  Saving model ...
{'epoch': 104, 'rec_avg_loss': '0.5595', 'rec_cur_loss': '0.4952'}
{'Epoch': 104, 'HIT@5': '0.4940', 'NDCG@5': '0.3330', 'HIT@10': '0.6513', 'NDCG@10': '0.3842', 'HIT@20': '0.7836', 'NDCG@20': '0.4179', 'MRR@5': '0.3164', 'MRR@10': '0.3164', 'MRR@20': '0.3164'}
EarlyStopping counter: 1 out of 10
{'epoch': 105, 'rec_avg_loss': '0.5616', 'rec_cur_loss': '0.6016'}
{'Epoch': 105, 'HIT@5': '0.4987', 'NDCG@5': '0.3377', 'HIT@10': '0.6548', 'NDCG@10': '0.3883', 'HIT@20': '0.7826', 'NDCG@20': '0.4208', 'MRR@5': '0.3204', 'MRR@10': '0.3204', 'MRR@20': '0.3204'}
Validation score increased.  Saving model ...
{'epoch': 106, 'rec_avg_loss': '0.5606', 'rec_cur_loss': '0.4864'}
{'Epoch': 106, 'HIT@5': '0.4988', 'NDCG@5': '0.3362', 'HIT@10': '0.6561', 'NDCG@10': '0.3872', 'HIT@20': '0.7839', 'NDCG@20': '0.4196', 'MRR@5': '0.3183', 'MRR@10': '0.3183', 'MRR@20': '0.3183'}
EarlyStopping counter: 1 out of 10
{'epoch': 107, 'rec_avg_loss': '0.5608', 'rec_cur_loss': '0.5894'}
{'Epoch': 107, 'HIT@5': '0.4972', 'NDCG@5': '0.3370', 'HIT@10': '0.6553', 'NDCG@10': '0.3883', 'HIT@20': '0.7828', 'NDCG@20': '0.4207', 'MRR@5': '0.3202', 'MRR@10': '0.3202', 'MRR@20': '0.3202'}
EarlyStopping counter: 2 out of 10
{'epoch': 108, 'rec_avg_loss': '0.5602', 'rec_cur_loss': '0.5745'}
{'Epoch': 108, 'HIT@5': '0.4955', 'NDCG@5': '0.3355', 'HIT@10': '0.6543', 'NDCG@10': '0.3871', 'HIT@20': '0.7841', 'NDCG@20': '0.4201', 'MRR@5': '0.3190', 'MRR@10': '0.3190', 'MRR@20': '0.3190'}
EarlyStopping counter: 3 out of 10
{'epoch': 109, 'rec_avg_loss': '0.5587', 'rec_cur_loss': '0.5298'}
{'Epoch': 109, 'HIT@5': '0.5017', 'NDCG@5': '0.3398', 'HIT@10': '0.6579', 'NDCG@10': '0.3907', 'HIT@20': '0.7894', 'NDCG@20': '0.4241', 'MRR@5': '0.3225', 'MRR@10': '0.3225', 'MRR@20': '0.3225'}
Validation score increased.  Saving model ...
{'epoch': 110, 'rec_avg_loss': '0.5590', 'rec_cur_loss': '0.5199'}
{'Epoch': 110, 'HIT@5': '0.5007', 'NDCG@5': '0.3408', 'HIT@10': '0.6553', 'NDCG@10': '0.3911', 'HIT@20': '0.7859', 'NDCG@20': '0.4244', 'MRR@5': '0.3240', 'MRR@10': '0.3240', 'MRR@20': '0.3240'}
Validation score increased.  Saving model ...
{'epoch': 111, 'rec_avg_loss': '0.5591', 'rec_cur_loss': '0.5630'}
{'Epoch': 111, 'HIT@5': '0.5008', 'NDCG@5': '0.3417', 'HIT@10': '0.6588', 'NDCG@10': '0.3929', 'HIT@20': '0.7894', 'NDCG@20': '0.4260', 'MRR@5': '0.3251', 'MRR@10': '0.3251', 'MRR@20': '0.3251'}
Validation score increased.  Saving model ...
{'epoch': 112, 'rec_avg_loss': '0.5574', 'rec_cur_loss': '0.5596'}
{'Epoch': 112, 'HIT@5': '0.5013', 'NDCG@5': '0.3410', 'HIT@10': '0.6581', 'NDCG@10': '0.3921', 'HIT@20': '0.7891', 'NDCG@20': '0.4254', 'MRR@5': '0.3243', 'MRR@10': '0.3243', 'MRR@20': '0.3243'}
EarlyStopping counter: 1 out of 10
{'epoch': 113, 'rec_avg_loss': '0.5565', 'rec_cur_loss': '0.4759'}
{'Epoch': 113, 'HIT@5': '0.5008', 'NDCG@5': '0.3405', 'HIT@10': '0.6568', 'NDCG@10': '0.3910', 'HIT@20': '0.7851', 'NDCG@20': '0.4236', 'MRR@5': '0.3232', 'MRR@10': '0.3232', 'MRR@20': '0.3232'}
EarlyStopping counter: 2 out of 10
{'epoch': 114, 'rec_avg_loss': '0.5589', 'rec_cur_loss': '0.6125'}
{'Epoch': 114, 'HIT@5': '0.4987', 'NDCG@5': '0.3381', 'HIT@10': '0.6517', 'NDCG@10': '0.3878', 'HIT@20': '0.7869', 'NDCG@20': '0.4221', 'MRR@5': '0.3209', 'MRR@10': '0.3209', 'MRR@20': '0.3209'}
EarlyStopping counter: 3 out of 10
{'epoch': 115, 'rec_avg_loss': '0.5611', 'rec_cur_loss': '0.6101'}
{'Epoch': 115, 'HIT@5': '0.5018', 'NDCG@5': '0.3397', 'HIT@10': '0.6586', 'NDCG@10': '0.3905', 'HIT@20': '0.7854', 'NDCG@20': '0.4227', 'MRR@5': '0.3219', 'MRR@10': '0.3219', 'MRR@20': '0.3219'}
EarlyStopping counter: 4 out of 10
{'epoch': 116, 'rec_avg_loss': '0.5570', 'rec_cur_loss': '0.5482'}
{'Epoch': 116, 'HIT@5': '0.5028', 'NDCG@5': '0.3401', 'HIT@10': '0.6566', 'NDCG@10': '0.3900', 'HIT@20': '0.7864', 'NDCG@20': '0.4230', 'MRR@5': '0.3220', 'MRR@10': '0.3220', 'MRR@20': '0.3220'}
EarlyStopping counter: 5 out of 10
{'epoch': 117, 'rec_avg_loss': '0.5566', 'rec_cur_loss': '0.4872'}
{'Epoch': 117, 'HIT@5': '0.5058', 'NDCG@5': '0.3424', 'HIT@10': '0.6594', 'NDCG@10': '0.3923', 'HIT@20': '0.7879', 'NDCG@20': '0.4249', 'MRR@5': '0.3239', 'MRR@10': '0.3239', 'MRR@20': '0.3239'}
EarlyStopping counter: 6 out of 10
{'epoch': 118, 'rec_avg_loss': '0.5581', 'rec_cur_loss': '0.5515'}
{'Epoch': 118, 'HIT@5': '0.5045', 'NDCG@5': '0.3407', 'HIT@10': '0.6583', 'NDCG@10': '0.3905', 'HIT@20': '0.7876', 'NDCG@20': '0.4233', 'MRR@5': '0.3219', 'MRR@10': '0.3219', 'MRR@20': '0.3219'}
EarlyStopping counter: 7 out of 10
{'epoch': 119, 'rec_avg_loss': '0.5559', 'rec_cur_loss': '0.6390'}
{'Epoch': 119, 'HIT@5': '0.5045', 'NDCG@5': '0.3419', 'HIT@10': '0.6573', 'NDCG@10': '0.3915', 'HIT@20': '0.7877', 'NDCG@20': '0.4245', 'MRR@5': '0.3236', 'MRR@10': '0.3236', 'MRR@20': '0.3236'}
EarlyStopping counter: 8 out of 10
{'epoch': 120, 'rec_avg_loss': '0.5582', 'rec_cur_loss': '0.5698'}
{'Epoch': 120, 'HIT@5': '0.5051', 'NDCG@5': '0.3407', 'HIT@10': '0.6589', 'NDCG@10': '0.3903', 'HIT@20': '0.7858', 'NDCG@20': '0.4225', 'MRR@5': '0.3216', 'MRR@10': '0.3216', 'MRR@20': '0.3216'}
EarlyStopping counter: 9 out of 10
{'epoch': 121, 'rec_avg_loss': '0.5584', 'rec_cur_loss': '0.5828'}
{'Epoch': 121, 'HIT@5': '0.5060', 'NDCG@5': '0.3454', 'HIT@10': '0.6624', 'NDCG@10': '0.3961', 'HIT@20': '0.7886', 'NDCG@20': '0.4281', 'MRR@5': '0.3279', 'MRR@10': '0.3279', 'MRR@20': '0.3279'}
Validation score increased.  Saving model ...
{'epoch': 122, 'rec_avg_loss': '0.5557', 'rec_cur_loss': '0.5383'}
{'Epoch': 122, 'HIT@5': '0.5050', 'NDCG@5': '0.3442', 'HIT@10': '0.6611', 'NDCG@10': '0.3947', 'HIT@20': '0.7897', 'NDCG@20': '0.4273', 'MRR@5': '0.3265', 'MRR@10': '0.3265', 'MRR@20': '0.3265'}
EarlyStopping counter: 1 out of 10
{'epoch': 123, 'rec_avg_loss': '0.5547', 'rec_cur_loss': '0.5858'}
{'Epoch': 123, 'HIT@5': '0.5035', 'NDCG@5': '0.3421', 'HIT@10': '0.6584', 'NDCG@10': '0.3922', 'HIT@20': '0.7864', 'NDCG@20': '0.4248', 'MRR@5': '0.3242', 'MRR@10': '0.3242', 'MRR@20': '0.3242'}
EarlyStopping counter: 2 out of 10
{'epoch': 124, 'rec_avg_loss': '0.5570', 'rec_cur_loss': '0.6455'}
{'Epoch': 124, 'HIT@5': '0.5053', 'NDCG@5': '0.3421', 'HIT@10': '0.6596', 'NDCG@10': '0.3921', 'HIT@20': '0.7873', 'NDCG@20': '0.4246', 'MRR@5': '0.3237', 'MRR@10': '0.3237', 'MRR@20': '0.3237'}
EarlyStopping counter: 3 out of 10
{'epoch': 125, 'rec_avg_loss': '0.5553', 'rec_cur_loss': '0.5589'}
{'Epoch': 125, 'HIT@5': '0.5109', 'NDCG@5': '0.3469', 'HIT@10': '0.6606', 'NDCG@10': '0.3954', 'HIT@20': '0.7907', 'NDCG@20': '0.4284', 'MRR@5': '0.3275', 'MRR@10': '0.3275', 'MRR@20': '0.3275'}
EarlyStopping counter: 4 out of 10
{'epoch': 126, 'rec_avg_loss': '0.5537', 'rec_cur_loss': '0.5285'}
{'Epoch': 126, 'HIT@5': '0.5088', 'NDCG@5': '0.3449', 'HIT@10': '0.6603', 'NDCG@10': '0.3939', 'HIT@20': '0.7854', 'NDCG@20': '0.4258', 'MRR@5': '0.3258', 'MRR@10': '0.3258', 'MRR@20': '0.3258'}
EarlyStopping counter: 5 out of 10
{'epoch': 127, 'rec_avg_loss': '0.5554', 'rec_cur_loss': '0.5248'}
{'Epoch': 127, 'HIT@5': '0.5065', 'NDCG@5': '0.3435', 'HIT@10': '0.6598', 'NDCG@10': '0.3933', 'HIT@20': '0.7856', 'NDCG@20': '0.4253', 'MRR@5': '0.3250', 'MRR@10': '0.3250', 'MRR@20': '0.3250'}
EarlyStopping counter: 6 out of 10
{'epoch': 128, 'rec_avg_loss': '0.5520', 'rec_cur_loss': '0.4976'}
{'Epoch': 128, 'HIT@5': '0.5053', 'NDCG@5': '0.3441', 'HIT@10': '0.6581', 'NDCG@10': '0.3936', 'HIT@20': '0.7897', 'NDCG@20': '0.4269', 'MRR@5': '0.3261', 'MRR@10': '0.3261', 'MRR@20': '0.3261'}
EarlyStopping counter: 7 out of 10
{'epoch': 129, 'rec_avg_loss': '0.5538', 'rec_cur_loss': '0.5838'}
{'Epoch': 129, 'HIT@5': '0.5089', 'NDCG@5': '0.3461', 'HIT@10': '0.6623', 'NDCG@10': '0.3959', 'HIT@20': '0.7884', 'NDCG@20': '0.4280', 'MRR@5': '0.3275', 'MRR@10': '0.3275', 'MRR@20': '0.3275'}
EarlyStopping counter: 8 out of 10
{'epoch': 130, 'rec_avg_loss': '0.5551', 'rec_cur_loss': '0.6001'}
{'Epoch': 130, 'HIT@5': '0.5031', 'NDCG@5': '0.3421', 'HIT@10': '0.6571', 'NDCG@10': '0.3920', 'HIT@20': '0.7881', 'NDCG@20': '0.4252', 'MRR@5': '0.3244', 'MRR@10': '0.3244', 'MRR@20': '0.3244'}
EarlyStopping counter: 9 out of 10
{'epoch': 131, 'rec_avg_loss': '0.5546', 'rec_cur_loss': '0.5022'}
{'Epoch': 131, 'HIT@5': '0.5101', 'NDCG@5': '0.3500', 'HIT@10': '0.6606', 'NDCG@10': '0.3990', 'HIT@20': '0.7881', 'NDCG@20': '0.4314', 'MRR@5': '0.3322', 'MRR@10': '0.3322', 'MRR@20': '0.3322'}
Validation score increased.  Saving model ...
{'epoch': 132, 'rec_avg_loss': '0.5531', 'rec_cur_loss': '0.6260'}
{'Epoch': 132, 'HIT@5': '0.5055', 'NDCG@5': '0.3427', 'HIT@10': '0.6579', 'NDCG@10': '0.3922', 'HIT@20': '0.7861', 'NDCG@20': '0.4247', 'MRR@5': '0.3243', 'MRR@10': '0.3243', 'MRR@20': '0.3243'}
EarlyStopping counter: 1 out of 10
{'epoch': 133, 'rec_avg_loss': '0.5525', 'rec_cur_loss': '0.5727'}
{'Epoch': 133, 'HIT@5': '0.5116', 'NDCG@5': '0.3486', 'HIT@10': '0.6596', 'NDCG@10': '0.3966', 'HIT@20': '0.7882', 'NDCG@20': '0.4293', 'MRR@5': '0.3294', 'MRR@10': '0.3294', 'MRR@20': '0.3294'}
EarlyStopping counter: 2 out of 10
{'epoch': 134, 'rec_avg_loss': '0.5518', 'rec_cur_loss': '0.5841'}
{'Epoch': 134, 'HIT@5': '0.5071', 'NDCG@5': '0.3473', 'HIT@10': '0.6604', 'NDCG@10': '0.3971', 'HIT@20': '0.7892', 'NDCG@20': '0.4299', 'MRR@5': '0.3300', 'MRR@10': '0.3300', 'MRR@20': '0.3300'}
EarlyStopping counter: 3 out of 10
{'epoch': 135, 'rec_avg_loss': '0.5515', 'rec_cur_loss': '0.4701'}
{'Epoch': 135, 'HIT@5': '0.4988', 'NDCG@5': '0.3429', 'HIT@10': '0.6598', 'NDCG@10': '0.3952', 'HIT@20': '0.7866', 'NDCG@20': '0.4274', 'MRR@5': '0.3277', 'MRR@10': '0.3277', 'MRR@20': '0.3277'}
EarlyStopping counter: 4 out of 10
{'epoch': 136, 'rec_avg_loss': '0.5508', 'rec_cur_loss': '0.5669'}
{'Epoch': 136, 'HIT@5': '0.5061', 'NDCG@5': '0.3472', 'HIT@10': '0.6599', 'NDCG@10': '0.3971', 'HIT@20': '0.7879', 'NDCG@20': '0.4296', 'MRR@5': '0.3301', 'MRR@10': '0.3301', 'MRR@20': '0.3301'}
EarlyStopping counter: 5 out of 10
{'epoch': 137, 'rec_avg_loss': '0.5527', 'rec_cur_loss': '0.6017'}
{'Epoch': 137, 'HIT@5': '0.5022', 'NDCG@5': '0.3441', 'HIT@10': '0.6614', 'NDCG@10': '0.3959', 'HIT@20': '0.7921', 'NDCG@20': '0.4290', 'MRR@5': '0.3281', 'MRR@10': '0.3281', 'MRR@20': '0.3281'}
EarlyStopping counter: 6 out of 10
{'epoch': 138, 'rec_avg_loss': '0.5522', 'rec_cur_loss': '0.6249'}
{'Epoch': 138, 'HIT@5': '0.5098', 'NDCG@5': '0.3482', 'HIT@10': '0.6629', 'NDCG@10': '0.3978', 'HIT@20': '0.7892', 'NDCG@20': '0.4299', 'MRR@5': '0.3299', 'MRR@10': '0.3299', 'MRR@20': '0.3299'}
EarlyStopping counter: 7 out of 10
{'epoch': 139, 'rec_avg_loss': '0.5495', 'rec_cur_loss': '0.5289'}
{'Epoch': 139, 'HIT@5': '0.5078', 'NDCG@5': '0.3483', 'HIT@10': '0.6601', 'NDCG@10': '0.3980', 'HIT@20': '0.7907', 'NDCG@20': '0.4311', 'MRR@5': '0.3311', 'MRR@10': '0.3311', 'MRR@20': '0.3311'}
EarlyStopping counter: 8 out of 10
{'epoch': 140, 'rec_avg_loss': '0.5521', 'rec_cur_loss': '0.6090'}
{'Epoch': 140, 'HIT@5': '0.5083', 'NDCG@5': '0.3459', 'HIT@10': '0.6632', 'NDCG@10': '0.3962', 'HIT@20': '0.7892', 'NDCG@20': '0.4281', 'MRR@5': '0.3276', 'MRR@10': '0.3276', 'MRR@20': '0.3276'}
EarlyStopping counter: 9 out of 10
{'epoch': 141, 'rec_avg_loss': '0.5496', 'rec_cur_loss': '0.5288'}
{'Epoch': 141, 'HIT@5': '0.5070', 'NDCG@5': '0.3458', 'HIT@10': '0.6611', 'NDCG@10': '0.3956', 'HIT@20': '0.7917', 'NDCG@20': '0.4287', 'MRR@5': '0.3277', 'MRR@10': '0.3277', 'MRR@20': '0.3277'}
EarlyStopping counter: 10 out of 10
Early stopping
---------------Sample 99 results-------------------
{'Epoch': 0, 'HIT@5': '0.4720', 'NDCG@5': '0.3220', 'HIT@10': '0.6359', 'NDCG@10': '0.3750', 'HIT@20': '0.7606', 'NDCG@20': '0.4067', 'MRR@5': '0.3093', 'MRR@10': '0.3093', 'MRR@20': '0.3093'}
Finetune_sample-ml-1m-150
{'Epoch': 0, 'HIT@5': '0.4720', 'NDCG@5': '0.3220', 'HIT@10': '0.6359', 'NDCG@10': '0.3750', 'HIT@20': '0.7606', 'NDCG@20': '0.4067', 'MRR@5': '0.3093', 'MRR@10': '0.3093', 'MRR@20': '0.3093'}
