Namespace(adam_beta1=0.9, adam_beta2=0.999, attention_probs_dropout_prob=0.2, batch_size=128, ckp=0, cuda_condition=True, data_dir='./data/', data_file='./data/ml-1m.txt', data_name='ml-1m', do_eval=False, epochs=200, gpu_id='0', hidden_act='gelu', hidden_dropout_prob=0.2, hidden_size=64, initializer_range=0.02, item_size=3418, log_file='output/Finetune_sample-ml-1m-0.txt', log_freq=1, lr=0.001, mask_id=3417, max_seq_length=50, model_name='Finetune_sample', no_cuda=False, num_attention_heads=1, num_hidden_layers=2, output_dir='output/', sample_file='./data/ml-1m_sample.txt', seed=42, weight_decay=0.0)
Total Parameters: 338688
output/ml-1m-epochs-0.pt Not Found! The Model is same as SASRec
{'epoch': 0, 'rec_avg_loss': '1.2359', 'rec_cur_loss': '1.1080'}
{'Epoch': 0, 'HIT@5': '0.0781', 'NDCG@5': '0.0462', 'HIT@10': '0.1500', 'NDCG@10': '0.0691', 'HIT@20': '0.2700', 'NDCG@20': '0.0991', 'MRR@5': '0.0677', 'MRR@10': '0.0677', 'MRR@20': '0.0677'}
Validation score increased.  Saving model ...
{'epoch': 1, 'rec_avg_loss': '1.0242', 'rec_cur_loss': '0.9451'}
{'Epoch': 1, 'HIT@5': '0.0791', 'NDCG@5': '0.0493', 'HIT@10': '0.1493', 'NDCG@10': '0.0718', 'HIT@20': '0.2657', 'NDCG@20': '0.1011', 'MRR@5': '0.0716', 'MRR@10': '0.0716', 'MRR@20': '0.0716'}
Validation score increased.  Saving model ...
{'epoch': 2, 'rec_avg_loss': '0.9820', 'rec_cur_loss': '0.9697'}
{'Epoch': 2, 'HIT@5': '0.1101', 'NDCG@5': '0.0686', 'HIT@10': '0.1987', 'NDCG@10': '0.0969', 'HIT@20': '0.3497', 'NDCG@20': '0.1349', 'MRR@5': '0.0909', 'MRR@10': '0.0909', 'MRR@20': '0.0909'}
Validation score increased.  Saving model ...
{'epoch': 3, 'rec_avg_loss': '0.9005', 'rec_cur_loss': '0.8533'}
{'Epoch': 3, 'HIT@5': '0.1826', 'NDCG@5': '0.1155', 'HIT@10': '0.2922', 'NDCG@10': '0.1507', 'HIT@20': '0.4535', 'NDCG@20': '0.1912', 'MRR@5': '0.1320', 'MRR@10': '0.1320', 'MRR@20': '0.1320'}
Validation score increased.  Saving model ...
{'epoch': 4, 'rec_avg_loss': '0.8240', 'rec_cur_loss': '0.8137'}
{'Epoch': 4, 'HIT@5': '0.2227', 'NDCG@5': '0.1405', 'HIT@10': '0.3528', 'NDCG@10': '0.1822', 'HIT@20': '0.5311', 'NDCG@20': '0.2270', 'MRR@5': '0.1543', 'MRR@10': '0.1543', 'MRR@20': '0.1543'}
Validation score increased.  Saving model ...
{'epoch': 5, 'rec_avg_loss': '0.7653', 'rec_cur_loss': '0.7435'}
{'Epoch': 5, 'HIT@5': '0.2558', 'NDCG@5': '0.1633', 'HIT@10': '0.3987', 'NDCG@10': '0.2093', 'HIT@20': '0.5811', 'NDCG@20': '0.2554', 'MRR@5': '0.1754', 'MRR@10': '0.1754', 'MRR@20': '0.1754'}
Validation score increased.  Saving model ...
{'epoch': 6, 'rec_avg_loss': '0.7267', 'rec_cur_loss': '0.7416'}
{'Epoch': 6, 'HIT@5': '0.2742', 'NDCG@5': '0.1789', 'HIT@10': '0.4192', 'NDCG@10': '0.2256', 'HIT@20': '0.6023', 'NDCG@20': '0.2717', 'MRR@5': '0.1898', 'MRR@10': '0.1898', 'MRR@20': '0.1898'}
Validation score increased.  Saving model ...
{'epoch': 7, 'rec_avg_loss': '0.6977', 'rec_cur_loss': '0.6864'}
{'Epoch': 7, 'HIT@5': '0.3233', 'NDCG@5': '0.2135', 'HIT@10': '0.4767', 'NDCG@10': '0.2629', 'HIT@20': '0.6487', 'NDCG@20': '0.3064', 'MRR@5': '0.2190', 'MRR@10': '0.2190', 'MRR@20': '0.2190'}
Validation score increased.  Saving model ...
{'epoch': 8, 'rec_avg_loss': '0.6731', 'rec_cur_loss': '0.7390'}
{'Epoch': 8, 'HIT@5': '0.3449', 'NDCG@5': '0.2284', 'HIT@10': '0.5031', 'NDCG@10': '0.2794', 'HIT@20': '0.6705', 'NDCG@20': '0.3216', 'MRR@5': '0.2315', 'MRR@10': '0.2315', 'MRR@20': '0.2315'}
Validation score increased.  Saving model ...
{'epoch': 9, 'rec_avg_loss': '0.6505', 'rec_cur_loss': '0.6409'}
{'Epoch': 9, 'HIT@5': '0.3685', 'NDCG@5': '0.2490', 'HIT@10': '0.5219', 'NDCG@10': '0.2984', 'HIT@20': '0.6917', 'NDCG@20': '0.3414', 'MRR@5': '0.2501', 'MRR@10': '0.2501', 'MRR@20': '0.2501'}
Validation score increased.  Saving model ...
{'epoch': 10, 'rec_avg_loss': '0.6329', 'rec_cur_loss': '0.6108'}
{'Epoch': 10, 'HIT@5': '0.3745', 'NDCG@5': '0.2567', 'HIT@10': '0.5293', 'NDCG@10': '0.3067', 'HIT@20': '0.7030', 'NDCG@20': '0.3506', 'MRR@5': '0.2585', 'MRR@10': '0.2585', 'MRR@20': '0.2585'}
Validation score increased.  Saving model ...
{'epoch': 11, 'rec_avg_loss': '0.6206', 'rec_cur_loss': '0.6474'}
{'Epoch': 11, 'HIT@5': '0.3917', 'NDCG@5': '0.2656', 'HIT@10': '0.5450', 'NDCG@10': '0.3149', 'HIT@20': '0.7119', 'NDCG@20': '0.3571', 'MRR@5': '0.2635', 'MRR@10': '0.2635', 'MRR@20': '0.2635'}
Validation score increased.  Saving model ...
{'epoch': 12, 'rec_avg_loss': '0.6045', 'rec_cur_loss': '0.5620'}
{'Epoch': 12, 'HIT@5': '0.3974', 'NDCG@5': '0.2710', 'HIT@10': '0.5538', 'NDCG@10': '0.3214', 'HIT@20': '0.7175', 'NDCG@20': '0.3629', 'MRR@5': '0.2690', 'MRR@10': '0.2690', 'MRR@20': '0.2690'}
Validation score increased.  Saving model ...
{'epoch': 13, 'rec_avg_loss': '0.5939', 'rec_cur_loss': '0.6230'}
{'Epoch': 13, 'HIT@5': '0.4172', 'NDCG@5': '0.2858', 'HIT@10': '0.5740', 'NDCG@10': '0.3366', 'HIT@20': '0.7290', 'NDCG@20': '0.3759', 'MRR@5': '0.2816', 'MRR@10': '0.2816', 'MRR@20': '0.2816'}
Validation score increased.  Saving model ...
{'epoch': 14, 'rec_avg_loss': '0.5817', 'rec_cur_loss': '0.6215'}
{'Epoch': 14, 'HIT@5': '0.4313', 'NDCG@5': '0.2951', 'HIT@10': '0.5773', 'NDCG@10': '0.3423', 'HIT@20': '0.7404', 'NDCG@20': '0.3836', 'MRR@5': '0.2880', 'MRR@10': '0.2880', 'MRR@20': '0.2880'}
Validation score increased.  Saving model ...
{'epoch': 15, 'rec_avg_loss': '0.5696', 'rec_cur_loss': '0.5584'}
{'Epoch': 15, 'HIT@5': '0.4300', 'NDCG@5': '0.2936', 'HIT@10': '0.5876', 'NDCG@10': '0.3444', 'HIT@20': '0.7480', 'NDCG@20': '0.3850', 'MRR@5': '0.2873', 'MRR@10': '0.2873', 'MRR@20': '0.2873'}
EarlyStopping counter: 1 out of 10
{'epoch': 16, 'rec_avg_loss': '0.5602', 'rec_cur_loss': '0.5920'}
{'Epoch': 16, 'HIT@5': '0.4422', 'NDCG@5': '0.3043', 'HIT@10': '0.5932', 'NDCG@10': '0.3532', 'HIT@20': '0.7460', 'NDCG@20': '0.3919', 'MRR@5': '0.2966', 'MRR@10': '0.2966', 'MRR@20': '0.2966'}
Validation score increased.  Saving model ...
{'epoch': 17, 'rec_avg_loss': '0.5513', 'rec_cur_loss': '0.5929'}
{'Epoch': 17, 'HIT@5': '0.4401', 'NDCG@5': '0.3051', 'HIT@10': '0.6015', 'NDCG@10': '0.3575', 'HIT@20': '0.7558', 'NDCG@20': '0.3964', 'MRR@5': '0.2994', 'MRR@10': '0.2994', 'MRR@20': '0.2994'}
Validation score increased.  Saving model ...
{'epoch': 18, 'rec_avg_loss': '0.5420', 'rec_cur_loss': '0.4526'}
{'Epoch': 18, 'HIT@5': '0.4469', 'NDCG@5': '0.3072', 'HIT@10': '0.6060', 'NDCG@10': '0.3588', 'HIT@20': '0.7550', 'NDCG@20': '0.3964', 'MRR@5': '0.2994', 'MRR@10': '0.2994', 'MRR@20': '0.2994'}
Validation score increased.  Saving model ...
{'epoch': 19, 'rec_avg_loss': '0.5355', 'rec_cur_loss': '0.5423'}
{'Epoch': 19, 'HIT@5': '0.4566', 'NDCG@5': '0.3156', 'HIT@10': '0.6156', 'NDCG@10': '0.3670', 'HIT@20': '0.7598', 'NDCG@20': '0.4035', 'MRR@5': '0.3067', 'MRR@10': '0.3067', 'MRR@20': '0.3067'}
Validation score increased.  Saving model ...
{'epoch': 20, 'rec_avg_loss': '0.5263', 'rec_cur_loss': '0.5184'}
{'Epoch': 20, 'HIT@5': '0.4637', 'NDCG@5': '0.3189', 'HIT@10': '0.6144', 'NDCG@10': '0.3678', 'HIT@20': '0.7623', 'NDCG@20': '0.4052', 'MRR@5': '0.3080', 'MRR@10': '0.3080', 'MRR@20': '0.3080'}
Validation score increased.  Saving model ...
{'epoch': 21, 'rec_avg_loss': '0.5189', 'rec_cur_loss': '0.4984'}
{'Epoch': 21, 'HIT@5': '0.4719', 'NDCG@5': '0.3261', 'HIT@10': '0.6258', 'NDCG@10': '0.3762', 'HIT@20': '0.7694', 'NDCG@20': '0.4125', 'MRR@5': '0.3149', 'MRR@10': '0.3149', 'MRR@20': '0.3149'}
Validation score increased.  Saving model ...
{'epoch': 22, 'rec_avg_loss': '0.5133', 'rec_cur_loss': '0.6030'}
{'Epoch': 22, 'HIT@5': '0.4818', 'NDCG@5': '0.3323', 'HIT@10': '0.6253', 'NDCG@10': '0.3789', 'HIT@20': '0.7709', 'NDCG@20': '0.4158', 'MRR@5': '0.3187', 'MRR@10': '0.3187', 'MRR@20': '0.3187'}
Validation score increased.  Saving model ...
{'epoch': 23, 'rec_avg_loss': '0.5063', 'rec_cur_loss': '0.5022'}
{'Epoch': 23, 'HIT@5': '0.4798', 'NDCG@5': '0.3340', 'HIT@10': '0.6263', 'NDCG@10': '0.3813', 'HIT@20': '0.7704', 'NDCG@20': '0.4179', 'MRR@5': '0.3215', 'MRR@10': '0.3215', 'MRR@20': '0.3215'}
Validation score increased.  Saving model ...
{'epoch': 24, 'rec_avg_loss': '0.5004', 'rec_cur_loss': '0.4973'}
{'Epoch': 24, 'HIT@5': '0.4876', 'NDCG@5': '0.3408', 'HIT@10': '0.6318', 'NDCG@10': '0.3876', 'HIT@20': '0.7748', 'NDCG@20': '0.4238', 'MRR@5': '0.3276', 'MRR@10': '0.3276', 'MRR@20': '0.3276'}
Validation score increased.  Saving model ...
{'epoch': 25, 'rec_avg_loss': '0.4966', 'rec_cur_loss': '0.5129'}
{'Epoch': 25, 'HIT@5': '0.4930', 'NDCG@5': '0.3469', 'HIT@10': '0.6338', 'NDCG@10': '0.3924', 'HIT@20': '0.7770', 'NDCG@20': '0.4287', 'MRR@5': '0.3333', 'MRR@10': '0.3333', 'MRR@20': '0.3333'}
Validation score increased.  Saving model ...
{'epoch': 26, 'rec_avg_loss': '0.4891', 'rec_cur_loss': '0.4327'}
{'Epoch': 26, 'HIT@5': '0.4959', 'NDCG@5': '0.3477', 'HIT@10': '0.6358', 'NDCG@10': '0.3930', 'HIT@20': '0.7748', 'NDCG@20': '0.4282', 'MRR@5': '0.3330', 'MRR@10': '0.3330', 'MRR@20': '0.3330'}
EarlyStopping counter: 1 out of 10
{'epoch': 27, 'rec_avg_loss': '0.4846', 'rec_cur_loss': '0.4615'}
{'Epoch': 27, 'HIT@5': '0.4970', 'NDCG@5': '0.3476', 'HIT@10': '0.6368', 'NDCG@10': '0.3929', 'HIT@20': '0.7796', 'NDCG@20': '0.4292', 'MRR@5': '0.3328', 'MRR@10': '0.3328', 'MRR@20': '0.3328'}
EarlyStopping counter: 2 out of 10
{'epoch': 28, 'rec_avg_loss': '0.4786', 'rec_cur_loss': '0.4793'}
{'Epoch': 28, 'HIT@5': '0.5000', 'NDCG@5': '0.3503', 'HIT@10': '0.6406', 'NDCG@10': '0.3959', 'HIT@20': '0.7747', 'NDCG@20': '0.4299', 'MRR@5': '0.3351', 'MRR@10': '0.3351', 'MRR@20': '0.3351'}
Validation score increased.  Saving model ...
{'epoch': 29, 'rec_avg_loss': '0.4728', 'rec_cur_loss': '0.4522'}
{'Epoch': 29, 'HIT@5': '0.5081', 'NDCG@5': '0.3587', 'HIT@10': '0.6507', 'NDCG@10': '0.4049', 'HIT@20': '0.7831', 'NDCG@20': '0.4384', 'MRR@5': '0.3433', 'MRR@10': '0.3433', 'MRR@20': '0.3433'}
Validation score increased.  Saving model ...
{'epoch': 30, 'rec_avg_loss': '0.4722', 'rec_cur_loss': '0.4876'}
{'Epoch': 30, 'HIT@5': '0.5023', 'NDCG@5': '0.3517', 'HIT@10': '0.6427', 'NDCG@10': '0.3971', 'HIT@20': '0.7788', 'NDCG@20': '0.4317', 'MRR@5': '0.3360', 'MRR@10': '0.3360', 'MRR@20': '0.3360'}
EarlyStopping counter: 1 out of 10
{'epoch': 31, 'rec_avg_loss': '0.4696', 'rec_cur_loss': '0.4834'}
{'Epoch': 31, 'HIT@5': '0.5081', 'NDCG@5': '0.3602', 'HIT@10': '0.6493', 'NDCG@10': '0.4058', 'HIT@20': '0.7778', 'NDCG@20': '0.4386', 'MRR@5': '0.3451', 'MRR@10': '0.3451', 'MRR@20': '0.3451'}
Validation score increased.  Saving model ...
{'epoch': 32, 'rec_avg_loss': '0.4635', 'rec_cur_loss': '0.4063'}
{'Epoch': 32, 'HIT@5': '0.5073', 'NDCG@5': '0.3605', 'HIT@10': '0.6505', 'NDCG@10': '0.4068', 'HIT@20': '0.7829', 'NDCG@20': '0.4404', 'MRR@5': '0.3459', 'MRR@10': '0.3459', 'MRR@20': '0.3459'}
Validation score increased.  Saving model ...
{'epoch': 33, 'rec_avg_loss': '0.4608', 'rec_cur_loss': '0.4649'}
{'Epoch': 33, 'HIT@5': '0.5094', 'NDCG@5': '0.3597', 'HIT@10': '0.6508', 'NDCG@10': '0.4056', 'HIT@20': '0.7785', 'NDCG@20': '0.4379', 'MRR@5': '0.3440', 'MRR@10': '0.3440', 'MRR@20': '0.3440'}
EarlyStopping counter: 1 out of 10
{'epoch': 34, 'rec_avg_loss': '0.4559', 'rec_cur_loss': '0.4469'}
{'Epoch': 34, 'HIT@5': '0.5134', 'NDCG@5': '0.3634', 'HIT@10': '0.6493', 'NDCG@10': '0.4074', 'HIT@20': '0.7801', 'NDCG@20': '0.4407', 'MRR@5': '0.3470', 'MRR@10': '0.3470', 'MRR@20': '0.3470'}
Validation score increased.  Saving model ...
{'epoch': 35, 'rec_avg_loss': '0.4526', 'rec_cur_loss': '0.4481'}
{'Epoch': 35, 'HIT@5': '0.5161', 'NDCG@5': '0.3643', 'HIT@10': '0.6515', 'NDCG@10': '0.4083', 'HIT@20': '0.7821', 'NDCG@20': '0.4414', 'MRR@5': '0.3473', 'MRR@10': '0.3473', 'MRR@20': '0.3473'}
Validation score increased.  Saving model ...
{'epoch': 36, 'rec_avg_loss': '0.4505', 'rec_cur_loss': '0.4163'}
{'Epoch': 36, 'HIT@5': '0.5154', 'NDCG@5': '0.3636', 'HIT@10': '0.6545', 'NDCG@10': '0.4087', 'HIT@20': '0.7853', 'NDCG@20': '0.4418', 'MRR@5': '0.3468', 'MRR@10': '0.3468', 'MRR@20': '0.3468'}
EarlyStopping counter: 1 out of 10
{'epoch': 37, 'rec_avg_loss': '0.4479', 'rec_cur_loss': '0.4870'}
{'Epoch': 37, 'HIT@5': '0.5195', 'NDCG@5': '0.3675', 'HIT@10': '0.6573', 'NDCG@10': '0.4120', 'HIT@20': '0.7833', 'NDCG@20': '0.4440', 'MRR@5': '0.3501', 'MRR@10': '0.3501', 'MRR@20': '0.3501'}
Validation score increased.  Saving model ...
{'epoch': 38, 'rec_avg_loss': '0.4429', 'rec_cur_loss': '0.3816'}
{'Epoch': 38, 'HIT@5': '0.5081', 'NDCG@5': '0.3608', 'HIT@10': '0.6540', 'NDCG@10': '0.4082', 'HIT@20': '0.7776', 'NDCG@20': '0.4396', 'MRR@5': '0.3463', 'MRR@10': '0.3463', 'MRR@20': '0.3463'}
EarlyStopping counter: 1 out of 10
{'epoch': 39, 'rec_avg_loss': '0.4416', 'rec_cur_loss': '0.4450'}
{'Epoch': 39, 'HIT@5': '0.5101', 'NDCG@5': '0.3644', 'HIT@10': '0.6536', 'NDCG@10': '0.4109', 'HIT@20': '0.7818', 'NDCG@20': '0.4434', 'MRR@5': '0.3500', 'MRR@10': '0.3500', 'MRR@20': '0.3500'}
EarlyStopping counter: 2 out of 10
{'epoch': 40, 'rec_avg_loss': '0.4372', 'rec_cur_loss': '0.4165'}
{'Epoch': 40, 'HIT@5': '0.5142', 'NDCG@5': '0.3653', 'HIT@10': '0.6550', 'NDCG@10': '0.4108', 'HIT@20': '0.7829', 'NDCG@20': '0.4433', 'MRR@5': '0.3495', 'MRR@10': '0.3495', 'MRR@20': '0.3495'}
EarlyStopping counter: 3 out of 10
{'epoch': 41, 'rec_avg_loss': '0.4341', 'rec_cur_loss': '0.4218'}
{'Epoch': 41, 'HIT@5': '0.5175', 'NDCG@5': '0.3670', 'HIT@10': '0.6566', 'NDCG@10': '0.4119', 'HIT@20': '0.7805', 'NDCG@20': '0.4433', 'MRR@5': '0.3501', 'MRR@10': '0.3501', 'MRR@20': '0.3501'}
EarlyStopping counter: 4 out of 10
{'epoch': 42, 'rec_avg_loss': '0.4336', 'rec_cur_loss': '0.4704'}
{'Epoch': 42, 'HIT@5': '0.5276', 'NDCG@5': '0.3757', 'HIT@10': '0.6565', 'NDCG@10': '0.4172', 'HIT@20': '0.7831', 'NDCG@20': '0.4494', 'MRR@5': '0.3572', 'MRR@10': '0.3572', 'MRR@20': '0.3572'}
Validation score increased.  Saving model ...
{'epoch': 43, 'rec_avg_loss': '0.4309', 'rec_cur_loss': '0.4294'}
{'Epoch': 43, 'HIT@5': '0.5238', 'NDCG@5': '0.3736', 'HIT@10': '0.6558', 'NDCG@10': '0.4162', 'HIT@20': '0.7805', 'NDCG@20': '0.4479', 'MRR@5': '0.3560', 'MRR@10': '0.3560', 'MRR@20': '0.3560'}
EarlyStopping counter: 1 out of 10
{'epoch': 44, 'rec_avg_loss': '0.4283', 'rec_cur_loss': '0.4478'}
{'Epoch': 44, 'HIT@5': '0.5267', 'NDCG@5': '0.3757', 'HIT@10': '0.6634', 'NDCG@10': '0.4199', 'HIT@20': '0.7848', 'NDCG@20': '0.4507', 'MRR@5': '0.3582', 'MRR@10': '0.3582', 'MRR@20': '0.3582'}
Validation score increased.  Saving model ...
{'epoch': 45, 'rec_avg_loss': '0.4253', 'rec_cur_loss': '0.4296'}
{'Epoch': 45, 'HIT@5': '0.5230', 'NDCG@5': '0.3716', 'HIT@10': '0.6530', 'NDCG@10': '0.4139', 'HIT@20': '0.7834', 'NDCG@20': '0.4469', 'MRR@5': '0.3539', 'MRR@10': '0.3539', 'MRR@20': '0.3539'}
EarlyStopping counter: 1 out of 10
{'epoch': 46, 'rec_avg_loss': '0.4258', 'rec_cur_loss': '0.4718'}
{'Epoch': 46, 'HIT@5': '0.5275', 'NDCG@5': '0.3753', 'HIT@10': '0.6618', 'NDCG@10': '0.4187', 'HIT@20': '0.7856', 'NDCG@20': '0.4500', 'MRR@5': '0.3570', 'MRR@10': '0.3570', 'MRR@20': '0.3570'}
EarlyStopping counter: 2 out of 10
{'epoch': 47, 'rec_avg_loss': '0.4235', 'rec_cur_loss': '0.4139'}
{'Epoch': 47, 'HIT@5': '0.5310', 'NDCG@5': '0.3764', 'HIT@10': '0.6613', 'NDCG@10': '0.4185', 'HIT@20': '0.7873', 'NDCG@20': '0.4505', 'MRR@5': '0.3571', 'MRR@10': '0.3571', 'MRR@20': '0.3571'}
EarlyStopping counter: 3 out of 10
{'epoch': 48, 'rec_avg_loss': '0.4198', 'rec_cur_loss': '0.4201'}
{'Epoch': 48, 'HIT@5': '0.5235', 'NDCG@5': '0.3732', 'HIT@10': '0.6613', 'NDCG@10': '0.4180', 'HIT@20': '0.7831', 'NDCG@20': '0.4488', 'MRR@5': '0.3562', 'MRR@10': '0.3562', 'MRR@20': '0.3562'}
EarlyStopping counter: 4 out of 10
{'epoch': 49, 'rec_avg_loss': '0.4182', 'rec_cur_loss': '0.4103'}
{'Epoch': 49, 'HIT@5': '0.5286', 'NDCG@5': '0.3748', 'HIT@10': '0.6634', 'NDCG@10': '0.4184', 'HIT@20': '0.7863', 'NDCG@20': '0.4496', 'MRR@5': '0.3561', 'MRR@10': '0.3561', 'MRR@20': '0.3561'}
EarlyStopping counter: 5 out of 10
{'epoch': 50, 'rec_avg_loss': '0.4170', 'rec_cur_loss': '0.4261'}
{'Epoch': 50, 'HIT@5': '0.5288', 'NDCG@5': '0.3780', 'HIT@10': '0.6596', 'NDCG@10': '0.4204', 'HIT@20': '0.7833', 'NDCG@20': '0.4518', 'MRR@5': '0.3599', 'MRR@10': '0.3599', 'MRR@20': '0.3599'}
Validation score increased.  Saving model ...
{'epoch': 51, 'rec_avg_loss': '0.4142', 'rec_cur_loss': '0.4197'}
{'Epoch': 51, 'HIT@5': '0.5283', 'NDCG@5': '0.3779', 'HIT@10': '0.6598', 'NDCG@10': '0.4205', 'HIT@20': '0.7858', 'NDCG@20': '0.4525', 'MRR@5': '0.3601', 'MRR@10': '0.3601', 'MRR@20': '0.3601'}
Validation score increased.  Saving model ...
{'epoch': 52, 'rec_avg_loss': '0.4121', 'rec_cur_loss': '0.4120'}
{'Epoch': 52, 'HIT@5': '0.5316', 'NDCG@5': '0.3785', 'HIT@10': '0.6661', 'NDCG@10': '0.4220', 'HIT@20': '0.7866', 'NDCG@20': '0.4525', 'MRR@5': '0.3597', 'MRR@10': '0.3597', 'MRR@20': '0.3597'}
EarlyStopping counter: 1 out of 10
{'epoch': 53, 'rec_avg_loss': '0.4096', 'rec_cur_loss': '0.4340'}
{'Epoch': 53, 'HIT@5': '0.5349', 'NDCG@5': '0.3825', 'HIT@10': '0.6667', 'NDCG@10': '0.4254', 'HIT@20': '0.7866', 'NDCG@20': '0.4559', 'MRR@5': '0.3639', 'MRR@10': '0.3639', 'MRR@20': '0.3639'}
Validation score increased.  Saving model ...
{'epoch': 54, 'rec_avg_loss': '0.4089', 'rec_cur_loss': '0.4119'}
{'Epoch': 54, 'HIT@5': '0.5280', 'NDCG@5': '0.3770', 'HIT@10': '0.6599', 'NDCG@10': '0.4197', 'HIT@20': '0.7849', 'NDCG@20': '0.4514', 'MRR@5': '0.3590', 'MRR@10': '0.3590', 'MRR@20': '0.3590'}
EarlyStopping counter: 1 out of 10
{'epoch': 55, 'rec_avg_loss': '0.4092', 'rec_cur_loss': '0.4041'}
{'Epoch': 55, 'HIT@5': '0.5321', 'NDCG@5': '0.3834', 'HIT@10': '0.6680', 'NDCG@10': '0.4275', 'HIT@20': '0.7886', 'NDCG@20': '0.4581', 'MRR@5': '0.3663', 'MRR@10': '0.3663', 'MRR@20': '0.3663'}
Validation score increased.  Saving model ...
{'epoch': 56, 'rec_avg_loss': '0.4078', 'rec_cur_loss': '0.4504'}
{'Epoch': 56, 'HIT@5': '0.5295', 'NDCG@5': '0.3805', 'HIT@10': '0.6642', 'NDCG@10': '0.4242', 'HIT@20': '0.7828', 'NDCG@20': '0.4543', 'MRR@5': '0.3632', 'MRR@10': '0.3632', 'MRR@20': '0.3632'}
EarlyStopping counter: 1 out of 10
{'epoch': 57, 'rec_avg_loss': '0.4059', 'rec_cur_loss': '0.3992'}
{'Epoch': 57, 'HIT@5': '0.5305', 'NDCG@5': '0.3785', 'HIT@10': '0.6669', 'NDCG@10': '0.4227', 'HIT@20': '0.7846', 'NDCG@20': '0.4526', 'MRR@5': '0.3604', 'MRR@10': '0.3604', 'MRR@20': '0.3604'}
EarlyStopping counter: 2 out of 10
{'epoch': 58, 'rec_avg_loss': '0.4033', 'rec_cur_loss': '0.4317'}
{'Epoch': 58, 'HIT@5': '0.5353', 'NDCG@5': '0.3835', 'HIT@10': '0.6700', 'NDCG@10': '0.4271', 'HIT@20': '0.7901', 'NDCG@20': '0.4575', 'MRR@5': '0.3650', 'MRR@10': '0.3650', 'MRR@20': '0.3650'}
EarlyStopping counter: 3 out of 10
{'epoch': 59, 'rec_avg_loss': '0.4039', 'rec_cur_loss': '0.3702'}
{'Epoch': 59, 'HIT@5': '0.5318', 'NDCG@5': '0.3812', 'HIT@10': '0.6707', 'NDCG@10': '0.4261', 'HIT@20': '0.7861', 'NDCG@20': '0.4554', 'MRR@5': '0.3634', 'MRR@10': '0.3634', 'MRR@20': '0.3634'}
EarlyStopping counter: 4 out of 10
{'epoch': 60, 'rec_avg_loss': '0.4003', 'rec_cur_loss': '0.4022'}
{'Epoch': 60, 'HIT@5': '0.5321', 'NDCG@5': '0.3788', 'HIT@10': '0.6672', 'NDCG@10': '0.4225', 'HIT@20': '0.7853', 'NDCG@20': '0.4524', 'MRR@5': '0.3598', 'MRR@10': '0.3598', 'MRR@20': '0.3598'}
EarlyStopping counter: 5 out of 10
{'epoch': 61, 'rec_avg_loss': '0.3973', 'rec_cur_loss': '0.3931'}
{'Epoch': 61, 'HIT@5': '0.5356', 'NDCG@5': '0.3848', 'HIT@10': '0.6714', 'NDCG@10': '0.4288', 'HIT@20': '0.7891', 'NDCG@20': '0.4585', 'MRR@5': '0.3667', 'MRR@10': '0.3667', 'MRR@20': '0.3667'}
Validation score increased.  Saving model ...
{'epoch': 62, 'rec_avg_loss': '0.3972', 'rec_cur_loss': '0.3233'}
{'Epoch': 62, 'HIT@5': '0.5361', 'NDCG@5': '0.3842', 'HIT@10': '0.6720', 'NDCG@10': '0.4280', 'HIT@20': '0.7914', 'NDCG@20': '0.4582', 'MRR@5': '0.3656', 'MRR@10': '0.3656', 'MRR@20': '0.3656'}
EarlyStopping counter: 1 out of 10
{'epoch': 63, 'rec_avg_loss': '0.3969', 'rec_cur_loss': '0.4097'}
{'Epoch': 63, 'HIT@5': '0.5331', 'NDCG@5': '0.3823', 'HIT@10': '0.6662', 'NDCG@10': '0.4253', 'HIT@20': '0.7873', 'NDCG@20': '0.4560', 'MRR@5': '0.3641', 'MRR@10': '0.3641', 'MRR@20': '0.3641'}
EarlyStopping counter: 2 out of 10
{'epoch': 64, 'rec_avg_loss': '0.3980', 'rec_cur_loss': '0.4127'}
{'Epoch': 64, 'HIT@5': '0.5329', 'NDCG@5': '0.3838', 'HIT@10': '0.6671', 'NDCG@10': '0.4273', 'HIT@20': '0.7892', 'NDCG@20': '0.4583', 'MRR@5': '0.3665', 'MRR@10': '0.3665', 'MRR@20': '0.3665'}
EarlyStopping counter: 3 out of 10
{'epoch': 65, 'rec_avg_loss': '0.3955', 'rec_cur_loss': '0.5019'}
{'Epoch': 65, 'HIT@5': '0.5283', 'NDCG@5': '0.3791', 'HIT@10': '0.6649', 'NDCG@10': '0.4233', 'HIT@20': '0.7839', 'NDCG@20': '0.4535', 'MRR@5': '0.3620', 'MRR@10': '0.3620', 'MRR@20': '0.3620'}
EarlyStopping counter: 4 out of 10
{'epoch': 66, 'rec_avg_loss': '0.3952', 'rec_cur_loss': '0.4217'}
{'Epoch': 66, 'HIT@5': '0.5349', 'NDCG@5': '0.3847', 'HIT@10': '0.6685', 'NDCG@10': '0.4281', 'HIT@20': '0.7849', 'NDCG@20': '0.4577', 'MRR@5': '0.3668', 'MRR@10': '0.3668', 'MRR@20': '0.3668'}
Validation score increased.  Saving model ...
{'epoch': 67, 'rec_avg_loss': '0.3904', 'rec_cur_loss': '0.3604'}
{'Epoch': 67, 'HIT@5': '0.5424', 'NDCG@5': '0.3888', 'HIT@10': '0.6727', 'NDCG@10': '0.4308', 'HIT@20': '0.7869', 'NDCG@20': '0.4597', 'MRR@5': '0.3687', 'MRR@10': '0.3687', 'MRR@20': '0.3687'}
Validation score increased.  Saving model ...
{'epoch': 68, 'rec_avg_loss': '0.3897', 'rec_cur_loss': '0.3886'}
{'Epoch': 68, 'HIT@5': '0.5371', 'NDCG@5': '0.3851', 'HIT@10': '0.6634', 'NDCG@10': '0.4260', 'HIT@20': '0.7806', 'NDCG@20': '0.4557', 'MRR@5': '0.3655', 'MRR@10': '0.3655', 'MRR@20': '0.3655'}
EarlyStopping counter: 1 out of 10
{'epoch': 69, 'rec_avg_loss': '0.3925', 'rec_cur_loss': '0.4335'}
{'Epoch': 69, 'HIT@5': '0.5374', 'NDCG@5': '0.3835', 'HIT@10': '0.6637', 'NDCG@10': '0.4243', 'HIT@20': '0.7831', 'NDCG@20': '0.4545', 'MRR@5': '0.3634', 'MRR@10': '0.3634', 'MRR@20': '0.3634'}
EarlyStopping counter: 2 out of 10
{'epoch': 70, 'rec_avg_loss': '0.3908', 'rec_cur_loss': '0.3717'}
{'Epoch': 70, 'HIT@5': '0.5396', 'NDCG@5': '0.3870', 'HIT@10': '0.6675', 'NDCG@10': '0.4286', 'HIT@20': '0.7859', 'NDCG@20': '0.4586', 'MRR@5': '0.3676', 'MRR@10': '0.3676', 'MRR@20': '0.3676'}
EarlyStopping counter: 3 out of 10
{'epoch': 71, 'rec_avg_loss': '0.3893', 'rec_cur_loss': '0.3821'}
{'Epoch': 71, 'HIT@5': '0.5329', 'NDCG@5': '0.3832', 'HIT@10': '0.6669', 'NDCG@10': '0.4267', 'HIT@20': '0.7816', 'NDCG@20': '0.4557', 'MRR@5': '0.3653', 'MRR@10': '0.3653', 'MRR@20': '0.3653'}
EarlyStopping counter: 4 out of 10
{'epoch': 72, 'rec_avg_loss': '0.3902', 'rec_cur_loss': '0.4193'}
{'Epoch': 72, 'HIT@5': '0.5321', 'NDCG@5': '0.3811', 'HIT@10': '0.6644', 'NDCG@10': '0.4242', 'HIT@20': '0.7864', 'NDCG@20': '0.4553', 'MRR@5': '0.3632', 'MRR@10': '0.3632', 'MRR@20': '0.3632'}
EarlyStopping counter: 5 out of 10
{'epoch': 73, 'rec_avg_loss': '0.3894', 'rec_cur_loss': '0.4155'}
{'Epoch': 73, 'HIT@5': '0.5344', 'NDCG@5': '0.3854', 'HIT@10': '0.6712', 'NDCG@10': '0.4296', 'HIT@20': '0.7851', 'NDCG@20': '0.4585', 'MRR@5': '0.3678', 'MRR@10': '0.3678', 'MRR@20': '0.3678'}
EarlyStopping counter: 6 out of 10
{'epoch': 74, 'rec_avg_loss': '0.3880', 'rec_cur_loss': '0.4323'}
{'Epoch': 74, 'HIT@5': '0.5363', 'NDCG@5': '0.3846', 'HIT@10': '0.6667', 'NDCG@10': '0.4269', 'HIT@20': '0.7834', 'NDCG@20': '0.4565', 'MRR@5': '0.3655', 'MRR@10': '0.3655', 'MRR@20': '0.3655'}
EarlyStopping counter: 7 out of 10
{'epoch': 75, 'rec_avg_loss': '0.3847', 'rec_cur_loss': '0.4001'}
{'Epoch': 75, 'HIT@5': '0.5402', 'NDCG@5': '0.3881', 'HIT@10': '0.6725', 'NDCG@10': '0.4309', 'HIT@20': '0.7886', 'NDCG@20': '0.4602', 'MRR@5': '0.3688', 'MRR@10': '0.3688', 'MRR@20': '0.3688'}
Validation score increased.  Saving model ...
{'epoch': 76, 'rec_avg_loss': '0.3821', 'rec_cur_loss': '0.3576'}
{'Epoch': 76, 'HIT@5': '0.5351', 'NDCG@5': '0.3853', 'HIT@10': '0.6662', 'NDCG@10': '0.4279', 'HIT@20': '0.7843', 'NDCG@20': '0.4579', 'MRR@5': '0.3673', 'MRR@10': '0.3673', 'MRR@20': '0.3673'}
EarlyStopping counter: 1 out of 10
{'epoch': 77, 'rec_avg_loss': '0.3831', 'rec_cur_loss': '0.3862'}
{'Epoch': 77, 'HIT@5': '0.5427', 'NDCG@5': '0.3906', 'HIT@10': '0.6743', 'NDCG@10': '0.4334', 'HIT@20': '0.7873', 'NDCG@20': '0.4619', 'MRR@5': '0.3712', 'MRR@10': '0.3712', 'MRR@20': '0.3712'}
Validation score increased.  Saving model ...
{'epoch': 78, 'rec_avg_loss': '0.3835', 'rec_cur_loss': '0.3862'}
{'Epoch': 78, 'HIT@5': '0.5419', 'NDCG@5': '0.3904', 'HIT@10': '0.6728', 'NDCG@10': '0.4329', 'HIT@20': '0.7906', 'NDCG@20': '0.4627', 'MRR@5': '0.3715', 'MRR@10': '0.3715', 'MRR@20': '0.3715'}
Validation score increased.  Saving model ...
{'epoch': 79, 'rec_avg_loss': '0.3831', 'rec_cur_loss': '0.4147'}
{'Epoch': 79, 'HIT@5': '0.5386', 'NDCG@5': '0.3884', 'HIT@10': '0.6720', 'NDCG@10': '0.4317', 'HIT@20': '0.7853', 'NDCG@20': '0.4604', 'MRR@5': '0.3701', 'MRR@10': '0.3701', 'MRR@20': '0.3701'}
EarlyStopping counter: 1 out of 10
{'epoch': 80, 'rec_avg_loss': '0.3806', 'rec_cur_loss': '0.3776'}
{'Epoch': 80, 'HIT@5': '0.5369', 'NDCG@5': '0.3869', 'HIT@10': '0.6710', 'NDCG@10': '0.4304', 'HIT@20': '0.7829', 'NDCG@20': '0.4588', 'MRR@5': '0.3688', 'MRR@10': '0.3688', 'MRR@20': '0.3688'}
EarlyStopping counter: 2 out of 10
{'epoch': 81, 'rec_avg_loss': '0.3811', 'rec_cur_loss': '0.4400'}
{'Epoch': 81, 'HIT@5': '0.5377', 'NDCG@5': '0.3879', 'HIT@10': '0.6712', 'NDCG@10': '0.4313', 'HIT@20': '0.7868', 'NDCG@20': '0.4606', 'MRR@5': '0.3699', 'MRR@10': '0.3699', 'MRR@20': '0.3699'}
EarlyStopping counter: 3 out of 10
{'epoch': 82, 'rec_avg_loss': '0.3781', 'rec_cur_loss': '0.3644'}
{'Epoch': 82, 'HIT@5': '0.5371', 'NDCG@5': '0.3848', 'HIT@10': '0.6715', 'NDCG@10': '0.4283', 'HIT@20': '0.7846', 'NDCG@20': '0.4571', 'MRR@5': '0.3660', 'MRR@10': '0.3660', 'MRR@20': '0.3660'}
EarlyStopping counter: 4 out of 10
{'epoch': 83, 'rec_avg_loss': '0.3801', 'rec_cur_loss': '0.3735'}
{'Epoch': 83, 'HIT@5': '0.5421', 'NDCG@5': '0.3901', 'HIT@10': '0.6775', 'NDCG@10': '0.4338', 'HIT@20': '0.7886', 'NDCG@20': '0.4619', 'MRR@5': '0.3710', 'MRR@10': '0.3710', 'MRR@20': '0.3710'}
EarlyStopping counter: 5 out of 10
{'epoch': 84, 'rec_avg_loss': '0.3801', 'rec_cur_loss': '0.3382'}
{'Epoch': 84, 'HIT@5': '0.5397', 'NDCG@5': '0.3892', 'HIT@10': '0.6694', 'NDCG@10': '0.4311', 'HIT@20': '0.7839', 'NDCG@20': '0.4602', 'MRR@5': '0.3703', 'MRR@10': '0.3703', 'MRR@20': '0.3703'}
EarlyStopping counter: 6 out of 10
{'epoch': 85, 'rec_avg_loss': '0.3796', 'rec_cur_loss': '0.3618'}
{'Epoch': 85, 'HIT@5': '0.5455', 'NDCG@5': '0.3937', 'HIT@10': '0.6752', 'NDCG@10': '0.4355', 'HIT@20': '0.7858', 'NDCG@20': '0.4635', 'MRR@5': '0.3739', 'MRR@10': '0.3739', 'MRR@20': '0.3739'}
Validation score increased.  Saving model ...
{'epoch': 86, 'rec_avg_loss': '0.3799', 'rec_cur_loss': '0.4231'}
{'Epoch': 86, 'HIT@5': '0.5416', 'NDCG@5': '0.3878', 'HIT@10': '0.6732', 'NDCG@10': '0.4305', 'HIT@20': '0.7873', 'NDCG@20': '0.4595', 'MRR@5': '0.3680', 'MRR@10': '0.3680', 'MRR@20': '0.3680'}
EarlyStopping counter: 1 out of 10
{'epoch': 87, 'rec_avg_loss': '0.3763', 'rec_cur_loss': '0.3487'}
{'Epoch': 87, 'HIT@5': '0.5445', 'NDCG@5': '0.3925', 'HIT@10': '0.6770', 'NDCG@10': '0.4351', 'HIT@20': '0.7871', 'NDCG@20': '0.4630', 'MRR@5': '0.3727', 'MRR@10': '0.3727', 'MRR@20': '0.3727'}
EarlyStopping counter: 2 out of 10
{'epoch': 88, 'rec_avg_loss': '0.3751', 'rec_cur_loss': '0.3935'}
{'Epoch': 88, 'HIT@5': '0.5422', 'NDCG@5': '0.3929', 'HIT@10': '0.6700', 'NDCG@10': '0.4344', 'HIT@20': '0.7879', 'NDCG@20': '0.4642', 'MRR@5': '0.3743', 'MRR@10': '0.3743', 'MRR@20': '0.3743'}
Validation score increased.  Saving model ...
{'epoch': 89, 'rec_avg_loss': '0.3748', 'rec_cur_loss': '0.3875'}
{'Epoch': 89, 'HIT@5': '0.5382', 'NDCG@5': '0.3878', 'HIT@10': '0.6717', 'NDCG@10': '0.4312', 'HIT@20': '0.7839', 'NDCG@20': '0.4597', 'MRR@5': '0.3695', 'MRR@10': '0.3695', 'MRR@20': '0.3695'}
EarlyStopping counter: 1 out of 10
{'epoch': 90, 'rec_avg_loss': '0.3776', 'rec_cur_loss': '0.4184'}
{'Epoch': 90, 'HIT@5': '0.5427', 'NDCG@5': '0.3913', 'HIT@10': '0.6800', 'NDCG@10': '0.4358', 'HIT@20': '0.7873', 'NDCG@20': '0.4630', 'MRR@5': '0.3726', 'MRR@10': '0.3726', 'MRR@20': '0.3726'}
EarlyStopping counter: 2 out of 10
{'epoch': 91, 'rec_avg_loss': '0.3768', 'rec_cur_loss': '0.3185'}
{'Epoch': 91, 'HIT@5': '0.5462', 'NDCG@5': '0.3954', 'HIT@10': '0.6740', 'NDCG@10': '0.4368', 'HIT@20': '0.7864', 'NDCG@20': '0.4654', 'MRR@5': '0.3760', 'MRR@10': '0.3760', 'MRR@20': '0.3760'}
Validation score increased.  Saving model ...
{'epoch': 92, 'rec_avg_loss': '0.3749', 'rec_cur_loss': '0.3678'}
{'Epoch': 92, 'HIT@5': '0.5386', 'NDCG@5': '0.3890', 'HIT@10': '0.6753', 'NDCG@10': '0.4333', 'HIT@20': '0.7869', 'NDCG@20': '0.4616', 'MRR@5': '0.3711', 'MRR@10': '0.3711', 'MRR@20': '0.3711'}
EarlyStopping counter: 1 out of 10
{'epoch': 93, 'rec_avg_loss': '0.3765', 'rec_cur_loss': '0.3677'}
{'Epoch': 93, 'HIT@5': '0.5386', 'NDCG@5': '0.3910', 'HIT@10': '0.6735', 'NDCG@10': '0.4349', 'HIT@20': '0.7863', 'NDCG@20': '0.4635', 'MRR@5': '0.3737', 'MRR@10': '0.3737', 'MRR@20': '0.3737'}
EarlyStopping counter: 2 out of 10
{'epoch': 94, 'rec_avg_loss': '0.3731', 'rec_cur_loss': '0.3916'}
{'Epoch': 94, 'HIT@5': '0.5392', 'NDCG@5': '0.3909', 'HIT@10': '0.6717', 'NDCG@10': '0.4338', 'HIT@20': '0.7838', 'NDCG@20': '0.4622', 'MRR@5': '0.3729', 'MRR@10': '0.3729', 'MRR@20': '0.3729'}
EarlyStopping counter: 3 out of 10
{'epoch': 95, 'rec_avg_loss': '0.3782', 'rec_cur_loss': '0.4259'}
{'Epoch': 95, 'HIT@5': '0.5359', 'NDCG@5': '0.3881', 'HIT@10': '0.6682', 'NDCG@10': '0.4310', 'HIT@20': '0.7846', 'NDCG@20': '0.4607', 'MRR@5': '0.3708', 'MRR@10': '0.3708', 'MRR@20': '0.3708'}
EarlyStopping counter: 4 out of 10
{'epoch': 96, 'rec_avg_loss': '0.3727', 'rec_cur_loss': '0.4023'}
{'Epoch': 96, 'HIT@5': '0.5359', 'NDCG@5': '0.3882', 'HIT@10': '0.6715', 'NDCG@10': '0.4321', 'HIT@20': '0.7859', 'NDCG@20': '0.4612', 'MRR@5': '0.3710', 'MRR@10': '0.3710', 'MRR@20': '0.3710'}
EarlyStopping counter: 5 out of 10
{'epoch': 97, 'rec_avg_loss': '0.3734', 'rec_cur_loss': '0.4201'}
{'Epoch': 97, 'HIT@5': '0.5411', 'NDCG@5': '0.3915', 'HIT@10': '0.6727', 'NDCG@10': '0.4341', 'HIT@20': '0.7876', 'NDCG@20': '0.4633', 'MRR@5': '0.3730', 'MRR@10': '0.3730', 'MRR@20': '0.3730'}
EarlyStopping counter: 6 out of 10
{'epoch': 98, 'rec_avg_loss': '0.3713', 'rec_cur_loss': '0.3505'}
{'Epoch': 98, 'HIT@5': '0.5417', 'NDCG@5': '0.3922', 'HIT@10': '0.6733', 'NDCG@10': '0.4348', 'HIT@20': '0.7868', 'NDCG@20': '0.4637', 'MRR@5': '0.3738', 'MRR@10': '0.3738', 'MRR@20': '0.3738'}
EarlyStopping counter: 7 out of 10
{'epoch': 99, 'rec_avg_loss': '0.3744', 'rec_cur_loss': '0.3955'}
{'Epoch': 99, 'HIT@5': '0.5368', 'NDCG@5': '0.3899', 'HIT@10': '0.6727', 'NDCG@10': '0.4340', 'HIT@20': '0.7863', 'NDCG@20': '0.4629', 'MRR@5': '0.3730', 'MRR@10': '0.3730', 'MRR@20': '0.3730'}
EarlyStopping counter: 8 out of 10
{'epoch': 100, 'rec_avg_loss': '0.3710', 'rec_cur_loss': '0.3835'}
{'Epoch': 100, 'HIT@5': '0.5424', 'NDCG@5': '0.3940', 'HIT@10': '0.6765', 'NDCG@10': '0.4374', 'HIT@20': '0.7907', 'NDCG@20': '0.4665', 'MRR@5': '0.3761', 'MRR@10': '0.3761', 'MRR@20': '0.3761'}
Validation score increased.  Saving model ...
{'epoch': 101, 'rec_avg_loss': '0.3698', 'rec_cur_loss': '0.3502'}
{'Epoch': 101, 'HIT@5': '0.5439', 'NDCG@5': '0.3933', 'HIT@10': '0.6775', 'NDCG@10': '0.4365', 'HIT@20': '0.7887', 'NDCG@20': '0.4647', 'MRR@5': '0.3743', 'MRR@10': '0.3743', 'MRR@20': '0.3743'}
EarlyStopping counter: 1 out of 10
{'epoch': 102, 'rec_avg_loss': '0.3687', 'rec_cur_loss': '0.3135'}
{'Epoch': 102, 'HIT@5': '0.5424', 'NDCG@5': '0.3907', 'HIT@10': '0.6720', 'NDCG@10': '0.4325', 'HIT@20': '0.7829', 'NDCG@20': '0.4607', 'MRR@5': '0.3711', 'MRR@10': '0.3711', 'MRR@20': '0.3711'}
EarlyStopping counter: 2 out of 10
{'epoch': 103, 'rec_avg_loss': '0.3687', 'rec_cur_loss': '0.4060'}
{'Epoch': 103, 'HIT@5': '0.5452', 'NDCG@5': '0.3928', 'HIT@10': '0.6740', 'NDCG@10': '0.4345', 'HIT@20': '0.7856', 'NDCG@20': '0.4629', 'MRR@5': '0.3729', 'MRR@10': '0.3729', 'MRR@20': '0.3729'}
EarlyStopping counter: 3 out of 10
{'epoch': 104, 'rec_avg_loss': '0.3671', 'rec_cur_loss': '0.3495'}
{'Epoch': 104, 'HIT@5': '0.5402', 'NDCG@5': '0.3893', 'HIT@10': '0.6699', 'NDCG@10': '0.4314', 'HIT@20': '0.7838', 'NDCG@20': '0.4603', 'MRR@5': '0.3703', 'MRR@10': '0.3703', 'MRR@20': '0.3703'}
EarlyStopping counter: 4 out of 10
{'epoch': 105, 'rec_avg_loss': '0.3683', 'rec_cur_loss': '0.4118'}
{'Epoch': 105, 'HIT@5': '0.5447', 'NDCG@5': '0.3957', 'HIT@10': '0.6707', 'NDCG@10': '0.4366', 'HIT@20': '0.7854', 'NDCG@20': '0.4658', 'MRR@5': '0.3770', 'MRR@10': '0.3770', 'MRR@20': '0.3770'}
Validation score increased.  Saving model ...
{'epoch': 106, 'rec_avg_loss': '0.3667', 'rec_cur_loss': '0.3289'}
{'Epoch': 106, 'HIT@5': '0.5432', 'NDCG@5': '0.3953', 'HIT@10': '0.6737', 'NDCG@10': '0.4376', 'HIT@20': '0.7868', 'NDCG@20': '0.4662', 'MRR@5': '0.3770', 'MRR@10': '0.3770', 'MRR@20': '0.3770'}
Validation score increased.  Saving model ...
{'epoch': 107, 'rec_avg_loss': '0.3669', 'rec_cur_loss': '0.4023'}
{'Epoch': 107, 'HIT@5': '0.5437', 'NDCG@5': '0.3957', 'HIT@10': '0.6745', 'NDCG@10': '0.4380', 'HIT@20': '0.7843', 'NDCG@20': '0.4659', 'MRR@5': '0.3772', 'MRR@10': '0.3772', 'MRR@20': '0.3772'}
Validation score increased.  Saving model ...
{'epoch': 108, 'rec_avg_loss': '0.3680', 'rec_cur_loss': '0.3648'}
{'Epoch': 108, 'HIT@5': '0.5394', 'NDCG@5': '0.3899', 'HIT@10': '0.6699', 'NDCG@10': '0.4324', 'HIT@20': '0.7828', 'NDCG@20': '0.4610', 'MRR@5': '0.3716', 'MRR@10': '0.3716', 'MRR@20': '0.3716'}
EarlyStopping counter: 1 out of 10
{'epoch': 109, 'rec_avg_loss': '0.3658', 'rec_cur_loss': '0.3568'}
{'Epoch': 109, 'HIT@5': '0.5402', 'NDCG@5': '0.3906', 'HIT@10': '0.6725', 'NDCG@10': '0.4332', 'HIT@20': '0.7849', 'NDCG@20': '0.4616', 'MRR@5': '0.3718', 'MRR@10': '0.3718', 'MRR@20': '0.3718'}
EarlyStopping counter: 2 out of 10
{'epoch': 110, 'rec_avg_loss': '0.3681', 'rec_cur_loss': '0.3683'}
{'Epoch': 110, 'HIT@5': '0.5401', 'NDCG@5': '0.3915', 'HIT@10': '0.6722', 'NDCG@10': '0.4346', 'HIT@20': '0.7866', 'NDCG@20': '0.4636', 'MRR@5': '0.3737', 'MRR@10': '0.3737', 'MRR@20': '0.3737'}
EarlyStopping counter: 3 out of 10
{'epoch': 111, 'rec_avg_loss': '0.3634', 'rec_cur_loss': '0.3477'}
{'Epoch': 111, 'HIT@5': '0.5404', 'NDCG@5': '0.3902', 'HIT@10': '0.6730', 'NDCG@10': '0.4332', 'HIT@20': '0.7853', 'NDCG@20': '0.4616', 'MRR@5': '0.3716', 'MRR@10': '0.3716', 'MRR@20': '0.3716'}
EarlyStopping counter: 4 out of 10
{'epoch': 112, 'rec_avg_loss': '0.3634', 'rec_cur_loss': '0.3381'}
{'Epoch': 112, 'HIT@5': '0.5424', 'NDCG@5': '0.3930', 'HIT@10': '0.6750', 'NDCG@10': '0.4359', 'HIT@20': '0.7858', 'NDCG@20': '0.4639', 'MRR@5': '0.3744', 'MRR@10': '0.3744', 'MRR@20': '0.3744'}
EarlyStopping counter: 5 out of 10
{'epoch': 113, 'rec_avg_loss': '0.3645', 'rec_cur_loss': '0.3007'}
{'Epoch': 113, 'HIT@5': '0.5382', 'NDCG@5': '0.3894', 'HIT@10': '0.6712', 'NDCG@10': '0.4326', 'HIT@20': '0.7833', 'NDCG@20': '0.4609', 'MRR@5': '0.3714', 'MRR@10': '0.3714', 'MRR@20': '0.3714'}
EarlyStopping counter: 6 out of 10
{'epoch': 114, 'rec_avg_loss': '0.3645', 'rec_cur_loss': '0.3850'}
{'Epoch': 114, 'HIT@5': '0.5411', 'NDCG@5': '0.3926', 'HIT@10': '0.6733', 'NDCG@10': '0.4355', 'HIT@20': '0.7843', 'NDCG@20': '0.4636', 'MRR@5': '0.3745', 'MRR@10': '0.3745', 'MRR@20': '0.3745'}
EarlyStopping counter: 7 out of 10
{'epoch': 115, 'rec_avg_loss': '0.3659', 'rec_cur_loss': '0.3972'}
{'Epoch': 115, 'HIT@5': '0.5384', 'NDCG@5': '0.3892', 'HIT@10': '0.6730', 'NDCG@10': '0.4328', 'HIT@20': '0.7858', 'NDCG@20': '0.4613', 'MRR@5': '0.3711', 'MRR@10': '0.3711', 'MRR@20': '0.3711'}
EarlyStopping counter: 8 out of 10
{'epoch': 116, 'rec_avg_loss': '0.3618', 'rec_cur_loss': '0.3775'}
{'Epoch': 116, 'HIT@5': '0.5419', 'NDCG@5': '0.3922', 'HIT@10': '0.6742', 'NDCG@10': '0.4351', 'HIT@20': '0.7848', 'NDCG@20': '0.4633', 'MRR@5': '0.3737', 'MRR@10': '0.3737', 'MRR@20': '0.3737'}
EarlyStopping counter: 9 out of 10
{'epoch': 117, 'rec_avg_loss': '0.3641', 'rec_cur_loss': '0.2977'}
{'Epoch': 117, 'HIT@5': '0.5457', 'NDCG@5': '0.3972', 'HIT@10': '0.6760', 'NDCG@10': '0.4395', 'HIT@20': '0.7864', 'NDCG@20': '0.4676', 'MRR@5': '0.3786', 'MRR@10': '0.3786', 'MRR@20': '0.3786'}
Validation score increased.  Saving model ...
{'epoch': 118, 'rec_avg_loss': '0.3650', 'rec_cur_loss': '0.3907'}
{'Epoch': 118, 'HIT@5': '0.5439', 'NDCG@5': '0.3954', 'HIT@10': '0.6705', 'NDCG@10': '0.4364', 'HIT@20': '0.7838', 'NDCG@20': '0.4652', 'MRR@5': '0.3767', 'MRR@10': '0.3767', 'MRR@20': '0.3767'}
EarlyStopping counter: 1 out of 10
{'epoch': 119, 'rec_avg_loss': '0.3636', 'rec_cur_loss': '0.4013'}
{'Epoch': 119, 'HIT@5': '0.5417', 'NDCG@5': '0.3926', 'HIT@10': '0.6662', 'NDCG@10': '0.4331', 'HIT@20': '0.7813', 'NDCG@20': '0.4623', 'MRR@5': '0.3738', 'MRR@10': '0.3738', 'MRR@20': '0.3738'}
EarlyStopping counter: 2 out of 10
{'epoch': 120, 'rec_avg_loss': '0.3638', 'rec_cur_loss': '0.3479'}
{'Epoch': 120, 'HIT@5': '0.5371', 'NDCG@5': '0.3915', 'HIT@10': '0.6728', 'NDCG@10': '0.4356', 'HIT@20': '0.7851', 'NDCG@20': '0.4640', 'MRR@5': '0.3747', 'MRR@10': '0.3747', 'MRR@20': '0.3747'}
EarlyStopping counter: 3 out of 10
{'epoch': 121, 'rec_avg_loss': '0.3633', 'rec_cur_loss': '0.3875'}
{'Epoch': 121, 'HIT@5': '0.5459', 'NDCG@5': '0.3938', 'HIT@10': '0.6679', 'NDCG@10': '0.4334', 'HIT@20': '0.7863', 'NDCG@20': '0.4634', 'MRR@5': '0.3736', 'MRR@10': '0.3736', 'MRR@20': '0.3736'}
EarlyStopping counter: 4 out of 10
{'epoch': 122, 'rec_avg_loss': '0.3616', 'rec_cur_loss': '0.3324'}
{'Epoch': 122, 'HIT@5': '0.5465', 'NDCG@5': '0.3947', 'HIT@10': '0.6748', 'NDCG@10': '0.4365', 'HIT@20': '0.7889', 'NDCG@20': '0.4655', 'MRR@5': '0.3752', 'MRR@10': '0.3752', 'MRR@20': '0.3752'}
EarlyStopping counter: 5 out of 10
{'epoch': 123, 'rec_avg_loss': '0.3621', 'rec_cur_loss': '0.4119'}
{'Epoch': 123, 'HIT@5': '0.5399', 'NDCG@5': '0.3934', 'HIT@10': '0.6709', 'NDCG@10': '0.4360', 'HIT@20': '0.7844', 'NDCG@20': '0.4649', 'MRR@5': '0.3760', 'MRR@10': '0.3760', 'MRR@20': '0.3760'}
EarlyStopping counter: 6 out of 10
{'epoch': 124, 'rec_avg_loss': '0.3615', 'rec_cur_loss': '0.3931'}
{'Epoch': 124, 'HIT@5': '0.5417', 'NDCG@5': '0.3926', 'HIT@10': '0.6720', 'NDCG@10': '0.4350', 'HIT@20': '0.7846', 'NDCG@20': '0.4635', 'MRR@5': '0.3741', 'MRR@10': '0.3741', 'MRR@20': '0.3741'}
EarlyStopping counter: 7 out of 10
{'epoch': 125, 'rec_avg_loss': '0.3613', 'rec_cur_loss': '0.3669'}
{'Epoch': 125, 'HIT@5': '0.5452', 'NDCG@5': '0.3961', 'HIT@10': '0.6785', 'NDCG@10': '0.4393', 'HIT@20': '0.7863', 'NDCG@20': '0.4665', 'MRR@5': '0.3775', 'MRR@10': '0.3775', 'MRR@20': '0.3775'}
EarlyStopping counter: 8 out of 10
{'epoch': 126, 'rec_avg_loss': '0.3609', 'rec_cur_loss': '0.3577'}
{'Epoch': 126, 'HIT@5': '0.5417', 'NDCG@5': '0.3914', 'HIT@10': '0.6778', 'NDCG@10': '0.4358', 'HIT@20': '0.7858', 'NDCG@20': '0.4631', 'MRR@5': '0.3731', 'MRR@10': '0.3731', 'MRR@20': '0.3731'}
EarlyStopping counter: 9 out of 10
{'epoch': 127, 'rec_avg_loss': '0.3590', 'rec_cur_loss': '0.3026'}
{'Epoch': 127, 'HIT@5': '0.5416', 'NDCG@5': '0.3915', 'HIT@10': '0.6738', 'NDCG@10': '0.4344', 'HIT@20': '0.7859', 'NDCG@20': '0.4629', 'MRR@5': '0.3729', 'MRR@10': '0.3729', 'MRR@20': '0.3729'}
EarlyStopping counter: 10 out of 10
Early stopping
---------------Sample 99 results-------------------
{'Epoch': 0, 'HIT@5': '0.5184', 'NDCG@5': '0.3713', 'HIT@10': '0.6462', 'NDCG@10': '0.4128', 'HIT@20': '0.7568', 'NDCG@20': '0.4408', 'MRR@5': '0.3536', 'MRR@10': '0.3536', 'MRR@20': '0.3536'}
Finetune_sample-ml-1m-0
{'Epoch': 0, 'HIT@5': '0.5184', 'NDCG@5': '0.3713', 'HIT@10': '0.6462', 'NDCG@10': '0.4128', 'HIT@20': '0.7568', 'NDCG@20': '0.4408', 'MRR@5': '0.3536', 'MRR@10': '0.3536', 'MRR@20': '0.3536'}
