Namespace(adam_beta1=0.9, adam_beta2=0.999, attention_probs_dropout_prob=0.5, batch_size=256, ckp=200, cuda_condition=True, data_dir='./data/', data_file='./data/ml-1m.txt', data_name='ml-1m', do_eval=False, epochs=200, gpu_id='0', hidden_act='gelu', hidden_dropout_prob=0.5, hidden_size=64, initializer_range=0.02, item_size=3418, log_file='output/Finetune_sample-ml-1m-200.txt', log_freq=1, lr=0.001, mask_id=3417, max_seq_length=50, model_name='Finetune_sample', no_cuda=False, num_attention_heads=2, num_hidden_layers=2, output_dir='output/', sample_file='./data/ml-1m_sample.txt', seed=42, weight_decay=0.0)
Total Parameters: 338688
Load Checkpoint From output/ml-1m-epochs-200.pt!
{'epoch': 0, 'rec_avg_loss': '1.1209', 'rec_cur_loss': '0.9467'}
{'Epoch': 0, 'HIT@5': '0.1892', 'NDCG@5': '0.1173', 'HIT@10': '0.3106', 'NDCG@10': '0.1564', 'HIT@20': '0.5023', 'NDCG@20': '0.2046', 'MRR@5': '0.1357', 'MRR@10': '0.1357', 'MRR@20': '0.1357'}
Validation score increased.  Saving model ...
{'epoch': 1, 'rec_avg_loss': '0.8942', 'rec_cur_loss': '0.8321'}
{'Epoch': 1, 'HIT@5': '0.2103', 'NDCG@5': '0.1316', 'HIT@10': '0.3560', 'NDCG@10': '0.1784', 'HIT@20': '0.5578', 'NDCG@20': '0.2291', 'MRR@5': '0.1501', 'MRR@10': '0.1501', 'MRR@20': '0.1501'}
Validation score increased.  Saving model ...
{'epoch': 2, 'rec_avg_loss': '0.8297', 'rec_cur_loss': '0.8530'}
{'Epoch': 2, 'HIT@5': '0.2464', 'NDCG@5': '0.1572', 'HIT@10': '0.4035', 'NDCG@10': '0.2079', 'HIT@20': '0.5942', 'NDCG@20': '0.2561', 'MRR@5': '0.1726', 'MRR@10': '0.1726', 'MRR@20': '0.1726'}
Validation score increased.  Saving model ...
{'epoch': 3, 'rec_avg_loss': '0.7895', 'rec_cur_loss': '0.7902'}
{'Epoch': 3, 'HIT@5': '0.2763', 'NDCG@5': '0.1753', 'HIT@10': '0.4354', 'NDCG@10': '0.2266', 'HIT@20': '0.6184', 'NDCG@20': '0.2728', 'MRR@5': '0.1860', 'MRR@10': '0.1860', 'MRR@20': '0.1860'}
Validation score increased.  Saving model ...
{'epoch': 4, 'rec_avg_loss': '0.7643', 'rec_cur_loss': '0.7228'}
{'Epoch': 4, 'HIT@5': '0.2949', 'NDCG@5': '0.1874', 'HIT@10': '0.4613', 'NDCG@10': '0.2411', 'HIT@20': '0.6425', 'NDCG@20': '0.2869', 'MRR@5': '0.1961', 'MRR@10': '0.1961', 'MRR@20': '0.1961'}
Validation score increased.  Saving model ...
{'epoch': 5, 'rec_avg_loss': '0.7445', 'rec_cur_loss': '0.7443'}
{'Epoch': 5, 'HIT@5': '0.3058', 'NDCG@5': '0.1950', 'HIT@10': '0.4758', 'NDCG@10': '0.2498', 'HIT@20': '0.6483', 'NDCG@20': '0.2935', 'MRR@5': '0.2024', 'MRR@10': '0.2024', 'MRR@20': '0.2024'}
Validation score increased.  Saving model ...
{'epoch': 6, 'rec_avg_loss': '0.7322', 'rec_cur_loss': '0.7529'}
{'Epoch': 6, 'HIT@5': '0.3190', 'NDCG@5': '0.2034', 'HIT@10': '0.4863', 'NDCG@10': '0.2571', 'HIT@20': '0.6536', 'NDCG@20': '0.2995', 'MRR@5': '0.2082', 'MRR@10': '0.2082', 'MRR@20': '0.2082'}
Validation score increased.  Saving model ...
{'epoch': 7, 'rec_avg_loss': '0.7198', 'rec_cur_loss': '0.7157'}
{'Epoch': 7, 'HIT@5': '0.3210', 'NDCG@5': '0.2064', 'HIT@10': '0.4934', 'NDCG@10': '0.2619', 'HIT@20': '0.6583', 'NDCG@20': '0.3036', 'MRR@5': '0.2119', 'MRR@10': '0.2119', 'MRR@20': '0.2119'}
Validation score increased.  Saving model ...
{'epoch': 8, 'rec_avg_loss': '0.7104', 'rec_cur_loss': '0.7056'}
{'Epoch': 8, 'HIT@5': '0.3217', 'NDCG@5': '0.2077', 'HIT@10': '0.4894', 'NDCG@10': '0.2620', 'HIT@20': '0.6599', 'NDCG@20': '0.3052', 'MRR@5': '0.2135', 'MRR@10': '0.2135', 'MRR@20': '0.2135'}
Validation score increased.  Saving model ...
{'epoch': 9, 'rec_avg_loss': '0.7038', 'rec_cur_loss': '0.6941'}
{'Epoch': 9, 'HIT@5': '0.3404', 'NDCG@5': '0.2201', 'HIT@10': '0.5098', 'NDCG@10': '0.2747', 'HIT@20': '0.6733', 'NDCG@20': '0.3161', 'MRR@5': '0.2230', 'MRR@10': '0.2230', 'MRR@20': '0.2230'}
Validation score increased.  Saving model ...
{'epoch': 10, 'rec_avg_loss': '0.6953', 'rec_cur_loss': '0.6762'}
{'Epoch': 10, 'HIT@5': '0.3462', 'NDCG@5': '0.2240', 'HIT@10': '0.5139', 'NDCG@10': '0.2782', 'HIT@20': '0.6715', 'NDCG@20': '0.3180', 'MRR@5': '0.2258', 'MRR@10': '0.2258', 'MRR@20': '0.2258'}
Validation score increased.  Saving model ...
{'epoch': 11, 'rec_avg_loss': '0.6919', 'rec_cur_loss': '0.6841'}
{'Epoch': 11, 'HIT@5': '0.3450', 'NDCG@5': '0.2256', 'HIT@10': '0.5146', 'NDCG@10': '0.2805', 'HIT@20': '0.6704', 'NDCG@20': '0.3197', 'MRR@5': '0.2284', 'MRR@10': '0.2284', 'MRR@20': '0.2284'}
Validation score increased.  Saving model ...
{'epoch': 12, 'rec_avg_loss': '0.6867', 'rec_cur_loss': '0.6898'}
{'Epoch': 12, 'HIT@5': '0.3457', 'NDCG@5': '0.2256', 'HIT@10': '0.5159', 'NDCG@10': '0.2807', 'HIT@20': '0.6740', 'NDCG@20': '0.3206', 'MRR@5': '0.2283', 'MRR@10': '0.2283', 'MRR@20': '0.2283'}
EarlyStopping counter: 1 out of 10
{'epoch': 13, 'rec_avg_loss': '0.6830', 'rec_cur_loss': '0.6822'}
{'Epoch': 13, 'HIT@5': '0.3427', 'NDCG@5': '0.2232', 'HIT@10': '0.5104', 'NDCG@10': '0.2773', 'HIT@20': '0.6674', 'NDCG@20': '0.3170', 'MRR@5': '0.2257', 'MRR@10': '0.2257', 'MRR@20': '0.2257'}
EarlyStopping counter: 2 out of 10
{'epoch': 14, 'rec_avg_loss': '0.6775', 'rec_cur_loss': '0.6781'}
{'Epoch': 14, 'HIT@5': '0.3526', 'NDCG@5': '0.2302', 'HIT@10': '0.5230', 'NDCG@10': '0.2852', 'HIT@20': '0.6758', 'NDCG@20': '0.3238', 'MRR@5': '0.2316', 'MRR@10': '0.2316', 'MRR@20': '0.2316'}
Validation score increased.  Saving model ...
{'epoch': 15, 'rec_avg_loss': '0.6728', 'rec_cur_loss': '0.6692'}
{'Epoch': 15, 'HIT@5': '0.3492', 'NDCG@5': '0.2290', 'HIT@10': '0.5212', 'NDCG@10': '0.2845', 'HIT@20': '0.6724', 'NDCG@20': '0.3227', 'MRR@5': '0.2313', 'MRR@10': '0.2313', 'MRR@20': '0.2313'}
EarlyStopping counter: 1 out of 10
{'epoch': 16, 'rec_avg_loss': '0.6706', 'rec_cur_loss': '0.6745'}
{'Epoch': 16, 'HIT@5': '0.3618', 'NDCG@5': '0.2359', 'HIT@10': '0.5273', 'NDCG@10': '0.2895', 'HIT@20': '0.6775', 'NDCG@20': '0.3275', 'MRR@5': '0.2355', 'MRR@10': '0.2355', 'MRR@20': '0.2355'}
Validation score increased.  Saving model ...
{'epoch': 17, 'rec_avg_loss': '0.6690', 'rec_cur_loss': '0.6749'}
{'Epoch': 17, 'HIT@5': '0.3626', 'NDCG@5': '0.2368', 'HIT@10': '0.5293', 'NDCG@10': '0.2908', 'HIT@20': '0.6805', 'NDCG@20': '0.3290', 'MRR@5': '0.2365', 'MRR@10': '0.2365', 'MRR@20': '0.2365'}
Validation score increased.  Saving model ...
{'epoch': 18, 'rec_avg_loss': '0.6655', 'rec_cur_loss': '0.6253'}
{'Epoch': 18, 'HIT@5': '0.3593', 'NDCG@5': '0.2354', 'HIT@10': '0.5298', 'NDCG@10': '0.2905', 'HIT@20': '0.6825', 'NDCG@20': '0.3291', 'MRR@5': '0.2361', 'MRR@10': '0.2361', 'MRR@20': '0.2361'}
EarlyStopping counter: 1 out of 10
{'epoch': 19, 'rec_avg_loss': '0.6648', 'rec_cur_loss': '0.6592'}
{'Epoch': 19, 'HIT@5': '0.3636', 'NDCG@5': '0.2377', 'HIT@10': '0.5267', 'NDCG@10': '0.2904', 'HIT@20': '0.6798', 'NDCG@20': '0.3291', 'MRR@5': '0.2369', 'MRR@10': '0.2369', 'MRR@20': '0.2369'}
Validation score increased.  Saving model ...
{'epoch': 20, 'rec_avg_loss': '0.6631', 'rec_cur_loss': '0.6517'}
{'Epoch': 20, 'HIT@5': '0.3618', 'NDCG@5': '0.2357', 'HIT@10': '0.5295', 'NDCG@10': '0.2899', 'HIT@20': '0.6786', 'NDCG@20': '0.3276', 'MRR@5': '0.2352', 'MRR@10': '0.2352', 'MRR@20': '0.2352'}
EarlyStopping counter: 1 out of 10
{'epoch': 21, 'rec_avg_loss': '0.6598', 'rec_cur_loss': '0.6603'}
{'Epoch': 21, 'HIT@5': '0.3637', 'NDCG@5': '0.2375', 'HIT@10': '0.5281', 'NDCG@10': '0.2907', 'HIT@20': '0.6795', 'NDCG@20': '0.3290', 'MRR@5': '0.2368', 'MRR@10': '0.2368', 'MRR@20': '0.2368'}
EarlyStopping counter: 2 out of 10
{'epoch': 22, 'rec_avg_loss': '0.6578', 'rec_cur_loss': '0.6654'}
{'Epoch': 22, 'HIT@5': '0.3618', 'NDCG@5': '0.2378', 'HIT@10': '0.5270', 'NDCG@10': '0.2913', 'HIT@20': '0.6805', 'NDCG@20': '0.3301', 'MRR@5': '0.2381', 'MRR@10': '0.2381', 'MRR@20': '0.2381'}
Validation score increased.  Saving model ...
{'epoch': 23, 'rec_avg_loss': '0.6560', 'rec_cur_loss': '0.6481'}
{'Epoch': 23, 'HIT@5': '0.3641', 'NDCG@5': '0.2388', 'HIT@10': '0.5262', 'NDCG@10': '0.2911', 'HIT@20': '0.6803', 'NDCG@20': '0.3302', 'MRR@5': '0.2382', 'MRR@10': '0.2382', 'MRR@20': '0.2382'}
Validation score increased.  Saving model ...
{'epoch': 24, 'rec_avg_loss': '0.6547', 'rec_cur_loss': '0.6578'}
{'Epoch': 24, 'HIT@5': '0.3662', 'NDCG@5': '0.2394', 'HIT@10': '0.5285', 'NDCG@10': '0.2920', 'HIT@20': '0.6815', 'NDCG@20': '0.3307', 'MRR@5': '0.2384', 'MRR@10': '0.2384', 'MRR@20': '0.2384'}
Validation score increased.  Saving model ...
{'epoch': 25, 'rec_avg_loss': '0.6530', 'rec_cur_loss': '0.6660'}
{'Epoch': 25, 'HIT@5': '0.3709', 'NDCG@5': '0.2427', 'HIT@10': '0.5339', 'NDCG@10': '0.2953', 'HIT@20': '0.6861', 'NDCG@20': '0.3338', 'MRR@5': '0.2409', 'MRR@10': '0.2409', 'MRR@20': '0.2409'}
Validation score increased.  Saving model ...
{'epoch': 26, 'rec_avg_loss': '0.6495', 'rec_cur_loss': '0.6468'}
{'Epoch': 26, 'HIT@5': '0.3667', 'NDCG@5': '0.2399', 'HIT@10': '0.5295', 'NDCG@10': '0.2924', 'HIT@20': '0.6815', 'NDCG@20': '0.3309', 'MRR@5': '0.2386', 'MRR@10': '0.2386', 'MRR@20': '0.2386'}
EarlyStopping counter: 1 out of 10
{'epoch': 27, 'rec_avg_loss': '0.6494', 'rec_cur_loss': '0.6619'}
{'Epoch': 27, 'HIT@5': '0.3745', 'NDCG@5': '0.2449', 'HIT@10': '0.5387', 'NDCG@10': '0.2977', 'HIT@20': '0.6897', 'NDCG@20': '0.3358', 'MRR@5': '0.2422', 'MRR@10': '0.2422', 'MRR@20': '0.2422'}
Validation score increased.  Saving model ...
{'epoch': 28, 'rec_avg_loss': '0.6467', 'rec_cur_loss': '0.6379'}
{'Epoch': 28, 'HIT@5': '0.3740', 'NDCG@5': '0.2451', 'HIT@10': '0.5344', 'NDCG@10': '0.2966', 'HIT@20': '0.6873', 'NDCG@20': '0.3353', 'MRR@5': '0.2424', 'MRR@10': '0.2424', 'MRR@20': '0.2424'}
Validation score increased.  Saving model ...
{'epoch': 29, 'rec_avg_loss': '0.6442', 'rec_cur_loss': '0.6177'}
{'Epoch': 29, 'HIT@5': '0.3732', 'NDCG@5': '0.2454', 'HIT@10': '0.5391', 'NDCG@10': '0.2989', 'HIT@20': '0.6907', 'NDCG@20': '0.3372', 'MRR@5': '0.2438', 'MRR@10': '0.2438', 'MRR@20': '0.2438'}
Validation score increased.  Saving model ...
{'epoch': 30, 'rec_avg_loss': '0.6451', 'rec_cur_loss': '0.6553'}
{'Epoch': 30, 'HIT@5': '0.3735', 'NDCG@5': '0.2472', 'HIT@10': '0.5379', 'NDCG@10': '0.3005', 'HIT@20': '0.6899', 'NDCG@20': '0.3390', 'MRR@5': '0.2463', 'MRR@10': '0.2463', 'MRR@20': '0.2463'}
Validation score increased.  Saving model ...
{'epoch': 31, 'rec_avg_loss': '0.6442', 'rec_cur_loss': '0.6476'}
{'Epoch': 31, 'HIT@5': '0.3800', 'NDCG@5': '0.2502', 'HIT@10': '0.5424', 'NDCG@10': '0.3027', 'HIT@20': '0.6972', 'NDCG@20': '0.3419', 'MRR@5': '0.2477', 'MRR@10': '0.2477', 'MRR@20': '0.2477'}
Validation score increased.  Saving model ...
{'epoch': 32, 'rec_avg_loss': '0.6448', 'rec_cur_loss': '0.6507'}
{'Epoch': 32, 'HIT@5': '0.3785', 'NDCG@5': '0.2485', 'HIT@10': '0.5394', 'NDCG@10': '0.3005', 'HIT@20': '0.6937', 'NDCG@20': '0.3396', 'MRR@5': '0.2459', 'MRR@10': '0.2459', 'MRR@20': '0.2459'}
EarlyStopping counter: 1 out of 10
{'epoch': 33, 'rec_avg_loss': '0.6412', 'rec_cur_loss': '0.6313'}
{'Epoch': 33, 'HIT@5': '0.3709', 'NDCG@5': '0.2438', 'HIT@10': '0.5361', 'NDCG@10': '0.2971', 'HIT@20': '0.6884', 'NDCG@20': '0.3356', 'MRR@5': '0.2426', 'MRR@10': '0.2426', 'MRR@20': '0.2426'}
EarlyStopping counter: 2 out of 10
{'epoch': 34, 'rec_avg_loss': '0.6409', 'rec_cur_loss': '0.6366'}
{'Epoch': 34, 'HIT@5': '0.3715', 'NDCG@5': '0.2454', 'HIT@10': '0.5329', 'NDCG@10': '0.2977', 'HIT@20': '0.6914', 'NDCG@20': '0.3379', 'MRR@5': '0.2446', 'MRR@10': '0.2446', 'MRR@20': '0.2446'}
EarlyStopping counter: 3 out of 10
{'epoch': 35, 'rec_avg_loss': '0.6383', 'rec_cur_loss': '0.6482'}
{'Epoch': 35, 'HIT@5': '0.3735', 'NDCG@5': '0.2461', 'HIT@10': '0.5366', 'NDCG@10': '0.2988', 'HIT@20': '0.6869', 'NDCG@20': '0.3369', 'MRR@5': '0.2445', 'MRR@10': '0.2445', 'MRR@20': '0.2445'}
EarlyStopping counter: 4 out of 10
{'epoch': 36, 'rec_avg_loss': '0.6391', 'rec_cur_loss': '0.6224'}
{'Epoch': 36, 'HIT@5': '0.3763', 'NDCG@5': '0.2485', 'HIT@10': '0.5391', 'NDCG@10': '0.3011', 'HIT@20': '0.6917', 'NDCG@20': '0.3398', 'MRR@5': '0.2467', 'MRR@10': '0.2467', 'MRR@20': '0.2467'}
EarlyStopping counter: 5 out of 10
{'epoch': 37, 'rec_avg_loss': '0.6377', 'rec_cur_loss': '0.6396'}
{'Epoch': 37, 'HIT@5': '0.3717', 'NDCG@5': '0.2460', 'HIT@10': '0.5318', 'NDCG@10': '0.2978', 'HIT@20': '0.6876', 'NDCG@20': '0.3373', 'MRR@5': '0.2451', 'MRR@10': '0.2451', 'MRR@20': '0.2451'}
EarlyStopping counter: 6 out of 10
{'epoch': 38, 'rec_avg_loss': '0.6344', 'rec_cur_loss': '0.6416'}
{'Epoch': 38, 'HIT@5': '0.3728', 'NDCG@5': '0.2455', 'HIT@10': '0.5320', 'NDCG@10': '0.2972', 'HIT@20': '0.6881', 'NDCG@20': '0.3368', 'MRR@5': '0.2441', 'MRR@10': '0.2441', 'MRR@20': '0.2441'}
EarlyStopping counter: 7 out of 10
{'epoch': 39, 'rec_avg_loss': '0.6349', 'rec_cur_loss': '0.6359'}
{'Epoch': 39, 'HIT@5': '0.3768', 'NDCG@5': '0.2476', 'HIT@10': '0.5373', 'NDCG@10': '0.2994', 'HIT@20': '0.6947', 'NDCG@20': '0.3393', 'MRR@5': '0.2453', 'MRR@10': '0.2453', 'MRR@20': '0.2453'}
EarlyStopping counter: 8 out of 10
{'epoch': 40, 'rec_avg_loss': '0.6307', 'rec_cur_loss': '0.6259'}
{'Epoch': 40, 'HIT@5': '0.3786', 'NDCG@5': '0.2498', 'HIT@10': '0.5419', 'NDCG@10': '0.3026', 'HIT@20': '0.6965', 'NDCG@20': '0.3417', 'MRR@5': '0.2476', 'MRR@10': '0.2476', 'MRR@20': '0.2476'}
EarlyStopping counter: 9 out of 10
{'epoch': 41, 'rec_avg_loss': '0.6322', 'rec_cur_loss': '0.6364'}
{'Epoch': 41, 'HIT@5': '0.3806', 'NDCG@5': '0.2523', 'HIT@10': '0.5432', 'NDCG@10': '0.3049', 'HIT@20': '0.6964', 'NDCG@20': '0.3437', 'MRR@5': '0.2504', 'MRR@10': '0.2504', 'MRR@20': '0.2504'}
Validation score increased.  Saving model ...
{'epoch': 42, 'rec_avg_loss': '0.6332', 'rec_cur_loss': '0.6385'}
{'Epoch': 42, 'HIT@5': '0.3927', 'NDCG@5': '0.2603', 'HIT@10': '0.5551', 'NDCG@10': '0.3129', 'HIT@20': '0.7084', 'NDCG@20': '0.3518', 'MRR@5': '0.2569', 'MRR@10': '0.2569', 'MRR@20': '0.2569'}
Validation score increased.  Saving model ...
{'epoch': 43, 'rec_avg_loss': '0.6297', 'rec_cur_loss': '0.6331'}
{'Epoch': 43, 'HIT@5': '0.3834', 'NDCG@5': '0.2528', 'HIT@10': '0.5437', 'NDCG@10': '0.3047', 'HIT@20': '0.7000', 'NDCG@20': '0.3443', 'MRR@5': '0.2499', 'MRR@10': '0.2499', 'MRR@20': '0.2499'}
EarlyStopping counter: 1 out of 10
{'epoch': 44, 'rec_avg_loss': '0.6308', 'rec_cur_loss': '0.6400'}
{'Epoch': 44, 'HIT@5': '0.3831', 'NDCG@5': '0.2539', 'HIT@10': '0.5488', 'NDCG@10': '0.3076', 'HIT@20': '0.7013', 'NDCG@20': '0.3462', 'MRR@5': '0.2520', 'MRR@10': '0.2520', 'MRR@20': '0.2520'}
EarlyStopping counter: 2 out of 10
{'epoch': 45, 'rec_avg_loss': '0.6283', 'rec_cur_loss': '0.6104'}
{'Epoch': 45, 'HIT@5': '0.3841', 'NDCG@5': '0.2549', 'HIT@10': '0.5508', 'NDCG@10': '0.3090', 'HIT@20': '0.7073', 'NDCG@20': '0.3487', 'MRR@5': '0.2533', 'MRR@10': '0.2533', 'MRR@20': '0.2533'}
EarlyStopping counter: 3 out of 10
{'epoch': 46, 'rec_avg_loss': '0.6315', 'rec_cur_loss': '0.6423'}
{'Epoch': 46, 'HIT@5': '0.3856', 'NDCG@5': '0.2553', 'HIT@10': '0.5508', 'NDCG@10': '0.3088', 'HIT@20': '0.7041', 'NDCG@20': '0.3477', 'MRR@5': '0.2529', 'MRR@10': '0.2529', 'MRR@20': '0.2529'}
EarlyStopping counter: 4 out of 10
{'epoch': 47, 'rec_avg_loss': '0.6295', 'rec_cur_loss': '0.6563'}
{'Epoch': 47, 'HIT@5': '0.3935', 'NDCG@5': '0.2604', 'HIT@10': '0.5583', 'NDCG@10': '0.3138', 'HIT@20': '0.7127', 'NDCG@20': '0.3529', 'MRR@5': '0.2570', 'MRR@10': '0.2570', 'MRR@20': '0.2570'}
Validation score increased.  Saving model ...
{'epoch': 48, 'rec_avg_loss': '0.6251', 'rec_cur_loss': '0.6347'}
{'Epoch': 48, 'HIT@5': '0.3945', 'NDCG@5': '0.2621', 'HIT@10': '0.5606', 'NDCG@10': '0.3160', 'HIT@20': '0.7144', 'NDCG@20': '0.3550', 'MRR@5': '0.2590', 'MRR@10': '0.2590', 'MRR@20': '0.2590'}
Validation score increased.  Saving model ...
{'epoch': 49, 'rec_avg_loss': '0.6257', 'rec_cur_loss': '0.5979'}
{'Epoch': 49, 'HIT@5': '0.3919', 'NDCG@5': '0.2591', 'HIT@10': '0.5566', 'NDCG@10': '0.3124', 'HIT@20': '0.7119', 'NDCG@20': '0.3518', 'MRR@5': '0.2557', 'MRR@10': '0.2557', 'MRR@20': '0.2557'}
EarlyStopping counter: 1 out of 10
{'epoch': 50, 'rec_avg_loss': '0.6254', 'rec_cur_loss': '0.6341'}
{'Epoch': 50, 'HIT@5': '0.3972', 'NDCG@5': '0.2627', 'HIT@10': '0.5603', 'NDCG@10': '0.3156', 'HIT@20': '0.7146', 'NDCG@20': '0.3549', 'MRR@5': '0.2587', 'MRR@10': '0.2587', 'MRR@20': '0.2587'}
EarlyStopping counter: 2 out of 10
{'epoch': 51, 'rec_avg_loss': '0.6246', 'rec_cur_loss': '0.6366'}
{'Epoch': 51, 'HIT@5': '0.3919', 'NDCG@5': '0.2601', 'HIT@10': '0.5565', 'NDCG@10': '0.3135', 'HIT@20': '0.7134', 'NDCG@20': '0.3532', 'MRR@5': '0.2572', 'MRR@10': '0.2572', 'MRR@20': '0.2572'}
EarlyStopping counter: 3 out of 10
{'epoch': 52, 'rec_avg_loss': '0.6239', 'rec_cur_loss': '0.6271'}
{'Epoch': 52, 'HIT@5': '0.3894', 'NDCG@5': '0.2578', 'HIT@10': '0.5503', 'NDCG@10': '0.3100', 'HIT@20': '0.7075', 'NDCG@20': '0.3499', 'MRR@5': '0.2548', 'MRR@10': '0.2548', 'MRR@20': '0.2548'}
EarlyStopping counter: 4 out of 10
{'epoch': 53, 'rec_avg_loss': '0.6209', 'rec_cur_loss': '0.6344'}
{'Epoch': 53, 'HIT@5': '0.3944', 'NDCG@5': '0.2617', 'HIT@10': '0.5568', 'NDCG@10': '0.3143', 'HIT@20': '0.7113', 'NDCG@20': '0.3535', 'MRR@5': '0.2581', 'MRR@10': '0.2581', 'MRR@20': '0.2581'}
EarlyStopping counter: 5 out of 10
{'epoch': 54, 'rec_avg_loss': '0.6196', 'rec_cur_loss': '0.6058'}
{'Epoch': 54, 'HIT@5': '0.3940', 'NDCG@5': '0.2602', 'HIT@10': '0.5632', 'NDCG@10': '0.3150', 'HIT@20': '0.7146', 'NDCG@20': '0.3534', 'MRR@5': '0.2568', 'MRR@10': '0.2568', 'MRR@20': '0.2568'}
EarlyStopping counter: 6 out of 10
{'epoch': 55, 'rec_avg_loss': '0.6237', 'rec_cur_loss': '0.6312'}
{'Epoch': 55, 'HIT@5': '0.3884', 'NDCG@5': '0.2574', 'HIT@10': '0.5541', 'NDCG@10': '0.3112', 'HIT@20': '0.7111', 'NDCG@20': '0.3510', 'MRR@5': '0.2551', 'MRR@10': '0.2551', 'MRR@20': '0.2551'}
EarlyStopping counter: 7 out of 10
{'epoch': 56, 'rec_avg_loss': '0.6215', 'rec_cur_loss': '0.6485'}
{'Epoch': 56, 'HIT@5': '0.3983', 'NDCG@5': '0.2635', 'HIT@10': '0.5644', 'NDCG@10': '0.3172', 'HIT@20': '0.7171', 'NDCG@20': '0.3560', 'MRR@5': '0.2594', 'MRR@10': '0.2594', 'MRR@20': '0.2594'}
Validation score increased.  Saving model ...
{'epoch': 57, 'rec_avg_loss': '0.6202', 'rec_cur_loss': '0.6115'}
{'Epoch': 57, 'HIT@5': '0.3995', 'NDCG@5': '0.2649', 'HIT@10': '0.5651', 'NDCG@10': '0.3184', 'HIT@20': '0.7189', 'NDCG@20': '0.3573', 'MRR@5': '0.2607', 'MRR@10': '0.2607', 'MRR@20': '0.2607'}
Validation score increased.  Saving model ...
{'epoch': 58, 'rec_avg_loss': '0.6199', 'rec_cur_loss': '0.5992'}
{'Epoch': 58, 'HIT@5': '0.3974', 'NDCG@5': '0.2627', 'HIT@10': '0.5642', 'NDCG@10': '0.3168', 'HIT@20': '0.7167', 'NDCG@20': '0.3555', 'MRR@5': '0.2588', 'MRR@10': '0.2588', 'MRR@20': '0.2588'}
EarlyStopping counter: 1 out of 10
{'epoch': 59, 'rec_avg_loss': '0.6180', 'rec_cur_loss': '0.6067'}
{'Epoch': 59, 'HIT@5': '0.4051', 'NDCG@5': '0.2685', 'HIT@10': '0.5712', 'NDCG@10': '0.3224', 'HIT@20': '0.7268', 'NDCG@20': '0.3619', 'MRR@5': '0.2639', 'MRR@10': '0.2639', 'MRR@20': '0.2639'}
Validation score increased.  Saving model ...
{'epoch': 60, 'rec_avg_loss': '0.6181', 'rec_cur_loss': '0.6496'}
{'Epoch': 60, 'HIT@5': '0.4093', 'NDCG@5': '0.2700', 'HIT@10': '0.5738', 'NDCG@10': '0.3232', 'HIT@20': '0.7245', 'NDCG@20': '0.3614', 'MRR@5': '0.2638', 'MRR@10': '0.2638', 'MRR@20': '0.2638'}
EarlyStopping counter: 1 out of 10
{'epoch': 61, 'rec_avg_loss': '0.6159', 'rec_cur_loss': '0.5996'}
{'Epoch': 61, 'HIT@5': '0.4038', 'NDCG@5': '0.2673', 'HIT@10': '0.5687', 'NDCG@10': '0.3208', 'HIT@20': '0.7227', 'NDCG@20': '0.3598', 'MRR@5': '0.2625', 'MRR@10': '0.2625', 'MRR@20': '0.2625'}
EarlyStopping counter: 2 out of 10
{'epoch': 62, 'rec_avg_loss': '0.6166', 'rec_cur_loss': '0.5989'}
{'Epoch': 62, 'HIT@5': '0.4003', 'NDCG@5': '0.2635', 'HIT@10': '0.5634', 'NDCG@10': '0.3162', 'HIT@20': '0.7152', 'NDCG@20': '0.3548', 'MRR@5': '0.2583', 'MRR@10': '0.2583', 'MRR@20': '0.2583'}
EarlyStopping counter: 3 out of 10
{'epoch': 63, 'rec_avg_loss': '0.6153', 'rec_cur_loss': '0.6309'}
{'Epoch': 63, 'HIT@5': '0.4139', 'NDCG@5': '0.2731', 'HIT@10': '0.5757', 'NDCG@10': '0.3255', 'HIT@20': '0.7278', 'NDCG@20': '0.3641', 'MRR@5': '0.2662', 'MRR@10': '0.2662', 'MRR@20': '0.2662'}
Validation score increased.  Saving model ...
{'epoch': 64, 'rec_avg_loss': '0.6158', 'rec_cur_loss': '0.6179'}
{'Epoch': 64, 'HIT@5': '0.4121', 'NDCG@5': '0.2722', 'HIT@10': '0.5765', 'NDCG@10': '0.3256', 'HIT@20': '0.7276', 'NDCG@20': '0.3640', 'MRR@5': '0.2661', 'MRR@10': '0.2661', 'MRR@20': '0.2661'}
EarlyStopping counter: 1 out of 10
{'epoch': 65, 'rec_avg_loss': '0.6150', 'rec_cur_loss': '0.6429'}
{'Epoch': 65, 'HIT@5': '0.4136', 'NDCG@5': '0.2725', 'HIT@10': '0.5786', 'NDCG@10': '0.3260', 'HIT@20': '0.7286', 'NDCG@20': '0.3641', 'MRR@5': '0.2659', 'MRR@10': '0.2659', 'MRR@20': '0.2659'}
EarlyStopping counter: 2 out of 10
{'epoch': 66, 'rec_avg_loss': '0.6161', 'rec_cur_loss': '0.6319'}
{'Epoch': 66, 'HIT@5': '0.4053', 'NDCG@5': '0.2672', 'HIT@10': '0.5697', 'NDCG@10': '0.3204', 'HIT@20': '0.7242', 'NDCG@20': '0.3596', 'MRR@5': '0.2618', 'MRR@10': '0.2618', 'MRR@20': '0.2618'}
EarlyStopping counter: 3 out of 10
{'epoch': 67, 'rec_avg_loss': '0.6136', 'rec_cur_loss': '0.6070'}
{'Epoch': 67, 'HIT@5': '0.4109', 'NDCG@5': '0.2729', 'HIT@10': '0.5753', 'NDCG@10': '0.3262', 'HIT@20': '0.7281', 'NDCG@20': '0.3650', 'MRR@5': '0.2674', 'MRR@10': '0.2674', 'MRR@20': '0.2674'}
Validation score increased.  Saving model ...
{'epoch': 68, 'rec_avg_loss': '0.6125', 'rec_cur_loss': '0.6077'}
{'Epoch': 68, 'HIT@5': '0.4151', 'NDCG@5': '0.2750', 'HIT@10': '0.5818', 'NDCG@10': '0.3290', 'HIT@20': '0.7336', 'NDCG@20': '0.3676', 'MRR@5': '0.2689', 'MRR@10': '0.2689', 'MRR@20': '0.2689'}
Validation score increased.  Saving model ...
{'epoch': 69, 'rec_avg_loss': '0.6138', 'rec_cur_loss': '0.6204'}
{'Epoch': 69, 'HIT@5': '0.4205', 'NDCG@5': '0.2778', 'HIT@10': '0.5831', 'NDCG@10': '0.3304', 'HIT@20': '0.7373', 'NDCG@20': '0.3696', 'MRR@5': '0.2703', 'MRR@10': '0.2703', 'MRR@20': '0.2703'}
Validation score increased.  Saving model ...
{'epoch': 70, 'rec_avg_loss': '0.6133', 'rec_cur_loss': '0.5774'}
{'Epoch': 70, 'HIT@5': '0.4147', 'NDCG@5': '0.2749', 'HIT@10': '0.5810', 'NDCG@10': '0.3287', 'HIT@20': '0.7313', 'NDCG@20': '0.3668', 'MRR@5': '0.2686', 'MRR@10': '0.2686', 'MRR@20': '0.2686'}
EarlyStopping counter: 1 out of 10
{'epoch': 71, 'rec_avg_loss': '0.6120', 'rec_cur_loss': '0.6304'}
{'Epoch': 71, 'HIT@5': '0.4217', 'NDCG@5': '0.2787', 'HIT@10': '0.5874', 'NDCG@10': '0.3323', 'HIT@20': '0.7354', 'NDCG@20': '0.3699', 'MRR@5': '0.2711', 'MRR@10': '0.2711', 'MRR@20': '0.2711'}
Validation score increased.  Saving model ...
{'epoch': 72, 'rec_avg_loss': '0.6136', 'rec_cur_loss': '0.6106'}
{'Epoch': 72, 'HIT@5': '0.4273', 'NDCG@5': '0.2840', 'HIT@10': '0.5907', 'NDCG@10': '0.3367', 'HIT@20': '0.7414', 'NDCG@20': '0.3750', 'MRR@5': '0.2758', 'MRR@10': '0.2758', 'MRR@20': '0.2758'}
Validation score increased.  Saving model ...
{'epoch': 73, 'rec_avg_loss': '0.6129', 'rec_cur_loss': '0.6049'}
{'Epoch': 73, 'HIT@5': '0.4190', 'NDCG@5': '0.2769', 'HIT@10': '0.5882', 'NDCG@10': '0.3317', 'HIT@20': '0.7354', 'NDCG@20': '0.3690', 'MRR@5': '0.2700', 'MRR@10': '0.2700', 'MRR@20': '0.2700'}
EarlyStopping counter: 1 out of 10
{'epoch': 74, 'rec_avg_loss': '0.6119', 'rec_cur_loss': '0.6403'}
{'Epoch': 74, 'HIT@5': '0.4194', 'NDCG@5': '0.2773', 'HIT@10': '0.5846', 'NDCG@10': '0.3308', 'HIT@20': '0.7333', 'NDCG@20': '0.3685', 'MRR@5': '0.2700', 'MRR@10': '0.2700', 'MRR@20': '0.2700'}
EarlyStopping counter: 2 out of 10
{'epoch': 75, 'rec_avg_loss': '0.6087', 'rec_cur_loss': '0.6026'}
{'Epoch': 75, 'HIT@5': '0.4215', 'NDCG@5': '0.2785', 'HIT@10': '0.5892', 'NDCG@10': '0.3328', 'HIT@20': '0.7361', 'NDCG@20': '0.3700', 'MRR@5': '0.2710', 'MRR@10': '0.2710', 'MRR@20': '0.2710'}
EarlyStopping counter: 3 out of 10
{'epoch': 76, 'rec_avg_loss': '0.6076', 'rec_cur_loss': '0.5952'}
{'Epoch': 76, 'HIT@5': '0.4215', 'NDCG@5': '0.2795', 'HIT@10': '0.5912', 'NDCG@10': '0.3344', 'HIT@20': '0.7381', 'NDCG@20': '0.3716', 'MRR@5': '0.2724', 'MRR@10': '0.2724', 'MRR@20': '0.2724'}
EarlyStopping counter: 4 out of 10
{'epoch': 77, 'rec_avg_loss': '0.6085', 'rec_cur_loss': '0.6167'}
{'Epoch': 77, 'HIT@5': '0.4166', 'NDCG@5': '0.2749', 'HIT@10': '0.5813', 'NDCG@10': '0.3282', 'HIT@20': '0.7338', 'NDCG@20': '0.3670', 'MRR@5': '0.2681', 'MRR@10': '0.2681', 'MRR@20': '0.2681'}
EarlyStopping counter: 5 out of 10
{'epoch': 78, 'rec_avg_loss': '0.6084', 'rec_cur_loss': '0.5971'}
{'Epoch': 78, 'HIT@5': '0.4222', 'NDCG@5': '0.2789', 'HIT@10': '0.5873', 'NDCG@10': '0.3323', 'HIT@20': '0.7404', 'NDCG@20': '0.3712', 'MRR@5': '0.2712', 'MRR@10': '0.2712', 'MRR@20': '0.2712'}
EarlyStopping counter: 6 out of 10
{'epoch': 79, 'rec_avg_loss': '0.6107', 'rec_cur_loss': '0.6286'}
{'Epoch': 79, 'HIT@5': '0.4166', 'NDCG@5': '0.2745', 'HIT@10': '0.5816', 'NDCG@10': '0.3279', 'HIT@20': '0.7323', 'NDCG@20': '0.3661', 'MRR@5': '0.2674', 'MRR@10': '0.2674', 'MRR@20': '0.2674'}
EarlyStopping counter: 7 out of 10
{'epoch': 80, 'rec_avg_loss': '0.6058', 'rec_cur_loss': '0.6219'}
{'Epoch': 80, 'HIT@5': '0.4258', 'NDCG@5': '0.2820', 'HIT@10': '0.5902', 'NDCG@10': '0.3352', 'HIT@20': '0.7399', 'NDCG@20': '0.3732', 'MRR@5': '0.2740', 'MRR@10': '0.2740', 'MRR@20': '0.2740'}
EarlyStopping counter: 8 out of 10
{'epoch': 81, 'rec_avg_loss': '0.6093', 'rec_cur_loss': '0.6118'}
{'Epoch': 81, 'HIT@5': '0.4194', 'NDCG@5': '0.2768', 'HIT@10': '0.5886', 'NDCG@10': '0.3314', 'HIT@20': '0.7364', 'NDCG@20': '0.3688', 'MRR@5': '0.2696', 'MRR@10': '0.2696', 'MRR@20': '0.2696'}
EarlyStopping counter: 9 out of 10
{'epoch': 82, 'rec_avg_loss': '0.6069', 'rec_cur_loss': '0.6214'}
{'Epoch': 82, 'HIT@5': '0.4313', 'NDCG@5': '0.2846', 'HIT@10': '0.5947', 'NDCG@10': '0.3374', 'HIT@20': '0.7412', 'NDCG@20': '0.3745', 'MRR@5': '0.2751', 'MRR@10': '0.2751', 'MRR@20': '0.2751'}
EarlyStopping counter: 10 out of 10
Early stopping
---------------Sample 99 results-------------------
{'Epoch': 0, 'HIT@5': '0.3916', 'NDCG@5': '0.2575', 'HIT@10': '0.5671', 'NDCG@10': '0.3144', 'HIT@20': '0.7164', 'NDCG@20': '0.3524', 'MRR@5': '0.2549', 'MRR@10': '0.2549', 'MRR@20': '0.2549'}
Finetune_sample-ml-1m-200
{'Epoch': 0, 'HIT@5': '0.3916', 'NDCG@5': '0.2575', 'HIT@10': '0.5671', 'NDCG@10': '0.3144', 'HIT@20': '0.7164', 'NDCG@20': '0.3524', 'MRR@5': '0.2549', 'MRR@10': '0.2549', 'MRR@20': '0.2549'}
