Namespace(adam_beta1=0.9, adam_beta2=0.999, attention_probs_dropout_prob=0.5, batch_size=256, ckp=80, cuda_condition=True, data_dir='./data/', data_file='./data/ml-1m.txt', data_name='ml-1m', do_eval=False, epochs=200, gpu_id='0', hidden_act='gelu', hidden_dropout_prob=0.5, hidden_size=64, initializer_range=0.02, item_size=3418, log_file='output/Finetune_sample-ml-1m-80.txt', log_freq=1, lr=0.001, mask_id=3417, max_seq_length=50, model_name='Finetune_sample', no_cuda=False, num_attention_heads=2, num_hidden_layers=2, output_dir='output/', sample_file='./data/ml-1m_sample.txt', seed=42, weight_decay=0.0)
Total Parameters: 338688
Load Checkpoint From output/ml-1m-epochs-80.pt!
{'epoch': 0, 'rec_avg_loss': '1.1986', 'rec_cur_loss': '1.0659'}
{'Epoch': 0, 'HIT@5': '0.1103', 'NDCG@5': '0.0666', 'HIT@10': '0.2040', 'NDCG@10': '0.0966', 'HIT@20': '0.3654', 'NDCG@20': '0.1369', 'MRR@5': '0.0906', 'MRR@10': '0.0906', 'MRR@20': '0.0906'}
Validation score increased.  Saving model ...
{'epoch': 1, 'rec_avg_loss': '0.9994', 'rec_cur_loss': '0.9450'}
{'Epoch': 1, 'HIT@5': '0.1459', 'NDCG@5': '0.0877', 'HIT@10': '0.2581', 'NDCG@10': '0.1235', 'HIT@20': '0.4495', 'NDCG@20': '0.1715', 'MRR@5': '0.1101', 'MRR@10': '0.1101', 'MRR@20': '0.1101'}
Validation score increased.  Saving model ...
{'epoch': 2, 'rec_avg_loss': '0.9269', 'rec_cur_loss': '0.9380'}
{'Epoch': 2, 'HIT@5': '0.1724', 'NDCG@5': '0.1030', 'HIT@10': '0.2929', 'NDCG@10': '0.1415', 'HIT@20': '0.5022', 'NDCG@20': '0.1941', 'MRR@5': '0.1232', 'MRR@10': '0.1232', 'MRR@20': '0.1232'}
Validation score increased.  Saving model ...
{'epoch': 3, 'rec_avg_loss': '0.8801', 'rec_cur_loss': '0.8724'}
{'Epoch': 3, 'HIT@5': '0.1929', 'NDCG@5': '0.1157', 'HIT@10': '0.3278', 'NDCG@10': '0.1591', 'HIT@20': '0.5454', 'NDCG@20': '0.2137', 'MRR@5': '0.1351', 'MRR@10': '0.1351', 'MRR@20': '0.1351'}
Validation score increased.  Saving model ...
{'epoch': 4, 'rec_avg_loss': '0.8494', 'rec_cur_loss': '0.8204'}
{'Epoch': 4, 'HIT@5': '0.2121', 'NDCG@5': '0.1274', 'HIT@10': '0.3541', 'NDCG@10': '0.1729', 'HIT@20': '0.5690', 'NDCG@20': '0.2271', 'MRR@5': '0.1447', 'MRR@10': '0.1447', 'MRR@20': '0.1447'}
Validation score increased.  Saving model ...
{'epoch': 5, 'rec_avg_loss': '0.8241', 'rec_cur_loss': '0.8273'}
{'Epoch': 5, 'HIT@5': '0.2222', 'NDCG@5': '0.1347', 'HIT@10': '0.3748', 'NDCG@10': '0.1835', 'HIT@20': '0.5891', 'NDCG@20': '0.2376', 'MRR@5': '0.1518', 'MRR@10': '0.1518', 'MRR@20': '0.1518'}
Validation score increased.  Saving model ...
{'epoch': 6, 'rec_avg_loss': '0.8102', 'rec_cur_loss': '0.8203'}
{'Epoch': 6, 'HIT@5': '0.2283', 'NDCG@5': '0.1392', 'HIT@10': '0.3884', 'NDCG@10': '0.1907', 'HIT@20': '0.6018', 'NDCG@20': '0.2445', 'MRR@5': '0.1567', 'MRR@10': '0.1567', 'MRR@20': '0.1567'}
Validation score increased.  Saving model ...
{'epoch': 7, 'rec_avg_loss': '0.7992', 'rec_cur_loss': '0.7896'}
{'Epoch': 7, 'HIT@5': '0.2371', 'NDCG@5': '0.1441', 'HIT@10': '0.3977', 'NDCG@10': '0.1956', 'HIT@20': '0.6114', 'NDCG@20': '0.2494', 'MRR@5': '0.1599', 'MRR@10': '0.1599', 'MRR@20': '0.1599'}
Validation score increased.  Saving model ...
{'epoch': 8, 'rec_avg_loss': '0.7896', 'rec_cur_loss': '0.7930'}
{'Epoch': 8, 'HIT@5': '0.2406', 'NDCG@5': '0.1454', 'HIT@10': '0.4041', 'NDCG@10': '0.1978', 'HIT@20': '0.6175', 'NDCG@20': '0.2515', 'MRR@5': '0.1607', 'MRR@10': '0.1607', 'MRR@20': '0.1607'}
Validation score increased.  Saving model ...
{'epoch': 9, 'rec_avg_loss': '0.7797', 'rec_cur_loss': '0.7658'}
{'Epoch': 9, 'HIT@5': '0.2490', 'NDCG@5': '0.1528', 'HIT@10': '0.4177', 'NDCG@10': '0.2070', 'HIT@20': '0.6295', 'NDCG@20': '0.2604', 'MRR@5': '0.1683', 'MRR@10': '0.1683', 'MRR@20': '0.1683'}
Validation score increased.  Saving model ...
{'epoch': 10, 'rec_avg_loss': '0.7732', 'rec_cur_loss': '0.7587'}
{'Epoch': 10, 'HIT@5': '0.2555', 'NDCG@5': '0.1568', 'HIT@10': '0.4237', 'NDCG@10': '0.2108', 'HIT@20': '0.6371', 'NDCG@20': '0.2646', 'MRR@5': '0.1713', 'MRR@10': '0.1713', 'MRR@20': '0.1713'}
Validation score increased.  Saving model ...
{'epoch': 11, 'rec_avg_loss': '0.7697', 'rec_cur_loss': '0.7592'}
{'Epoch': 11, 'HIT@5': '0.2541', 'NDCG@5': '0.1566', 'HIT@10': '0.4225', 'NDCG@10': '0.2109', 'HIT@20': '0.6396', 'NDCG@20': '0.2656', 'MRR@5': '0.1718', 'MRR@10': '0.1718', 'MRR@20': '0.1718'}
Validation score increased.  Saving model ...
{'epoch': 12, 'rec_avg_loss': '0.7642', 'rec_cur_loss': '0.7633'}
{'Epoch': 12, 'HIT@5': '0.2556', 'NDCG@5': '0.1581', 'HIT@10': '0.4285', 'NDCG@10': '0.2137', 'HIT@20': '0.6430', 'NDCG@20': '0.2679', 'MRR@5': '0.1735', 'MRR@10': '0.1735', 'MRR@20': '0.1735'}
Validation score increased.  Saving model ...
{'epoch': 13, 'rec_avg_loss': '0.7586', 'rec_cur_loss': '0.7715'}
{'Epoch': 13, 'HIT@5': '0.2644', 'NDCG@5': '0.1640', 'HIT@10': '0.4374', 'NDCG@10': '0.2194', 'HIT@20': '0.6500', 'NDCG@20': '0.2730', 'MRR@5': '0.1779', 'MRR@10': '0.1779', 'MRR@20': '0.1779'}
Validation score increased.  Saving model ...
{'epoch': 14, 'rec_avg_loss': '0.7544', 'rec_cur_loss': '0.7538'}
{'Epoch': 14, 'HIT@5': '0.2656', 'NDCG@5': '0.1659', 'HIT@10': '0.4416', 'NDCG@10': '0.2224', 'HIT@20': '0.6553', 'NDCG@20': '0.2763', 'MRR@5': '0.1805', 'MRR@10': '0.1805', 'MRR@20': '0.1805'}
Validation score increased.  Saving model ...
{'epoch': 15, 'rec_avg_loss': '0.7508', 'rec_cur_loss': '0.7500'}
{'Epoch': 15, 'HIT@5': '0.2637', 'NDCG@5': '0.1642', 'HIT@10': '0.4406', 'NDCG@10': '0.2210', 'HIT@20': '0.6536', 'NDCG@20': '0.2748', 'MRR@5': '0.1790', 'MRR@10': '0.1790', 'MRR@20': '0.1790'}
EarlyStopping counter: 1 out of 10
{'epoch': 16, 'rec_avg_loss': '0.7461', 'rec_cur_loss': '0.7682'}
{'Epoch': 16, 'HIT@5': '0.2743', 'NDCG@5': '0.1720', 'HIT@10': '0.4518', 'NDCG@10': '0.2289', 'HIT@20': '0.6613', 'NDCG@20': '0.2818', 'MRR@5': '0.1854', 'MRR@10': '0.1854', 'MRR@20': '0.1854'}
Validation score increased.  Saving model ...
{'epoch': 17, 'rec_avg_loss': '0.7443', 'rec_cur_loss': '0.7680'}
{'Epoch': 17, 'HIT@5': '0.2707', 'NDCG@5': '0.1691', 'HIT@10': '0.4502', 'NDCG@10': '0.2268', 'HIT@20': '0.6634', 'NDCG@20': '0.2807', 'MRR@5': '0.1833', 'MRR@10': '0.1833', 'MRR@20': '0.1833'}
EarlyStopping counter: 1 out of 10
{'epoch': 18, 'rec_avg_loss': '0.7407', 'rec_cur_loss': '0.6963'}
{'Epoch': 18, 'HIT@5': '0.2715', 'NDCG@5': '0.1698', 'HIT@10': '0.4546', 'NDCG@10': '0.2286', 'HIT@20': '0.6629', 'NDCG@20': '0.2811', 'MRR@5': '0.1840', 'MRR@10': '0.1840', 'MRR@20': '0.1840'}
EarlyStopping counter: 2 out of 10
{'epoch': 19, 'rec_avg_loss': '0.7396', 'rec_cur_loss': '0.7245'}
{'Epoch': 19, 'HIT@5': '0.2767', 'NDCG@5': '0.1737', 'HIT@10': '0.4581', 'NDCG@10': '0.2319', 'HIT@20': '0.6659', 'NDCG@20': '0.2844', 'MRR@5': '0.1872', 'MRR@10': '0.1872', 'MRR@20': '0.1872'}
Validation score increased.  Saving model ...
{'epoch': 20, 'rec_avg_loss': '0.7371', 'rec_cur_loss': '0.7328'}
{'Epoch': 20, 'HIT@5': '0.2780', 'NDCG@5': '0.1751', 'HIT@10': '0.4604', 'NDCG@10': '0.2337', 'HIT@20': '0.6725', 'NDCG@20': '0.2872', 'MRR@5': '0.1889', 'MRR@10': '0.1889', 'MRR@20': '0.1889'}
Validation score increased.  Saving model ...
{'epoch': 21, 'rec_avg_loss': '0.7350', 'rec_cur_loss': '0.7164'}
{'Epoch': 21, 'HIT@5': '0.2811', 'NDCG@5': '0.1771', 'HIT@10': '0.4652', 'NDCG@10': '0.2362', 'HIT@20': '0.6725', 'NDCG@20': '0.2886', 'MRR@5': '0.1905', 'MRR@10': '0.1905', 'MRR@20': '0.1905'}
Validation score increased.  Saving model ...
{'epoch': 22, 'rec_avg_loss': '0.7312', 'rec_cur_loss': '0.7352'}
{'Epoch': 22, 'HIT@5': '0.2811', 'NDCG@5': '0.1774', 'HIT@10': '0.4659', 'NDCG@10': '0.2368', 'HIT@20': '0.6737', 'NDCG@20': '0.2894', 'MRR@5': '0.1911', 'MRR@10': '0.1911', 'MRR@20': '0.1911'}
Validation score increased.  Saving model ...
{'epoch': 23, 'rec_avg_loss': '0.7299', 'rec_cur_loss': '0.7306'}
{'Epoch': 23, 'HIT@5': '0.2901', 'NDCG@5': '0.1827', 'HIT@10': '0.4725', 'NDCG@10': '0.2412', 'HIT@20': '0.6796', 'NDCG@20': '0.2936', 'MRR@5': '0.1945', 'MRR@10': '0.1945', 'MRR@20': '0.1945'}
Validation score increased.  Saving model ...
{'epoch': 24, 'rec_avg_loss': '0.7285', 'rec_cur_loss': '0.7307'}
{'Epoch': 24, 'HIT@5': '0.2884', 'NDCG@5': '0.1812', 'HIT@10': '0.4704', 'NDCG@10': '0.2396', 'HIT@20': '0.6780', 'NDCG@20': '0.2921', 'MRR@5': '0.1931', 'MRR@10': '0.1931', 'MRR@20': '0.1931'}
EarlyStopping counter: 1 out of 10
{'epoch': 25, 'rec_avg_loss': '0.7269', 'rec_cur_loss': '0.7453'}
{'Epoch': 25, 'HIT@5': '0.2907', 'NDCG@5': '0.1826', 'HIT@10': '0.4728', 'NDCG@10': '0.2411', 'HIT@20': '0.6805', 'NDCG@20': '0.2936', 'MRR@5': '0.1942', 'MRR@10': '0.1942', 'MRR@20': '0.1942'}
EarlyStopping counter: 2 out of 10
{'epoch': 26, 'rec_avg_loss': '0.7253', 'rec_cur_loss': '0.7347'}
{'Epoch': 26, 'HIT@5': '0.2877', 'NDCG@5': '0.1808', 'HIT@10': '0.4724', 'NDCG@10': '0.2402', 'HIT@20': '0.6803', 'NDCG@20': '0.2930', 'MRR@5': '0.1935', 'MRR@10': '0.1935', 'MRR@20': '0.1935'}
EarlyStopping counter: 3 out of 10
{'epoch': 27, 'rec_avg_loss': '0.7242', 'rec_cur_loss': '0.7393'}
{'Epoch': 27, 'HIT@5': '0.2901', 'NDCG@5': '0.1833', 'HIT@10': '0.4780', 'NDCG@10': '0.2437', 'HIT@20': '0.6834', 'NDCG@20': '0.2956', 'MRR@5': '0.1959', 'MRR@10': '0.1959', 'MRR@20': '0.1959'}
Validation score increased.  Saving model ...
{'epoch': 28, 'rec_avg_loss': '0.7196', 'rec_cur_loss': '0.7048'}
{'Epoch': 28, 'HIT@5': '0.2927', 'NDCG@5': '0.1846', 'HIT@10': '0.4785', 'NDCG@10': '0.2444', 'HIT@20': '0.6810', 'NDCG@20': '0.2957', 'MRR@5': '0.1966', 'MRR@10': '0.1966', 'MRR@20': '0.1966'}
Validation score increased.  Saving model ...
{'epoch': 29, 'rec_avg_loss': '0.7187', 'rec_cur_loss': '0.6955'}
{'Epoch': 29, 'HIT@5': '0.2957', 'NDCG@5': '0.1883', 'HIT@10': '0.4816', 'NDCG@10': '0.2481', 'HIT@20': '0.6879', 'NDCG@20': '0.3003', 'MRR@5': '0.2004', 'MRR@10': '0.2004', 'MRR@20': '0.2004'}
Validation score increased.  Saving model ...
{'epoch': 30, 'rec_avg_loss': '0.7192', 'rec_cur_loss': '0.7345'}
{'Epoch': 30, 'HIT@5': '0.2945', 'NDCG@5': '0.1870', 'HIT@10': '0.4859', 'NDCG@10': '0.2486', 'HIT@20': '0.6849', 'NDCG@20': '0.2990', 'MRR@5': '0.1995', 'MRR@10': '0.1995', 'MRR@20': '0.1995'}
EarlyStopping counter: 1 out of 10
{'epoch': 31, 'rec_avg_loss': '0.7198', 'rec_cur_loss': '0.7176'}
{'Epoch': 31, 'HIT@5': '0.2955', 'NDCG@5': '0.1878', 'HIT@10': '0.4877', 'NDCG@10': '0.2497', 'HIT@20': '0.6879', 'NDCG@20': '0.3004', 'MRR@5': '0.2004', 'MRR@10': '0.2004', 'MRR@20': '0.2004'}
EarlyStopping counter: 2 out of 10
{'epoch': 32, 'rec_avg_loss': '0.7176', 'rec_cur_loss': '0.7204'}
{'Epoch': 32, 'HIT@5': '0.2954', 'NDCG@5': '0.1872', 'HIT@10': '0.4854', 'NDCG@10': '0.2485', 'HIT@20': '0.6894', 'NDCG@20': '0.3000', 'MRR@5': '0.1995', 'MRR@10': '0.1995', 'MRR@20': '0.1995'}
EarlyStopping counter: 3 out of 10
{'epoch': 33, 'rec_avg_loss': '0.7164', 'rec_cur_loss': '0.7054'}
{'Epoch': 33, 'HIT@5': '0.2978', 'NDCG@5': '0.1890', 'HIT@10': '0.4854', 'NDCG@10': '0.2494', 'HIT@20': '0.6884', 'NDCG@20': '0.3008', 'MRR@5': '0.2008', 'MRR@10': '0.2008', 'MRR@20': '0.2008'}
Validation score increased.  Saving model ...
{'epoch': 34, 'rec_avg_loss': '0.7157', 'rec_cur_loss': '0.7127'}
{'Epoch': 34, 'HIT@5': '0.2975', 'NDCG@5': '0.1900', 'HIT@10': '0.4891', 'NDCG@10': '0.2518', 'HIT@20': '0.6892', 'NDCG@20': '0.3026', 'MRR@5': '0.2027', 'MRR@10': '0.2027', 'MRR@20': '0.2027'}
Validation score increased.  Saving model ...
{'epoch': 35, 'rec_avg_loss': '0.7125', 'rec_cur_loss': '0.7239'}
{'Epoch': 35, 'HIT@5': '0.2987', 'NDCG@5': '0.1908', 'HIT@10': '0.4902', 'NDCG@10': '0.2524', 'HIT@20': '0.6894', 'NDCG@20': '0.3029', 'MRR@5': '0.2030', 'MRR@10': '0.2030', 'MRR@20': '0.2030'}
Validation score increased.  Saving model ...
{'epoch': 36, 'rec_avg_loss': '0.7143', 'rec_cur_loss': '0.6994'}
{'Epoch': 36, 'HIT@5': '0.2964', 'NDCG@5': '0.1895', 'HIT@10': '0.4940', 'NDCG@10': '0.2531', 'HIT@20': '0.6896', 'NDCG@20': '0.3026', 'MRR@5': '0.2025', 'MRR@10': '0.2025', 'MRR@20': '0.2025'}
EarlyStopping counter: 1 out of 10
{'epoch': 37, 'rec_avg_loss': '0.7126', 'rec_cur_loss': '0.7089'}
{'Epoch': 37, 'HIT@5': '0.2985', 'NDCG@5': '0.1904', 'HIT@10': '0.4897', 'NDCG@10': '0.2522', 'HIT@20': '0.6894', 'NDCG@20': '0.3028', 'MRR@5': '0.2029', 'MRR@10': '0.2029', 'MRR@20': '0.2029'}
EarlyStopping counter: 2 out of 10
{'epoch': 38, 'rec_avg_loss': '0.7096', 'rec_cur_loss': '0.7114'}
{'Epoch': 38, 'HIT@5': '0.3025', 'NDCG@5': '0.1926', 'HIT@10': '0.4922', 'NDCG@10': '0.2539', 'HIT@20': '0.6902', 'NDCG@20': '0.3040', 'MRR@5': '0.2041', 'MRR@10': '0.2041', 'MRR@20': '0.2041'}
Validation score increased.  Saving model ...
{'epoch': 39, 'rec_avg_loss': '0.7124', 'rec_cur_loss': '0.7145'}
{'Epoch': 39, 'HIT@5': '0.3041', 'NDCG@5': '0.1941', 'HIT@10': '0.4904', 'NDCG@10': '0.2543', 'HIT@20': '0.6922', 'NDCG@20': '0.3054', 'MRR@5': '0.2053', 'MRR@10': '0.2053', 'MRR@20': '0.2053'}
Validation score increased.  Saving model ...
{'epoch': 40, 'rec_avg_loss': '0.7092', 'rec_cur_loss': '0.6988'}
{'Epoch': 40, 'HIT@5': '0.3050', 'NDCG@5': '0.1946', 'HIT@10': '0.4970', 'NDCG@10': '0.2567', 'HIT@20': '0.6932', 'NDCG@20': '0.3063', 'MRR@5': '0.2061', 'MRR@10': '0.2061', 'MRR@20': '0.2061'}
Validation score increased.  Saving model ...
{'epoch': 41, 'rec_avg_loss': '0.7076', 'rec_cur_loss': '0.7146'}
{'Epoch': 41, 'HIT@5': '0.3086', 'NDCG@5': '0.1967', 'HIT@10': '0.4995', 'NDCG@10': '0.2584', 'HIT@20': '0.6944', 'NDCG@20': '0.3077', 'MRR@5': '0.2073', 'MRR@10': '0.2073', 'MRR@20': '0.2073'}
Validation score increased.  Saving model ...
{'epoch': 42, 'rec_avg_loss': '0.7095', 'rec_cur_loss': '0.7102'}
{'Epoch': 42, 'HIT@5': '0.3083', 'NDCG@5': '0.1958', 'HIT@10': '0.4978', 'NDCG@10': '0.2571', 'HIT@20': '0.6965', 'NDCG@20': '0.3074', 'MRR@5': '0.2064', 'MRR@10': '0.2064', 'MRR@20': '0.2064'}
EarlyStopping counter: 1 out of 10
{'epoch': 43, 'rec_avg_loss': '0.7067', 'rec_cur_loss': '0.7083'}
{'Epoch': 43, 'HIT@5': '0.3063', 'NDCG@5': '0.1943', 'HIT@10': '0.4969', 'NDCG@10': '0.2559', 'HIT@20': '0.6944', 'NDCG@20': '0.3059', 'MRR@5': '0.2050', 'MRR@10': '0.2050', 'MRR@20': '0.2050'}
EarlyStopping counter: 2 out of 10
{'epoch': 44, 'rec_avg_loss': '0.7067', 'rec_cur_loss': '0.7114'}
{'Epoch': 44, 'HIT@5': '0.3151', 'NDCG@5': '0.1990', 'HIT@10': '0.5010', 'NDCG@10': '0.2590', 'HIT@20': '0.6975', 'NDCG@20': '0.3087', 'MRR@5': '0.2077', 'MRR@10': '0.2077', 'MRR@20': '0.2077'}
Validation score increased.  Saving model ...
{'epoch': 45, 'rec_avg_loss': '0.7050', 'rec_cur_loss': '0.6850'}
{'Epoch': 45, 'HIT@5': '0.3132', 'NDCG@5': '0.1989', 'HIT@10': '0.5008', 'NDCG@10': '0.2595', 'HIT@20': '0.6992', 'NDCG@20': '0.3097', 'MRR@5': '0.2084', 'MRR@10': '0.2084', 'MRR@20': '0.2084'}
Validation score increased.  Saving model ...
{'epoch': 46, 'rec_avg_loss': '0.7057', 'rec_cur_loss': '0.7142'}
{'Epoch': 46, 'HIT@5': '0.3141', 'NDCG@5': '0.1992', 'HIT@10': '0.5010', 'NDCG@10': '0.2596', 'HIT@20': '0.6965', 'NDCG@20': '0.3090', 'MRR@5': '0.2084', 'MRR@10': '0.2084', 'MRR@20': '0.2084'}
EarlyStopping counter: 1 out of 10
{'epoch': 47, 'rec_avg_loss': '0.7058', 'rec_cur_loss': '0.7310'}
{'Epoch': 47, 'HIT@5': '0.3149', 'NDCG@5': '0.2003', 'HIT@10': '0.5025', 'NDCG@10': '0.2610', 'HIT@20': '0.6964', 'NDCG@20': '0.3101', 'MRR@5': '0.2096', 'MRR@10': '0.2096', 'MRR@20': '0.2096'}
Validation score increased.  Saving model ...
{'epoch': 48, 'rec_avg_loss': '0.7002', 'rec_cur_loss': '0.7067'}
{'Epoch': 48, 'HIT@5': '0.3151', 'NDCG@5': '0.2008', 'HIT@10': '0.5060', 'NDCG@10': '0.2625', 'HIT@20': '0.7008', 'NDCG@20': '0.3119', 'MRR@5': '0.2106', 'MRR@10': '0.2106', 'MRR@20': '0.2106'}
Validation score increased.  Saving model ...
{'epoch': 49, 'rec_avg_loss': '0.7040', 'rec_cur_loss': '0.6908'}
{'Epoch': 49, 'HIT@5': '0.3157', 'NDCG@5': '0.2010', 'HIT@10': '0.5073', 'NDCG@10': '0.2627', 'HIT@20': '0.6985', 'NDCG@20': '0.3112', 'MRR@5': '0.2104', 'MRR@10': '0.2104', 'MRR@20': '0.2104'}
EarlyStopping counter: 1 out of 10
{'epoch': 50, 'rec_avg_loss': '0.7020', 'rec_cur_loss': '0.7088'}
{'Epoch': 50, 'HIT@5': '0.3142', 'NDCG@5': '0.2006', 'HIT@10': '0.5050', 'NDCG@10': '0.2623', 'HIT@20': '0.6982', 'NDCG@20': '0.3112', 'MRR@5': '0.2106', 'MRR@10': '0.2106', 'MRR@20': '0.2106'}
EarlyStopping counter: 2 out of 10
{'epoch': 51, 'rec_avg_loss': '0.7009', 'rec_cur_loss': '0.7181'}
{'Epoch': 51, 'HIT@5': '0.3199', 'NDCG@5': '0.2030', 'HIT@10': '0.5089', 'NDCG@10': '0.2641', 'HIT@20': '0.7013', 'NDCG@20': '0.3127', 'MRR@5': '0.2115', 'MRR@10': '0.2115', 'MRR@20': '0.2115'}
Validation score increased.  Saving model ...
{'epoch': 52, 'rec_avg_loss': '0.7003', 'rec_cur_loss': '0.7050'}
{'Epoch': 52, 'HIT@5': '0.3185', 'NDCG@5': '0.2022', 'HIT@10': '0.5071', 'NDCG@10': '0.2632', 'HIT@20': '0.6988', 'NDCG@20': '0.3117', 'MRR@5': '0.2108', 'MRR@10': '0.2108', 'MRR@20': '0.2108'}
EarlyStopping counter: 1 out of 10
{'epoch': 53, 'rec_avg_loss': '0.6988', 'rec_cur_loss': '0.7069'}
{'Epoch': 53, 'HIT@5': '0.3230', 'NDCG@5': '0.2052', 'HIT@10': '0.5101', 'NDCG@10': '0.2655', 'HIT@20': '0.7013', 'NDCG@20': '0.3139', 'MRR@5': '0.2129', 'MRR@10': '0.2129', 'MRR@20': '0.2129'}
Validation score increased.  Saving model ...
{'epoch': 54, 'rec_avg_loss': '0.6975', 'rec_cur_loss': '0.6659'}
{'Epoch': 54, 'HIT@5': '0.3205', 'NDCG@5': '0.2038', 'HIT@10': '0.5088', 'NDCG@10': '0.2646', 'HIT@20': '0.6988', 'NDCG@20': '0.3128', 'MRR@5': '0.2123', 'MRR@10': '0.2123', 'MRR@20': '0.2123'}
EarlyStopping counter: 1 out of 10
{'epoch': 55, 'rec_avg_loss': '0.7015', 'rec_cur_loss': '0.6998'}
{'Epoch': 55, 'HIT@5': '0.3225', 'NDCG@5': '0.2055', 'HIT@10': '0.5116', 'NDCG@10': '0.2665', 'HIT@20': '0.7007', 'NDCG@20': '0.3144', 'MRR@5': '0.2137', 'MRR@10': '0.2137', 'MRR@20': '0.2137'}
Validation score increased.  Saving model ...
{'epoch': 56, 'rec_avg_loss': '0.6993', 'rec_cur_loss': '0.7065'}
{'Epoch': 56, 'HIT@5': '0.3270', 'NDCG@5': '0.2080', 'HIT@10': '0.5161', 'NDCG@10': '0.2690', 'HIT@20': '0.7058', 'NDCG@20': '0.3170', 'MRR@5': '0.2154', 'MRR@10': '0.2154', 'MRR@20': '0.2154'}
Validation score increased.  Saving model ...
{'epoch': 57, 'rec_avg_loss': '0.6989', 'rec_cur_loss': '0.6891'}
{'Epoch': 57, 'HIT@5': '0.3286', 'NDCG@5': '0.2080', 'HIT@10': '0.5159', 'NDCG@10': '0.2683', 'HIT@20': '0.7050', 'NDCG@20': '0.3162', 'MRR@5': '0.2146', 'MRR@10': '0.2146', 'MRR@20': '0.2146'}
EarlyStopping counter: 1 out of 10
{'epoch': 58, 'rec_avg_loss': '0.6964', 'rec_cur_loss': '0.6817'}
{'Epoch': 58, 'HIT@5': '0.3285', 'NDCG@5': '0.2099', 'HIT@10': '0.5185', 'NDCG@10': '0.2711', 'HIT@20': '0.7017', 'NDCG@20': '0.3174', 'MRR@5': '0.2171', 'MRR@10': '0.2171', 'MRR@20': '0.2171'}
Validation score increased.  Saving model ...
{'epoch': 59, 'rec_avg_loss': '0.6956', 'rec_cur_loss': '0.6902'}
{'Epoch': 59, 'HIT@5': '0.3331', 'NDCG@5': '0.2115', 'HIT@10': '0.5187', 'NDCG@10': '0.2713', 'HIT@20': '0.7040', 'NDCG@20': '0.3183', 'MRR@5': '0.2173', 'MRR@10': '0.2173', 'MRR@20': '0.2173'}
Validation score increased.  Saving model ...
{'epoch': 60, 'rec_avg_loss': '0.6942', 'rec_cur_loss': '0.7242'}
{'Epoch': 60, 'HIT@5': '0.3313', 'NDCG@5': '0.2093', 'HIT@10': '0.5202', 'NDCG@10': '0.2701', 'HIT@20': '0.7063', 'NDCG@20': '0.3172', 'MRR@5': '0.2153', 'MRR@10': '0.2153', 'MRR@20': '0.2153'}
EarlyStopping counter: 1 out of 10
{'epoch': 61, 'rec_avg_loss': '0.6940', 'rec_cur_loss': '0.6813'}
{'Epoch': 61, 'HIT@5': '0.3306', 'NDCG@5': '0.2079', 'HIT@10': '0.5151', 'NDCG@10': '0.2672', 'HIT@20': '0.7022', 'NDCG@20': '0.3146', 'MRR@5': '0.2134', 'MRR@10': '0.2134', 'MRR@20': '0.2134'}
EarlyStopping counter: 2 out of 10
{'epoch': 62, 'rec_avg_loss': '0.6934', 'rec_cur_loss': '0.6724'}
{'Epoch': 62, 'HIT@5': '0.3283', 'NDCG@5': '0.2070', 'HIT@10': '0.5131', 'NDCG@10': '0.2665', 'HIT@20': '0.7030', 'NDCG@20': '0.3146', 'MRR@5': '0.2131', 'MRR@10': '0.2131', 'MRR@20': '0.2131'}
EarlyStopping counter: 3 out of 10
{'epoch': 63, 'rec_avg_loss': '0.6944', 'rec_cur_loss': '0.7143'}
{'Epoch': 63, 'HIT@5': '0.3353', 'NDCG@5': '0.2124', 'HIT@10': '0.5238', 'NDCG@10': '0.2731', 'HIT@20': '0.7084', 'NDCG@20': '0.3198', 'MRR@5': '0.2179', 'MRR@10': '0.2179', 'MRR@20': '0.2179'}
Validation score increased.  Saving model ...
{'epoch': 64, 'rec_avg_loss': '0.6940', 'rec_cur_loss': '0.6969'}
{'Epoch': 64, 'HIT@5': '0.3336', 'NDCG@5': '0.2124', 'HIT@10': '0.5190', 'NDCG@10': '0.2724', 'HIT@20': '0.7089', 'NDCG@20': '0.3205', 'MRR@5': '0.2188', 'MRR@10': '0.2188', 'MRR@20': '0.2188'}
Validation score increased.  Saving model ...
{'epoch': 65, 'rec_avg_loss': '0.6931', 'rec_cur_loss': '0.7145'}
{'Epoch': 65, 'HIT@5': '0.3293', 'NDCG@5': '0.2101', 'HIT@10': '0.5172', 'NDCG@10': '0.2708', 'HIT@20': '0.7063', 'NDCG@20': '0.3186', 'MRR@5': '0.2172', 'MRR@10': '0.2172', 'MRR@20': '0.2172'}
EarlyStopping counter: 1 out of 10
{'epoch': 66, 'rec_avg_loss': '0.6945', 'rec_cur_loss': '0.7081'}
{'Epoch': 66, 'HIT@5': '0.3351', 'NDCG@5': '0.2120', 'HIT@10': '0.5248', 'NDCG@10': '0.2730', 'HIT@20': '0.7086', 'NDCG@20': '0.3195', 'MRR@5': '0.2174', 'MRR@10': '0.2174', 'MRR@20': '0.2174'}
EarlyStopping counter: 2 out of 10
{'epoch': 67, 'rec_avg_loss': '0.6908', 'rec_cur_loss': '0.6950'}
{'Epoch': 67, 'HIT@5': '0.3369', 'NDCG@5': '0.2140', 'HIT@10': '0.5207', 'NDCG@10': '0.2732', 'HIT@20': '0.7083', 'NDCG@20': '0.3207', 'MRR@5': '0.2191', 'MRR@10': '0.2191', 'MRR@20': '0.2191'}
Validation score increased.  Saving model ...
{'epoch': 68, 'rec_avg_loss': '0.6905', 'rec_cur_loss': '0.6978'}
{'Epoch': 68, 'HIT@5': '0.3373', 'NDCG@5': '0.2152', 'HIT@10': '0.5230', 'NDCG@10': '0.2751', 'HIT@20': '0.7086', 'NDCG@20': '0.3221', 'MRR@5': '0.2207', 'MRR@10': '0.2207', 'MRR@20': '0.2207'}
Validation score increased.  Saving model ...
{'epoch': 69, 'rec_avg_loss': '0.6920', 'rec_cur_loss': '0.6915'}
{'Epoch': 69, 'HIT@5': '0.3333', 'NDCG@5': '0.2122', 'HIT@10': '0.5172', 'NDCG@10': '0.2713', 'HIT@20': '0.7046', 'NDCG@20': '0.3188', 'MRR@5': '0.2179', 'MRR@10': '0.2179', 'MRR@20': '0.2179'}
EarlyStopping counter: 1 out of 10
{'epoch': 70, 'rec_avg_loss': '0.6899', 'rec_cur_loss': '0.6639'}
{'Epoch': 70, 'HIT@5': '0.3351', 'NDCG@5': '0.2135', 'HIT@10': '0.5185', 'NDCG@10': '0.2726', 'HIT@20': '0.7060', 'NDCG@20': '0.3201', 'MRR@5': '0.2191', 'MRR@10': '0.2191', 'MRR@20': '0.2191'}
EarlyStopping counter: 2 out of 10
{'epoch': 71, 'rec_avg_loss': '0.6884', 'rec_cur_loss': '0.7089'}
{'Epoch': 71, 'HIT@5': '0.3392', 'NDCG@5': '0.2153', 'HIT@10': '0.5240', 'NDCG@10': '0.2747', 'HIT@20': '0.7098', 'NDCG@20': '0.3217', 'MRR@5': '0.2199', 'MRR@10': '0.2199', 'MRR@20': '0.2199'}
EarlyStopping counter: 3 out of 10
{'epoch': 72, 'rec_avg_loss': '0.6917', 'rec_cur_loss': '0.6841'}
{'Epoch': 72, 'HIT@5': '0.3435', 'NDCG@5': '0.2189', 'HIT@10': '0.5293', 'NDCG@10': '0.2785', 'HIT@20': '0.7104', 'NDCG@20': '0.3244', 'MRR@5': '0.2230', 'MRR@10': '0.2230', 'MRR@20': '0.2230'}
Validation score increased.  Saving model ...
{'epoch': 73, 'rec_avg_loss': '0.6892', 'rec_cur_loss': '0.6737'}
{'Epoch': 73, 'HIT@5': '0.3437', 'NDCG@5': '0.2198', 'HIT@10': '0.5303', 'NDCG@10': '0.2797', 'HIT@20': '0.7136', 'NDCG@20': '0.3260', 'MRR@5': '0.2242', 'MRR@10': '0.2242', 'MRR@20': '0.2242'}
Validation score increased.  Saving model ...
{'epoch': 74, 'rec_avg_loss': '0.6884', 'rec_cur_loss': '0.7260'}
{'Epoch': 74, 'HIT@5': '0.3407', 'NDCG@5': '0.2179', 'HIT@10': '0.5255', 'NDCG@10': '0.2774', 'HIT@20': '0.7075', 'NDCG@20': '0.3235', 'MRR@5': '0.2228', 'MRR@10': '0.2228', 'MRR@20': '0.2228'}
EarlyStopping counter: 1 out of 10
{'epoch': 75, 'rec_avg_loss': '0.6870', 'rec_cur_loss': '0.6824'}
{'Epoch': 75, 'HIT@5': '0.3351', 'NDCG@5': '0.2150', 'HIT@10': '0.5212', 'NDCG@10': '0.2749', 'HIT@20': '0.7076', 'NDCG@20': '0.3222', 'MRR@5': '0.2214', 'MRR@10': '0.2214', 'MRR@20': '0.2214'}
EarlyStopping counter: 2 out of 10
{'epoch': 76, 'rec_avg_loss': '0.6842', 'rec_cur_loss': '0.6700'}
{'Epoch': 76, 'HIT@5': '0.3391', 'NDCG@5': '0.2168', 'HIT@10': '0.5224', 'NDCG@10': '0.2760', 'HIT@20': '0.7081', 'NDCG@20': '0.3232', 'MRR@5': '0.2222', 'MRR@10': '0.2222', 'MRR@20': '0.2222'}
EarlyStopping counter: 3 out of 10
{'epoch': 77, 'rec_avg_loss': '0.6868', 'rec_cur_loss': '0.6963'}
{'Epoch': 77, 'HIT@5': '0.3379', 'NDCG@5': '0.2164', 'HIT@10': '0.5210', 'NDCG@10': '0.2754', 'HIT@20': '0.7091', 'NDCG@20': '0.3231', 'MRR@5': '0.2219', 'MRR@10': '0.2219', 'MRR@20': '0.2219'}
EarlyStopping counter: 4 out of 10
{'epoch': 78, 'rec_avg_loss': '0.6855', 'rec_cur_loss': '0.6689'}
{'Epoch': 78, 'HIT@5': '0.3444', 'NDCG@5': '0.2204', 'HIT@10': '0.5290', 'NDCG@10': '0.2799', 'HIT@20': '0.7139', 'NDCG@20': '0.3268', 'MRR@5': '0.2250', 'MRR@10': '0.2250', 'MRR@20': '0.2250'}
Validation score increased.  Saving model ...
{'epoch': 79, 'rec_avg_loss': '0.6861', 'rec_cur_loss': '0.7180'}
{'Epoch': 79, 'HIT@5': '0.3384', 'NDCG@5': '0.2158', 'HIT@10': '0.5207', 'NDCG@10': '0.2746', 'HIT@20': '0.7098', 'NDCG@20': '0.3225', 'MRR@5': '0.2210', 'MRR@10': '0.2210', 'MRR@20': '0.2210'}
EarlyStopping counter: 1 out of 10
{'epoch': 80, 'rec_avg_loss': '0.6859', 'rec_cur_loss': '0.7096'}
{'Epoch': 80, 'HIT@5': '0.3386', 'NDCG@5': '0.2177', 'HIT@10': '0.5200', 'NDCG@10': '0.2764', 'HIT@20': '0.7114', 'NDCG@20': '0.3251', 'MRR@5': '0.2237', 'MRR@10': '0.2237', 'MRR@20': '0.2237'}
EarlyStopping counter: 2 out of 10
{'epoch': 81, 'rec_avg_loss': '0.6858', 'rec_cur_loss': '0.6921'}
{'Epoch': 81, 'HIT@5': '0.3487', 'NDCG@5': '0.2232', 'HIT@10': '0.5303', 'NDCG@10': '0.2818', 'HIT@20': '0.7166', 'NDCG@20': '0.3290', 'MRR@5': '0.2269', 'MRR@10': '0.2269', 'MRR@20': '0.2269'}
Validation score increased.  Saving model ...
{'epoch': 82, 'rec_avg_loss': '0.6839', 'rec_cur_loss': '0.6998'}
{'Epoch': 82, 'HIT@5': '0.3440', 'NDCG@5': '0.2200', 'HIT@10': '0.5268', 'NDCG@10': '0.2789', 'HIT@20': '0.7121', 'NDCG@20': '0.3259', 'MRR@5': '0.2244', 'MRR@10': '0.2244', 'MRR@20': '0.2244'}
EarlyStopping counter: 1 out of 10
{'epoch': 83, 'rec_avg_loss': '0.6837', 'rec_cur_loss': '0.6733'}
{'Epoch': 83, 'HIT@5': '0.3462', 'NDCG@5': '0.2207', 'HIT@10': '0.5288', 'NDCG@10': '0.2794', 'HIT@20': '0.7127', 'NDCG@20': '0.3261', 'MRR@5': '0.2244', 'MRR@10': '0.2244', 'MRR@20': '0.2244'}
EarlyStopping counter: 2 out of 10
{'epoch': 84, 'rec_avg_loss': '0.6832', 'rec_cur_loss': '0.6356'}
{'Epoch': 84, 'HIT@5': '0.3450', 'NDCG@5': '0.2215', 'HIT@10': '0.5290', 'NDCG@10': '0.2807', 'HIT@20': '0.7131', 'NDCG@20': '0.3274', 'MRR@5': '0.2261', 'MRR@10': '0.2261', 'MRR@20': '0.2261'}
EarlyStopping counter: 3 out of 10
{'epoch': 85, 'rec_avg_loss': '0.6836', 'rec_cur_loss': '0.6958'}
{'Epoch': 85, 'HIT@5': '0.3467', 'NDCG@5': '0.2212', 'HIT@10': '0.5310', 'NDCG@10': '0.2805', 'HIT@20': '0.7171', 'NDCG@20': '0.3276', 'MRR@5': '0.2250', 'MRR@10': '0.2250', 'MRR@20': '0.2250'}
EarlyStopping counter: 4 out of 10
{'epoch': 86, 'rec_avg_loss': '0.6831', 'rec_cur_loss': '0.7104'}
{'Epoch': 86, 'HIT@5': '0.3482', 'NDCG@5': '0.2229', 'HIT@10': '0.5328', 'NDCG@10': '0.2825', 'HIT@20': '0.7137', 'NDCG@20': '0.3286', 'MRR@5': '0.2270', 'MRR@10': '0.2270', 'MRR@20': '0.2270'}
Validation score increased.  Saving model ...
{'epoch': 87, 'rec_avg_loss': '0.6819', 'rec_cur_loss': '0.6999'}
{'Epoch': 87, 'HIT@5': '0.3493', 'NDCG@5': '0.2245', 'HIT@10': '0.5311', 'NDCG@10': '0.2832', 'HIT@20': '0.7174', 'NDCG@20': '0.3304', 'MRR@5': '0.2284', 'MRR@10': '0.2284', 'MRR@20': '0.2284'}
Validation score increased.  Saving model ...
{'epoch': 88, 'rec_avg_loss': '0.6810', 'rec_cur_loss': '0.6702'}
{'Epoch': 88, 'HIT@5': '0.3470', 'NDCG@5': '0.2228', 'HIT@10': '0.5316', 'NDCG@10': '0.2822', 'HIT@20': '0.7142', 'NDCG@20': '0.3285', 'MRR@5': '0.2270', 'MRR@10': '0.2270', 'MRR@20': '0.2270'}
EarlyStopping counter: 1 out of 10
{'epoch': 89, 'rec_avg_loss': '0.6810', 'rec_cur_loss': '0.6915'}
{'Epoch': 89, 'HIT@5': '0.3419', 'NDCG@5': '0.2180', 'HIT@10': '0.5268', 'NDCG@10': '0.2776', 'HIT@20': '0.7139', 'NDCG@20': '0.3251', 'MRR@5': '0.2228', 'MRR@10': '0.2228', 'MRR@20': '0.2228'}
EarlyStopping counter: 2 out of 10
{'epoch': 90, 'rec_avg_loss': '0.6822', 'rec_cur_loss': '0.6821'}
{'Epoch': 90, 'HIT@5': '0.3482', 'NDCG@5': '0.2235', 'HIT@10': '0.5338', 'NDCG@10': '0.2834', 'HIT@20': '0.7172', 'NDCG@20': '0.3299', 'MRR@5': '0.2278', 'MRR@10': '0.2278', 'MRR@20': '0.2278'}
EarlyStopping counter: 3 out of 10
{'epoch': 91, 'rec_avg_loss': '0.6826', 'rec_cur_loss': '0.7005'}
{'Epoch': 91, 'HIT@5': '0.3492', 'NDCG@5': '0.2232', 'HIT@10': '0.5308', 'NDCG@10': '0.2817', 'HIT@20': '0.7161', 'NDCG@20': '0.3286', 'MRR@5': '0.2266', 'MRR@10': '0.2266', 'MRR@20': '0.2266'}
EarlyStopping counter: 4 out of 10
{'epoch': 92, 'rec_avg_loss': '0.6809', 'rec_cur_loss': '0.6640'}
{'Epoch': 92, 'HIT@5': '0.3493', 'NDCG@5': '0.2245', 'HIT@10': '0.5339', 'NDCG@10': '0.2841', 'HIT@20': '0.7174', 'NDCG@20': '0.3307', 'MRR@5': '0.2287', 'MRR@10': '0.2287', 'MRR@20': '0.2287'}
Validation score increased.  Saving model ...
{'epoch': 93, 'rec_avg_loss': '0.6818', 'rec_cur_loss': '0.6756'}
{'Epoch': 93, 'HIT@5': '0.3551', 'NDCG@5': '0.2286', 'HIT@10': '0.5339', 'NDCG@10': '0.2863', 'HIT@20': '0.7207', 'NDCG@20': '0.3338', 'MRR@5': '0.2316', 'MRR@10': '0.2316', 'MRR@20': '0.2316'}
Validation score increased.  Saving model ...
{'epoch': 94, 'rec_avg_loss': '0.6792', 'rec_cur_loss': '0.6887'}
{'Epoch': 94, 'HIT@5': '0.3523', 'NDCG@5': '0.2256', 'HIT@10': '0.5344', 'NDCG@10': '0.2843', 'HIT@20': '0.7171', 'NDCG@20': '0.3307', 'MRR@5': '0.2287', 'MRR@10': '0.2287', 'MRR@20': '0.2287'}
EarlyStopping counter: 1 out of 10
{'epoch': 95, 'rec_avg_loss': '0.6838', 'rec_cur_loss': '0.6856'}
{'Epoch': 95, 'HIT@5': '0.3550', 'NDCG@5': '0.2275', 'HIT@10': '0.5353', 'NDCG@10': '0.2855', 'HIT@20': '0.7195', 'NDCG@20': '0.3322', 'MRR@5': '0.2300', 'MRR@10': '0.2300', 'MRR@20': '0.2300'}
EarlyStopping counter: 2 out of 10
{'epoch': 96, 'rec_avg_loss': '0.6778', 'rec_cur_loss': '0.6610'}
{'Epoch': 96, 'HIT@5': '0.3518', 'NDCG@5': '0.2252', 'HIT@10': '0.5343', 'NDCG@10': '0.2840', 'HIT@20': '0.7179', 'NDCG@20': '0.3305', 'MRR@5': '0.2283', 'MRR@10': '0.2283', 'MRR@20': '0.2283'}
EarlyStopping counter: 3 out of 10
{'epoch': 97, 'rec_avg_loss': '0.6778', 'rec_cur_loss': '0.6829'}
{'Epoch': 97, 'HIT@5': '0.3508', 'NDCG@5': '0.2252', 'HIT@10': '0.5364', 'NDCG@10': '0.2851', 'HIT@20': '0.7192', 'NDCG@20': '0.3313', 'MRR@5': '0.2290', 'MRR@10': '0.2290', 'MRR@20': '0.2290'}
EarlyStopping counter: 4 out of 10
{'epoch': 98, 'rec_avg_loss': '0.6788', 'rec_cur_loss': '0.6773'}
{'Epoch': 98, 'HIT@5': '0.3593', 'NDCG@5': '0.2308', 'HIT@10': '0.5422', 'NDCG@10': '0.2898', 'HIT@20': '0.7205', 'NDCG@20': '0.3350', 'MRR@5': '0.2331', 'MRR@10': '0.2331', 'MRR@20': '0.2331'}
Validation score increased.  Saving model ...
{'epoch': 99, 'rec_avg_loss': '0.6787', 'rec_cur_loss': '0.6672'}
{'Epoch': 99, 'HIT@5': '0.3533', 'NDCG@5': '0.2275', 'HIT@10': '0.5430', 'NDCG@10': '0.2887', 'HIT@20': '0.7215', 'NDCG@20': '0.3339', 'MRR@5': '0.2314', 'MRR@10': '0.2314', 'MRR@20': '0.2314'}
EarlyStopping counter: 1 out of 10
{'epoch': 100, 'rec_avg_loss': '0.6761', 'rec_cur_loss': '0.6793'}
{'Epoch': 100, 'HIT@5': '0.3566', 'NDCG@5': '0.2276', 'HIT@10': '0.5399', 'NDCG@10': '0.2867', 'HIT@20': '0.7195', 'NDCG@20': '0.3321', 'MRR@5': '0.2298', 'MRR@10': '0.2298', 'MRR@20': '0.2298'}
EarlyStopping counter: 2 out of 10
{'epoch': 101, 'rec_avg_loss': '0.6772', 'rec_cur_loss': '0.6759'}
{'Epoch': 101, 'HIT@5': '0.3538', 'NDCG@5': '0.2266', 'HIT@10': '0.5368', 'NDCG@10': '0.2854', 'HIT@20': '0.7169', 'NDCG@20': '0.3310', 'MRR@5': '0.2293', 'MRR@10': '0.2293', 'MRR@20': '0.2293'}
EarlyStopping counter: 3 out of 10
{'epoch': 102, 'rec_avg_loss': '0.6747', 'rec_cur_loss': '0.6342'}
{'Epoch': 102, 'HIT@5': '0.3541', 'NDCG@5': '0.2277', 'HIT@10': '0.5368', 'NDCG@10': '0.2865', 'HIT@20': '0.7189', 'NDCG@20': '0.3326', 'MRR@5': '0.2308', 'MRR@10': '0.2308', 'MRR@20': '0.2308'}
EarlyStopping counter: 4 out of 10
{'epoch': 103, 'rec_avg_loss': '0.6763', 'rec_cur_loss': '0.6832'}
{'Epoch': 103, 'HIT@5': '0.3538', 'NDCG@5': '0.2284', 'HIT@10': '0.5374', 'NDCG@10': '0.2876', 'HIT@20': '0.7189', 'NDCG@20': '0.3336', 'MRR@5': '0.2320', 'MRR@10': '0.2320', 'MRR@20': '0.2320'}
EarlyStopping counter: 5 out of 10
{'epoch': 104, 'rec_avg_loss': '0.6750', 'rec_cur_loss': '0.6819'}
{'Epoch': 104, 'HIT@5': '0.3571', 'NDCG@5': '0.2307', 'HIT@10': '0.5384', 'NDCG@10': '0.2892', 'HIT@20': '0.7202', 'NDCG@20': '0.3353', 'MRR@5': '0.2336', 'MRR@10': '0.2336', 'MRR@20': '0.2336'}
Validation score increased.  Saving model ...
{'epoch': 105, 'rec_avg_loss': '0.6755', 'rec_cur_loss': '0.6903'}
{'Epoch': 105, 'HIT@5': '0.3583', 'NDCG@5': '0.2302', 'HIT@10': '0.5389', 'NDCG@10': '0.2883', 'HIT@20': '0.7209', 'NDCG@20': '0.3344', 'MRR@5': '0.2324', 'MRR@10': '0.2324', 'MRR@20': '0.2324'}
EarlyStopping counter: 1 out of 10
{'epoch': 106, 'rec_avg_loss': '0.6759', 'rec_cur_loss': '0.6654'}
{'Epoch': 106, 'HIT@5': '0.3583', 'NDCG@5': '0.2310', 'HIT@10': '0.5401', 'NDCG@10': '0.2896', 'HIT@20': '0.7210', 'NDCG@20': '0.3353', 'MRR@5': '0.2335', 'MRR@10': '0.2335', 'MRR@20': '0.2335'}
EarlyStopping counter: 2 out of 10
{'epoch': 107, 'rec_avg_loss': '0.6719', 'rec_cur_loss': '0.6762'}
{'Epoch': 107, 'HIT@5': '0.3586', 'NDCG@5': '0.2309', 'HIT@10': '0.5422', 'NDCG@10': '0.2900', 'HIT@20': '0.7214', 'NDCG@20': '0.3353', 'MRR@5': '0.2332', 'MRR@10': '0.2332', 'MRR@20': '0.2332'}
EarlyStopping counter: 3 out of 10
{'epoch': 108, 'rec_avg_loss': '0.6739', 'rec_cur_loss': '0.6845'}
{'Epoch': 108, 'HIT@5': '0.3594', 'NDCG@5': '0.2311', 'HIT@10': '0.5382', 'NDCG@10': '0.2886', 'HIT@20': '0.7224', 'NDCG@20': '0.3352', 'MRR@5': '0.2329', 'MRR@10': '0.2329', 'MRR@20': '0.2329'}
EarlyStopping counter: 4 out of 10
{'epoch': 109, 'rec_avg_loss': '0.6733', 'rec_cur_loss': '0.6500'}
{'Epoch': 109, 'HIT@5': '0.3578', 'NDCG@5': '0.2307', 'HIT@10': '0.5369', 'NDCG@10': '0.2884', 'HIT@20': '0.7184', 'NDCG@20': '0.3343', 'MRR@5': '0.2330', 'MRR@10': '0.2330', 'MRR@20': '0.2330'}
EarlyStopping counter: 5 out of 10
{'epoch': 110, 'rec_avg_loss': '0.6737', 'rec_cur_loss': '0.6416'}
{'Epoch': 110, 'HIT@5': '0.3654', 'NDCG@5': '0.2342', 'HIT@10': '0.5437', 'NDCG@10': '0.2916', 'HIT@20': '0.7224', 'NDCG@20': '0.3369', 'MRR@5': '0.2348', 'MRR@10': '0.2348', 'MRR@20': '0.2348'}
Validation score increased.  Saving model ...
{'epoch': 111, 'rec_avg_loss': '0.6734', 'rec_cur_loss': '0.6888'}
{'Epoch': 111, 'HIT@5': '0.3581', 'NDCG@5': '0.2322', 'HIT@10': '0.5397', 'NDCG@10': '0.2909', 'HIT@20': '0.7185', 'NDCG@20': '0.3362', 'MRR@5': '0.2353', 'MRR@10': '0.2353', 'MRR@20': '0.2353'}
Validation score increased.  Saving model ...
{'epoch': 112, 'rec_avg_loss': '0.6715', 'rec_cur_loss': '0.6580'}
{'Epoch': 112, 'HIT@5': '0.3642', 'NDCG@5': '0.2355', 'HIT@10': '0.5474', 'NDCG@10': '0.2946', 'HIT@20': '0.7255', 'NDCG@20': '0.3397', 'MRR@5': '0.2375', 'MRR@10': '0.2375', 'MRR@20': '0.2375'}
Validation score increased.  Saving model ...
{'epoch': 113, 'rec_avg_loss': '0.6731', 'rec_cur_loss': '0.6772'}
{'Epoch': 113, 'HIT@5': '0.3619', 'NDCG@5': '0.2339', 'HIT@10': '0.5435', 'NDCG@10': '0.2924', 'HIT@20': '0.7240', 'NDCG@20': '0.3382', 'MRR@5': '0.2361', 'MRR@10': '0.2361', 'MRR@20': '0.2361'}
EarlyStopping counter: 1 out of 10
{'epoch': 114, 'rec_avg_loss': '0.6720', 'rec_cur_loss': '0.7016'}
{'Epoch': 114, 'HIT@5': '0.3578', 'NDCG@5': '0.2317', 'HIT@10': '0.5351', 'NDCG@10': '0.2890', 'HIT@20': '0.7205', 'NDCG@20': '0.3360', 'MRR@5': '0.2345', 'MRR@10': '0.2345', 'MRR@20': '0.2345'}
EarlyStopping counter: 2 out of 10
{'epoch': 115, 'rec_avg_loss': '0.6735', 'rec_cur_loss': '0.6895'}
{'Epoch': 115, 'HIT@5': '0.3609', 'NDCG@5': '0.2338', 'HIT@10': '0.5449', 'NDCG@10': '0.2931', 'HIT@20': '0.7240', 'NDCG@20': '0.3384', 'MRR@5': '0.2364', 'MRR@10': '0.2364', 'MRR@20': '0.2364'}
EarlyStopping counter: 3 out of 10
{'epoch': 116, 'rec_avg_loss': '0.6683', 'rec_cur_loss': '0.6613'}
{'Epoch': 116, 'HIT@5': '0.3629', 'NDCG@5': '0.2353', 'HIT@10': '0.5449', 'NDCG@10': '0.2940', 'HIT@20': '0.7245', 'NDCG@20': '0.3396', 'MRR@5': '0.2377', 'MRR@10': '0.2377', 'MRR@20': '0.2377'}
Validation score increased.  Saving model ...
{'epoch': 117, 'rec_avg_loss': '0.6721', 'rec_cur_loss': '0.6739'}
{'Epoch': 117, 'HIT@5': '0.3651', 'NDCG@5': '0.2364', 'HIT@10': '0.5455', 'NDCG@10': '0.2946', 'HIT@20': '0.7250', 'NDCG@20': '0.3401', 'MRR@5': '0.2381', 'MRR@10': '0.2381', 'MRR@20': '0.2381'}
Validation score increased.  Saving model ...
{'epoch': 118, 'rec_avg_loss': '0.6706', 'rec_cur_loss': '0.6897'}
{'Epoch': 118, 'HIT@5': '0.3651', 'NDCG@5': '0.2368', 'HIT@10': '0.5450', 'NDCG@10': '0.2948', 'HIT@20': '0.7237', 'NDCG@20': '0.3401', 'MRR@5': '0.2386', 'MRR@10': '0.2386', 'MRR@20': '0.2386'}
Validation score increased.  Saving model ...
{'epoch': 119, 'rec_avg_loss': '0.6693', 'rec_cur_loss': '0.7067'}
{'Epoch': 119, 'HIT@5': '0.3618', 'NDCG@5': '0.2347', 'HIT@10': '0.5440', 'NDCG@10': '0.2936', 'HIT@20': '0.7207', 'NDCG@20': '0.3383', 'MRR@5': '0.2372', 'MRR@10': '0.2372', 'MRR@20': '0.2372'}
EarlyStopping counter: 1 out of 10
{'epoch': 120, 'rec_avg_loss': '0.6697', 'rec_cur_loss': '0.6776'}
{'Epoch': 120, 'HIT@5': '0.3599', 'NDCG@5': '0.2327', 'HIT@10': '0.5472', 'NDCG@10': '0.2931', 'HIT@20': '0.7212', 'NDCG@20': '0.3371', 'MRR@5': '0.2355', 'MRR@10': '0.2355', 'MRR@20': '0.2355'}
EarlyStopping counter: 2 out of 10
{'epoch': 121, 'rec_avg_loss': '0.6713', 'rec_cur_loss': '0.6878'}
{'Epoch': 121, 'HIT@5': '0.3616', 'NDCG@5': '0.2344', 'HIT@10': '0.5469', 'NDCG@10': '0.2943', 'HIT@20': '0.7247', 'NDCG@20': '0.3394', 'MRR@5': '0.2372', 'MRR@10': '0.2372', 'MRR@20': '0.2372'}
EarlyStopping counter: 3 out of 10
{'epoch': 122, 'rec_avg_loss': '0.6683', 'rec_cur_loss': '0.6593'}
{'Epoch': 122, 'HIT@5': '0.3627', 'NDCG@5': '0.2345', 'HIT@10': '0.5447', 'NDCG@10': '0.2933', 'HIT@20': '0.7220', 'NDCG@20': '0.3382', 'MRR@5': '0.2366', 'MRR@10': '0.2366', 'MRR@20': '0.2366'}
EarlyStopping counter: 4 out of 10
{'epoch': 123, 'rec_avg_loss': '0.6685', 'rec_cur_loss': '0.6839'}
{'Epoch': 123, 'HIT@5': '0.3682', 'NDCG@5': '0.2395', 'HIT@10': '0.5507', 'NDCG@10': '0.2984', 'HIT@20': '0.7240', 'NDCG@20': '0.3424', 'MRR@5': '0.2413', 'MRR@10': '0.2413', 'MRR@20': '0.2413'}
Validation score increased.  Saving model ...
{'epoch': 124, 'rec_avg_loss': '0.6693', 'rec_cur_loss': '0.7033'}
{'Epoch': 124, 'HIT@5': '0.3659', 'NDCG@5': '0.2368', 'HIT@10': '0.5477', 'NDCG@10': '0.2956', 'HIT@20': '0.7227', 'NDCG@20': '0.3400', 'MRR@5': '0.2386', 'MRR@10': '0.2386', 'MRR@20': '0.2386'}
EarlyStopping counter: 1 out of 10
{'epoch': 125, 'rec_avg_loss': '0.6671', 'rec_cur_loss': '0.6757'}
{'Epoch': 125, 'HIT@5': '0.3671', 'NDCG@5': '0.2389', 'HIT@10': '0.5518', 'NDCG@10': '0.2985', 'HIT@20': '0.7260', 'NDCG@20': '0.3426', 'MRR@5': '0.2409', 'MRR@10': '0.2409', 'MRR@20': '0.2409'}
EarlyStopping counter: 2 out of 10
{'epoch': 126, 'rec_avg_loss': '0.6670', 'rec_cur_loss': '0.6632'}
{'Epoch': 126, 'HIT@5': '0.3672', 'NDCG@5': '0.2389', 'HIT@10': '0.5457', 'NDCG@10': '0.2965', 'HIT@20': '0.7217', 'NDCG@20': '0.3412', 'MRR@5': '0.2405', 'MRR@10': '0.2405', 'MRR@20': '0.2405'}
EarlyStopping counter: 3 out of 10
{'epoch': 127, 'rec_avg_loss': '0.6651', 'rec_cur_loss': '0.6396'}
{'Epoch': 127, 'HIT@5': '0.3672', 'NDCG@5': '0.2378', 'HIT@10': '0.5460', 'NDCG@10': '0.2957', 'HIT@20': '0.7242', 'NDCG@20': '0.3409', 'MRR@5': '0.2393', 'MRR@10': '0.2393', 'MRR@20': '0.2393'}
EarlyStopping counter: 4 out of 10
{'epoch': 128, 'rec_avg_loss': '0.6641', 'rec_cur_loss': '0.6336'}
{'Epoch': 128, 'HIT@5': '0.3704', 'NDCG@5': '0.2392', 'HIT@10': '0.5492', 'NDCG@10': '0.2970', 'HIT@20': '0.7268', 'NDCG@20': '0.3419', 'MRR@5': '0.2397', 'MRR@10': '0.2397', 'MRR@20': '0.2397'}
EarlyStopping counter: 5 out of 10
{'epoch': 129, 'rec_avg_loss': '0.6651', 'rec_cur_loss': '0.6614'}
{'Epoch': 129, 'HIT@5': '0.3717', 'NDCG@5': '0.2418', 'HIT@10': '0.5536', 'NDCG@10': '0.3006', 'HIT@20': '0.7270', 'NDCG@20': '0.3446', 'MRR@5': '0.2430', 'MRR@10': '0.2430', 'MRR@20': '0.2430'}
Validation score increased.  Saving model ...
{'epoch': 130, 'rec_avg_loss': '0.6651', 'rec_cur_loss': '0.6744'}
{'Epoch': 130, 'HIT@5': '0.3623', 'NDCG@5': '0.2360', 'HIT@10': '0.5447', 'NDCG@10': '0.2950', 'HIT@20': '0.7248', 'NDCG@20': '0.3408', 'MRR@5': '0.2390', 'MRR@10': '0.2390', 'MRR@20': '0.2390'}
EarlyStopping counter: 1 out of 10
{'epoch': 131, 'rec_avg_loss': '0.6655', 'rec_cur_loss': '0.6437'}
{'Epoch': 131, 'HIT@5': '0.3735', 'NDCG@5': '0.2424', 'HIT@10': '0.5533', 'NDCG@10': '0.3005', 'HIT@20': '0.7296', 'NDCG@20': '0.3452', 'MRR@5': '0.2430', 'MRR@10': '0.2430', 'MRR@20': '0.2430'}
Validation score increased.  Saving model ...
{'epoch': 132, 'rec_avg_loss': '0.6628', 'rec_cur_loss': '0.6756'}
{'Epoch': 132, 'HIT@5': '0.3662', 'NDCG@5': '0.2373', 'HIT@10': '0.5477', 'NDCG@10': '0.2959', 'HIT@20': '0.7248', 'NDCG@20': '0.3409', 'MRR@5': '0.2390', 'MRR@10': '0.2390', 'MRR@20': '0.2390'}
EarlyStopping counter: 1 out of 10
{'epoch': 133, 'rec_avg_loss': '0.6635', 'rec_cur_loss': '0.6497'}
{'Epoch': 133, 'HIT@5': '0.3652', 'NDCG@5': '0.2374', 'HIT@10': '0.5492', 'NDCG@10': '0.2967', 'HIT@20': '0.7258', 'NDCG@20': '0.3415', 'MRR@5': '0.2396', 'MRR@10': '0.2396', 'MRR@20': '0.2396'}
EarlyStopping counter: 2 out of 10
{'epoch': 134, 'rec_avg_loss': '0.6623', 'rec_cur_loss': '0.6621'}
{'Epoch': 134, 'HIT@5': '0.3695', 'NDCG@5': '0.2391', 'HIT@10': '0.5495', 'NDCG@10': '0.2972', 'HIT@20': '0.7245', 'NDCG@20': '0.3415', 'MRR@5': '0.2398', 'MRR@10': '0.2398', 'MRR@20': '0.2398'}
EarlyStopping counter: 3 out of 10
{'epoch': 135, 'rec_avg_loss': '0.6642', 'rec_cur_loss': '0.6571'}
{'Epoch': 135, 'HIT@5': '0.3679', 'NDCG@5': '0.2392', 'HIT@10': '0.5503', 'NDCG@10': '0.2983', 'HIT@20': '0.7288', 'NDCG@20': '0.3436', 'MRR@5': '0.2412', 'MRR@10': '0.2412', 'MRR@20': '0.2412'}
EarlyStopping counter: 4 out of 10
{'epoch': 136, 'rec_avg_loss': '0.6625', 'rec_cur_loss': '0.6739'}
{'Epoch': 136, 'HIT@5': '0.3677', 'NDCG@5': '0.2384', 'HIT@10': '0.5475', 'NDCG@10': '0.2964', 'HIT@20': '0.7250', 'NDCG@20': '0.3414', 'MRR@5': '0.2397', 'MRR@10': '0.2397', 'MRR@20': '0.2397'}
EarlyStopping counter: 5 out of 10
{'epoch': 137, 'rec_avg_loss': '0.6641', 'rec_cur_loss': '0.6574'}
{'Epoch': 137, 'HIT@5': '0.3705', 'NDCG@5': '0.2403', 'HIT@10': '0.5492', 'NDCG@10': '0.2981', 'HIT@20': '0.7281', 'NDCG@20': '0.3436', 'MRR@5': '0.2413', 'MRR@10': '0.2413', 'MRR@20': '0.2413'}
EarlyStopping counter: 6 out of 10
{'epoch': 138, 'rec_avg_loss': '0.6607', 'rec_cur_loss': '0.6363'}
{'Epoch': 138, 'HIT@5': '0.3717', 'NDCG@5': '0.2403', 'HIT@10': '0.5545', 'NDCG@10': '0.2995', 'HIT@20': '0.7285', 'NDCG@20': '0.3436', 'MRR@5': '0.2411', 'MRR@10': '0.2411', 'MRR@20': '0.2411'}
EarlyStopping counter: 7 out of 10
{'epoch': 139, 'rec_avg_loss': '0.6609', 'rec_cur_loss': '0.6788'}
{'Epoch': 139, 'HIT@5': '0.3725', 'NDCG@5': '0.2412', 'HIT@10': '0.5538', 'NDCG@10': '0.2997', 'HIT@20': '0.7283', 'NDCG@20': '0.3440', 'MRR@5': '0.2418', 'MRR@10': '0.2418', 'MRR@20': '0.2418'}
EarlyStopping counter: 8 out of 10
{'epoch': 140, 'rec_avg_loss': '0.6606', 'rec_cur_loss': '0.6536'}
{'Epoch': 140, 'HIT@5': '0.3728', 'NDCG@5': '0.2421', 'HIT@10': '0.5565', 'NDCG@10': '0.3014', 'HIT@20': '0.7288', 'NDCG@20': '0.3452', 'MRR@5': '0.2431', 'MRR@10': '0.2431', 'MRR@20': '0.2431'}
Validation score increased.  Saving model ...
{'epoch': 141, 'rec_avg_loss': '0.6593', 'rec_cur_loss': '0.6853'}
{'Epoch': 141, 'HIT@5': '0.3709', 'NDCG@5': '0.2422', 'HIT@10': '0.5531', 'NDCG@10': '0.3012', 'HIT@20': '0.7300', 'NDCG@20': '0.3460', 'MRR@5': '0.2440', 'MRR@10': '0.2440', 'MRR@20': '0.2440'}
Validation score increased.  Saving model ...
{'epoch': 142, 'rec_avg_loss': '0.6598', 'rec_cur_loss': '0.6382'}
{'Epoch': 142, 'HIT@5': '0.3695', 'NDCG@5': '0.2406', 'HIT@10': '0.5546', 'NDCG@10': '0.3004', 'HIT@20': '0.7258', 'NDCG@20': '0.3439', 'MRR@5': '0.2424', 'MRR@10': '0.2424', 'MRR@20': '0.2424'}
EarlyStopping counter: 1 out of 10
{'epoch': 143, 'rec_avg_loss': '0.6572', 'rec_cur_loss': '0.6409'}
{'Epoch': 143, 'HIT@5': '0.3763', 'NDCG@5': '0.2444', 'HIT@10': '0.5548', 'NDCG@10': '0.3022', 'HIT@20': '0.7310', 'NDCG@20': '0.3469', 'MRR@5': '0.2446', 'MRR@10': '0.2446', 'MRR@20': '0.2446'}
Validation score increased.  Saving model ...
{'epoch': 144, 'rec_avg_loss': '0.6577', 'rec_cur_loss': '0.6545'}
{'Epoch': 144, 'HIT@5': '0.3753', 'NDCG@5': '0.2440', 'HIT@10': '0.5528', 'NDCG@10': '0.3015', 'HIT@20': '0.7278', 'NDCG@20': '0.3459', 'MRR@5': '0.2444', 'MRR@10': '0.2444', 'MRR@20': '0.2444'}
EarlyStopping counter: 1 out of 10
{'epoch': 145, 'rec_avg_loss': '0.6576', 'rec_cur_loss': '0.6356'}
{'Epoch': 145, 'HIT@5': '0.3743', 'NDCG@5': '0.2431', 'HIT@10': '0.5536', 'NDCG@10': '0.3011', 'HIT@20': '0.7281', 'NDCG@20': '0.3454', 'MRR@5': '0.2436', 'MRR@10': '0.2436', 'MRR@20': '0.2436'}
EarlyStopping counter: 2 out of 10
{'epoch': 146, 'rec_avg_loss': '0.6575', 'rec_cur_loss': '0.6292'}
{'Epoch': 146, 'HIT@5': '0.3834', 'NDCG@5': '0.2495', 'HIT@10': '0.5556', 'NDCG@10': '0.3052', 'HIT@20': '0.7303', 'NDCG@20': '0.3496', 'MRR@5': '0.2482', 'MRR@10': '0.2482', 'MRR@20': '0.2482'}
Validation score increased.  Saving model ...
{'epoch': 147, 'rec_avg_loss': '0.6580', 'rec_cur_loss': '0.6253'}
{'Epoch': 147, 'HIT@5': '0.3752', 'NDCG@5': '0.2428', 'HIT@10': '0.5540', 'NDCG@10': '0.3004', 'HIT@20': '0.7285', 'NDCG@20': '0.3447', 'MRR@5': '0.2425', 'MRR@10': '0.2425', 'MRR@20': '0.2425'}
EarlyStopping counter: 1 out of 10
{'epoch': 148, 'rec_avg_loss': '0.6572', 'rec_cur_loss': '0.6539'}
{'Epoch': 148, 'HIT@5': '0.3773', 'NDCG@5': '0.2472', 'HIT@10': '0.5520', 'NDCG@10': '0.3039', 'HIT@20': '0.7298', 'NDCG@20': '0.3491', 'MRR@5': '0.2479', 'MRR@10': '0.2479', 'MRR@20': '0.2479'}
EarlyStopping counter: 2 out of 10
{'epoch': 149, 'rec_avg_loss': '0.6577', 'rec_cur_loss': '0.6685'}
{'Epoch': 149, 'HIT@5': '0.3790', 'NDCG@5': '0.2462', 'HIT@10': '0.5578', 'NDCG@10': '0.3040', 'HIT@20': '0.7298', 'NDCG@20': '0.3477', 'MRR@5': '0.2459', 'MRR@10': '0.2459', 'MRR@20': '0.2459'}
EarlyStopping counter: 3 out of 10
{'epoch': 150, 'rec_avg_loss': '0.6563', 'rec_cur_loss': '0.6539'}
{'Epoch': 150, 'HIT@5': '0.3810', 'NDCG@5': '0.2467', 'HIT@10': '0.5584', 'NDCG@10': '0.3039', 'HIT@20': '0.7351', 'NDCG@20': '0.3488', 'MRR@5': '0.2456', 'MRR@10': '0.2456', 'MRR@20': '0.2456'}
EarlyStopping counter: 4 out of 10
{'epoch': 151, 'rec_avg_loss': '0.6568', 'rec_cur_loss': '0.6489'}
{'Epoch': 151, 'HIT@5': '0.3770', 'NDCG@5': '0.2449', 'HIT@10': '0.5570', 'NDCG@10': '0.3031', 'HIT@20': '0.7291', 'NDCG@20': '0.3469', 'MRR@5': '0.2450', 'MRR@10': '0.2450', 'MRR@20': '0.2450'}
EarlyStopping counter: 5 out of 10
{'epoch': 152, 'rec_avg_loss': '0.6563', 'rec_cur_loss': '0.6589'}
{'Epoch': 152, 'HIT@5': '0.3795', 'NDCG@5': '0.2465', 'HIT@10': '0.5586', 'NDCG@10': '0.3044', 'HIT@20': '0.7315', 'NDCG@20': '0.3483', 'MRR@5': '0.2462', 'MRR@10': '0.2462', 'MRR@20': '0.2462'}
EarlyStopping counter: 6 out of 10
{'epoch': 153, 'rec_avg_loss': '0.6553', 'rec_cur_loss': '0.6375'}
{'Epoch': 153, 'HIT@5': '0.3768', 'NDCG@5': '0.2456', 'HIT@10': '0.5608', 'NDCG@10': '0.3049', 'HIT@20': '0.7308', 'NDCG@20': '0.3481', 'MRR@5': '0.2461', 'MRR@10': '0.2461', 'MRR@20': '0.2461'}
EarlyStopping counter: 7 out of 10
{'epoch': 154, 'rec_avg_loss': '0.6549', 'rec_cur_loss': '0.6585'}
{'Epoch': 154, 'HIT@5': '0.3763', 'NDCG@5': '0.2457', 'HIT@10': '0.5604', 'NDCG@10': '0.3052', 'HIT@20': '0.7308', 'NDCG@20': '0.3485', 'MRR@5': '0.2466', 'MRR@10': '0.2466', 'MRR@20': '0.2466'}
EarlyStopping counter: 8 out of 10
{'epoch': 155, 'rec_avg_loss': '0.6545', 'rec_cur_loss': '0.6664'}
{'Epoch': 155, 'HIT@5': '0.3780', 'NDCG@5': '0.2477', 'HIT@10': '0.5601', 'NDCG@10': '0.3066', 'HIT@20': '0.7296', 'NDCG@20': '0.3496', 'MRR@5': '0.2485', 'MRR@10': '0.2485', 'MRR@20': '0.2485'}
Validation score increased.  Saving model ...
{'epoch': 156, 'rec_avg_loss': '0.6527', 'rec_cur_loss': '0.6521'}
{'Epoch': 156, 'HIT@5': '0.3796', 'NDCG@5': '0.2488', 'HIT@10': '0.5627', 'NDCG@10': '0.3079', 'HIT@20': '0.7300', 'NDCG@20': '0.3503', 'MRR@5': '0.2491', 'MRR@10': '0.2491', 'MRR@20': '0.2491'}
Validation score increased.  Saving model ...
{'epoch': 157, 'rec_avg_loss': '0.6511', 'rec_cur_loss': '0.6457'}
{'Epoch': 157, 'HIT@5': '0.3854', 'NDCG@5': '0.2519', 'HIT@10': '0.5661', 'NDCG@10': '0.3102', 'HIT@20': '0.7346', 'NDCG@20': '0.3529', 'MRR@5': '0.2509', 'MRR@10': '0.2509', 'MRR@20': '0.2509'}
Validation score increased.  Saving model ...
{'epoch': 158, 'rec_avg_loss': '0.6532', 'rec_cur_loss': '0.6378'}
{'Epoch': 158, 'HIT@5': '0.3805', 'NDCG@5': '0.2485', 'HIT@10': '0.5588', 'NDCG@10': '0.3062', 'HIT@20': '0.7296', 'NDCG@20': '0.3495', 'MRR@5': '0.2483', 'MRR@10': '0.2483', 'MRR@20': '0.2483'}
EarlyStopping counter: 1 out of 10
{'epoch': 159, 'rec_avg_loss': '0.6518', 'rec_cur_loss': '0.6415'}
{'Epoch': 159, 'HIT@5': '0.3849', 'NDCG@5': '0.2515', 'HIT@10': '0.5608', 'NDCG@10': '0.3084', 'HIT@20': '0.7328', 'NDCG@20': '0.3521', 'MRR@5': '0.2506', 'MRR@10': '0.2506', 'MRR@20': '0.2506'}
EarlyStopping counter: 2 out of 10
{'epoch': 160, 'rec_avg_loss': '0.6520', 'rec_cur_loss': '0.6433'}
{'Epoch': 160, 'HIT@5': '0.3833', 'NDCG@5': '0.2521', 'HIT@10': '0.5619', 'NDCG@10': '0.3098', 'HIT@20': '0.7318', 'NDCG@20': '0.3529', 'MRR@5': '0.2520', 'MRR@10': '0.2520', 'MRR@20': '0.2520'}
Validation score increased.  Saving model ...
{'epoch': 161, 'rec_avg_loss': '0.6508', 'rec_cur_loss': '0.6335'}
{'Epoch': 161, 'HIT@5': '0.3838', 'NDCG@5': '0.2516', 'HIT@10': '0.5619', 'NDCG@10': '0.3092', 'HIT@20': '0.7336', 'NDCG@20': '0.3528', 'MRR@5': '0.2512', 'MRR@10': '0.2512', 'MRR@20': '0.2512'}
EarlyStopping counter: 1 out of 10
{'epoch': 162, 'rec_avg_loss': '0.6508', 'rec_cur_loss': '0.6410'}
{'Epoch': 162, 'HIT@5': '0.3831', 'NDCG@5': '0.2513', 'HIT@10': '0.5631', 'NDCG@10': '0.3095', 'HIT@20': '0.7316', 'NDCG@20': '0.3523', 'MRR@5': '0.2512', 'MRR@10': '0.2512', 'MRR@20': '0.2512'}
EarlyStopping counter: 2 out of 10
{'epoch': 163, 'rec_avg_loss': '0.6505', 'rec_cur_loss': '0.6302'}
{'Epoch': 163, 'HIT@5': '0.3825', 'NDCG@5': '0.2512', 'HIT@10': '0.5641', 'NDCG@10': '0.3099', 'HIT@20': '0.7308', 'NDCG@20': '0.3522', 'MRR@5': '0.2513', 'MRR@10': '0.2513', 'MRR@20': '0.2513'}
EarlyStopping counter: 3 out of 10
{'epoch': 164, 'rec_avg_loss': '0.6508', 'rec_cur_loss': '0.6509'}
{'Epoch': 164, 'HIT@5': '0.3853', 'NDCG@5': '0.2520', 'HIT@10': '0.5616', 'NDCG@10': '0.3091', 'HIT@20': '0.7348', 'NDCG@20': '0.3532', 'MRR@5': '0.2512', 'MRR@10': '0.2512', 'MRR@20': '0.2512'}
EarlyStopping counter: 4 out of 10
{'epoch': 165, 'rec_avg_loss': '0.6525', 'rec_cur_loss': '0.6224'}
{'Epoch': 165, 'HIT@5': '0.3871', 'NDCG@5': '0.2545', 'HIT@10': '0.5642', 'NDCG@10': '0.3120', 'HIT@20': '0.7338', 'NDCG@20': '0.3550', 'MRR@5': '0.2539', 'MRR@10': '0.2539', 'MRR@20': '0.2539'}
Validation score increased.  Saving model ...
{'epoch': 166, 'rec_avg_loss': '0.6501', 'rec_cur_loss': '0.6752'}
{'Epoch': 166, 'HIT@5': '0.3891', 'NDCG@5': '0.2561', 'HIT@10': '0.5664', 'NDCG@10': '0.3135', 'HIT@20': '0.7377', 'NDCG@20': '0.3570', 'MRR@5': '0.2553', 'MRR@10': '0.2553', 'MRR@20': '0.2553'}
Validation score increased.  Saving model ...
{'epoch': 167, 'rec_avg_loss': '0.6470', 'rec_cur_loss': '0.6512'}
{'Epoch': 167, 'HIT@5': '0.3851', 'NDCG@5': '0.2520', 'HIT@10': '0.5613', 'NDCG@10': '0.3088', 'HIT@20': '0.7310', 'NDCG@20': '0.3519', 'MRR@5': '0.2508', 'MRR@10': '0.2508', 'MRR@20': '0.2508'}
EarlyStopping counter: 1 out of 10
{'epoch': 168, 'rec_avg_loss': '0.6488', 'rec_cur_loss': '0.6599'}
{'Epoch': 168, 'HIT@5': '0.3859', 'NDCG@5': '0.2529', 'HIT@10': '0.5619', 'NDCG@10': '0.3098', 'HIT@20': '0.7329', 'NDCG@20': '0.3532', 'MRR@5': '0.2519', 'MRR@10': '0.2519', 'MRR@20': '0.2519'}
EarlyStopping counter: 2 out of 10
{'epoch': 169, 'rec_avg_loss': '0.6493', 'rec_cur_loss': '0.6626'}
{'Epoch': 169, 'HIT@5': '0.3863', 'NDCG@5': '0.2535', 'HIT@10': '0.5614', 'NDCG@10': '0.3101', 'HIT@20': '0.7325', 'NDCG@20': '0.3536', 'MRR@5': '0.2526', 'MRR@10': '0.2526', 'MRR@20': '0.2526'}
EarlyStopping counter: 3 out of 10
{'epoch': 170, 'rec_avg_loss': '0.6482', 'rec_cur_loss': '0.6292'}
{'Epoch': 170, 'HIT@5': '0.3856', 'NDCG@5': '0.2533', 'HIT@10': '0.5647', 'NDCG@10': '0.3110', 'HIT@20': '0.7328', 'NDCG@20': '0.3535', 'MRR@5': '0.2525', 'MRR@10': '0.2525', 'MRR@20': '0.2525'}
EarlyStopping counter: 4 out of 10
{'epoch': 171, 'rec_avg_loss': '0.6475', 'rec_cur_loss': '0.6295'}
{'Epoch': 171, 'HIT@5': '0.3846', 'NDCG@5': '0.2525', 'HIT@10': '0.5586', 'NDCG@10': '0.3087', 'HIT@20': '0.7318', 'NDCG@20': '0.3527', 'MRR@5': '0.2518', 'MRR@10': '0.2518', 'MRR@20': '0.2518'}
EarlyStopping counter: 5 out of 10
{'epoch': 172, 'rec_avg_loss': '0.6465', 'rec_cur_loss': '0.6196'}
{'Epoch': 172, 'HIT@5': '0.3854', 'NDCG@5': '0.2533', 'HIT@10': '0.5662', 'NDCG@10': '0.3115', 'HIT@20': '0.7301', 'NDCG@20': '0.3532', 'MRR@5': '0.2527', 'MRR@10': '0.2527', 'MRR@20': '0.2527'}
EarlyStopping counter: 6 out of 10
{'epoch': 173, 'rec_avg_loss': '0.6456', 'rec_cur_loss': '0.6799'}
{'Epoch': 173, 'HIT@5': '0.3922', 'NDCG@5': '0.2570', 'HIT@10': '0.5707', 'NDCG@10': '0.3147', 'HIT@20': '0.7353', 'NDCG@20': '0.3565', 'MRR@5': '0.2552', 'MRR@10': '0.2552', 'MRR@20': '0.2552'}
EarlyStopping counter: 7 out of 10
{'epoch': 174, 'rec_avg_loss': '0.6452', 'rec_cur_loss': '0.6270'}
{'Epoch': 174, 'HIT@5': '0.3901', 'NDCG@5': '0.2563', 'HIT@10': '0.5669', 'NDCG@10': '0.3134', 'HIT@20': '0.7329', 'NDCG@20': '0.3556', 'MRR@5': '0.2549', 'MRR@10': '0.2549', 'MRR@20': '0.2549'}
EarlyStopping counter: 8 out of 10
{'epoch': 175, 'rec_avg_loss': '0.6466', 'rec_cur_loss': '0.6362'}
{'Epoch': 175, 'HIT@5': '0.3921', 'NDCG@5': '0.2567', 'HIT@10': '0.5647', 'NDCG@10': '0.3127', 'HIT@20': '0.7346', 'NDCG@20': '0.3559', 'MRR@5': '0.2546', 'MRR@10': '0.2546', 'MRR@20': '0.2546'}
EarlyStopping counter: 9 out of 10
{'epoch': 176, 'rec_avg_loss': '0.6444', 'rec_cur_loss': '0.6371'}
{'Epoch': 176, 'HIT@5': '0.3959', 'NDCG@5': '0.2601', 'HIT@10': '0.5719', 'NDCG@10': '0.3169', 'HIT@20': '0.7359', 'NDCG@20': '0.3587', 'MRR@5': '0.2577', 'MRR@10': '0.2577', 'MRR@20': '0.2577'}
Validation score increased.  Saving model ...
{'epoch': 177, 'rec_avg_loss': '0.6457', 'rec_cur_loss': '0.6503'}
{'Epoch': 177, 'HIT@5': '0.3930', 'NDCG@5': '0.2591', 'HIT@10': '0.5685', 'NDCG@10': '0.3159', 'HIT@20': '0.7373', 'NDCG@20': '0.3588', 'MRR@5': '0.2575', 'MRR@10': '0.2575', 'MRR@20': '0.2575'}
EarlyStopping counter: 1 out of 10
{'epoch': 178, 'rec_avg_loss': '0.6453', 'rec_cur_loss': '0.6635'}
{'Epoch': 178, 'HIT@5': '0.3864', 'NDCG@5': '0.2528', 'HIT@10': '0.5657', 'NDCG@10': '0.3107', 'HIT@20': '0.7341', 'NDCG@20': '0.3536', 'MRR@5': '0.2519', 'MRR@10': '0.2519', 'MRR@20': '0.2519'}
EarlyStopping counter: 2 out of 10
{'epoch': 179, 'rec_avg_loss': '0.6458', 'rec_cur_loss': '0.6397'}
{'Epoch': 179, 'HIT@5': '0.3914', 'NDCG@5': '0.2567', 'HIT@10': '0.5674', 'NDCG@10': '0.3138', 'HIT@20': '0.7354', 'NDCG@20': '0.3566', 'MRR@5': '0.2552', 'MRR@10': '0.2552', 'MRR@20': '0.2552'}
EarlyStopping counter: 3 out of 10
{'epoch': 180, 'rec_avg_loss': '0.6442', 'rec_cur_loss': '0.6371'}
{'Epoch': 180, 'HIT@5': '0.3940', 'NDCG@5': '0.2598', 'HIT@10': '0.5709', 'NDCG@10': '0.3171', 'HIT@20': '0.7356', 'NDCG@20': '0.3590', 'MRR@5': '0.2582', 'MRR@10': '0.2582', 'MRR@20': '0.2582'}
Validation score increased.  Saving model ...
{'epoch': 181, 'rec_avg_loss': '0.6436', 'rec_cur_loss': '0.6452'}
{'Epoch': 181, 'HIT@5': '0.3935', 'NDCG@5': '0.2586', 'HIT@10': '0.5704', 'NDCG@10': '0.3159', 'HIT@20': '0.7336', 'NDCG@20': '0.3575', 'MRR@5': '0.2568', 'MRR@10': '0.2568', 'MRR@20': '0.2568'}
EarlyStopping counter: 1 out of 10
{'epoch': 182, 'rec_avg_loss': '0.6429', 'rec_cur_loss': '0.6394'}
{'Epoch': 182, 'HIT@5': '0.3904', 'NDCG@5': '0.2556', 'HIT@10': '0.5675', 'NDCG@10': '0.3131', 'HIT@20': '0.7349', 'NDCG@20': '0.3557', 'MRR@5': '0.2542', 'MRR@10': '0.2542', 'MRR@20': '0.2542'}
EarlyStopping counter: 2 out of 10
{'epoch': 183, 'rec_avg_loss': '0.6447', 'rec_cur_loss': '0.6302'}
{'Epoch': 183, 'HIT@5': '0.3925', 'NDCG@5': '0.2568', 'HIT@10': '0.5695', 'NDCG@10': '0.3140', 'HIT@20': '0.7368', 'NDCG@20': '0.3565', 'MRR@5': '0.2547', 'MRR@10': '0.2547', 'MRR@20': '0.2547'}
EarlyStopping counter: 3 out of 10
{'epoch': 184, 'rec_avg_loss': '0.6437', 'rec_cur_loss': '0.6607'}
{'Epoch': 184, 'HIT@5': '0.3922', 'NDCG@5': '0.2592', 'HIT@10': '0.5748', 'NDCG@10': '0.3183', 'HIT@20': '0.7391', 'NDCG@20': '0.3600', 'MRR@5': '0.2584', 'MRR@10': '0.2584', 'MRR@20': '0.2584'}
Validation score increased.  Saving model ...
{'epoch': 185, 'rec_avg_loss': '0.6422', 'rec_cur_loss': '0.6208'}
{'Epoch': 185, 'HIT@5': '0.3965', 'NDCG@5': '0.2596', 'HIT@10': '0.5722', 'NDCG@10': '0.3163', 'HIT@20': '0.7344', 'NDCG@20': '0.3575', 'MRR@5': '0.2566', 'MRR@10': '0.2566', 'MRR@20': '0.2566'}
EarlyStopping counter: 1 out of 10
{'epoch': 186, 'rec_avg_loss': '0.6423', 'rec_cur_loss': '0.6774'}
{'Epoch': 186, 'HIT@5': '0.3942', 'NDCG@5': '0.2590', 'HIT@10': '0.5704', 'NDCG@10': '0.3160', 'HIT@20': '0.7353', 'NDCG@20': '0.3579', 'MRR@5': '0.2569', 'MRR@10': '0.2569', 'MRR@20': '0.2569'}
EarlyStopping counter: 2 out of 10
{'epoch': 187, 'rec_avg_loss': '0.6419', 'rec_cur_loss': '0.6560'}
{'Epoch': 187, 'HIT@5': '0.3945', 'NDCG@5': '0.2589', 'HIT@10': '0.5694', 'NDCG@10': '0.3154', 'HIT@20': '0.7354', 'NDCG@20': '0.3578', 'MRR@5': '0.2566', 'MRR@10': '0.2566', 'MRR@20': '0.2566'}
EarlyStopping counter: 3 out of 10
{'epoch': 188, 'rec_avg_loss': '0.6410', 'rec_cur_loss': '0.6278'}
{'Epoch': 188, 'HIT@5': '0.3919', 'NDCG@5': '0.2566', 'HIT@10': '0.5704', 'NDCG@10': '0.3142', 'HIT@20': '0.7346', 'NDCG@20': '0.3560', 'MRR@5': '0.2547', 'MRR@10': '0.2547', 'MRR@20': '0.2547'}
EarlyStopping counter: 4 out of 10
{'epoch': 189, 'rec_avg_loss': '0.6419', 'rec_cur_loss': '0.6404'}
{'Epoch': 189, 'HIT@5': '0.3974', 'NDCG@5': '0.2604', 'HIT@10': '0.5715', 'NDCG@10': '0.3169', 'HIT@20': '0.7361', 'NDCG@20': '0.3587', 'MRR@5': '0.2576', 'MRR@10': '0.2576', 'MRR@20': '0.2576'}
EarlyStopping counter: 5 out of 10
{'epoch': 190, 'rec_avg_loss': '0.6418', 'rec_cur_loss': '0.6228'}
{'Epoch': 190, 'HIT@5': '0.3964', 'NDCG@5': '0.2598', 'HIT@10': '0.5714', 'NDCG@10': '0.3165', 'HIT@20': '0.7354', 'NDCG@20': '0.3583', 'MRR@5': '0.2573', 'MRR@10': '0.2573', 'MRR@20': '0.2573'}
EarlyStopping counter: 6 out of 10
{'epoch': 191, 'rec_avg_loss': '0.6415', 'rec_cur_loss': '0.6603'}
{'Epoch': 191, 'HIT@5': '0.3962', 'NDCG@5': '0.2607', 'HIT@10': '0.5743', 'NDCG@10': '0.3184', 'HIT@20': '0.7353', 'NDCG@20': '0.3593', 'MRR@5': '0.2586', 'MRR@10': '0.2586', 'MRR@20': '0.2586'}
Validation score increased.  Saving model ...
{'epoch': 192, 'rec_avg_loss': '0.6409', 'rec_cur_loss': '0.6481'}
{'Epoch': 192, 'HIT@5': '0.3995', 'NDCG@5': '0.2617', 'HIT@10': '0.5733', 'NDCG@10': '0.3181', 'HIT@20': '0.7389', 'NDCG@20': '0.3603', 'MRR@5': '0.2586', 'MRR@10': '0.2586', 'MRR@20': '0.2586'}
Validation score increased.  Saving model ...
{'epoch': 193, 'rec_avg_loss': '0.6384', 'rec_cur_loss': '0.6332'}
{'Epoch': 193, 'HIT@5': '0.3970', 'NDCG@5': '0.2605', 'HIT@10': '0.5692', 'NDCG@10': '0.3163', 'HIT@20': '0.7351', 'NDCG@20': '0.3585', 'MRR@5': '0.2577', 'MRR@10': '0.2577', 'MRR@20': '0.2577'}
EarlyStopping counter: 1 out of 10
{'epoch': 194, 'rec_avg_loss': '0.6395', 'rec_cur_loss': '0.6092'}
{'Epoch': 194, 'HIT@5': '0.3975', 'NDCG@5': '0.2608', 'HIT@10': '0.5702', 'NDCG@10': '0.3166', 'HIT@20': '0.7384', 'NDCG@20': '0.3593', 'MRR@5': '0.2577', 'MRR@10': '0.2577', 'MRR@20': '0.2577'}
EarlyStopping counter: 2 out of 10
{'epoch': 195, 'rec_avg_loss': '0.6404', 'rec_cur_loss': '0.6309'}
{'Epoch': 195, 'HIT@5': '0.3902', 'NDCG@5': '0.2576', 'HIT@10': '0.5699', 'NDCG@10': '0.3159', 'HIT@20': '0.7328', 'NDCG@20': '0.3573', 'MRR@5': '0.2569', 'MRR@10': '0.2569', 'MRR@20': '0.2569'}
EarlyStopping counter: 3 out of 10
{'epoch': 196, 'rec_avg_loss': '0.6386', 'rec_cur_loss': '0.6476'}
{'Epoch': 196, 'HIT@5': '0.3947', 'NDCG@5': '0.2611', 'HIT@10': '0.5715', 'NDCG@10': '0.3184', 'HIT@20': '0.7321', 'NDCG@20': '0.3593', 'MRR@5': '0.2596', 'MRR@10': '0.2596', 'MRR@20': '0.2596'}
Validation score increased.  Saving model ...
{'epoch': 197, 'rec_avg_loss': '0.6385', 'rec_cur_loss': '0.6482'}
{'Epoch': 197, 'HIT@5': '0.4003', 'NDCG@5': '0.2655', 'HIT@10': '0.5725', 'NDCG@10': '0.3212', 'HIT@20': '0.7351', 'NDCG@20': '0.3625', 'MRR@5': '0.2628', 'MRR@10': '0.2628', 'MRR@20': '0.2628'}
Validation score increased.  Saving model ...
{'epoch': 198, 'rec_avg_loss': '0.6399', 'rec_cur_loss': '0.6211'}
{'Epoch': 198, 'HIT@5': '0.3955', 'NDCG@5': '0.2607', 'HIT@10': '0.5745', 'NDCG@10': '0.3186', 'HIT@20': '0.7359', 'NDCG@20': '0.3597', 'MRR@5': '0.2590', 'MRR@10': '0.2590', 'MRR@20': '0.2590'}
EarlyStopping counter: 1 out of 10
{'epoch': 199, 'rec_avg_loss': '0.6407', 'rec_cur_loss': '0.6660'}
{'Epoch': 199, 'HIT@5': '0.4022', 'NDCG@5': '0.2636', 'HIT@10': '0.5740', 'NDCG@10': '0.3192', 'HIT@20': '0.7329', 'NDCG@20': '0.3597', 'MRR@5': '0.2596', 'MRR@10': '0.2596', 'MRR@20': '0.2596'}
EarlyStopping counter: 2 out of 10
---------------Sample 99 results-------------------
{'Epoch': 0, 'HIT@5': '0.3820', 'NDCG@5': '0.2487', 'HIT@10': '0.5480', 'NDCG@10': '0.3021', 'HIT@20': '0.7096', 'NDCG@20': '0.3431', 'MRR@5': '0.2457', 'MRR@10': '0.2457', 'MRR@20': '0.2457'}
Finetune_sample-ml-1m-80
{'Epoch': 0, 'HIT@5': '0.3820', 'NDCG@5': '0.2487', 'HIT@10': '0.5480', 'NDCG@10': '0.3021', 'HIT@20': '0.7096', 'NDCG@20': '0.3431', 'MRR@5': '0.2457', 'MRR@10': '0.2457', 'MRR@20': '0.2457'}
