Namespace(adam_beta1=0.9, adam_beta2=0.999, attention_probs_dropout_prob=0.5, batch_size=256, ckp=150, cuda_condition=True, data_dir='./data/', data_file='./data/ml-1m.txt', data_name='ml-1m', do_eval=False, epochs=200, gpu_id='0', hidden_act='gelu', hidden_dropout_prob=0.5, hidden_size=64, initializer_range=0.02, item_size=3418, log_file='output/Finetune_sample-ml-1m-150.txt', log_freq=1, lr=0.001, mask_id=3417, max_seq_length=50, model_name='Finetune_sample', no_cuda=False, num_attention_heads=2, num_hidden_layers=2, output_dir='output/', sample_file='./data/ml-1m_sample.txt', seed=42, weight_decay=0.0)
Total Parameters: 338688
Load Checkpoint From output/ml-1m-epochs-150.pt!
{'epoch': 0, 'rec_avg_loss': '1.1294', 'rec_cur_loss': '0.9593'}
{'Epoch': 0, 'HIT@5': '0.1967', 'NDCG@5': '0.1239', 'HIT@10': '0.3273', 'NDCG@10': '0.1658', 'HIT@20': '0.5172', 'NDCG@20': '0.2136', 'MRR@5': '0.1425', 'MRR@10': '0.1425', 'MRR@20': '0.1425'}
Validation score increased.  Saving model ...
{'epoch': 1, 'rec_avg_loss': '0.8985', 'rec_cur_loss': '0.8456'}
{'Epoch': 1, 'HIT@5': '0.2220', 'NDCG@5': '0.1401', 'HIT@10': '0.3634', 'NDCG@10': '0.1856', 'HIT@20': '0.5616', 'NDCG@20': '0.2356', 'MRR@5': '0.1571', 'MRR@10': '0.1571', 'MRR@20': '0.1571'}
Validation score increased.  Saving model ...
{'epoch': 2, 'rec_avg_loss': '0.8328', 'rec_cur_loss': '0.8517'}
{'Epoch': 2, 'HIT@5': '0.2626', 'NDCG@5': '0.1656', 'HIT@10': '0.4159', 'NDCG@10': '0.2148', 'HIT@20': '0.6109', 'NDCG@20': '0.2640', 'MRR@5': '0.1777', 'MRR@10': '0.1777', 'MRR@20': '0.1777'}
Validation score increased.  Saving model ...
{'epoch': 3, 'rec_avg_loss': '0.7933', 'rec_cur_loss': '0.7944'}
{'Epoch': 3, 'HIT@5': '0.2919', 'NDCG@5': '0.1855', 'HIT@10': '0.4540', 'NDCG@10': '0.2378', 'HIT@20': '0.6474', 'NDCG@20': '0.2867', 'MRR@5': '0.1949', 'MRR@10': '0.1949', 'MRR@20': '0.1949'}
Validation score increased.  Saving model ...
{'epoch': 4, 'rec_avg_loss': '0.7667', 'rec_cur_loss': '0.7251'}
{'Epoch': 4, 'HIT@5': '0.3137', 'NDCG@5': '0.1997', 'HIT@10': '0.4765', 'NDCG@10': '0.2522', 'HIT@20': '0.6604', 'NDCG@20': '0.2989', 'MRR@5': '0.2060', 'MRR@10': '0.2060', 'MRR@20': '0.2060'}
Validation score increased.  Saving model ...
{'epoch': 5, 'rec_avg_loss': '0.7461', 'rec_cur_loss': '0.7499'}
{'Epoch': 5, 'HIT@5': '0.3260', 'NDCG@5': '0.2080', 'HIT@10': '0.4962', 'NDCG@10': '0.2627', 'HIT@20': '0.6727', 'NDCG@20': '0.3074', 'MRR@5': '0.2127', 'MRR@10': '0.2127', 'MRR@20': '0.2127'}
Validation score increased.  Saving model ...
{'epoch': 6, 'rec_avg_loss': '0.7333', 'rec_cur_loss': '0.7543'}
{'Epoch': 6, 'HIT@5': '0.3368', 'NDCG@5': '0.2158', 'HIT@10': '0.5012', 'NDCG@10': '0.2686', 'HIT@20': '0.6750', 'NDCG@20': '0.3128', 'MRR@5': '0.2186', 'MRR@10': '0.2186', 'MRR@20': '0.2186'}
Validation score increased.  Saving model ...
{'epoch': 7, 'rec_avg_loss': '0.7211', 'rec_cur_loss': '0.7144'}
{'Epoch': 7, 'HIT@5': '0.3397', 'NDCG@5': '0.2186', 'HIT@10': '0.5076', 'NDCG@10': '0.2728', 'HIT@20': '0.6796', 'NDCG@20': '0.3163', 'MRR@5': '0.2216', 'MRR@10': '0.2216', 'MRR@20': '0.2216'}
Validation score increased.  Saving model ...
{'epoch': 8, 'rec_avg_loss': '0.7124', 'rec_cur_loss': '0.7079'}
{'Epoch': 8, 'HIT@5': '0.3402', 'NDCG@5': '0.2190', 'HIT@10': '0.5073', 'NDCG@10': '0.2729', 'HIT@20': '0.6778', 'NDCG@20': '0.3161', 'MRR@5': '0.2218', 'MRR@10': '0.2218', 'MRR@20': '0.2218'}
Validation score increased.  Saving model ...
{'epoch': 9, 'rec_avg_loss': '0.7055', 'rec_cur_loss': '0.6946'}
{'Epoch': 9, 'HIT@5': '0.3573', 'NDCG@5': '0.2301', 'HIT@10': '0.5262', 'NDCG@10': '0.2846', 'HIT@20': '0.6922', 'NDCG@20': '0.3266', 'MRR@5': '0.2305', 'MRR@10': '0.2305', 'MRR@20': '0.2305'}
Validation score increased.  Saving model ...
{'epoch': 10, 'rec_avg_loss': '0.6959', 'rec_cur_loss': '0.6793'}
{'Epoch': 10, 'HIT@5': '0.3594', 'NDCG@5': '0.2322', 'HIT@10': '0.5296', 'NDCG@10': '0.2870', 'HIT@20': '0.6949', 'NDCG@20': '0.3287', 'MRR@5': '0.2324', 'MRR@10': '0.2324', 'MRR@20': '0.2324'}
Validation score increased.  Saving model ...
{'epoch': 11, 'rec_avg_loss': '0.6939', 'rec_cur_loss': '0.6842'}
{'Epoch': 11, 'HIT@5': '0.3614', 'NDCG@5': '0.2332', 'HIT@10': '0.5276', 'NDCG@10': '0.2870', 'HIT@20': '0.6942', 'NDCG@20': '0.3291', 'MRR@5': '0.2329', 'MRR@10': '0.2329', 'MRR@20': '0.2329'}
Validation score increased.  Saving model ...
{'epoch': 12, 'rec_avg_loss': '0.6875', 'rec_cur_loss': '0.6856'}
{'Epoch': 12, 'HIT@5': '0.3657', 'NDCG@5': '0.2361', 'HIT@10': '0.5298', 'NDCG@10': '0.2890', 'HIT@20': '0.6930', 'NDCG@20': '0.3304', 'MRR@5': '0.2348', 'MRR@10': '0.2348', 'MRR@20': '0.2348'}
Validation score increased.  Saving model ...
{'epoch': 13, 'rec_avg_loss': '0.6843', 'rec_cur_loss': '0.6841'}
{'Epoch': 13, 'HIT@5': '0.3616', 'NDCG@5': '0.2342', 'HIT@10': '0.5250', 'NDCG@10': '0.2871', 'HIT@20': '0.6935', 'NDCG@20': '0.3299', 'MRR@5': '0.2341', 'MRR@10': '0.2341', 'MRR@20': '0.2341'}
EarlyStopping counter: 1 out of 10
{'epoch': 14, 'rec_avg_loss': '0.6791', 'rec_cur_loss': '0.6762'}
{'Epoch': 14, 'HIT@5': '0.3709', 'NDCG@5': '0.2384', 'HIT@10': '0.5351', 'NDCG@10': '0.2915', 'HIT@20': '0.6972', 'NDCG@20': '0.3326', 'MRR@5': '0.2362', 'MRR@10': '0.2362', 'MRR@20': '0.2362'}
Validation score increased.  Saving model ...
{'epoch': 15, 'rec_avg_loss': '0.6749', 'rec_cur_loss': '0.6680'}
{'Epoch': 15, 'HIT@5': '0.3684', 'NDCG@5': '0.2375', 'HIT@10': '0.5321', 'NDCG@10': '0.2905', 'HIT@20': '0.6977', 'NDCG@20': '0.3325', 'MRR@5': '0.2359', 'MRR@10': '0.2359', 'MRR@20': '0.2359'}
EarlyStopping counter: 1 out of 10
{'epoch': 16, 'rec_avg_loss': '0.6706', 'rec_cur_loss': '0.6725'}
{'Epoch': 16, 'HIT@5': '0.3781', 'NDCG@5': '0.2447', 'HIT@10': '0.5422', 'NDCG@10': '0.2977', 'HIT@20': '0.7015', 'NDCG@20': '0.3380', 'MRR@5': '0.2417', 'MRR@10': '0.2417', 'MRR@20': '0.2417'}
Validation score increased.  Saving model ...
{'epoch': 17, 'rec_avg_loss': '0.6702', 'rec_cur_loss': '0.6777'}
{'Epoch': 17, 'HIT@5': '0.3763', 'NDCG@5': '0.2433', 'HIT@10': '0.5457', 'NDCG@10': '0.2981', 'HIT@20': '0.7031', 'NDCG@20': '0.3379', 'MRR@5': '0.2409', 'MRR@10': '0.2409', 'MRR@20': '0.2409'}
EarlyStopping counter: 1 out of 10
{'epoch': 18, 'rec_avg_loss': '0.6672', 'rec_cur_loss': '0.6206'}
{'Epoch': 18, 'HIT@5': '0.3747', 'NDCG@5': '0.2412', 'HIT@10': '0.5432', 'NDCG@10': '0.2957', 'HIT@20': '0.7002', 'NDCG@20': '0.3355', 'MRR@5': '0.2387', 'MRR@10': '0.2387', 'MRR@20': '0.2387'}
EarlyStopping counter: 2 out of 10
{'epoch': 19, 'rec_avg_loss': '0.6653', 'rec_cur_loss': '0.6597'}
{'Epoch': 19, 'HIT@5': '0.3767', 'NDCG@5': '0.2432', 'HIT@10': '0.5447', 'NDCG@10': '0.2976', 'HIT@20': '0.7025', 'NDCG@20': '0.3375', 'MRR@5': '0.2407', 'MRR@10': '0.2407', 'MRR@20': '0.2407'}
EarlyStopping counter: 3 out of 10
{'epoch': 20, 'rec_avg_loss': '0.6632', 'rec_cur_loss': '0.6575'}
{'Epoch': 20, 'HIT@5': '0.3808', 'NDCG@5': '0.2464', 'HIT@10': '0.5492', 'NDCG@10': '0.3009', 'HIT@20': '0.7075', 'NDCG@20': '0.3410', 'MRR@5': '0.2435', 'MRR@10': '0.2435', 'MRR@20': '0.2435'}
Validation score increased.  Saving model ...
{'epoch': 21, 'rec_avg_loss': '0.6606', 'rec_cur_loss': '0.6554'}
{'Epoch': 21, 'HIT@5': '0.3826', 'NDCG@5': '0.2472', 'HIT@10': '0.5526', 'NDCG@10': '0.3023', 'HIT@20': '0.7070', 'NDCG@20': '0.3413', 'MRR@5': '0.2438', 'MRR@10': '0.2438', 'MRR@20': '0.2438'}
Validation score increased.  Saving model ...
{'epoch': 22, 'rec_avg_loss': '0.6587', 'rec_cur_loss': '0.6590'}
{'Epoch': 22, 'HIT@5': '0.3801', 'NDCG@5': '0.2447', 'HIT@10': '0.5497', 'NDCG@10': '0.2996', 'HIT@20': '0.7089', 'NDCG@20': '0.3398', 'MRR@5': '0.2415', 'MRR@10': '0.2415', 'MRR@20': '0.2415'}
EarlyStopping counter: 1 out of 10
{'epoch': 23, 'rec_avg_loss': '0.6567', 'rec_cur_loss': '0.6462'}
{'Epoch': 23, 'HIT@5': '0.3856', 'NDCG@5': '0.2497', 'HIT@10': '0.5576', 'NDCG@10': '0.3053', 'HIT@20': '0.7103', 'NDCG@20': '0.3438', 'MRR@5': '0.2461', 'MRR@10': '0.2461', 'MRR@20': '0.2461'}
Validation score increased.  Saving model ...
{'epoch': 24, 'rec_avg_loss': '0.6557', 'rec_cur_loss': '0.6613'}
{'Epoch': 24, 'HIT@5': '0.3856', 'NDCG@5': '0.2483', 'HIT@10': '0.5508', 'NDCG@10': '0.3017', 'HIT@20': '0.7088', 'NDCG@20': '0.3416', 'MRR@5': '0.2438', 'MRR@10': '0.2438', 'MRR@20': '0.2438'}
EarlyStopping counter: 1 out of 10
{'epoch': 25, 'rec_avg_loss': '0.6538', 'rec_cur_loss': '0.6654'}
{'Epoch': 25, 'HIT@5': '0.3889', 'NDCG@5': '0.2509', 'HIT@10': '0.5565', 'NDCG@10': '0.3051', 'HIT@20': '0.7114', 'NDCG@20': '0.3442', 'MRR@5': '0.2462', 'MRR@10': '0.2462', 'MRR@20': '0.2462'}
Validation score increased.  Saving model ...
{'epoch': 26, 'rec_avg_loss': '0.6514', 'rec_cur_loss': '0.6528'}
{'Epoch': 26, 'HIT@5': '0.3829', 'NDCG@5': '0.2461', 'HIT@10': '0.5517', 'NDCG@10': '0.3006', 'HIT@20': '0.7099', 'NDCG@20': '0.3406', 'MRR@5': '0.2421', 'MRR@10': '0.2421', 'MRR@20': '0.2421'}
EarlyStopping counter: 1 out of 10
{'epoch': 27, 'rec_avg_loss': '0.6501', 'rec_cur_loss': '0.6654'}
{'Epoch': 27, 'HIT@5': '0.3897', 'NDCG@5': '0.2522', 'HIT@10': '0.5589', 'NDCG@10': '0.3069', 'HIT@20': '0.7137', 'NDCG@20': '0.3460', 'MRR@5': '0.2478', 'MRR@10': '0.2478', 'MRR@20': '0.2478'}
Validation score increased.  Saving model ...
{'epoch': 28, 'rec_avg_loss': '0.6476', 'rec_cur_loss': '0.6318'}
{'Epoch': 28, 'HIT@5': '0.3891', 'NDCG@5': '0.2518', 'HIT@10': '0.5556', 'NDCG@10': '0.3058', 'HIT@20': '0.7106', 'NDCG@20': '0.3450', 'MRR@5': '0.2475', 'MRR@10': '0.2475', 'MRR@20': '0.2475'}
EarlyStopping counter: 1 out of 10
{'epoch': 29, 'rec_avg_loss': '0.6447', 'rec_cur_loss': '0.6181'}
{'Epoch': 29, 'HIT@5': '0.3882', 'NDCG@5': '0.2505', 'HIT@10': '0.5571', 'NDCG@10': '0.3051', 'HIT@20': '0.7136', 'NDCG@20': '0.3447', 'MRR@5': '0.2462', 'MRR@10': '0.2462', 'MRR@20': '0.2462'}
EarlyStopping counter: 2 out of 10
{'epoch': 30, 'rec_avg_loss': '0.6456', 'rec_cur_loss': '0.6558'}
{'Epoch': 30, 'HIT@5': '0.3970', 'NDCG@5': '0.2569', 'HIT@10': '0.5669', 'NDCG@10': '0.3118', 'HIT@20': '0.7212', 'NDCG@20': '0.3509', 'MRR@5': '0.2515', 'MRR@10': '0.2515', 'MRR@20': '0.2515'}
Validation score increased.  Saving model ...
{'epoch': 31, 'rec_avg_loss': '0.6453', 'rec_cur_loss': '0.6484'}
{'Epoch': 31, 'HIT@5': '0.3980', 'NDCG@5': '0.2564', 'HIT@10': '0.5684', 'NDCG@10': '0.3112', 'HIT@20': '0.7194', 'NDCG@20': '0.3494', 'MRR@5': '0.2501', 'MRR@10': '0.2501', 'MRR@20': '0.2501'}
EarlyStopping counter: 1 out of 10
{'epoch': 32, 'rec_avg_loss': '0.6448', 'rec_cur_loss': '0.6508'}
{'Epoch': 32, 'HIT@5': '0.3972', 'NDCG@5': '0.2573', 'HIT@10': '0.5690', 'NDCG@10': '0.3129', 'HIT@20': '0.7205', 'NDCG@20': '0.3513', 'MRR@5': '0.2522', 'MRR@10': '0.2522', 'MRR@20': '0.2522'}
Validation score increased.  Saving model ...
{'epoch': 33, 'rec_avg_loss': '0.6420', 'rec_cur_loss': '0.6265'}
{'Epoch': 33, 'HIT@5': '0.3927', 'NDCG@5': '0.2535', 'HIT@10': '0.5644', 'NDCG@10': '0.3089', 'HIT@20': '0.7190', 'NDCG@20': '0.3481', 'MRR@5': '0.2487', 'MRR@10': '0.2487', 'MRR@20': '0.2487'}
EarlyStopping counter: 1 out of 10
{'epoch': 34, 'rec_avg_loss': '0.6422', 'rec_cur_loss': '0.6403'}
{'Epoch': 34, 'HIT@5': '0.3957', 'NDCG@5': '0.2556', 'HIT@10': '0.5666', 'NDCG@10': '0.3108', 'HIT@20': '0.7202', 'NDCG@20': '0.3498', 'MRR@5': '0.2504', 'MRR@10': '0.2504', 'MRR@20': '0.2504'}
EarlyStopping counter: 2 out of 10
{'epoch': 35, 'rec_avg_loss': '0.6387', 'rec_cur_loss': '0.6517'}
{'Epoch': 35, 'HIT@5': '0.3919', 'NDCG@5': '0.2542', 'HIT@10': '0.5623', 'NDCG@10': '0.3093', 'HIT@20': '0.7171', 'NDCG@20': '0.3485', 'MRR@5': '0.2498', 'MRR@10': '0.2498', 'MRR@20': '0.2498'}
EarlyStopping counter: 3 out of 10
{'epoch': 36, 'rec_avg_loss': '0.6394', 'rec_cur_loss': '0.6201'}
{'Epoch': 36, 'HIT@5': '0.3972', 'NDCG@5': '0.2579', 'HIT@10': '0.5671', 'NDCG@10': '0.3129', 'HIT@20': '0.7209', 'NDCG@20': '0.3520', 'MRR@5': '0.2530', 'MRR@10': '0.2530', 'MRR@20': '0.2530'}
Validation score increased.  Saving model ...
{'epoch': 37, 'rec_avg_loss': '0.6380', 'rec_cur_loss': '0.6396'}
{'Epoch': 37, 'HIT@5': '0.3959', 'NDCG@5': '0.2577', 'HIT@10': '0.5637', 'NDCG@10': '0.3121', 'HIT@20': '0.7182', 'NDCG@20': '0.3513', 'MRR@5': '0.2531', 'MRR@10': '0.2531', 'MRR@20': '0.2531'}
Validation score increased.  Saving model ...
{'epoch': 38, 'rec_avg_loss': '0.6349', 'rec_cur_loss': '0.6446'}
{'Epoch': 38, 'HIT@5': '0.4007', 'NDCG@5': '0.2601', 'HIT@10': '0.5694', 'NDCG@10': '0.3147', 'HIT@20': '0.7215', 'NDCG@20': '0.3532', 'MRR@5': '0.2543', 'MRR@10': '0.2543', 'MRR@20': '0.2543'}
Validation score increased.  Saving model ...
{'epoch': 39, 'rec_avg_loss': '0.6357', 'rec_cur_loss': '0.6395'}
{'Epoch': 39, 'HIT@5': '0.4008', 'NDCG@5': '0.2593', 'HIT@10': '0.5702', 'NDCG@10': '0.3141', 'HIT@20': '0.7233', 'NDCG@20': '0.3529', 'MRR@5': '0.2534', 'MRR@10': '0.2534', 'MRR@20': '0.2534'}
EarlyStopping counter: 1 out of 10
{'epoch': 40, 'rec_avg_loss': '0.6313', 'rec_cur_loss': '0.6254'}
{'Epoch': 40, 'HIT@5': '0.4023', 'NDCG@5': '0.2616', 'HIT@10': '0.5743', 'NDCG@10': '0.3172', 'HIT@20': '0.7228', 'NDCG@20': '0.3549', 'MRR@5': '0.2560', 'MRR@10': '0.2560', 'MRR@20': '0.2560'}
Validation score increased.  Saving model ...
{'epoch': 41, 'rec_avg_loss': '0.6336', 'rec_cur_loss': '0.6396'}
{'Epoch': 41, 'HIT@5': '0.4033', 'NDCG@5': '0.2625', 'HIT@10': '0.5727', 'NDCG@10': '0.3173', 'HIT@20': '0.7225', 'NDCG@20': '0.3552', 'MRR@5': '0.2567', 'MRR@10': '0.2567', 'MRR@20': '0.2567'}
Validation score increased.  Saving model ...
{'epoch': 42, 'rec_avg_loss': '0.6337', 'rec_cur_loss': '0.6426'}
{'Epoch': 42, 'HIT@5': '0.4089', 'NDCG@5': '0.2648', 'HIT@10': '0.5786', 'NDCG@10': '0.3196', 'HIT@20': '0.7298', 'NDCG@20': '0.3579', 'MRR@5': '0.2576', 'MRR@10': '0.2576', 'MRR@20': '0.2576'}
Validation score increased.  Saving model ...
{'epoch': 43, 'rec_avg_loss': '0.6313', 'rec_cur_loss': '0.6372'}
{'Epoch': 43, 'HIT@5': '0.4022', 'NDCG@5': '0.2619', 'HIT@10': '0.5755', 'NDCG@10': '0.3180', 'HIT@20': '0.7247', 'NDCG@20': '0.3558', 'MRR@5': '0.2566', 'MRR@10': '0.2566', 'MRR@20': '0.2566'}
EarlyStopping counter: 1 out of 10
{'epoch': 44, 'rec_avg_loss': '0.6314', 'rec_cur_loss': '0.6443'}
{'Epoch': 44, 'HIT@5': '0.4040', 'NDCG@5': '0.2626', 'HIT@10': '0.5755', 'NDCG@10': '0.3181', 'HIT@20': '0.7263', 'NDCG@20': '0.3565', 'MRR@5': '0.2569', 'MRR@10': '0.2569', 'MRR@20': '0.2569'}
EarlyStopping counter: 2 out of 10
{'epoch': 45, 'rec_avg_loss': '0.6294', 'rec_cur_loss': '0.6093'}
{'Epoch': 45, 'HIT@5': '0.4078', 'NDCG@5': '0.2647', 'HIT@10': '0.5800', 'NDCG@10': '0.3204', 'HIT@20': '0.7283', 'NDCG@20': '0.3581', 'MRR@5': '0.2583', 'MRR@10': '0.2583', 'MRR@20': '0.2583'}
Validation score increased.  Saving model ...
{'epoch': 46, 'rec_avg_loss': '0.6319', 'rec_cur_loss': '0.6414'}
{'Epoch': 46, 'HIT@5': '0.4109', 'NDCG@5': '0.2666', 'HIT@10': '0.5795', 'NDCG@10': '0.3213', 'HIT@20': '0.7300', 'NDCG@20': '0.3595', 'MRR@5': '0.2595', 'MRR@10': '0.2595', 'MRR@20': '0.2595'}
Validation score increased.  Saving model ...
{'epoch': 47, 'rec_avg_loss': '0.6308', 'rec_cur_loss': '0.6658'}
{'Epoch': 47, 'HIT@5': '0.4127', 'NDCG@5': '0.2685', 'HIT@10': '0.5833', 'NDCG@10': '0.3238', 'HIT@20': '0.7376', 'NDCG@20': '0.3629', 'MRR@5': '0.2616', 'MRR@10': '0.2616', 'MRR@20': '0.2616'}
Validation score increased.  Saving model ...
{'epoch': 48, 'rec_avg_loss': '0.6254', 'rec_cur_loss': '0.6345'}
{'Epoch': 48, 'HIT@5': '0.4123', 'NDCG@5': '0.2708', 'HIT@10': '0.5871', 'NDCG@10': '0.3275', 'HIT@20': '0.7334', 'NDCG@20': '0.3645', 'MRR@5': '0.2649', 'MRR@10': '0.2649', 'MRR@20': '0.2649'}
Validation score increased.  Saving model ...
{'epoch': 49, 'rec_avg_loss': '0.6262', 'rec_cur_loss': '0.6001'}
{'Epoch': 49, 'HIT@5': '0.4116', 'NDCG@5': '0.2676', 'HIT@10': '0.5831', 'NDCG@10': '0.3232', 'HIT@20': '0.7320', 'NDCG@20': '0.3609', 'MRR@5': '0.2607', 'MRR@10': '0.2607', 'MRR@20': '0.2607'}
EarlyStopping counter: 1 out of 10
{'epoch': 50, 'rec_avg_loss': '0.6267', 'rec_cur_loss': '0.6389'}
{'Epoch': 50, 'HIT@5': '0.4167', 'NDCG@5': '0.2730', 'HIT@10': '0.5877', 'NDCG@10': '0.3285', 'HIT@20': '0.7364', 'NDCG@20': '0.3661', 'MRR@5': '0.2660', 'MRR@10': '0.2660', 'MRR@20': '0.2660'}
Validation score increased.  Saving model ...
{'epoch': 51, 'rec_avg_loss': '0.6245', 'rec_cur_loss': '0.6391'}
{'Epoch': 51, 'HIT@5': '0.4167', 'NDCG@5': '0.2730', 'HIT@10': '0.5861', 'NDCG@10': '0.3278', 'HIT@20': '0.7336', 'NDCG@20': '0.3651', 'MRR@5': '0.2658', 'MRR@10': '0.2658', 'MRR@20': '0.2658'}
EarlyStopping counter: 1 out of 10
{'epoch': 52, 'rec_avg_loss': '0.6246', 'rec_cur_loss': '0.6298'}
{'Epoch': 52, 'HIT@5': '0.4147', 'NDCG@5': '0.2708', 'HIT@10': '0.5793', 'NDCG@10': '0.3242', 'HIT@20': '0.7293', 'NDCG@20': '0.3623', 'MRR@5': '0.2633', 'MRR@10': '0.2633', 'MRR@20': '0.2633'}
EarlyStopping counter: 2 out of 10
{'epoch': 53, 'rec_avg_loss': '0.6219', 'rec_cur_loss': '0.6416'}
{'Epoch': 53, 'HIT@5': '0.4149', 'NDCG@5': '0.2716', 'HIT@10': '0.5821', 'NDCG@10': '0.3258', 'HIT@20': '0.7288', 'NDCG@20': '0.3630', 'MRR@5': '0.2643', 'MRR@10': '0.2643', 'MRR@20': '0.2643'}
EarlyStopping counter: 3 out of 10
{'epoch': 54, 'rec_avg_loss': '0.6210', 'rec_cur_loss': '0.6032'}
{'Epoch': 54, 'HIT@5': '0.4121', 'NDCG@5': '0.2688', 'HIT@10': '0.5839', 'NDCG@10': '0.3244', 'HIT@20': '0.7334', 'NDCG@20': '0.3623', 'MRR@5': '0.2621', 'MRR@10': '0.2621', 'MRR@20': '0.2621'}
EarlyStopping counter: 4 out of 10
{'epoch': 55, 'rec_avg_loss': '0.6242', 'rec_cur_loss': '0.6322'}
{'Epoch': 55, 'HIT@5': '0.4118', 'NDCG@5': '0.2683', 'HIT@10': '0.5811', 'NDCG@10': '0.3230', 'HIT@20': '0.7338', 'NDCG@20': '0.3616', 'MRR@5': '0.2613', 'MRR@10': '0.2613', 'MRR@20': '0.2613'}
EarlyStopping counter: 5 out of 10
{'epoch': 56, 'rec_avg_loss': '0.6223', 'rec_cur_loss': '0.6523'}
{'Epoch': 56, 'HIT@5': '0.4179', 'NDCG@5': '0.2735', 'HIT@10': '0.5894', 'NDCG@10': '0.3291', 'HIT@20': '0.7351', 'NDCG@20': '0.3660', 'MRR@5': '0.2662', 'MRR@10': '0.2662', 'MRR@20': '0.2662'}
Validation score increased.  Saving model ...
{'epoch': 57, 'rec_avg_loss': '0.6210', 'rec_cur_loss': '0.6114'}
{'Epoch': 57, 'HIT@5': '0.4142', 'NDCG@5': '0.2712', 'HIT@10': '0.5844', 'NDCG@10': '0.3264', 'HIT@20': '0.7364', 'NDCG@20': '0.3649', 'MRR@5': '0.2645', 'MRR@10': '0.2645', 'MRR@20': '0.2645'}
EarlyStopping counter: 1 out of 10
{'epoch': 58, 'rec_avg_loss': '0.6205', 'rec_cur_loss': '0.6016'}
{'Epoch': 58, 'HIT@5': '0.4175', 'NDCG@5': '0.2738', 'HIT@10': '0.5894', 'NDCG@10': '0.3296', 'HIT@20': '0.7361', 'NDCG@20': '0.3667', 'MRR@5': '0.2668', 'MRR@10': '0.2668', 'MRR@20': '0.2668'}
Validation score increased.  Saving model ...
{'epoch': 59, 'rec_avg_loss': '0.6189', 'rec_cur_loss': '0.6075'}
{'Epoch': 59, 'HIT@5': '0.4195', 'NDCG@5': '0.2757', 'HIT@10': '0.5914', 'NDCG@10': '0.3315', 'HIT@20': '0.7427', 'NDCG@20': '0.3699', 'MRR@5': '0.2689', 'MRR@10': '0.2689', 'MRR@20': '0.2689'}
Validation score increased.  Saving model ...
{'epoch': 60, 'rec_avg_loss': '0.6193', 'rec_cur_loss': '0.6482'}
{'Epoch': 60, 'HIT@5': '0.4195', 'NDCG@5': '0.2749', 'HIT@10': '0.5932', 'NDCG@10': '0.3310', 'HIT@20': '0.7424', 'NDCG@20': '0.3687', 'MRR@5': '0.2675', 'MRR@10': '0.2675', 'MRR@20': '0.2675'}
EarlyStopping counter: 1 out of 10
{'epoch': 61, 'rec_avg_loss': '0.6170', 'rec_cur_loss': '0.6001'}
{'Epoch': 61, 'HIT@5': '0.4166', 'NDCG@5': '0.2734', 'HIT@10': '0.5876', 'NDCG@10': '0.3289', 'HIT@20': '0.7373', 'NDCG@20': '0.3668', 'MRR@5': '0.2666', 'MRR@10': '0.2666', 'MRR@20': '0.2666'}
EarlyStopping counter: 2 out of 10
{'epoch': 62, 'rec_avg_loss': '0.6177', 'rec_cur_loss': '0.5938'}
{'Epoch': 62, 'HIT@5': '0.4152', 'NDCG@5': '0.2713', 'HIT@10': '0.5891', 'NDCG@10': '0.3276', 'HIT@20': '0.7387', 'NDCG@20': '0.3656', 'MRR@5': '0.2646', 'MRR@10': '0.2646', 'MRR@20': '0.2646'}
EarlyStopping counter: 3 out of 10
{'epoch': 63, 'rec_avg_loss': '0.6161', 'rec_cur_loss': '0.6347'}
{'Epoch': 63, 'HIT@5': '0.4255', 'NDCG@5': '0.2807', 'HIT@10': '0.5957', 'NDCG@10': '0.3358', 'HIT@20': '0.7414', 'NDCG@20': '0.3728', 'MRR@5': '0.2729', 'MRR@10': '0.2729', 'MRR@20': '0.2729'}
Validation score increased.  Saving model ...
{'epoch': 64, 'rec_avg_loss': '0.6168', 'rec_cur_loss': '0.6212'}
{'Epoch': 64, 'HIT@5': '0.4245', 'NDCG@5': '0.2794', 'HIT@10': '0.6003', 'NDCG@10': '0.3365', 'HIT@20': '0.7459', 'NDCG@20': '0.3734', 'MRR@5': '0.2721', 'MRR@10': '0.2721', 'MRR@20': '0.2721'}
EarlyStopping counter: 1 out of 10
{'epoch': 65, 'rec_avg_loss': '0.6156', 'rec_cur_loss': '0.6405'}
{'Epoch': 65, 'HIT@5': '0.4219', 'NDCG@5': '0.2786', 'HIT@10': '0.5949', 'NDCG@10': '0.3348', 'HIT@20': '0.7432', 'NDCG@20': '0.3723', 'MRR@5': '0.2718', 'MRR@10': '0.2718', 'MRR@20': '0.2718'}
EarlyStopping counter: 2 out of 10
{'epoch': 66, 'rec_avg_loss': '0.6171', 'rec_cur_loss': '0.6322'}
{'Epoch': 66, 'HIT@5': '0.4175', 'NDCG@5': '0.2738', 'HIT@10': '0.5902', 'NDCG@10': '0.3298', 'HIT@20': '0.7414', 'NDCG@20': '0.3681', 'MRR@5': '0.2670', 'MRR@10': '0.2670', 'MRR@20': '0.2670'}
EarlyStopping counter: 3 out of 10
{'epoch': 67, 'rec_avg_loss': '0.6142', 'rec_cur_loss': '0.6095'}
{'Epoch': 67, 'HIT@5': '0.4258', 'NDCG@5': '0.2811', 'HIT@10': '0.5962', 'NDCG@10': '0.3362', 'HIT@20': '0.7435', 'NDCG@20': '0.3736', 'MRR@5': '0.2733', 'MRR@10': '0.2733', 'MRR@20': '0.2733'}
Validation score increased.  Saving model ...
{'epoch': 68, 'rec_avg_loss': '0.6133', 'rec_cur_loss': '0.6080'}
{'Epoch': 68, 'HIT@5': '0.4227', 'NDCG@5': '0.2801', 'HIT@10': '0.5957', 'NDCG@10': '0.3362', 'HIT@20': '0.7439', 'NDCG@20': '0.3738', 'MRR@5': '0.2735', 'MRR@10': '0.2735', 'MRR@20': '0.2735'}
Validation score increased.  Saving model ...
{'epoch': 69, 'rec_avg_loss': '0.6147', 'rec_cur_loss': '0.6235'}
{'Epoch': 69, 'HIT@5': '0.4295', 'NDCG@5': '0.2822', 'HIT@10': '0.5993', 'NDCG@10': '0.3373', 'HIT@20': '0.7495', 'NDCG@20': '0.3755', 'MRR@5': '0.2737', 'MRR@10': '0.2737', 'MRR@20': '0.2737'}
Validation score increased.  Saving model ...
{'epoch': 70, 'rec_avg_loss': '0.6137', 'rec_cur_loss': '0.5810'}
{'Epoch': 70, 'HIT@5': '0.4262', 'NDCG@5': '0.2812', 'HIT@10': '0.5980', 'NDCG@10': '0.3369', 'HIT@20': '0.7477', 'NDCG@20': '0.3748', 'MRR@5': '0.2736', 'MRR@10': '0.2736', 'MRR@20': '0.2736'}
EarlyStopping counter: 1 out of 10
{'epoch': 71, 'rec_avg_loss': '0.6117', 'rec_cur_loss': '0.6289'}
{'Epoch': 71, 'HIT@5': '0.4268', 'NDCG@5': '0.2810', 'HIT@10': '0.6007', 'NDCG@10': '0.3373', 'HIT@20': '0.7482', 'NDCG@20': '0.3747', 'MRR@5': '0.2732', 'MRR@10': '0.2732', 'MRR@20': '0.2732'}
EarlyStopping counter: 2 out of 10
{'epoch': 72, 'rec_avg_loss': '0.6144', 'rec_cur_loss': '0.6106'}
{'Epoch': 72, 'HIT@5': '0.4326', 'NDCG@5': '0.2853', 'HIT@10': '0.5983', 'NDCG@10': '0.3390', 'HIT@20': '0.7457', 'NDCG@20': '0.3764', 'MRR@5': '0.2761', 'MRR@10': '0.2761', 'MRR@20': '0.2761'}
Validation score increased.  Saving model ...
{'epoch': 73, 'rec_avg_loss': '0.6140', 'rec_cur_loss': '0.6047'}
{'Epoch': 73, 'HIT@5': '0.4278', 'NDCG@5': '0.2835', 'HIT@10': '0.5942', 'NDCG@10': '0.3374', 'HIT@20': '0.7449', 'NDCG@20': '0.3757', 'MRR@5': '0.2756', 'MRR@10': '0.2756', 'MRR@20': '0.2756'}
EarlyStopping counter: 1 out of 10
{'epoch': 74, 'rec_avg_loss': '0.6128', 'rec_cur_loss': '0.6375'}
{'Epoch': 74, 'HIT@5': '0.4257', 'NDCG@5': '0.2818', 'HIT@10': '0.5980', 'NDCG@10': '0.3377', 'HIT@20': '0.7460', 'NDCG@20': '0.3752', 'MRR@5': '0.2745', 'MRR@10': '0.2745', 'MRR@20': '0.2745'}
EarlyStopping counter: 2 out of 10
{'epoch': 75, 'rec_avg_loss': '0.6094', 'rec_cur_loss': '0.6041'}
{'Epoch': 75, 'HIT@5': '0.4303', 'NDCG@5': '0.2838', 'HIT@10': '0.6003', 'NDCG@10': '0.3392', 'HIT@20': '0.7493', 'NDCG@20': '0.3769', 'MRR@5': '0.2757', 'MRR@10': '0.2757', 'MRR@20': '0.2757'}
EarlyStopping counter: 3 out of 10
{'epoch': 76, 'rec_avg_loss': '0.6078', 'rec_cur_loss': '0.5982'}
{'Epoch': 76, 'HIT@5': '0.4313', 'NDCG@5': '0.2855', 'HIT@10': '0.6025', 'NDCG@10': '0.3412', 'HIT@20': '0.7512', 'NDCG@20': '0.3789', 'MRR@5': '0.2776', 'MRR@10': '0.2776', 'MRR@20': '0.2776'}
Validation score increased.  Saving model ...
{'epoch': 77, 'rec_avg_loss': '0.6086', 'rec_cur_loss': '0.6199'}
{'Epoch': 77, 'HIT@5': '0.4305', 'NDCG@5': '0.2831', 'HIT@10': '0.5985', 'NDCG@10': '0.3375', 'HIT@20': '0.7483', 'NDCG@20': '0.3754', 'MRR@5': '0.2742', 'MRR@10': '0.2742', 'MRR@20': '0.2742'}
EarlyStopping counter: 1 out of 10
{'epoch': 78, 'rec_avg_loss': '0.6089', 'rec_cur_loss': '0.5946'}
{'Epoch': 78, 'HIT@5': '0.4315', 'NDCG@5': '0.2846', 'HIT@10': '0.5993', 'NDCG@10': '0.3392', 'HIT@20': '0.7464', 'NDCG@20': '0.3765', 'MRR@5': '0.2760', 'MRR@10': '0.2760', 'MRR@20': '0.2760'}
EarlyStopping counter: 2 out of 10
{'epoch': 79, 'rec_avg_loss': '0.6099', 'rec_cur_loss': '0.6261'}
{'Epoch': 79, 'HIT@5': '0.4311', 'NDCG@5': '0.2841', 'HIT@10': '0.6022', 'NDCG@10': '0.3395', 'HIT@20': '0.7488', 'NDCG@20': '0.3767', 'MRR@5': '0.2755', 'MRR@10': '0.2755', 'MRR@20': '0.2755'}
EarlyStopping counter: 3 out of 10
{'epoch': 80, 'rec_avg_loss': '0.6065', 'rec_cur_loss': '0.6224'}
{'Epoch': 80, 'HIT@5': '0.4348', 'NDCG@5': '0.2876', 'HIT@10': '0.6028', 'NDCG@10': '0.3423', 'HIT@20': '0.7515', 'NDCG@20': '0.3800', 'MRR@5': '0.2788', 'MRR@10': '0.2788', 'MRR@20': '0.2788'}
Validation score increased.  Saving model ...
{'epoch': 81, 'rec_avg_loss': '0.6094', 'rec_cur_loss': '0.6152'}
{'Epoch': 81, 'HIT@5': '0.4290', 'NDCG@5': '0.2836', 'HIT@10': '0.5990', 'NDCG@10': '0.3387', 'HIT@20': '0.7500', 'NDCG@20': '0.3769', 'MRR@5': '0.2757', 'MRR@10': '0.2757', 'MRR@20': '0.2757'}
EarlyStopping counter: 1 out of 10
{'epoch': 82, 'rec_avg_loss': '0.6078', 'rec_cur_loss': '0.6233'}
{'Epoch': 82, 'HIT@5': '0.4283', 'NDCG@5': '0.2841', 'HIT@10': '0.6013', 'NDCG@10': '0.3403', 'HIT@20': '0.7487', 'NDCG@20': '0.3777', 'MRR@5': '0.2769', 'MRR@10': '0.2769', 'MRR@20': '0.2769'}
EarlyStopping counter: 2 out of 10
{'epoch': 83, 'rec_avg_loss': '0.6066', 'rec_cur_loss': '0.5959'}
{'Epoch': 83, 'HIT@5': '0.4255', 'NDCG@5': '0.2819', 'HIT@10': '0.6050', 'NDCG@10': '0.3402', 'HIT@20': '0.7522', 'NDCG@20': '0.3775', 'MRR@5': '0.2756', 'MRR@10': '0.2756', 'MRR@20': '0.2756'}
EarlyStopping counter: 3 out of 10
{'epoch': 84, 'rec_avg_loss': '0.6074', 'rec_cur_loss': '0.5790'}
{'Epoch': 84, 'HIT@5': '0.4339', 'NDCG@5': '0.2871', 'HIT@10': '0.6065', 'NDCG@10': '0.3432', 'HIT@20': '0.7551', 'NDCG@20': '0.3808', 'MRR@5': '0.2788', 'MRR@10': '0.2788', 'MRR@20': '0.2788'}
EarlyStopping counter: 4 out of 10
{'epoch': 85, 'rec_avg_loss': '0.6053', 'rec_cur_loss': '0.6137'}
{'Epoch': 85, 'HIT@5': '0.4316', 'NDCG@5': '0.2862', 'HIT@10': '0.6073', 'NDCG@10': '0.3433', 'HIT@20': '0.7556', 'NDCG@20': '0.3808', 'MRR@5': '0.2788', 'MRR@10': '0.2788', 'MRR@20': '0.2788'}
EarlyStopping counter: 5 out of 10
{'epoch': 86, 'rec_avg_loss': '0.6069', 'rec_cur_loss': '0.6225'}
{'Epoch': 86, 'HIT@5': '0.4306', 'NDCG@5': '0.2874', 'HIT@10': '0.6076', 'NDCG@10': '0.3450', 'HIT@20': '0.7533', 'NDCG@20': '0.3819', 'MRR@5': '0.2808', 'MRR@10': '0.2808', 'MRR@20': '0.2808'}
Validation score increased.  Saving model ...
{'epoch': 87, 'rec_avg_loss': '0.6048', 'rec_cur_loss': '0.6165'}
{'Epoch': 87, 'HIT@5': '0.4333', 'NDCG@5': '0.2884', 'HIT@10': '0.6111', 'NDCG@10': '0.3461', 'HIT@20': '0.7565', 'NDCG@20': '0.3829', 'MRR@5': '0.2812', 'MRR@10': '0.2812', 'MRR@20': '0.2812'}
Validation score increased.  Saving model ...
{'epoch': 88, 'rec_avg_loss': '0.6032', 'rec_cur_loss': '0.5976'}
{'Epoch': 88, 'HIT@5': '0.4343', 'NDCG@5': '0.2876', 'HIT@10': '0.6116', 'NDCG@10': '0.3452', 'HIT@20': '0.7550', 'NDCG@20': '0.3816', 'MRR@5': '0.2797', 'MRR@10': '0.2797', 'MRR@20': '0.2797'}
EarlyStopping counter: 1 out of 10
{'epoch': 89, 'rec_avg_loss': '0.6043', 'rec_cur_loss': '0.6086'}
{'Epoch': 89, 'HIT@5': '0.4305', 'NDCG@5': '0.2840', 'HIT@10': '0.6030', 'NDCG@10': '0.3400', 'HIT@20': '0.7497', 'NDCG@20': '0.3773', 'MRR@5': '0.2760', 'MRR@10': '0.2760', 'MRR@20': '0.2760'}
EarlyStopping counter: 2 out of 10
{'epoch': 90, 'rec_avg_loss': '0.6056', 'rec_cur_loss': '0.6119'}
{'Epoch': 90, 'HIT@5': '0.4305', 'NDCG@5': '0.2846', 'HIT@10': '0.6012', 'NDCG@10': '0.3401', 'HIT@20': '0.7515', 'NDCG@20': '0.3782', 'MRR@5': '0.2767', 'MRR@10': '0.2767', 'MRR@20': '0.2767'}
EarlyStopping counter: 3 out of 10
{'epoch': 91, 'rec_avg_loss': '0.6057', 'rec_cur_loss': '0.6165'}
{'Epoch': 91, 'HIT@5': '0.4285', 'NDCG@5': '0.2847', 'HIT@10': '0.6045', 'NDCG@10': '0.3419', 'HIT@20': '0.7512', 'NDCG@20': '0.3791', 'MRR@5': '0.2779', 'MRR@10': '0.2779', 'MRR@20': '0.2779'}
EarlyStopping counter: 4 out of 10
{'epoch': 92, 'rec_avg_loss': '0.6039', 'rec_cur_loss': '0.6034'}
{'Epoch': 92, 'HIT@5': '0.4334', 'NDCG@5': '0.2884', 'HIT@10': '0.6101', 'NDCG@10': '0.3458', 'HIT@20': '0.7551', 'NDCG@20': '0.3826', 'MRR@5': '0.2811', 'MRR@10': '0.2811', 'MRR@20': '0.2811'}
EarlyStopping counter: 5 out of 10
{'epoch': 93, 'rec_avg_loss': '0.6058', 'rec_cur_loss': '0.6019'}
{'Epoch': 93, 'HIT@5': '0.4366', 'NDCG@5': '0.2909', 'HIT@10': '0.6124', 'NDCG@10': '0.3481', 'HIT@20': '0.7568', 'NDCG@20': '0.3846', 'MRR@5': '0.2831', 'MRR@10': '0.2831', 'MRR@20': '0.2831'}
Validation score increased.  Saving model ...
{'epoch': 94, 'rec_avg_loss': '0.6030', 'rec_cur_loss': '0.6245'}
{'Epoch': 94, 'HIT@5': '0.4371', 'NDCG@5': '0.2907', 'HIT@10': '0.6109', 'NDCG@10': '0.3473', 'HIT@20': '0.7538', 'NDCG@20': '0.3835', 'MRR@5': '0.2825', 'MRR@10': '0.2825', 'MRR@20': '0.2825'}
EarlyStopping counter: 1 out of 10
{'epoch': 95, 'rec_avg_loss': '0.6066', 'rec_cur_loss': '0.6141'}
{'Epoch': 95, 'HIT@5': '0.4377', 'NDCG@5': '0.2905', 'HIT@10': '0.6126', 'NDCG@10': '0.3473', 'HIT@20': '0.7548', 'NDCG@20': '0.3833', 'MRR@5': '0.2820', 'MRR@10': '0.2820', 'MRR@20': '0.2820'}
EarlyStopping counter: 2 out of 10
{'epoch': 96, 'rec_avg_loss': '0.6027', 'rec_cur_loss': '0.5877'}
{'Epoch': 96, 'HIT@5': '0.4366', 'NDCG@5': '0.2894', 'HIT@10': '0.6127', 'NDCG@10': '0.3467', 'HIT@20': '0.7543', 'NDCG@20': '0.3826', 'MRR@5': '0.2811', 'MRR@10': '0.2811', 'MRR@20': '0.2811'}
EarlyStopping counter: 3 out of 10
{'epoch': 97, 'rec_avg_loss': '0.6008', 'rec_cur_loss': '0.6039'}
{'Epoch': 97, 'HIT@5': '0.4354', 'NDCG@5': '0.2886', 'HIT@10': '0.6094', 'NDCG@10': '0.3452', 'HIT@20': '0.7533', 'NDCG@20': '0.3817', 'MRR@5': '0.2804', 'MRR@10': '0.2804', 'MRR@20': '0.2804'}
EarlyStopping counter: 4 out of 10
{'epoch': 98, 'rec_avg_loss': '0.6026', 'rec_cur_loss': '0.6062'}
{'Epoch': 98, 'HIT@5': '0.4409', 'NDCG@5': '0.2932', 'HIT@10': '0.6131', 'NDCG@10': '0.3493', 'HIT@20': '0.7566', 'NDCG@20': '0.3857', 'MRR@5': '0.2844', 'MRR@10': '0.2844', 'MRR@20': '0.2844'}
Validation score increased.  Saving model ...
{'epoch': 99, 'rec_avg_loss': '0.6027', 'rec_cur_loss': '0.6003'}
{'Epoch': 99, 'HIT@5': '0.4442', 'NDCG@5': '0.2949', 'HIT@10': '0.6159', 'NDCG@10': '0.3507', 'HIT@20': '0.7599', 'NDCG@20': '0.3872', 'MRR@5': '0.2852', 'MRR@10': '0.2852', 'MRR@20': '0.2852'}
Validation score increased.  Saving model ...
{'epoch': 100, 'rec_avg_loss': '0.6001', 'rec_cur_loss': '0.6130'}
{'Epoch': 100, 'HIT@5': '0.4391', 'NDCG@5': '0.2930', 'HIT@10': '0.6108', 'NDCG@10': '0.3490', 'HIT@20': '0.7563', 'NDCG@20': '0.3860', 'MRR@5': '0.2849', 'MRR@10': '0.2849', 'MRR@20': '0.2849'}
EarlyStopping counter: 1 out of 10
{'epoch': 101, 'rec_avg_loss': '0.5993', 'rec_cur_loss': '0.5999'}
{'Epoch': 101, 'HIT@5': '0.4366', 'NDCG@5': '0.2896', 'HIT@10': '0.6099', 'NDCG@10': '0.3459', 'HIT@20': '0.7512', 'NDCG@20': '0.3817', 'MRR@5': '0.2811', 'MRR@10': '0.2811', 'MRR@20': '0.2811'}
EarlyStopping counter: 2 out of 10
{'epoch': 102, 'rec_avg_loss': '0.5985', 'rec_cur_loss': '0.5568'}
{'Epoch': 102, 'HIT@5': '0.4366', 'NDCG@5': '0.2895', 'HIT@10': '0.6136', 'NDCG@10': '0.3470', 'HIT@20': '0.7530', 'NDCG@20': '0.3823', 'MRR@5': '0.2812', 'MRR@10': '0.2812', 'MRR@20': '0.2812'}
EarlyStopping counter: 3 out of 10
{'epoch': 103, 'rec_avg_loss': '0.5998', 'rec_cur_loss': '0.6015'}
{'Epoch': 103, 'HIT@5': '0.4353', 'NDCG@5': '0.2907', 'HIT@10': '0.6116', 'NDCG@10': '0.3480', 'HIT@20': '0.7530', 'NDCG@20': '0.3838', 'MRR@5': '0.2833', 'MRR@10': '0.2833', 'MRR@20': '0.2833'}
EarlyStopping counter: 4 out of 10
{'epoch': 104, 'rec_avg_loss': '0.5978', 'rec_cur_loss': '0.6005'}
{'Epoch': 104, 'HIT@5': '0.4422', 'NDCG@5': '0.2929', 'HIT@10': '0.6131', 'NDCG@10': '0.3483', 'HIT@20': '0.7531', 'NDCG@20': '0.3839', 'MRR@5': '0.2830', 'MRR@10': '0.2830', 'MRR@20': '0.2830'}
EarlyStopping counter: 5 out of 10
{'epoch': 105, 'rec_avg_loss': '0.5990', 'rec_cur_loss': '0.6053'}
{'Epoch': 105, 'HIT@5': '0.4396', 'NDCG@5': '0.2928', 'HIT@10': '0.6146', 'NDCG@10': '0.3496', 'HIT@20': '0.7556', 'NDCG@20': '0.3853', 'MRR@5': '0.2843', 'MRR@10': '0.2843', 'MRR@20': '0.2843'}
EarlyStopping counter: 6 out of 10
{'epoch': 106, 'rec_avg_loss': '0.5987', 'rec_cur_loss': '0.5912'}
{'Epoch': 106, 'HIT@5': '0.4435', 'NDCG@5': '0.2949', 'HIT@10': '0.6204', 'NDCG@10': '0.3523', 'HIT@20': '0.7573', 'NDCG@20': '0.3871', 'MRR@5': '0.2857', 'MRR@10': '0.2857', 'MRR@20': '0.2857'}
Validation score increased.  Saving model ...
{'epoch': 107, 'rec_avg_loss': '0.5950', 'rec_cur_loss': '0.6055'}
{'Epoch': 107, 'HIT@5': '0.4435', 'NDCG@5': '0.2956', 'HIT@10': '0.6184', 'NDCG@10': '0.3524', 'HIT@20': '0.7575', 'NDCG@20': '0.3876', 'MRR@5': '0.2865', 'MRR@10': '0.2865', 'MRR@20': '0.2865'}
Validation score increased.  Saving model ...
{'epoch': 108, 'rec_avg_loss': '0.5970', 'rec_cur_loss': '0.6036'}
{'Epoch': 108, 'HIT@5': '0.4485', 'NDCG@5': '0.2989', 'HIT@10': '0.6199', 'NDCG@10': '0.3544', 'HIT@20': '0.7575', 'NDCG@20': '0.3893', 'MRR@5': '0.2887', 'MRR@10': '0.2887', 'MRR@20': '0.2887'}
Validation score increased.  Saving model ...
{'epoch': 109, 'rec_avg_loss': '0.5970', 'rec_cur_loss': '0.5727'}
{'Epoch': 109, 'HIT@5': '0.4386', 'NDCG@5': '0.2914', 'HIT@10': '0.6127', 'NDCG@10': '0.3480', 'HIT@20': '0.7538', 'NDCG@20': '0.3838', 'MRR@5': '0.2829', 'MRR@10': '0.2829', 'MRR@20': '0.2829'}
EarlyStopping counter: 1 out of 10
{'epoch': 110, 'rec_avg_loss': '0.5974', 'rec_cur_loss': '0.5613'}
{'Epoch': 110, 'HIT@5': '0.4440', 'NDCG@5': '0.2953', 'HIT@10': '0.6141', 'NDCG@10': '0.3505', 'HIT@20': '0.7545', 'NDCG@20': '0.3861', 'MRR@5': '0.2856', 'MRR@10': '0.2856', 'MRR@20': '0.2856'}
EarlyStopping counter: 2 out of 10
{'epoch': 111, 'rec_avg_loss': '0.5974', 'rec_cur_loss': '0.6103'}
{'Epoch': 111, 'HIT@5': '0.4419', 'NDCG@5': '0.2936', 'HIT@10': '0.6169', 'NDCG@10': '0.3504', 'HIT@20': '0.7573', 'NDCG@20': '0.3859', 'MRR@5': '0.2845', 'MRR@10': '0.2845', 'MRR@20': '0.2845'}
EarlyStopping counter: 3 out of 10
{'epoch': 112, 'rec_avg_loss': '0.5963', 'rec_cur_loss': '0.5947'}
{'Epoch': 112, 'HIT@5': '0.4492', 'NDCG@5': '0.3007', 'HIT@10': '0.6225', 'NDCG@10': '0.3570', 'HIT@20': '0.7613', 'NDCG@20': '0.3922', 'MRR@5': '0.2912', 'MRR@10': '0.2912', 'MRR@20': '0.2912'}
Validation score increased.  Saving model ...
{'epoch': 113, 'rec_avg_loss': '0.5952', 'rec_cur_loss': '0.5822'}
{'Epoch': 113, 'HIT@5': '0.4546', 'NDCG@5': '0.3038', 'HIT@10': '0.6212', 'NDCG@10': '0.3579', 'HIT@20': '0.7583', 'NDCG@20': '0.3928', 'MRR@5': '0.2927', 'MRR@10': '0.2927', 'MRR@20': '0.2927'}
Validation score increased.  Saving model ...
{'epoch': 114, 'rec_avg_loss': '0.5957', 'rec_cur_loss': '0.6177'}
{'Epoch': 114, 'HIT@5': '0.4472', 'NDCG@5': '0.2982', 'HIT@10': '0.6172', 'NDCG@10': '0.3537', 'HIT@20': '0.7578', 'NDCG@20': '0.3893', 'MRR@5': '0.2885', 'MRR@10': '0.2885', 'MRR@20': '0.2885'}
EarlyStopping counter: 1 out of 10
{'epoch': 115, 'rec_avg_loss': '0.5965', 'rec_cur_loss': '0.6114'}
{'Epoch': 115, 'HIT@5': '0.4477', 'NDCG@5': '0.2991', 'HIT@10': '0.6189', 'NDCG@10': '0.3547', 'HIT@20': '0.7575', 'NDCG@20': '0.3898', 'MRR@5': '0.2893', 'MRR@10': '0.2893', 'MRR@20': '0.2893'}
EarlyStopping counter: 2 out of 10
{'epoch': 116, 'rec_avg_loss': '0.5922', 'rec_cur_loss': '0.5790'}
{'Epoch': 116, 'HIT@5': '0.4543', 'NDCG@5': '0.3022', 'HIT@10': '0.6245', 'NDCG@10': '0.3574', 'HIT@20': '0.7599', 'NDCG@20': '0.3917', 'MRR@5': '0.2908', 'MRR@10': '0.2908', 'MRR@20': '0.2908'}
EarlyStopping counter: 3 out of 10
{'epoch': 117, 'rec_avg_loss': '0.5957', 'rec_cur_loss': '0.5833'}
{'Epoch': 117, 'HIT@5': '0.4546', 'NDCG@5': '0.3019', 'HIT@10': '0.6202', 'NDCG@10': '0.3557', 'HIT@20': '0.7578', 'NDCG@20': '0.3906', 'MRR@5': '0.2900', 'MRR@10': '0.2900', 'MRR@20': '0.2900'}
EarlyStopping counter: 4 out of 10
{'epoch': 118, 'rec_avg_loss': '0.5950', 'rec_cur_loss': '0.6104'}
{'Epoch': 118, 'HIT@5': '0.4546', 'NDCG@5': '0.3019', 'HIT@10': '0.6189', 'NDCG@10': '0.3552', 'HIT@20': '0.7584', 'NDCG@20': '0.3907', 'MRR@5': '0.2900', 'MRR@10': '0.2900', 'MRR@20': '0.2900'}
EarlyStopping counter: 5 out of 10
{'epoch': 119, 'rec_avg_loss': '0.5933', 'rec_cur_loss': '0.6265'}
{'Epoch': 119, 'HIT@5': '0.4522', 'NDCG@5': '0.3007', 'HIT@10': '0.6195', 'NDCG@10': '0.3549', 'HIT@20': '0.7575', 'NDCG@20': '0.3899', 'MRR@5': '0.2893', 'MRR@10': '0.2893', 'MRR@20': '0.2893'}
EarlyStopping counter: 6 out of 10
{'epoch': 120, 'rec_avg_loss': '0.5932', 'rec_cur_loss': '0.5944'}
{'Epoch': 120, 'HIT@5': '0.4493', 'NDCG@5': '0.2978', 'HIT@10': '0.6192', 'NDCG@10': '0.3530', 'HIT@20': '0.7563', 'NDCG@20': '0.3879', 'MRR@5': '0.2870', 'MRR@10': '0.2870', 'MRR@20': '0.2870'}
EarlyStopping counter: 7 out of 10
{'epoch': 121, 'rec_avg_loss': '0.5945', 'rec_cur_loss': '0.6045'}
{'Epoch': 121, 'HIT@5': '0.4525', 'NDCG@5': '0.3007', 'HIT@10': '0.6195', 'NDCG@10': '0.3549', 'HIT@20': '0.7599', 'NDCG@20': '0.3905', 'MRR@5': '0.2893', 'MRR@10': '0.2893', 'MRR@20': '0.2893'}
EarlyStopping counter: 8 out of 10
{'epoch': 122, 'rec_avg_loss': '0.5936', 'rec_cur_loss': '0.5831'}
{'Epoch': 122, 'HIT@5': '0.4575', 'NDCG@5': '0.3049', 'HIT@10': '0.6228', 'NDCG@10': '0.3585', 'HIT@20': '0.7593', 'NDCG@20': '0.3932', 'MRR@5': '0.2928', 'MRR@10': '0.2928', 'MRR@20': '0.2928'}
Validation score increased.  Saving model ...
{'epoch': 123, 'rec_avg_loss': '0.5919', 'rec_cur_loss': '0.6194'}
{'Epoch': 123, 'HIT@5': '0.4533', 'NDCG@5': '0.3013', 'HIT@10': '0.6202', 'NDCG@10': '0.3554', 'HIT@20': '0.7560', 'NDCG@20': '0.3899', 'MRR@5': '0.2897', 'MRR@10': '0.2897', 'MRR@20': '0.2897'}
EarlyStopping counter: 1 out of 10
{'epoch': 124, 'rec_avg_loss': '0.5934', 'rec_cur_loss': '0.6228'}
{'Epoch': 124, 'HIT@5': '0.4538', 'NDCG@5': '0.3009', 'HIT@10': '0.6195', 'NDCG@10': '0.3547', 'HIT@20': '0.7606', 'NDCG@20': '0.3904', 'MRR@5': '0.2890', 'MRR@10': '0.2890', 'MRR@20': '0.2890'}
EarlyStopping counter: 2 out of 10
{'epoch': 125, 'rec_avg_loss': '0.5928', 'rec_cur_loss': '0.6121'}
{'Epoch': 125, 'HIT@5': '0.4536', 'NDCG@5': '0.3027', 'HIT@10': '0.6184', 'NDCG@10': '0.3562', 'HIT@20': '0.7608', 'NDCG@20': '0.3923', 'MRR@5': '0.2914', 'MRR@10': '0.2914', 'MRR@20': '0.2914'}
EarlyStopping counter: 3 out of 10
{'epoch': 126, 'rec_avg_loss': '0.5918', 'rec_cur_loss': '0.5802'}
{'Epoch': 126, 'HIT@5': '0.4507', 'NDCG@5': '0.2988', 'HIT@10': '0.6175', 'NDCG@10': '0.3530', 'HIT@20': '0.7598', 'NDCG@20': '0.3891', 'MRR@5': '0.2876', 'MRR@10': '0.2876', 'MRR@20': '0.2876'}
EarlyStopping counter: 4 out of 10
{'epoch': 127, 'rec_avg_loss': '0.5903', 'rec_cur_loss': '0.5689'}
{'Epoch': 127, 'HIT@5': '0.4497', 'NDCG@5': '0.2976', 'HIT@10': '0.6182', 'NDCG@10': '0.3524', 'HIT@20': '0.7583', 'NDCG@20': '0.3879', 'MRR@5': '0.2865', 'MRR@10': '0.2865', 'MRR@20': '0.2865'}
EarlyStopping counter: 5 out of 10
{'epoch': 128, 'rec_avg_loss': '0.5898', 'rec_cur_loss': '0.5648'}
{'Epoch': 128, 'HIT@5': '0.4579', 'NDCG@5': '0.3047', 'HIT@10': '0.6224', 'NDCG@10': '0.3582', 'HIT@20': '0.7614', 'NDCG@20': '0.3935', 'MRR@5': '0.2926', 'MRR@10': '0.2926', 'MRR@20': '0.2926'}
EarlyStopping counter: 6 out of 10
{'epoch': 129, 'rec_avg_loss': '0.5911', 'rec_cur_loss': '0.5912'}
{'Epoch': 129, 'HIT@5': '0.4594', 'NDCG@5': '0.3051', 'HIT@10': '0.6245', 'NDCG@10': '0.3587', 'HIT@20': '0.7629', 'NDCG@20': '0.3939', 'MRR@5': '0.2925', 'MRR@10': '0.2925', 'MRR@20': '0.2925'}
EarlyStopping counter: 7 out of 10
{'epoch': 130, 'rec_avg_loss': '0.5896', 'rec_cur_loss': '0.5972'}
{'Epoch': 130, 'HIT@5': '0.4603', 'NDCG@5': '0.3055', 'HIT@10': '0.6268', 'NDCG@10': '0.3595', 'HIT@20': '0.7619', 'NDCG@20': '0.3938', 'MRR@5': '0.2927', 'MRR@10': '0.2927', 'MRR@20': '0.2927'}
EarlyStopping counter: 8 out of 10
{'epoch': 131, 'rec_avg_loss': '0.5917', 'rec_cur_loss': '0.5665'}
{'Epoch': 131, 'HIT@5': '0.4598', 'NDCG@5': '0.3053', 'HIT@10': '0.6219', 'NDCG@10': '0.3580', 'HIT@20': '0.7608', 'NDCG@20': '0.3933', 'MRR@5': '0.2924', 'MRR@10': '0.2924', 'MRR@20': '0.2924'}
EarlyStopping counter: 9 out of 10
{'epoch': 132, 'rec_avg_loss': '0.5887', 'rec_cur_loss': '0.6060'}
{'Epoch': 132, 'HIT@5': '0.4543', 'NDCG@5': '0.3032', 'HIT@10': '0.6205', 'NDCG@10': '0.3573', 'HIT@20': '0.7593', 'NDCG@20': '0.3926', 'MRR@5': '0.2920', 'MRR@10': '0.2920', 'MRR@20': '0.2920'}
EarlyStopping counter: 10 out of 10
Early stopping
---------------Sample 99 results-------------------
{'Epoch': 0, 'HIT@5': '0.4215', 'NDCG@5': '0.2791', 'HIT@10': '0.5949', 'NDCG@10': '0.3350', 'HIT@20': '0.7348', 'NDCG@20': '0.3707', 'MRR@5': '0.2720', 'MRR@10': '0.2720', 'MRR@20': '0.2720'}
Finetune_sample-ml-1m-150
{'Epoch': 0, 'HIT@5': '0.4215', 'NDCG@5': '0.2791', 'HIT@10': '0.5949', 'NDCG@10': '0.3350', 'HIT@20': '0.7348', 'NDCG@20': '0.3707', 'MRR@5': '0.2720', 'MRR@10': '0.2720', 'MRR@20': '0.2720'}
