Namespace(adam_beta1=0.9, adam_beta2=0.999, attention_probs_dropout_prob=0.5, batch_size=256, ckp=150, cuda_condition=True, data_dir='./data/', data_file='./data/ml-1m.txt', data_name='ml-1m', do_eval=False, epochs=200, gpu_id='0', hidden_act='gelu', hidden_dropout_prob=0.5, hidden_size=64, initializer_range=0.02, item_size=3418, log_file='output/Finetune_sample-ml-1m-150.txt', log_freq=1, lr=0.001, mask_id=3417, max_seq_length=50, model_name='Finetune_sample', no_cuda=False, num_attention_heads=2, num_hidden_layers=2, output_dir='output/', sample_file='./data/ml-1m_sample.txt', seed=42, weight_decay=0.0)
Total Parameters: 338688
Load Checkpoint From output/ml-1m-epochs-150.pt!
{'epoch': 0, 'rec_avg_loss': '0.9912', 'rec_cur_loss': '0.8923'}
{'Epoch': 0, 'HIT@5': '0.2238', 'NDCG@5': '0.1358', 'HIT@10': '0.3669', 'NDCG@10': '0.1817', 'HIT@20': '0.5608', 'NDCG@20': '0.2306', 'MRR@5': '0.1504', 'MRR@10': '0.1504', 'MRR@20': '0.1504'}
Validation score increased.  Saving model ...
{'epoch': 1, 'rec_avg_loss': '0.8354', 'rec_cur_loss': '0.7803'}
{'Epoch': 1, 'HIT@5': '0.2594', 'NDCG@5': '0.1618', 'HIT@10': '0.4141', 'NDCG@10': '0.2117', 'HIT@20': '0.6109', 'NDCG@20': '0.2613', 'MRR@5': '0.1741', 'MRR@10': '0.1741', 'MRR@20': '0.1741'}
Validation score increased.  Saving model ...
{'epoch': 2, 'rec_avg_loss': '0.7837', 'rec_cur_loss': '0.8107'}
{'Epoch': 2, 'HIT@5': '0.2879', 'NDCG@5': '0.1794', 'HIT@10': '0.4523', 'NDCG@10': '0.2323', 'HIT@20': '0.6402', 'NDCG@20': '0.2797', 'MRR@5': '0.1880', 'MRR@10': '0.1880', 'MRR@20': '0.1880'}
Validation score increased.  Saving model ...
{'epoch': 3, 'rec_avg_loss': '0.7504', 'rec_cur_loss': '0.7504'}
{'Epoch': 3, 'HIT@5': '0.3056', 'NDCG@5': '0.1917', 'HIT@10': '0.4740', 'NDCG@10': '0.2459', 'HIT@20': '0.6546', 'NDCG@20': '0.2915', 'MRR@5': '0.1983', 'MRR@10': '0.1983', 'MRR@20': '0.1983'}
Validation score increased.  Saving model ...
{'epoch': 4, 'rec_avg_loss': '0.7278', 'rec_cur_loss': '0.6912'}
{'Epoch': 4, 'HIT@5': '0.3151', 'NDCG@5': '0.1978', 'HIT@10': '0.4825', 'NDCG@10': '0.2517', 'HIT@20': '0.6664', 'NDCG@20': '0.2982', 'MRR@5': '0.2031', 'MRR@10': '0.2031', 'MRR@20': '0.2031'}
Validation score increased.  Saving model ...
{'epoch': 5, 'rec_avg_loss': '0.7094', 'rec_cur_loss': '0.7142'}
{'Epoch': 5, 'HIT@5': '0.3235', 'NDCG@5': '0.2017', 'HIT@10': '0.4932', 'NDCG@10': '0.2561', 'HIT@20': '0.6694', 'NDCG@20': '0.3006', 'MRR@5': '0.2050', 'MRR@10': '0.2050', 'MRR@20': '0.2050'}
Validation score increased.  Saving model ...
{'epoch': 6, 'rec_avg_loss': '0.6979', 'rec_cur_loss': '0.7157'}
{'Epoch': 6, 'HIT@5': '0.3343', 'NDCG@5': '0.2098', 'HIT@10': '0.5078', 'NDCG@10': '0.2655', 'HIT@20': '0.6815', 'NDCG@20': '0.3093', 'MRR@5': '0.2121', 'MRR@10': '0.2121', 'MRR@20': '0.2121'}
Validation score increased.  Saving model ...
{'epoch': 7, 'rec_avg_loss': '0.6906', 'rec_cur_loss': '0.6905'}
{'Epoch': 7, 'HIT@5': '0.3439', 'NDCG@5': '0.2160', 'HIT@10': '0.5164', 'NDCG@10': '0.2717', 'HIT@20': '0.6897', 'NDCG@20': '0.3155', 'MRR@5': '0.2172', 'MRR@10': '0.2172', 'MRR@20': '0.2172'}
Validation score increased.  Saving model ...
{'epoch': 8, 'rec_avg_loss': '0.6838', 'rec_cur_loss': '0.6700'}
{'Epoch': 8, 'HIT@5': '0.3394', 'NDCG@5': '0.2125', 'HIT@10': '0.5104', 'NDCG@10': '0.2678', 'HIT@20': '0.6849', 'NDCG@20': '0.3118', 'MRR@5': '0.2141', 'MRR@10': '0.2141', 'MRR@20': '0.2141'}
EarlyStopping counter: 1 out of 10
{'epoch': 9, 'rec_avg_loss': '0.6758', 'rec_cur_loss': '0.6612'}
{'Epoch': 9, 'HIT@5': '0.3502', 'NDCG@5': '0.2221', 'HIT@10': '0.5228', 'NDCG@10': '0.2779', 'HIT@20': '0.6935', 'NDCG@20': '0.3210', 'MRR@5': '0.2230', 'MRR@10': '0.2230', 'MRR@20': '0.2230'}
Validation score increased.  Saving model ...
{'epoch': 10, 'rec_avg_loss': '0.6694', 'rec_cur_loss': '0.6499'}
{'Epoch': 10, 'HIT@5': '0.3575', 'NDCG@5': '0.2259', 'HIT@10': '0.5293', 'NDCG@10': '0.2813', 'HIT@20': '0.7007', 'NDCG@20': '0.3247', 'MRR@5': '0.2254', 'MRR@10': '0.2254', 'MRR@20': '0.2254'}
Validation score increased.  Saving model ...
{'epoch': 11, 'rec_avg_loss': '0.6671', 'rec_cur_loss': '0.6573'}
{'Epoch': 11, 'HIT@5': '0.3608', 'NDCG@5': '0.2292', 'HIT@10': '0.5341', 'NDCG@10': '0.2850', 'HIT@20': '0.7030', 'NDCG@20': '0.3277', 'MRR@5': '0.2284', 'MRR@10': '0.2284', 'MRR@20': '0.2284'}
Validation score increased.  Saving model ...
{'epoch': 12, 'rec_avg_loss': '0.6598', 'rec_cur_loss': '0.6540'}
{'Epoch': 12, 'HIT@5': '0.3627', 'NDCG@5': '0.2329', 'HIT@10': '0.5361', 'NDCG@10': '0.2889', 'HIT@20': '0.7043', 'NDCG@20': '0.3315', 'MRR@5': '0.2327', 'MRR@10': '0.2327', 'MRR@20': '0.2327'}
Validation score increased.  Saving model ...
{'epoch': 13, 'rec_avg_loss': '0.6570', 'rec_cur_loss': '0.6680'}
{'Epoch': 13, 'HIT@5': '0.3634', 'NDCG@5': '0.2338', 'HIT@10': '0.5369', 'NDCG@10': '0.2899', 'HIT@20': '0.7030', 'NDCG@20': '0.3320', 'MRR@5': '0.2338', 'MRR@10': '0.2338', 'MRR@20': '0.2338'}
Validation score increased.  Saving model ...
{'epoch': 14, 'rec_avg_loss': '0.6536', 'rec_cur_loss': '0.6610'}
{'Epoch': 14, 'HIT@5': '0.3669', 'NDCG@5': '0.2374', 'HIT@10': '0.5442', 'NDCG@10': '0.2947', 'HIT@20': '0.7096', 'NDCG@20': '0.3366', 'MRR@5': '0.2376', 'MRR@10': '0.2376', 'MRR@20': '0.2376'}
Validation score increased.  Saving model ...
{'epoch': 15, 'rec_avg_loss': '0.6503', 'rec_cur_loss': '0.6561'}
{'Epoch': 15, 'HIT@5': '0.3719', 'NDCG@5': '0.2404', 'HIT@10': '0.5522', 'NDCG@10': '0.2985', 'HIT@20': '0.7147', 'NDCG@20': '0.3397', 'MRR@5': '0.2399', 'MRR@10': '0.2399', 'MRR@20': '0.2399'}
Validation score increased.  Saving model ...
{'epoch': 16, 'rec_avg_loss': '0.6479', 'rec_cur_loss': '0.6455'}
{'Epoch': 16, 'HIT@5': '0.3803', 'NDCG@5': '0.2460', 'HIT@10': '0.5584', 'NDCG@10': '0.3035', 'HIT@20': '0.7230', 'NDCG@20': '0.3452', 'MRR@5': '0.2442', 'MRR@10': '0.2442', 'MRR@20': '0.2442'}
Validation score increased.  Saving model ...
{'epoch': 17, 'rec_avg_loss': '0.6469', 'rec_cur_loss': '0.6639'}
{'Epoch': 17, 'HIT@5': '0.3752', 'NDCG@5': '0.2421', 'HIT@10': '0.5512', 'NDCG@10': '0.2990', 'HIT@20': '0.7151', 'NDCG@20': '0.3406', 'MRR@5': '0.2409', 'MRR@10': '0.2409', 'MRR@20': '0.2409'}
EarlyStopping counter: 1 out of 10
{'epoch': 18, 'rec_avg_loss': '0.6431', 'rec_cur_loss': '0.6035'}
{'Epoch': 18, 'HIT@5': '0.3735', 'NDCG@5': '0.2423', 'HIT@10': '0.5589', 'NDCG@10': '0.3024', 'HIT@20': '0.7185', 'NDCG@20': '0.3428', 'MRR@5': '0.2425', 'MRR@10': '0.2425', 'MRR@20': '0.2425'}
EarlyStopping counter: 2 out of 10
{'epoch': 19, 'rec_avg_loss': '0.6419', 'rec_cur_loss': '0.6317'}
{'Epoch': 19, 'HIT@5': '0.3808', 'NDCG@5': '0.2460', 'HIT@10': '0.5594', 'NDCG@10': '0.3038', 'HIT@20': '0.7212', 'NDCG@20': '0.3449', 'MRR@5': '0.2442', 'MRR@10': '0.2442', 'MRR@20': '0.2442'}
EarlyStopping counter: 3 out of 10
{'epoch': 20, 'rec_avg_loss': '0.6404', 'rec_cur_loss': '0.6419'}
{'Epoch': 20, 'HIT@5': '0.3854', 'NDCG@5': '0.2488', 'HIT@10': '0.5646', 'NDCG@10': '0.3067', 'HIT@20': '0.7252', 'NDCG@20': '0.3474', 'MRR@5': '0.2463', 'MRR@10': '0.2463', 'MRR@20': '0.2463'}
Validation score increased.  Saving model ...
{'epoch': 21, 'rec_avg_loss': '0.6372', 'rec_cur_loss': '0.6332'}
{'Epoch': 21, 'HIT@5': '0.3887', 'NDCG@5': '0.2511', 'HIT@10': '0.5661', 'NDCG@10': '0.3085', 'HIT@20': '0.7253', 'NDCG@20': '0.3490', 'MRR@5': '0.2481', 'MRR@10': '0.2481', 'MRR@20': '0.2481'}
Validation score increased.  Saving model ...
{'epoch': 22, 'rec_avg_loss': '0.6333', 'rec_cur_loss': '0.6391'}
{'Epoch': 22, 'HIT@5': '0.3879', 'NDCG@5': '0.2497', 'HIT@10': '0.5649', 'NDCG@10': '0.3070', 'HIT@20': '0.7275', 'NDCG@20': '0.3482', 'MRR@5': '0.2465', 'MRR@10': '0.2465', 'MRR@20': '0.2465'}
EarlyStopping counter: 1 out of 10
{'epoch': 23, 'rec_avg_loss': '0.6342', 'rec_cur_loss': '0.6224'}
{'Epoch': 23, 'HIT@5': '0.3969', 'NDCG@5': '0.2576', 'HIT@10': '0.5712', 'NDCG@10': '0.3142', 'HIT@20': '0.7306', 'NDCG@20': '0.3549', 'MRR@5': '0.2538', 'MRR@10': '0.2538', 'MRR@20': '0.2538'}
Validation score increased.  Saving model ...
{'epoch': 24, 'rec_avg_loss': '0.6319', 'rec_cur_loss': '0.6363'}
{'Epoch': 24, 'HIT@5': '0.3992', 'NDCG@5': '0.2576', 'HIT@10': '0.5689', 'NDCG@10': '0.3127', 'HIT@20': '0.7267', 'NDCG@20': '0.3529', 'MRR@5': '0.2523', 'MRR@10': '0.2523', 'MRR@20': '0.2523'}
EarlyStopping counter: 1 out of 10
{'epoch': 25, 'rec_avg_loss': '0.6296', 'rec_cur_loss': '0.6473'}
{'Epoch': 25, 'HIT@5': '0.4015', 'NDCG@5': '0.2600', 'HIT@10': '0.5768', 'NDCG@10': '0.3169', 'HIT@20': '0.7348', 'NDCG@20': '0.3569', 'MRR@5': '0.2552', 'MRR@10': '0.2552', 'MRR@20': '0.2552'}
Validation score increased.  Saving model ...
{'epoch': 26, 'rec_avg_loss': '0.6288', 'rec_cur_loss': '0.6321'}
{'Epoch': 26, 'HIT@5': '0.3957', 'NDCG@5': '0.2569', 'HIT@10': '0.5753', 'NDCG@10': '0.3153', 'HIT@20': '0.7331', 'NDCG@20': '0.3554', 'MRR@5': '0.2537', 'MRR@10': '0.2537', 'MRR@20': '0.2537'}
EarlyStopping counter: 1 out of 10
{'epoch': 27, 'rec_avg_loss': '0.6271', 'rec_cur_loss': '0.6372'}
{'Epoch': 27, 'HIT@5': '0.4030', 'NDCG@5': '0.2623', 'HIT@10': '0.5770', 'NDCG@10': '0.3187', 'HIT@20': '0.7366', 'NDCG@20': '0.3593', 'MRR@5': '0.2576', 'MRR@10': '0.2576', 'MRR@20': '0.2576'}
Validation score increased.  Saving model ...
{'epoch': 28, 'rec_avg_loss': '0.6255', 'rec_cur_loss': '0.6191'}
{'Epoch': 28, 'HIT@5': '0.4041', 'NDCG@5': '0.2633', 'HIT@10': '0.5795', 'NDCG@10': '0.3203', 'HIT@20': '0.7349', 'NDCG@20': '0.3598', 'MRR@5': '0.2587', 'MRR@10': '0.2587', 'MRR@20': '0.2587'}
Validation score increased.  Saving model ...
{'epoch': 29, 'rec_avg_loss': '0.6211', 'rec_cur_loss': '0.5934'}
{'Epoch': 29, 'HIT@5': '0.4003', 'NDCG@5': '0.2598', 'HIT@10': '0.5745', 'NDCG@10': '0.3163', 'HIT@20': '0.7300', 'NDCG@20': '0.3558', 'MRR@5': '0.2551', 'MRR@10': '0.2551', 'MRR@20': '0.2551'}
EarlyStopping counter: 1 out of 10
{'epoch': 30, 'rec_avg_loss': '0.6216', 'rec_cur_loss': '0.6255'}
{'Epoch': 30, 'HIT@5': '0.4063', 'NDCG@5': '0.2655', 'HIT@10': '0.5823', 'NDCG@10': '0.3225', 'HIT@20': '0.7336', 'NDCG@20': '0.3610', 'MRR@5': '0.2605', 'MRR@10': '0.2605', 'MRR@20': '0.2605'}
Validation score increased.  Saving model ...
{'epoch': 31, 'rec_avg_loss': '0.6220', 'rec_cur_loss': '0.6212'}
{'Epoch': 31, 'HIT@5': '0.4104', 'NDCG@5': '0.2669', 'HIT@10': '0.5806', 'NDCG@10': '0.3220', 'HIT@20': '0.7336', 'NDCG@20': '0.3609', 'MRR@5': '0.2605', 'MRR@10': '0.2605', 'MRR@20': '0.2605'}
EarlyStopping counter: 1 out of 10
{'epoch': 32, 'rec_avg_loss': '0.6203', 'rec_cur_loss': '0.6266'}
{'Epoch': 32, 'HIT@5': '0.4038', 'NDCG@5': '0.2649', 'HIT@10': '0.5788', 'NDCG@10': '0.3218', 'HIT@20': '0.7361', 'NDCG@20': '0.3618', 'MRR@5': '0.2610', 'MRR@10': '0.2610', 'MRR@20': '0.2610'}
Validation score increased.  Saving model ...
{'epoch': 33, 'rec_avg_loss': '0.6196', 'rec_cur_loss': '0.6040'}
{'Epoch': 33, 'HIT@5': '0.4045', 'NDCG@5': '0.2644', 'HIT@10': '0.5776', 'NDCG@10': '0.3205', 'HIT@20': '0.7371', 'NDCG@20': '0.3611', 'MRR@5': '0.2598', 'MRR@10': '0.2598', 'MRR@20': '0.2598'}
EarlyStopping counter: 1 out of 10
{'epoch': 34, 'rec_avg_loss': '0.6168', 'rec_cur_loss': '0.6152'}
{'Epoch': 34, 'HIT@5': '0.4083', 'NDCG@5': '0.2671', 'HIT@10': '0.5836', 'NDCG@10': '0.3239', 'HIT@20': '0.7366', 'NDCG@20': '0.3627', 'MRR@5': '0.2619', 'MRR@10': '0.2619', 'MRR@20': '0.2619'}
Validation score increased.  Saving model ...
{'epoch': 35, 'rec_avg_loss': '0.6151', 'rec_cur_loss': '0.6176'}
{'Epoch': 35, 'HIT@5': '0.4118', 'NDCG@5': '0.2696', 'HIT@10': '0.5843', 'NDCG@10': '0.3253', 'HIT@20': '0.7377', 'NDCG@20': '0.3643', 'MRR@5': '0.2635', 'MRR@10': '0.2635', 'MRR@20': '0.2635'}
Validation score increased.  Saving model ...
{'epoch': 36, 'rec_avg_loss': '0.6166', 'rec_cur_loss': '0.5979'}
{'Epoch': 36, 'HIT@5': '0.4123', 'NDCG@5': '0.2719', 'HIT@10': '0.5873', 'NDCG@10': '0.3286', 'HIT@20': '0.7368', 'NDCG@20': '0.3666', 'MRR@5': '0.2667', 'MRR@10': '0.2667', 'MRR@20': '0.2667'}
Validation score increased.  Saving model ...
{'epoch': 37, 'rec_avg_loss': '0.6152', 'rec_cur_loss': '0.6097'}
{'Epoch': 37, 'HIT@5': '0.4132', 'NDCG@5': '0.2721', 'HIT@10': '0.5886', 'NDCG@10': '0.3289', 'HIT@20': '0.7401', 'NDCG@20': '0.3674', 'MRR@5': '0.2669', 'MRR@10': '0.2669', 'MRR@20': '0.2669'}
Validation score increased.  Saving model ...
{'epoch': 38, 'rec_avg_loss': '0.6129', 'rec_cur_loss': '0.6115'}
{'Epoch': 38, 'HIT@5': '0.4134', 'NDCG@5': '0.2710', 'HIT@10': '0.5876', 'NDCG@10': '0.3274', 'HIT@20': '0.7376', 'NDCG@20': '0.3655', 'MRR@5': '0.2651', 'MRR@10': '0.2651', 'MRR@20': '0.2651'}
EarlyStopping counter: 1 out of 10
{'epoch': 39, 'rec_avg_loss': '0.6144', 'rec_cur_loss': '0.6160'}
{'Epoch': 39, 'HIT@5': '0.4089', 'NDCG@5': '0.2683', 'HIT@10': '0.5863', 'NDCG@10': '0.3257', 'HIT@20': '0.7351', 'NDCG@20': '0.3634', 'MRR@5': '0.2632', 'MRR@10': '0.2632', 'MRR@20': '0.2632'}
EarlyStopping counter: 2 out of 10
{'epoch': 40, 'rec_avg_loss': '0.6102', 'rec_cur_loss': '0.6039'}
{'Epoch': 40, 'HIT@5': '0.4129', 'NDCG@5': '0.2712', 'HIT@10': '0.5876', 'NDCG@10': '0.3278', 'HIT@20': '0.7394', 'NDCG@20': '0.3663', 'MRR@5': '0.2656', 'MRR@10': '0.2656', 'MRR@20': '0.2656'}
EarlyStopping counter: 3 out of 10
{'epoch': 41, 'rec_avg_loss': '0.6105', 'rec_cur_loss': '0.6215'}
{'Epoch': 41, 'HIT@5': '0.4116', 'NDCG@5': '0.2696', 'HIT@10': '0.5882', 'NDCG@10': '0.3267', 'HIT@20': '0.7391', 'NDCG@20': '0.3649', 'MRR@5': '0.2639', 'MRR@10': '0.2639', 'MRR@20': '0.2639'}
EarlyStopping counter: 4 out of 10
{'epoch': 42, 'rec_avg_loss': '0.6101', 'rec_cur_loss': '0.6173'}
{'Epoch': 42, 'HIT@5': '0.4207', 'NDCG@5': '0.2758', 'HIT@10': '0.5975', 'NDCG@10': '0.3331', 'HIT@20': '0.7442', 'NDCG@20': '0.3702', 'MRR@5': '0.2689', 'MRR@10': '0.2689', 'MRR@20': '0.2689'}
Validation score increased.  Saving model ...
{'epoch': 43, 'rec_avg_loss': '0.6092', 'rec_cur_loss': '0.6108'}
{'Epoch': 43, 'HIT@5': '0.4192', 'NDCG@5': '0.2760', 'HIT@10': '0.5932', 'NDCG@10': '0.3325', 'HIT@20': '0.7445', 'NDCG@20': '0.3709', 'MRR@5': '0.2698', 'MRR@10': '0.2698', 'MRR@20': '0.2698'}
Validation score increased.  Saving model ...
{'epoch': 44, 'rec_avg_loss': '0.6091', 'rec_cur_loss': '0.6091'}
{'Epoch': 44, 'HIT@5': '0.4195', 'NDCG@5': '0.2740', 'HIT@10': '0.5902', 'NDCG@10': '0.3292', 'HIT@20': '0.7422', 'NDCG@20': '0.3677', 'MRR@5': '0.2664', 'MRR@10': '0.2664', 'MRR@20': '0.2664'}
EarlyStopping counter: 1 out of 10
{'epoch': 45, 'rec_avg_loss': '0.6061', 'rec_cur_loss': '0.5967'}
{'Epoch': 45, 'HIT@5': '0.4167', 'NDCG@5': '0.2732', 'HIT@10': '0.5912', 'NDCG@10': '0.3299', 'HIT@20': '0.7425', 'NDCG@20': '0.3683', 'MRR@5': '0.2670', 'MRR@10': '0.2670', 'MRR@20': '0.2670'}
EarlyStopping counter: 2 out of 10
{'epoch': 46, 'rec_avg_loss': '0.6094', 'rec_cur_loss': '0.6277'}
{'Epoch': 46, 'HIT@5': '0.4192', 'NDCG@5': '0.2761', 'HIT@10': '0.5935', 'NDCG@10': '0.3327', 'HIT@20': '0.7444', 'NDCG@20': '0.3709', 'MRR@5': '0.2699', 'MRR@10': '0.2699', 'MRR@20': '0.2699'}
Validation score increased.  Saving model ...
{'epoch': 47, 'rec_avg_loss': '0.6067', 'rec_cur_loss': '0.6346'}
{'Epoch': 47, 'HIT@5': '0.4233', 'NDCG@5': '0.2785', 'HIT@10': '0.5969', 'NDCG@10': '0.3347', 'HIT@20': '0.7432', 'NDCG@20': '0.3718', 'MRR@5': '0.2712', 'MRR@10': '0.2712', 'MRR@20': '0.2712'}
Validation score increased.  Saving model ...
{'epoch': 48, 'rec_avg_loss': '0.6045', 'rec_cur_loss': '0.6129'}
{'Epoch': 48, 'HIT@5': '0.4248', 'NDCG@5': '0.2797', 'HIT@10': '0.5965', 'NDCG@10': '0.3352', 'HIT@20': '0.7460', 'NDCG@20': '0.3732', 'MRR@5': '0.2721', 'MRR@10': '0.2721', 'MRR@20': '0.2721'}
Validation score increased.  Saving model ...
{'epoch': 49, 'rec_avg_loss': '0.6024', 'rec_cur_loss': '0.5746'}
{'Epoch': 49, 'HIT@5': '0.4219', 'NDCG@5': '0.2786', 'HIT@10': '0.5944', 'NDCG@10': '0.3345', 'HIT@20': '0.7452', 'NDCG@20': '0.3728', 'MRR@5': '0.2719', 'MRR@10': '0.2719', 'MRR@20': '0.2719'}
EarlyStopping counter: 1 out of 10
{'epoch': 50, 'rec_avg_loss': '0.6043', 'rec_cur_loss': '0.6182'}
{'Epoch': 50, 'HIT@5': '0.4270', 'NDCG@5': '0.2795', 'HIT@10': '0.5964', 'NDCG@10': '0.3342', 'HIT@20': '0.7462', 'NDCG@20': '0.3722', 'MRR@5': '0.2708', 'MRR@10': '0.2708', 'MRR@20': '0.2708'}
EarlyStopping counter: 2 out of 10
{'epoch': 51, 'rec_avg_loss': '0.6045', 'rec_cur_loss': '0.6206'}
{'Epoch': 51, 'HIT@5': '0.4293', 'NDCG@5': '0.2820', 'HIT@10': '0.6007', 'NDCG@10': '0.3374', 'HIT@20': '0.7487', 'NDCG@20': '0.3750', 'MRR@5': '0.2735', 'MRR@10': '0.2735', 'MRR@20': '0.2735'}
Validation score increased.  Saving model ...
{'epoch': 52, 'rec_avg_loss': '0.6027', 'rec_cur_loss': '0.6090'}
{'Epoch': 52, 'HIT@5': '0.4258', 'NDCG@5': '0.2809', 'HIT@10': '0.5980', 'NDCG@10': '0.3368', 'HIT@20': '0.7477', 'NDCG@20': '0.3749', 'MRR@5': '0.2737', 'MRR@10': '0.2737', 'MRR@20': '0.2737'}
Validation score increased.  Saving model ...
{'epoch': 53, 'rec_avg_loss': '0.5996', 'rec_cur_loss': '0.6084'}
{'Epoch': 53, 'HIT@5': '0.4273', 'NDCG@5': '0.2817', 'HIT@10': '0.5993', 'NDCG@10': '0.3375', 'HIT@20': '0.7470', 'NDCG@20': '0.3750', 'MRR@5': '0.2740', 'MRR@10': '0.2740', 'MRR@20': '0.2740'}
Validation score increased.  Saving model ...
{'epoch': 54, 'rec_avg_loss': '0.5996', 'rec_cur_loss': '0.5849'}
{'Epoch': 54, 'HIT@5': '0.4323', 'NDCG@5': '0.2859', 'HIT@10': '0.6031', 'NDCG@10': '0.3413', 'HIT@20': '0.7508', 'NDCG@20': '0.3788', 'MRR@5': '0.2777', 'MRR@10': '0.2777', 'MRR@20': '0.2777'}
Validation score increased.  Saving model ...
{'epoch': 55, 'rec_avg_loss': '0.6008', 'rec_cur_loss': '0.6006'}
{'Epoch': 55, 'HIT@5': '0.4257', 'NDCG@5': '0.2806', 'HIT@10': '0.5982', 'NDCG@10': '0.3366', 'HIT@20': '0.7464', 'NDCG@20': '0.3742', 'MRR@5': '0.2732', 'MRR@10': '0.2732', 'MRR@20': '0.2732'}
EarlyStopping counter: 1 out of 10
{'epoch': 56, 'rec_avg_loss': '0.6001', 'rec_cur_loss': '0.6336'}
{'Epoch': 56, 'HIT@5': '0.4349', 'NDCG@5': '0.2863', 'HIT@10': '0.6023', 'NDCG@10': '0.3405', 'HIT@20': '0.7510', 'NDCG@20': '0.3782', 'MRR@5': '0.2768', 'MRR@10': '0.2768', 'MRR@20': '0.2768'}
EarlyStopping counter: 2 out of 10
{'epoch': 57, 'rec_avg_loss': '0.5972', 'rec_cur_loss': '0.5873'}
{'Epoch': 57, 'HIT@5': '0.4328', 'NDCG@5': '0.2864', 'HIT@10': '0.6025', 'NDCG@10': '0.3415', 'HIT@20': '0.7517', 'NDCG@20': '0.3793', 'MRR@5': '0.2781', 'MRR@10': '0.2781', 'MRR@20': '0.2781'}
Validation score increased.  Saving model ...
{'epoch': 58, 'rec_avg_loss': '0.5960', 'rec_cur_loss': '0.5768'}
{'Epoch': 58, 'HIT@5': '0.4323', 'NDCG@5': '0.2855', 'HIT@10': '0.6028', 'NDCG@10': '0.3407', 'HIT@20': '0.7503', 'NDCG@20': '0.3781', 'MRR@5': '0.2769', 'MRR@10': '0.2769', 'MRR@20': '0.2769'}
EarlyStopping counter: 1 out of 10
{'epoch': 59, 'rec_avg_loss': '0.5967', 'rec_cur_loss': '0.5839'}
{'Epoch': 59, 'HIT@5': '0.4366', 'NDCG@5': '0.2884', 'HIT@10': '0.6030', 'NDCG@10': '0.3422', 'HIT@20': '0.7526', 'NDCG@20': '0.3802', 'MRR@5': '0.2790', 'MRR@10': '0.2790', 'MRR@20': '0.2790'}
Validation score increased.  Saving model ...
{'epoch': 60, 'rec_avg_loss': '0.5959', 'rec_cur_loss': '0.6205'}
{'Epoch': 60, 'HIT@5': '0.4326', 'NDCG@5': '0.2846', 'HIT@10': '0.5980', 'NDCG@10': '0.3382', 'HIT@20': '0.7520', 'NDCG@20': '0.3773', 'MRR@5': '0.2755', 'MRR@10': '0.2755', 'MRR@20': '0.2755'}
EarlyStopping counter: 1 out of 10
{'epoch': 61, 'rec_avg_loss': '0.5942', 'rec_cur_loss': '0.5801'}
{'Epoch': 61, 'HIT@5': '0.4344', 'NDCG@5': '0.2861', 'HIT@10': '0.5992', 'NDCG@10': '0.3393', 'HIT@20': '0.7477', 'NDCG@20': '0.3770', 'MRR@5': '0.2764', 'MRR@10': '0.2764', 'MRR@20': '0.2764'}
EarlyStopping counter: 2 out of 10
{'epoch': 62, 'rec_avg_loss': '0.5944', 'rec_cur_loss': '0.5828'}
{'Epoch': 62, 'HIT@5': '0.4344', 'NDCG@5': '0.2859', 'HIT@10': '0.6022', 'NDCG@10': '0.3402', 'HIT@20': '0.7548', 'NDCG@20': '0.3789', 'MRR@5': '0.2766', 'MRR@10': '0.2766', 'MRR@20': '0.2766'}
EarlyStopping counter: 3 out of 10
{'epoch': 63, 'rec_avg_loss': '0.5945', 'rec_cur_loss': '0.6099'}
{'Epoch': 63, 'HIT@5': '0.4419', 'NDCG@5': '0.2932', 'HIT@10': '0.6109', 'NDCG@10': '0.3481', 'HIT@20': '0.7561', 'NDCG@20': '0.3849', 'MRR@5': '0.2837', 'MRR@10': '0.2837', 'MRR@20': '0.2837'}
Validation score increased.  Saving model ...
{'epoch': 64, 'rec_avg_loss': '0.5940', 'rec_cur_loss': '0.5780'}
{'Epoch': 64, 'HIT@5': '0.4406', 'NDCG@5': '0.2915', 'HIT@10': '0.6149', 'NDCG@10': '0.3481', 'HIT@20': '0.7576', 'NDCG@20': '0.3843', 'MRR@5': '0.2824', 'MRR@10': '0.2824', 'MRR@20': '0.2824'}
EarlyStopping counter: 1 out of 10
{'epoch': 65, 'rec_avg_loss': '0.5928', 'rec_cur_loss': '0.6218'}
{'Epoch': 65, 'HIT@5': '0.4376', 'NDCG@5': '0.2901', 'HIT@10': '0.6043', 'NDCG@10': '0.3442', 'HIT@20': '0.7568', 'NDCG@20': '0.3829', 'MRR@5': '0.2812', 'MRR@10': '0.2812', 'MRR@20': '0.2812'}
EarlyStopping counter: 2 out of 10
{'epoch': 66, 'rec_avg_loss': '0.5928', 'rec_cur_loss': '0.5995'}
{'Epoch': 66, 'HIT@5': '0.4404', 'NDCG@5': '0.2915', 'HIT@10': '0.6060', 'NDCG@10': '0.3452', 'HIT@20': '0.7550', 'NDCG@20': '0.3831', 'MRR@5': '0.2818', 'MRR@10': '0.2818', 'MRR@20': '0.2818'}
EarlyStopping counter: 3 out of 10
{'epoch': 67, 'rec_avg_loss': '0.5901', 'rec_cur_loss': '0.5820'}
{'Epoch': 67, 'HIT@5': '0.4437', 'NDCG@5': '0.2941', 'HIT@10': '0.6071', 'NDCG@10': '0.3470', 'HIT@20': '0.7555', 'NDCG@20': '0.3847', 'MRR@5': '0.2837', 'MRR@10': '0.2837', 'MRR@20': '0.2837'}
Validation score increased.  Saving model ...
{'epoch': 68, 'rec_avg_loss': '0.5903', 'rec_cur_loss': '0.5928'}
{'Epoch': 68, 'HIT@5': '0.4397', 'NDCG@5': '0.2909', 'HIT@10': '0.6081', 'NDCG@10': '0.3455', 'HIT@20': '0.7550', 'NDCG@20': '0.3826', 'MRR@5': '0.2812', 'MRR@10': '0.2812', 'MRR@20': '0.2812'}
EarlyStopping counter: 1 out of 10
{'epoch': 69, 'rec_avg_loss': '0.5924', 'rec_cur_loss': '0.6104'}
{'Epoch': 69, 'HIT@5': '0.4384', 'NDCG@5': '0.2902', 'HIT@10': '0.6063', 'NDCG@10': '0.3445', 'HIT@20': '0.7535', 'NDCG@20': '0.3818', 'MRR@5': '0.2807', 'MRR@10': '0.2807', 'MRR@20': '0.2807'}
EarlyStopping counter: 2 out of 10
{'epoch': 70, 'rec_avg_loss': '0.5893', 'rec_cur_loss': '0.5549'}
{'Epoch': 70, 'HIT@5': '0.4353', 'NDCG@5': '0.2884', 'HIT@10': '0.6026', 'NDCG@10': '0.3426', 'HIT@20': '0.7500', 'NDCG@20': '0.3799', 'MRR@5': '0.2794', 'MRR@10': '0.2794', 'MRR@20': '0.2794'}
EarlyStopping counter: 3 out of 10
{'epoch': 71, 'rec_avg_loss': '0.5875', 'rec_cur_loss': '0.6000'}
{'Epoch': 71, 'HIT@5': '0.4469', 'NDCG@5': '0.2951', 'HIT@10': '0.6076', 'NDCG@10': '0.3472', 'HIT@20': '0.7570', 'NDCG@20': '0.3850', 'MRR@5': '0.2836', 'MRR@10': '0.2836', 'MRR@20': '0.2836'}
EarlyStopping counter: 4 out of 10
{'epoch': 72, 'rec_avg_loss': '0.5899', 'rec_cur_loss': '0.5892'}
{'Epoch': 72, 'HIT@5': '0.4503', 'NDCG@5': '0.2982', 'HIT@10': '0.6104', 'NDCG@10': '0.3503', 'HIT@20': '0.7579', 'NDCG@20': '0.3877', 'MRR@5': '0.2866', 'MRR@10': '0.2866', 'MRR@20': '0.2866'}
Validation score increased.  Saving model ...
{'epoch': 73, 'rec_avg_loss': '0.5899', 'rec_cur_loss': '0.5860'}
{'Epoch': 73, 'HIT@5': '0.4462', 'NDCG@5': '0.2971', 'HIT@10': '0.6129', 'NDCG@10': '0.3512', 'HIT@20': '0.7576', 'NDCG@20': '0.3879', 'MRR@5': '0.2870', 'MRR@10': '0.2870', 'MRR@20': '0.2870'}
Validation score increased.  Saving model ...
{'epoch': 74, 'rec_avg_loss': '0.5884', 'rec_cur_loss': '0.6154'}
{'Epoch': 74, 'HIT@5': '0.4460', 'NDCG@5': '0.2956', 'HIT@10': '0.6116', 'NDCG@10': '0.3493', 'HIT@20': '0.7581', 'NDCG@20': '0.3864', 'MRR@5': '0.2850', 'MRR@10': '0.2850', 'MRR@20': '0.2850'}
EarlyStopping counter: 1 out of 10
{'epoch': 75, 'rec_avg_loss': '0.5855', 'rec_cur_loss': '0.5744'}
{'Epoch': 75, 'HIT@5': '0.4467', 'NDCG@5': '0.2963', 'HIT@10': '0.6086', 'NDCG@10': '0.3488', 'HIT@20': '0.7578', 'NDCG@20': '0.3867', 'MRR@5': '0.2854', 'MRR@10': '0.2854', 'MRR@20': '0.2854'}
EarlyStopping counter: 2 out of 10
{'epoch': 76, 'rec_avg_loss': '0.5837', 'rec_cur_loss': '0.5801'}
{'Epoch': 76, 'HIT@5': '0.4440', 'NDCG@5': '0.2944', 'HIT@10': '0.6094', 'NDCG@10': '0.3482', 'HIT@20': '0.7551', 'NDCG@20': '0.3851', 'MRR@5': '0.2842', 'MRR@10': '0.2842', 'MRR@20': '0.2842'}
EarlyStopping counter: 3 out of 10
{'epoch': 77, 'rec_avg_loss': '0.5846', 'rec_cur_loss': '0.5924'}
{'Epoch': 77, 'HIT@5': '0.4469', 'NDCG@5': '0.2971', 'HIT@10': '0.6098', 'NDCG@10': '0.3499', 'HIT@20': '0.7598', 'NDCG@20': '0.3880', 'MRR@5': '0.2866', 'MRR@10': '0.2866', 'MRR@20': '0.2866'}
EarlyStopping counter: 4 out of 10
{'epoch': 78, 'rec_avg_loss': '0.5837', 'rec_cur_loss': '0.5652'}
{'Epoch': 78, 'HIT@5': '0.4525', 'NDCG@5': '0.2990', 'HIT@10': '0.6164', 'NDCG@10': '0.3523', 'HIT@20': '0.7608', 'NDCG@20': '0.3888', 'MRR@5': '0.2871', 'MRR@10': '0.2871', 'MRR@20': '0.2871'}
Validation score increased.  Saving model ...
{'epoch': 79, 'rec_avg_loss': '0.5852', 'rec_cur_loss': '0.5989'}
{'Epoch': 79, 'HIT@5': '0.4457', 'NDCG@5': '0.2941', 'HIT@10': '0.6078', 'NDCG@10': '0.3467', 'HIT@20': '0.7560', 'NDCG@20': '0.3843', 'MRR@5': '0.2829', 'MRR@10': '0.2829', 'MRR@20': '0.2829'}
EarlyStopping counter: 1 out of 10
{'epoch': 80, 'rec_avg_loss': '0.5814', 'rec_cur_loss': '0.5934'}
{'Epoch': 80, 'HIT@5': '0.4522', 'NDCG@5': '0.2991', 'HIT@10': '0.6127', 'NDCG@10': '0.3510', 'HIT@20': '0.7608', 'NDCG@20': '0.3885', 'MRR@5': '0.2868', 'MRR@10': '0.2868', 'MRR@20': '0.2868'}
EarlyStopping counter: 2 out of 10
{'epoch': 81, 'rec_avg_loss': '0.5837', 'rec_cur_loss': '0.5917'}
{'Epoch': 81, 'HIT@5': '0.4531', 'NDCG@5': '0.3010', 'HIT@10': '0.6149', 'NDCG@10': '0.3534', 'HIT@20': '0.7616', 'NDCG@20': '0.3905', 'MRR@5': '0.2892', 'MRR@10': '0.2892', 'MRR@20': '0.2892'}
Validation score increased.  Saving model ...
{'epoch': 82, 'rec_avg_loss': '0.5827', 'rec_cur_loss': '0.5858'}
{'Epoch': 82, 'HIT@5': '0.4522', 'NDCG@5': '0.3005', 'HIT@10': '0.6123', 'NDCG@10': '0.3523', 'HIT@20': '0.7598', 'NDCG@20': '0.3898', 'MRR@5': '0.2887', 'MRR@10': '0.2887', 'MRR@20': '0.2887'}
EarlyStopping counter: 1 out of 10
{'epoch': 83, 'rec_avg_loss': '0.5819', 'rec_cur_loss': '0.5648'}
{'Epoch': 83, 'HIT@5': '0.4520', 'NDCG@5': '0.3001', 'HIT@10': '0.6127', 'NDCG@10': '0.3522', 'HIT@20': '0.7626', 'NDCG@20': '0.3903', 'MRR@5': '0.2886', 'MRR@10': '0.2886', 'MRR@20': '0.2886'}
EarlyStopping counter: 2 out of 10
{'epoch': 84, 'rec_avg_loss': '0.5836', 'rec_cur_loss': '0.5471'}
{'Epoch': 84, 'HIT@5': '0.4558', 'NDCG@5': '0.3045', 'HIT@10': '0.6185', 'NDCG@10': '0.3573', 'HIT@20': '0.7631', 'NDCG@20': '0.3940', 'MRR@5': '0.2931', 'MRR@10': '0.2931', 'MRR@20': '0.2931'}
Validation score increased.  Saving model ...
{'epoch': 85, 'rec_avg_loss': '0.5815', 'rec_cur_loss': '0.5902'}
{'Epoch': 85, 'HIT@5': '0.4523', 'NDCG@5': '0.3009', 'HIT@10': '0.6167', 'NDCG@10': '0.3542', 'HIT@20': '0.7609', 'NDCG@20': '0.3908', 'MRR@5': '0.2896', 'MRR@10': '0.2896', 'MRR@20': '0.2896'}
EarlyStopping counter: 1 out of 10
{'epoch': 86, 'rec_avg_loss': '0.5819', 'rec_cur_loss': '0.6028'}
{'Epoch': 86, 'HIT@5': '0.4555', 'NDCG@5': '0.3034', 'HIT@10': '0.6185', 'NDCG@10': '0.3563', 'HIT@20': '0.7642', 'NDCG@20': '0.3932', 'MRR@5': '0.2917', 'MRR@10': '0.2917', 'MRR@20': '0.2917'}
EarlyStopping counter: 2 out of 10
{'epoch': 87, 'rec_avg_loss': '0.5798', 'rec_cur_loss': '0.5922'}
{'Epoch': 87, 'HIT@5': '0.4553', 'NDCG@5': '0.3045', 'HIT@10': '0.6192', 'NDCG@10': '0.3577', 'HIT@20': '0.7636', 'NDCG@20': '0.3942', 'MRR@5': '0.2932', 'MRR@10': '0.2932', 'MRR@20': '0.2932'}
Validation score increased.  Saving model ...
{'epoch': 88, 'rec_avg_loss': '0.5785', 'rec_cur_loss': '0.5741'}
{'Epoch': 88, 'HIT@5': '0.4553', 'NDCG@5': '0.3035', 'HIT@10': '0.6190', 'NDCG@10': '0.3567', 'HIT@20': '0.7656', 'NDCG@20': '0.3938', 'MRR@5': '0.2920', 'MRR@10': '0.2920', 'MRR@20': '0.2920'}
EarlyStopping counter: 1 out of 10
{'epoch': 89, 'rec_avg_loss': '0.5784', 'rec_cur_loss': '0.5765'}
{'Epoch': 89, 'HIT@5': '0.4546', 'NDCG@5': '0.3022', 'HIT@10': '0.6159', 'NDCG@10': '0.3545', 'HIT@20': '0.7588', 'NDCG@20': '0.3908', 'MRR@5': '0.2902', 'MRR@10': '0.2902', 'MRR@20': '0.2902'}
EarlyStopping counter: 2 out of 10
{'epoch': 90, 'rec_avg_loss': '0.5815', 'rec_cur_loss': '0.5840'}
{'Epoch': 90, 'HIT@5': '0.4502', 'NDCG@5': '0.3009', 'HIT@10': '0.6175', 'NDCG@10': '0.3552', 'HIT@20': '0.7629', 'NDCG@20': '0.3920', 'MRR@5': '0.2906', 'MRR@10': '0.2906', 'MRR@20': '0.2906'}
EarlyStopping counter: 3 out of 10
{'epoch': 91, 'rec_avg_loss': '0.5807', 'rec_cur_loss': '0.5961'}
{'Epoch': 91, 'HIT@5': '0.4543', 'NDCG@5': '0.3022', 'HIT@10': '0.6190', 'NDCG@10': '0.3556', 'HIT@20': '0.7634', 'NDCG@20': '0.3923', 'MRR@5': '0.2907', 'MRR@10': '0.2907', 'MRR@20': '0.2907'}
EarlyStopping counter: 4 out of 10
{'epoch': 92, 'rec_avg_loss': '0.5793', 'rec_cur_loss': '0.5724'}
{'Epoch': 92, 'HIT@5': '0.4540', 'NDCG@5': '0.3023', 'HIT@10': '0.6180', 'NDCG@10': '0.3555', 'HIT@20': '0.7632', 'NDCG@20': '0.3924', 'MRR@5': '0.2909', 'MRR@10': '0.2909', 'MRR@20': '0.2909'}
EarlyStopping counter: 5 out of 10
{'epoch': 93, 'rec_avg_loss': '0.5801', 'rec_cur_loss': '0.5772'}
{'Epoch': 93, 'HIT@5': '0.4608', 'NDCG@5': '0.3092', 'HIT@10': '0.6224', 'NDCG@10': '0.3617', 'HIT@20': '0.7662', 'NDCG@20': '0.3982', 'MRR@5': '0.2974', 'MRR@10': '0.2974', 'MRR@20': '0.2974'}
Validation score increased.  Saving model ...
{'epoch': 94, 'rec_avg_loss': '0.5781', 'rec_cur_loss': '0.5962'}
{'Epoch': 94, 'HIT@5': '0.4565', 'NDCG@5': '0.3045', 'HIT@10': '0.6192', 'NDCG@10': '0.3572', 'HIT@20': '0.7618', 'NDCG@20': '0.3934', 'MRR@5': '0.2925', 'MRR@10': '0.2925', 'MRR@20': '0.2925'}
EarlyStopping counter: 1 out of 10
{'epoch': 95, 'rec_avg_loss': '0.5811', 'rec_cur_loss': '0.5982'}
{'Epoch': 95, 'HIT@5': '0.4563', 'NDCG@5': '0.3051', 'HIT@10': '0.6182', 'NDCG@10': '0.3577', 'HIT@20': '0.7636', 'NDCG@20': '0.3947', 'MRR@5': '0.2936', 'MRR@10': '0.2936', 'MRR@20': '0.2936'}
EarlyStopping counter: 2 out of 10
{'epoch': 96, 'rec_avg_loss': '0.5768', 'rec_cur_loss': '0.5740'}
{'Epoch': 96, 'HIT@5': '0.4556', 'NDCG@5': '0.3046', 'HIT@10': '0.6195', 'NDCG@10': '0.3577', 'HIT@20': '0.7624', 'NDCG@20': '0.3940', 'MRR@5': '0.2931', 'MRR@10': '0.2931', 'MRR@20': '0.2931'}
EarlyStopping counter: 3 out of 10
{'epoch': 97, 'rec_avg_loss': '0.5740', 'rec_cur_loss': '0.5773'}
{'Epoch': 97, 'HIT@5': '0.4518', 'NDCG@5': '0.3019', 'HIT@10': '0.6180', 'NDCG@10': '0.3559', 'HIT@20': '0.7616', 'NDCG@20': '0.3924', 'MRR@5': '0.2914', 'MRR@10': '0.2914', 'MRR@20': '0.2914'}
EarlyStopping counter: 4 out of 10
{'epoch': 98, 'rec_avg_loss': '0.5760', 'rec_cur_loss': '0.5845'}
{'Epoch': 98, 'HIT@5': '0.4596', 'NDCG@5': '0.3083', 'HIT@10': '0.6224', 'NDCG@10': '0.3612', 'HIT@20': '0.7659', 'NDCG@20': '0.3977', 'MRR@5': '0.2967', 'MRR@10': '0.2967', 'MRR@20': '0.2967'}
EarlyStopping counter: 5 out of 10
{'epoch': 99, 'rec_avg_loss': '0.5764', 'rec_cur_loss': '0.5624'}
{'Epoch': 99, 'HIT@5': '0.4603', 'NDCG@5': '0.3073', 'HIT@10': '0.6202', 'NDCG@10': '0.3593', 'HIT@20': '0.7661', 'NDCG@20': '0.3964', 'MRR@5': '0.2950', 'MRR@10': '0.2950', 'MRR@20': '0.2950'}
EarlyStopping counter: 6 out of 10
{'epoch': 100, 'rec_avg_loss': '0.5741', 'rec_cur_loss': '0.5845'}
{'Epoch': 100, 'HIT@5': '0.4575', 'NDCG@5': '0.3054', 'HIT@10': '0.6225', 'NDCG@10': '0.3590', 'HIT@20': '0.7672', 'NDCG@20': '0.3957', 'MRR@5': '0.2937', 'MRR@10': '0.2937', 'MRR@20': '0.2937'}
EarlyStopping counter: 7 out of 10
{'epoch': 101, 'rec_avg_loss': '0.5723', 'rec_cur_loss': '0.5780'}
{'Epoch': 101, 'HIT@5': '0.4599', 'NDCG@5': '0.3079', 'HIT@10': '0.6210', 'NDCG@10': '0.3603', 'HIT@20': '0.7654', 'NDCG@20': '0.3970', 'MRR@5': '0.2960', 'MRR@10': '0.2960', 'MRR@20': '0.2960'}
EarlyStopping counter: 8 out of 10
{'epoch': 102, 'rec_avg_loss': '0.5713', 'rec_cur_loss': '0.5325'}
{'Epoch': 102, 'HIT@5': '0.4578', 'NDCG@5': '0.3069', 'HIT@10': '0.6228', 'NDCG@10': '0.3606', 'HIT@20': '0.7662', 'NDCG@20': '0.3970', 'MRR@5': '0.2958', 'MRR@10': '0.2958', 'MRR@20': '0.2958'}
EarlyStopping counter: 9 out of 10
{'epoch': 103, 'rec_avg_loss': '0.5731', 'rec_cur_loss': '0.5776'}
{'Epoch': 103, 'HIT@5': '0.4661', 'NDCG@5': '0.3121', 'HIT@10': '0.6252', 'NDCG@10': '0.3637', 'HIT@20': '0.7664', 'NDCG@20': '0.3997', 'MRR@5': '0.2990', 'MRR@10': '0.2990', 'MRR@20': '0.2990'}
Validation score increased.  Saving model ...
{'epoch': 104, 'rec_avg_loss': '0.5715', 'rec_cur_loss': '0.5784'}
{'Epoch': 104, 'HIT@5': '0.4593', 'NDCG@5': '0.3070', 'HIT@10': '0.6210', 'NDCG@10': '0.3597', 'HIT@20': '0.7634', 'NDCG@20': '0.3959', 'MRR@5': '0.2951', 'MRR@10': '0.2951', 'MRR@20': '0.2951'}
EarlyStopping counter: 1 out of 10
{'epoch': 105, 'rec_avg_loss': '0.5722', 'rec_cur_loss': '0.5838'}
{'Epoch': 105, 'HIT@5': '0.4550', 'NDCG@5': '0.3041', 'HIT@10': '0.6144', 'NDCG@10': '0.3559', 'HIT@20': '0.7614', 'NDCG@20': '0.3934', 'MRR@5': '0.2926', 'MRR@10': '0.2926', 'MRR@20': '0.2926'}
EarlyStopping counter: 2 out of 10
{'epoch': 106, 'rec_avg_loss': '0.5720', 'rec_cur_loss': '0.5570'}
{'Epoch': 106, 'HIT@5': '0.4614', 'NDCG@5': '0.3100', 'HIT@10': '0.6222', 'NDCG@10': '0.3621', 'HIT@20': '0.7654', 'NDCG@20': '0.3986', 'MRR@5': '0.2980', 'MRR@10': '0.2980', 'MRR@20': '0.2980'}
EarlyStopping counter: 3 out of 10
{'epoch': 107, 'rec_avg_loss': '0.5690', 'rec_cur_loss': '0.5756'}
{'Epoch': 107, 'HIT@5': '0.4621', 'NDCG@5': '0.3110', 'HIT@10': '0.6228', 'NDCG@10': '0.3632', 'HIT@20': '0.7636', 'NDCG@20': '0.3990', 'MRR@5': '0.2990', 'MRR@10': '0.2990', 'MRR@20': '0.2990'}
EarlyStopping counter: 4 out of 10
{'epoch': 108, 'rec_avg_loss': '0.5702', 'rec_cur_loss': '0.5782'}
{'Epoch': 108, 'HIT@5': '0.4616', 'NDCG@5': '0.3099', 'HIT@10': '0.6209', 'NDCG@10': '0.3616', 'HIT@20': '0.7637', 'NDCG@20': '0.3978', 'MRR@5': '0.2975', 'MRR@10': '0.2975', 'MRR@20': '0.2975'}
EarlyStopping counter: 5 out of 10
{'epoch': 109, 'rec_avg_loss': '0.5697', 'rec_cur_loss': '0.5510'}
{'Epoch': 109, 'HIT@5': '0.4623', 'NDCG@5': '0.3095', 'HIT@10': '0.6214', 'NDCG@10': '0.3612', 'HIT@20': '0.7627', 'NDCG@20': '0.3972', 'MRR@5': '0.2970', 'MRR@10': '0.2970', 'MRR@20': '0.2970'}
EarlyStopping counter: 6 out of 10
{'epoch': 110, 'rec_avg_loss': '0.5683', 'rec_cur_loss': '0.5395'}
{'Epoch': 110, 'HIT@5': '0.4642', 'NDCG@5': '0.3117', 'HIT@10': '0.6248', 'NDCG@10': '0.3639', 'HIT@20': '0.7639', 'NDCG@20': '0.3993', 'MRR@5': '0.2993', 'MRR@10': '0.2993', 'MRR@20': '0.2993'}
Validation score increased.  Saving model ...
{'epoch': 111, 'rec_avg_loss': '0.5708', 'rec_cur_loss': '0.5785'}
{'Epoch': 111, 'HIT@5': '0.4604', 'NDCG@5': '0.3097', 'HIT@10': '0.6212', 'NDCG@10': '0.3619', 'HIT@20': '0.7642', 'NDCG@20': '0.3983', 'MRR@5': '0.2981', 'MRR@10': '0.2981', 'MRR@20': '0.2981'}
EarlyStopping counter: 1 out of 10
{'epoch': 112, 'rec_avg_loss': '0.5667', 'rec_cur_loss': '0.5672'}
{'Epoch': 112, 'HIT@5': '0.4671', 'NDCG@5': '0.3135', 'HIT@10': '0.6255', 'NDCG@10': '0.3649', 'HIT@20': '0.7666', 'NDCG@20': '0.4007', 'MRR@5': '0.3003', 'MRR@10': '0.3003', 'MRR@20': '0.3003'}
Validation score increased.  Saving model ...
{'epoch': 113, 'rec_avg_loss': '0.5700', 'rec_cur_loss': '0.5566'}
{'Epoch': 113, 'HIT@5': '0.4613', 'NDCG@5': '0.3098', 'HIT@10': '0.6212', 'NDCG@10': '0.3617', 'HIT@20': '0.7649', 'NDCG@20': '0.3983', 'MRR@5': '0.2978', 'MRR@10': '0.2978', 'MRR@20': '0.2978'}
EarlyStopping counter: 1 out of 10
{'epoch': 114, 'rec_avg_loss': '0.5686', 'rec_cur_loss': '0.5882'}
{'Epoch': 114, 'HIT@5': '0.4654', 'NDCG@5': '0.3129', 'HIT@10': '0.6270', 'NDCG@10': '0.3653', 'HIT@20': '0.7669', 'NDCG@20': '0.4007', 'MRR@5': '0.3002', 'MRR@10': '0.3002', 'MRR@20': '0.3002'}
EarlyStopping counter: 2 out of 10
{'epoch': 115, 'rec_avg_loss': '0.5696', 'rec_cur_loss': '0.5956'}
{'Epoch': 115, 'HIT@5': '0.4618', 'NDCG@5': '0.3084', 'HIT@10': '0.6248', 'NDCG@10': '0.3612', 'HIT@20': '0.7644', 'NDCG@20': '0.3966', 'MRR@5': '0.2957', 'MRR@10': '0.2957', 'MRR@20': '0.2957'}
EarlyStopping counter: 3 out of 10
{'epoch': 116, 'rec_avg_loss': '0.5649', 'rec_cur_loss': '0.5683'}
{'Epoch': 116, 'HIT@5': '0.4667', 'NDCG@5': '0.3141', 'HIT@10': '0.6296', 'NDCG@10': '0.3670', 'HIT@20': '0.7680', 'NDCG@20': '0.4021', 'MRR@5': '0.3016', 'MRR@10': '0.3016', 'MRR@20': '0.3016'}
Validation score increased.  Saving model ...
{'epoch': 117, 'rec_avg_loss': '0.5669', 'rec_cur_loss': '0.5474'}
{'Epoch': 117, 'HIT@5': '0.4608', 'NDCG@5': '0.3097', 'HIT@10': '0.6268', 'NDCG@10': '0.3637', 'HIT@20': '0.7654', 'NDCG@20': '0.3989', 'MRR@5': '0.2983', 'MRR@10': '0.2983', 'MRR@20': '0.2983'}
EarlyStopping counter: 1 out of 10
{'epoch': 118, 'rec_avg_loss': '0.5665', 'rec_cur_loss': '0.5829'}
{'Epoch': 118, 'HIT@5': '0.4672', 'NDCG@5': '0.3132', 'HIT@10': '0.6262', 'NDCG@10': '0.3647', 'HIT@20': '0.7690', 'NDCG@20': '0.4010', 'MRR@5': '0.3000', 'MRR@10': '0.3000', 'MRR@20': '0.3000'}
EarlyStopping counter: 2 out of 10
{'epoch': 119, 'rec_avg_loss': '0.5662', 'rec_cur_loss': '0.5952'}
{'Epoch': 119, 'HIT@5': '0.4679', 'NDCG@5': '0.3135', 'HIT@10': '0.6295', 'NDCG@10': '0.3659', 'HIT@20': '0.7680', 'NDCG@20': '0.4012', 'MRR@5': '0.3003', 'MRR@10': '0.3003', 'MRR@20': '0.3003'}
EarlyStopping counter: 3 out of 10
{'epoch': 120, 'rec_avg_loss': '0.5670', 'rec_cur_loss': '0.5739'}
{'Epoch': 120, 'HIT@5': '0.4659', 'NDCG@5': '0.3127', 'HIT@10': '0.6255', 'NDCG@10': '0.3646', 'HIT@20': '0.7666', 'NDCG@20': '0.4005', 'MRR@5': '0.2999', 'MRR@10': '0.2999', 'MRR@20': '0.2999'}
EarlyStopping counter: 4 out of 10
{'epoch': 121, 'rec_avg_loss': '0.5674', 'rec_cur_loss': '0.5808'}
{'Epoch': 121, 'HIT@5': '0.4684', 'NDCG@5': '0.3151', 'HIT@10': '0.6252', 'NDCG@10': '0.3661', 'HIT@20': '0.7684', 'NDCG@20': '0.4026', 'MRR@5': '0.3021', 'MRR@10': '0.3021', 'MRR@20': '0.3021'}
Validation score increased.  Saving model ...
{'epoch': 122, 'rec_avg_loss': '0.5640', 'rec_cur_loss': '0.5486'}
{'Epoch': 122, 'HIT@5': '0.4664', 'NDCG@5': '0.3137', 'HIT@10': '0.6258', 'NDCG@10': '0.3655', 'HIT@20': '0.7654', 'NDCG@20': '0.4011', 'MRR@5': '0.3010', 'MRR@10': '0.3010', 'MRR@20': '0.3010'}
EarlyStopping counter: 1 out of 10
{'epoch': 123, 'rec_avg_loss': '0.5651', 'rec_cur_loss': '0.5904'}
{'Epoch': 123, 'HIT@5': '0.4677', 'NDCG@5': '0.3148', 'HIT@10': '0.6272', 'NDCG@10': '0.3664', 'HIT@20': '0.7651', 'NDCG@20': '0.4015', 'MRR@5': '0.3017', 'MRR@10': '0.3017', 'MRR@20': '0.3017'}
EarlyStopping counter: 2 out of 10
{'epoch': 124, 'rec_avg_loss': '0.5649', 'rec_cur_loss': '0.5895'}
{'Epoch': 124, 'HIT@5': '0.4700', 'NDCG@5': '0.3160', 'HIT@10': '0.6278', 'NDCG@10': '0.3671', 'HIT@20': '0.7679', 'NDCG@20': '0.4028', 'MRR@5': '0.3025', 'MRR@10': '0.3025', 'MRR@20': '0.3025'}
Validation score increased.  Saving model ...
{'epoch': 125, 'rec_avg_loss': '0.5651', 'rec_cur_loss': '0.5733'}
{'Epoch': 125, 'HIT@5': '0.4677', 'NDCG@5': '0.3145', 'HIT@10': '0.6270', 'NDCG@10': '0.3661', 'HIT@20': '0.7674', 'NDCG@20': '0.4017', 'MRR@5': '0.3013', 'MRR@10': '0.3013', 'MRR@20': '0.3013'}
EarlyStopping counter: 1 out of 10
{'epoch': 126, 'rec_avg_loss': '0.5634', 'rec_cur_loss': '0.5575'}
{'Epoch': 126, 'HIT@5': '0.4699', 'NDCG@5': '0.3160', 'HIT@10': '0.6298', 'NDCG@10': '0.3680', 'HIT@20': '0.7687', 'NDCG@20': '0.4032', 'MRR@5': '0.3027', 'MRR@10': '0.3027', 'MRR@20': '0.3027'}
Validation score increased.  Saving model ...
{'epoch': 127, 'rec_avg_loss': '0.5629', 'rec_cur_loss': '0.5467'}
{'Epoch': 127, 'HIT@5': '0.4656', 'NDCG@5': '0.3136', 'HIT@10': '0.6278', 'NDCG@10': '0.3663', 'HIT@20': '0.7672', 'NDCG@20': '0.4018', 'MRR@5': '0.3013', 'MRR@10': '0.3013', 'MRR@20': '0.3013'}
EarlyStopping counter: 1 out of 10
{'epoch': 128, 'rec_avg_loss': '0.5631', 'rec_cur_loss': '0.5359'}
{'Epoch': 128, 'HIT@5': '0.4699', 'NDCG@5': '0.3166', 'HIT@10': '0.6298', 'NDCG@10': '0.3685', 'HIT@20': '0.7666', 'NDCG@20': '0.4033', 'MRR@5': '0.3035', 'MRR@10': '0.3035', 'MRR@20': '0.3035'}
Validation score increased.  Saving model ...
{'epoch': 129, 'rec_avg_loss': '0.5619', 'rec_cur_loss': '0.5589'}
{'Epoch': 129, 'HIT@5': '0.4733', 'NDCG@5': '0.3187', 'HIT@10': '0.6313', 'NDCG@10': '0.3701', 'HIT@20': '0.7705', 'NDCG@20': '0.4055', 'MRR@5': '0.3050', 'MRR@10': '0.3050', 'MRR@20': '0.3050'}
Validation score increased.  Saving model ...
{'epoch': 130, 'rec_avg_loss': '0.5616', 'rec_cur_loss': '0.5682'}
{'Epoch': 130, 'HIT@5': '0.4714', 'NDCG@5': '0.3174', 'HIT@10': '0.6263', 'NDCG@10': '0.3678', 'HIT@20': '0.7697', 'NDCG@20': '0.4042', 'MRR@5': '0.3037', 'MRR@10': '0.3037', 'MRR@20': '0.3037'}
EarlyStopping counter: 1 out of 10
{'epoch': 131, 'rec_avg_loss': '0.5625', 'rec_cur_loss': '0.5463'}
{'Epoch': 131, 'HIT@5': '0.4712', 'NDCG@5': '0.3167', 'HIT@10': '0.6305', 'NDCG@10': '0.3685', 'HIT@20': '0.7680', 'NDCG@20': '0.4034', 'MRR@5': '0.3030', 'MRR@10': '0.3030', 'MRR@20': '0.3030'}
EarlyStopping counter: 2 out of 10
{'epoch': 132, 'rec_avg_loss': '0.5609', 'rec_cur_loss': '0.5820'}
{'Epoch': 132, 'HIT@5': '0.4737', 'NDCG@5': '0.3175', 'HIT@10': '0.6285', 'NDCG@10': '0.3678', 'HIT@20': '0.7692', 'NDCG@20': '0.4035', 'MRR@5': '0.3029', 'MRR@10': '0.3029', 'MRR@20': '0.3029'}
EarlyStopping counter: 3 out of 10
{'epoch': 133, 'rec_avg_loss': '0.5604', 'rec_cur_loss': '0.5484'}
{'Epoch': 133, 'HIT@5': '0.4725', 'NDCG@5': '0.3172', 'HIT@10': '0.6318', 'NDCG@10': '0.3691', 'HIT@20': '0.7705', 'NDCG@20': '0.4044', 'MRR@5': '0.3034', 'MRR@10': '0.3034', 'MRR@20': '0.3034'}
EarlyStopping counter: 4 out of 10
{'epoch': 134, 'rec_avg_loss': '0.5603', 'rec_cur_loss': '0.5641'}
{'Epoch': 134, 'HIT@5': '0.4735', 'NDCG@5': '0.3170', 'HIT@10': '0.6320', 'NDCG@10': '0.3684', 'HIT@20': '0.7677', 'NDCG@20': '0.4029', 'MRR@5': '0.3025', 'MRR@10': '0.3025', 'MRR@20': '0.3025'}
EarlyStopping counter: 5 out of 10
{'epoch': 135, 'rec_avg_loss': '0.5610', 'rec_cur_loss': '0.5471'}
{'Epoch': 135, 'HIT@5': '0.4727', 'NDCG@5': '0.3177', 'HIT@10': '0.6315', 'NDCG@10': '0.3692', 'HIT@20': '0.7737', 'NDCG@20': '0.4053', 'MRR@5': '0.3038', 'MRR@10': '0.3038', 'MRR@20': '0.3038'}
EarlyStopping counter: 6 out of 10
{'epoch': 136, 'rec_avg_loss': '0.5603', 'rec_cur_loss': '0.5641'}
{'Epoch': 136, 'HIT@5': '0.4737', 'NDCG@5': '0.3190', 'HIT@10': '0.6303', 'NDCG@10': '0.3698', 'HIT@20': '0.7694', 'NDCG@20': '0.4051', 'MRR@5': '0.3049', 'MRR@10': '0.3049', 'MRR@20': '0.3049'}
EarlyStopping counter: 7 out of 10
{'epoch': 137, 'rec_avg_loss': '0.5620', 'rec_cur_loss': '0.5683'}
{'Epoch': 137, 'HIT@5': '0.4714', 'NDCG@5': '0.3180', 'HIT@10': '0.6305', 'NDCG@10': '0.3698', 'HIT@20': '0.7700', 'NDCG@20': '0.4052', 'MRR@5': '0.3048', 'MRR@10': '0.3048', 'MRR@20': '0.3048'}
EarlyStopping counter: 8 out of 10
{'epoch': 138, 'rec_avg_loss': '0.5578', 'rec_cur_loss': '0.5445'}
{'Epoch': 138, 'HIT@5': '0.4742', 'NDCG@5': '0.3192', 'HIT@10': '0.6321', 'NDCG@10': '0.3705', 'HIT@20': '0.7714', 'NDCG@20': '0.4058', 'MRR@5': '0.3051', 'MRR@10': '0.3051', 'MRR@20': '0.3051'}
Validation score increased.  Saving model ...
{'epoch': 139, 'rec_avg_loss': '0.5587', 'rec_cur_loss': '0.5791'}
{'Epoch': 139, 'HIT@5': '0.4705', 'NDCG@5': '0.3157', 'HIT@10': '0.6298', 'NDCG@10': '0.3675', 'HIT@20': '0.7702', 'NDCG@20': '0.4032', 'MRR@5': '0.3021', 'MRR@10': '0.3021', 'MRR@20': '0.3021'}
EarlyStopping counter: 1 out of 10
{'epoch': 140, 'rec_avg_loss': '0.5589', 'rec_cur_loss': '0.5659'}
{'Epoch': 140, 'HIT@5': '0.4719', 'NDCG@5': '0.3176', 'HIT@10': '0.6320', 'NDCG@10': '0.3697', 'HIT@20': '0.7712', 'NDCG@20': '0.4051', 'MRR@5': '0.3043', 'MRR@10': '0.3043', 'MRR@20': '0.3043'}
EarlyStopping counter: 2 out of 10
{'epoch': 141, 'rec_avg_loss': '0.5585', 'rec_cur_loss': '0.5828'}
{'Epoch': 141, 'HIT@5': '0.4727', 'NDCG@5': '0.3163', 'HIT@10': '0.6310', 'NDCG@10': '0.3676', 'HIT@20': '0.7697', 'NDCG@20': '0.4028', 'MRR@5': '0.3018', 'MRR@10': '0.3018', 'MRR@20': '0.3018'}
EarlyStopping counter: 3 out of 10
{'epoch': 142, 'rec_avg_loss': '0.5586', 'rec_cur_loss': '0.5398'}
{'Epoch': 142, 'HIT@5': '0.4727', 'NDCG@5': '0.3182', 'HIT@10': '0.6306', 'NDCG@10': '0.3696', 'HIT@20': '0.7720', 'NDCG@20': '0.4054', 'MRR@5': '0.3046', 'MRR@10': '0.3046', 'MRR@20': '0.3046'}
EarlyStopping counter: 4 out of 10
{'epoch': 143, 'rec_avg_loss': '0.5571', 'rec_cur_loss': '0.5414'}
{'Epoch': 143, 'HIT@5': '0.4724', 'NDCG@5': '0.3178', 'HIT@10': '0.6316', 'NDCG@10': '0.3695', 'HIT@20': '0.7700', 'NDCG@20': '0.4046', 'MRR@5': '0.3040', 'MRR@10': '0.3040', 'MRR@20': '0.3040'}
EarlyStopping counter: 5 out of 10
{'epoch': 144, 'rec_avg_loss': '0.5559', 'rec_cur_loss': '0.5425'}
{'Epoch': 144, 'HIT@5': '0.4728', 'NDCG@5': '0.3171', 'HIT@10': '0.6305', 'NDCG@10': '0.3683', 'HIT@20': '0.7727', 'NDCG@20': '0.4045', 'MRR@5': '0.3031', 'MRR@10': '0.3031', 'MRR@20': '0.3031'}
EarlyStopping counter: 6 out of 10
{'epoch': 145, 'rec_avg_loss': '0.5554', 'rec_cur_loss': '0.5404'}
{'Epoch': 145, 'HIT@5': '0.4733', 'NDCG@5': '0.3174', 'HIT@10': '0.6288', 'NDCG@10': '0.3679', 'HIT@20': '0.7699', 'NDCG@20': '0.4037', 'MRR@5': '0.3029', 'MRR@10': '0.3029', 'MRR@20': '0.3029'}
EarlyStopping counter: 7 out of 10
{'epoch': 146, 'rec_avg_loss': '0.5568', 'rec_cur_loss': '0.5440'}
{'Epoch': 146, 'HIT@5': '0.4757', 'NDCG@5': '0.3194', 'HIT@10': '0.6354', 'NDCG@10': '0.3713', 'HIT@20': '0.7747', 'NDCG@20': '0.4066', 'MRR@5': '0.3051', 'MRR@10': '0.3051', 'MRR@20': '0.3051'}
EarlyStopping counter: 8 out of 10
{'epoch': 147, 'rec_avg_loss': '0.5564', 'rec_cur_loss': '0.5378'}
{'Epoch': 147, 'HIT@5': '0.4752', 'NDCG@5': '0.3211', 'HIT@10': '0.6364', 'NDCG@10': '0.3736', 'HIT@20': '0.7732', 'NDCG@20': '0.4082', 'MRR@5': '0.3076', 'MRR@10': '0.3076', 'MRR@20': '0.3076'}
Validation score increased.  Saving model ...
{'epoch': 148, 'rec_avg_loss': '0.5562', 'rec_cur_loss': '0.5448'}
{'Epoch': 148, 'HIT@5': '0.4745', 'NDCG@5': '0.3186', 'HIT@10': '0.6358', 'NDCG@10': '0.3712', 'HIT@20': '0.7737', 'NDCG@20': '0.4063', 'MRR@5': '0.3049', 'MRR@10': '0.3049', 'MRR@20': '0.3049'}
EarlyStopping counter: 1 out of 10
{'epoch': 149, 'rec_avg_loss': '0.5550', 'rec_cur_loss': '0.5639'}
{'Epoch': 149, 'HIT@5': '0.4783', 'NDCG@5': '0.3210', 'HIT@10': '0.6389', 'NDCG@10': '0.3731', 'HIT@20': '0.7732', 'NDCG@20': '0.4071', 'MRR@5': '0.3061', 'MRR@10': '0.3061', 'MRR@20': '0.3061'}
EarlyStopping counter: 2 out of 10
{'epoch': 150, 'rec_avg_loss': '0.5566', 'rec_cur_loss': '0.5645'}
{'Epoch': 150, 'HIT@5': '0.4722', 'NDCG@5': '0.3170', 'HIT@10': '0.6305', 'NDCG@10': '0.3684', 'HIT@20': '0.7697', 'NDCG@20': '0.4037', 'MRR@5': '0.3029', 'MRR@10': '0.3029', 'MRR@20': '0.3029'}
EarlyStopping counter: 3 out of 10
{'epoch': 151, 'rec_avg_loss': '0.5549', 'rec_cur_loss': '0.5419'}
{'Epoch': 151, 'HIT@5': '0.4767', 'NDCG@5': '0.3214', 'HIT@10': '0.6351', 'NDCG@10': '0.3730', 'HIT@20': '0.7738', 'NDCG@20': '0.4081', 'MRR@5': '0.3073', 'MRR@10': '0.3073', 'MRR@20': '0.3073'}
EarlyStopping counter: 4 out of 10
{'epoch': 152, 'rec_avg_loss': '0.5548', 'rec_cur_loss': '0.5561'}
{'Epoch': 152, 'HIT@5': '0.4816', 'NDCG@5': '0.3245', 'HIT@10': '0.6397', 'NDCG@10': '0.3757', 'HIT@20': '0.7758', 'NDCG@20': '0.4102', 'MRR@5': '0.3093', 'MRR@10': '0.3093', 'MRR@20': '0.3093'}
Validation score increased.  Saving model ...
{'epoch': 153, 'rec_avg_loss': '0.5537', 'rec_cur_loss': '0.5431'}
{'Epoch': 153, 'HIT@5': '0.4781', 'NDCG@5': '0.3240', 'HIT@10': '0.6401', 'NDCG@10': '0.3766', 'HIT@20': '0.7750', 'NDCG@20': '0.4108', 'MRR@5': '0.3103', 'MRR@10': '0.3103', 'MRR@20': '0.3103'}
Validation score increased.  Saving model ...
{'epoch': 154, 'rec_avg_loss': '0.5536', 'rec_cur_loss': '0.5504'}
{'Epoch': 154, 'HIT@5': '0.4815', 'NDCG@5': '0.3250', 'HIT@10': '0.6376', 'NDCG@10': '0.3756', 'HIT@20': '0.7763', 'NDCG@20': '0.4109', 'MRR@5': '0.3100', 'MRR@10': '0.3100', 'MRR@20': '0.3100'}
EarlyStopping counter: 1 out of 10
{'epoch': 155, 'rec_avg_loss': '0.5543', 'rec_cur_loss': '0.5613'}
{'Epoch': 155, 'HIT@5': '0.4828', 'NDCG@5': '0.3263', 'HIT@10': '0.6379', 'NDCG@10': '0.3767', 'HIT@20': '0.7781', 'NDCG@20': '0.4123', 'MRR@5': '0.3112', 'MRR@10': '0.3112', 'MRR@20': '0.3112'}
Validation score increased.  Saving model ...
{'epoch': 156, 'rec_avg_loss': '0.5540', 'rec_cur_loss': '0.5483'}
{'Epoch': 156, 'HIT@5': '0.4810', 'NDCG@5': '0.3237', 'HIT@10': '0.6320', 'NDCG@10': '0.3728', 'HIT@20': '0.7707', 'NDCG@20': '0.4081', 'MRR@5': '0.3081', 'MRR@10': '0.3081', 'MRR@20': '0.3081'}
EarlyStopping counter: 1 out of 10
{'epoch': 157, 'rec_avg_loss': '0.5511', 'rec_cur_loss': '0.5492'}
{'Epoch': 157, 'HIT@5': '0.4846', 'NDCG@5': '0.3270', 'HIT@10': '0.6414', 'NDCG@10': '0.3781', 'HIT@20': '0.7785', 'NDCG@20': '0.4129', 'MRR@5': '0.3118', 'MRR@10': '0.3118', 'MRR@20': '0.3118'}
Validation score increased.  Saving model ...
{'epoch': 158, 'rec_avg_loss': '0.5519', 'rec_cur_loss': '0.5415'}
{'Epoch': 158, 'HIT@5': '0.4768', 'NDCG@5': '0.3212', 'HIT@10': '0.6381', 'NDCG@10': '0.3736', 'HIT@20': '0.7714', 'NDCG@20': '0.4074', 'MRR@5': '0.3070', 'MRR@10': '0.3070', 'MRR@20': '0.3070'}
EarlyStopping counter: 1 out of 10
{'epoch': 159, 'rec_avg_loss': '0.5522', 'rec_cur_loss': '0.5446'}
{'Epoch': 159, 'HIT@5': '0.4826', 'NDCG@5': '0.3260', 'HIT@10': '0.6389', 'NDCG@10': '0.3769', 'HIT@20': '0.7745', 'NDCG@20': '0.4113', 'MRR@5': '0.3110', 'MRR@10': '0.3110', 'MRR@20': '0.3110'}
EarlyStopping counter: 2 out of 10
{'epoch': 160, 'rec_avg_loss': '0.5515', 'rec_cur_loss': '0.5534'}
{'Epoch': 160, 'HIT@5': '0.4813', 'NDCG@5': '0.3266', 'HIT@10': '0.6382', 'NDCG@10': '0.3777', 'HIT@20': '0.7740', 'NDCG@20': '0.4122', 'MRR@5': '0.3124', 'MRR@10': '0.3124', 'MRR@20': '0.3124'}
Validation score increased.  Saving model ...
{'epoch': 161, 'rec_avg_loss': '0.5512', 'rec_cur_loss': '0.5360'}
{'Epoch': 161, 'HIT@5': '0.4826', 'NDCG@5': '0.3265', 'HIT@10': '0.6427', 'NDCG@10': '0.3786', 'HIT@20': '0.7752', 'NDCG@20': '0.4123', 'MRR@5': '0.3121', 'MRR@10': '0.3121', 'MRR@20': '0.3121'}
EarlyStopping counter: 1 out of 10
{'epoch': 162, 'rec_avg_loss': '0.5498', 'rec_cur_loss': '0.5452'}
{'Epoch': 162, 'HIT@5': '0.4808', 'NDCG@5': '0.3259', 'HIT@10': '0.6379', 'NDCG@10': '0.3770', 'HIT@20': '0.7737', 'NDCG@20': '0.4115', 'MRR@5': '0.3116', 'MRR@10': '0.3116', 'MRR@20': '0.3116'}
EarlyStopping counter: 2 out of 10
{'epoch': 163, 'rec_avg_loss': '0.5507', 'rec_cur_loss': '0.5379'}
{'Epoch': 163, 'HIT@5': '0.4783', 'NDCG@5': '0.3244', 'HIT@10': '0.6412', 'NDCG@10': '0.3774', 'HIT@20': '0.7735', 'NDCG@20': '0.4110', 'MRR@5': '0.3110', 'MRR@10': '0.3110', 'MRR@20': '0.3110'}
EarlyStopping counter: 3 out of 10
{'epoch': 164, 'rec_avg_loss': '0.5515', 'rec_cur_loss': '0.5487'}
{'Epoch': 164, 'HIT@5': '0.4838', 'NDCG@5': '0.3264', 'HIT@10': '0.6402', 'NDCG@10': '0.3774', 'HIT@20': '0.7768', 'NDCG@20': '0.4122', 'MRR@5': '0.3114', 'MRR@10': '0.3114', 'MRR@20': '0.3114'}
EarlyStopping counter: 4 out of 10
{'epoch': 165, 'rec_avg_loss': '0.5522', 'rec_cur_loss': '0.5263'}
{'Epoch': 165, 'HIT@5': '0.4873', 'NDCG@5': '0.3295', 'HIT@10': '0.6425', 'NDCG@10': '0.3800', 'HIT@20': '0.7760', 'NDCG@20': '0.4139', 'MRR@5': '0.3138', 'MRR@10': '0.3138', 'MRR@20': '0.3138'}
Validation score increased.  Saving model ...
{'epoch': 166, 'rec_avg_loss': '0.5491', 'rec_cur_loss': '0.5640'}
{'Epoch': 166, 'HIT@5': '0.4906', 'NDCG@5': '0.3331', 'HIT@10': '0.6483', 'NDCG@10': '0.3844', 'HIT@20': '0.7796', 'NDCG@20': '0.4177', 'MRR@5': '0.3175', 'MRR@10': '0.3175', 'MRR@20': '0.3175'}
Validation score increased.  Saving model ...
{'epoch': 167, 'rec_avg_loss': '0.5490', 'rec_cur_loss': '0.5436'}
{'Epoch': 167, 'HIT@5': '0.4868', 'NDCG@5': '0.3299', 'HIT@10': '0.6401', 'NDCG@10': '0.3798', 'HIT@20': '0.7757', 'NDCG@20': '0.4143', 'MRR@5': '0.3145', 'MRR@10': '0.3145', 'MRR@20': '0.3145'}
EarlyStopping counter: 1 out of 10
{'epoch': 168, 'rec_avg_loss': '0.5498', 'rec_cur_loss': '0.5602'}
{'Epoch': 168, 'HIT@5': '0.4861', 'NDCG@5': '0.3284', 'HIT@10': '0.6444', 'NDCG@10': '0.3798', 'HIT@20': '0.7755', 'NDCG@20': '0.4131', 'MRR@5': '0.3129', 'MRR@10': '0.3129', 'MRR@20': '0.3129'}
EarlyStopping counter: 2 out of 10
{'epoch': 169, 'rec_avg_loss': '0.5500', 'rec_cur_loss': '0.5454'}
{'Epoch': 169, 'HIT@5': '0.4861', 'NDCG@5': '0.3293', 'HIT@10': '0.6416', 'NDCG@10': '0.3799', 'HIT@20': '0.7763', 'NDCG@20': '0.4141', 'MRR@5': '0.3141', 'MRR@10': '0.3141', 'MRR@20': '0.3141'}
EarlyStopping counter: 3 out of 10
{'epoch': 170, 'rec_avg_loss': '0.5503', 'rec_cur_loss': '0.5489'}
{'Epoch': 170, 'HIT@5': '0.4902', 'NDCG@5': '0.3306', 'HIT@10': '0.6442', 'NDCG@10': '0.3805', 'HIT@20': '0.7765', 'NDCG@20': '0.4141', 'MRR@5': '0.3139', 'MRR@10': '0.3139', 'MRR@20': '0.3139'}
EarlyStopping counter: 4 out of 10
{'epoch': 171, 'rec_avg_loss': '0.5485', 'rec_cur_loss': '0.5328'}
{'Epoch': 171, 'HIT@5': '0.4864', 'NDCG@5': '0.3285', 'HIT@10': '0.6407', 'NDCG@10': '0.3786', 'HIT@20': '0.7753', 'NDCG@20': '0.4127', 'MRR@5': '0.3126', 'MRR@10': '0.3126', 'MRR@20': '0.3126'}
EarlyStopping counter: 5 out of 10
{'epoch': 172, 'rec_avg_loss': '0.5477', 'rec_cur_loss': '0.5264'}
{'Epoch': 172, 'HIT@5': '0.4851', 'NDCG@5': '0.3269', 'HIT@10': '0.6392', 'NDCG@10': '0.3769', 'HIT@20': '0.7748', 'NDCG@20': '0.4114', 'MRR@5': '0.3109', 'MRR@10': '0.3109', 'MRR@20': '0.3109'}
EarlyStopping counter: 6 out of 10
{'epoch': 173, 'rec_avg_loss': '0.5483', 'rec_cur_loss': '0.5813'}
{'Epoch': 173, 'HIT@5': '0.4912', 'NDCG@5': '0.3329', 'HIT@10': '0.6467', 'NDCG@10': '0.3833', 'HIT@20': '0.7763', 'NDCG@20': '0.4162', 'MRR@5': '0.3167', 'MRR@10': '0.3167', 'MRR@20': '0.3167'}
EarlyStopping counter: 7 out of 10
{'epoch': 174, 'rec_avg_loss': '0.5469', 'rec_cur_loss': '0.5177'}
{'Epoch': 174, 'HIT@5': '0.4859', 'NDCG@5': '0.3285', 'HIT@10': '0.6419', 'NDCG@10': '0.3790', 'HIT@20': '0.7776', 'NDCG@20': '0.4135', 'MRR@5': '0.3129', 'MRR@10': '0.3129', 'MRR@20': '0.3129'}
EarlyStopping counter: 8 out of 10
{'epoch': 175, 'rec_avg_loss': '0.5496', 'rec_cur_loss': '0.5501'}
{'Epoch': 175, 'HIT@5': '0.4884', 'NDCG@5': '0.3301', 'HIT@10': '0.6430', 'NDCG@10': '0.3802', 'HIT@20': '0.7778', 'NDCG@20': '0.4143', 'MRR@5': '0.3139', 'MRR@10': '0.3139', 'MRR@20': '0.3139'}
EarlyStopping counter: 9 out of 10
{'epoch': 176, 'rec_avg_loss': '0.5480', 'rec_cur_loss': '0.5536'}
{'Epoch': 176, 'HIT@5': '0.4884', 'NDCG@5': '0.3307', 'HIT@10': '0.6450', 'NDCG@10': '0.3816', 'HIT@20': '0.7772', 'NDCG@20': '0.4153', 'MRR@5': '0.3152', 'MRR@10': '0.3152', 'MRR@20': '0.3152'}
EarlyStopping counter: 10 out of 10
Early stopping
---------------Sample 99 results-------------------
{'Epoch': 0, 'HIT@5': '0.4586', 'NDCG@5': '0.3103', 'HIT@10': '0.6257', 'NDCG@10': '0.3645', 'HIT@20': '0.7566', 'NDCG@20': '0.3978', 'MRR@5': '0.2995', 'MRR@10': '0.2995', 'MRR@20': '0.2995'}
Finetune_sample-ml-1m-150
{'Epoch': 0, 'HIT@5': '0.4586', 'NDCG@5': '0.3103', 'HIT@10': '0.6257', 'NDCG@10': '0.3645', 'HIT@20': '0.7566', 'NDCG@20': '0.3978', 'MRR@5': '0.2995', 'MRR@10': '0.2995', 'MRR@20': '0.2995'}
