Namespace(adam_beta1=0.9, adam_beta2=0.999, attention_probs_dropout_prob=0.2, batch_size=128, ckp=160, cuda_condition=True, data_dir='./data/', data_file='./data/ml-1m.txt', data_name='ml-1m', do_eval=False, epochs=300, gpu_id='0', hidden_act='gelu', hidden_dropout_prob=0.2, hidden_size=64, initializer_range=0.02, item_size=3418, log_file='output/Finetune_sample-ml-1m-160-pop.txt', log_freq=1, lr=0.001, mask_id=3417, max_seq_length=50, model_name='Finetune_sample', no_cuda=False, num_attention_heads=1, num_hidden_layers=2, output_dir='output/', sample_file='./data/ml-1m_sample.txt', seed=42, weight_decay=0.0)
Total Parameters: 338688
Load Checkpoint From output/ml-1m-epochs-160-pop.pt!
{'epoch': 0, 'rec_avg_loss': '0.7706', 'rec_cur_loss': '0.7404'}
{'Epoch': 0, 'HIT@5': '0.3015', 'NDCG@5': '0.1840', 'HIT@10': '0.4823', 'NDCG@10': '0.2422', 'HIT@20': '0.6714', 'NDCG@20': '0.2901', 'MRR@5': '0.1915', 'MRR@10': '0.1915', 'MRR@20': '0.1915'}
Validation score increased.  Saving model ...
{'epoch': 1, 'rec_avg_loss': '0.6520', 'rec_cur_loss': '0.6076'}
{'Epoch': 1, 'HIT@5': '0.3450', 'NDCG@5': '0.2139', 'HIT@10': '0.5295', 'NDCG@10': '0.2734', 'HIT@20': '0.7175', 'NDCG@20': '0.3210', 'MRR@5': '0.2161', 'MRR@10': '0.2161', 'MRR@20': '0.2161'}
Validation score increased.  Saving model ...
{'epoch': 2, 'rec_avg_loss': '0.6218', 'rec_cur_loss': '0.6682'}
{'Epoch': 2, 'HIT@5': '0.3747', 'NDCG@5': '0.2354', 'HIT@10': '0.5618', 'NDCG@10': '0.2957', 'HIT@20': '0.7361', 'NDCG@20': '0.3401', 'MRR@5': '0.2340', 'MRR@10': '0.2340', 'MRR@20': '0.2340'}
Validation score increased.  Saving model ...
{'epoch': 3, 'rec_avg_loss': '0.6056', 'rec_cur_loss': '0.6145'}
{'Epoch': 3, 'HIT@5': '0.3955', 'NDCG@5': '0.2498', 'HIT@10': '0.5823', 'NDCG@10': '0.3098', 'HIT@20': '0.7460', 'NDCG@20': '0.3516', 'MRR@5': '0.2450', 'MRR@10': '0.2450', 'MRR@20': '0.2450'}
Validation score increased.  Saving model ...
{'epoch': 4, 'rec_avg_loss': '0.5918', 'rec_cur_loss': '0.5953'}
{'Epoch': 4, 'HIT@5': '0.3998', 'NDCG@5': '0.2534', 'HIT@10': '0.5949', 'NDCG@10': '0.3161', 'HIT@20': '0.7505', 'NDCG@20': '0.3557', 'MRR@5': '0.2486', 'MRR@10': '0.2486', 'MRR@20': '0.2486'}
Validation score increased.  Saving model ...
{'epoch': 5, 'rec_avg_loss': '0.5801', 'rec_cur_loss': '0.5425'}
{'Epoch': 5, 'HIT@5': '0.4096', 'NDCG@5': '0.2598', 'HIT@10': '0.5977', 'NDCG@10': '0.3206', 'HIT@20': '0.7576', 'NDCG@20': '0.3613', 'MRR@5': '0.2535', 'MRR@10': '0.2535', 'MRR@20': '0.2535'}
Validation score increased.  Saving model ...
{'epoch': 6, 'rec_avg_loss': '0.5743', 'rec_cur_loss': '0.6102'}
{'Epoch': 6, 'HIT@5': '0.4164', 'NDCG@5': '0.2646', 'HIT@10': '0.6033', 'NDCG@10': '0.3250', 'HIT@20': '0.7583', 'NDCG@20': '0.3644', 'MRR@5': '0.2571', 'MRR@10': '0.2571', 'MRR@20': '0.2571'}
Validation score increased.  Saving model ...
{'epoch': 7, 'rec_avg_loss': '0.5721', 'rec_cur_loss': '0.5542'}
{'Epoch': 7, 'HIT@5': '0.4270', 'NDCG@5': '0.2744', 'HIT@10': '0.6106', 'NDCG@10': '0.3338', 'HIT@20': '0.7626', 'NDCG@20': '0.3724', 'MRR@5': '0.2658', 'MRR@10': '0.2658', 'MRR@20': '0.2658'}
Validation score increased.  Saving model ...
{'epoch': 8, 'rec_avg_loss': '0.5682', 'rec_cur_loss': '0.6199'}
{'Epoch': 8, 'HIT@5': '0.4359', 'NDCG@5': '0.2825', 'HIT@10': '0.6152', 'NDCG@10': '0.3404', 'HIT@20': '0.7646', 'NDCG@20': '0.3784', 'MRR@5': '0.2727', 'MRR@10': '0.2727', 'MRR@20': '0.2727'}
Validation score increased.  Saving model ...
{'epoch': 9, 'rec_avg_loss': '0.5604', 'rec_cur_loss': '0.5588'}
{'Epoch': 9, 'HIT@5': '0.4421', 'NDCG@5': '0.2869', 'HIT@10': '0.6204', 'NDCG@10': '0.3448', 'HIT@20': '0.7695', 'NDCG@20': '0.3827', 'MRR@5': '0.2765', 'MRR@10': '0.2765', 'MRR@20': '0.2765'}
Validation score increased.  Saving model ...
{'epoch': 10, 'rec_avg_loss': '0.5569', 'rec_cur_loss': '0.5487'}
{'Epoch': 10, 'HIT@5': '0.4444', 'NDCG@5': '0.2893', 'HIT@10': '0.6228', 'NDCG@10': '0.3471', 'HIT@20': '0.7677', 'NDCG@20': '0.3840', 'MRR@5': '0.2787', 'MRR@10': '0.2787', 'MRR@20': '0.2787'}
Validation score increased.  Saving model ...
{'epoch': 11, 'rec_avg_loss': '0.5554', 'rec_cur_loss': '0.5816'}
{'Epoch': 11, 'HIT@5': '0.4556', 'NDCG@5': '0.2960', 'HIT@10': '0.6275', 'NDCG@10': '0.3518', 'HIT@20': '0.7700', 'NDCG@20': '0.3881', 'MRR@5': '0.2829', 'MRR@10': '0.2829', 'MRR@20': '0.2829'}
Validation score increased.  Saving model ...
{'epoch': 12, 'rec_avg_loss': '0.5494', 'rec_cur_loss': '0.5005'}
{'Epoch': 12, 'HIT@5': '0.4500', 'NDCG@5': '0.2925', 'HIT@10': '0.6228', 'NDCG@10': '0.3485', 'HIT@20': '0.7712', 'NDCG@20': '0.3862', 'MRR@5': '0.2805', 'MRR@10': '0.2805', 'MRR@20': '0.2805'}
EarlyStopping counter: 1 out of 10
{'epoch': 13, 'rec_avg_loss': '0.5495', 'rec_cur_loss': '0.5806'}
{'Epoch': 13, 'HIT@5': '0.4545', 'NDCG@5': '0.2957', 'HIT@10': '0.6273', 'NDCG@10': '0.3517', 'HIT@20': '0.7714', 'NDCG@20': '0.3883', 'MRR@5': '0.2830', 'MRR@10': '0.2830', 'MRR@20': '0.2830'}
Validation score increased.  Saving model ...
{'epoch': 14, 'rec_avg_loss': '0.5469', 'rec_cur_loss': '0.5854'}
{'Epoch': 14, 'HIT@5': '0.4579', 'NDCG@5': '0.2993', 'HIT@10': '0.6311', 'NDCG@10': '0.3555', 'HIT@20': '0.7727', 'NDCG@20': '0.3915', 'MRR@5': '0.2865', 'MRR@10': '0.2865', 'MRR@20': '0.2865'}
Validation score increased.  Saving model ...
{'epoch': 15, 'rec_avg_loss': '0.5404', 'rec_cur_loss': '0.5032'}
{'Epoch': 15, 'HIT@5': '0.4588', 'NDCG@5': '0.2984', 'HIT@10': '0.6258', 'NDCG@10': '0.3525', 'HIT@20': '0.7727', 'NDCG@20': '0.3900', 'MRR@5': '0.2846', 'MRR@10': '0.2846', 'MRR@20': '0.2846'}
EarlyStopping counter: 1 out of 10
{'epoch': 16, 'rec_avg_loss': '0.5404', 'rec_cur_loss': '0.5485'}
{'Epoch': 16, 'HIT@5': '0.4661', 'NDCG@5': '0.3061', 'HIT@10': '0.6353', 'NDCG@10': '0.3611', 'HIT@20': '0.7737', 'NDCG@20': '0.3964', 'MRR@5': '0.2922', 'MRR@10': '0.2922', 'MRR@20': '0.2922'}
Validation score increased.  Saving model ...
{'epoch': 17, 'rec_avg_loss': '0.5397', 'rec_cur_loss': '0.5640'}
{'Epoch': 17, 'HIT@5': '0.4641', 'NDCG@5': '0.3054', 'HIT@10': '0.6323', 'NDCG@10': '0.3601', 'HIT@20': '0.7745', 'NDCG@20': '0.3963', 'MRR@5': '0.2920', 'MRR@10': '0.2920', 'MRR@20': '0.2920'}
EarlyStopping counter: 1 out of 10
{'epoch': 18, 'rec_avg_loss': '0.5353', 'rec_cur_loss': '0.4168'}
{'Epoch': 18, 'HIT@5': '0.4603', 'NDCG@5': '0.3023', 'HIT@10': '0.6310', 'NDCG@10': '0.3577', 'HIT@20': '0.7728', 'NDCG@20': '0.3938', 'MRR@5': '0.2894', 'MRR@10': '0.2894', 'MRR@20': '0.2894'}
EarlyStopping counter: 2 out of 10
{'epoch': 19, 'rec_avg_loss': '0.5349', 'rec_cur_loss': '0.5450'}
{'Epoch': 19, 'HIT@5': '0.4675', 'NDCG@5': '0.3057', 'HIT@10': '0.6346', 'NDCG@10': '0.3598', 'HIT@20': '0.7720', 'NDCG@20': '0.3948', 'MRR@5': '0.2907', 'MRR@10': '0.2907', 'MRR@20': '0.2907'}
EarlyStopping counter: 3 out of 10
{'epoch': 20, 'rec_avg_loss': '0.5316', 'rec_cur_loss': '0.5013'}
{'Epoch': 20, 'HIT@5': '0.4699', 'NDCG@5': '0.3088', 'HIT@10': '0.6386', 'NDCG@10': '0.3636', 'HIT@20': '0.7753', 'NDCG@20': '0.3983', 'MRR@5': '0.2941', 'MRR@10': '0.2941', 'MRR@20': '0.2941'}
Validation score increased.  Saving model ...
{'epoch': 21, 'rec_avg_loss': '0.5309', 'rec_cur_loss': '0.5240'}
{'Epoch': 21, 'HIT@5': '0.4705', 'NDCG@5': '0.3070', 'HIT@10': '0.6402', 'NDCG@10': '0.3619', 'HIT@20': '0.7772', 'NDCG@20': '0.3967', 'MRR@5': '0.2915', 'MRR@10': '0.2915', 'MRR@20': '0.2915'}
EarlyStopping counter: 1 out of 10
{'epoch': 22, 'rec_avg_loss': '0.5296', 'rec_cur_loss': '0.6230'}
{'Epoch': 22, 'HIT@5': '0.4710', 'NDCG@5': '0.3091', 'HIT@10': '0.6417', 'NDCG@10': '0.3645', 'HIT@20': '0.7760', 'NDCG@20': '0.3988', 'MRR@5': '0.2943', 'MRR@10': '0.2943', 'MRR@20': '0.2943'}
Validation score increased.  Saving model ...
{'epoch': 23, 'rec_avg_loss': '0.5272', 'rec_cur_loss': '0.5063'}
{'Epoch': 23, 'HIT@5': '0.4753', 'NDCG@5': '0.3109', 'HIT@10': '0.6437', 'NDCG@10': '0.3654', 'HIT@20': '0.7772', 'NDCG@20': '0.3993', 'MRR@5': '0.2946', 'MRR@10': '0.2946', 'MRR@20': '0.2946'}
Validation score increased.  Saving model ...
{'epoch': 24, 'rec_avg_loss': '0.5265', 'rec_cur_loss': '0.5356'}
{'Epoch': 24, 'HIT@5': '0.4786', 'NDCG@5': '0.3157', 'HIT@10': '0.6487', 'NDCG@10': '0.3709', 'HIT@20': '0.7813', 'NDCG@20': '0.4046', 'MRR@5': '0.3001', 'MRR@10': '0.3001', 'MRR@20': '0.3001'}
Validation score increased.  Saving model ...
{'epoch': 25, 'rec_avg_loss': '0.5256', 'rec_cur_loss': '0.5468'}
{'Epoch': 25, 'HIT@5': '0.4848', 'NDCG@5': '0.3203', 'HIT@10': '0.6467', 'NDCG@10': '0.3728', 'HIT@20': '0.7795', 'NDCG@20': '0.4066', 'MRR@5': '0.3030', 'MRR@10': '0.3030', 'MRR@20': '0.3030'}
Validation score increased.  Saving model ...
{'epoch': 26, 'rec_avg_loss': '0.5210', 'rec_cur_loss': '0.4487'}
{'Epoch': 26, 'HIT@5': '0.4818', 'NDCG@5': '0.3195', 'HIT@10': '0.6432', 'NDCG@10': '0.3717', 'HIT@20': '0.7773', 'NDCG@20': '0.4059', 'MRR@5': '0.3031', 'MRR@10': '0.3031', 'MRR@20': '0.3031'}
Validation score increased.  Saving model ...
{'epoch': 27, 'rec_avg_loss': '0.5211', 'rec_cur_loss': '0.5012'}
{'Epoch': 27, 'HIT@5': '0.4801', 'NDCG@5': '0.3192', 'HIT@10': '0.6439', 'NDCG@10': '0.3724', 'HIT@20': '0.7788', 'NDCG@20': '0.4068', 'MRR@5': '0.3038', 'MRR@10': '0.3038', 'MRR@20': '0.3038'}
Validation score increased.  Saving model ...
{'epoch': 28, 'rec_avg_loss': '0.5193', 'rec_cur_loss': '0.4916'}
{'Epoch': 28, 'HIT@5': '0.4813', 'NDCG@5': '0.3195', 'HIT@10': '0.6488', 'NDCG@10': '0.3739', 'HIT@20': '0.7796', 'NDCG@20': '0.4071', 'MRR@5': '0.3039', 'MRR@10': '0.3039', 'MRR@20': '0.3039'}
Validation score increased.  Saving model ...
{'epoch': 29, 'rec_avg_loss': '0.5153', 'rec_cur_loss': '0.4981'}
{'Epoch': 29, 'HIT@5': '0.4810', 'NDCG@5': '0.3192', 'HIT@10': '0.6474', 'NDCG@10': '0.3730', 'HIT@20': '0.7801', 'NDCG@20': '0.4068', 'MRR@5': '0.3033', 'MRR@10': '0.3033', 'MRR@20': '0.3033'}
EarlyStopping counter: 1 out of 10
{'epoch': 30, 'rec_avg_loss': '0.5180', 'rec_cur_loss': '0.5438'}
{'Epoch': 30, 'HIT@5': '0.4853', 'NDCG@5': '0.3217', 'HIT@10': '0.6477', 'NDCG@10': '0.3744', 'HIT@20': '0.7816', 'NDCG@20': '0.4085', 'MRR@5': '0.3050', 'MRR@10': '0.3050', 'MRR@20': '0.3050'}
Validation score increased.  Saving model ...
{'epoch': 31, 'rec_avg_loss': '0.5171', 'rec_cur_loss': '0.5450'}
{'Epoch': 31, 'HIT@5': '0.4904', 'NDCG@5': '0.3266', 'HIT@10': '0.6550', 'NDCG@10': '0.3798', 'HIT@20': '0.7815', 'NDCG@20': '0.4119', 'MRR@5': '0.3093', 'MRR@10': '0.3093', 'MRR@20': '0.3093'}
Validation score increased.  Saving model ...
{'epoch': 32, 'rec_avg_loss': '0.5138', 'rec_cur_loss': '0.4463'}
{'Epoch': 32, 'HIT@5': '0.4876', 'NDCG@5': '0.3233', 'HIT@10': '0.6483', 'NDCG@10': '0.3756', 'HIT@20': '0.7816', 'NDCG@20': '0.4096', 'MRR@5': '0.3063', 'MRR@10': '0.3063', 'MRR@20': '0.3063'}
EarlyStopping counter: 1 out of 10
{'epoch': 33, 'rec_avg_loss': '0.5136', 'rec_cur_loss': '0.5210'}
{'Epoch': 33, 'HIT@5': '0.4876', 'NDCG@5': '0.3249', 'HIT@10': '0.6508', 'NDCG@10': '0.3778', 'HIT@20': '0.7798', 'NDCG@20': '0.4106', 'MRR@5': '0.3082', 'MRR@10': '0.3082', 'MRR@20': '0.3082'}
EarlyStopping counter: 2 out of 10
{'epoch': 34, 'rec_avg_loss': '0.5124', 'rec_cur_loss': '0.5017'}
{'Epoch': 34, 'HIT@5': '0.4909', 'NDCG@5': '0.3287', 'HIT@10': '0.6503', 'NDCG@10': '0.3804', 'HIT@20': '0.7811', 'NDCG@20': '0.4138', 'MRR@5': '0.3119', 'MRR@10': '0.3119', 'MRR@20': '0.3119'}
Validation score increased.  Saving model ...
{'epoch': 35, 'rec_avg_loss': '0.5100', 'rec_cur_loss': '0.5085'}
{'Epoch': 35, 'HIT@5': '0.4858', 'NDCG@5': '0.3238', 'HIT@10': '0.6535', 'NDCG@10': '0.3782', 'HIT@20': '0.7805', 'NDCG@20': '0.4105', 'MRR@5': '0.3079', 'MRR@10': '0.3079', 'MRR@20': '0.3079'}
EarlyStopping counter: 1 out of 10
{'epoch': 36, 'rec_avg_loss': '0.5118', 'rec_cur_loss': '0.4678'}
{'Epoch': 36, 'HIT@5': '0.4927', 'NDCG@5': '0.3284', 'HIT@10': '0.6531', 'NDCG@10': '0.3801', 'HIT@20': '0.7816', 'NDCG@20': '0.4128', 'MRR@5': '0.3104', 'MRR@10': '0.3104', 'MRR@20': '0.3104'}
EarlyStopping counter: 2 out of 10
{'epoch': 37, 'rec_avg_loss': '0.5108', 'rec_cur_loss': '0.5660'}
{'Epoch': 37, 'HIT@5': '0.4937', 'NDCG@5': '0.3304', 'HIT@10': '0.6568', 'NDCG@10': '0.3831', 'HIT@20': '0.7854', 'NDCG@20': '0.4158', 'MRR@5': '0.3130', 'MRR@10': '0.3130', 'MRR@20': '0.3130'}
Validation score increased.  Saving model ...
{'epoch': 38, 'rec_avg_loss': '0.5063', 'rec_cur_loss': '0.4339'}
{'Epoch': 38, 'HIT@5': '0.4887', 'NDCG@5': '0.3264', 'HIT@10': '0.6505', 'NDCG@10': '0.3788', 'HIT@20': '0.7831', 'NDCG@20': '0.4125', 'MRR@5': '0.3096', 'MRR@10': '0.3096', 'MRR@20': '0.3096'}
EarlyStopping counter: 1 out of 10
{'epoch': 39, 'rec_avg_loss': '0.5088', 'rec_cur_loss': '0.4895'}
{'Epoch': 39, 'HIT@5': '0.4899', 'NDCG@5': '0.3257', 'HIT@10': '0.6518', 'NDCG@10': '0.3783', 'HIT@20': '0.7805', 'NDCG@20': '0.4110', 'MRR@5': '0.3084', 'MRR@10': '0.3084', 'MRR@20': '0.3084'}
EarlyStopping counter: 2 out of 10
{'epoch': 40, 'rec_avg_loss': '0.5051', 'rec_cur_loss': '0.4826'}
{'Epoch': 40, 'HIT@5': '0.4947', 'NDCG@5': '0.3291', 'HIT@10': '0.6571', 'NDCG@10': '0.3816', 'HIT@20': '0.7816', 'NDCG@20': '0.4133', 'MRR@5': '0.3109', 'MRR@10': '0.3109', 'MRR@20': '0.3109'}
EarlyStopping counter: 3 out of 10
{'epoch': 41, 'rec_avg_loss': '0.5035', 'rec_cur_loss': '0.4617'}
{'Epoch': 41, 'HIT@5': '0.4917', 'NDCG@5': '0.3281', 'HIT@10': '0.6546', 'NDCG@10': '0.3807', 'HIT@20': '0.7821', 'NDCG@20': '0.4131', 'MRR@5': '0.3106', 'MRR@10': '0.3106', 'MRR@20': '0.3106'}
EarlyStopping counter: 4 out of 10
{'epoch': 42, 'rec_avg_loss': '0.5043', 'rec_cur_loss': '0.5251'}
{'Epoch': 42, 'HIT@5': '0.4907', 'NDCG@5': '0.3266', 'HIT@10': '0.6563', 'NDCG@10': '0.3802', 'HIT@20': '0.7848', 'NDCG@20': '0.4128', 'MRR@5': '0.3094', 'MRR@10': '0.3094', 'MRR@20': '0.3094'}
EarlyStopping counter: 5 out of 10
{'epoch': 43, 'rec_avg_loss': '0.5043', 'rec_cur_loss': '0.5066'}
{'Epoch': 43, 'HIT@5': '0.4955', 'NDCG@5': '0.3321', 'HIT@10': '0.6584', 'NDCG@10': '0.3848', 'HIT@20': '0.7834', 'NDCG@20': '0.4167', 'MRR@5': '0.3147', 'MRR@10': '0.3147', 'MRR@20': '0.3147'}
Validation score increased.  Saving model ...
{'epoch': 44, 'rec_avg_loss': '0.5025', 'rec_cur_loss': '0.5511'}
{'Epoch': 44, 'HIT@5': '0.4940', 'NDCG@5': '0.3323', 'HIT@10': '0.6553', 'NDCG@10': '0.3845', 'HIT@20': '0.7846', 'NDCG@20': '0.4173', 'MRR@5': '0.3155', 'MRR@10': '0.3155', 'MRR@20': '0.3155'}
Validation score increased.  Saving model ...
{'epoch': 45, 'rec_avg_loss': '0.5016', 'rec_cur_loss': '0.5083'}
{'Epoch': 45, 'HIT@5': '0.4944', 'NDCG@5': '0.3302', 'HIT@10': '0.6599', 'NDCG@10': '0.3838', 'HIT@20': '0.7841', 'NDCG@20': '0.4153', 'MRR@5': '0.3128', 'MRR@10': '0.3128', 'MRR@20': '0.3128'}
EarlyStopping counter: 1 out of 10
{'epoch': 46, 'rec_avg_loss': '0.5026', 'rec_cur_loss': '0.5343'}
{'Epoch': 46, 'HIT@5': '0.4997', 'NDCG@5': '0.3377', 'HIT@10': '0.6619', 'NDCG@10': '0.3903', 'HIT@20': '0.7864', 'NDCG@20': '0.4219', 'MRR@5': '0.3205', 'MRR@10': '0.3205', 'MRR@20': '0.3205'}
Validation score increased.  Saving model ...
{'epoch': 47, 'rec_avg_loss': '0.5007', 'rec_cur_loss': '0.4795'}
{'Epoch': 47, 'HIT@5': '0.5050', 'NDCG@5': '0.3385', 'HIT@10': '0.6646', 'NDCG@10': '0.3903', 'HIT@20': '0.7896', 'NDCG@20': '0.4220', 'MRR@5': '0.3195', 'MRR@10': '0.3195', 'MRR@20': '0.3195'}
EarlyStopping counter: 1 out of 10
{'epoch': 48, 'rec_avg_loss': '0.4971', 'rec_cur_loss': '0.4975'}
{'Epoch': 48, 'HIT@5': '0.4978', 'NDCG@5': '0.3359', 'HIT@10': '0.6598', 'NDCG@10': '0.3885', 'HIT@20': '0.7848', 'NDCG@20': '0.4203', 'MRR@5': '0.3189', 'MRR@10': '0.3189', 'MRR@20': '0.3189'}
EarlyStopping counter: 2 out of 10
{'epoch': 49, 'rec_avg_loss': '0.4967', 'rec_cur_loss': '0.4556'}
{'Epoch': 49, 'HIT@5': '0.5025', 'NDCG@5': '0.3374', 'HIT@10': '0.6624', 'NDCG@10': '0.3893', 'HIT@20': '0.7877', 'NDCG@20': '0.4211', 'MRR@5': '0.3190', 'MRR@10': '0.3190', 'MRR@20': '0.3190'}
EarlyStopping counter: 3 out of 10
{'epoch': 50, 'rec_avg_loss': '0.4968', 'rec_cur_loss': '0.4969'}
{'Epoch': 50, 'HIT@5': '0.5043', 'NDCG@5': '0.3400', 'HIT@10': '0.6637', 'NDCG@10': '0.3915', 'HIT@20': '0.7886', 'NDCG@20': '0.4231', 'MRR@5': '0.3213', 'MRR@10': '0.3213', 'MRR@20': '0.3213'}
Validation score increased.  Saving model ...
{'epoch': 51, 'rec_avg_loss': '0.4955', 'rec_cur_loss': '0.4765'}
{'Epoch': 51, 'HIT@5': '0.5025', 'NDCG@5': '0.3390', 'HIT@10': '0.6601', 'NDCG@10': '0.3901', 'HIT@20': '0.7861', 'NDCG@20': '0.4221', 'MRR@5': '0.3208', 'MRR@10': '0.3208', 'MRR@20': '0.3208'}
EarlyStopping counter: 1 out of 10
{'epoch': 52, 'rec_avg_loss': '0.4954', 'rec_cur_loss': '0.4997'}
{'Epoch': 52, 'HIT@5': '0.5055', 'NDCG@5': '0.3415', 'HIT@10': '0.6616', 'NDCG@10': '0.3921', 'HIT@20': '0.7868', 'NDCG@20': '0.4238', 'MRR@5': '0.3229', 'MRR@10': '0.3229', 'MRR@20': '0.3229'}
Validation score increased.  Saving model ...
{'epoch': 53, 'rec_avg_loss': '0.4943', 'rec_cur_loss': '0.5414'}
{'Epoch': 53, 'HIT@5': '0.5026', 'NDCG@5': '0.3397', 'HIT@10': '0.6636', 'NDCG@10': '0.3918', 'HIT@20': '0.7889', 'NDCG@20': '0.4236', 'MRR@5': '0.3219', 'MRR@10': '0.3219', 'MRR@20': '0.3219'}
EarlyStopping counter: 1 out of 10
{'epoch': 54, 'rec_avg_loss': '0.4925', 'rec_cur_loss': '0.4739'}
{'Epoch': 54, 'HIT@5': '0.5008', 'NDCG@5': '0.3380', 'HIT@10': '0.6664', 'NDCG@10': '0.3917', 'HIT@20': '0.7886', 'NDCG@20': '0.4228', 'MRR@5': '0.3209', 'MRR@10': '0.3209', 'MRR@20': '0.3209'}
EarlyStopping counter: 2 out of 10
{'epoch': 55, 'rec_avg_loss': '0.4934', 'rec_cur_loss': '0.4881'}
{'Epoch': 55, 'HIT@5': '0.5093', 'NDCG@5': '0.3463', 'HIT@10': '0.6626', 'NDCG@10': '0.3960', 'HIT@20': '0.7894', 'NDCG@20': '0.4283', 'MRR@5': '0.3277', 'MRR@10': '0.3277', 'MRR@20': '0.3277'}
Validation score increased.  Saving model ...
{'epoch': 56, 'rec_avg_loss': '0.4922', 'rec_cur_loss': '0.5369'}
{'Epoch': 56, 'HIT@5': '0.5083', 'NDCG@5': '0.3461', 'HIT@10': '0.6671', 'NDCG@10': '0.3976', 'HIT@20': '0.7871', 'NDCG@20': '0.4281', 'MRR@5': '0.3280', 'MRR@10': '0.3280', 'MRR@20': '0.3280'}
Validation score increased.  Saving model ...
{'epoch': 57, 'rec_avg_loss': '0.4911', 'rec_cur_loss': '0.4852'}
{'Epoch': 57, 'HIT@5': '0.5086', 'NDCG@5': '0.3455', 'HIT@10': '0.6679', 'NDCG@10': '0.3972', 'HIT@20': '0.7921', 'NDCG@20': '0.4287', 'MRR@5': '0.3273', 'MRR@10': '0.3273', 'MRR@20': '0.3273'}
EarlyStopping counter: 1 out of 10
{'epoch': 58, 'rec_avg_loss': '0.4916', 'rec_cur_loss': '0.5428'}
{'Epoch': 58, 'HIT@5': '0.5091', 'NDCG@5': '0.3457', 'HIT@10': '0.6715', 'NDCG@10': '0.3985', 'HIT@20': '0.7930', 'NDCG@20': '0.4293', 'MRR@5': '0.3276', 'MRR@10': '0.3276', 'MRR@20': '0.3276'}
EarlyStopping counter: 2 out of 10
{'epoch': 59, 'rec_avg_loss': '0.4893', 'rec_cur_loss': '0.4267'}
{'Epoch': 59, 'HIT@5': '0.5152', 'NDCG@5': '0.3500', 'HIT@10': '0.6709', 'NDCG@10': '0.4004', 'HIT@20': '0.7939', 'NDCG@20': '0.4315', 'MRR@5': '0.3304', 'MRR@10': '0.3304', 'MRR@20': '0.3304'}
Validation score increased.  Saving model ...
{'epoch': 60, 'rec_avg_loss': '0.4893', 'rec_cur_loss': '0.5365'}
{'Epoch': 60, 'HIT@5': '0.5065', 'NDCG@5': '0.3432', 'HIT@10': '0.6613', 'NDCG@10': '0.3935', 'HIT@20': '0.7886', 'NDCG@20': '0.4258', 'MRR@5': '0.3247', 'MRR@10': '0.3247', 'MRR@20': '0.3247'}
EarlyStopping counter: 1 out of 10
{'epoch': 61, 'rec_avg_loss': '0.4856', 'rec_cur_loss': '0.4621'}
{'Epoch': 61, 'HIT@5': '0.5162', 'NDCG@5': '0.3515', 'HIT@10': '0.6667', 'NDCG@10': '0.4002', 'HIT@20': '0.7930', 'NDCG@20': '0.4322', 'MRR@5': '0.3316', 'MRR@10': '0.3316', 'MRR@20': '0.3316'}
Validation score increased.  Saving model ...
{'epoch': 62, 'rec_avg_loss': '0.4847', 'rec_cur_loss': '0.3872'}
{'Epoch': 62, 'HIT@5': '0.5108', 'NDCG@5': '0.3444', 'HIT@10': '0.6654', 'NDCG@10': '0.3946', 'HIT@20': '0.7907', 'NDCG@20': '0.4264', 'MRR@5': '0.3247', 'MRR@10': '0.3247', 'MRR@20': '0.3247'}
EarlyStopping counter: 1 out of 10
{'epoch': 63, 'rec_avg_loss': '0.4870', 'rec_cur_loss': '0.5330'}
{'Epoch': 63, 'HIT@5': '0.5131', 'NDCG@5': '0.3481', 'HIT@10': '0.6636', 'NDCG@10': '0.3970', 'HIT@20': '0.7912', 'NDCG@20': '0.4294', 'MRR@5': '0.3285', 'MRR@10': '0.3285', 'MRR@20': '0.3285'}
EarlyStopping counter: 2 out of 10
{'epoch': 64, 'rec_avg_loss': '0.4860', 'rec_cur_loss': '0.4896'}
{'Epoch': 64, 'HIT@5': '0.5179', 'NDCG@5': '0.3524', 'HIT@10': '0.6705', 'NDCG@10': '0.4019', 'HIT@20': '0.7924', 'NDCG@20': '0.4329', 'MRR@5': '0.3325', 'MRR@10': '0.3325', 'MRR@20': '0.3325'}
Validation score increased.  Saving model ...
{'epoch': 65, 'rec_avg_loss': '0.4858', 'rec_cur_loss': '0.6155'}
{'Epoch': 65, 'HIT@5': '0.5065', 'NDCG@5': '0.3450', 'HIT@10': '0.6563', 'NDCG@10': '0.3936', 'HIT@20': '0.7896', 'NDCG@20': '0.4275', 'MRR@5': '0.3268', 'MRR@10': '0.3268', 'MRR@20': '0.3268'}
EarlyStopping counter: 1 out of 10
{'epoch': 66, 'rec_avg_loss': '0.4862', 'rec_cur_loss': '0.4832'}
{'Epoch': 66, 'HIT@5': '0.5171', 'NDCG@5': '0.3547', 'HIT@10': '0.6684', 'NDCG@10': '0.4038', 'HIT@20': '0.7909', 'NDCG@20': '0.4349', 'MRR@5': '0.3356', 'MRR@10': '0.3356', 'MRR@20': '0.3356'}
Validation score increased.  Saving model ...
{'epoch': 67, 'rec_avg_loss': '0.4808', 'rec_cur_loss': '0.4712'}
{'Epoch': 67, 'HIT@5': '0.5166', 'NDCG@5': '0.3501', 'HIT@10': '0.6667', 'NDCG@10': '0.3988', 'HIT@20': '0.7907', 'NDCG@20': '0.4303', 'MRR@5': '0.3297', 'MRR@10': '0.3297', 'MRR@20': '0.3297'}
EarlyStopping counter: 1 out of 10
{'epoch': 68, 'rec_avg_loss': '0.4817', 'rec_cur_loss': '0.4785'}
{'Epoch': 68, 'HIT@5': '0.5127', 'NDCG@5': '0.3514', 'HIT@10': '0.6667', 'NDCG@10': '0.4015', 'HIT@20': '0.7916', 'NDCG@20': '0.4332', 'MRR@5': '0.3333', 'MRR@10': '0.3333', 'MRR@20': '0.3333'}
EarlyStopping counter: 2 out of 10
{'epoch': 69, 'rec_avg_loss': '0.4835', 'rec_cur_loss': '0.5036'}
{'Epoch': 69, 'HIT@5': '0.5114', 'NDCG@5': '0.3472', 'HIT@10': '0.6619', 'NDCG@10': '0.3962', 'HIT@20': '0.7916', 'NDCG@20': '0.4291', 'MRR@5': '0.3279', 'MRR@10': '0.3279', 'MRR@20': '0.3279'}
EarlyStopping counter: 3 out of 10
{'epoch': 70, 'rec_avg_loss': '0.4817', 'rec_cur_loss': '0.4920'}
{'Epoch': 70, 'HIT@5': '0.5184', 'NDCG@5': '0.3532', 'HIT@10': '0.6680', 'NDCG@10': '0.4017', 'HIT@20': '0.7937', 'NDCG@20': '0.4337', 'MRR@5': '0.3331', 'MRR@10': '0.3331', 'MRR@20': '0.3331'}
EarlyStopping counter: 4 out of 10
{'epoch': 71, 'rec_avg_loss': '0.4786', 'rec_cur_loss': '0.4532'}
{'Epoch': 71, 'HIT@5': '0.5187', 'NDCG@5': '0.3526', 'HIT@10': '0.6690', 'NDCG@10': '0.4014', 'HIT@20': '0.7919', 'NDCG@20': '0.4326', 'MRR@5': '0.3322', 'MRR@10': '0.3322', 'MRR@20': '0.3322'}
EarlyStopping counter: 5 out of 10
{'epoch': 72, 'rec_avg_loss': '0.4810', 'rec_cur_loss': '0.4973'}
{'Epoch': 72, 'HIT@5': '0.5207', 'NDCG@5': '0.3533', 'HIT@10': '0.6705', 'NDCG@10': '0.4020', 'HIT@20': '0.7921', 'NDCG@20': '0.4328', 'MRR@5': '0.3323', 'MRR@10': '0.3323', 'MRR@20': '0.3323'}
EarlyStopping counter: 6 out of 10
{'epoch': 73, 'rec_avg_loss': '0.4794', 'rec_cur_loss': '0.4853'}
{'Epoch': 73, 'HIT@5': '0.5214', 'NDCG@5': '0.3561', 'HIT@10': '0.6695', 'NDCG@10': '0.4043', 'HIT@20': '0.7912', 'NDCG@20': '0.4352', 'MRR@5': '0.3357', 'MRR@10': '0.3357', 'MRR@20': '0.3357'}
Validation score increased.  Saving model ...
{'epoch': 74, 'rec_avg_loss': '0.4802', 'rec_cur_loss': '0.5539'}
{'Epoch': 74, 'HIT@5': '0.5228', 'NDCG@5': '0.3557', 'HIT@10': '0.6704', 'NDCG@10': '0.4037', 'HIT@20': '0.7930', 'NDCG@20': '0.4349', 'MRR@5': '0.3347', 'MRR@10': '0.3347', 'MRR@20': '0.3347'}
EarlyStopping counter: 1 out of 10
{'epoch': 75, 'rec_avg_loss': '0.4772', 'rec_cur_loss': '0.4926'}
{'Epoch': 75, 'HIT@5': '0.5235', 'NDCG@5': '0.3592', 'HIT@10': '0.6707', 'NDCG@10': '0.4070', 'HIT@20': '0.7930', 'NDCG@20': '0.4381', 'MRR@5': '0.3389', 'MRR@10': '0.3389', 'MRR@20': '0.3389'}
Validation score increased.  Saving model ...
{'epoch': 76, 'rec_avg_loss': '0.4739', 'rec_cur_loss': '0.4742'}
{'Epoch': 76, 'HIT@5': '0.5214', 'NDCG@5': '0.3567', 'HIT@10': '0.6757', 'NDCG@10': '0.4068', 'HIT@20': '0.7935', 'NDCG@20': '0.4366', 'MRR@5': '0.3367', 'MRR@10': '0.3367', 'MRR@20': '0.3367'}
EarlyStopping counter: 1 out of 10
{'epoch': 77, 'rec_avg_loss': '0.4743', 'rec_cur_loss': '0.4905'}
{'Epoch': 77, 'HIT@5': '0.5119', 'NDCG@5': '0.3502', 'HIT@10': '0.6699', 'NDCG@10': '0.4016', 'HIT@20': '0.7929', 'NDCG@20': '0.4326', 'MRR@5': '0.3321', 'MRR@10': '0.3321', 'MRR@20': '0.3321'}
EarlyStopping counter: 2 out of 10
{'epoch': 78, 'rec_avg_loss': '0.4759', 'rec_cur_loss': '0.5140'}
{'Epoch': 78, 'HIT@5': '0.5189', 'NDCG@5': '0.3540', 'HIT@10': '0.6727', 'NDCG@10': '0.4040', 'HIT@20': '0.7949', 'NDCG@20': '0.4350', 'MRR@5': '0.3342', 'MRR@10': '0.3342', 'MRR@20': '0.3342'}
EarlyStopping counter: 3 out of 10
{'epoch': 79, 'rec_avg_loss': '0.4755', 'rec_cur_loss': '0.5201'}
{'Epoch': 79, 'HIT@5': '0.5202', 'NDCG@5': '0.3561', 'HIT@10': '0.6719', 'NDCG@10': '0.4054', 'HIT@20': '0.7929', 'NDCG@20': '0.4361', 'MRR@5': '0.3364', 'MRR@10': '0.3364', 'MRR@20': '0.3364'}
EarlyStopping counter: 4 out of 10
{'epoch': 80, 'rec_avg_loss': '0.4721', 'rec_cur_loss': '0.4592'}
{'Epoch': 80, 'HIT@5': '0.5166', 'NDCG@5': '0.3527', 'HIT@10': '0.6692', 'NDCG@10': '0.4022', 'HIT@20': '0.7925', 'NDCG@20': '0.4335', 'MRR@5': '0.3333', 'MRR@10': '0.3333', 'MRR@20': '0.3333'}
EarlyStopping counter: 5 out of 10
{'epoch': 81, 'rec_avg_loss': '0.4749', 'rec_cur_loss': '0.5432'}
{'Epoch': 81, 'HIT@5': '0.5195', 'NDCG@5': '0.3549', 'HIT@10': '0.6727', 'NDCG@10': '0.4046', 'HIT@20': '0.7906', 'NDCG@20': '0.4346', 'MRR@5': '0.3351', 'MRR@10': '0.3351', 'MRR@20': '0.3351'}
EarlyStopping counter: 6 out of 10
{'epoch': 82, 'rec_avg_loss': '0.4724', 'rec_cur_loss': '0.4738'}
{'Epoch': 82, 'HIT@5': '0.5207', 'NDCG@5': '0.3595', 'HIT@10': '0.6748', 'NDCG@10': '0.4096', 'HIT@20': '0.7927', 'NDCG@20': '0.4395', 'MRR@5': '0.3408', 'MRR@10': '0.3408', 'MRR@20': '0.3408'}
Validation score increased.  Saving model ...
{'epoch': 83, 'rec_avg_loss': '0.4726', 'rec_cur_loss': '0.4571'}
{'Epoch': 83, 'HIT@5': '0.5222', 'NDCG@5': '0.3587', 'HIT@10': '0.6765', 'NDCG@10': '0.4087', 'HIT@20': '0.7934', 'NDCG@20': '0.4384', 'MRR@5': '0.3391', 'MRR@10': '0.3391', 'MRR@20': '0.3391'}
EarlyStopping counter: 1 out of 10
{'epoch': 84, 'rec_avg_loss': '0.4727', 'rec_cur_loss': '0.4106'}
{'Epoch': 84, 'HIT@5': '0.5214', 'NDCG@5': '0.3562', 'HIT@10': '0.6727', 'NDCG@10': '0.4053', 'HIT@20': '0.7942', 'NDCG@20': '0.4360', 'MRR@5': '0.3358', 'MRR@10': '0.3358', 'MRR@20': '0.3358'}
EarlyStopping counter: 2 out of 10
{'epoch': 85, 'rec_avg_loss': '0.4718', 'rec_cur_loss': '0.4421'}
{'Epoch': 85, 'HIT@5': '0.5308', 'NDCG@5': '0.3650', 'HIT@10': '0.6790', 'NDCG@10': '0.4130', 'HIT@20': '0.7964', 'NDCG@20': '0.4428', 'MRR@5': '0.3438', 'MRR@10': '0.3438', 'MRR@20': '0.3438'}
Validation score increased.  Saving model ...
{'epoch': 86, 'rec_avg_loss': '0.4727', 'rec_cur_loss': '0.5250'}
{'Epoch': 86, 'HIT@5': '0.5263', 'NDCG@5': '0.3622', 'HIT@10': '0.6753', 'NDCG@10': '0.4104', 'HIT@20': '0.7954', 'NDCG@20': '0.4408', 'MRR@5': '0.3417', 'MRR@10': '0.3417', 'MRR@20': '0.3417'}
EarlyStopping counter: 1 out of 10
{'epoch': 87, 'rec_avg_loss': '0.4683', 'rec_cur_loss': '0.4451'}
{'Epoch': 87, 'HIT@5': '0.5295', 'NDCG@5': '0.3636', 'HIT@10': '0.6793', 'NDCG@10': '0.4122', 'HIT@20': '0.7945', 'NDCG@20': '0.4414', 'MRR@5': '0.3425', 'MRR@10': '0.3425', 'MRR@20': '0.3425'}
EarlyStopping counter: 2 out of 10
{'epoch': 88, 'rec_avg_loss': '0.4700', 'rec_cur_loss': '0.4726'}
{'Epoch': 88, 'HIT@5': '0.5192', 'NDCG@5': '0.3570', 'HIT@10': '0.6724', 'NDCG@10': '0.4068', 'HIT@20': '0.7937', 'NDCG@20': '0.4376', 'MRR@5': '0.3381', 'MRR@10': '0.3381', 'MRR@20': '0.3381'}
EarlyStopping counter: 3 out of 10
{'epoch': 89, 'rec_avg_loss': '0.4675', 'rec_cur_loss': '0.4566'}
{'Epoch': 89, 'HIT@5': '0.5222', 'NDCG@5': '0.3562', 'HIT@10': '0.6710', 'NDCG@10': '0.4043', 'HIT@20': '0.7909', 'NDCG@20': '0.4348', 'MRR@5': '0.3353', 'MRR@10': '0.3353', 'MRR@20': '0.3353'}
EarlyStopping counter: 4 out of 10
{'epoch': 90, 'rec_avg_loss': '0.4709', 'rec_cur_loss': '0.4992'}
{'Epoch': 90, 'HIT@5': '0.5230', 'NDCG@5': '0.3593', 'HIT@10': '0.6765', 'NDCG@10': '0.4091', 'HIT@20': '0.7950', 'NDCG@20': '0.4391', 'MRR@5': '0.3396', 'MRR@10': '0.3396', 'MRR@20': '0.3396'}
EarlyStopping counter: 5 out of 10
{'epoch': 91, 'rec_avg_loss': '0.4679', 'rec_cur_loss': '0.4069'}
{'Epoch': 91, 'HIT@5': '0.5214', 'NDCG@5': '0.3581', 'HIT@10': '0.6733', 'NDCG@10': '0.4075', 'HIT@20': '0.7934', 'NDCG@20': '0.4380', 'MRR@5': '0.3387', 'MRR@10': '0.3387', 'MRR@20': '0.3387'}
EarlyStopping counter: 6 out of 10
{'epoch': 92, 'rec_avg_loss': '0.4683', 'rec_cur_loss': '0.4413'}
{'Epoch': 92, 'HIT@5': '0.5232', 'NDCG@5': '0.3618', 'HIT@10': '0.6775', 'NDCG@10': '0.4117', 'HIT@20': '0.7935', 'NDCG@20': '0.4411', 'MRR@5': '0.3427', 'MRR@10': '0.3427', 'MRR@20': '0.3427'}
EarlyStopping counter: 7 out of 10
{'epoch': 93, 'rec_avg_loss': '0.4706', 'rec_cur_loss': '0.5127'}
{'Epoch': 93, 'HIT@5': '0.5296', 'NDCG@5': '0.3650', 'HIT@10': '0.6732', 'NDCG@10': '0.4116', 'HIT@20': '0.7919', 'NDCG@20': '0.4417', 'MRR@5': '0.3439', 'MRR@10': '0.3439', 'MRR@20': '0.3439'}
Validation score increased.  Saving model ...
{'epoch': 94, 'rec_avg_loss': '0.4651', 'rec_cur_loss': '0.4521'}
{'Epoch': 94, 'HIT@5': '0.5387', 'NDCG@5': '0.3702', 'HIT@10': '0.6758', 'NDCG@10': '0.4146', 'HIT@20': '0.7967', 'NDCG@20': '0.4452', 'MRR@5': '0.3468', 'MRR@10': '0.3468', 'MRR@20': '0.3468'}
Validation score increased.  Saving model ...
{'epoch': 95, 'rec_avg_loss': '0.4705', 'rec_cur_loss': '0.4823'}
{'Epoch': 95, 'HIT@5': '0.5323', 'NDCG@5': '0.3677', 'HIT@10': '0.6790', 'NDCG@10': '0.4151', 'HIT@20': '0.7954', 'NDCG@20': '0.4446', 'MRR@5': '0.3465', 'MRR@10': '0.3465', 'MRR@20': '0.3465'}
EarlyStopping counter: 1 out of 10
{'epoch': 96, 'rec_avg_loss': '0.4649', 'rec_cur_loss': '0.4842'}
{'Epoch': 96, 'HIT@5': '0.5202', 'NDCG@5': '0.3576', 'HIT@10': '0.6724', 'NDCG@10': '0.4070', 'HIT@20': '0.7924', 'NDCG@20': '0.4374', 'MRR@5': '0.3384', 'MRR@10': '0.3384', 'MRR@20': '0.3384'}
EarlyStopping counter: 2 out of 10
{'epoch': 97, 'rec_avg_loss': '0.4646', 'rec_cur_loss': '0.5067'}
{'Epoch': 97, 'HIT@5': '0.5240', 'NDCG@5': '0.3618', 'HIT@10': '0.6762', 'NDCG@10': '0.4111', 'HIT@20': '0.7922', 'NDCG@20': '0.4406', 'MRR@5': '0.3424', 'MRR@10': '0.3424', 'MRR@20': '0.3424'}
EarlyStopping counter: 3 out of 10
{'epoch': 98, 'rec_avg_loss': '0.4629', 'rec_cur_loss': '0.4481'}
{'Epoch': 98, 'HIT@5': '0.5301', 'NDCG@5': '0.3678', 'HIT@10': '0.6765', 'NDCG@10': '0.4153', 'HIT@20': '0.7962', 'NDCG@20': '0.4457', 'MRR@5': '0.3477', 'MRR@10': '0.3477', 'MRR@20': '0.3477'}
Validation score increased.  Saving model ...
{'epoch': 99, 'rec_avg_loss': '0.4659', 'rec_cur_loss': '0.4394'}
{'Epoch': 99, 'HIT@5': '0.5334', 'NDCG@5': '0.3689', 'HIT@10': '0.6803', 'NDCG@10': '0.4166', 'HIT@20': '0.7950', 'NDCG@20': '0.4458', 'MRR@5': '0.3479', 'MRR@10': '0.3479', 'MRR@20': '0.3479'}
Validation score increased.  Saving model ...
{'epoch': 100, 'rec_avg_loss': '0.4620', 'rec_cur_loss': '0.4917'}
{'Epoch': 100, 'HIT@5': '0.5323', 'NDCG@5': '0.3687', 'HIT@10': '0.6772', 'NDCG@10': '0.4157', 'HIT@20': '0.7950', 'NDCG@20': '0.4457', 'MRR@5': '0.3478', 'MRR@10': '0.3478', 'MRR@20': '0.3478'}
EarlyStopping counter: 1 out of 10
{'epoch': 101, 'rec_avg_loss': '0.4624', 'rec_cur_loss': '0.4275'}
{'Epoch': 101, 'HIT@5': '0.5346', 'NDCG@5': '0.3702', 'HIT@10': '0.6767', 'NDCG@10': '0.4163', 'HIT@20': '0.7964', 'NDCG@20': '0.4467', 'MRR@5': '0.3487', 'MRR@10': '0.3487', 'MRR@20': '0.3487'}
Validation score increased.  Saving model ...
{'epoch': 102, 'rec_avg_loss': '0.4594', 'rec_cur_loss': '0.3818'}
{'Epoch': 102, 'HIT@5': '0.5306', 'NDCG@5': '0.3653', 'HIT@10': '0.6727', 'NDCG@10': '0.4116', 'HIT@20': '0.7935', 'NDCG@20': '0.4424', 'MRR@5': '0.3441', 'MRR@10': '0.3441', 'MRR@20': '0.3441'}
EarlyStopping counter: 1 out of 10
{'epoch': 103, 'rec_avg_loss': '0.4609', 'rec_cur_loss': '0.5088'}
{'Epoch': 103, 'HIT@5': '0.5356', 'NDCG@5': '0.3719', 'HIT@10': '0.6785', 'NDCG@10': '0.4182', 'HIT@20': '0.7950', 'NDCG@20': '0.4479', 'MRR@5': '0.3508', 'MRR@10': '0.3508', 'MRR@20': '0.3508'}
Validation score increased.  Saving model ...
{'epoch': 104, 'rec_avg_loss': '0.4571', 'rec_cur_loss': '0.4094'}
{'Epoch': 104, 'HIT@5': '0.5301', 'NDCG@5': '0.3650', 'HIT@10': '0.6735', 'NDCG@10': '0.4117', 'HIT@20': '0.7969', 'NDCG@20': '0.4431', 'MRR@5': '0.3441', 'MRR@10': '0.3441', 'MRR@20': '0.3441'}
EarlyStopping counter: 1 out of 10
{'epoch': 105, 'rec_avg_loss': '0.4590', 'rec_cur_loss': '0.4744'}
{'Epoch': 105, 'HIT@5': '0.5354', 'NDCG@5': '0.3711', 'HIT@10': '0.6788', 'NDCG@10': '0.4176', 'HIT@20': '0.7982', 'NDCG@20': '0.4479', 'MRR@5': '0.3498', 'MRR@10': '0.3498', 'MRR@20': '0.3498'}
EarlyStopping counter: 2 out of 10
{'epoch': 106, 'rec_avg_loss': '0.4591', 'rec_cur_loss': '0.4093'}
{'Epoch': 106, 'HIT@5': '0.5310', 'NDCG@5': '0.3683', 'HIT@10': '0.6780', 'NDCG@10': '0.4159', 'HIT@20': '0.7974', 'NDCG@20': '0.4461', 'MRR@5': '0.3478', 'MRR@10': '0.3478', 'MRR@20': '0.3478'}
EarlyStopping counter: 3 out of 10
{'epoch': 107, 'rec_avg_loss': '0.4579', 'rec_cur_loss': '0.4926'}
{'Epoch': 107, 'HIT@5': '0.5293', 'NDCG@5': '0.3668', 'HIT@10': '0.6770', 'NDCG@10': '0.4147', 'HIT@20': '0.7937', 'NDCG@20': '0.4444', 'MRR@5': '0.3467', 'MRR@10': '0.3467', 'MRR@20': '0.3467'}
EarlyStopping counter: 4 out of 10
{'epoch': 108, 'rec_avg_loss': '0.4577', 'rec_cur_loss': '0.4544'}
{'Epoch': 108, 'HIT@5': '0.5295', 'NDCG@5': '0.3658', 'HIT@10': '0.6755', 'NDCG@10': '0.4133', 'HIT@20': '0.7937', 'NDCG@20': '0.4434', 'MRR@5': '0.3454', 'MRR@10': '0.3454', 'MRR@20': '0.3454'}
EarlyStopping counter: 5 out of 10
{'epoch': 109, 'rec_avg_loss': '0.4562', 'rec_cur_loss': '0.4154'}
{'Epoch': 109, 'HIT@5': '0.5402', 'NDCG@5': '0.3733', 'HIT@10': '0.6825', 'NDCG@10': '0.4193', 'HIT@20': '0.7957', 'NDCG@20': '0.4481', 'MRR@5': '0.3506', 'MRR@10': '0.3506', 'MRR@20': '0.3506'}
EarlyStopping counter: 6 out of 10
{'epoch': 110, 'rec_avg_loss': '0.4572', 'rec_cur_loss': '0.4450'}
{'Epoch': 110, 'HIT@5': '0.5361', 'NDCG@5': '0.3722', 'HIT@10': '0.6815', 'NDCG@10': '0.4194', 'HIT@20': '0.7965', 'NDCG@20': '0.4487', 'MRR@5': '0.3512', 'MRR@10': '0.3512', 'MRR@20': '0.3512'}
Validation score increased.  Saving model ...
{'epoch': 111, 'rec_avg_loss': '0.4571', 'rec_cur_loss': '0.4345'}
{'Epoch': 111, 'HIT@5': '0.5363', 'NDCG@5': '0.3729', 'HIT@10': '0.6820', 'NDCG@10': '0.4202', 'HIT@20': '0.7957', 'NDCG@20': '0.4491', 'MRR@5': '0.3520', 'MRR@10': '0.3520', 'MRR@20': '0.3520'}
Validation score increased.  Saving model ...
{'epoch': 112, 'rec_avg_loss': '0.4542', 'rec_cur_loss': '0.4290'}
{'Epoch': 112, 'HIT@5': '0.5351', 'NDCG@5': '0.3697', 'HIT@10': '0.6768', 'NDCG@10': '0.4158', 'HIT@20': '0.7972', 'NDCG@20': '0.4464', 'MRR@5': '0.3481', 'MRR@10': '0.3481', 'MRR@20': '0.3481'}
EarlyStopping counter: 1 out of 10
{'epoch': 113, 'rec_avg_loss': '0.4541', 'rec_cur_loss': '0.3801'}
{'Epoch': 113, 'HIT@5': '0.5323', 'NDCG@5': '0.3680', 'HIT@10': '0.6772', 'NDCG@10': '0.4152', 'HIT@20': '0.7945', 'NDCG@20': '0.4451', 'MRR@5': '0.3472', 'MRR@10': '0.3472', 'MRR@20': '0.3472'}
EarlyStopping counter: 2 out of 10
{'epoch': 114, 'rec_avg_loss': '0.4550', 'rec_cur_loss': '0.5026'}
{'Epoch': 114, 'HIT@5': '0.5361', 'NDCG@5': '0.3732', 'HIT@10': '0.6831', 'NDCG@10': '0.4209', 'HIT@20': '0.7964', 'NDCG@20': '0.4496', 'MRR@5': '0.3525', 'MRR@10': '0.3525', 'MRR@20': '0.3525'}
Validation score increased.  Saving model ...
{'epoch': 115, 'rec_avg_loss': '0.4557', 'rec_cur_loss': '0.5130'}
{'Epoch': 115, 'HIT@5': '0.5353', 'NDCG@5': '0.3711', 'HIT@10': '0.6801', 'NDCG@10': '0.4181', 'HIT@20': '0.7935', 'NDCG@20': '0.4470', 'MRR@5': '0.3498', 'MRR@10': '0.3498', 'MRR@20': '0.3498'}
EarlyStopping counter: 1 out of 10
{'epoch': 116, 'rec_avg_loss': '0.4521', 'rec_cur_loss': '0.4671'}
{'Epoch': 116, 'HIT@5': '0.5401', 'NDCG@5': '0.3735', 'HIT@10': '0.6815', 'NDCG@10': '0.4195', 'HIT@20': '0.7964', 'NDCG@20': '0.4487', 'MRR@5': '0.3510', 'MRR@10': '0.3510', 'MRR@20': '0.3510'}
EarlyStopping counter: 2 out of 10
{'epoch': 117, 'rec_avg_loss': '0.4533', 'rec_cur_loss': '0.3914'}
{'Epoch': 117, 'HIT@5': '0.5419', 'NDCG@5': '0.3747', 'HIT@10': '0.6831', 'NDCG@10': '0.4206', 'HIT@20': '0.7980', 'NDCG@20': '0.4498', 'MRR@5': '0.3519', 'MRR@10': '0.3519', 'MRR@20': '0.3519'}
EarlyStopping counter: 3 out of 10
{'epoch': 118, 'rec_avg_loss': '0.4546', 'rec_cur_loss': '0.4637'}
{'Epoch': 118, 'HIT@5': '0.5361', 'NDCG@5': '0.3710', 'HIT@10': '0.6748', 'NDCG@10': '0.4160', 'HIT@20': '0.7942', 'NDCG@20': '0.4464', 'MRR@5': '0.3490', 'MRR@10': '0.3490', 'MRR@20': '0.3490'}
EarlyStopping counter: 4 out of 10
{'epoch': 119, 'rec_avg_loss': '0.4527', 'rec_cur_loss': '0.5393'}
{'Epoch': 119, 'HIT@5': '0.5377', 'NDCG@5': '0.3711', 'HIT@10': '0.6793', 'NDCG@10': '0.4171', 'HIT@20': '0.7954', 'NDCG@20': '0.4465', 'MRR@5': '0.3487', 'MRR@10': '0.3487', 'MRR@20': '0.3487'}
EarlyStopping counter: 5 out of 10
{'epoch': 120, 'rec_avg_loss': '0.4529', 'rec_cur_loss': '0.4704'}
{'Epoch': 120, 'HIT@5': '0.5384', 'NDCG@5': '0.3738', 'HIT@10': '0.6815', 'NDCG@10': '0.4202', 'HIT@20': '0.7960', 'NDCG@20': '0.4494', 'MRR@5': '0.3522', 'MRR@10': '0.3522', 'MRR@20': '0.3522'}
EarlyStopping counter: 6 out of 10
{'epoch': 121, 'rec_avg_loss': '0.4530', 'rec_cur_loss': '0.4612'}
{'Epoch': 121, 'HIT@5': '0.5349', 'NDCG@5': '0.3719', 'HIT@10': '0.6772', 'NDCG@10': '0.4182', 'HIT@20': '0.7954', 'NDCG@20': '0.4481', 'MRR@5': '0.3509', 'MRR@10': '0.3509', 'MRR@20': '0.3509'}
EarlyStopping counter: 7 out of 10
{'epoch': 122, 'rec_avg_loss': '0.4510', 'rec_cur_loss': '0.4258'}
{'Epoch': 122, 'HIT@5': '0.5406', 'NDCG@5': '0.3769', 'HIT@10': '0.6793', 'NDCG@10': '0.4219', 'HIT@20': '0.7962', 'NDCG@20': '0.4517', 'MRR@5': '0.3551', 'MRR@10': '0.3551', 'MRR@20': '0.3551'}
Validation score increased.  Saving model ...
{'epoch': 123, 'rec_avg_loss': '0.4506', 'rec_cur_loss': '0.4721'}
{'Epoch': 123, 'HIT@5': '0.5386', 'NDCG@5': '0.3738', 'HIT@10': '0.6801', 'NDCG@10': '0.4197', 'HIT@20': '0.7944', 'NDCG@20': '0.4487', 'MRR@5': '0.3520', 'MRR@10': '0.3520', 'MRR@20': '0.3520'}
EarlyStopping counter: 1 out of 10
{'epoch': 124, 'rec_avg_loss': '0.4524', 'rec_cur_loss': '0.5581'}
{'Epoch': 124, 'HIT@5': '0.5379', 'NDCG@5': '0.3745', 'HIT@10': '0.6821', 'NDCG@10': '0.4212', 'HIT@20': '0.7959', 'NDCG@20': '0.4502', 'MRR@5': '0.3533', 'MRR@10': '0.3533', 'MRR@20': '0.3533'}
EarlyStopping counter: 2 out of 10
{'epoch': 125, 'rec_avg_loss': '0.4496', 'rec_cur_loss': '0.4718'}
{'Epoch': 125, 'HIT@5': '0.5402', 'NDCG@5': '0.3751', 'HIT@10': '0.6811', 'NDCG@10': '0.4208', 'HIT@20': '0.7970', 'NDCG@20': '0.4503', 'MRR@5': '0.3531', 'MRR@10': '0.3531', 'MRR@20': '0.3531'}
EarlyStopping counter: 3 out of 10
{'epoch': 126, 'rec_avg_loss': '0.4479', 'rec_cur_loss': '0.4615'}
{'Epoch': 126, 'HIT@5': '0.5382', 'NDCG@5': '0.3746', 'HIT@10': '0.6798', 'NDCG@10': '0.4206', 'HIT@20': '0.7970', 'NDCG@20': '0.4503', 'MRR@5': '0.3532', 'MRR@10': '0.3532', 'MRR@20': '0.3532'}
EarlyStopping counter: 4 out of 10
{'epoch': 127, 'rec_avg_loss': '0.4488', 'rec_cur_loss': '0.4335'}
{'Epoch': 127, 'HIT@5': '0.5363', 'NDCG@5': '0.3734', 'HIT@10': '0.6801', 'NDCG@10': '0.4201', 'HIT@20': '0.7950', 'NDCG@20': '0.4492', 'MRR@5': '0.3525', 'MRR@10': '0.3525', 'MRR@20': '0.3525'}
EarlyStopping counter: 5 out of 10
{'epoch': 128, 'rec_avg_loss': '0.4478', 'rec_cur_loss': '0.3862'}
{'Epoch': 128, 'HIT@5': '0.5402', 'NDCG@5': '0.3772', 'HIT@10': '0.6833', 'NDCG@10': '0.4236', 'HIT@20': '0.7942', 'NDCG@20': '0.4518', 'MRR@5': '0.3558', 'MRR@10': '0.3558', 'MRR@20': '0.3558'}
Validation score increased.  Saving model ...
{'epoch': 129, 'rec_avg_loss': '0.4467', 'rec_cur_loss': '0.4831'}
{'Epoch': 129, 'HIT@5': '0.5376', 'NDCG@5': '0.3731', 'HIT@10': '0.6798', 'NDCG@10': '0.4194', 'HIT@20': '0.7952', 'NDCG@20': '0.4488', 'MRR@5': '0.3516', 'MRR@10': '0.3516', 'MRR@20': '0.3516'}
EarlyStopping counter: 1 out of 10
{'epoch': 130, 'rec_avg_loss': '0.4479', 'rec_cur_loss': '0.4739'}
{'Epoch': 130, 'HIT@5': '0.5377', 'NDCG@5': '0.3717', 'HIT@10': '0.6798', 'NDCG@10': '0.4179', 'HIT@20': '0.7930', 'NDCG@20': '0.4467', 'MRR@5': '0.3496', 'MRR@10': '0.3496', 'MRR@20': '0.3496'}
EarlyStopping counter: 2 out of 10
{'epoch': 131, 'rec_avg_loss': '0.4476', 'rec_cur_loss': '0.3962'}
{'Epoch': 131, 'HIT@5': '0.5462', 'NDCG@5': '0.3797', 'HIT@10': '0.6823', 'NDCG@10': '0.4239', 'HIT@20': '0.7962', 'NDCG@20': '0.4529', 'MRR@5': '0.3565', 'MRR@10': '0.3565', 'MRR@20': '0.3565'}
Validation score increased.  Saving model ...
{'epoch': 132, 'rec_avg_loss': '0.4450', 'rec_cur_loss': '0.4958'}
{'Epoch': 132, 'HIT@5': '0.5381', 'NDCG@5': '0.3710', 'HIT@10': '0.6767', 'NDCG@10': '0.4159', 'HIT@20': '0.7927', 'NDCG@20': '0.4455', 'MRR@5': '0.3480', 'MRR@10': '0.3480', 'MRR@20': '0.3480'}
EarlyStopping counter: 1 out of 10
{'epoch': 133, 'rec_avg_loss': '0.4442', 'rec_cur_loss': '0.4509'}
{'Epoch': 133, 'HIT@5': '0.5401', 'NDCG@5': '0.3755', 'HIT@10': '0.6778', 'NDCG@10': '0.4202', 'HIT@20': '0.7955', 'NDCG@20': '0.4503', 'MRR@5': '0.3535', 'MRR@10': '0.3535', 'MRR@20': '0.3535'}
EarlyStopping counter: 2 out of 10
{'epoch': 134, 'rec_avg_loss': '0.4466', 'rec_cur_loss': '0.4823'}
{'Epoch': 134, 'HIT@5': '0.5397', 'NDCG@5': '0.3761', 'HIT@10': '0.6828', 'NDCG@10': '0.4224', 'HIT@20': '0.7957', 'NDCG@20': '0.4512', 'MRR@5': '0.3547', 'MRR@10': '0.3547', 'MRR@20': '0.3547'}
EarlyStopping counter: 3 out of 10
{'epoch': 135, 'rec_avg_loss': '0.4442', 'rec_cur_loss': '0.3870'}
{'Epoch': 135, 'HIT@5': '0.5419', 'NDCG@5': '0.3761', 'HIT@10': '0.6800', 'NDCG@10': '0.4209', 'HIT@20': '0.7982', 'NDCG@20': '0.4509', 'MRR@5': '0.3536', 'MRR@10': '0.3536', 'MRR@20': '0.3536'}
EarlyStopping counter: 4 out of 10
{'epoch': 136, 'rec_avg_loss': '0.4445', 'rec_cur_loss': '0.4582'}
{'Epoch': 136, 'HIT@5': '0.5402', 'NDCG@5': '0.3794', 'HIT@10': '0.6838', 'NDCG@10': '0.4260', 'HIT@20': '0.7980', 'NDCG@20': '0.4550', 'MRR@5': '0.3589', 'MRR@10': '0.3589', 'MRR@20': '0.3589'}
Validation score increased.  Saving model ...
{'epoch': 137, 'rec_avg_loss': '0.4462', 'rec_cur_loss': '0.4745'}
{'Epoch': 137, 'HIT@5': '0.5404', 'NDCG@5': '0.3751', 'HIT@10': '0.6816', 'NDCG@10': '0.4207', 'HIT@20': '0.7947', 'NDCG@20': '0.4495', 'MRR@5': '0.3528', 'MRR@10': '0.3528', 'MRR@20': '0.3528'}
EarlyStopping counter: 1 out of 10
{'epoch': 138, 'rec_avg_loss': '0.4441', 'rec_cur_loss': '0.5173'}
{'Epoch': 138, 'HIT@5': '0.5462', 'NDCG@5': '0.3795', 'HIT@10': '0.6825', 'NDCG@10': '0.4238', 'HIT@20': '0.7995', 'NDCG@20': '0.4536', 'MRR@5': '0.3564', 'MRR@10': '0.3564', 'MRR@20': '0.3564'}
EarlyStopping counter: 2 out of 10
{'epoch': 139, 'rec_avg_loss': '0.4412', 'rec_cur_loss': '0.4209'}
{'Epoch': 139, 'HIT@5': '0.5430', 'NDCG@5': '0.3795', 'HIT@10': '0.6851', 'NDCG@10': '0.4257', 'HIT@20': '0.7982', 'NDCG@20': '0.4545', 'MRR@5': '0.3580', 'MRR@10': '0.3580', 'MRR@20': '0.3580'}
EarlyStopping counter: 3 out of 10
{'epoch': 140, 'rec_avg_loss': '0.4432', 'rec_cur_loss': '0.5101'}
{'Epoch': 140, 'HIT@5': '0.5402', 'NDCG@5': '0.3764', 'HIT@10': '0.6831', 'NDCG@10': '0.4229', 'HIT@20': '0.7949', 'NDCG@20': '0.4515', 'MRR@5': '0.3552', 'MRR@10': '0.3552', 'MRR@20': '0.3552'}
EarlyStopping counter: 4 out of 10
{'epoch': 141, 'rec_avg_loss': '0.4405', 'rec_cur_loss': '0.4273'}
{'Epoch': 141, 'HIT@5': '0.5498', 'NDCG@5': '0.3809', 'HIT@10': '0.6838', 'NDCG@10': '0.4244', 'HIT@20': '0.7965', 'NDCG@20': '0.4531', 'MRR@5': '0.3566', 'MRR@10': '0.3566', 'MRR@20': '0.3566'}
EarlyStopping counter: 5 out of 10
{'epoch': 142, 'rec_avg_loss': '0.4405', 'rec_cur_loss': '0.4454'}
{'Epoch': 142, 'HIT@5': '0.5440', 'NDCG@5': '0.3778', 'HIT@10': '0.6816', 'NDCG@10': '0.4225', 'HIT@20': '0.7945', 'NDCG@20': '0.4512', 'MRR@5': '0.3550', 'MRR@10': '0.3550', 'MRR@20': '0.3550'}
EarlyStopping counter: 6 out of 10
{'epoch': 143, 'rec_avg_loss': '0.4411', 'rec_cur_loss': '0.3925'}
{'Epoch': 143, 'HIT@5': '0.5452', 'NDCG@5': '0.3781', 'HIT@10': '0.6848', 'NDCG@10': '0.4235', 'HIT@20': '0.7988', 'NDCG@20': '0.4525', 'MRR@5': '0.3552', 'MRR@10': '0.3552', 'MRR@20': '0.3552'}
EarlyStopping counter: 7 out of 10
{'epoch': 144, 'rec_avg_loss': '0.4382', 'rec_cur_loss': '0.3627'}
{'Epoch': 144, 'HIT@5': '0.5475', 'NDCG@5': '0.3809', 'HIT@10': '0.6858', 'NDCG@10': '0.4258', 'HIT@20': '0.7990', 'NDCG@20': '0.4545', 'MRR@5': '0.3578', 'MRR@10': '0.3578', 'MRR@20': '0.3578'}
EarlyStopping counter: 8 out of 10
{'epoch': 145, 'rec_avg_loss': '0.4385', 'rec_cur_loss': '0.4213'}
{'Epoch': 145, 'HIT@5': '0.5425', 'NDCG@5': '0.3776', 'HIT@10': '0.6818', 'NDCG@10': '0.4228', 'HIT@20': '0.7952', 'NDCG@20': '0.4517', 'MRR@5': '0.3554', 'MRR@10': '0.3554', 'MRR@20': '0.3554'}
EarlyStopping counter: 9 out of 10
{'epoch': 146, 'rec_avg_loss': '0.4396', 'rec_cur_loss': '0.4285'}
{'Epoch': 146, 'HIT@5': '0.5439', 'NDCG@5': '0.3778', 'HIT@10': '0.6816', 'NDCG@10': '0.4225', 'HIT@20': '0.7955', 'NDCG@20': '0.4515', 'MRR@5': '0.3550', 'MRR@10': '0.3550', 'MRR@20': '0.3550'}
EarlyStopping counter: 10 out of 10
Early stopping
---------------Sample 99 results-------------------
{'Epoch': 0, 'HIT@5': '0.5108', 'NDCG@5': '0.3569', 'HIT@10': '0.6604', 'NDCG@10': '0.4055', 'HIT@20': '0.7750', 'NDCG@20': '0.4345', 'MRR@5': '0.3400', 'MRR@10': '0.3400', 'MRR@20': '0.3400'}
Finetune_sample-ml-1m-160-pop
{'Epoch': 0, 'HIT@5': '0.5108', 'NDCG@5': '0.3569', 'HIT@10': '0.6604', 'NDCG@10': '0.4055', 'HIT@20': '0.7750', 'NDCG@20': '0.4345', 'MRR@5': '0.3400', 'MRR@10': '0.3400', 'MRR@20': '0.3400'}
