Namespace(adam_beta1=0.9, adam_beta2=0.999, attention_probs_dropout_prob=0.5, batch_size=256, ckp=100, cuda_condition=True, data_dir='./data/', data_file='./data/ml-1m.txt', data_name='ml-1m', do_eval=False, epochs=200, gpu_id='0', hidden_act='gelu', hidden_dropout_prob=0.5, hidden_size=64, initializer_range=0.02, item_size=3418, log_file='output/Finetune_sample-ml-1m-100.txt', log_freq=1, lr=0.001, mask_id=3417, max_seq_length=50, model_name='Finetune_sample', no_cuda=False, num_attention_heads=2, num_hidden_layers=2, output_dir='output/', sample_file='./data/ml-1m_sample.txt', seed=42, weight_decay=0.0)
Total Parameters: 338688
Load Checkpoint From output/ml-1m-epochs-100.pt!
{'epoch': 0, 'rec_avg_loss': '1.0226', 'rec_cur_loss': '0.9228'}
{'Epoch': 0, 'HIT@5': '0.1833', 'NDCG@5': '0.1135', 'HIT@10': '0.3152', 'NDCG@10': '0.1560', 'HIT@20': '0.5055', 'NDCG@20': '0.2038', 'MRR@5': '0.1339', 'MRR@10': '0.1339', 'MRR@20': '0.1339'}
Validation score increased.  Saving model ...
{'epoch': 1, 'rec_avg_loss': '0.8686', 'rec_cur_loss': '0.8167'}
{'Epoch': 1, 'HIT@5': '0.2334', 'NDCG@5': '0.1441', 'HIT@10': '0.3798', 'NDCG@10': '0.1913', 'HIT@20': '0.5722', 'NDCG@20': '0.2397', 'MRR@5': '0.1587', 'MRR@10': '0.1587', 'MRR@20': '0.1587'}
Validation score increased.  Saving model ...
{'epoch': 2, 'rec_avg_loss': '0.8091', 'rec_cur_loss': '0.8299'}
{'Epoch': 2, 'HIT@5': '0.2687', 'NDCG@5': '0.1674', 'HIT@10': '0.4263', 'NDCG@10': '0.2183', 'HIT@20': '0.6159', 'NDCG@20': '0.2660', 'MRR@5': '0.1784', 'MRR@10': '0.1784', 'MRR@20': '0.1784'}
Validation score increased.  Saving model ...
{'epoch': 3, 'rec_avg_loss': '0.7768', 'rec_cur_loss': '0.7802'}
{'Epoch': 3, 'HIT@5': '0.2947', 'NDCG@5': '0.1825', 'HIT@10': '0.4538', 'NDCG@10': '0.2340', 'HIT@20': '0.6368', 'NDCG@20': '0.2803', 'MRR@5': '0.1896', 'MRR@10': '0.1896', 'MRR@20': '0.1896'}
Validation score increased.  Saving model ...
{'epoch': 4, 'rec_avg_loss': '0.7511', 'rec_cur_loss': '0.7223'}
{'Epoch': 4, 'HIT@5': '0.3040', 'NDCG@5': '0.1894', 'HIT@10': '0.4659', 'NDCG@10': '0.2416', 'HIT@20': '0.6510', 'NDCG@20': '0.2885', 'MRR@5': '0.1956', 'MRR@10': '0.1956', 'MRR@20': '0.1956'}
Validation score increased.  Saving model ...
{'epoch': 5, 'rec_avg_loss': '0.7329', 'rec_cur_loss': '0.7413'}
{'Epoch': 5, 'HIT@5': '0.3161', 'NDCG@5': '0.1987', 'HIT@10': '0.4823', 'NDCG@10': '0.2523', 'HIT@20': '0.6667', 'NDCG@20': '0.2990', 'MRR@5': '0.2040', 'MRR@10': '0.2040', 'MRR@20': '0.2040'}
Validation score increased.  Saving model ...
{'epoch': 6, 'rec_avg_loss': '0.7234', 'rec_cur_loss': '0.7433'}
{'Epoch': 6, 'HIT@5': '0.3250', 'NDCG@5': '0.2053', 'HIT@10': '0.4945', 'NDCG@10': '0.2599', 'HIT@20': '0.6730', 'NDCG@20': '0.3051', 'MRR@5': '0.2095', 'MRR@10': '0.2095', 'MRR@20': '0.2095'}
Validation score increased.  Saving model ...
{'epoch': 7, 'rec_avg_loss': '0.7146', 'rec_cur_loss': '0.7140'}
{'Epoch': 7, 'HIT@5': '0.3323', 'NDCG@5': '0.2108', 'HIT@10': '0.5020', 'NDCG@10': '0.2656', 'HIT@20': '0.6776', 'NDCG@20': '0.3102', 'MRR@5': '0.2144', 'MRR@10': '0.2144', 'MRR@20': '0.2144'}
Validation score increased.  Saving model ...
{'epoch': 8, 'rec_avg_loss': '0.7064', 'rec_cur_loss': '0.6993'}
{'Epoch': 8, 'HIT@5': '0.3334', 'NDCG@5': '0.2109', 'HIT@10': '0.5055', 'NDCG@10': '0.2664', 'HIT@20': '0.6778', 'NDCG@20': '0.3101', 'MRR@5': '0.2140', 'MRR@10': '0.2140', 'MRR@20': '0.2140'}
EarlyStopping counter: 1 out of 10
{'epoch': 9, 'rec_avg_loss': '0.6963', 'rec_cur_loss': '0.6885'}
{'Epoch': 9, 'HIT@5': '0.3442', 'NDCG@5': '0.2187', 'HIT@10': '0.5157', 'NDCG@10': '0.2742', 'HIT@20': '0.6826', 'NDCG@20': '0.3165', 'MRR@5': '0.2205', 'MRR@10': '0.2205', 'MRR@20': '0.2205'}
Validation score increased.  Saving model ...
{'epoch': 10, 'rec_avg_loss': '0.6912', 'rec_cur_loss': '0.6787'}
{'Epoch': 10, 'HIT@5': '0.3488', 'NDCG@5': '0.2230', 'HIT@10': '0.5233', 'NDCG@10': '0.2794', 'HIT@20': '0.6901', 'NDCG@20': '0.3215', 'MRR@5': '0.2246', 'MRR@10': '0.2246', 'MRR@20': '0.2246'}
Validation score increased.  Saving model ...
{'epoch': 11, 'rec_avg_loss': '0.6880', 'rec_cur_loss': '0.6803'}
{'Epoch': 11, 'HIT@5': '0.3528', 'NDCG@5': '0.2255', 'HIT@10': '0.5262', 'NDCG@10': '0.2814', 'HIT@20': '0.6917', 'NDCG@20': '0.3233', 'MRR@5': '0.2263', 'MRR@10': '0.2263', 'MRR@20': '0.2263'}
Validation score increased.  Saving model ...
{'epoch': 12, 'rec_avg_loss': '0.6833', 'rec_cur_loss': '0.6789'}
{'Epoch': 12, 'HIT@5': '0.3556', 'NDCG@5': '0.2283', 'HIT@10': '0.5283', 'NDCG@10': '0.2840', 'HIT@20': '0.6899', 'NDCG@20': '0.3250', 'MRR@5': '0.2288', 'MRR@10': '0.2288', 'MRR@20': '0.2288'}
Validation score increased.  Saving model ...
{'epoch': 13, 'rec_avg_loss': '0.6800', 'rec_cur_loss': '0.6870'}
{'Epoch': 13, 'HIT@5': '0.3589', 'NDCG@5': '0.2299', 'HIT@10': '0.5296', 'NDCG@10': '0.2851', 'HIT@20': '0.6919', 'NDCG@20': '0.3263', 'MRR@5': '0.2298', 'MRR@10': '0.2298', 'MRR@20': '0.2298'}
Validation score increased.  Saving model ...
{'epoch': 14, 'rec_avg_loss': '0.6763', 'rec_cur_loss': '0.6805'}
{'Epoch': 14, 'HIT@5': '0.3719', 'NDCG@5': '0.2381', 'HIT@10': '0.5425', 'NDCG@10': '0.2933', 'HIT@20': '0.7058', 'NDCG@20': '0.3347', 'MRR@5': '0.2361', 'MRR@10': '0.2361', 'MRR@20': '0.2361'}
Validation score increased.  Saving model ...
{'epoch': 15, 'rec_avg_loss': '0.6732', 'rec_cur_loss': '0.6762'}
{'Epoch': 15, 'HIT@5': '0.3732', 'NDCG@5': '0.2394', 'HIT@10': '0.5424', 'NDCG@10': '0.2940', 'HIT@20': '0.7036', 'NDCG@20': '0.3348', 'MRR@5': '0.2369', 'MRR@10': '0.2369', 'MRR@20': '0.2369'}
Validation score increased.  Saving model ...
{'epoch': 16, 'rec_avg_loss': '0.6698', 'rec_cur_loss': '0.6784'}
{'Epoch': 16, 'HIT@5': '0.3760', 'NDCG@5': '0.2425', 'HIT@10': '0.5490', 'NDCG@10': '0.2984', 'HIT@20': '0.7084', 'NDCG@20': '0.3388', 'MRR@5': '0.2405', 'MRR@10': '0.2405', 'MRR@20': '0.2405'}
Validation score increased.  Saving model ...
{'epoch': 17, 'rec_avg_loss': '0.6687', 'rec_cur_loss': '0.6871'}
{'Epoch': 17, 'HIT@5': '0.3758', 'NDCG@5': '0.2430', 'HIT@10': '0.5498', 'NDCG@10': '0.2992', 'HIT@20': '0.7091', 'NDCG@20': '0.3395', 'MRR@5': '0.2412', 'MRR@10': '0.2412', 'MRR@20': '0.2412'}
Validation score increased.  Saving model ...
{'epoch': 18, 'rec_avg_loss': '0.6652', 'rec_cur_loss': '0.6193'}
{'Epoch': 18, 'HIT@5': '0.3758', 'NDCG@5': '0.2415', 'HIT@10': '0.5523', 'NDCG@10': '0.2986', 'HIT@20': '0.7127', 'NDCG@20': '0.3391', 'MRR@5': '0.2396', 'MRR@10': '0.2396', 'MRR@20': '0.2396'}
EarlyStopping counter: 1 out of 10
{'epoch': 19, 'rec_avg_loss': '0.6647', 'rec_cur_loss': '0.6609'}
{'Epoch': 19, 'HIT@5': '0.3808', 'NDCG@5': '0.2442', 'HIT@10': '0.5563', 'NDCG@10': '0.3009', 'HIT@20': '0.7126', 'NDCG@20': '0.3404', 'MRR@5': '0.2412', 'MRR@10': '0.2412', 'MRR@20': '0.2412'}
EarlyStopping counter: 2 out of 10
{'epoch': 20, 'rec_avg_loss': '0.6630', 'rec_cur_loss': '0.6592'}
{'Epoch': 20, 'HIT@5': '0.3861', 'NDCG@5': '0.2476', 'HIT@10': '0.5591', 'NDCG@10': '0.3036', 'HIT@20': '0.7164', 'NDCG@20': '0.3434', 'MRR@5': '0.2438', 'MRR@10': '0.2438', 'MRR@20': '0.2438'}
Validation score increased.  Saving model ...
{'epoch': 21, 'rec_avg_loss': '0.6609', 'rec_cur_loss': '0.6479'}
{'Epoch': 21, 'HIT@5': '0.3825', 'NDCG@5': '0.2458', 'HIT@10': '0.5540', 'NDCG@10': '0.3014', 'HIT@20': '0.7127', 'NDCG@20': '0.3416', 'MRR@5': '0.2426', 'MRR@10': '0.2426', 'MRR@20': '0.2426'}
EarlyStopping counter: 1 out of 10
{'epoch': 22, 'rec_avg_loss': '0.6575', 'rec_cur_loss': '0.6687'}
{'Epoch': 22, 'HIT@5': '0.3846', 'NDCG@5': '0.2466', 'HIT@10': '0.5543', 'NDCG@10': '0.3015', 'HIT@20': '0.7119', 'NDCG@20': '0.3414', 'MRR@5': '0.2425', 'MRR@10': '0.2425', 'MRR@20': '0.2425'}
EarlyStopping counter: 2 out of 10
{'epoch': 23, 'rec_avg_loss': '0.6559', 'rec_cur_loss': '0.6401'}
{'Epoch': 23, 'HIT@5': '0.3882', 'NDCG@5': '0.2480', 'HIT@10': '0.5583', 'NDCG@10': '0.3030', 'HIT@20': '0.7144', 'NDCG@20': '0.3424', 'MRR@5': '0.2430', 'MRR@10': '0.2430', 'MRR@20': '0.2430'}
EarlyStopping counter: 3 out of 10
{'epoch': 24, 'rec_avg_loss': '0.6560', 'rec_cur_loss': '0.6594'}
{'Epoch': 24, 'HIT@5': '0.3881', 'NDCG@5': '0.2495', 'HIT@10': '0.5608', 'NDCG@10': '0.3054', 'HIT@20': '0.7182', 'NDCG@20': '0.3452', 'MRR@5': '0.2454', 'MRR@10': '0.2454', 'MRR@20': '0.2454'}
Validation score increased.  Saving model ...
{'epoch': 25, 'rec_avg_loss': '0.6516', 'rec_cur_loss': '0.6687'}
{'Epoch': 25, 'HIT@5': '0.3884', 'NDCG@5': '0.2498', 'HIT@10': '0.5623', 'NDCG@10': '0.3062', 'HIT@20': '0.7172', 'NDCG@20': '0.3455', 'MRR@5': '0.2460', 'MRR@10': '0.2460', 'MRR@20': '0.2460'}
Validation score increased.  Saving model ...
{'epoch': 26, 'rec_avg_loss': '0.6500', 'rec_cur_loss': '0.6539'}
{'Epoch': 26, 'HIT@5': '0.3914', 'NDCG@5': '0.2518', 'HIT@10': '0.5661', 'NDCG@10': '0.3084', 'HIT@20': '0.7248', 'NDCG@20': '0.3485', 'MRR@5': '0.2477', 'MRR@10': '0.2477', 'MRR@20': '0.2477'}
Validation score increased.  Saving model ...
{'epoch': 27, 'rec_avg_loss': '0.6496', 'rec_cur_loss': '0.6693'}
{'Epoch': 27, 'HIT@5': '0.3886', 'NDCG@5': '0.2511', 'HIT@10': '0.5637', 'NDCG@10': '0.3079', 'HIT@20': '0.7189', 'NDCG@20': '0.3472', 'MRR@5': '0.2478', 'MRR@10': '0.2478', 'MRR@20': '0.2478'}
Validation score increased.  Saving model ...
{'epoch': 28, 'rec_avg_loss': '0.6466', 'rec_cur_loss': '0.6374'}
{'Epoch': 28, 'HIT@5': '0.3916', 'NDCG@5': '0.2528', 'HIT@10': '0.5644', 'NDCG@10': '0.3088', 'HIT@20': '0.7192', 'NDCG@20': '0.3480', 'MRR@5': '0.2487', 'MRR@10': '0.2487', 'MRR@20': '0.2487'}
Validation score increased.  Saving model ...
{'epoch': 29, 'rec_avg_loss': '0.6431', 'rec_cur_loss': '0.6140'}
{'Epoch': 29, 'HIT@5': '0.3892', 'NDCG@5': '0.2523', 'HIT@10': '0.5627', 'NDCG@10': '0.3085', 'HIT@20': '0.7190', 'NDCG@20': '0.3481', 'MRR@5': '0.2490', 'MRR@10': '0.2490', 'MRR@20': '0.2490'}
Validation score increased.  Saving model ...
{'epoch': 30, 'rec_avg_loss': '0.6445', 'rec_cur_loss': '0.6521'}
{'Epoch': 30, 'HIT@5': '0.3995', 'NDCG@5': '0.2586', 'HIT@10': '0.5757', 'NDCG@10': '0.3156', 'HIT@20': '0.7305', 'NDCG@20': '0.3548', 'MRR@5': '0.2538', 'MRR@10': '0.2538', 'MRR@20': '0.2538'}
Validation score increased.  Saving model ...
{'epoch': 31, 'rec_avg_loss': '0.6459', 'rec_cur_loss': '0.6458'}
{'Epoch': 31, 'HIT@5': '0.4000', 'NDCG@5': '0.2603', 'HIT@10': '0.5803', 'NDCG@10': '0.3187', 'HIT@20': '0.7300', 'NDCG@20': '0.3566', 'MRR@5': '0.2562', 'MRR@10': '0.2562', 'MRR@20': '0.2562'}
Validation score increased.  Saving model ...
{'epoch': 32, 'rec_avg_loss': '0.6440', 'rec_cur_loss': '0.6578'}
{'Epoch': 32, 'HIT@5': '0.3955', 'NDCG@5': '0.2581', 'HIT@10': '0.5758', 'NDCG@10': '0.3165', 'HIT@20': '0.7288', 'NDCG@20': '0.3553', 'MRR@5': '0.2550', 'MRR@10': '0.2550', 'MRR@20': '0.2550'}
EarlyStopping counter: 1 out of 10
{'epoch': 33, 'rec_avg_loss': '0.6415', 'rec_cur_loss': '0.6200'}
{'Epoch': 33, 'HIT@5': '0.3942', 'NDCG@5': '0.2551', 'HIT@10': '0.5712', 'NDCG@10': '0.3125', 'HIT@20': '0.7295', 'NDCG@20': '0.3526', 'MRR@5': '0.2514', 'MRR@10': '0.2514', 'MRR@20': '0.2514'}
EarlyStopping counter: 2 out of 10
{'epoch': 34, 'rec_avg_loss': '0.6409', 'rec_cur_loss': '0.6388'}
{'Epoch': 34, 'HIT@5': '0.3978', 'NDCG@5': '0.2581', 'HIT@10': '0.5737', 'NDCG@10': '0.3150', 'HIT@20': '0.7291', 'NDCG@20': '0.3543', 'MRR@5': '0.2538', 'MRR@10': '0.2538', 'MRR@20': '0.2538'}
EarlyStopping counter: 3 out of 10
{'epoch': 35, 'rec_avg_loss': '0.6385', 'rec_cur_loss': '0.6448'}
{'Epoch': 35, 'HIT@5': '0.3969', 'NDCG@5': '0.2578', 'HIT@10': '0.5704', 'NDCG@10': '0.3142', 'HIT@20': '0.7265', 'NDCG@20': '0.3538', 'MRR@5': '0.2539', 'MRR@10': '0.2539', 'MRR@20': '0.2539'}
EarlyStopping counter: 4 out of 10
{'epoch': 36, 'rec_avg_loss': '0.6398', 'rec_cur_loss': '0.6222'}
{'Epoch': 36, 'HIT@5': '0.3992', 'NDCG@5': '0.2584', 'HIT@10': '0.5752', 'NDCG@10': '0.3156', 'HIT@20': '0.7318', 'NDCG@20': '0.3552', 'MRR@5': '0.2539', 'MRR@10': '0.2539', 'MRR@20': '0.2539'}
EarlyStopping counter: 5 out of 10
{'epoch': 37, 'rec_avg_loss': '0.6370', 'rec_cur_loss': '0.6267'}
{'Epoch': 37, 'HIT@5': '0.4048', 'NDCG@5': '0.2636', 'HIT@10': '0.5790', 'NDCG@10': '0.3203', 'HIT@20': '0.7348', 'NDCG@20': '0.3597', 'MRR@5': '0.2588', 'MRR@10': '0.2588', 'MRR@20': '0.2588'}
Validation score increased.  Saving model ...
{'epoch': 38, 'rec_avg_loss': '0.6344', 'rec_cur_loss': '0.6403'}
{'Epoch': 38, 'HIT@5': '0.4010', 'NDCG@5': '0.2600', 'HIT@10': '0.5760', 'NDCG@10': '0.3169', 'HIT@20': '0.7296', 'NDCG@20': '0.3557', 'MRR@5': '0.2552', 'MRR@10': '0.2552', 'MRR@20': '0.2552'}
EarlyStopping counter: 1 out of 10
{'epoch': 39, 'rec_avg_loss': '0.6352', 'rec_cur_loss': '0.6411'}
{'Epoch': 39, 'HIT@5': '0.3998', 'NDCG@5': '0.2587', 'HIT@10': '0.5682', 'NDCG@10': '0.3134', 'HIT@20': '0.7286', 'NDCG@20': '0.3540', 'MRR@5': '0.2535', 'MRR@10': '0.2535', 'MRR@20': '0.2535'}
EarlyStopping counter: 2 out of 10
{'epoch': 40, 'rec_avg_loss': '0.6334', 'rec_cur_loss': '0.6227'}
{'Epoch': 40, 'HIT@5': '0.4071', 'NDCG@5': '0.2639', 'HIT@10': '0.5780', 'NDCG@10': '0.3194', 'HIT@20': '0.7359', 'NDCG@20': '0.3594', 'MRR@5': '0.2579', 'MRR@10': '0.2579', 'MRR@20': '0.2579'}
EarlyStopping counter: 3 out of 10
{'epoch': 41, 'rec_avg_loss': '0.6330', 'rec_cur_loss': '0.6376'}
{'Epoch': 41, 'HIT@5': '0.4093', 'NDCG@5': '0.2654', 'HIT@10': '0.5790', 'NDCG@10': '0.3205', 'HIT@20': '0.7338', 'NDCG@20': '0.3596', 'MRR@5': '0.2589', 'MRR@10': '0.2589', 'MRR@20': '0.2589'}
Validation score increased.  Saving model ...
{'epoch': 42, 'rec_avg_loss': '0.6339', 'rec_cur_loss': '0.6485'}
{'Epoch': 42, 'HIT@5': '0.4093', 'NDCG@5': '0.2660', 'HIT@10': '0.5795', 'NDCG@10': '0.3212', 'HIT@20': '0.7338', 'NDCG@20': '0.3602', 'MRR@5': '0.2596', 'MRR@10': '0.2596', 'MRR@20': '0.2596'}
Validation score increased.  Saving model ...
{'epoch': 43, 'rec_avg_loss': '0.6310', 'rec_cur_loss': '0.6352'}
{'Epoch': 43, 'HIT@5': '0.4089', 'NDCG@5': '0.2658', 'HIT@10': '0.5798', 'NDCG@10': '0.3213', 'HIT@20': '0.7338', 'NDCG@20': '0.3603', 'MRR@5': '0.2597', 'MRR@10': '0.2597', 'MRR@20': '0.2597'}
Validation score increased.  Saving model ...
{'epoch': 44, 'rec_avg_loss': '0.6299', 'rec_cur_loss': '0.6297'}
{'Epoch': 44, 'HIT@5': '0.4134', 'NDCG@5': '0.2698', 'HIT@10': '0.5856', 'NDCG@10': '0.3255', 'HIT@20': '0.7348', 'NDCG@20': '0.3632', 'MRR@5': '0.2631', 'MRR@10': '0.2631', 'MRR@20': '0.2631'}
Validation score increased.  Saving model ...
{'epoch': 45, 'rec_avg_loss': '0.6287', 'rec_cur_loss': '0.6085'}
{'Epoch': 45, 'HIT@5': '0.4089', 'NDCG@5': '0.2657', 'HIT@10': '0.5831', 'NDCG@10': '0.3224', 'HIT@20': '0.7361', 'NDCG@20': '0.3612', 'MRR@5': '0.2601', 'MRR@10': '0.2601', 'MRR@20': '0.2601'}
EarlyStopping counter: 1 out of 10
{'epoch': 46, 'rec_avg_loss': '0.6308', 'rec_cur_loss': '0.6540'}
{'Epoch': 46, 'HIT@5': '0.4157', 'NDCG@5': '0.2706', 'HIT@10': '0.5874', 'NDCG@10': '0.3264', 'HIT@20': '0.7399', 'NDCG@20': '0.3650', 'MRR@5': '0.2637', 'MRR@10': '0.2637', 'MRR@20': '0.2637'}
Validation score increased.  Saving model ...
{'epoch': 47, 'rec_avg_loss': '0.6301', 'rec_cur_loss': '0.6650'}
{'Epoch': 47, 'HIT@5': '0.4103', 'NDCG@5': '0.2676', 'HIT@10': '0.5834', 'NDCG@10': '0.3239', 'HIT@20': '0.7389', 'NDCG@20': '0.3633', 'MRR@5': '0.2619', 'MRR@10': '0.2619', 'MRR@20': '0.2619'}
EarlyStopping counter: 1 out of 10
{'epoch': 48, 'rec_avg_loss': '0.6248', 'rec_cur_loss': '0.6299'}
{'Epoch': 48, 'HIT@5': '0.4118', 'NDCG@5': '0.2679', 'HIT@10': '0.5861', 'NDCG@10': '0.3245', 'HIT@20': '0.7406', 'NDCG@20': '0.3637', 'MRR@5': '0.2618', 'MRR@10': '0.2618', 'MRR@20': '0.2618'}
EarlyStopping counter: 2 out of 10
{'epoch': 49, 'rec_avg_loss': '0.6240', 'rec_cur_loss': '0.5965'}
{'Epoch': 49, 'HIT@5': '0.4182', 'NDCG@5': '0.2722', 'HIT@10': '0.5899', 'NDCG@10': '0.3280', 'HIT@20': '0.7425', 'NDCG@20': '0.3666', 'MRR@5': '0.2648', 'MRR@10': '0.2648', 'MRR@20': '0.2648'}
Validation score increased.  Saving model ...
{'epoch': 50, 'rec_avg_loss': '0.6251', 'rec_cur_loss': '0.6313'}
{'Epoch': 50, 'HIT@5': '0.4141', 'NDCG@5': '0.2697', 'HIT@10': '0.5874', 'NDCG@10': '0.3262', 'HIT@20': '0.7427', 'NDCG@20': '0.3656', 'MRR@5': '0.2635', 'MRR@10': '0.2635', 'MRR@20': '0.2635'}
EarlyStopping counter: 1 out of 10
{'epoch': 51, 'rec_avg_loss': '0.6243', 'rec_cur_loss': '0.6415'}
{'Epoch': 51, 'HIT@5': '0.4136', 'NDCG@5': '0.2700', 'HIT@10': '0.5868', 'NDCG@10': '0.3264', 'HIT@20': '0.7389', 'NDCG@20': '0.3649', 'MRR@5': '0.2639', 'MRR@10': '0.2639', 'MRR@20': '0.2639'}
EarlyStopping counter: 2 out of 10
{'epoch': 52, 'rec_avg_loss': '0.6228', 'rec_cur_loss': '0.6239'}
{'Epoch': 52, 'HIT@5': '0.4185', 'NDCG@5': '0.2736', 'HIT@10': '0.5927', 'NDCG@10': '0.3301', 'HIT@20': '0.7427', 'NDCG@20': '0.3682', 'MRR@5': '0.2668', 'MRR@10': '0.2668', 'MRR@20': '0.2668'}
Validation score increased.  Saving model ...
{'epoch': 53, 'rec_avg_loss': '0.6221', 'rec_cur_loss': '0.6447'}
{'Epoch': 53, 'HIT@5': '0.4195', 'NDCG@5': '0.2725', 'HIT@10': '0.5884', 'NDCG@10': '0.3272', 'HIT@20': '0.7396', 'NDCG@20': '0.3655', 'MRR@5': '0.2644', 'MRR@10': '0.2644', 'MRR@20': '0.2644'}
EarlyStopping counter: 1 out of 10
{'epoch': 54, 'rec_avg_loss': '0.6201', 'rec_cur_loss': '0.6078'}
{'Epoch': 54, 'HIT@5': '0.4255', 'NDCG@5': '0.2780', 'HIT@10': '0.5949', 'NDCG@10': '0.3329', 'HIT@20': '0.7435', 'NDCG@20': '0.3706', 'MRR@5': '0.2695', 'MRR@10': '0.2695', 'MRR@20': '0.2695'}
Validation score increased.  Saving model ...
{'epoch': 55, 'rec_avg_loss': '0.6217', 'rec_cur_loss': '0.6226'}
{'Epoch': 55, 'HIT@5': '0.4180', 'NDCG@5': '0.2730', 'HIT@10': '0.5916', 'NDCG@10': '0.3294', 'HIT@20': '0.7435', 'NDCG@20': '0.3679', 'MRR@5': '0.2661', 'MRR@10': '0.2661', 'MRR@20': '0.2661'}
EarlyStopping counter: 1 out of 10
{'epoch': 56, 'rec_avg_loss': '0.6200', 'rec_cur_loss': '0.6401'}
{'Epoch': 56, 'HIT@5': '0.4255', 'NDCG@5': '0.2786', 'HIT@10': '0.5964', 'NDCG@10': '0.3340', 'HIT@20': '0.7452', 'NDCG@20': '0.3717', 'MRR@5': '0.2705', 'MRR@10': '0.2705', 'MRR@20': '0.2705'}
Validation score increased.  Saving model ...
{'epoch': 57, 'rec_avg_loss': '0.6188', 'rec_cur_loss': '0.6106'}
{'Epoch': 57, 'HIT@5': '0.4235', 'NDCG@5': '0.2761', 'HIT@10': '0.5962', 'NDCG@10': '0.3321', 'HIT@20': '0.7447', 'NDCG@20': '0.3698', 'MRR@5': '0.2680', 'MRR@10': '0.2680', 'MRR@20': '0.2680'}
EarlyStopping counter: 1 out of 10
{'epoch': 58, 'rec_avg_loss': '0.6184', 'rec_cur_loss': '0.6023'}
{'Epoch': 58, 'HIT@5': '0.4238', 'NDCG@5': '0.2782', 'HIT@10': '0.5937', 'NDCG@10': '0.3333', 'HIT@20': '0.7455', 'NDCG@20': '0.3717', 'MRR@5': '0.2704', 'MRR@10': '0.2704', 'MRR@20': '0.2704'}
EarlyStopping counter: 2 out of 10
{'epoch': 59, 'rec_avg_loss': '0.6188', 'rec_cur_loss': '0.6140'}
{'Epoch': 59, 'HIT@5': '0.4275', 'NDCG@5': '0.2790', 'HIT@10': '0.5944', 'NDCG@10': '0.3332', 'HIT@20': '0.7470', 'NDCG@20': '0.3719', 'MRR@5': '0.2702', 'MRR@10': '0.2702', 'MRR@20': '0.2702'}
EarlyStopping counter: 3 out of 10
{'epoch': 60, 'rec_avg_loss': '0.6170', 'rec_cur_loss': '0.6467'}
{'Epoch': 60, 'HIT@5': '0.4200', 'NDCG@5': '0.2736', 'HIT@10': '0.5945', 'NDCG@10': '0.3303', 'HIT@20': '0.7474', 'NDCG@20': '0.3689', 'MRR@5': '0.2663', 'MRR@10': '0.2663', 'MRR@20': '0.2663'}
EarlyStopping counter: 4 out of 10
{'epoch': 61, 'rec_avg_loss': '0.6150', 'rec_cur_loss': '0.5920'}
{'Epoch': 61, 'HIT@5': '0.4235', 'NDCG@5': '0.2773', 'HIT@10': '0.5975', 'NDCG@10': '0.3339', 'HIT@20': '0.7464', 'NDCG@20': '0.3715', 'MRR@5': '0.2698', 'MRR@10': '0.2698', 'MRR@20': '0.2698'}
EarlyStopping counter: 5 out of 10
{'epoch': 62, 'rec_avg_loss': '0.6155', 'rec_cur_loss': '0.5912'}
{'Epoch': 62, 'HIT@5': '0.4313', 'NDCG@5': '0.2821', 'HIT@10': '0.5978', 'NDCG@10': '0.3362', 'HIT@20': '0.7507', 'NDCG@20': '0.3748', 'MRR@5': '0.2727', 'MRR@10': '0.2727', 'MRR@20': '0.2727'}
Validation score increased.  Saving model ...
{'epoch': 63, 'rec_avg_loss': '0.6147', 'rec_cur_loss': '0.6182'}
{'Epoch': 63, 'HIT@5': '0.4325', 'NDCG@5': '0.2827', 'HIT@10': '0.6031', 'NDCG@10': '0.3383', 'HIT@20': '0.7508', 'NDCG@20': '0.3758', 'MRR@5': '0.2737', 'MRR@10': '0.2737', 'MRR@20': '0.2737'}
Validation score increased.  Saving model ...
{'epoch': 64, 'rec_avg_loss': '0.6167', 'rec_cur_loss': '0.6085'}
{'Epoch': 64, 'HIT@5': '0.4325', 'NDCG@5': '0.2840', 'HIT@10': '0.6023', 'NDCG@10': '0.3392', 'HIT@20': '0.7535', 'NDCG@20': '0.3776', 'MRR@5': '0.2753', 'MRR@10': '0.2753', 'MRR@20': '0.2753'}
Validation score increased.  Saving model ...
{'epoch': 65, 'rec_avg_loss': '0.6147', 'rec_cur_loss': '0.6405'}
{'Epoch': 65, 'HIT@5': '0.4288', 'NDCG@5': '0.2820', 'HIT@10': '0.5992', 'NDCG@10': '0.3374', 'HIT@20': '0.7507', 'NDCG@20': '0.3757', 'MRR@5': '0.2739', 'MRR@10': '0.2739', 'MRR@20': '0.2739'}
EarlyStopping counter: 1 out of 10
{'epoch': 66, 'rec_avg_loss': '0.6147', 'rec_cur_loss': '0.6252'}
{'Epoch': 66, 'HIT@5': '0.4341', 'NDCG@5': '0.2836', 'HIT@10': '0.5993', 'NDCG@10': '0.3373', 'HIT@20': '0.7503', 'NDCG@20': '0.3755', 'MRR@5': '0.2736', 'MRR@10': '0.2736', 'MRR@20': '0.2736'}
EarlyStopping counter: 2 out of 10
{'epoch': 67, 'rec_avg_loss': '0.6119', 'rec_cur_loss': '0.6016'}
{'Epoch': 67, 'HIT@5': '0.4311', 'NDCG@5': '0.2831', 'HIT@10': '0.5978', 'NDCG@10': '0.3374', 'HIT@20': '0.7493', 'NDCG@20': '0.3758', 'MRR@5': '0.2743', 'MRR@10': '0.2743', 'MRR@20': '0.2743'}
EarlyStopping counter: 3 out of 10
{'epoch': 68, 'rec_avg_loss': '0.6118', 'rec_cur_loss': '0.6065'}
{'Epoch': 68, 'HIT@5': '0.4349', 'NDCG@5': '0.2838', 'HIT@10': '0.5995', 'NDCG@10': '0.3373', 'HIT@20': '0.7508', 'NDCG@20': '0.3757', 'MRR@5': '0.2736', 'MRR@10': '0.2736', 'MRR@20': '0.2736'}
EarlyStopping counter: 4 out of 10
{'epoch': 69, 'rec_avg_loss': '0.6126', 'rec_cur_loss': '0.6262'}
{'Epoch': 69, 'HIT@5': '0.4331', 'NDCG@5': '0.2849', 'HIT@10': '0.6055', 'NDCG@10': '0.3409', 'HIT@20': '0.7550', 'NDCG@20': '0.3788', 'MRR@5': '0.2764', 'MRR@10': '0.2764', 'MRR@20': '0.2764'}
Validation score increased.  Saving model ...
{'epoch': 70, 'rec_avg_loss': '0.6123', 'rec_cur_loss': '0.5826'}
{'Epoch': 70, 'HIT@5': '0.4316', 'NDCG@5': '0.2832', 'HIT@10': '0.6000', 'NDCG@10': '0.3380', 'HIT@20': '0.7517', 'NDCG@20': '0.3764', 'MRR@5': '0.2744', 'MRR@10': '0.2744', 'MRR@20': '0.2744'}
EarlyStopping counter: 1 out of 10
{'epoch': 71, 'rec_avg_loss': '0.6095', 'rec_cur_loss': '0.6228'}
{'Epoch': 71, 'HIT@5': '0.4341', 'NDCG@5': '0.2854', 'HIT@10': '0.6055', 'NDCG@10': '0.3412', 'HIT@20': '0.7528', 'NDCG@20': '0.3786', 'MRR@5': '0.2767', 'MRR@10': '0.2767', 'MRR@20': '0.2767'}
Validation score increased.  Saving model ...
{'epoch': 72, 'rec_avg_loss': '0.6111', 'rec_cur_loss': '0.6049'}
{'Epoch': 72, 'HIT@5': '0.4394', 'NDCG@5': '0.2893', 'HIT@10': '0.6078', 'NDCG@10': '0.3441', 'HIT@20': '0.7553', 'NDCG@20': '0.3815', 'MRR@5': '0.2796', 'MRR@10': '0.2796', 'MRR@20': '0.2796'}
Validation score increased.  Saving model ...
{'epoch': 73, 'rec_avg_loss': '0.6095', 'rec_cur_loss': '0.6024'}
{'Epoch': 73, 'HIT@5': '0.4376', 'NDCG@5': '0.2870', 'HIT@10': '0.6033', 'NDCG@10': '0.3407', 'HIT@20': '0.7526', 'NDCG@20': '0.3785', 'MRR@5': '0.2768', 'MRR@10': '0.2768', 'MRR@20': '0.2768'}
EarlyStopping counter: 1 out of 10
{'epoch': 74, 'rec_avg_loss': '0.6093', 'rec_cur_loss': '0.6354'}
{'Epoch': 74, 'HIT@5': '0.4401', 'NDCG@5': '0.2888', 'HIT@10': '0.6053', 'NDCG@10': '0.3424', 'HIT@20': '0.7543', 'NDCG@20': '0.3802', 'MRR@5': '0.2782', 'MRR@10': '0.2782', 'MRR@20': '0.2782'}
EarlyStopping counter: 2 out of 10
{'epoch': 75, 'rec_avg_loss': '0.6067', 'rec_cur_loss': '0.6017'}
{'Epoch': 75, 'HIT@5': '0.4363', 'NDCG@5': '0.2882', 'HIT@10': '0.6055', 'NDCG@10': '0.3433', 'HIT@20': '0.7541', 'NDCG@20': '0.3811', 'MRR@5': '0.2796', 'MRR@10': '0.2796', 'MRR@20': '0.2796'}
Validation score increased.  Saving model ...
{'epoch': 76, 'rec_avg_loss': '0.6060', 'rec_cur_loss': '0.5996'}
{'Epoch': 76, 'HIT@5': '0.4401', 'NDCG@5': '0.2878', 'HIT@10': '0.6048', 'NDCG@10': '0.3412', 'HIT@20': '0.7528', 'NDCG@20': '0.3788', 'MRR@5': '0.2769', 'MRR@10': '0.2769', 'MRR@20': '0.2769'}
EarlyStopping counter: 1 out of 10
{'epoch': 77, 'rec_avg_loss': '0.6052', 'rec_cur_loss': '0.6212'}
{'Epoch': 77, 'HIT@5': '0.4359', 'NDCG@5': '0.2856', 'HIT@10': '0.6050', 'NDCG@10': '0.3406', 'HIT@20': '0.7545', 'NDCG@20': '0.3784', 'MRR@5': '0.2760', 'MRR@10': '0.2760', 'MRR@20': '0.2760'}
EarlyStopping counter: 2 out of 10
{'epoch': 78, 'rec_avg_loss': '0.6051', 'rec_cur_loss': '0.5843'}
{'Epoch': 78, 'HIT@5': '0.4406', 'NDCG@5': '0.2881', 'HIT@10': '0.6094', 'NDCG@10': '0.3429', 'HIT@20': '0.7565', 'NDCG@20': '0.3802', 'MRR@5': '0.2775', 'MRR@10': '0.2775', 'MRR@20': '0.2775'}
EarlyStopping counter: 3 out of 10
{'epoch': 79, 'rec_avg_loss': '0.6069', 'rec_cur_loss': '0.6235'}
{'Epoch': 79, 'HIT@5': '0.4363', 'NDCG@5': '0.2861', 'HIT@10': '0.6015', 'NDCG@10': '0.3397', 'HIT@20': '0.7522', 'NDCG@20': '0.3780', 'MRR@5': '0.2761', 'MRR@10': '0.2761', 'MRR@20': '0.2761'}
EarlyStopping counter: 4 out of 10
{'epoch': 80, 'rec_avg_loss': '0.6030', 'rec_cur_loss': '0.6261'}
{'Epoch': 80, 'HIT@5': '0.4354', 'NDCG@5': '0.2865', 'HIT@10': '0.6045', 'NDCG@10': '0.3414', 'HIT@20': '0.7550', 'NDCG@20': '0.3796', 'MRR@5': '0.2774', 'MRR@10': '0.2774', 'MRR@20': '0.2774'}
EarlyStopping counter: 5 out of 10
{'epoch': 81, 'rec_avg_loss': '0.6047', 'rec_cur_loss': '0.6082'}
{'Epoch': 81, 'HIT@5': '0.4348', 'NDCG@5': '0.2866', 'HIT@10': '0.6099', 'NDCG@10': '0.3435', 'HIT@20': '0.7570', 'NDCG@20': '0.3808', 'MRR@5': '0.2782', 'MRR@10': '0.2782', 'MRR@20': '0.2782'}
EarlyStopping counter: 6 out of 10
{'epoch': 82, 'rec_avg_loss': '0.6033', 'rec_cur_loss': '0.6180'}
{'Epoch': 82, 'HIT@5': '0.4391', 'NDCG@5': '0.2874', 'HIT@10': '0.6068', 'NDCG@10': '0.3419', 'HIT@20': '0.7536', 'NDCG@20': '0.3792', 'MRR@5': '0.2771', 'MRR@10': '0.2771', 'MRR@20': '0.2771'}
EarlyStopping counter: 7 out of 10
{'epoch': 83, 'rec_avg_loss': '0.6030', 'rec_cur_loss': '0.5834'}
{'Epoch': 83, 'HIT@5': '0.4445', 'NDCG@5': '0.2904', 'HIT@10': '0.6098', 'NDCG@10': '0.3440', 'HIT@20': '0.7571', 'NDCG@20': '0.3814', 'MRR@5': '0.2787', 'MRR@10': '0.2787', 'MRR@20': '0.2787'}
EarlyStopping counter: 8 out of 10
{'epoch': 84, 'rec_avg_loss': '0.6023', 'rec_cur_loss': '0.5686'}
{'Epoch': 84, 'HIT@5': '0.4474', 'NDCG@5': '0.2944', 'HIT@10': '0.6132', 'NDCG@10': '0.3483', 'HIT@20': '0.7606', 'NDCG@20': '0.3856', 'MRR@5': '0.2831', 'MRR@10': '0.2831', 'MRR@20': '0.2831'}
Validation score increased.  Saving model ...
{'epoch': 85, 'rec_avg_loss': '0.6026', 'rec_cur_loss': '0.6123'}
{'Epoch': 85, 'HIT@5': '0.4455', 'NDCG@5': '0.2922', 'HIT@10': '0.6118', 'NDCG@10': '0.3461', 'HIT@20': '0.7618', 'NDCG@20': '0.3842', 'MRR@5': '0.2809', 'MRR@10': '0.2809', 'MRR@20': '0.2809'}
EarlyStopping counter: 1 out of 10
{'epoch': 86, 'rec_avg_loss': '0.6013', 'rec_cur_loss': '0.6204'}
{'Epoch': 86, 'HIT@5': '0.4449', 'NDCG@5': '0.2925', 'HIT@10': '0.6113', 'NDCG@10': '0.3465', 'HIT@20': '0.7583', 'NDCG@20': '0.3839', 'MRR@5': '0.2816', 'MRR@10': '0.2816', 'MRR@20': '0.2816'}
EarlyStopping counter: 2 out of 10
{'epoch': 87, 'rec_avg_loss': '0.6005', 'rec_cur_loss': '0.6150'}
{'Epoch': 87, 'HIT@5': '0.4470', 'NDCG@5': '0.2930', 'HIT@10': '0.6177', 'NDCG@10': '0.3482', 'HIT@20': '0.7599', 'NDCG@20': '0.3842', 'MRR@5': '0.2815', 'MRR@10': '0.2815', 'MRR@20': '0.2815'}
EarlyStopping counter: 3 out of 10
{'epoch': 88, 'rec_avg_loss': '0.6017', 'rec_cur_loss': '0.5896'}
{'Epoch': 88, 'HIT@5': '0.4470', 'NDCG@5': '0.2937', 'HIT@10': '0.6149', 'NDCG@10': '0.3480', 'HIT@20': '0.7581', 'NDCG@20': '0.3844', 'MRR@5': '0.2823', 'MRR@10': '0.2823', 'MRR@20': '0.2823'}
EarlyStopping counter: 4 out of 10
{'epoch': 89, 'rec_avg_loss': '0.5981', 'rec_cur_loss': '0.5953'}
{'Epoch': 89, 'HIT@5': '0.4437', 'NDCG@5': '0.2921', 'HIT@10': '0.6111', 'NDCG@10': '0.3464', 'HIT@20': '0.7578', 'NDCG@20': '0.3837', 'MRR@5': '0.2815', 'MRR@10': '0.2815', 'MRR@20': '0.2815'}
EarlyStopping counter: 5 out of 10
{'epoch': 90, 'rec_avg_loss': '0.6013', 'rec_cur_loss': '0.6089'}
{'Epoch': 90, 'HIT@5': '0.4389', 'NDCG@5': '0.2884', 'HIT@10': '0.6088', 'NDCG@10': '0.3436', 'HIT@20': '0.7561', 'NDCG@20': '0.3810', 'MRR@5': '0.2786', 'MRR@10': '0.2786', 'MRR@20': '0.2786'}
EarlyStopping counter: 6 out of 10
{'epoch': 91, 'rec_avg_loss': '0.6020', 'rec_cur_loss': '0.6078'}
{'Epoch': 91, 'HIT@5': '0.4397', 'NDCG@5': '0.2896', 'HIT@10': '0.6106', 'NDCG@10': '0.3452', 'HIT@20': '0.7579', 'NDCG@20': '0.3826', 'MRR@5': '0.2801', 'MRR@10': '0.2801', 'MRR@20': '0.2801'}
EarlyStopping counter: 7 out of 10
{'epoch': 92, 'rec_avg_loss': '0.5991', 'rec_cur_loss': '0.5919'}
{'Epoch': 92, 'HIT@5': '0.4449', 'NDCG@5': '0.2930', 'HIT@10': '0.6137', 'NDCG@10': '0.3479', 'HIT@20': '0.7598', 'NDCG@20': '0.3850', 'MRR@5': '0.2824', 'MRR@10': '0.2824', 'MRR@20': '0.2824'}
EarlyStopping counter: 8 out of 10
{'epoch': 93, 'rec_avg_loss': '0.6006', 'rec_cur_loss': '0.6020'}
{'Epoch': 93, 'HIT@5': '0.4475', 'NDCG@5': '0.2963', 'HIT@10': '0.6175', 'NDCG@10': '0.3515', 'HIT@20': '0.7619', 'NDCG@20': '0.3881', 'MRR@5': '0.2858', 'MRR@10': '0.2858', 'MRR@20': '0.2858'}
Validation score increased.  Saving model ...
{'epoch': 94, 'rec_avg_loss': '0.5980', 'rec_cur_loss': '0.6159'}
{'Epoch': 94, 'HIT@5': '0.4505', 'NDCG@5': '0.2965', 'HIT@10': '0.6139', 'NDCG@10': '0.3496', 'HIT@20': '0.7599', 'NDCG@20': '0.3867', 'MRR@5': '0.2846', 'MRR@10': '0.2846', 'MRR@20': '0.2846'}
EarlyStopping counter: 1 out of 10
{'epoch': 95, 'rec_avg_loss': '0.6022', 'rec_cur_loss': '0.6093'}
{'Epoch': 95, 'HIT@5': '0.4445', 'NDCG@5': '0.2922', 'HIT@10': '0.6126', 'NDCG@10': '0.3468', 'HIT@20': '0.7565', 'NDCG@20': '0.3834', 'MRR@5': '0.2814', 'MRR@10': '0.2814', 'MRR@20': '0.2814'}
EarlyStopping counter: 2 out of 10
{'epoch': 96, 'rec_avg_loss': '0.5962', 'rec_cur_loss': '0.5791'}
{'Epoch': 96, 'HIT@5': '0.4485', 'NDCG@5': '0.2956', 'HIT@10': '0.6142', 'NDCG@10': '0.3494', 'HIT@20': '0.7591', 'NDCG@20': '0.3862', 'MRR@5': '0.2842', 'MRR@10': '0.2842', 'MRR@20': '0.2842'}
EarlyStopping counter: 3 out of 10
{'epoch': 97, 'rec_avg_loss': '0.5956', 'rec_cur_loss': '0.6050'}
{'Epoch': 97, 'HIT@5': '0.4465', 'NDCG@5': '0.2927', 'HIT@10': '0.6091', 'NDCG@10': '0.3456', 'HIT@20': '0.7576', 'NDCG@20': '0.3833', 'MRR@5': '0.2811', 'MRR@10': '0.2811', 'MRR@20': '0.2811'}
EarlyStopping counter: 4 out of 10
{'epoch': 98, 'rec_avg_loss': '0.5947', 'rec_cur_loss': '0.6000'}
{'Epoch': 98, 'HIT@5': '0.4556', 'NDCG@5': '0.3000', 'HIT@10': '0.6185', 'NDCG@10': '0.3528', 'HIT@20': '0.7614', 'NDCG@20': '0.3891', 'MRR@5': '0.2871', 'MRR@10': '0.2871', 'MRR@20': '0.2871'}
Validation score increased.  Saving model ...
{'epoch': 99, 'rec_avg_loss': '0.5972', 'rec_cur_loss': '0.5879'}
{'Epoch': 99, 'HIT@5': '0.4503', 'NDCG@5': '0.2951', 'HIT@10': '0.6146', 'NDCG@10': '0.3485', 'HIT@20': '0.7632', 'NDCG@20': '0.3862', 'MRR@5': '0.2828', 'MRR@10': '0.2828', 'MRR@20': '0.2828'}
EarlyStopping counter: 1 out of 10
{'epoch': 100, 'rec_avg_loss': '0.5945', 'rec_cur_loss': '0.5970'}
{'Epoch': 100, 'HIT@5': '0.4538', 'NDCG@5': '0.2982', 'HIT@10': '0.6179', 'NDCG@10': '0.3515', 'HIT@20': '0.7619', 'NDCG@20': '0.3881', 'MRR@5': '0.2857', 'MRR@10': '0.2857', 'MRR@20': '0.2857'}
EarlyStopping counter: 2 out of 10
{'epoch': 101, 'rec_avg_loss': '0.5930', 'rec_cur_loss': '0.5891'}
{'Epoch': 101, 'HIT@5': '0.4517', 'NDCG@5': '0.2976', 'HIT@10': '0.6162', 'NDCG@10': '0.3511', 'HIT@20': '0.7601', 'NDCG@20': '0.3875', 'MRR@5': '0.2855', 'MRR@10': '0.2855', 'MRR@20': '0.2855'}
EarlyStopping counter: 3 out of 10
{'epoch': 102, 'rec_avg_loss': '0.5922', 'rec_cur_loss': '0.5589'}
{'Epoch': 102, 'HIT@5': '0.4482', 'NDCG@5': '0.2945', 'HIT@10': '0.6109', 'NDCG@10': '0.3473', 'HIT@20': '0.7593', 'NDCG@20': '0.3849', 'MRR@5': '0.2826', 'MRR@10': '0.2826', 'MRR@20': '0.2826'}
EarlyStopping counter: 4 out of 10
{'epoch': 103, 'rec_avg_loss': '0.5917', 'rec_cur_loss': '0.5878'}
{'Epoch': 103, 'HIT@5': '0.4500', 'NDCG@5': '0.2959', 'HIT@10': '0.6156', 'NDCG@10': '0.3497', 'HIT@20': '0.7614', 'NDCG@20': '0.3866', 'MRR@5': '0.2840', 'MRR@10': '0.2840', 'MRR@20': '0.2840'}
EarlyStopping counter: 5 out of 10
{'epoch': 104, 'rec_avg_loss': '0.5915', 'rec_cur_loss': '0.5968'}
{'Epoch': 104, 'HIT@5': '0.4488', 'NDCG@5': '0.2957', 'HIT@10': '0.6136', 'NDCG@10': '0.3493', 'HIT@20': '0.7626', 'NDCG@20': '0.3871', 'MRR@5': '0.2843', 'MRR@10': '0.2843', 'MRR@20': '0.2843'}
EarlyStopping counter: 6 out of 10
{'epoch': 105, 'rec_avg_loss': '0.5922', 'rec_cur_loss': '0.5953'}
{'Epoch': 105, 'HIT@5': '0.4526', 'NDCG@5': '0.2975', 'HIT@10': '0.6172', 'NDCG@10': '0.3510', 'HIT@20': '0.7616', 'NDCG@20': '0.3876', 'MRR@5': '0.2851', 'MRR@10': '0.2851', 'MRR@20': '0.2851'}
EarlyStopping counter: 7 out of 10
{'epoch': 106, 'rec_avg_loss': '0.5925', 'rec_cur_loss': '0.5813'}
{'Epoch': 106, 'HIT@5': '0.4551', 'NDCG@5': '0.2995', 'HIT@10': '0.6195', 'NDCG@10': '0.3529', 'HIT@20': '0.7647', 'NDCG@20': '0.3898', 'MRR@5': '0.2869', 'MRR@10': '0.2869', 'MRR@20': '0.2869'}
EarlyStopping counter: 8 out of 10
{'epoch': 107, 'rec_avg_loss': '0.5889', 'rec_cur_loss': '0.5953'}
{'Epoch': 107, 'HIT@5': '0.4510', 'NDCG@5': '0.2971', 'HIT@10': '0.6134', 'NDCG@10': '0.3500', 'HIT@20': '0.7603', 'NDCG@20': '0.3872', 'MRR@5': '0.2851', 'MRR@10': '0.2851', 'MRR@20': '0.2851'}
EarlyStopping counter: 9 out of 10
{'epoch': 108, 'rec_avg_loss': '0.5903', 'rec_cur_loss': '0.5990'}
{'Epoch': 108, 'HIT@5': '0.4508', 'NDCG@5': '0.2980', 'HIT@10': '0.6147', 'NDCG@10': '0.3513', 'HIT@20': '0.7603', 'NDCG@20': '0.3882', 'MRR@5': '0.2865', 'MRR@10': '0.2865', 'MRR@20': '0.2865'}
EarlyStopping counter: 10 out of 10
Early stopping
---------------Sample 99 results-------------------
{'Epoch': 0, 'HIT@5': '0.4215', 'NDCG@5': '0.2818', 'HIT@10': '0.5919', 'NDCG@10': '0.3369', 'HIT@20': '0.7356', 'NDCG@20': '0.3734', 'MRR@5': '0.2754', 'MRR@10': '0.2754', 'MRR@20': '0.2754'}
Finetune_sample-ml-1m-100
{'Epoch': 0, 'HIT@5': '0.4215', 'NDCG@5': '0.2818', 'HIT@10': '0.5919', 'NDCG@10': '0.3369', 'HIT@20': '0.7356', 'NDCG@20': '0.3734', 'MRR@5': '0.2754', 'MRR@10': '0.2754', 'MRR@20': '0.2754'}
