Namespace(adam_beta1=0.9, adam_beta2=0.999, attention_probs_dropout_prob=0.2, batch_size=128, ckp=90, cuda_condition=True, data_dir='./data/', data_file='./data/ml-1m.txt', data_name='ml-1m', do_eval=False, epochs=300, gpu_id='0', hidden_act='gelu', hidden_dropout_prob=0.2, hidden_size=64, initializer_range=0.02, item_size=3418, log_file='output/Finetune_sample-ml-1m-90-pop.txt', log_freq=1, lr=0.001, mask_id=3417, max_seq_length=50, model_name='Finetune_sample', no_cuda=False, num_attention_heads=1, num_hidden_layers=2, output_dir='output/', sample_file='./data/ml-1m_sample.txt', seed=42, weight_decay=0.0)
Total Parameters: 338688
Load Checkpoint From output/ml-1m-epochs-90-pop.pt!
{'epoch': 0, 'rec_avg_loss': '0.8000', 'rec_cur_loss': '0.7450'}
{'Epoch': 0, 'HIT@5': '0.2882', 'NDCG@5': '0.1788', 'HIT@10': '0.4715', 'NDCG@10': '0.2378', 'HIT@20': '0.6608', 'NDCG@20': '0.2857', 'MRR@5': '0.1898', 'MRR@10': '0.1898', 'MRR@20': '0.1898'}
Validation score increased.  Saving model ...
{'epoch': 1, 'rec_avg_loss': '0.6687', 'rec_cur_loss': '0.6076'}
{'Epoch': 1, 'HIT@5': '0.3267', 'NDCG@5': '0.2043', 'HIT@10': '0.5081', 'NDCG@10': '0.2627', 'HIT@20': '0.6942', 'NDCG@20': '0.3097', 'MRR@5': '0.2097', 'MRR@10': '0.2097', 'MRR@20': '0.2097'}
Validation score increased.  Saving model ...
{'epoch': 2, 'rec_avg_loss': '0.6390', 'rec_cur_loss': '0.6963'}
{'Epoch': 2, 'HIT@5': '0.3500', 'NDCG@5': '0.2217', 'HIT@10': '0.5333', 'NDCG@10': '0.2809', 'HIT@20': '0.7161', 'NDCG@20': '0.3273', 'MRR@5': '0.2247', 'MRR@10': '0.2247', 'MRR@20': '0.2247'}
Validation score increased.  Saving model ...
{'epoch': 3, 'rec_avg_loss': '0.6226', 'rec_cur_loss': '0.6283'}
{'Epoch': 3, 'HIT@5': '0.3667', 'NDCG@5': '0.2328', 'HIT@10': '0.5550', 'NDCG@10': '0.2937', 'HIT@20': '0.7258', 'NDCG@20': '0.3371', 'MRR@5': '0.2335', 'MRR@10': '0.2335', 'MRR@20': '0.2335'}
Validation score increased.  Saving model ...
{'epoch': 4, 'rec_avg_loss': '0.6089', 'rec_cur_loss': '0.6017'}
{'Epoch': 4, 'HIT@5': '0.3750', 'NDCG@5': '0.2400', 'HIT@10': '0.5677', 'NDCG@10': '0.3023', 'HIT@20': '0.7334', 'NDCG@20': '0.3445', 'MRR@5': '0.2403', 'MRR@10': '0.2403', 'MRR@20': '0.2403'}
Validation score increased.  Saving model ...
{'epoch': 5, 'rec_avg_loss': '0.5968', 'rec_cur_loss': '0.5541'}
{'Epoch': 5, 'HIT@5': '0.3906', 'NDCG@5': '0.2505', 'HIT@10': '0.5781', 'NDCG@10': '0.3110', 'HIT@20': '0.7364', 'NDCG@20': '0.3513', 'MRR@5': '0.2477', 'MRR@10': '0.2477', 'MRR@20': '0.2477'}
Validation score increased.  Saving model ...
{'epoch': 6, 'rec_avg_loss': '0.5906', 'rec_cur_loss': '0.6380'}
{'Epoch': 6, 'HIT@5': '0.3959', 'NDCG@5': '0.2545', 'HIT@10': '0.5829', 'NDCG@10': '0.3149', 'HIT@20': '0.7440', 'NDCG@20': '0.3558', 'MRR@5': '0.2511', 'MRR@10': '0.2511', 'MRR@20': '0.2511'}
Validation score increased.  Saving model ...
{'epoch': 7, 'rec_avg_loss': '0.5883', 'rec_cur_loss': '0.5707'}
{'Epoch': 7, 'HIT@5': '0.4041', 'NDCG@5': '0.2601', 'HIT@10': '0.5886', 'NDCG@10': '0.3197', 'HIT@20': '0.7460', 'NDCG@20': '0.3598', 'MRR@5': '0.2555', 'MRR@10': '0.2555', 'MRR@20': '0.2555'}
Validation score increased.  Saving model ...
{'epoch': 8, 'rec_avg_loss': '0.5845', 'rec_cur_loss': '0.6482'}
{'Epoch': 8, 'HIT@5': '0.4101', 'NDCG@5': '0.2658', 'HIT@10': '0.5916', 'NDCG@10': '0.3245', 'HIT@20': '0.7452', 'NDCG@20': '0.3636', 'MRR@5': '0.2604', 'MRR@10': '0.2604', 'MRR@20': '0.2604'}
Validation score increased.  Saving model ...
{'epoch': 9, 'rec_avg_loss': '0.5762', 'rec_cur_loss': '0.5782'}
{'Epoch': 9, 'HIT@5': '0.4180', 'NDCG@5': '0.2708', 'HIT@10': '0.5997', 'NDCG@10': '0.3294', 'HIT@20': '0.7510', 'NDCG@20': '0.3679', 'MRR@5': '0.2639', 'MRR@10': '0.2639', 'MRR@20': '0.2639'}
Validation score increased.  Saving model ...
{'epoch': 10, 'rec_avg_loss': '0.5734', 'rec_cur_loss': '0.5550'}
{'Epoch': 10, 'HIT@5': '0.4179', 'NDCG@5': '0.2699', 'HIT@10': '0.6012', 'NDCG@10': '0.3292', 'HIT@20': '0.7536', 'NDCG@20': '0.3679', 'MRR@5': '0.2632', 'MRR@10': '0.2632', 'MRR@20': '0.2632'}
EarlyStopping counter: 1 out of 10
{'epoch': 11, 'rec_avg_loss': '0.5707', 'rec_cur_loss': '0.5853'}
{'Epoch': 11, 'HIT@5': '0.4276', 'NDCG@5': '0.2787', 'HIT@10': '0.6106', 'NDCG@10': '0.3379', 'HIT@20': '0.7558', 'NDCG@20': '0.3747', 'MRR@5': '0.2709', 'MRR@10': '0.2709', 'MRR@20': '0.2709'}
Validation score increased.  Saving model ...
{'epoch': 12, 'rec_avg_loss': '0.5655', 'rec_cur_loss': '0.5254'}
{'Epoch': 12, 'HIT@5': '0.4166', 'NDCG@5': '0.2716', 'HIT@10': '0.6036', 'NDCG@10': '0.3322', 'HIT@20': '0.7530', 'NDCG@20': '0.3701', 'MRR@5': '0.2661', 'MRR@10': '0.2661', 'MRR@20': '0.2661'}
EarlyStopping counter: 1 out of 10
{'epoch': 13, 'rec_avg_loss': '0.5659', 'rec_cur_loss': '0.5876'}
{'Epoch': 13, 'HIT@5': '0.4305', 'NDCG@5': '0.2813', 'HIT@10': '0.6126', 'NDCG@10': '0.3402', 'HIT@20': '0.7573', 'NDCG@20': '0.3769', 'MRR@5': '0.2733', 'MRR@10': '0.2733', 'MRR@20': '0.2733'}
Validation score increased.  Saving model ...
{'epoch': 14, 'rec_avg_loss': '0.5632', 'rec_cur_loss': '0.6049'}
{'Epoch': 14, 'HIT@5': '0.4379', 'NDCG@5': '0.2849', 'HIT@10': '0.6132', 'NDCG@10': '0.3416', 'HIT@20': '0.7586', 'NDCG@20': '0.3786', 'MRR@5': '0.2749', 'MRR@10': '0.2749', 'MRR@20': '0.2749'}
Validation score increased.  Saving model ...
{'epoch': 15, 'rec_avg_loss': '0.5569', 'rec_cur_loss': '0.5240'}
{'Epoch': 15, 'HIT@5': '0.4296', 'NDCG@5': '0.2804', 'HIT@10': '0.6149', 'NDCG@10': '0.3403', 'HIT@20': '0.7575', 'NDCG@20': '0.3764', 'MRR@5': '0.2725', 'MRR@10': '0.2725', 'MRR@20': '0.2725'}
EarlyStopping counter: 1 out of 10
{'epoch': 16, 'rec_avg_loss': '0.5569', 'rec_cur_loss': '0.5642'}
{'Epoch': 16, 'HIT@5': '0.4455', 'NDCG@5': '0.2918', 'HIT@10': '0.6189', 'NDCG@10': '0.3479', 'HIT@20': '0.7627', 'NDCG@20': '0.3845', 'MRR@5': '0.2810', 'MRR@10': '0.2810', 'MRR@20': '0.2810'}
Validation score increased.  Saving model ...
{'epoch': 17, 'rec_avg_loss': '0.5562', 'rec_cur_loss': '0.5718'}
{'Epoch': 17, 'HIT@5': '0.4437', 'NDCG@5': '0.2913', 'HIT@10': '0.6185', 'NDCG@10': '0.3480', 'HIT@20': '0.7647', 'NDCG@20': '0.3851', 'MRR@5': '0.2813', 'MRR@10': '0.2813', 'MRR@20': '0.2813'}
Validation score increased.  Saving model ...
{'epoch': 18, 'rec_avg_loss': '0.5510', 'rec_cur_loss': '0.4346'}
{'Epoch': 18, 'HIT@5': '0.4421', 'NDCG@5': '0.2897', 'HIT@10': '0.6187', 'NDCG@10': '0.3469', 'HIT@20': '0.7603', 'NDCG@20': '0.3828', 'MRR@5': '0.2797', 'MRR@10': '0.2797', 'MRR@20': '0.2797'}
EarlyStopping counter: 1 out of 10
{'epoch': 19, 'rec_avg_loss': '0.5506', 'rec_cur_loss': '0.5613'}
{'Epoch': 19, 'HIT@5': '0.4465', 'NDCG@5': '0.2925', 'HIT@10': '0.6192', 'NDCG@10': '0.3485', 'HIT@20': '0.7626', 'NDCG@20': '0.3850', 'MRR@5': '0.2816', 'MRR@10': '0.2816', 'MRR@20': '0.2816'}
Validation score increased.  Saving model ...
{'epoch': 20, 'rec_avg_loss': '0.5472', 'rec_cur_loss': '0.5226'}
{'Epoch': 20, 'HIT@5': '0.4467', 'NDCG@5': '0.2948', 'HIT@10': '0.6210', 'NDCG@10': '0.3514', 'HIT@20': '0.7639', 'NDCG@20': '0.3876', 'MRR@5': '0.2846', 'MRR@10': '0.2846', 'MRR@20': '0.2846'}
Validation score increased.  Saving model ...
{'epoch': 21, 'rec_avg_loss': '0.5460', 'rec_cur_loss': '0.5181'}
{'Epoch': 21, 'HIT@5': '0.4522', 'NDCG@5': '0.2961', 'HIT@10': '0.6240', 'NDCG@10': '0.3519', 'HIT@20': '0.7692', 'NDCG@20': '0.3887', 'MRR@5': '0.2842', 'MRR@10': '0.2842', 'MRR@20': '0.2842'}
EarlyStopping counter: 1 out of 10
{'epoch': 22, 'rec_avg_loss': '0.5451', 'rec_cur_loss': '0.6430'}
{'Epoch': 22, 'HIT@5': '0.4525', 'NDCG@5': '0.2965', 'HIT@10': '0.6247', 'NDCG@10': '0.3523', 'HIT@20': '0.7689', 'NDCG@20': '0.3888', 'MRR@5': '0.2845', 'MRR@10': '0.2845', 'MRR@20': '0.2845'}
EarlyStopping counter: 2 out of 10
{'epoch': 23, 'rec_avg_loss': '0.5411', 'rec_cur_loss': '0.5075'}
{'Epoch': 23, 'HIT@5': '0.4553', 'NDCG@5': '0.2972', 'HIT@10': '0.6253', 'NDCG@10': '0.3525', 'HIT@20': '0.7651', 'NDCG@20': '0.3879', 'MRR@5': '0.2843', 'MRR@10': '0.2843', 'MRR@20': '0.2843'}
EarlyStopping counter: 3 out of 10
{'epoch': 24, 'rec_avg_loss': '0.5416', 'rec_cur_loss': '0.5452'}
{'Epoch': 24, 'HIT@5': '0.4604', 'NDCG@5': '0.3025', 'HIT@10': '0.6301', 'NDCG@10': '0.3577', 'HIT@20': '0.7699', 'NDCG@20': '0.3931', 'MRR@5': '0.2894', 'MRR@10': '0.2894', 'MRR@20': '0.2894'}
Validation score increased.  Saving model ...
{'epoch': 25, 'rec_avg_loss': '0.5403', 'rec_cur_loss': '0.5640'}
{'Epoch': 25, 'HIT@5': '0.4641', 'NDCG@5': '0.3040', 'HIT@10': '0.6273', 'NDCG@10': '0.3571', 'HIT@20': '0.7702', 'NDCG@20': '0.3934', 'MRR@5': '0.2896', 'MRR@10': '0.2896', 'MRR@20': '0.2896'}
Validation score increased.  Saving model ...
{'epoch': 26, 'rec_avg_loss': '0.5357', 'rec_cur_loss': '0.4723'}
{'Epoch': 26, 'HIT@5': '0.4680', 'NDCG@5': '0.3075', 'HIT@10': '0.6310', 'NDCG@10': '0.3602', 'HIT@20': '0.7719', 'NDCG@20': '0.3959', 'MRR@5': '0.2925', 'MRR@10': '0.2925', 'MRR@20': '0.2925'}
Validation score increased.  Saving model ...
{'epoch': 27, 'rec_avg_loss': '0.5352', 'rec_cur_loss': '0.5363'}
{'Epoch': 27, 'HIT@5': '0.4606', 'NDCG@5': '0.3045', 'HIT@10': '0.6273', 'NDCG@10': '0.3587', 'HIT@20': '0.7720', 'NDCG@20': '0.3955', 'MRR@5': '0.2920', 'MRR@10': '0.2920', 'MRR@20': '0.2920'}
EarlyStopping counter: 1 out of 10
{'epoch': 28, 'rec_avg_loss': '0.5328', 'rec_cur_loss': '0.5079'}
{'Epoch': 28, 'HIT@5': '0.4614', 'NDCG@5': '0.3051', 'HIT@10': '0.6351', 'NDCG@10': '0.3616', 'HIT@20': '0.7710', 'NDCG@20': '0.3961', 'MRR@5': '0.2929', 'MRR@10': '0.2929', 'MRR@20': '0.2929'}
Validation score increased.  Saving model ...
{'epoch': 29, 'rec_avg_loss': '0.5293', 'rec_cur_loss': '0.5001'}
{'Epoch': 29, 'HIT@5': '0.4623', 'NDCG@5': '0.3055', 'HIT@10': '0.6303', 'NDCG@10': '0.3601', 'HIT@20': '0.7732', 'NDCG@20': '0.3964', 'MRR@5': '0.2927', 'MRR@10': '0.2927', 'MRR@20': '0.2927'}
EarlyStopping counter: 1 out of 10
{'epoch': 30, 'rec_avg_loss': '0.5309', 'rec_cur_loss': '0.5342'}
{'Epoch': 30, 'HIT@5': '0.4646', 'NDCG@5': '0.3076', 'HIT@10': '0.6359', 'NDCG@10': '0.3632', 'HIT@20': '0.7735', 'NDCG@20': '0.3981', 'MRR@5': '0.2947', 'MRR@10': '0.2947', 'MRR@20': '0.2947'}
Validation score increased.  Saving model ...
{'epoch': 31, 'rec_avg_loss': '0.5317', 'rec_cur_loss': '0.5785'}
{'Epoch': 31, 'HIT@5': '0.4714', 'NDCG@5': '0.3150', 'HIT@10': '0.6353', 'NDCG@10': '0.3683', 'HIT@20': '0.7755', 'NDCG@20': '0.4040', 'MRR@5': '0.3016', 'MRR@10': '0.3016', 'MRR@20': '0.3016'}
Validation score increased.  Saving model ...
{'epoch': 32, 'rec_avg_loss': '0.5276', 'rec_cur_loss': '0.4641'}
{'Epoch': 32, 'HIT@5': '0.4675', 'NDCG@5': '0.3108', 'HIT@10': '0.6361', 'NDCG@10': '0.3655', 'HIT@20': '0.7772', 'NDCG@20': '0.4012', 'MRR@5': '0.2976', 'MRR@10': '0.2976', 'MRR@20': '0.2976'}
EarlyStopping counter: 1 out of 10
{'epoch': 33, 'rec_avg_loss': '0.5284', 'rec_cur_loss': '0.5529'}
{'Epoch': 33, 'HIT@5': '0.4742', 'NDCG@5': '0.3149', 'HIT@10': '0.6391', 'NDCG@10': '0.3684', 'HIT@20': '0.7750', 'NDCG@20': '0.4028', 'MRR@5': '0.3001', 'MRR@10': '0.3001', 'MRR@20': '0.3001'}
EarlyStopping counter: 2 out of 10
{'epoch': 34, 'rec_avg_loss': '0.5262', 'rec_cur_loss': '0.5195'}
{'Epoch': 34, 'HIT@5': '0.4738', 'NDCG@5': '0.3157', 'HIT@10': '0.6397', 'NDCG@10': '0.3694', 'HIT@20': '0.7785', 'NDCG@20': '0.4046', 'MRR@5': '0.3014', 'MRR@10': '0.3014', 'MRR@20': '0.3014'}
EarlyStopping counter: 3 out of 10
{'epoch': 35, 'rec_avg_loss': '0.5229', 'rec_cur_loss': '0.5192'}
{'Epoch': 35, 'HIT@5': '0.4732', 'NDCG@5': '0.3141', 'HIT@10': '0.6356', 'NDCG@10': '0.3668', 'HIT@20': '0.7765', 'NDCG@20': '0.4027', 'MRR@5': '0.2997', 'MRR@10': '0.2997', 'MRR@20': '0.2997'}
EarlyStopping counter: 4 out of 10
{'epoch': 36, 'rec_avg_loss': '0.5255', 'rec_cur_loss': '0.4905'}
{'Epoch': 36, 'HIT@5': '0.4732', 'NDCG@5': '0.3151', 'HIT@10': '0.6349', 'NDCG@10': '0.3676', 'HIT@20': '0.7743', 'NDCG@20': '0.4030', 'MRR@5': '0.3008', 'MRR@10': '0.3008', 'MRR@20': '0.3008'}
EarlyStopping counter: 5 out of 10
{'epoch': 37, 'rec_avg_loss': '0.5237', 'rec_cur_loss': '0.5640'}
{'Epoch': 37, 'HIT@5': '0.4790', 'NDCG@5': '0.3193', 'HIT@10': '0.6411', 'NDCG@10': '0.3719', 'HIT@20': '0.7791', 'NDCG@20': '0.4069', 'MRR@5': '0.3041', 'MRR@10': '0.3041', 'MRR@20': '0.3041'}
Validation score increased.  Saving model ...
{'epoch': 38, 'rec_avg_loss': '0.5201', 'rec_cur_loss': '0.4419'}
{'Epoch': 38, 'HIT@5': '0.4722', 'NDCG@5': '0.3147', 'HIT@10': '0.6371', 'NDCG@10': '0.3683', 'HIT@20': '0.7742', 'NDCG@20': '0.4031', 'MRR@5': '0.3008', 'MRR@10': '0.3008', 'MRR@20': '0.3008'}
EarlyStopping counter: 1 out of 10
{'epoch': 39, 'rec_avg_loss': '0.5210', 'rec_cur_loss': '0.5002'}
{'Epoch': 39, 'HIT@5': '0.4795', 'NDCG@5': '0.3178', 'HIT@10': '0.6386', 'NDCG@10': '0.3694', 'HIT@20': '0.7755', 'NDCG@20': '0.4042', 'MRR@5': '0.3016', 'MRR@10': '0.3016', 'MRR@20': '0.3016'}
EarlyStopping counter: 2 out of 10
{'epoch': 40, 'rec_avg_loss': '0.5179', 'rec_cur_loss': '0.4978'}
{'Epoch': 40, 'HIT@5': '0.4786', 'NDCG@5': '0.3179', 'HIT@10': '0.6389', 'NDCG@10': '0.3699', 'HIT@20': '0.7810', 'NDCG@20': '0.4059', 'MRR@5': '0.3022', 'MRR@10': '0.3022', 'MRR@20': '0.3022'}
EarlyStopping counter: 3 out of 10
{'epoch': 41, 'rec_avg_loss': '0.5161', 'rec_cur_loss': '0.4831'}
{'Epoch': 41, 'HIT@5': '0.4798', 'NDCG@5': '0.3188', 'HIT@10': '0.6409', 'NDCG@10': '0.3710', 'HIT@20': '0.7770', 'NDCG@20': '0.4055', 'MRR@5': '0.3028', 'MRR@10': '0.3028', 'MRR@20': '0.3028'}
EarlyStopping counter: 4 out of 10
{'epoch': 42, 'rec_avg_loss': '0.5164', 'rec_cur_loss': '0.5336'}
{'Epoch': 42, 'HIT@5': '0.4765', 'NDCG@5': '0.3174', 'HIT@10': '0.6374', 'NDCG@10': '0.3697', 'HIT@20': '0.7781', 'NDCG@20': '0.4054', 'MRR@5': '0.3025', 'MRR@10': '0.3025', 'MRR@20': '0.3025'}
EarlyStopping counter: 5 out of 10
{'epoch': 43, 'rec_avg_loss': '0.5156', 'rec_cur_loss': '0.5222'}
{'Epoch': 43, 'HIT@5': '0.4887', 'NDCG@5': '0.3264', 'HIT@10': '0.6425', 'NDCG@10': '0.3762', 'HIT@20': '0.7790', 'NDCG@20': '0.4109', 'MRR@5': '0.3090', 'MRR@10': '0.3090', 'MRR@20': '0.3090'}
Validation score increased.  Saving model ...
{'epoch': 44, 'rec_avg_loss': '0.5149', 'rec_cur_loss': '0.5672'}
{'Epoch': 44, 'HIT@5': '0.4780', 'NDCG@5': '0.3196', 'HIT@10': '0.6416', 'NDCG@10': '0.3727', 'HIT@20': '0.7790', 'NDCG@20': '0.4076', 'MRR@5': '0.3050', 'MRR@10': '0.3050', 'MRR@20': '0.3050'}
EarlyStopping counter: 1 out of 10
{'epoch': 45, 'rec_avg_loss': '0.5132', 'rec_cur_loss': '0.5122'}
{'Epoch': 45, 'HIT@5': '0.4791', 'NDCG@5': '0.3179', 'HIT@10': '0.6397', 'NDCG@10': '0.3699', 'HIT@20': '0.7786', 'NDCG@20': '0.4052', 'MRR@5': '0.3020', 'MRR@10': '0.3020', 'MRR@20': '0.3020'}
EarlyStopping counter: 2 out of 10
{'epoch': 46, 'rec_avg_loss': '0.5135', 'rec_cur_loss': '0.5489'}
{'Epoch': 46, 'HIT@5': '0.4877', 'NDCG@5': '0.3271', 'HIT@10': '0.6439', 'NDCG@10': '0.3777', 'HIT@20': '0.7786', 'NDCG@20': '0.4119', 'MRR@5': '0.3106', 'MRR@10': '0.3106', 'MRR@20': '0.3106'}
Validation score increased.  Saving model ...
{'epoch': 47, 'rec_avg_loss': '0.5118', 'rec_cur_loss': '0.4784'}
{'Epoch': 47, 'HIT@5': '0.4889', 'NDCG@5': '0.3282', 'HIT@10': '0.6475', 'NDCG@10': '0.3796', 'HIT@20': '0.7853', 'NDCG@20': '0.4146', 'MRR@5': '0.3118', 'MRR@10': '0.3118', 'MRR@20': '0.3118'}
Validation score increased.  Saving model ...
{'epoch': 48, 'rec_avg_loss': '0.5080', 'rec_cur_loss': '0.4977'}
{'Epoch': 48, 'HIT@5': '0.4869', 'NDCG@5': '0.3269', 'HIT@10': '0.6469', 'NDCG@10': '0.3788', 'HIT@20': '0.7820', 'NDCG@20': '0.4131', 'MRR@5': '0.3110', 'MRR@10': '0.3110', 'MRR@20': '0.3110'}
EarlyStopping counter: 1 out of 10
{'epoch': 49, 'rec_avg_loss': '0.5076', 'rec_cur_loss': '0.4687'}
{'Epoch': 49, 'HIT@5': '0.4906', 'NDCG@5': '0.3287', 'HIT@10': '0.6507', 'NDCG@10': '0.3805', 'HIT@20': '0.7846', 'NDCG@20': '0.4145', 'MRR@5': '0.3119', 'MRR@10': '0.3119', 'MRR@20': '0.3119'}
Validation score increased.  Saving model ...
{'epoch': 50, 'rec_avg_loss': '0.5075', 'rec_cur_loss': '0.4980'}
{'Epoch': 50, 'HIT@5': '0.4929', 'NDCG@5': '0.3342', 'HIT@10': '0.6503', 'NDCG@10': '0.3852', 'HIT@20': '0.7848', 'NDCG@20': '0.4193', 'MRR@5': '0.3181', 'MRR@10': '0.3181', 'MRR@20': '0.3181'}
Validation score increased.  Saving model ...
{'epoch': 51, 'rec_avg_loss': '0.5063', 'rec_cur_loss': '0.4814'}
{'Epoch': 51, 'HIT@5': '0.4904', 'NDCG@5': '0.3315', 'HIT@10': '0.6474', 'NDCG@10': '0.3826', 'HIT@20': '0.7805', 'NDCG@20': '0.4164', 'MRR@5': '0.3156', 'MRR@10': '0.3156', 'MRR@20': '0.3156'}
EarlyStopping counter: 1 out of 10
{'epoch': 52, 'rec_avg_loss': '0.5053', 'rec_cur_loss': '0.5110'}
{'Epoch': 52, 'HIT@5': '0.4896', 'NDCG@5': '0.3325', 'HIT@10': '0.6541', 'NDCG@10': '0.3859', 'HIT@20': '0.7834', 'NDCG@20': '0.4186', 'MRR@5': '0.3176', 'MRR@10': '0.3176', 'MRR@20': '0.3176'}
EarlyStopping counter: 2 out of 10
{'epoch': 53, 'rec_avg_loss': '0.5047', 'rec_cur_loss': '0.5582'}
{'Epoch': 53, 'HIT@5': '0.4919', 'NDCG@5': '0.3338', 'HIT@10': '0.6543', 'NDCG@10': '0.3864', 'HIT@20': '0.7839', 'NDCG@20': '0.4192', 'MRR@5': '0.3183', 'MRR@10': '0.3183', 'MRR@20': '0.3183'}
Validation score increased.  Saving model ...
{'epoch': 54, 'rec_avg_loss': '0.5018', 'rec_cur_loss': '0.4797'}
{'Epoch': 54, 'HIT@5': '0.4957', 'NDCG@5': '0.3347', 'HIT@10': '0.6545', 'NDCG@10': '0.3862', 'HIT@20': '0.7886', 'NDCG@20': '0.4201', 'MRR@5': '0.3179', 'MRR@10': '0.3179', 'MRR@20': '0.3179'}
EarlyStopping counter: 1 out of 10
{'epoch': 55, 'rec_avg_loss': '0.5024', 'rec_cur_loss': '0.4865'}
{'Epoch': 55, 'HIT@5': '0.4929', 'NDCG@5': '0.3342', 'HIT@10': '0.6525', 'NDCG@10': '0.3861', 'HIT@20': '0.7856', 'NDCG@20': '0.4198', 'MRR@5': '0.3185', 'MRR@10': '0.3185', 'MRR@20': '0.3185'}
Validation score increased.  Saving model ...
{'epoch': 56, 'rec_avg_loss': '0.5019', 'rec_cur_loss': '0.5417'}
{'Epoch': 56, 'HIT@5': '0.4957', 'NDCG@5': '0.3382', 'HIT@10': '0.6526', 'NDCG@10': '0.3890', 'HIT@20': '0.7846', 'NDCG@20': '0.4224', 'MRR@5': '0.3222', 'MRR@10': '0.3222', 'MRR@20': '0.3222'}
Validation score increased.  Saving model ...
{'epoch': 57, 'rec_avg_loss': '0.5001', 'rec_cur_loss': '0.5049'}
{'Epoch': 57, 'HIT@5': '0.4944', 'NDCG@5': '0.3377', 'HIT@10': '0.6588', 'NDCG@10': '0.3912', 'HIT@20': '0.7892', 'NDCG@20': '0.4242', 'MRR@5': '0.3229', 'MRR@10': '0.3229', 'MRR@20': '0.3229'}
Validation score increased.  Saving model ...
{'epoch': 58, 'rec_avg_loss': '0.4997', 'rec_cur_loss': '0.5501'}
{'Epoch': 58, 'HIT@5': '0.4998', 'NDCG@5': '0.3418', 'HIT@10': '0.6599', 'NDCG@10': '0.3937', 'HIT@20': '0.7873', 'NDCG@20': '0.4260', 'MRR@5': '0.3257', 'MRR@10': '0.3257', 'MRR@20': '0.3257'}
Validation score increased.  Saving model ...
{'epoch': 59, 'rec_avg_loss': '0.4983', 'rec_cur_loss': '0.4522'}
{'Epoch': 59, 'HIT@5': '0.5035', 'NDCG@5': '0.3461', 'HIT@10': '0.6581', 'NDCG@10': '0.3961', 'HIT@20': '0.7871', 'NDCG@20': '0.4289', 'MRR@5': '0.3296', 'MRR@10': '0.3296', 'MRR@20': '0.3296'}
Validation score increased.  Saving model ...
{'epoch': 60, 'rec_avg_loss': '0.4971', 'rec_cur_loss': '0.5371'}
{'Epoch': 60, 'HIT@5': '0.4945', 'NDCG@5': '0.3366', 'HIT@10': '0.6512', 'NDCG@10': '0.3873', 'HIT@20': '0.7854', 'NDCG@20': '0.4214', 'MRR@5': '0.3206', 'MRR@10': '0.3206', 'MRR@20': '0.3206'}
EarlyStopping counter: 1 out of 10
{'epoch': 61, 'rec_avg_loss': '0.4935', 'rec_cur_loss': '0.4635'}
{'Epoch': 61, 'HIT@5': '0.5003', 'NDCG@5': '0.3423', 'HIT@10': '0.6551', 'NDCG@10': '0.3924', 'HIT@20': '0.7851', 'NDCG@20': '0.4254', 'MRR@5': '0.3257', 'MRR@10': '0.3257', 'MRR@20': '0.3257'}
EarlyStopping counter: 2 out of 10
{'epoch': 62, 'rec_avg_loss': '0.4921', 'rec_cur_loss': '0.4079'}
{'Epoch': 62, 'HIT@5': '0.4995', 'NDCG@5': '0.3398', 'HIT@10': '0.6584', 'NDCG@10': '0.3912', 'HIT@20': '0.7879', 'NDCG@20': '0.4241', 'MRR@5': '0.3230', 'MRR@10': '0.3230', 'MRR@20': '0.3230'}
EarlyStopping counter: 3 out of 10
{'epoch': 63, 'rec_avg_loss': '0.4943', 'rec_cur_loss': '0.5373'}
{'Epoch': 63, 'HIT@5': '0.5015', 'NDCG@5': '0.3434', 'HIT@10': '0.6618', 'NDCG@10': '0.3953', 'HIT@20': '0.7877', 'NDCG@20': '0.4273', 'MRR@5': '0.3272', 'MRR@10': '0.3272', 'MRR@20': '0.3272'}
EarlyStopping counter: 4 out of 10
{'epoch': 64, 'rec_avg_loss': '0.4938', 'rec_cur_loss': '0.5009'}
{'Epoch': 64, 'HIT@5': '0.5088', 'NDCG@5': '0.3468', 'HIT@10': '0.6616', 'NDCG@10': '0.3963', 'HIT@20': '0.7902', 'NDCG@20': '0.4290', 'MRR@5': '0.3285', 'MRR@10': '0.3285', 'MRR@20': '0.3285'}
EarlyStopping counter: 5 out of 10
{'epoch': 65, 'rec_avg_loss': '0.4934', 'rec_cur_loss': '0.6200'}
{'Epoch': 65, 'HIT@5': '0.4962', 'NDCG@5': '0.3386', 'HIT@10': '0.6576', 'NDCG@10': '0.3909', 'HIT@20': '0.7874', 'NDCG@20': '0.4237', 'MRR@5': '0.3229', 'MRR@10': '0.3229', 'MRR@20': '0.3229'}
EarlyStopping counter: 6 out of 10
{'epoch': 66, 'rec_avg_loss': '0.4926', 'rec_cur_loss': '0.4999'}
{'Epoch': 66, 'HIT@5': '0.5088', 'NDCG@5': '0.3503', 'HIT@10': '0.6641', 'NDCG@10': '0.4007', 'HIT@20': '0.7911', 'NDCG@20': '0.4329', 'MRR@5': '0.3333', 'MRR@10': '0.3333', 'MRR@20': '0.3333'}
Validation score increased.  Saving model ...
{'epoch': 67, 'rec_avg_loss': '0.4877', 'rec_cur_loss': '0.4816'}
{'Epoch': 67, 'HIT@5': '0.5012', 'NDCG@5': '0.3432', 'HIT@10': '0.6570', 'NDCG@10': '0.3939', 'HIT@20': '0.7881', 'NDCG@20': '0.4273', 'MRR@5': '0.3272', 'MRR@10': '0.3272', 'MRR@20': '0.3272'}
EarlyStopping counter: 1 out of 10
{'epoch': 68, 'rec_avg_loss': '0.4879', 'rec_cur_loss': '0.4862'}
{'Epoch': 68, 'HIT@5': '0.5045', 'NDCG@5': '0.3483', 'HIT@10': '0.6598', 'NDCG@10': '0.3987', 'HIT@20': '0.7889', 'NDCG@20': '0.4315', 'MRR@5': '0.3323', 'MRR@10': '0.3323', 'MRR@20': '0.3323'}
EarlyStopping counter: 2 out of 10
{'epoch': 69, 'rec_avg_loss': '0.4893', 'rec_cur_loss': '0.5149'}
{'Epoch': 69, 'HIT@5': '0.5031', 'NDCG@5': '0.3447', 'HIT@10': '0.6566', 'NDCG@10': '0.3946', 'HIT@20': '0.7887', 'NDCG@20': '0.4282', 'MRR@5': '0.3280', 'MRR@10': '0.3280', 'MRR@20': '0.3280'}
EarlyStopping counter: 3 out of 10
{'epoch': 70, 'rec_avg_loss': '0.4876', 'rec_cur_loss': '0.4846'}
{'Epoch': 70, 'HIT@5': '0.5071', 'NDCG@5': '0.3465', 'HIT@10': '0.6634', 'NDCG@10': '0.3973', 'HIT@20': '0.7886', 'NDCG@20': '0.4291', 'MRR@5': '0.3291', 'MRR@10': '0.3291', 'MRR@20': '0.3291'}
EarlyStopping counter: 4 out of 10
{'epoch': 71, 'rec_avg_loss': '0.4840', 'rec_cur_loss': '0.4547'}
{'Epoch': 71, 'HIT@5': '0.5065', 'NDCG@5': '0.3460', 'HIT@10': '0.6626', 'NDCG@10': '0.3967', 'HIT@20': '0.7884', 'NDCG@20': '0.4287', 'MRR@5': '0.3286', 'MRR@10': '0.3286', 'MRR@20': '0.3286'}
EarlyStopping counter: 5 out of 10
{'epoch': 72, 'rec_avg_loss': '0.4866', 'rec_cur_loss': '0.4950'}
{'Epoch': 72, 'HIT@5': '0.5094', 'NDCG@5': '0.3488', 'HIT@10': '0.6649', 'NDCG@10': '0.3994', 'HIT@20': '0.7887', 'NDCG@20': '0.4308', 'MRR@5': '0.3312', 'MRR@10': '0.3312', 'MRR@20': '0.3312'}
EarlyStopping counter: 6 out of 10
{'epoch': 73, 'rec_avg_loss': '0.4847', 'rec_cur_loss': '0.5018'}
{'Epoch': 73, 'HIT@5': '0.5129', 'NDCG@5': '0.3542', 'HIT@10': '0.6649', 'NDCG@10': '0.4035', 'HIT@20': '0.7909', 'NDCG@20': '0.4355', 'MRR@5': '0.3367', 'MRR@10': '0.3367', 'MRR@20': '0.3367'}
Validation score increased.  Saving model ...
{'epoch': 74, 'rec_avg_loss': '0.4861', 'rec_cur_loss': '0.5690'}
{'Epoch': 74, 'HIT@5': '0.5134', 'NDCG@5': '0.3530', 'HIT@10': '0.6669', 'NDCG@10': '0.4029', 'HIT@20': '0.7935', 'NDCG@20': '0.4349', 'MRR@5': '0.3351', 'MRR@10': '0.3351', 'MRR@20': '0.3351'}
EarlyStopping counter: 1 out of 10
{'epoch': 75, 'rec_avg_loss': '0.4818', 'rec_cur_loss': '0.4998'}
{'Epoch': 75, 'HIT@5': '0.5151', 'NDCG@5': '0.3553', 'HIT@10': '0.6669', 'NDCG@10': '0.4047', 'HIT@20': '0.7916', 'NDCG@20': '0.4363', 'MRR@5': '0.3373', 'MRR@10': '0.3373', 'MRR@20': '0.3373'}
Validation score increased.  Saving model ...
{'epoch': 76, 'rec_avg_loss': '0.4781', 'rec_cur_loss': '0.4817'}
{'Epoch': 76, 'HIT@5': '0.5167', 'NDCG@5': '0.3549', 'HIT@10': '0.6689', 'NDCG@10': '0.4042', 'HIT@20': '0.7894', 'NDCG@20': '0.4349', 'MRR@5': '0.3361', 'MRR@10': '0.3361', 'MRR@20': '0.3361'}
EarlyStopping counter: 1 out of 10
{'epoch': 77, 'rec_avg_loss': '0.4798', 'rec_cur_loss': '0.5041'}
{'Epoch': 77, 'HIT@5': '0.5096', 'NDCG@5': '0.3517', 'HIT@10': '0.6687', 'NDCG@10': '0.4034', 'HIT@20': '0.7899', 'NDCG@20': '0.4341', 'MRR@5': '0.3351', 'MRR@10': '0.3351', 'MRR@20': '0.3351'}
EarlyStopping counter: 2 out of 10
{'epoch': 78, 'rec_avg_loss': '0.4795', 'rec_cur_loss': '0.5143'}
{'Epoch': 78, 'HIT@5': '0.5116', 'NDCG@5': '0.3514', 'HIT@10': '0.6699', 'NDCG@10': '0.4028', 'HIT@20': '0.7914', 'NDCG@20': '0.4337', 'MRR@5': '0.3340', 'MRR@10': '0.3340', 'MRR@20': '0.3340'}
EarlyStopping counter: 3 out of 10
{'epoch': 79, 'rec_avg_loss': '0.4792', 'rec_cur_loss': '0.5133'}
{'Epoch': 79, 'HIT@5': '0.5096', 'NDCG@5': '0.3505', 'HIT@10': '0.6685', 'NDCG@10': '0.4020', 'HIT@20': '0.7904', 'NDCG@20': '0.4330', 'MRR@5': '0.3335', 'MRR@10': '0.3335', 'MRR@20': '0.3335'}
EarlyStopping counter: 4 out of 10
{'epoch': 80, 'rec_avg_loss': '0.4763', 'rec_cur_loss': '0.4632'}
{'Epoch': 80, 'HIT@5': '0.5123', 'NDCG@5': '0.3520', 'HIT@10': '0.6661', 'NDCG@10': '0.4018', 'HIT@20': '0.7901', 'NDCG@20': '0.4333', 'MRR@5': '0.3341', 'MRR@10': '0.3341', 'MRR@20': '0.3341'}
EarlyStopping counter: 5 out of 10
{'epoch': 81, 'rec_avg_loss': '0.4780', 'rec_cur_loss': '0.5640'}
{'Epoch': 81, 'HIT@5': '0.5200', 'NDCG@5': '0.3564', 'HIT@10': '0.6672', 'NDCG@10': '0.4041', 'HIT@20': '0.7916', 'NDCG@20': '0.4357', 'MRR@5': '0.3366', 'MRR@10': '0.3366', 'MRR@20': '0.3366'}
EarlyStopping counter: 6 out of 10
{'epoch': 82, 'rec_avg_loss': '0.4759', 'rec_cur_loss': '0.4701'}
{'Epoch': 82, 'HIT@5': '0.5144', 'NDCG@5': '0.3551', 'HIT@10': '0.6690', 'NDCG@10': '0.4054', 'HIT@20': '0.7906', 'NDCG@20': '0.4362', 'MRR@5': '0.3375', 'MRR@10': '0.3375', 'MRR@20': '0.3375'}
Validation score increased.  Saving model ...
{'epoch': 83, 'rec_avg_loss': '0.4764', 'rec_cur_loss': '0.4628'}
{'Epoch': 83, 'HIT@5': '0.5171', 'NDCG@5': '0.3556', 'HIT@10': '0.6704', 'NDCG@10': '0.4055', 'HIT@20': '0.7935', 'NDCG@20': '0.4368', 'MRR@5': '0.3372', 'MRR@10': '0.3372', 'MRR@20': '0.3372'}
EarlyStopping counter: 1 out of 10
{'epoch': 84, 'rec_avg_loss': '0.4760', 'rec_cur_loss': '0.4250'}
{'Epoch': 84, 'HIT@5': '0.5187', 'NDCG@5': '0.3571', 'HIT@10': '0.6697', 'NDCG@10': '0.4062', 'HIT@20': '0.7927', 'NDCG@20': '0.4373', 'MRR@5': '0.3382', 'MRR@10': '0.3382', 'MRR@20': '0.3382'}
Validation score increased.  Saving model ...
{'epoch': 85, 'rec_avg_loss': '0.4747', 'rec_cur_loss': '0.4362'}
{'Epoch': 85, 'HIT@5': '0.5224', 'NDCG@5': '0.3585', 'HIT@10': '0.6738', 'NDCG@10': '0.4077', 'HIT@20': '0.7959', 'NDCG@20': '0.4386', 'MRR@5': '0.3387', 'MRR@10': '0.3387', 'MRR@20': '0.3387'}
Validation score increased.  Saving model ...
{'epoch': 86, 'rec_avg_loss': '0.4745', 'rec_cur_loss': '0.5237'}
{'Epoch': 86, 'HIT@5': '0.5225', 'NDCG@5': '0.3605', 'HIT@10': '0.6722', 'NDCG@10': '0.4091', 'HIT@20': '0.7939', 'NDCG@20': '0.4398', 'MRR@5': '0.3411', 'MRR@10': '0.3411', 'MRR@20': '0.3411'}
Validation score increased.  Saving model ...
{'epoch': 87, 'rec_avg_loss': '0.4719', 'rec_cur_loss': '0.4513'}
{'Epoch': 87, 'HIT@5': '0.5225', 'NDCG@5': '0.3605', 'HIT@10': '0.6720', 'NDCG@10': '0.4091', 'HIT@20': '0.7950', 'NDCG@20': '0.4404', 'MRR@5': '0.3414', 'MRR@10': '0.3414', 'MRR@20': '0.3414'}
Validation score increased.  Saving model ...
{'epoch': 88, 'rec_avg_loss': '0.4718', 'rec_cur_loss': '0.4754'}
{'Epoch': 88, 'HIT@5': '0.5159', 'NDCG@5': '0.3571', 'HIT@10': '0.6700', 'NDCG@10': '0.4071', 'HIT@20': '0.7914', 'NDCG@20': '0.4379', 'MRR@5': '0.3394', 'MRR@10': '0.3394', 'MRR@20': '0.3394'}
EarlyStopping counter: 1 out of 10
{'epoch': 89, 'rec_avg_loss': '0.4693', 'rec_cur_loss': '0.4698'}
{'Epoch': 89, 'HIT@5': '0.5123', 'NDCG@5': '0.3520', 'HIT@10': '0.6651', 'NDCG@10': '0.4017', 'HIT@20': '0.7899', 'NDCG@20': '0.4333', 'MRR@5': '0.3341', 'MRR@10': '0.3341', 'MRR@20': '0.3341'}
EarlyStopping counter: 2 out of 10
{'epoch': 90, 'rec_avg_loss': '0.4720', 'rec_cur_loss': '0.4892'}
{'Epoch': 90, 'HIT@5': '0.5207', 'NDCG@5': '0.3589', 'HIT@10': '0.6709', 'NDCG@10': '0.4077', 'HIT@20': '0.7929', 'NDCG@20': '0.4387', 'MRR@5': '0.3399', 'MRR@10': '0.3399', 'MRR@20': '0.3399'}
EarlyStopping counter: 3 out of 10
{'epoch': 91, 'rec_avg_loss': '0.4705', 'rec_cur_loss': '0.4152'}
{'Epoch': 91, 'HIT@5': '0.5167', 'NDCG@5': '0.3574', 'HIT@10': '0.6712', 'NDCG@10': '0.4074', 'HIT@20': '0.7916', 'NDCG@20': '0.4379', 'MRR@5': '0.3393', 'MRR@10': '0.3393', 'MRR@20': '0.3393'}
EarlyStopping counter: 4 out of 10
{'epoch': 92, 'rec_avg_loss': '0.4697', 'rec_cur_loss': '0.4316'}
{'Epoch': 92, 'HIT@5': '0.5210', 'NDCG@5': '0.3588', 'HIT@10': '0.6710', 'NDCG@10': '0.4075', 'HIT@20': '0.7930', 'NDCG@20': '0.4385', 'MRR@5': '0.3395', 'MRR@10': '0.3395', 'MRR@20': '0.3395'}
EarlyStopping counter: 5 out of 10
{'epoch': 93, 'rec_avg_loss': '0.4718', 'rec_cur_loss': '0.5171'}
{'Epoch': 93, 'HIT@5': '0.5235', 'NDCG@5': '0.3610', 'HIT@10': '0.6699', 'NDCG@10': '0.4086', 'HIT@20': '0.7906', 'NDCG@20': '0.4392', 'MRR@5': '0.3412', 'MRR@10': '0.3412', 'MRR@20': '0.3412'}
EarlyStopping counter: 6 out of 10
{'epoch': 94, 'rec_avg_loss': '0.4660', 'rec_cur_loss': '0.4536'}
{'Epoch': 94, 'HIT@5': '0.5243', 'NDCG@5': '0.3644', 'HIT@10': '0.6725', 'NDCG@10': '0.4127', 'HIT@20': '0.7916', 'NDCG@20': '0.4429', 'MRR@5': '0.3456', 'MRR@10': '0.3456', 'MRR@20': '0.3456'}
Validation score increased.  Saving model ...
{'epoch': 95, 'rec_avg_loss': '0.4714', 'rec_cur_loss': '0.4762'}
{'Epoch': 95, 'HIT@5': '0.5222', 'NDCG@5': '0.3628', 'HIT@10': '0.6725', 'NDCG@10': '0.4117', 'HIT@20': '0.7940', 'NDCG@20': '0.4426', 'MRR@5': '0.3444', 'MRR@10': '0.3444', 'MRR@20': '0.3444'}
EarlyStopping counter: 1 out of 10
{'epoch': 96, 'rec_avg_loss': '0.4650', 'rec_cur_loss': '0.4788'}
{'Epoch': 96, 'HIT@5': '0.5195', 'NDCG@5': '0.3613', 'HIT@10': '0.6694', 'NDCG@10': '0.4099', 'HIT@20': '0.7917', 'NDCG@20': '0.4409', 'MRR@5': '0.3433', 'MRR@10': '0.3433', 'MRR@20': '0.3433'}
EarlyStopping counter: 2 out of 10
{'epoch': 97, 'rec_avg_loss': '0.4657', 'rec_cur_loss': '0.5110'}
{'Epoch': 97, 'HIT@5': '0.5233', 'NDCG@5': '0.3640', 'HIT@10': '0.6732', 'NDCG@10': '0.4127', 'HIT@20': '0.7935', 'NDCG@20': '0.4433', 'MRR@5': '0.3456', 'MRR@10': '0.3456', 'MRR@20': '0.3456'}
EarlyStopping counter: 3 out of 10
{'epoch': 98, 'rec_avg_loss': '0.4636', 'rec_cur_loss': '0.4578'}
{'Epoch': 98, 'HIT@5': '0.5224', 'NDCG@5': '0.3620', 'HIT@10': '0.6712', 'NDCG@10': '0.4103', 'HIT@20': '0.7917', 'NDCG@20': '0.4409', 'MRR@5': '0.3431', 'MRR@10': '0.3431', 'MRR@20': '0.3431'}
EarlyStopping counter: 4 out of 10
{'epoch': 99, 'rec_avg_loss': '0.4671', 'rec_cur_loss': '0.4472'}
{'Epoch': 99, 'HIT@5': '0.5291', 'NDCG@5': '0.3686', 'HIT@10': '0.6745', 'NDCG@10': '0.4159', 'HIT@20': '0.7950', 'NDCG@20': '0.4465', 'MRR@5': '0.3491', 'MRR@10': '0.3491', 'MRR@20': '0.3491'}
Validation score increased.  Saving model ...
{'epoch': 100, 'rec_avg_loss': '0.4618', 'rec_cur_loss': '0.4734'}
{'Epoch': 100, 'HIT@5': '0.5310', 'NDCG@5': '0.3693', 'HIT@10': '0.6765', 'NDCG@10': '0.4165', 'HIT@20': '0.7950', 'NDCG@20': '0.4466', 'MRR@5': '0.3492', 'MRR@10': '0.3492', 'MRR@20': '0.3492'}
Validation score increased.  Saving model ...
{'epoch': 101, 'rec_avg_loss': '0.4628', 'rec_cur_loss': '0.4259'}
{'Epoch': 101, 'HIT@5': '0.5311', 'NDCG@5': '0.3689', 'HIT@10': '0.6753', 'NDCG@10': '0.4158', 'HIT@20': '0.7947', 'NDCG@20': '0.4460', 'MRR@5': '0.3485', 'MRR@10': '0.3485', 'MRR@20': '0.3485'}
EarlyStopping counter: 1 out of 10
{'epoch': 102, 'rec_avg_loss': '0.4597', 'rec_cur_loss': '0.3827'}
{'Epoch': 102, 'HIT@5': '0.5258', 'NDCG@5': '0.3651', 'HIT@10': '0.6709', 'NDCG@10': '0.4120', 'HIT@20': '0.7906', 'NDCG@20': '0.4425', 'MRR@5': '0.3454', 'MRR@10': '0.3454', 'MRR@20': '0.3454'}
EarlyStopping counter: 2 out of 10
{'epoch': 103, 'rec_avg_loss': '0.4604', 'rec_cur_loss': '0.4990'}
{'Epoch': 103, 'HIT@5': '0.5382', 'NDCG@5': '0.3742', 'HIT@10': '0.6768', 'NDCG@10': '0.4191', 'HIT@20': '0.7974', 'NDCG@20': '0.4497', 'MRR@5': '0.3524', 'MRR@10': '0.3524', 'MRR@20': '0.3524'}
Validation score increased.  Saving model ...
{'epoch': 104, 'rec_avg_loss': '0.4576', 'rec_cur_loss': '0.4071'}
{'Epoch': 104, 'HIT@5': '0.5285', 'NDCG@5': '0.3658', 'HIT@10': '0.6700', 'NDCG@10': '0.4116', 'HIT@20': '0.7960', 'NDCG@20': '0.4437', 'MRR@5': '0.3453', 'MRR@10': '0.3453', 'MRR@20': '0.3453'}
EarlyStopping counter: 1 out of 10
{'epoch': 105, 'rec_avg_loss': '0.4577', 'rec_cur_loss': '0.4815'}
{'Epoch': 105, 'HIT@5': '0.5333', 'NDCG@5': '0.3703', 'HIT@10': '0.6747', 'NDCG@10': '0.4162', 'HIT@20': '0.7957', 'NDCG@20': '0.4470', 'MRR@5': '0.3493', 'MRR@10': '0.3493', 'MRR@20': '0.3493'}
EarlyStopping counter: 2 out of 10
{'epoch': 106, 'rec_avg_loss': '0.4575', 'rec_cur_loss': '0.3986'}
{'Epoch': 106, 'HIT@5': '0.5296', 'NDCG@5': '0.3685', 'HIT@10': '0.6730', 'NDCG@10': '0.4151', 'HIT@20': '0.7934', 'NDCG@20': '0.4457', 'MRR@5': '0.3485', 'MRR@10': '0.3485', 'MRR@20': '0.3485'}
EarlyStopping counter: 3 out of 10
{'epoch': 107, 'rec_avg_loss': '0.4571', 'rec_cur_loss': '0.4893'}
{'Epoch': 107, 'HIT@5': '0.5275', 'NDCG@5': '0.3680', 'HIT@10': '0.6742', 'NDCG@10': '0.4156', 'HIT@20': '0.7945', 'NDCG@20': '0.4461', 'MRR@5': '0.3489', 'MRR@10': '0.3489', 'MRR@20': '0.3489'}
EarlyStopping counter: 4 out of 10
{'epoch': 108, 'rec_avg_loss': '0.4572', 'rec_cur_loss': '0.4537'}
{'Epoch': 108, 'HIT@5': '0.5315', 'NDCG@5': '0.3674', 'HIT@10': '0.6709', 'NDCG@10': '0.4124', 'HIT@20': '0.7934', 'NDCG@20': '0.4436', 'MRR@5': '0.3459', 'MRR@10': '0.3459', 'MRR@20': '0.3459'}
EarlyStopping counter: 5 out of 10
{'epoch': 109, 'rec_avg_loss': '0.4550', 'rec_cur_loss': '0.4132'}
{'Epoch': 109, 'HIT@5': '0.5364', 'NDCG@5': '0.3734', 'HIT@10': '0.6770', 'NDCG@10': '0.4189', 'HIT@20': '0.7977', 'NDCG@20': '0.4495', 'MRR@5': '0.3522', 'MRR@10': '0.3522', 'MRR@20': '0.3522'}
EarlyStopping counter: 6 out of 10
{'epoch': 110, 'rec_avg_loss': '0.4563', 'rec_cur_loss': '0.4327'}
{'Epoch': 110, 'HIT@5': '0.5361', 'NDCG@5': '0.3737', 'HIT@10': '0.6778', 'NDCG@10': '0.4198', 'HIT@20': '0.7945', 'NDCG@20': '0.4494', 'MRR@5': '0.3529', 'MRR@10': '0.3529', 'MRR@20': '0.3529'}
Validation score increased.  Saving model ...
{'epoch': 111, 'rec_avg_loss': '0.4561', 'rec_cur_loss': '0.4410'}
{'Epoch': 111, 'HIT@5': '0.5333', 'NDCG@5': '0.3727', 'HIT@10': '0.6719', 'NDCG@10': '0.4177', 'HIT@20': '0.7935', 'NDCG@20': '0.4486', 'MRR@5': '0.3524', 'MRR@10': '0.3524', 'MRR@20': '0.3524'}
EarlyStopping counter: 1 out of 10
{'epoch': 112, 'rec_avg_loss': '0.4539', 'rec_cur_loss': '0.4391'}
{'Epoch': 112, 'HIT@5': '0.5374', 'NDCG@5': '0.3733', 'HIT@10': '0.6738', 'NDCG@10': '0.4175', 'HIT@20': '0.7952', 'NDCG@20': '0.4484', 'MRR@5': '0.3514', 'MRR@10': '0.3514', 'MRR@20': '0.3514'}
EarlyStopping counter: 2 out of 10
{'epoch': 113, 'rec_avg_loss': '0.4518', 'rec_cur_loss': '0.3626'}
{'Epoch': 113, 'HIT@5': '0.5315', 'NDCG@5': '0.3717', 'HIT@10': '0.6722', 'NDCG@10': '0.4173', 'HIT@20': '0.7925', 'NDCG@20': '0.4479', 'MRR@5': '0.3518', 'MRR@10': '0.3518', 'MRR@20': '0.3518'}
EarlyStopping counter: 3 out of 10
{'epoch': 114, 'rec_avg_loss': '0.4530', 'rec_cur_loss': '0.4937'}
{'Epoch': 114, 'HIT@5': '0.5338', 'NDCG@5': '0.3720', 'HIT@10': '0.6770', 'NDCG@10': '0.4185', 'HIT@20': '0.7937', 'NDCG@20': '0.4480', 'MRR@5': '0.3514', 'MRR@10': '0.3514', 'MRR@20': '0.3514'}
EarlyStopping counter: 4 out of 10
{'epoch': 115, 'rec_avg_loss': '0.4541', 'rec_cur_loss': '0.5052'}
{'Epoch': 115, 'HIT@5': '0.5368', 'NDCG@5': '0.3745', 'HIT@10': '0.6775', 'NDCG@10': '0.4198', 'HIT@20': '0.7932', 'NDCG@20': '0.4492', 'MRR@5': '0.3531', 'MRR@10': '0.3531', 'MRR@20': '0.3531'}
Validation score increased.  Saving model ...
{'epoch': 116, 'rec_avg_loss': '0.4504', 'rec_cur_loss': '0.4696'}
{'Epoch': 116, 'HIT@5': '0.5394', 'NDCG@5': '0.3756', 'HIT@10': '0.6778', 'NDCG@10': '0.4203', 'HIT@20': '0.7962', 'NDCG@20': '0.4504', 'MRR@5': '0.3536', 'MRR@10': '0.3536', 'MRR@20': '0.3536'}
Validation score increased.  Saving model ...
{'epoch': 117, 'rec_avg_loss': '0.4516', 'rec_cur_loss': '0.3945'}
{'Epoch': 117, 'HIT@5': '0.5373', 'NDCG@5': '0.3740', 'HIT@10': '0.6755', 'NDCG@10': '0.4189', 'HIT@20': '0.7962', 'NDCG@20': '0.4496', 'MRR@5': '0.3525', 'MRR@10': '0.3525', 'MRR@20': '0.3525'}
EarlyStopping counter: 1 out of 10
{'epoch': 118, 'rec_avg_loss': '0.4528', 'rec_cur_loss': '0.4518'}
{'Epoch': 118, 'HIT@5': '0.5318', 'NDCG@5': '0.3692', 'HIT@10': '0.6735', 'NDCG@10': '0.4152', 'HIT@20': '0.7939', 'NDCG@20': '0.4458', 'MRR@5': '0.3485', 'MRR@10': '0.3485', 'MRR@20': '0.3485'}
EarlyStopping counter: 2 out of 10
{'epoch': 119, 'rec_avg_loss': '0.4490', 'rec_cur_loss': '0.5182'}
{'Epoch': 119, 'HIT@5': '0.5369', 'NDCG@5': '0.3735', 'HIT@10': '0.6717', 'NDCG@10': '0.4172', 'HIT@20': '0.7954', 'NDCG@20': '0.4487', 'MRR@5': '0.3519', 'MRR@10': '0.3519', 'MRR@20': '0.3519'}
EarlyStopping counter: 3 out of 10
{'epoch': 120, 'rec_avg_loss': '0.4515', 'rec_cur_loss': '0.4659'}
{'Epoch': 120, 'HIT@5': '0.5353', 'NDCG@5': '0.3737', 'HIT@10': '0.6762', 'NDCG@10': '0.4194', 'HIT@20': '0.7957', 'NDCG@20': '0.4498', 'MRR@5': '0.3531', 'MRR@10': '0.3531', 'MRR@20': '0.3531'}
EarlyStopping counter: 4 out of 10
{'epoch': 121, 'rec_avg_loss': '0.4498', 'rec_cur_loss': '0.4582'}
{'Epoch': 121, 'HIT@5': '0.5381', 'NDCG@5': '0.3736', 'HIT@10': '0.6745', 'NDCG@10': '0.4176', 'HIT@20': '0.7939', 'NDCG@20': '0.4480', 'MRR@5': '0.3513', 'MRR@10': '0.3513', 'MRR@20': '0.3513'}
EarlyStopping counter: 5 out of 10
{'epoch': 122, 'rec_avg_loss': '0.4483', 'rec_cur_loss': '0.4157'}
{'Epoch': 122, 'HIT@5': '0.5363', 'NDCG@5': '0.3750', 'HIT@10': '0.6740', 'NDCG@10': '0.4196', 'HIT@20': '0.7924', 'NDCG@20': '0.4498', 'MRR@5': '0.3540', 'MRR@10': '0.3540', 'MRR@20': '0.3540'}
Validation score increased.  Saving model ...
{'epoch': 123, 'rec_avg_loss': '0.4476', 'rec_cur_loss': '0.4736'}
{'Epoch': 123, 'HIT@5': '0.5384', 'NDCG@5': '0.3739', 'HIT@10': '0.6785', 'NDCG@10': '0.4190', 'HIT@20': '0.7937', 'NDCG@20': '0.4482', 'MRR@5': '0.3516', 'MRR@10': '0.3516', 'MRR@20': '0.3516'}
EarlyStopping counter: 1 out of 10
{'epoch': 124, 'rec_avg_loss': '0.4499', 'rec_cur_loss': '0.5634'}
{'Epoch': 124, 'HIT@5': '0.5392', 'NDCG@5': '0.3765', 'HIT@10': '0.6775', 'NDCG@10': '0.4212', 'HIT@20': '0.7955', 'NDCG@20': '0.4512', 'MRR@5': '0.3548', 'MRR@10': '0.3548', 'MRR@20': '0.3548'}
Validation score increased.  Saving model ...
{'epoch': 125, 'rec_avg_loss': '0.4467', 'rec_cur_loss': '0.4604'}
{'Epoch': 125, 'HIT@5': '0.5402', 'NDCG@5': '0.3767', 'HIT@10': '0.6821', 'NDCG@10': '0.4227', 'HIT@20': '0.7947', 'NDCG@20': '0.4513', 'MRR@5': '0.3551', 'MRR@10': '0.3551', 'MRR@20': '0.3551'}
Validation score increased.  Saving model ...
{'epoch': 126, 'rec_avg_loss': '0.4450', 'rec_cur_loss': '0.4347'}
{'Epoch': 126, 'HIT@5': '0.5414', 'NDCG@5': '0.3794', 'HIT@10': '0.6763', 'NDCG@10': '0.4231', 'HIT@20': '0.7949', 'NDCG@20': '0.4532', 'MRR@5': '0.3577', 'MRR@10': '0.3577', 'MRR@20': '0.3577'}
Validation score increased.  Saving model ...
{'epoch': 127, 'rec_avg_loss': '0.4451', 'rec_cur_loss': '0.4231'}
{'Epoch': 127, 'HIT@5': '0.5329', 'NDCG@5': '0.3747', 'HIT@10': '0.6748', 'NDCG@10': '0.4207', 'HIT@20': '0.7944', 'NDCG@20': '0.4511', 'MRR@5': '0.3553', 'MRR@10': '0.3553', 'MRR@20': '0.3553'}
EarlyStopping counter: 1 out of 10
{'epoch': 128, 'rec_avg_loss': '0.4449', 'rec_cur_loss': '0.3917'}
{'Epoch': 128, 'HIT@5': '0.5349', 'NDCG@5': '0.3759', 'HIT@10': '0.6727', 'NDCG@10': '0.4205', 'HIT@20': '0.7957', 'NDCG@20': '0.4519', 'MRR@5': '0.3559', 'MRR@10': '0.3559', 'MRR@20': '0.3559'}
EarlyStopping counter: 2 out of 10
{'epoch': 129, 'rec_avg_loss': '0.4435', 'rec_cur_loss': '0.4714'}
{'Epoch': 129, 'HIT@5': '0.5379', 'NDCG@5': '0.3780', 'HIT@10': '0.6778', 'NDCG@10': '0.4234', 'HIT@20': '0.7972', 'NDCG@20': '0.4537', 'MRR@5': '0.3577', 'MRR@10': '0.3577', 'MRR@20': '0.3577'}
EarlyStopping counter: 3 out of 10
{'epoch': 130, 'rec_avg_loss': '0.4459', 'rec_cur_loss': '0.4735'}
{'Epoch': 130, 'HIT@5': '0.5351', 'NDCG@5': '0.3751', 'HIT@10': '0.6720', 'NDCG@10': '0.4194', 'HIT@20': '0.7942', 'NDCG@20': '0.4505', 'MRR@5': '0.3545', 'MRR@10': '0.3545', 'MRR@20': '0.3545'}
EarlyStopping counter: 4 out of 10
{'epoch': 131, 'rec_avg_loss': '0.4436', 'rec_cur_loss': '0.3952'}
{'Epoch': 131, 'HIT@5': '0.5442', 'NDCG@5': '0.3818', 'HIT@10': '0.6800', 'NDCG@10': '0.4258', 'HIT@20': '0.7964', 'NDCG@20': '0.4553', 'MRR@5': '0.3598', 'MRR@10': '0.3598', 'MRR@20': '0.3598'}
Validation score increased.  Saving model ...
{'epoch': 132, 'rec_avg_loss': '0.4417', 'rec_cur_loss': '0.4871'}
{'Epoch': 132, 'HIT@5': '0.5366', 'NDCG@5': '0.3737', 'HIT@10': '0.6763', 'NDCG@10': '0.4190', 'HIT@20': '0.7935', 'NDCG@20': '0.4487', 'MRR@5': '0.3521', 'MRR@10': '0.3521', 'MRR@20': '0.3521'}
EarlyStopping counter: 1 out of 10
{'epoch': 133, 'rec_avg_loss': '0.4418', 'rec_cur_loss': '0.4453'}
{'Epoch': 133, 'HIT@5': '0.5396', 'NDCG@5': '0.3774', 'HIT@10': '0.6767', 'NDCG@10': '0.4217', 'HIT@20': '0.7950', 'NDCG@20': '0.4518', 'MRR@5': '0.3557', 'MRR@10': '0.3557', 'MRR@20': '0.3557'}
EarlyStopping counter: 2 out of 10
{'epoch': 134, 'rec_avg_loss': '0.4420', 'rec_cur_loss': '0.4963'}
{'Epoch': 134, 'HIT@5': '0.5369', 'NDCG@5': '0.3758', 'HIT@10': '0.6738', 'NDCG@10': '0.4202', 'HIT@20': '0.7942', 'NDCG@20': '0.4509', 'MRR@5': '0.3549', 'MRR@10': '0.3549', 'MRR@20': '0.3549'}
EarlyStopping counter: 3 out of 10
{'epoch': 135, 'rec_avg_loss': '0.4399', 'rec_cur_loss': '0.3796'}
{'Epoch': 135, 'HIT@5': '0.5341', 'NDCG@5': '0.3728', 'HIT@10': '0.6747', 'NDCG@10': '0.4185', 'HIT@20': '0.7955', 'NDCG@20': '0.4492', 'MRR@5': '0.3523', 'MRR@10': '0.3523', 'MRR@20': '0.3523'}
EarlyStopping counter: 4 out of 10
{'epoch': 136, 'rec_avg_loss': '0.4402', 'rec_cur_loss': '0.4424'}
{'Epoch': 136, 'HIT@5': '0.5478', 'NDCG@5': '0.3819', 'HIT@10': '0.6806', 'NDCG@10': '0.4249', 'HIT@20': '0.7983', 'NDCG@20': '0.4547', 'MRR@5': '0.3584', 'MRR@10': '0.3584', 'MRR@20': '0.3584'}
EarlyStopping counter: 5 out of 10
{'epoch': 137, 'rec_avg_loss': '0.4421', 'rec_cur_loss': '0.4610'}
{'Epoch': 137, 'HIT@5': '0.5376', 'NDCG@5': '0.3754', 'HIT@10': '0.6753', 'NDCG@10': '0.4199', 'HIT@20': '0.7944', 'NDCG@20': '0.4502', 'MRR@5': '0.3540', 'MRR@10': '0.3540', 'MRR@20': '0.3540'}
EarlyStopping counter: 6 out of 10
{'epoch': 138, 'rec_avg_loss': '0.4403', 'rec_cur_loss': '0.5138'}
{'Epoch': 138, 'HIT@5': '0.5411', 'NDCG@5': '0.3780', 'HIT@10': '0.6765', 'NDCG@10': '0.4218', 'HIT@20': '0.7949', 'NDCG@20': '0.4519', 'MRR@5': '0.3559', 'MRR@10': '0.3559', 'MRR@20': '0.3559'}
EarlyStopping counter: 7 out of 10
{'epoch': 139, 'rec_avg_loss': '0.4378', 'rec_cur_loss': '0.3976'}
{'Epoch': 139, 'HIT@5': '0.5404', 'NDCG@5': '0.3813', 'HIT@10': '0.6781', 'NDCG@10': '0.4259', 'HIT@20': '0.7975', 'NDCG@20': '0.4563', 'MRR@5': '0.3608', 'MRR@10': '0.3608', 'MRR@20': '0.3608'}
Validation score increased.  Saving model ...
{'epoch': 140, 'rec_avg_loss': '0.4385', 'rec_cur_loss': '0.4975'}
{'Epoch': 140, 'HIT@5': '0.5437', 'NDCG@5': '0.3802', 'HIT@10': '0.6755', 'NDCG@10': '0.4227', 'HIT@20': '0.7959', 'NDCG@20': '0.4533', 'MRR@5': '0.3575', 'MRR@10': '0.3575', 'MRR@20': '0.3575'}
EarlyStopping counter: 1 out of 10
{'epoch': 141, 'rec_avg_loss': '0.4369', 'rec_cur_loss': '0.4222'}
{'Epoch': 141, 'HIT@5': '0.5492', 'NDCG@5': '0.3844', 'HIT@10': '0.6800', 'NDCG@10': '0.4268', 'HIT@20': '0.8000', 'NDCG@20': '0.4572', 'MRR@5': '0.3611', 'MRR@10': '0.3611', 'MRR@20': '0.3611'}
Validation score increased.  Saving model ...
{'epoch': 142, 'rec_avg_loss': '0.4364', 'rec_cur_loss': '0.4366'}
{'Epoch': 142, 'HIT@5': '0.5444', 'NDCG@5': '0.3813', 'HIT@10': '0.6760', 'NDCG@10': '0.4239', 'HIT@20': '0.7947', 'NDCG@20': '0.4541', 'MRR@5': '0.3588', 'MRR@10': '0.3588', 'MRR@20': '0.3588'}
EarlyStopping counter: 1 out of 10
{'epoch': 143, 'rec_avg_loss': '0.4365', 'rec_cur_loss': '0.4106'}
{'Epoch': 143, 'HIT@5': '0.5407', 'NDCG@5': '0.3800', 'HIT@10': '0.6793', 'NDCG@10': '0.4248', 'HIT@20': '0.7967', 'NDCG@20': '0.4546', 'MRR@5': '0.3590', 'MRR@10': '0.3590', 'MRR@20': '0.3590'}
EarlyStopping counter: 2 out of 10
{'epoch': 144, 'rec_avg_loss': '0.4340', 'rec_cur_loss': '0.3533'}
{'Epoch': 144, 'HIT@5': '0.5460', 'NDCG@5': '0.3843', 'HIT@10': '0.6823', 'NDCG@10': '0.4284', 'HIT@20': '0.7983', 'NDCG@20': '0.4580', 'MRR@5': '0.3626', 'MRR@10': '0.3626', 'MRR@20': '0.3626'}
Validation score increased.  Saving model ...
{'epoch': 145, 'rec_avg_loss': '0.4338', 'rec_cur_loss': '0.4065'}
{'Epoch': 145, 'HIT@5': '0.5422', 'NDCG@5': '0.3810', 'HIT@10': '0.6828', 'NDCG@10': '0.4266', 'HIT@20': '0.7969', 'NDCG@20': '0.4555', 'MRR@5': '0.3600', 'MRR@10': '0.3600', 'MRR@20': '0.3600'}
EarlyStopping counter: 1 out of 10
{'epoch': 146, 'rec_avg_loss': '0.4340', 'rec_cur_loss': '0.4097'}
{'Epoch': 146, 'HIT@5': '0.5449', 'NDCG@5': '0.3834', 'HIT@10': '0.6823', 'NDCG@10': '0.4279', 'HIT@20': '0.7972', 'NDCG@20': '0.4571', 'MRR@5': '0.3618', 'MRR@10': '0.3618', 'MRR@20': '0.3618'}
EarlyStopping counter: 2 out of 10
{'epoch': 147, 'rec_avg_loss': '0.4348', 'rec_cur_loss': '0.3885'}
{'Epoch': 147, 'HIT@5': '0.5478', 'NDCG@5': '0.3863', 'HIT@10': '0.6863', 'NDCG@10': '0.4311', 'HIT@20': '0.7982', 'NDCG@20': '0.4595', 'MRR@5': '0.3645', 'MRR@10': '0.3645', 'MRR@20': '0.3645'}
Validation score increased.  Saving model ...
{'epoch': 148, 'rec_avg_loss': '0.4344', 'rec_cur_loss': '0.4283'}
{'Epoch': 148, 'HIT@5': '0.5510', 'NDCG@5': '0.3879', 'HIT@10': '0.6858', 'NDCG@10': '0.4316', 'HIT@20': '0.7985', 'NDCG@20': '0.4602', 'MRR@5': '0.3652', 'MRR@10': '0.3652', 'MRR@20': '0.3652'}
Validation score increased.  Saving model ...
{'epoch': 149, 'rec_avg_loss': '0.4339', 'rec_cur_loss': '0.4574'}
{'Epoch': 149, 'HIT@5': '0.5462', 'NDCG@5': '0.3832', 'HIT@10': '0.6836', 'NDCG@10': '0.4278', 'HIT@20': '0.7970', 'NDCG@20': '0.4566', 'MRR@5': '0.3611', 'MRR@10': '0.3611', 'MRR@20': '0.3611'}
EarlyStopping counter: 1 out of 10
{'epoch': 150, 'rec_avg_loss': '0.4344', 'rec_cur_loss': '0.4463'}
{'Epoch': 150, 'HIT@5': '0.5444', 'NDCG@5': '0.3813', 'HIT@10': '0.6780', 'NDCG@10': '0.4246', 'HIT@20': '0.7969', 'NDCG@20': '0.4549', 'MRR@5': '0.3591', 'MRR@10': '0.3591', 'MRR@20': '0.3591'}
EarlyStopping counter: 2 out of 10
{'epoch': 151, 'rec_avg_loss': '0.4326', 'rec_cur_loss': '0.4289'}
{'Epoch': 151, 'HIT@5': '0.5474', 'NDCG@5': '0.3824', 'HIT@10': '0.6798', 'NDCG@10': '0.4253', 'HIT@20': '0.7965', 'NDCG@20': '0.4549', 'MRR@5': '0.3591', 'MRR@10': '0.3591', 'MRR@20': '0.3591'}
EarlyStopping counter: 3 out of 10
{'epoch': 152, 'rec_avg_loss': '0.4316', 'rec_cur_loss': '0.4597'}
{'Epoch': 152, 'HIT@5': '0.5460', 'NDCG@5': '0.3833', 'HIT@10': '0.6806', 'NDCG@10': '0.4268', 'HIT@20': '0.7985', 'NDCG@20': '0.4568', 'MRR@5': '0.3610', 'MRR@10': '0.3610', 'MRR@20': '0.3610'}
EarlyStopping counter: 4 out of 10
{'epoch': 153, 'rec_avg_loss': '0.4319', 'rec_cur_loss': '0.4003'}
{'Epoch': 153, 'HIT@5': '0.5487', 'NDCG@5': '0.3863', 'HIT@10': '0.6848', 'NDCG@10': '0.4304', 'HIT@20': '0.7998', 'NDCG@20': '0.4596', 'MRR@5': '0.3641', 'MRR@10': '0.3641', 'MRR@20': '0.3641'}
EarlyStopping counter: 5 out of 10
{'epoch': 154, 'rec_avg_loss': '0.4282', 'rec_cur_loss': '0.3197'}
{'Epoch': 154, 'HIT@5': '0.5515', 'NDCG@5': '0.3870', 'HIT@10': '0.6853', 'NDCG@10': '0.4304', 'HIT@20': '0.8013', 'NDCG@20': '0.4597', 'MRR@5': '0.3638', 'MRR@10': '0.3638', 'MRR@20': '0.3638'}
EarlyStopping counter: 6 out of 10
{'epoch': 155, 'rec_avg_loss': '0.4326', 'rec_cur_loss': '0.4817'}
{'Epoch': 155, 'HIT@5': '0.5520', 'NDCG@5': '0.3885', 'HIT@10': '0.6820', 'NDCG@10': '0.4308', 'HIT@20': '0.8017', 'NDCG@20': '0.4611', 'MRR@5': '0.3655', 'MRR@10': '0.3655', 'MRR@20': '0.3655'}
Validation score increased.  Saving model ...
{'epoch': 156, 'rec_avg_loss': '0.4331', 'rec_cur_loss': '0.4653'}
{'Epoch': 156, 'HIT@5': '0.5483', 'NDCG@5': '0.3829', 'HIT@10': '0.6843', 'NDCG@10': '0.4268', 'HIT@20': '0.7992', 'NDCG@20': '0.4560', 'MRR@5': '0.3596', 'MRR@10': '0.3596', 'MRR@20': '0.3596'}
EarlyStopping counter: 1 out of 10
{'epoch': 157, 'rec_avg_loss': '0.4288', 'rec_cur_loss': '0.4365'}
{'Epoch': 157, 'HIT@5': '0.5475', 'NDCG@5': '0.3852', 'HIT@10': '0.6791', 'NDCG@10': '0.4279', 'HIT@20': '0.7965', 'NDCG@20': '0.4577', 'MRR@5': '0.3628', 'MRR@10': '0.3628', 'MRR@20': '0.3628'}
EarlyStopping counter: 2 out of 10
{'epoch': 158, 'rec_avg_loss': '0.4302', 'rec_cur_loss': '0.4797'}
{'Epoch': 158, 'HIT@5': '0.5477', 'NDCG@5': '0.3838', 'HIT@10': '0.6841', 'NDCG@10': '0.4279', 'HIT@20': '0.7987', 'NDCG@20': '0.4570', 'MRR@5': '0.3610', 'MRR@10': '0.3610', 'MRR@20': '0.3610'}
EarlyStopping counter: 3 out of 10
{'epoch': 159, 'rec_avg_loss': '0.4286', 'rec_cur_loss': '0.4315'}
{'Epoch': 159, 'HIT@5': '0.5450', 'NDCG@5': '0.3822', 'HIT@10': '0.6815', 'NDCG@10': '0.4265', 'HIT@20': '0.7969', 'NDCG@20': '0.4558', 'MRR@5': '0.3602', 'MRR@10': '0.3602', 'MRR@20': '0.3602'}
EarlyStopping counter: 4 out of 10
{'epoch': 160, 'rec_avg_loss': '0.4287', 'rec_cur_loss': '0.4252'}
{'Epoch': 160, 'HIT@5': '0.5455', 'NDCG@5': '0.3859', 'HIT@10': '0.6834', 'NDCG@10': '0.4307', 'HIT@20': '0.7962', 'NDCG@20': '0.4593', 'MRR@5': '0.3650', 'MRR@10': '0.3650', 'MRR@20': '0.3650'}
EarlyStopping counter: 5 out of 10
{'epoch': 161, 'rec_avg_loss': '0.4267', 'rec_cur_loss': '0.4034'}
{'Epoch': 161, 'HIT@5': '0.5452', 'NDCG@5': '0.3859', 'HIT@10': '0.6828', 'NDCG@10': '0.4306', 'HIT@20': '0.8000', 'NDCG@20': '0.4604', 'MRR@5': '0.3651', 'MRR@10': '0.3651', 'MRR@20': '0.3651'}
EarlyStopping counter: 6 out of 10
{'epoch': 162, 'rec_avg_loss': '0.4259', 'rec_cur_loss': '0.4252'}
{'Epoch': 162, 'HIT@5': '0.5512', 'NDCG@5': '0.3890', 'HIT@10': '0.6854', 'NDCG@10': '0.4325', 'HIT@20': '0.7988', 'NDCG@20': '0.4613', 'MRR@5': '0.3666', 'MRR@10': '0.3666', 'MRR@20': '0.3666'}
Validation score increased.  Saving model ...
{'epoch': 163, 'rec_avg_loss': '0.4256', 'rec_cur_loss': '0.4214'}
{'Epoch': 163, 'HIT@5': '0.5454', 'NDCG@5': '0.3824', 'HIT@10': '0.6803', 'NDCG@10': '0.4261', 'HIT@20': '0.7962', 'NDCG@20': '0.4557', 'MRR@5': '0.3601', 'MRR@10': '0.3601', 'MRR@20': '0.3601'}
EarlyStopping counter: 1 out of 10
{'epoch': 164, 'rec_avg_loss': '0.4256', 'rec_cur_loss': '0.4190'}
{'Epoch': 164, 'HIT@5': '0.5495', 'NDCG@5': '0.3863', 'HIT@10': '0.6788', 'NDCG@10': '0.4282', 'HIT@20': '0.7962', 'NDCG@20': '0.4580', 'MRR@5': '0.3633', 'MRR@10': '0.3633', 'MRR@20': '0.3633'}
EarlyStopping counter: 2 out of 10
{'epoch': 165, 'rec_avg_loss': '0.4289', 'rec_cur_loss': '0.4060'}
{'Epoch': 165, 'HIT@5': '0.5493', 'NDCG@5': '0.3855', 'HIT@10': '0.6858', 'NDCG@10': '0.4297', 'HIT@20': '0.7982', 'NDCG@20': '0.4581', 'MRR@5': '0.3626', 'MRR@10': '0.3626', 'MRR@20': '0.3626'}
EarlyStopping counter: 3 out of 10
{'epoch': 166, 'rec_avg_loss': '0.4247', 'rec_cur_loss': '0.3935'}
{'Epoch': 166, 'HIT@5': '0.5531', 'NDCG@5': '0.3915', 'HIT@10': '0.6881', 'NDCG@10': '0.4352', 'HIT@20': '0.7983', 'NDCG@20': '0.4631', 'MRR@5': '0.3690', 'MRR@10': '0.3690', 'MRR@20': '0.3690'}
Validation score increased.  Saving model ...
{'epoch': 167, 'rec_avg_loss': '0.4238', 'rec_cur_loss': '0.4188'}
{'Epoch': 167, 'HIT@5': '0.5467', 'NDCG@5': '0.3864', 'HIT@10': '0.6820', 'NDCG@10': '0.4304', 'HIT@20': '0.7975', 'NDCG@20': '0.4597', 'MRR@5': '0.3651', 'MRR@10': '0.3651', 'MRR@20': '0.3651'}
EarlyStopping counter: 1 out of 10
{'epoch': 168, 'rec_avg_loss': '0.4252', 'rec_cur_loss': '0.4520'}
{'Epoch': 168, 'HIT@5': '0.5498', 'NDCG@5': '0.3883', 'HIT@10': '0.6863', 'NDCG@10': '0.4326', 'HIT@20': '0.7957', 'NDCG@20': '0.4604', 'MRR@5': '0.3663', 'MRR@10': '0.3663', 'MRR@20': '0.3663'}
EarlyStopping counter: 2 out of 10
{'epoch': 169, 'rec_avg_loss': '0.4227', 'rec_cur_loss': '0.4208'}
{'Epoch': 169, 'HIT@5': '0.5492', 'NDCG@5': '0.3866', 'HIT@10': '0.6770', 'NDCG@10': '0.4280', 'HIT@20': '0.7954', 'NDCG@20': '0.4581', 'MRR@5': '0.3636', 'MRR@10': '0.3636', 'MRR@20': '0.3636'}
EarlyStopping counter: 3 out of 10
{'epoch': 170, 'rec_avg_loss': '0.4251', 'rec_cur_loss': '0.5130'}
{'Epoch': 170, 'HIT@5': '0.5512', 'NDCG@5': '0.3898', 'HIT@10': '0.6829', 'NDCG@10': '0.4325', 'HIT@20': '0.7962', 'NDCG@20': '0.4612', 'MRR@5': '0.3674', 'MRR@10': '0.3674', 'MRR@20': '0.3674'}
EarlyStopping counter: 4 out of 10
{'epoch': 171, 'rec_avg_loss': '0.4241', 'rec_cur_loss': '0.4183'}
{'Epoch': 171, 'HIT@5': '0.5480', 'NDCG@5': '0.3872', 'HIT@10': '0.6873', 'NDCG@10': '0.4324', 'HIT@20': '0.7997', 'NDCG@20': '0.4609', 'MRR@5': '0.3657', 'MRR@10': '0.3657', 'MRR@20': '0.3657'}
EarlyStopping counter: 5 out of 10
{'epoch': 172, 'rec_avg_loss': '0.4239', 'rec_cur_loss': '0.4244'}
{'Epoch': 172, 'HIT@5': '0.5528', 'NDCG@5': '0.3912', 'HIT@10': '0.6839', 'NDCG@10': '0.4336', 'HIT@20': '0.7965', 'NDCG@20': '0.4622', 'MRR@5': '0.3685', 'MRR@10': '0.3685', 'MRR@20': '0.3685'}
EarlyStopping counter: 6 out of 10
{'epoch': 173, 'rec_avg_loss': '0.4245', 'rec_cur_loss': '0.5173'}
{'Epoch': 173, 'HIT@5': '0.5500', 'NDCG@5': '0.3891', 'HIT@10': '0.6861', 'NDCG@10': '0.4333', 'HIT@20': '0.7982', 'NDCG@20': '0.4616', 'MRR@5': '0.3672', 'MRR@10': '0.3672', 'MRR@20': '0.3672'}
EarlyStopping counter: 7 out of 10
{'epoch': 174, 'rec_avg_loss': '0.4215', 'rec_cur_loss': '0.4362'}
{'Epoch': 174, 'HIT@5': '0.5523', 'NDCG@5': '0.3887', 'HIT@10': '0.6859', 'NDCG@10': '0.4319', 'HIT@20': '0.7944', 'NDCG@20': '0.4594', 'MRR@5': '0.3654', 'MRR@10': '0.3654', 'MRR@20': '0.3654'}
EarlyStopping counter: 8 out of 10
{'epoch': 175, 'rec_avg_loss': '0.4257', 'rec_cur_loss': '0.4579'}
{'Epoch': 175, 'HIT@5': '0.5536', 'NDCG@5': '0.3892', 'HIT@10': '0.6849', 'NDCG@10': '0.4316', 'HIT@20': '0.7964', 'NDCG@20': '0.4598', 'MRR@5': '0.3653', 'MRR@10': '0.3653', 'MRR@20': '0.3653'}
EarlyStopping counter: 9 out of 10
{'epoch': 176, 'rec_avg_loss': '0.4224', 'rec_cur_loss': '0.4527'}
{'Epoch': 176, 'HIT@5': '0.5553', 'NDCG@5': '0.3917', 'HIT@10': '0.6886', 'NDCG@10': '0.4349', 'HIT@20': '0.8005', 'NDCG@20': '0.4632', 'MRR@5': '0.3683', 'MRR@10': '0.3683', 'MRR@20': '0.3683'}
EarlyStopping counter: 10 out of 10
Early stopping
---------------Sample 99 results-------------------
{'Epoch': 0, 'HIT@5': '0.5179', 'NDCG@5': '0.3670', 'HIT@10': '0.6588', 'NDCG@10': '0.4126', 'HIT@20': '0.7758', 'NDCG@20': '0.4423', 'MRR@5': '0.3498', 'MRR@10': '0.3498', 'MRR@20': '0.3498'}
Finetune_sample-ml-1m-90-pop
{'Epoch': 0, 'HIT@5': '0.5179', 'NDCG@5': '0.3670', 'HIT@10': '0.6588', 'NDCG@10': '0.4126', 'HIT@20': '0.7758', 'NDCG@20': '0.4423', 'MRR@5': '0.3498', 'MRR@10': '0.3498', 'MRR@20': '0.3498'}
