Namespace(adam_beta1=0.9, adam_beta2=0.999, attention_probs_dropout_prob=0.2, batch_size=128, ckp=100, cuda_condition=True, data_dir='./data/', data_file='./data/ml-1m.txt', data_name='ml-1m', do_eval=False, epochs=200, gpu_id='0', hidden_act='gelu', hidden_dropout_prob=0.2, hidden_size=64, initializer_range=0.02, item_size=3418, log_file='output/Finetune_sample-ml-1m-100-pop.txt', log_freq=1, lr=0.001, mask_id=3417, max_seq_length=50, model_name='Finetune_sample', no_cuda=False, num_attention_heads=1, num_hidden_layers=2, output_dir='output/', sample_file='./data/ml-1m_sample.txt', seed=42, weight_decay=0.0)
Total Parameters: 338688
Load Checkpoint From output/ml-1m-epochs-100-pop.pt!
{'epoch': 0, 'rec_avg_loss': '0.7889', 'rec_cur_loss': '0.7378'}
{'Epoch': 0, 'HIT@5': '0.2947', 'NDCG@5': '0.1831', 'HIT@10': '0.4687', 'NDCG@10': '0.2393', 'HIT@20': '0.6689', 'NDCG@20': '0.2898', 'MRR@5': '0.1927', 'MRR@10': '0.1927', 'MRR@20': '0.1927'}
Validation score increased.  Saving model ...
{'epoch': 1, 'rec_avg_loss': '0.6645', 'rec_cur_loss': '0.6152'}
{'Epoch': 1, 'HIT@5': '0.3343', 'NDCG@5': '0.2111', 'HIT@10': '0.5137', 'NDCG@10': '0.2690', 'HIT@20': '0.7033', 'NDCG@20': '0.3170', 'MRR@5': '0.2160', 'MRR@10': '0.2160', 'MRR@20': '0.2160'}
Validation score increased.  Saving model ...
{'epoch': 2, 'rec_avg_loss': '0.6351', 'rec_cur_loss': '0.6999'}
{'Epoch': 2, 'HIT@5': '0.3594', 'NDCG@5': '0.2300', 'HIT@10': '0.5437', 'NDCG@10': '0.2894', 'HIT@20': '0.7237', 'NDCG@20': '0.3349', 'MRR@5': '0.2320', 'MRR@10': '0.2320', 'MRR@20': '0.2320'}
Validation score increased.  Saving model ...
{'epoch': 3, 'rec_avg_loss': '0.6180', 'rec_cur_loss': '0.6271'}
{'Epoch': 3, 'HIT@5': '0.3776', 'NDCG@5': '0.2428', 'HIT@10': '0.5606', 'NDCG@10': '0.3020', 'HIT@20': '0.7341', 'NDCG@20': '0.3460', 'MRR@5': '0.2424', 'MRR@10': '0.2424', 'MRR@20': '0.2424'}
Validation score increased.  Saving model ...
{'epoch': 4, 'rec_avg_loss': '0.6055', 'rec_cur_loss': '0.6106'}
{'Epoch': 4, 'HIT@5': '0.3897', 'NDCG@5': '0.2500', 'HIT@10': '0.5687', 'NDCG@10': '0.3081', 'HIT@20': '0.7396', 'NDCG@20': '0.3515', 'MRR@5': '0.2474', 'MRR@10': '0.2474', 'MRR@20': '0.2474'}
Validation score increased.  Saving model ...
{'epoch': 5, 'rec_avg_loss': '0.5931', 'rec_cur_loss': '0.5575'}
{'Epoch': 5, 'HIT@5': '0.3975', 'NDCG@5': '0.2562', 'HIT@10': '0.5805', 'NDCG@10': '0.3154', 'HIT@20': '0.7462', 'NDCG@20': '0.3574', 'MRR@5': '0.2527', 'MRR@10': '0.2527', 'MRR@20': '0.2527'}
Validation score increased.  Saving model ...
{'epoch': 6, 'rec_avg_loss': '0.5883', 'rec_cur_loss': '0.6372'}
{'Epoch': 6, 'HIT@5': '0.3995', 'NDCG@5': '0.2584', 'HIT@10': '0.5836', 'NDCG@10': '0.3181', 'HIT@20': '0.7449', 'NDCG@20': '0.3592', 'MRR@5': '0.2552', 'MRR@10': '0.2552', 'MRR@20': '0.2552'}
Validation score increased.  Saving model ...
{'epoch': 7, 'rec_avg_loss': '0.5850', 'rec_cur_loss': '0.5666'}
{'Epoch': 7, 'HIT@5': '0.4083', 'NDCG@5': '0.2651', 'HIT@10': '0.5932', 'NDCG@10': '0.3251', 'HIT@20': '0.7510', 'NDCG@20': '0.3652', 'MRR@5': '0.2608', 'MRR@10': '0.2608', 'MRR@20': '0.2608'}
Validation score increased.  Saving model ...
{'epoch': 8, 'rec_avg_loss': '0.5819', 'rec_cur_loss': '0.6343'}
{'Epoch': 8, 'HIT@5': '0.4161', 'NDCG@5': '0.2707', 'HIT@10': '0.5952', 'NDCG@10': '0.3289', 'HIT@20': '0.7518', 'NDCG@20': '0.3688', 'MRR@5': '0.2650', 'MRR@10': '0.2650', 'MRR@20': '0.2650'}
Validation score increased.  Saving model ...
{'epoch': 9, 'rec_avg_loss': '0.5737', 'rec_cur_loss': '0.5731'}
{'Epoch': 9, 'HIT@5': '0.4280', 'NDCG@5': '0.2775', 'HIT@10': '0.6068', 'NDCG@10': '0.3354', 'HIT@20': '0.7578', 'NDCG@20': '0.3736', 'MRR@5': '0.2691', 'MRR@10': '0.2691', 'MRR@20': '0.2691'}
Validation score increased.  Saving model ...
{'epoch': 10, 'rec_avg_loss': '0.5710', 'rec_cur_loss': '0.5497'}
{'Epoch': 10, 'HIT@5': '0.4268', 'NDCG@5': '0.2774', 'HIT@10': '0.6089', 'NDCG@10': '0.3363', 'HIT@20': '0.7575', 'NDCG@20': '0.3740', 'MRR@5': '0.2695', 'MRR@10': '0.2695', 'MRR@20': '0.2695'}
Validation score increased.  Saving model ...
{'epoch': 11, 'rec_avg_loss': '0.5684', 'rec_cur_loss': '0.5906'}
{'Epoch': 11, 'HIT@5': '0.4346', 'NDCG@5': '0.2843', 'HIT@10': '0.6093', 'NDCG@10': '0.3411', 'HIT@20': '0.7608', 'NDCG@20': '0.3797', 'MRR@5': '0.2756', 'MRR@10': '0.2756', 'MRR@20': '0.2756'}
Validation score increased.  Saving model ...
{'epoch': 12, 'rec_avg_loss': '0.5635', 'rec_cur_loss': '0.5221'}
{'Epoch': 12, 'HIT@5': '0.4318', 'NDCG@5': '0.2804', 'HIT@10': '0.6065', 'NDCG@10': '0.3370', 'HIT@20': '0.7575', 'NDCG@20': '0.3753', 'MRR@5': '0.2712', 'MRR@10': '0.2712', 'MRR@20': '0.2712'}
EarlyStopping counter: 1 out of 10
{'epoch': 13, 'rec_avg_loss': '0.5633', 'rec_cur_loss': '0.5820'}
{'Epoch': 13, 'HIT@5': '0.4379', 'NDCG@5': '0.2850', 'HIT@10': '0.6156', 'NDCG@10': '0.3426', 'HIT@20': '0.7623', 'NDCG@20': '0.3798', 'MRR@5': '0.2752', 'MRR@10': '0.2752', 'MRR@20': '0.2752'}
EarlyStopping counter: 2 out of 10
{'epoch': 14, 'rec_avg_loss': '0.5608', 'rec_cur_loss': '0.6025'}
{'Epoch': 14, 'HIT@5': '0.4358', 'NDCG@5': '0.2848', 'HIT@10': '0.6144', 'NDCG@10': '0.3428', 'HIT@20': '0.7637', 'NDCG@20': '0.3806', 'MRR@5': '0.2760', 'MRR@10': '0.2760', 'MRR@20': '0.2760'}
Validation score increased.  Saving model ...
{'epoch': 15, 'rec_avg_loss': '0.5547', 'rec_cur_loss': '0.5226'}
{'Epoch': 15, 'HIT@5': '0.4320', 'NDCG@5': '0.2808', 'HIT@10': '0.6091', 'NDCG@10': '0.3384', 'HIT@20': '0.7609', 'NDCG@20': '0.3770', 'MRR@5': '0.2721', 'MRR@10': '0.2721', 'MRR@20': '0.2721'}
EarlyStopping counter: 1 out of 10
{'epoch': 16, 'rec_avg_loss': '0.5546', 'rec_cur_loss': '0.5634'}
{'Epoch': 16, 'HIT@5': '0.4483', 'NDCG@5': '0.2948', 'HIT@10': '0.6185', 'NDCG@10': '0.3500', 'HIT@20': '0.7667', 'NDCG@20': '0.3876', 'MRR@5': '0.2838', 'MRR@10': '0.2838', 'MRR@20': '0.2838'}
Validation score increased.  Saving model ...
{'epoch': 17, 'rec_avg_loss': '0.5532', 'rec_cur_loss': '0.5749'}
{'Epoch': 17, 'HIT@5': '0.4498', 'NDCG@5': '0.2975', 'HIT@10': '0.6207', 'NDCG@10': '0.3530', 'HIT@20': '0.7690', 'NDCG@20': '0.3907', 'MRR@5': '0.2870', 'MRR@10': '0.2870', 'MRR@20': '0.2870'}
Validation score increased.  Saving model ...
{'epoch': 18, 'rec_avg_loss': '0.5483', 'rec_cur_loss': '0.4316'}
{'Epoch': 18, 'HIT@5': '0.4442', 'NDCG@5': '0.2920', 'HIT@10': '0.6177', 'NDCG@10': '0.3482', 'HIT@20': '0.7651', 'NDCG@20': '0.3856', 'MRR@5': '0.2818', 'MRR@10': '0.2818', 'MRR@20': '0.2818'}
EarlyStopping counter: 1 out of 10
{'epoch': 19, 'rec_avg_loss': '0.5483', 'rec_cur_loss': '0.5566'}
{'Epoch': 19, 'HIT@5': '0.4533', 'NDCG@5': '0.2991', 'HIT@10': '0.6217', 'NDCG@10': '0.3535', 'HIT@20': '0.7684', 'NDCG@20': '0.3908', 'MRR@5': '0.2873', 'MRR@10': '0.2873', 'MRR@20': '0.2873'}
Validation score increased.  Saving model ...
{'epoch': 20, 'rec_avg_loss': '0.5447', 'rec_cur_loss': '0.5184'}
{'Epoch': 20, 'HIT@5': '0.4545', 'NDCG@5': '0.3003', 'HIT@10': '0.6225', 'NDCG@10': '0.3548', 'HIT@20': '0.7656', 'NDCG@20': '0.3912', 'MRR@5': '0.2885', 'MRR@10': '0.2885', 'MRR@20': '0.2885'}
Validation score increased.  Saving model ...
{'epoch': 21, 'rec_avg_loss': '0.5438', 'rec_cur_loss': '0.5243'}
{'Epoch': 21, 'HIT@5': '0.4561', 'NDCG@5': '0.3014', 'HIT@10': '0.6257', 'NDCG@10': '0.3563', 'HIT@20': '0.7694', 'NDCG@20': '0.3929', 'MRR@5': '0.2895', 'MRR@10': '0.2895', 'MRR@20': '0.2895'}
Validation score increased.  Saving model ...
{'epoch': 22, 'rec_avg_loss': '0.5428', 'rec_cur_loss': '0.6461'}
{'Epoch': 22, 'HIT@5': '0.4596', 'NDCG@5': '0.3026', 'HIT@10': '0.6263', 'NDCG@10': '0.3566', 'HIT@20': '0.7697', 'NDCG@20': '0.3930', 'MRR@5': '0.2895', 'MRR@10': '0.2895', 'MRR@20': '0.2895'}
EarlyStopping counter: 1 out of 10
{'epoch': 23, 'rec_avg_loss': '0.5389', 'rec_cur_loss': '0.5019'}
{'Epoch': 23, 'HIT@5': '0.4593', 'NDCG@5': '0.3032', 'HIT@10': '0.6275', 'NDCG@10': '0.3578', 'HIT@20': '0.7661', 'NDCG@20': '0.3930', 'MRR@5': '0.2905', 'MRR@10': '0.2905', 'MRR@20': '0.2905'}
Validation score increased.  Saving model ...
{'epoch': 24, 'rec_avg_loss': '0.5389', 'rec_cur_loss': '0.5459'}
{'Epoch': 24, 'HIT@5': '0.4695', 'NDCG@5': '0.3117', 'HIT@10': '0.6339', 'NDCG@10': '0.3649', 'HIT@20': '0.7728', 'NDCG@20': '0.4003', 'MRR@5': '0.2977', 'MRR@10': '0.2977', 'MRR@20': '0.2977'}
Validation score increased.  Saving model ...
{'epoch': 25, 'rec_avg_loss': '0.5378', 'rec_cur_loss': '0.5573'}
{'Epoch': 25, 'HIT@5': '0.4671', 'NDCG@5': '0.3112', 'HIT@10': '0.6336', 'NDCG@10': '0.3654', 'HIT@20': '0.7728', 'NDCG@20': '0.4008', 'MRR@5': '0.2983', 'MRR@10': '0.2983', 'MRR@20': '0.2983'}
Validation score increased.  Saving model ...
{'epoch': 26, 'rec_avg_loss': '0.5337', 'rec_cur_loss': '0.4703'}
{'Epoch': 26, 'HIT@5': '0.4680', 'NDCG@5': '0.3122', 'HIT@10': '0.6343', 'NDCG@10': '0.3662', 'HIT@20': '0.7740', 'NDCG@20': '0.4017', 'MRR@5': '0.2992', 'MRR@10': '0.2992', 'MRR@20': '0.2992'}
Validation score increased.  Saving model ...
{'epoch': 27, 'rec_avg_loss': '0.5329', 'rec_cur_loss': '0.5324'}
{'Epoch': 27, 'HIT@5': '0.4652', 'NDCG@5': '0.3104', 'HIT@10': '0.6329', 'NDCG@10': '0.3649', 'HIT@20': '0.7740', 'NDCG@20': '0.4007', 'MRR@5': '0.2981', 'MRR@10': '0.2981', 'MRR@20': '0.2981'}
EarlyStopping counter: 1 out of 10
{'epoch': 28, 'rec_avg_loss': '0.5305', 'rec_cur_loss': '0.5026'}
{'Epoch': 28, 'HIT@5': '0.4690', 'NDCG@5': '0.3135', 'HIT@10': '0.6359', 'NDCG@10': '0.3677', 'HIT@20': '0.7745', 'NDCG@20': '0.4030', 'MRR@5': '0.3007', 'MRR@10': '0.3007', 'MRR@20': '0.3007'}
Validation score increased.  Saving model ...
{'epoch': 29, 'rec_avg_loss': '0.5264', 'rec_cur_loss': '0.5044'}
{'Epoch': 29, 'HIT@5': '0.4677', 'NDCG@5': '0.3131', 'HIT@10': '0.6351', 'NDCG@10': '0.3673', 'HIT@20': '0.7743', 'NDCG@20': '0.4028', 'MRR@5': '0.3005', 'MRR@10': '0.3005', 'MRR@20': '0.3005'}
EarlyStopping counter: 1 out of 10
{'epoch': 30, 'rec_avg_loss': '0.5282', 'rec_cur_loss': '0.5326'}
{'Epoch': 30, 'HIT@5': '0.4700', 'NDCG@5': '0.3154', 'HIT@10': '0.6402', 'NDCG@10': '0.3706', 'HIT@20': '0.7742', 'NDCG@20': '0.4046', 'MRR@5': '0.3029', 'MRR@10': '0.3029', 'MRR@20': '0.3029'}
Validation score increased.  Saving model ...
{'epoch': 31, 'rec_avg_loss': '0.5294', 'rec_cur_loss': '0.5762'}
{'Epoch': 31, 'HIT@5': '0.4724', 'NDCG@5': '0.3191', 'HIT@10': '0.6442', 'NDCG@10': '0.3749', 'HIT@20': '0.7772', 'NDCG@20': '0.4087', 'MRR@5': '0.3070', 'MRR@10': '0.3070', 'MRR@20': '0.3070'}
Validation score increased.  Saving model ...
{'epoch': 32, 'rec_avg_loss': '0.5253', 'rec_cur_loss': '0.4582'}
{'Epoch': 32, 'HIT@5': '0.4719', 'NDCG@5': '0.3170', 'HIT@10': '0.6369', 'NDCG@10': '0.3705', 'HIT@20': '0.7755', 'NDCG@20': '0.4058', 'MRR@5': '0.3040', 'MRR@10': '0.3040', 'MRR@20': '0.3040'}
EarlyStopping counter: 1 out of 10
{'epoch': 33, 'rec_avg_loss': '0.5259', 'rec_cur_loss': '0.5439'}
{'Epoch': 33, 'HIT@5': '0.4781', 'NDCG@5': '0.3218', 'HIT@10': '0.6399', 'NDCG@10': '0.3743', 'HIT@20': '0.7752', 'NDCG@20': '0.4087', 'MRR@5': '0.3077', 'MRR@10': '0.3077', 'MRR@20': '0.3077'}
Validation score increased.  Saving model ...
{'epoch': 34, 'rec_avg_loss': '0.5232', 'rec_cur_loss': '0.5218'}
{'Epoch': 34, 'HIT@5': '0.4790', 'NDCG@5': '0.3225', 'HIT@10': '0.6445', 'NDCG@10': '0.3761', 'HIT@20': '0.7780', 'NDCG@20': '0.4100', 'MRR@5': '0.3085', 'MRR@10': '0.3085', 'MRR@20': '0.3085'}
Validation score increased.  Saving model ...
{'epoch': 35, 'rec_avg_loss': '0.5207', 'rec_cur_loss': '0.5171'}
{'Epoch': 35, 'HIT@5': '0.4778', 'NDCG@5': '0.3206', 'HIT@10': '0.6425', 'NDCG@10': '0.3739', 'HIT@20': '0.7796', 'NDCG@20': '0.4087', 'MRR@5': '0.3064', 'MRR@10': '0.3064', 'MRR@20': '0.3064'}
EarlyStopping counter: 1 out of 10
{'epoch': 36, 'rec_avg_loss': '0.5227', 'rec_cur_loss': '0.4797'}
{'Epoch': 36, 'HIT@5': '0.4755', 'NDCG@5': '0.3202', 'HIT@10': '0.6392', 'NDCG@10': '0.3734', 'HIT@20': '0.7786', 'NDCG@20': '0.4088', 'MRR@5': '0.3069', 'MRR@10': '0.3069', 'MRR@20': '0.3069'}
EarlyStopping counter: 2 out of 10
{'epoch': 37, 'rec_avg_loss': '0.5212', 'rec_cur_loss': '0.5622'}
{'Epoch': 37, 'HIT@5': '0.4758', 'NDCG@5': '0.3216', 'HIT@10': '0.6477', 'NDCG@10': '0.3773', 'HIT@20': '0.7780', 'NDCG@20': '0.4104', 'MRR@5': '0.3090', 'MRR@10': '0.3090', 'MRR@20': '0.3090'}
Validation score increased.  Saving model ...
{'epoch': 38, 'rec_avg_loss': '0.5172', 'rec_cur_loss': '0.4474'}
{'Epoch': 38, 'HIT@5': '0.4747', 'NDCG@5': '0.3188', 'HIT@10': '0.6425', 'NDCG@10': '0.3732', 'HIT@20': '0.7755', 'NDCG@20': '0.4069', 'MRR@5': '0.3053', 'MRR@10': '0.3053', 'MRR@20': '0.3053'}
EarlyStopping counter: 1 out of 10
{'epoch': 39, 'rec_avg_loss': '0.5187', 'rec_cur_loss': '0.5001'}
{'Epoch': 39, 'HIT@5': '0.4825', 'NDCG@5': '0.3235', 'HIT@10': '0.6439', 'NDCG@10': '0.3759', 'HIT@20': '0.7776', 'NDCG@20': '0.4099', 'MRR@5': '0.3083', 'MRR@10': '0.3083', 'MRR@20': '0.3083'}
EarlyStopping counter: 2 out of 10
{'epoch': 40, 'rec_avg_loss': '0.5150', 'rec_cur_loss': '0.4929'}
{'Epoch': 40, 'HIT@5': '0.4803', 'NDCG@5': '0.3226', 'HIT@10': '0.6444', 'NDCG@10': '0.3758', 'HIT@20': '0.7793', 'NDCG@20': '0.4101', 'MRR@5': '0.3082', 'MRR@10': '0.3082', 'MRR@20': '0.3082'}
EarlyStopping counter: 3 out of 10
{'epoch': 41, 'rec_avg_loss': '0.5138', 'rec_cur_loss': '0.4813'}
{'Epoch': 41, 'HIT@5': '0.4820', 'NDCG@5': '0.3235', 'HIT@10': '0.6449', 'NDCG@10': '0.3762', 'HIT@20': '0.7768', 'NDCG@20': '0.4098', 'MRR@5': '0.3085', 'MRR@10': '0.3085', 'MRR@20': '0.3085'}
EarlyStopping counter: 4 out of 10
{'epoch': 42, 'rec_avg_loss': '0.5137', 'rec_cur_loss': '0.5323'}
{'Epoch': 42, 'HIT@5': '0.4803', 'NDCG@5': '0.3217', 'HIT@10': '0.6455', 'NDCG@10': '0.3752', 'HIT@20': '0.7786', 'NDCG@20': '0.4091', 'MRR@5': '0.3070', 'MRR@10': '0.3070', 'MRR@20': '0.3070'}
EarlyStopping counter: 5 out of 10
{'epoch': 43, 'rec_avg_loss': '0.5137', 'rec_cur_loss': '0.5236'}
{'Epoch': 43, 'HIT@5': '0.4864', 'NDCG@5': '0.3284', 'HIT@10': '0.6487', 'NDCG@10': '0.3809', 'HIT@20': '0.7795', 'NDCG@20': '0.4142', 'MRR@5': '0.3132', 'MRR@10': '0.3132', 'MRR@20': '0.3132'}
Validation score increased.  Saving model ...
{'epoch': 44, 'rec_avg_loss': '0.5121', 'rec_cur_loss': '0.5642'}
{'Epoch': 44, 'HIT@5': '0.4808', 'NDCG@5': '0.3236', 'HIT@10': '0.6478', 'NDCG@10': '0.3777', 'HIT@20': '0.7796', 'NDCG@20': '0.4112', 'MRR@5': '0.3094', 'MRR@10': '0.3094', 'MRR@20': '0.3094'}
EarlyStopping counter: 1 out of 10
{'epoch': 45, 'rec_avg_loss': '0.5111', 'rec_cur_loss': '0.5167'}
{'Epoch': 45, 'HIT@5': '0.4821', 'NDCG@5': '0.3246', 'HIT@10': '0.6469', 'NDCG@10': '0.3780', 'HIT@20': '0.7796', 'NDCG@20': '0.4117', 'MRR@5': '0.3100', 'MRR@10': '0.3100', 'MRR@20': '0.3100'}
EarlyStopping counter: 2 out of 10
{'epoch': 46, 'rec_avg_loss': '0.5114', 'rec_cur_loss': '0.5429'}
{'Epoch': 46, 'HIT@5': '0.4863', 'NDCG@5': '0.3307', 'HIT@10': '0.6497', 'NDCG@10': '0.3837', 'HIT@20': '0.7821', 'NDCG@20': '0.4173', 'MRR@5': '0.3164', 'MRR@10': '0.3164', 'MRR@20': '0.3164'}
Validation score increased.  Saving model ...
{'epoch': 47, 'rec_avg_loss': '0.5100', 'rec_cur_loss': '0.4764'}
{'Epoch': 47, 'HIT@5': '0.4922', 'NDCG@5': '0.3320', 'HIT@10': '0.6497', 'NDCG@10': '0.3830', 'HIT@20': '0.7821', 'NDCG@20': '0.4167', 'MRR@5': '0.3155', 'MRR@10': '0.3155', 'MRR@20': '0.3155'}
EarlyStopping counter: 1 out of 10
{'epoch': 48, 'rec_avg_loss': '0.5055', 'rec_cur_loss': '0.4929'}
{'Epoch': 48, 'HIT@5': '0.4828', 'NDCG@5': '0.3279', 'HIT@10': '0.6482', 'NDCG@10': '0.3817', 'HIT@20': '0.7846', 'NDCG@20': '0.4164', 'MRR@5': '0.3145', 'MRR@10': '0.3145', 'MRR@20': '0.3145'}
EarlyStopping counter: 2 out of 10
{'epoch': 49, 'rec_avg_loss': '0.5050', 'rec_cur_loss': '0.4623'}
{'Epoch': 49, 'HIT@5': '0.4889', 'NDCG@5': '0.3315', 'HIT@10': '0.6525', 'NDCG@10': '0.3847', 'HIT@20': '0.7843', 'NDCG@20': '0.4181', 'MRR@5': '0.3167', 'MRR@10': '0.3167', 'MRR@20': '0.3167'}
Validation score increased.  Saving model ...
{'epoch': 50, 'rec_avg_loss': '0.5053', 'rec_cur_loss': '0.4964'}
{'Epoch': 50, 'HIT@5': '0.4930', 'NDCG@5': '0.3361', 'HIT@10': '0.6541', 'NDCG@10': '0.3884', 'HIT@20': '0.7836', 'NDCG@20': '0.4212', 'MRR@5': '0.3208', 'MRR@10': '0.3208', 'MRR@20': '0.3208'}
Validation score increased.  Saving model ...
{'epoch': 51, 'rec_avg_loss': '0.5040', 'rec_cur_loss': '0.4791'}
{'Epoch': 51, 'HIT@5': '0.4914', 'NDCG@5': '0.3351', 'HIT@10': '0.6517', 'NDCG@10': '0.3872', 'HIT@20': '0.7798', 'NDCG@20': '0.4198', 'MRR@5': '0.3202', 'MRR@10': '0.3202', 'MRR@20': '0.3202'}
EarlyStopping counter: 1 out of 10
{'epoch': 52, 'rec_avg_loss': '0.5035', 'rec_cur_loss': '0.5046'}
{'Epoch': 52, 'HIT@5': '0.4934', 'NDCG@5': '0.3365', 'HIT@10': '0.6531', 'NDCG@10': '0.3885', 'HIT@20': '0.7820', 'NDCG@20': '0.4213', 'MRR@5': '0.3215', 'MRR@10': '0.3215', 'MRR@20': '0.3215'}
Validation score increased.  Saving model ...
{'epoch': 53, 'rec_avg_loss': '0.5023', 'rec_cur_loss': '0.5563'}
{'Epoch': 53, 'HIT@5': '0.4917', 'NDCG@5': '0.3361', 'HIT@10': '0.6555', 'NDCG@10': '0.3892', 'HIT@20': '0.7838', 'NDCG@20': '0.4218', 'MRR@5': '0.3216', 'MRR@10': '0.3216', 'MRR@20': '0.3216'}
Validation score increased.  Saving model ...
{'epoch': 54, 'rec_avg_loss': '0.5001', 'rec_cur_loss': '0.4777'}
{'Epoch': 54, 'HIT@5': '0.4983', 'NDCG@5': '0.3373', 'HIT@10': '0.6599', 'NDCG@10': '0.3897', 'HIT@20': '0.7892', 'NDCG@20': '0.4224', 'MRR@5': '0.3206', 'MRR@10': '0.3206', 'MRR@20': '0.3206'}
EarlyStopping counter: 1 out of 10
{'epoch': 55, 'rec_avg_loss': '0.5001', 'rec_cur_loss': '0.4854'}
{'Epoch': 55, 'HIT@5': '0.4940', 'NDCG@5': '0.3368', 'HIT@10': '0.6546', 'NDCG@10': '0.3891', 'HIT@20': '0.7853', 'NDCG@20': '0.4222', 'MRR@5': '0.3216', 'MRR@10': '0.3216', 'MRR@20': '0.3216'}
EarlyStopping counter: 2 out of 10
{'epoch': 56, 'rec_avg_loss': '0.5001', 'rec_cur_loss': '0.5426'}
{'Epoch': 56, 'HIT@5': '0.4954', 'NDCG@5': '0.3399', 'HIT@10': '0.6560', 'NDCG@10': '0.3921', 'HIT@20': '0.7836', 'NDCG@20': '0.4245', 'MRR@5': '0.3251', 'MRR@10': '0.3251', 'MRR@20': '0.3251'}
Validation score increased.  Saving model ...
{'epoch': 57, 'rec_avg_loss': '0.4986', 'rec_cur_loss': '0.5025'}
{'Epoch': 57, 'HIT@5': '0.4980', 'NDCG@5': '0.3412', 'HIT@10': '0.6568', 'NDCG@10': '0.3929', 'HIT@20': '0.7873', 'NDCG@20': '0.4261', 'MRR@5': '0.3259', 'MRR@10': '0.3259', 'MRR@20': '0.3259'}
Validation score increased.  Saving model ...
{'epoch': 58, 'rec_avg_loss': '0.4979', 'rec_cur_loss': '0.5508'}
{'Epoch': 58, 'HIT@5': '0.5031', 'NDCG@5': '0.3440', 'HIT@10': '0.6594', 'NDCG@10': '0.3948', 'HIT@20': '0.7858', 'NDCG@20': '0.4270', 'MRR@5': '0.3274', 'MRR@10': '0.3274', 'MRR@20': '0.3274'}
Validation score increased.  Saving model ...
{'epoch': 59, 'rec_avg_loss': '0.4963', 'rec_cur_loss': '0.4504'}
{'Epoch': 59, 'HIT@5': '0.5050', 'NDCG@5': '0.3466', 'HIT@10': '0.6621', 'NDCG@10': '0.3975', 'HIT@20': '0.7877', 'NDCG@20': '0.4294', 'MRR@5': '0.3299', 'MRR@10': '0.3299', 'MRR@20': '0.3299'}
Validation score increased.  Saving model ...
{'epoch': 60, 'rec_avg_loss': '0.4960', 'rec_cur_loss': '0.5432'}
{'Epoch': 60, 'HIT@5': '0.4998', 'NDCG@5': '0.3412', 'HIT@10': '0.6507', 'NDCG@10': '0.3900', 'HIT@20': '0.7828', 'NDCG@20': '0.4236', 'MRR@5': '0.3242', 'MRR@10': '0.3242', 'MRR@20': '0.3242'}
EarlyStopping counter: 1 out of 10
{'epoch': 61, 'rec_avg_loss': '0.4922', 'rec_cur_loss': '0.4590'}
{'Epoch': 61, 'HIT@5': '0.5017', 'NDCG@5': '0.3462', 'HIT@10': '0.6583', 'NDCG@10': '0.3968', 'HIT@20': '0.7856', 'NDCG@20': '0.4291', 'MRR@5': '0.3305', 'MRR@10': '0.3305', 'MRR@20': '0.3305'}
Validation score increased.  Saving model ...
{'epoch': 62, 'rec_avg_loss': '0.4909', 'rec_cur_loss': '0.4119'}
{'Epoch': 62, 'HIT@5': '0.4988', 'NDCG@5': '0.3408', 'HIT@10': '0.6601', 'NDCG@10': '0.3932', 'HIT@20': '0.7859', 'NDCG@20': '0.4251', 'MRR@5': '0.3250', 'MRR@10': '0.3250', 'MRR@20': '0.3250'}
EarlyStopping counter: 1 out of 10
{'epoch': 63, 'rec_avg_loss': '0.4931', 'rec_cur_loss': '0.5354'}
{'Epoch': 63, 'HIT@5': '0.5040', 'NDCG@5': '0.3466', 'HIT@10': '0.6594', 'NDCG@10': '0.3971', 'HIT@20': '0.7881', 'NDCG@20': '0.4298', 'MRR@5': '0.3303', 'MRR@10': '0.3303', 'MRR@20': '0.3303'}
EarlyStopping counter: 2 out of 10
{'epoch': 64, 'rec_avg_loss': '0.4925', 'rec_cur_loss': '0.5038'}
{'Epoch': 64, 'HIT@5': '0.5123', 'NDCG@5': '0.3518', 'HIT@10': '0.6671', 'NDCG@10': '0.4019', 'HIT@20': '0.7894', 'NDCG@20': '0.4330', 'MRR@5': '0.3338', 'MRR@10': '0.3338', 'MRR@20': '0.3338'}
Validation score increased.  Saving model ...
{'epoch': 65, 'rec_avg_loss': '0.4923', 'rec_cur_loss': '0.6154'}
{'Epoch': 65, 'HIT@5': '0.4992', 'NDCG@5': '0.3422', 'HIT@10': '0.6540', 'NDCG@10': '0.3925', 'HIT@20': '0.7851', 'NDCG@20': '0.4258', 'MRR@5': '0.3262', 'MRR@10': '0.3262', 'MRR@20': '0.3262'}
EarlyStopping counter: 1 out of 10
{'epoch': 66, 'rec_avg_loss': '0.4920', 'rec_cur_loss': '0.5057'}
{'Epoch': 66, 'HIT@5': '0.5093', 'NDCG@5': '0.3522', 'HIT@10': '0.6654', 'NDCG@10': '0.4028', 'HIT@20': '0.7879', 'NDCG@20': '0.4339', 'MRR@5': '0.3355', 'MRR@10': '0.3355', 'MRR@20': '0.3355'}
Validation score increased.  Saving model ...
{'epoch': 67, 'rec_avg_loss': '0.4858', 'rec_cur_loss': '0.4788'}
{'Epoch': 67, 'HIT@5': '0.5075', 'NDCG@5': '0.3496', 'HIT@10': '0.6601', 'NDCG@10': '0.3992', 'HIT@20': '0.7882', 'NDCG@20': '0.4317', 'MRR@5': '0.3328', 'MRR@10': '0.3328', 'MRR@20': '0.3328'}
EarlyStopping counter: 1 out of 10
{'epoch': 68, 'rec_avg_loss': '0.4866', 'rec_cur_loss': '0.4754'}
{'Epoch': 68, 'HIT@5': '0.5056', 'NDCG@5': '0.3497', 'HIT@10': '0.6579', 'NDCG@10': '0.3993', 'HIT@20': '0.7873', 'NDCG@20': '0.4321', 'MRR@5': '0.3335', 'MRR@10': '0.3335', 'MRR@20': '0.3335'}
EarlyStopping counter: 2 out of 10
{'epoch': 69, 'rec_avg_loss': '0.4882', 'rec_cur_loss': '0.5117'}
{'Epoch': 69, 'HIT@5': '0.5086', 'NDCG@5': '0.3481', 'HIT@10': '0.6619', 'NDCG@10': '0.3977', 'HIT@20': '0.7886', 'NDCG@20': '0.4298', 'MRR@5': '0.3300', 'MRR@10': '0.3300', 'MRR@20': '0.3300'}
EarlyStopping counter: 3 out of 10
{'epoch': 70, 'rec_avg_loss': '0.4864', 'rec_cur_loss': '0.4753'}
{'Epoch': 70, 'HIT@5': '0.5071', 'NDCG@5': '0.3494', 'HIT@10': '0.6646', 'NDCG@10': '0.4003', 'HIT@20': '0.7881', 'NDCG@20': '0.4317', 'MRR@5': '0.3327', 'MRR@10': '0.3327', 'MRR@20': '0.3327'}
EarlyStopping counter: 4 out of 10
{'epoch': 71, 'rec_avg_loss': '0.4827', 'rec_cur_loss': '0.4561'}
{'Epoch': 71, 'HIT@5': '0.5076', 'NDCG@5': '0.3487', 'HIT@10': '0.6637', 'NDCG@10': '0.3993', 'HIT@20': '0.7871', 'NDCG@20': '0.4307', 'MRR@5': '0.3315', 'MRR@10': '0.3315', 'MRR@20': '0.3315'}
EarlyStopping counter: 5 out of 10
{'epoch': 72, 'rec_avg_loss': '0.4863', 'rec_cur_loss': '0.4947'}
{'Epoch': 72, 'HIT@5': '0.5118', 'NDCG@5': '0.3520', 'HIT@10': '0.6639', 'NDCG@10': '0.4014', 'HIT@20': '0.7884', 'NDCG@20': '0.4331', 'MRR@5': '0.3342', 'MRR@10': '0.3342', 'MRR@20': '0.3342'}
EarlyStopping counter: 6 out of 10
{'epoch': 73, 'rec_avg_loss': '0.4841', 'rec_cur_loss': '0.5073'}
{'Epoch': 73, 'HIT@5': '0.5154', 'NDCG@5': '0.3574', 'HIT@10': '0.6656', 'NDCG@10': '0.4062', 'HIT@20': '0.7874', 'NDCG@20': '0.4372', 'MRR@5': '0.3399', 'MRR@10': '0.3399', 'MRR@20': '0.3399'}
Validation score increased.  Saving model ...
{'epoch': 74, 'rec_avg_loss': '0.4851', 'rec_cur_loss': '0.5632'}
{'Epoch': 74, 'HIT@5': '0.5136', 'NDCG@5': '0.3547', 'HIT@10': '0.6666', 'NDCG@10': '0.4044', 'HIT@20': '0.7894', 'NDCG@20': '0.4356', 'MRR@5': '0.3371', 'MRR@10': '0.3371', 'MRR@20': '0.3371'}
EarlyStopping counter: 1 out of 10
{'epoch': 75, 'rec_avg_loss': '0.4811', 'rec_cur_loss': '0.5034'}
{'Epoch': 75, 'HIT@5': '0.5187', 'NDCG@5': '0.3591', 'HIT@10': '0.6669', 'NDCG@10': '0.4071', 'HIT@20': '0.7899', 'NDCG@20': '0.4383', 'MRR@5': '0.3404', 'MRR@10': '0.3404', 'MRR@20': '0.3404'}
Validation score increased.  Saving model ...
{'epoch': 76, 'rec_avg_loss': '0.4779', 'rec_cur_loss': '0.4810'}
{'Epoch': 76, 'HIT@5': '0.5171', 'NDCG@5': '0.3582', 'HIT@10': '0.6674', 'NDCG@10': '0.4070', 'HIT@20': '0.7889', 'NDCG@20': '0.4380', 'MRR@5': '0.3403', 'MRR@10': '0.3403', 'MRR@20': '0.3403'}
EarlyStopping counter: 1 out of 10
{'epoch': 77, 'rec_avg_loss': '0.4792', 'rec_cur_loss': '0.5034'}
{'Epoch': 77, 'HIT@5': '0.5126', 'NDCG@5': '0.3548', 'HIT@10': '0.6649', 'NDCG@10': '0.4041', 'HIT@20': '0.7868', 'NDCG@20': '0.4350', 'MRR@5': '0.3373', 'MRR@10': '0.3373', 'MRR@20': '0.3373'}
EarlyStopping counter: 2 out of 10
{'epoch': 78, 'rec_avg_loss': '0.4791', 'rec_cur_loss': '0.5135'}
{'Epoch': 78, 'HIT@5': '0.5187', 'NDCG@5': '0.3553', 'HIT@10': '0.6689', 'NDCG@10': '0.4041', 'HIT@20': '0.7897', 'NDCG@20': '0.4348', 'MRR@5': '0.3358', 'MRR@10': '0.3358', 'MRR@20': '0.3358'}
EarlyStopping counter: 3 out of 10
{'epoch': 79, 'rec_avg_loss': '0.4793', 'rec_cur_loss': '0.5200'}
{'Epoch': 79, 'HIT@5': '0.5175', 'NDCG@5': '0.3540', 'HIT@10': '0.6659', 'NDCG@10': '0.4021', 'HIT@20': '0.7876', 'NDCG@20': '0.4332', 'MRR@5': '0.3344', 'MRR@10': '0.3344', 'MRR@20': '0.3344'}
EarlyStopping counter: 4 out of 10
{'epoch': 80, 'rec_avg_loss': '0.4761', 'rec_cur_loss': '0.4608'}
{'Epoch': 80, 'HIT@5': '0.5123', 'NDCG@5': '0.3526', 'HIT@10': '0.6654', 'NDCG@10': '0.4023', 'HIT@20': '0.7887', 'NDCG@20': '0.4336', 'MRR@5': '0.3348', 'MRR@10': '0.3348', 'MRR@20': '0.3348'}
EarlyStopping counter: 5 out of 10
{'epoch': 81, 'rec_avg_loss': '0.4780', 'rec_cur_loss': '0.5605'}
{'Epoch': 81, 'HIT@5': '0.5174', 'NDCG@5': '0.3552', 'HIT@10': '0.6657', 'NDCG@10': '0.4034', 'HIT@20': '0.7909', 'NDCG@20': '0.4353', 'MRR@5': '0.3362', 'MRR@10': '0.3362', 'MRR@20': '0.3362'}
EarlyStopping counter: 6 out of 10
{'epoch': 82, 'rec_avg_loss': '0.4754', 'rec_cur_loss': '0.4719'}
{'Epoch': 82, 'HIT@5': '0.5185', 'NDCG@5': '0.3590', 'HIT@10': '0.6656', 'NDCG@10': '0.4068', 'HIT@20': '0.7891', 'NDCG@20': '0.4382', 'MRR@5': '0.3404', 'MRR@10': '0.3404', 'MRR@20': '0.3404'}
EarlyStopping counter: 7 out of 10
{'epoch': 83, 'rec_avg_loss': '0.4765', 'rec_cur_loss': '0.4714'}
{'Epoch': 83, 'HIT@5': '0.5204', 'NDCG@5': '0.3586', 'HIT@10': '0.6671', 'NDCG@10': '0.4063', 'HIT@20': '0.7904', 'NDCG@20': '0.4377', 'MRR@5': '0.3394', 'MRR@10': '0.3394', 'MRR@20': '0.3394'}
EarlyStopping counter: 8 out of 10
{'epoch': 84, 'rec_avg_loss': '0.4761', 'rec_cur_loss': '0.4320'}
{'Epoch': 84, 'HIT@5': '0.5180', 'NDCG@5': '0.3559', 'HIT@10': '0.6626', 'NDCG@10': '0.4028', 'HIT@20': '0.7901', 'NDCG@20': '0.4353', 'MRR@5': '0.3364', 'MRR@10': '0.3364', 'MRR@20': '0.3364'}
EarlyStopping counter: 9 out of 10
{'epoch': 85, 'rec_avg_loss': '0.4751', 'rec_cur_loss': '0.4384'}
{'Epoch': 85, 'HIT@5': '0.5295', 'NDCG@5': '0.3657', 'HIT@10': '0.6705', 'NDCG@10': '0.4115', 'HIT@20': '0.7922', 'NDCG@20': '0.4424', 'MRR@5': '0.3448', 'MRR@10': '0.3448', 'MRR@20': '0.3448'}
Validation score increased.  Saving model ...
{'epoch': 86, 'rec_avg_loss': '0.4747', 'rec_cur_loss': '0.5280'}
{'Epoch': 86, 'HIT@5': '0.5276', 'NDCG@5': '0.3641', 'HIT@10': '0.6720', 'NDCG@10': '0.4109', 'HIT@20': '0.7896', 'NDCG@20': '0.4408', 'MRR@5': '0.3435', 'MRR@10': '0.3435', 'MRR@20': '0.3435'}
EarlyStopping counter: 1 out of 10
{'epoch': 87, 'rec_avg_loss': '0.4715', 'rec_cur_loss': '0.4523'}
{'Epoch': 87, 'HIT@5': '0.5235', 'NDCG@5': '0.3634', 'HIT@10': '0.6735', 'NDCG@10': '0.4121', 'HIT@20': '0.7894', 'NDCG@20': '0.4416', 'MRR@5': '0.3445', 'MRR@10': '0.3445', 'MRR@20': '0.3445'}
EarlyStopping counter: 2 out of 10
{'epoch': 88, 'rec_avg_loss': '0.4724', 'rec_cur_loss': '0.4787'}
{'Epoch': 88, 'HIT@5': '0.5179', 'NDCG@5': '0.3587', 'HIT@10': '0.6666', 'NDCG@10': '0.4069', 'HIT@20': '0.7882', 'NDCG@20': '0.4379', 'MRR@5': '0.3404', 'MRR@10': '0.3404', 'MRR@20': '0.3404'}
EarlyStopping counter: 3 out of 10
{'epoch': 89, 'rec_avg_loss': '0.4696', 'rec_cur_loss': '0.4741'}
{'Epoch': 89, 'HIT@5': '0.5162', 'NDCG@5': '0.3571', 'HIT@10': '0.6679', 'NDCG@10': '0.4063', 'HIT@20': '0.7881', 'NDCG@20': '0.4369', 'MRR@5': '0.3392', 'MRR@10': '0.3392', 'MRR@20': '0.3392'}
EarlyStopping counter: 4 out of 10
{'epoch': 90, 'rec_avg_loss': '0.4726', 'rec_cur_loss': '0.4946'}
{'Epoch': 90, 'HIT@5': '0.5200', 'NDCG@5': '0.3600', 'HIT@10': '0.6692', 'NDCG@10': '0.4083', 'HIT@20': '0.7887', 'NDCG@20': '0.4387', 'MRR@5': '0.3412', 'MRR@10': '0.3412', 'MRR@20': '0.3412'}
EarlyStopping counter: 5 out of 10
{'epoch': 91, 'rec_avg_loss': '0.4706', 'rec_cur_loss': '0.4103'}
{'Epoch': 91, 'HIT@5': '0.5237', 'NDCG@5': '0.3638', 'HIT@10': '0.6672', 'NDCG@10': '0.4103', 'HIT@20': '0.7907', 'NDCG@20': '0.4417', 'MRR@5': '0.3445', 'MRR@10': '0.3445', 'MRR@20': '0.3445'}
EarlyStopping counter: 6 out of 10
{'epoch': 92, 'rec_avg_loss': '0.4700', 'rec_cur_loss': '0.4315'}
{'Epoch': 92, 'HIT@5': '0.5268', 'NDCG@5': '0.3647', 'HIT@10': '0.6687', 'NDCG@10': '0.4105', 'HIT@20': '0.7891', 'NDCG@20': '0.4412', 'MRR@5': '0.3443', 'MRR@10': '0.3443', 'MRR@20': '0.3443'}
EarlyStopping counter: 7 out of 10
{'epoch': 93, 'rec_avg_loss': '0.4720', 'rec_cur_loss': '0.5113'}
{'Epoch': 93, 'HIT@5': '0.5278', 'NDCG@5': '0.3677', 'HIT@10': '0.6692', 'NDCG@10': '0.4135', 'HIT@20': '0.7874', 'NDCG@20': '0.4436', 'MRR@5': '0.3479', 'MRR@10': '0.3479', 'MRR@20': '0.3479'}
Validation score increased.  Saving model ...
{'epoch': 94, 'rec_avg_loss': '0.4666', 'rec_cur_loss': '0.4602'}
{'Epoch': 94, 'HIT@5': '0.5262', 'NDCG@5': '0.3672', 'HIT@10': '0.6712', 'NDCG@10': '0.4142', 'HIT@20': '0.7894', 'NDCG@20': '0.4442', 'MRR@5': '0.3481', 'MRR@10': '0.3481', 'MRR@20': '0.3481'}
Validation score increased.  Saving model ...
{'epoch': 95, 'rec_avg_loss': '0.4720', 'rec_cur_loss': '0.4909'}
{'Epoch': 95, 'HIT@5': '0.5267', 'NDCG@5': '0.3674', 'HIT@10': '0.6733', 'NDCG@10': '0.4148', 'HIT@20': '0.7901', 'NDCG@20': '0.4444', 'MRR@5': '0.3480', 'MRR@10': '0.3480', 'MRR@20': '0.3480'}
EarlyStopping counter: 1 out of 10
{'epoch': 96, 'rec_avg_loss': '0.4658', 'rec_cur_loss': '0.4832'}
{'Epoch': 96, 'HIT@5': '0.5210', 'NDCG@5': '0.3626', 'HIT@10': '0.6690', 'NDCG@10': '0.4105', 'HIT@20': '0.7889', 'NDCG@20': '0.4410', 'MRR@5': '0.3441', 'MRR@10': '0.3441', 'MRR@20': '0.3441'}
EarlyStopping counter: 2 out of 10
{'epoch': 97, 'rec_avg_loss': '0.4659', 'rec_cur_loss': '0.5103'}
{'Epoch': 97, 'HIT@5': '0.5258', 'NDCG@5': '0.3659', 'HIT@10': '0.6740', 'NDCG@10': '0.4140', 'HIT@20': '0.7909', 'NDCG@20': '0.4437', 'MRR@5': '0.3468', 'MRR@10': '0.3468', 'MRR@20': '0.3468'}
EarlyStopping counter: 3 out of 10
{'epoch': 98, 'rec_avg_loss': '0.4637', 'rec_cur_loss': '0.4514'}
{'Epoch': 98, 'HIT@5': '0.5219', 'NDCG@5': '0.3659', 'HIT@10': '0.6722', 'NDCG@10': '0.4149', 'HIT@20': '0.7922', 'NDCG@20': '0.4454', 'MRR@5': '0.3487', 'MRR@10': '0.3487', 'MRR@20': '0.3487'}
Validation score increased.  Saving model ...
{'epoch': 99, 'rec_avg_loss': '0.4670', 'rec_cur_loss': '0.4422'}
{'Epoch': 99, 'HIT@5': '0.5298', 'NDCG@5': '0.3691', 'HIT@10': '0.6748', 'NDCG@10': '0.4162', 'HIT@20': '0.7906', 'NDCG@20': '0.4455', 'MRR@5': '0.3492', 'MRR@10': '0.3492', 'MRR@20': '0.3492'}
Validation score increased.  Saving model ...
{'epoch': 100, 'rec_avg_loss': '0.4626', 'rec_cur_loss': '0.4831'}
{'Epoch': 100, 'HIT@5': '0.5285', 'NDCG@5': '0.3707', 'HIT@10': '0.6745', 'NDCG@10': '0.4181', 'HIT@20': '0.7914', 'NDCG@20': '0.4477', 'MRR@5': '0.3518', 'MRR@10': '0.3518', 'MRR@20': '0.3518'}
Validation score increased.  Saving model ...
{'epoch': 101, 'rec_avg_loss': '0.4635', 'rec_cur_loss': '0.4277'}
{'Epoch': 101, 'HIT@5': '0.5290', 'NDCG@5': '0.3693', 'HIT@10': '0.6742', 'NDCG@10': '0.4164', 'HIT@20': '0.7929', 'NDCG@20': '0.4464', 'MRR@5': '0.3498', 'MRR@10': '0.3498', 'MRR@20': '0.3498'}
EarlyStopping counter: 1 out of 10
{'epoch': 102, 'rec_avg_loss': '0.4602', 'rec_cur_loss': '0.3841'}
{'Epoch': 102, 'HIT@5': '0.5283', 'NDCG@5': '0.3673', 'HIT@10': '0.6743', 'NDCG@10': '0.4146', 'HIT@20': '0.7909', 'NDCG@20': '0.4442', 'MRR@5': '0.3475', 'MRR@10': '0.3475', 'MRR@20': '0.3475'}
EarlyStopping counter: 2 out of 10
{'epoch': 103, 'rec_avg_loss': '0.4610', 'rec_cur_loss': '0.5033'}
{'Epoch': 103, 'HIT@5': '0.5341', 'NDCG@5': '0.3733', 'HIT@10': '0.6768', 'NDCG@10': '0.4197', 'HIT@20': '0.7925', 'NDCG@20': '0.4490', 'MRR@5': '0.3531', 'MRR@10': '0.3531', 'MRR@20': '0.3531'}
Validation score increased.  Saving model ...
{'epoch': 104, 'rec_avg_loss': '0.4587', 'rec_cur_loss': '0.4114'}
{'Epoch': 104, 'HIT@5': '0.5270', 'NDCG@5': '0.3662', 'HIT@10': '0.6722', 'NDCG@10': '0.4133', 'HIT@20': '0.7921', 'NDCG@20': '0.4437', 'MRR@5': '0.3465', 'MRR@10': '0.3465', 'MRR@20': '0.3465'}
EarlyStopping counter: 1 out of 10
{'epoch': 105, 'rec_avg_loss': '0.4590', 'rec_cur_loss': '0.4797'}
{'Epoch': 105, 'HIT@5': '0.5396', 'NDCG@5': '0.3764', 'HIT@10': '0.6785', 'NDCG@10': '0.4213', 'HIT@20': '0.7950', 'NDCG@20': '0.4509', 'MRR@5': '0.3546', 'MRR@10': '0.3546', 'MRR@20': '0.3546'}
Validation score increased.  Saving model ...
{'epoch': 106, 'rec_avg_loss': '0.4579', 'rec_cur_loss': '0.3984'}
{'Epoch': 106, 'HIT@5': '0.5301', 'NDCG@5': '0.3686', 'HIT@10': '0.6755', 'NDCG@10': '0.4155', 'HIT@20': '0.7917', 'NDCG@20': '0.4450', 'MRR@5': '0.3482', 'MRR@10': '0.3482', 'MRR@20': '0.3482'}
EarlyStopping counter: 1 out of 10
{'epoch': 107, 'rec_avg_loss': '0.4579', 'rec_cur_loss': '0.4959'}
{'Epoch': 107, 'HIT@5': '0.5303', 'NDCG@5': '0.3713', 'HIT@10': '0.6740', 'NDCG@10': '0.4177', 'HIT@20': '0.7917', 'NDCG@20': '0.4476', 'MRR@5': '0.3517', 'MRR@10': '0.3517', 'MRR@20': '0.3517'}
EarlyStopping counter: 2 out of 10
{'epoch': 108, 'rec_avg_loss': '0.4585', 'rec_cur_loss': '0.4643'}
{'Epoch': 108, 'HIT@5': '0.5301', 'NDCG@5': '0.3700', 'HIT@10': '0.6720', 'NDCG@10': '0.4160', 'HIT@20': '0.7907', 'NDCG@20': '0.4462', 'MRR@5': '0.3501', 'MRR@10': '0.3501', 'MRR@20': '0.3501'}
EarlyStopping counter: 3 out of 10
{'epoch': 109, 'rec_avg_loss': '0.4556', 'rec_cur_loss': '0.4089'}
{'Epoch': 109, 'HIT@5': '0.5359', 'NDCG@5': '0.3743', 'HIT@10': '0.6762', 'NDCG@10': '0.4197', 'HIT@20': '0.7934', 'NDCG@20': '0.4495', 'MRR@5': '0.3534', 'MRR@10': '0.3534', 'MRR@20': '0.3534'}
EarlyStopping counter: 4 out of 10
{'epoch': 110, 'rec_avg_loss': '0.4572', 'rec_cur_loss': '0.4310'}
{'Epoch': 110, 'HIT@5': '0.5369', 'NDCG@5': '0.3765', 'HIT@10': '0.6727', 'NDCG@10': '0.4206', 'HIT@20': '0.7937', 'NDCG@20': '0.4515', 'MRR@5': '0.3559', 'MRR@10': '0.3559', 'MRR@20': '0.3559'}
Validation score increased.  Saving model ...
{'epoch': 111, 'rec_avg_loss': '0.4562', 'rec_cur_loss': '0.4427'}
{'Epoch': 111, 'HIT@5': '0.5334', 'NDCG@5': '0.3745', 'HIT@10': '0.6715', 'NDCG@10': '0.4191', 'HIT@20': '0.7892', 'NDCG@20': '0.4490', 'MRR@5': '0.3543', 'MRR@10': '0.3543', 'MRR@20': '0.3543'}
EarlyStopping counter: 1 out of 10
{'epoch': 112, 'rec_avg_loss': '0.4546', 'rec_cur_loss': '0.4353'}
{'Epoch': 112, 'HIT@5': '0.5334', 'NDCG@5': '0.3737', 'HIT@10': '0.6733', 'NDCG@10': '0.4191', 'HIT@20': '0.7929', 'NDCG@20': '0.4495', 'MRR@5': '0.3537', 'MRR@10': '0.3537', 'MRR@20': '0.3537'}
EarlyStopping counter: 2 out of 10
{'epoch': 113, 'rec_avg_loss': '0.4530', 'rec_cur_loss': '0.3787'}
{'Epoch': 113, 'HIT@5': '0.5313', 'NDCG@5': '0.3744', 'HIT@10': '0.6762', 'NDCG@10': '0.4214', 'HIT@20': '0.7934', 'NDCG@20': '0.4511', 'MRR@5': '0.3557', 'MRR@10': '0.3557', 'MRR@20': '0.3557'}
EarlyStopping counter: 3 out of 10
{'epoch': 114, 'rec_avg_loss': '0.4535', 'rec_cur_loss': '0.4856'}
{'Epoch': 114, 'HIT@5': '0.5348', 'NDCG@5': '0.3753', 'HIT@10': '0.6773', 'NDCG@10': '0.4215', 'HIT@20': '0.7929', 'NDCG@20': '0.4508', 'MRR@5': '0.3553', 'MRR@10': '0.3553', 'MRR@20': '0.3553'}
EarlyStopping counter: 4 out of 10
{'epoch': 115, 'rec_avg_loss': '0.4552', 'rec_cur_loss': '0.5133'}
{'Epoch': 115, 'HIT@5': '0.5320', 'NDCG@5': '0.3757', 'HIT@10': '0.6768', 'NDCG@10': '0.4227', 'HIT@20': '0.7939', 'NDCG@20': '0.4523', 'MRR@5': '0.3572', 'MRR@10': '0.3572', 'MRR@20': '0.3572'}
Validation score increased.  Saving model ...
{'epoch': 116, 'rec_avg_loss': '0.4512', 'rec_cur_loss': '0.4712'}
{'Epoch': 116, 'HIT@5': '0.5373', 'NDCG@5': '0.3771', 'HIT@10': '0.6765', 'NDCG@10': '0.4223', 'HIT@20': '0.7945', 'NDCG@20': '0.4523', 'MRR@5': '0.3567', 'MRR@10': '0.3567', 'MRR@20': '0.3567'}
EarlyStopping counter: 1 out of 10
{'epoch': 117, 'rec_avg_loss': '0.4524', 'rec_cur_loss': '0.3993'}
{'Epoch': 117, 'HIT@5': '0.5386', 'NDCG@5': '0.3769', 'HIT@10': '0.6763', 'NDCG@10': '0.4216', 'HIT@20': '0.7974', 'NDCG@20': '0.4523', 'MRR@5': '0.3558', 'MRR@10': '0.3558', 'MRR@20': '0.3558'}
EarlyStopping counter: 2 out of 10
{'epoch': 118, 'rec_avg_loss': '0.4541', 'rec_cur_loss': '0.4715'}
{'Epoch': 118, 'HIT@5': '0.5343', 'NDCG@5': '0.3752', 'HIT@10': '0.6742', 'NDCG@10': '0.4207', 'HIT@20': '0.7930', 'NDCG@20': '0.4509', 'MRR@5': '0.3554', 'MRR@10': '0.3554', 'MRR@20': '0.3554'}
EarlyStopping counter: 3 out of 10
{'epoch': 119, 'rec_avg_loss': '0.4501', 'rec_cur_loss': '0.5298'}
{'Epoch': 119, 'HIT@5': '0.5320', 'NDCG@5': '0.3733', 'HIT@10': '0.6709', 'NDCG@10': '0.4184', 'HIT@20': '0.7929', 'NDCG@20': '0.4494', 'MRR@5': '0.3536', 'MRR@10': '0.3536', 'MRR@20': '0.3536'}
EarlyStopping counter: 4 out of 10
{'epoch': 120, 'rec_avg_loss': '0.4520', 'rec_cur_loss': '0.4610'}
{'Epoch': 120, 'HIT@5': '0.5399', 'NDCG@5': '0.3783', 'HIT@10': '0.6738', 'NDCG@10': '0.4218', 'HIT@20': '0.7952', 'NDCG@20': '0.4526', 'MRR@5': '0.3569', 'MRR@10': '0.3569', 'MRR@20': '0.3569'}
EarlyStopping counter: 5 out of 10
{'epoch': 121, 'rec_avg_loss': '0.4507', 'rec_cur_loss': '0.4481'}
{'Epoch': 121, 'HIT@5': '0.5361', 'NDCG@5': '0.3758', 'HIT@10': '0.6757', 'NDCG@10': '0.4211', 'HIT@20': '0.7947', 'NDCG@20': '0.4512', 'MRR@5': '0.3552', 'MRR@10': '0.3552', 'MRR@20': '0.3552'}
EarlyStopping counter: 6 out of 10
{'epoch': 122, 'rec_avg_loss': '0.4502', 'rec_cur_loss': '0.4275'}
{'Epoch': 122, 'HIT@5': '0.5392', 'NDCG@5': '0.3795', 'HIT@10': '0.6742', 'NDCG@10': '0.4233', 'HIT@20': '0.7909', 'NDCG@20': '0.4530', 'MRR@5': '0.3587', 'MRR@10': '0.3587', 'MRR@20': '0.3587'}
Validation score increased.  Saving model ...
{'epoch': 123, 'rec_avg_loss': '0.4491', 'rec_cur_loss': '0.4702'}
{'Epoch': 123, 'HIT@5': '0.5406', 'NDCG@5': '0.3774', 'HIT@10': '0.6763', 'NDCG@10': '0.4214', 'HIT@20': '0.7932', 'NDCG@20': '0.4511', 'MRR@5': '0.3554', 'MRR@10': '0.3554', 'MRR@20': '0.3554'}
EarlyStopping counter: 1 out of 10
{'epoch': 124, 'rec_avg_loss': '0.4515', 'rec_cur_loss': '0.5629'}
{'Epoch': 124, 'HIT@5': '0.5366', 'NDCG@5': '0.3777', 'HIT@10': '0.6770', 'NDCG@10': '0.4233', 'HIT@20': '0.7929', 'NDCG@20': '0.4528', 'MRR@5': '0.3577', 'MRR@10': '0.3577', 'MRR@20': '0.3577'}
EarlyStopping counter: 2 out of 10
{'epoch': 125, 'rec_avg_loss': '0.4477', 'rec_cur_loss': '0.4659'}
{'Epoch': 125, 'HIT@5': '0.5416', 'NDCG@5': '0.3798', 'HIT@10': '0.6778', 'NDCG@10': '0.4241', 'HIT@20': '0.7950', 'NDCG@20': '0.4539', 'MRR@5': '0.3585', 'MRR@10': '0.3585', 'MRR@20': '0.3585'}
EarlyStopping counter: 3 out of 10
{'epoch': 126, 'rec_avg_loss': '0.4460', 'rec_cur_loss': '0.4453'}
{'Epoch': 126, 'HIT@5': '0.5396', 'NDCG@5': '0.3801', 'HIT@10': '0.6773', 'NDCG@10': '0.4247', 'HIT@20': '0.7917', 'NDCG@20': '0.4538', 'MRR@5': '0.3594', 'MRR@10': '0.3594', 'MRR@20': '0.3594'}
Validation score increased.  Saving model ...
{'epoch': 127, 'rec_avg_loss': '0.4460', 'rec_cur_loss': '0.4235'}
{'Epoch': 127, 'HIT@5': '0.5325', 'NDCG@5': '0.3759', 'HIT@10': '0.6767', 'NDCG@10': '0.4225', 'HIT@20': '0.7937', 'NDCG@20': '0.4523', 'MRR@5': '0.3570', 'MRR@10': '0.3570', 'MRR@20': '0.3570'}
EarlyStopping counter: 1 out of 10
{'epoch': 128, 'rec_avg_loss': '0.4452', 'rec_cur_loss': '0.3884'}
{'Epoch': 128, 'HIT@5': '0.5379', 'NDCG@5': '0.3779', 'HIT@10': '0.6768', 'NDCG@10': '0.4228', 'HIT@20': '0.7924', 'NDCG@20': '0.4522', 'MRR@5': '0.3572', 'MRR@10': '0.3572', 'MRR@20': '0.3572'}
EarlyStopping counter: 2 out of 10
{'epoch': 129, 'rec_avg_loss': '0.4446', 'rec_cur_loss': '0.4698'}
{'Epoch': 129, 'HIT@5': '0.5407', 'NDCG@5': '0.3811', 'HIT@10': '0.6806', 'NDCG@10': '0.4263', 'HIT@20': '0.7952', 'NDCG@20': '0.4553', 'MRR@5': '0.3604', 'MRR@10': '0.3604', 'MRR@20': '0.3604'}
Validation score increased.  Saving model ...
{'epoch': 130, 'rec_avg_loss': '0.4462', 'rec_cur_loss': '0.4761'}
{'Epoch': 130, 'HIT@5': '0.5320', 'NDCG@5': '0.3748', 'HIT@10': '0.6773', 'NDCG@10': '0.4218', 'HIT@20': '0.7929', 'NDCG@20': '0.4511', 'MRR@5': '0.3557', 'MRR@10': '0.3557', 'MRR@20': '0.3557'}
EarlyStopping counter: 1 out of 10
{'epoch': 131, 'rec_avg_loss': '0.4443', 'rec_cur_loss': '0.3829'}
{'Epoch': 131, 'HIT@5': '0.5454', 'NDCG@5': '0.3841', 'HIT@10': '0.6785', 'NDCG@10': '0.4272', 'HIT@20': '0.7957', 'NDCG@20': '0.4571', 'MRR@5': '0.3622', 'MRR@10': '0.3622', 'MRR@20': '0.3622'}
Validation score increased.  Saving model ...
{'epoch': 132, 'rec_avg_loss': '0.4426', 'rec_cur_loss': '0.4894'}
{'Epoch': 132, 'HIT@5': '0.5315', 'NDCG@5': '0.3708', 'HIT@10': '0.6724', 'NDCG@10': '0.4164', 'HIT@20': '0.7909', 'NDCG@20': '0.4466', 'MRR@5': '0.3504', 'MRR@10': '0.3504', 'MRR@20': '0.3504'}
EarlyStopping counter: 1 out of 10
{'epoch': 133, 'rec_avg_loss': '0.4424', 'rec_cur_loss': '0.4507'}
{'Epoch': 133, 'HIT@5': '0.5358', 'NDCG@5': '0.3784', 'HIT@10': '0.6773', 'NDCG@10': '0.4243', 'HIT@20': '0.7940', 'NDCG@20': '0.4540', 'MRR@5': '0.3590', 'MRR@10': '0.3590', 'MRR@20': '0.3590'}
EarlyStopping counter: 2 out of 10
{'epoch': 134, 'rec_avg_loss': '0.4432', 'rec_cur_loss': '0.4839'}
{'Epoch': 134, 'HIT@5': '0.5361', 'NDCG@5': '0.3768', 'HIT@10': '0.6743', 'NDCG@10': '0.4216', 'HIT@20': '0.7955', 'NDCG@20': '0.4525', 'MRR@5': '0.3566', 'MRR@10': '0.3566', 'MRR@20': '0.3566'}
EarlyStopping counter: 3 out of 10
{'epoch': 135, 'rec_avg_loss': '0.4414', 'rec_cur_loss': '0.3874'}
{'Epoch': 135, 'HIT@5': '0.5356', 'NDCG@5': '0.3774', 'HIT@10': '0.6760', 'NDCG@10': '0.4228', 'HIT@20': '0.7945', 'NDCG@20': '0.4530', 'MRR@5': '0.3576', 'MRR@10': '0.3576', 'MRR@20': '0.3576'}
EarlyStopping counter: 4 out of 10
{'epoch': 136, 'rec_avg_loss': '0.4412', 'rec_cur_loss': '0.4497'}
{'Epoch': 136, 'HIT@5': '0.5397', 'NDCG@5': '0.3815', 'HIT@10': '0.6786', 'NDCG@10': '0.4265', 'HIT@20': '0.7964', 'NDCG@20': '0.4565', 'MRR@5': '0.3614', 'MRR@10': '0.3614', 'MRR@20': '0.3614'}
EarlyStopping counter: 5 out of 10
{'epoch': 137, 'rec_avg_loss': '0.4431', 'rec_cur_loss': '0.4675'}
{'Epoch': 137, 'HIT@5': '0.5328', 'NDCG@5': '0.3760', 'HIT@10': '0.6757', 'NDCG@10': '0.4222', 'HIT@20': '0.7942', 'NDCG@20': '0.4523', 'MRR@5': '0.3570', 'MRR@10': '0.3570', 'MRR@20': '0.3570'}
EarlyStopping counter: 6 out of 10
{'epoch': 138, 'rec_avg_loss': '0.4416', 'rec_cur_loss': '0.5089'}
{'Epoch': 138, 'HIT@5': '0.5401', 'NDCG@5': '0.3803', 'HIT@10': '0.6795', 'NDCG@10': '0.4253', 'HIT@20': '0.7950', 'NDCG@20': '0.4547', 'MRR@5': '0.3595', 'MRR@10': '0.3595', 'MRR@20': '0.3595'}
EarlyStopping counter: 7 out of 10
{'epoch': 139, 'rec_avg_loss': '0.4390', 'rec_cur_loss': '0.3942'}
{'Epoch': 139, 'HIT@5': '0.5386', 'NDCG@5': '0.3804', 'HIT@10': '0.6745', 'NDCG@10': '0.4246', 'HIT@20': '0.7950', 'NDCG@20': '0.4552', 'MRR@5': '0.3604', 'MRR@10': '0.3604', 'MRR@20': '0.3604'}
EarlyStopping counter: 8 out of 10
{'epoch': 140, 'rec_avg_loss': '0.4402', 'rec_cur_loss': '0.4960'}
{'Epoch': 140, 'HIT@5': '0.5439', 'NDCG@5': '0.3821', 'HIT@10': '0.6770', 'NDCG@10': '0.4253', 'HIT@20': '0.7978', 'NDCG@20': '0.4560', 'MRR@5': '0.3603', 'MRR@10': '0.3603', 'MRR@20': '0.3603'}
EarlyStopping counter: 9 out of 10
{'epoch': 141, 'rec_avg_loss': '0.4384', 'rec_cur_loss': '0.4218'}
{'Epoch': 141, 'HIT@5': '0.5427', 'NDCG@5': '0.3844', 'HIT@10': '0.6772', 'NDCG@10': '0.4281', 'HIT@20': '0.7964', 'NDCG@20': '0.4584', 'MRR@5': '0.3640', 'MRR@10': '0.3640', 'MRR@20': '0.3640'}
Validation score increased.  Saving model ...
{'epoch': 142, 'rec_avg_loss': '0.4372', 'rec_cur_loss': '0.4378'}
{'Epoch': 142, 'HIT@5': '0.5421', 'NDCG@5': '0.3844', 'HIT@10': '0.6748', 'NDCG@10': '0.4273', 'HIT@20': '0.7929', 'NDCG@20': '0.4574', 'MRR@5': '0.3639', 'MRR@10': '0.3639', 'MRR@20': '0.3639'}
EarlyStopping counter: 1 out of 10
{'epoch': 143, 'rec_avg_loss': '0.4378', 'rec_cur_loss': '0.3925'}
{'Epoch': 143, 'HIT@5': '0.5435', 'NDCG@5': '0.3856', 'HIT@10': '0.6793', 'NDCG@10': '0.4295', 'HIT@20': '0.7947', 'NDCG@20': '0.4589', 'MRR@5': '0.3651', 'MRR@10': '0.3651', 'MRR@20': '0.3651'}
Validation score increased.  Saving model ...
{'epoch': 144, 'rec_avg_loss': '0.4357', 'rec_cur_loss': '0.3640'}
{'Epoch': 144, 'HIT@5': '0.5419', 'NDCG@5': '0.3855', 'HIT@10': '0.6772', 'NDCG@10': '0.4293', 'HIT@20': '0.7954', 'NDCG@20': '0.4595', 'MRR@5': '0.3657', 'MRR@10': '0.3657', 'MRR@20': '0.3657'}
Validation score increased.  Saving model ...
{'epoch': 145, 'rec_avg_loss': '0.4354', 'rec_cur_loss': '0.4111'}
{'Epoch': 145, 'HIT@5': '0.5409', 'NDCG@5': '0.3829', 'HIT@10': '0.6790', 'NDCG@10': '0.4276', 'HIT@20': '0.7955', 'NDCG@20': '0.4573', 'MRR@5': '0.3627', 'MRR@10': '0.3627', 'MRR@20': '0.3627'}
EarlyStopping counter: 1 out of 10
{'epoch': 146, 'rec_avg_loss': '0.4351', 'rec_cur_loss': '0.4137'}
{'Epoch': 146, 'HIT@5': '0.5416', 'NDCG@5': '0.3833', 'HIT@10': '0.6795', 'NDCG@10': '0.4281', 'HIT@20': '0.7969', 'NDCG@20': '0.4580', 'MRR@5': '0.3632', 'MRR@10': '0.3632', 'MRR@20': '0.3632'}
EarlyStopping counter: 2 out of 10
{'epoch': 147, 'rec_avg_loss': '0.4363', 'rec_cur_loss': '0.3868'}
{'Epoch': 147, 'HIT@5': '0.5447', 'NDCG@5': '0.3870', 'HIT@10': '0.6796', 'NDCG@10': '0.4309', 'HIT@20': '0.7997', 'NDCG@20': '0.4614', 'MRR@5': '0.3667', 'MRR@10': '0.3667', 'MRR@20': '0.3667'}
Validation score increased.  Saving model ...
{'epoch': 148, 'rec_avg_loss': '0.4354', 'rec_cur_loss': '0.4330'}
{'Epoch': 148, 'HIT@5': '0.5457', 'NDCG@5': '0.3863', 'HIT@10': '0.6808', 'NDCG@10': '0.4302', 'HIT@20': '0.7977', 'NDCG@20': '0.4600', 'MRR@5': '0.3654', 'MRR@10': '0.3654', 'MRR@20': '0.3654'}
EarlyStopping counter: 1 out of 10
{'epoch': 149, 'rec_avg_loss': '0.4348', 'rec_cur_loss': '0.4436'}
{'Epoch': 149, 'HIT@5': '0.5444', 'NDCG@5': '0.3856', 'HIT@10': '0.6823', 'NDCG@10': '0.4303', 'HIT@20': '0.7985', 'NDCG@20': '0.4598', 'MRR@5': '0.3650', 'MRR@10': '0.3650', 'MRR@20': '0.3650'}
EarlyStopping counter: 2 out of 10
{'epoch': 150, 'rec_avg_loss': '0.4361', 'rec_cur_loss': '0.4517'}
{'Epoch': 150, 'HIT@5': '0.5401', 'NDCG@5': '0.3825', 'HIT@10': '0.6780', 'NDCG@10': '0.4272', 'HIT@20': '0.7962', 'NDCG@20': '0.4573', 'MRR@5': '0.3626', 'MRR@10': '0.3626', 'MRR@20': '0.3626'}
EarlyStopping counter: 3 out of 10
{'epoch': 151, 'rec_avg_loss': '0.4341', 'rec_cur_loss': '0.4378'}
{'Epoch': 151, 'HIT@5': '0.5414', 'NDCG@5': '0.3823', 'HIT@10': '0.6780', 'NDCG@10': '0.4266', 'HIT@20': '0.7995', 'NDCG@20': '0.4574', 'MRR@5': '0.3616', 'MRR@10': '0.3616', 'MRR@20': '0.3616'}
EarlyStopping counter: 4 out of 10
{'epoch': 152, 'rec_avg_loss': '0.4340', 'rec_cur_loss': '0.4749'}
{'Epoch': 152, 'HIT@5': '0.5396', 'NDCG@5': '0.3845', 'HIT@10': '0.6770', 'NDCG@10': '0.4292', 'HIT@20': '0.7988', 'NDCG@20': '0.4601', 'MRR@5': '0.3655', 'MRR@10': '0.3655', 'MRR@20': '0.3655'}
EarlyStopping counter: 5 out of 10
{'epoch': 153, 'rec_avg_loss': '0.4329', 'rec_cur_loss': '0.4124'}
{'Epoch': 153, 'HIT@5': '0.5459', 'NDCG@5': '0.3878', 'HIT@10': '0.6791', 'NDCG@10': '0.4310', 'HIT@20': '0.8012', 'NDCG@20': '0.4620', 'MRR@5': '0.3671', 'MRR@10': '0.3671', 'MRR@20': '0.3671'}
Validation score increased.  Saving model ...
{'epoch': 154, 'rec_avg_loss': '0.4297', 'rec_cur_loss': '0.3240'}
{'Epoch': 154, 'HIT@5': '0.5459', 'NDCG@5': '0.3879', 'HIT@10': '0.6816', 'NDCG@10': '0.4320', 'HIT@20': '0.7987', 'NDCG@20': '0.4618', 'MRR@5': '0.3674', 'MRR@10': '0.3674', 'MRR@20': '0.3674'}
Validation score increased.  Saving model ...
{'epoch': 155, 'rec_avg_loss': '0.4344', 'rec_cur_loss': '0.4836'}
{'Epoch': 155, 'HIT@5': '0.5450', 'NDCG@5': '0.3879', 'HIT@10': '0.6788', 'NDCG@10': '0.4314', 'HIT@20': '0.7997', 'NDCG@20': '0.4621', 'MRR@5': '0.3678', 'MRR@10': '0.3678', 'MRR@20': '0.3678'}
Validation score increased.  Saving model ...
{'epoch': 156, 'rec_avg_loss': '0.4353', 'rec_cur_loss': '0.4664'}
{'Epoch': 156, 'HIT@5': '0.5490', 'NDCG@5': '0.3864', 'HIT@10': '0.6821', 'NDCG@10': '0.4295', 'HIT@20': '0.7987', 'NDCG@20': '0.4591', 'MRR@5': '0.3640', 'MRR@10': '0.3640', 'MRR@20': '0.3640'}
EarlyStopping counter: 1 out of 10
{'epoch': 157, 'rec_avg_loss': '0.4300', 'rec_cur_loss': '0.4416'}
{'Epoch': 157, 'HIT@5': '0.5435', 'NDCG@5': '0.3858', 'HIT@10': '0.6803', 'NDCG@10': '0.4300', 'HIT@20': '0.7978', 'NDCG@20': '0.4599', 'MRR@5': '0.3654', 'MRR@10': '0.3654', 'MRR@20': '0.3654'}
EarlyStopping counter: 2 out of 10
{'epoch': 158, 'rec_avg_loss': '0.4320', 'rec_cur_loss': '0.4852'}
{'Epoch': 158, 'HIT@5': '0.5444', 'NDCG@5': '0.3864', 'HIT@10': '0.6801', 'NDCG@10': '0.4304', 'HIT@20': '0.7980', 'NDCG@20': '0.4604', 'MRR@5': '0.3659', 'MRR@10': '0.3659', 'MRR@20': '0.3659'}
EarlyStopping counter: 3 out of 10
{'epoch': 159, 'rec_avg_loss': '0.4297', 'rec_cur_loss': '0.4322'}
{'Epoch': 159, 'HIT@5': '0.5435', 'NDCG@5': '0.3860', 'HIT@10': '0.6800', 'NDCG@10': '0.4304', 'HIT@20': '0.7975', 'NDCG@20': '0.4603', 'MRR@5': '0.3660', 'MRR@10': '0.3660', 'MRR@20': '0.3660'}
EarlyStopping counter: 4 out of 10
{'epoch': 160, 'rec_avg_loss': '0.4300', 'rec_cur_loss': '0.4369'}
{'Epoch': 160, 'HIT@5': '0.5445', 'NDCG@5': '0.3866', 'HIT@10': '0.6813', 'NDCG@10': '0.4311', 'HIT@20': '0.7977', 'NDCG@20': '0.4607', 'MRR@5': '0.3664', 'MRR@10': '0.3664', 'MRR@20': '0.3664'}
EarlyStopping counter: 5 out of 10
{'epoch': 161, 'rec_avg_loss': '0.4285', 'rec_cur_loss': '0.4103'}
{'Epoch': 161, 'HIT@5': '0.5464', 'NDCG@5': '0.3878', 'HIT@10': '0.6813', 'NDCG@10': '0.4317', 'HIT@20': '0.7972', 'NDCG@20': '0.4611', 'MRR@5': '0.3670', 'MRR@10': '0.3670', 'MRR@20': '0.3670'}
EarlyStopping counter: 6 out of 10
{'epoch': 162, 'rec_avg_loss': '0.4270', 'rec_cur_loss': '0.4243'}
{'Epoch': 162, 'HIT@5': '0.5460', 'NDCG@5': '0.3884', 'HIT@10': '0.6798', 'NDCG@10': '0.4319', 'HIT@20': '0.7982', 'NDCG@20': '0.4621', 'MRR@5': '0.3680', 'MRR@10': '0.3680', 'MRR@20': '0.3680'}
Validation score increased.  Saving model ...
{'epoch': 163, 'rec_avg_loss': '0.4271', 'rec_cur_loss': '0.4280'}
{'Epoch': 163, 'HIT@5': '0.5412', 'NDCG@5': '0.3843', 'HIT@10': '0.6811', 'NDCG@10': '0.4295', 'HIT@20': '0.7967', 'NDCG@20': '0.4589', 'MRR@5': '0.3644', 'MRR@10': '0.3644', 'MRR@20': '0.3644'}
EarlyStopping counter: 1 out of 10
{'epoch': 164, 'rec_avg_loss': '0.4277', 'rec_cur_loss': '0.4201'}
{'Epoch': 164, 'HIT@5': '0.5399', 'NDCG@5': '0.3833', 'HIT@10': '0.6788', 'NDCG@10': '0.4283', 'HIT@20': '0.7954', 'NDCG@20': '0.4580', 'MRR@5': '0.3637', 'MRR@10': '0.3637', 'MRR@20': '0.3637'}
EarlyStopping counter: 2 out of 10
{'epoch': 165, 'rec_avg_loss': '0.4307', 'rec_cur_loss': '0.4024'}
{'Epoch': 165, 'HIT@5': '0.5457', 'NDCG@5': '0.3871', 'HIT@10': '0.6808', 'NDCG@10': '0.4309', 'HIT@20': '0.7985', 'NDCG@20': '0.4609', 'MRR@5': '0.3663', 'MRR@10': '0.3663', 'MRR@20': '0.3663'}
EarlyStopping counter: 3 out of 10
{'epoch': 166, 'rec_avg_loss': '0.4261', 'rec_cur_loss': '0.3894'}
{'Epoch': 166, 'HIT@5': '0.5487', 'NDCG@5': '0.3915', 'HIT@10': '0.6866', 'NDCG@10': '0.4361', 'HIT@20': '0.7995', 'NDCG@20': '0.4648', 'MRR@5': '0.3710', 'MRR@10': '0.3710', 'MRR@20': '0.3710'}
Validation score increased.  Saving model ...
{'epoch': 167, 'rec_avg_loss': '0.4248', 'rec_cur_loss': '0.4142'}
{'Epoch': 167, 'HIT@5': '0.5455', 'NDCG@5': '0.3881', 'HIT@10': '0.6810', 'NDCG@10': '0.4319', 'HIT@20': '0.7995', 'NDCG@20': '0.4620', 'MRR@5': '0.3676', 'MRR@10': '0.3676', 'MRR@20': '0.3676'}
EarlyStopping counter: 1 out of 10
{'epoch': 168, 'rec_avg_loss': '0.4261', 'rec_cur_loss': '0.4578'}
{'Epoch': 168, 'HIT@5': '0.5457', 'NDCG@5': '0.3876', 'HIT@10': '0.6818', 'NDCG@10': '0.4318', 'HIT@20': '0.7998', 'NDCG@20': '0.4618', 'MRR@5': '0.3671', 'MRR@10': '0.3671', 'MRR@20': '0.3671'}
EarlyStopping counter: 2 out of 10
{'epoch': 169, 'rec_avg_loss': '0.4244', 'rec_cur_loss': '0.4181'}
{'Epoch': 169, 'HIT@5': '0.5439', 'NDCG@5': '0.3877', 'HIT@10': '0.6798', 'NDCG@10': '0.4316', 'HIT@20': '0.7972', 'NDCG@20': '0.4615', 'MRR@5': '0.3677', 'MRR@10': '0.3677', 'MRR@20': '0.3677'}
EarlyStopping counter: 3 out of 10
{'epoch': 170, 'rec_avg_loss': '0.4267', 'rec_cur_loss': '0.5081'}
{'Epoch': 170, 'HIT@5': '0.5444', 'NDCG@5': '0.3888', 'HIT@10': '0.6821', 'NDCG@10': '0.4335', 'HIT@20': '0.7980', 'NDCG@20': '0.4630', 'MRR@5': '0.3693', 'MRR@10': '0.3693', 'MRR@20': '0.3693'}
EarlyStopping counter: 4 out of 10
{'epoch': 171, 'rec_avg_loss': '0.4255', 'rec_cur_loss': '0.4241'}
{'Epoch': 171, 'HIT@5': '0.5455', 'NDCG@5': '0.3905', 'HIT@10': '0.6868', 'NDCG@10': '0.4362', 'HIT@20': '0.7997', 'NDCG@20': '0.4649', 'MRR@5': '0.3711', 'MRR@10': '0.3711', 'MRR@20': '0.3711'}
Validation score increased.  Saving model ...
{'epoch': 172, 'rec_avg_loss': '0.4244', 'rec_cur_loss': '0.4357'}
{'Epoch': 172, 'HIT@5': '0.5497', 'NDCG@5': '0.3904', 'HIT@10': '0.6869', 'NDCG@10': '0.4346', 'HIT@20': '0.7985', 'NDCG@20': '0.4630', 'MRR@5': '0.3689', 'MRR@10': '0.3689', 'MRR@20': '0.3689'}
EarlyStopping counter: 1 out of 10
{'epoch': 173, 'rec_avg_loss': '0.4264', 'rec_cur_loss': '0.5318'}
{'Epoch': 173, 'HIT@5': '0.5472', 'NDCG@5': '0.3903', 'HIT@10': '0.6864', 'NDCG@10': '0.4355', 'HIT@20': '0.7990', 'NDCG@20': '0.4641', 'MRR@5': '0.3703', 'MRR@10': '0.3703', 'MRR@20': '0.3703'}
EarlyStopping counter: 2 out of 10
{'epoch': 174, 'rec_avg_loss': '0.4234', 'rec_cur_loss': '0.4353'}
{'Epoch': 174, 'HIT@5': '0.5505', 'NDCG@5': '0.3926', 'HIT@10': '0.6829', 'NDCG@10': '0.4354', 'HIT@20': '0.7969', 'NDCG@20': '0.4645', 'MRR@5': '0.3714', 'MRR@10': '0.3714', 'MRR@20': '0.3714'}
Validation score increased.  Saving model ...
{'epoch': 175, 'rec_avg_loss': '0.4272', 'rec_cur_loss': '0.4401'}
{'Epoch': 175, 'HIT@5': '0.5452', 'NDCG@5': '0.3884', 'HIT@10': '0.6828', 'NDCG@10': '0.4331', 'HIT@20': '0.8003', 'NDCG@20': '0.4629', 'MRR@5': '0.3683', 'MRR@10': '0.3683', 'MRR@20': '0.3683'}
EarlyStopping counter: 1 out of 10
{'epoch': 176, 'rec_avg_loss': '0.4243', 'rec_cur_loss': '0.4470'}
{'Epoch': 176, 'HIT@5': '0.5550', 'NDCG@5': '0.3949', 'HIT@10': '0.6881', 'NDCG@10': '0.4381', 'HIT@20': '0.8002', 'NDCG@20': '0.4666', 'MRR@5': '0.3729', 'MRR@10': '0.3729', 'MRR@20': '0.3729'}
Validation score increased.  Saving model ...
{'epoch': 177, 'rec_avg_loss': '0.4242', 'rec_cur_loss': '0.4265'}
{'Epoch': 177, 'HIT@5': '0.5411', 'NDCG@5': '0.3840', 'HIT@10': '0.6808', 'NDCG@10': '0.4292', 'HIT@20': '0.7939', 'NDCG@20': '0.4580', 'MRR@5': '0.3640', 'MRR@10': '0.3640', 'MRR@20': '0.3640'}
EarlyStopping counter: 1 out of 10
{'epoch': 178, 'rec_avg_loss': '0.4242', 'rec_cur_loss': '0.4610'}
{'Epoch': 178, 'HIT@5': '0.5475', 'NDCG@5': '0.3878', 'HIT@10': '0.6846', 'NDCG@10': '0.4322', 'HIT@20': '0.7955', 'NDCG@20': '0.4604', 'MRR@5': '0.3665', 'MRR@10': '0.3665', 'MRR@20': '0.3665'}
EarlyStopping counter: 2 out of 10
{'epoch': 179, 'rec_avg_loss': '0.4233', 'rec_cur_loss': '0.4120'}
{'Epoch': 179, 'HIT@5': '0.5520', 'NDCG@5': '0.3955', 'HIT@10': '0.6859', 'NDCG@10': '0.4389', 'HIT@20': '0.8000', 'NDCG@20': '0.4679', 'MRR@5': '0.3749', 'MRR@10': '0.3749', 'MRR@20': '0.3749'}
Validation score increased.  Saving model ...
{'epoch': 180, 'rec_avg_loss': '0.4205', 'rec_cur_loss': '0.4379'}
{'Epoch': 180, 'HIT@5': '0.5485', 'NDCG@5': '0.3900', 'HIT@10': '0.6833', 'NDCG@10': '0.4336', 'HIT@20': '0.7977', 'NDCG@20': '0.4627', 'MRR@5': '0.3689', 'MRR@10': '0.3689', 'MRR@20': '0.3689'}
EarlyStopping counter: 1 out of 10
{'epoch': 181, 'rec_avg_loss': '0.4203', 'rec_cur_loss': '0.4441'}
{'Epoch': 181, 'HIT@5': '0.5505', 'NDCG@5': '0.3926', 'HIT@10': '0.6844', 'NDCG@10': '0.4361', 'HIT@20': '0.8008', 'NDCG@20': '0.4656', 'MRR@5': '0.3717', 'MRR@10': '0.3717', 'MRR@20': '0.3717'}
EarlyStopping counter: 2 out of 10
{'epoch': 182, 'rec_avg_loss': '0.4214', 'rec_cur_loss': '0.3606'}
{'Epoch': 182, 'HIT@5': '0.5512', 'NDCG@5': '0.3896', 'HIT@10': '0.6876', 'NDCG@10': '0.4337', 'HIT@20': '0.8002', 'NDCG@20': '0.4623', 'MRR@5': '0.3674', 'MRR@10': '0.3674', 'MRR@20': '0.3674'}
EarlyStopping counter: 3 out of 10
{'epoch': 183, 'rec_avg_loss': '0.4199', 'rec_cur_loss': '0.4031'}
{'Epoch': 183, 'HIT@5': '0.5503', 'NDCG@5': '0.3900', 'HIT@10': '0.6839', 'NDCG@10': '0.4333', 'HIT@20': '0.8005', 'NDCG@20': '0.4629', 'MRR@5': '0.3682', 'MRR@10': '0.3682', 'MRR@20': '0.3682'}
EarlyStopping counter: 4 out of 10
{'epoch': 184, 'rec_avg_loss': '0.4187', 'rec_cur_loss': '0.3836'}
{'Epoch': 184, 'HIT@5': '0.5531', 'NDCG@5': '0.3938', 'HIT@10': '0.6879', 'NDCG@10': '0.4374', 'HIT@20': '0.7998', 'NDCG@20': '0.4658', 'MRR@5': '0.3720', 'MRR@10': '0.3720', 'MRR@20': '0.3720'}
EarlyStopping counter: 5 out of 10
{'epoch': 185, 'rec_avg_loss': '0.4187', 'rec_cur_loss': '0.4023'}
{'Epoch': 185, 'HIT@5': '0.5515', 'NDCG@5': '0.3906', 'HIT@10': '0.6831', 'NDCG@10': '0.4333', 'HIT@20': '0.7990', 'NDCG@20': '0.4628', 'MRR@5': '0.3684', 'MRR@10': '0.3684', 'MRR@20': '0.3684'}
EarlyStopping counter: 6 out of 10
{'epoch': 186, 'rec_avg_loss': '0.4195', 'rec_cur_loss': '0.5047'}
{'Epoch': 186, 'HIT@5': '0.5450', 'NDCG@5': '0.3869', 'HIT@10': '0.6816', 'NDCG@10': '0.4312', 'HIT@20': '0.7987', 'NDCG@20': '0.4609', 'MRR@5': '0.3663', 'MRR@10': '0.3663', 'MRR@20': '0.3663'}
EarlyStopping counter: 7 out of 10
{'epoch': 187, 'rec_avg_loss': '0.4175', 'rec_cur_loss': '0.4000'}
{'Epoch': 187, 'HIT@5': '0.5429', 'NDCG@5': '0.3872', 'HIT@10': '0.6849', 'NDCG@10': '0.4334', 'HIT@20': '0.7998', 'NDCG@20': '0.4626', 'MRR@5': '0.3681', 'MRR@10': '0.3681', 'MRR@20': '0.3681'}
EarlyStopping counter: 8 out of 10
{'epoch': 188, 'rec_avg_loss': '0.4184', 'rec_cur_loss': '0.4203'}
{'Epoch': 188, 'HIT@5': '0.5442', 'NDCG@5': '0.3887', 'HIT@10': '0.6825', 'NDCG@10': '0.4335', 'HIT@20': '0.7978', 'NDCG@20': '0.4629', 'MRR@5': '0.3691', 'MRR@10': '0.3691', 'MRR@20': '0.3691'}
EarlyStopping counter: 9 out of 10
{'epoch': 189, 'rec_avg_loss': '0.4178', 'rec_cur_loss': '0.4295'}
{'Epoch': 189, 'HIT@5': '0.5493', 'NDCG@5': '0.3916', 'HIT@10': '0.6834', 'NDCG@10': '0.4353', 'HIT@20': '0.7977', 'NDCG@20': '0.4643', 'MRR@5': '0.3709', 'MRR@10': '0.3709', 'MRR@20': '0.3709'}
EarlyStopping counter: 10 out of 10
Early stopping
---------------Sample 99 results-------------------
{'Epoch': 0, 'HIT@5': '0.5228', 'NDCG@5': '0.3712', 'HIT@10': '0.6611', 'NDCG@10': '0.4162', 'HIT@20': '0.7763', 'NDCG@20': '0.4455', 'MRR@5': '0.3537', 'MRR@10': '0.3537', 'MRR@20': '0.3537'}
Finetune_sample-ml-1m-100-pop
{'Epoch': 0, 'HIT@5': '0.5228', 'NDCG@5': '0.3712', 'HIT@10': '0.6611', 'NDCG@10': '0.4162', 'HIT@20': '0.7763', 'NDCG@20': '0.4455', 'MRR@5': '0.3537', 'MRR@10': '0.3537', 'MRR@20': '0.3537'}
