Namespace(adam_beta1=0.9, adam_beta2=0.999, attention_probs_dropout_prob=0.5, batch_size=256, ckp=130, cuda_condition=True, data_dir='./data/', data_file='./data/ml-1m.txt', data_name='ml-1m', do_eval=False, epochs=200, gpu_id='0', hidden_act='gelu', hidden_dropout_prob=0.5, hidden_size=64, initializer_range=0.02, item_size=3418, log_file='output/Finetune_sample-ml-1m-130.txt', log_freq=1, lr=0.001, mask_id=3417, max_seq_length=50, model_name='Finetune_sample', no_cuda=False, num_attention_heads=2, num_hidden_layers=2, output_dir='output/', sample_file='./data/ml-1m_sample.txt', seed=42, weight_decay=0.0)
Total Parameters: 338688
Load Checkpoint From output/ml-1m-epochs-130.pt!
{'epoch': 0, 'rec_avg_loss': '1.1744', 'rec_cur_loss': '1.0215'}
{'Epoch': 0, 'HIT@5': '0.1127', 'NDCG@5': '0.0662', 'HIT@10': '0.2159', 'NDCG@10': '0.0990', 'HIT@20': '0.3859', 'NDCG@20': '0.1415', 'MRR@5': '0.0903', 'MRR@10': '0.0903', 'MRR@20': '0.0903'}
Validation score increased.  Saving model ...
{'epoch': 1, 'rec_avg_loss': '0.9629', 'rec_cur_loss': '0.9021'}
{'Epoch': 1, 'HIT@5': '0.1478', 'NDCG@5': '0.0883', 'HIT@10': '0.2715', 'NDCG@10': '0.1278', 'HIT@20': '0.4707', 'NDCG@20': '0.1778', 'MRR@5': '0.1117', 'MRR@10': '0.1117', 'MRR@20': '0.1117'}
Validation score increased.  Saving model ...
{'epoch': 2, 'rec_avg_loss': '0.8907', 'rec_cur_loss': '0.9114'}
{'Epoch': 2, 'HIT@5': '0.1795', 'NDCG@5': '0.1075', 'HIT@10': '0.3142', 'NDCG@10': '0.1507', 'HIT@20': '0.5210', 'NDCG@20': '0.2028', 'MRR@5': '0.1283', 'MRR@10': '0.1283', 'MRR@20': '0.1283'}
Validation score increased.  Saving model ...
{'epoch': 3, 'rec_avg_loss': '0.8505', 'rec_cur_loss': '0.8413'}
{'Epoch': 3, 'HIT@5': '0.1980', 'NDCG@5': '0.1209', 'HIT@10': '0.3517', 'NDCG@10': '0.1703', 'HIT@20': '0.5591', 'NDCG@20': '0.2227', 'MRR@5': '0.1420', 'MRR@10': '0.1420', 'MRR@20': '0.1420'}
Validation score increased.  Saving model ...
{'epoch': 4, 'rec_avg_loss': '0.8201', 'rec_cur_loss': '0.7952'}
{'Epoch': 4, 'HIT@5': '0.2209', 'NDCG@5': '0.1352', 'HIT@10': '0.3810', 'NDCG@10': '0.1865', 'HIT@20': '0.5917', 'NDCG@20': '0.2394', 'MRR@5': '0.1533', 'MRR@10': '0.1533', 'MRR@20': '0.1533'}
Validation score increased.  Saving model ...
{'epoch': 5, 'rec_avg_loss': '0.7969', 'rec_cur_loss': '0.7931'}
{'Epoch': 5, 'HIT@5': '0.2368', 'NDCG@5': '0.1449', 'HIT@10': '0.3990', 'NDCG@10': '0.1971', 'HIT@20': '0.6129', 'NDCG@20': '0.2511', 'MRR@5': '0.1615', 'MRR@10': '0.1615', 'MRR@20': '0.1615'}
Validation score increased.  Saving model ...
{'epoch': 6, 'rec_avg_loss': '0.7848', 'rec_cur_loss': '0.7994'}
{'Epoch': 6, 'HIT@5': '0.2490', 'NDCG@5': '0.1537', 'HIT@10': '0.4179', 'NDCG@10': '0.2081', 'HIT@20': '0.6286', 'NDCG@20': '0.2614', 'MRR@5': '0.1695', 'MRR@10': '0.1695', 'MRR@20': '0.1695'}
Validation score increased.  Saving model ...
{'epoch': 7, 'rec_avg_loss': '0.7711', 'rec_cur_loss': '0.7568'}
{'Epoch': 7, 'HIT@5': '0.2606', 'NDCG@5': '0.1603', 'HIT@10': '0.4300', 'NDCG@10': '0.2147', 'HIT@20': '0.6424', 'NDCG@20': '0.2684', 'MRR@5': '0.1741', 'MRR@10': '0.1741', 'MRR@20': '0.1741'}
Validation score increased.  Saving model ...
{'epoch': 8, 'rec_avg_loss': '0.7627', 'rec_cur_loss': '0.7609'}
{'Epoch': 8, 'HIT@5': '0.2624', 'NDCG@5': '0.1627', 'HIT@10': '0.4343', 'NDCG@10': '0.2180', 'HIT@20': '0.6482', 'NDCG@20': '0.2722', 'MRR@5': '0.1772', 'MRR@10': '0.1772', 'MRR@20': '0.1772'}
Validation score increased.  Saving model ...
{'epoch': 9, 'rec_avg_loss': '0.7538', 'rec_cur_loss': '0.7462'}
{'Epoch': 9, 'HIT@5': '0.2733', 'NDCG@5': '0.1700', 'HIT@10': '0.4470', 'NDCG@10': '0.2259', 'HIT@20': '0.6581', 'NDCG@20': '0.2794', 'MRR@5': '0.1831', 'MRR@10': '0.1831', 'MRR@20': '0.1831'}
Validation score increased.  Saving model ...
{'epoch': 10, 'rec_avg_loss': '0.7443', 'rec_cur_loss': '0.7281'}
{'Epoch': 10, 'HIT@5': '0.2795', 'NDCG@5': '0.1739', 'HIT@10': '0.4568', 'NDCG@10': '0.2310', 'HIT@20': '0.6647', 'NDCG@20': '0.2837', 'MRR@5': '0.1864', 'MRR@10': '0.1864', 'MRR@20': '0.1864'}
Validation score increased.  Saving model ...
{'epoch': 11, 'rec_avg_loss': '0.7405', 'rec_cur_loss': '0.7231'}
{'Epoch': 11, 'HIT@5': '0.2848', 'NDCG@5': '0.1766', 'HIT@10': '0.4627', 'NDCG@10': '0.2338', 'HIT@20': '0.6689', 'NDCG@20': '0.2860', 'MRR@5': '0.1880', 'MRR@10': '0.1880', 'MRR@20': '0.1880'}
Validation score increased.  Saving model ...
{'epoch': 12, 'rec_avg_loss': '0.7357', 'rec_cur_loss': '0.7330'}
{'Epoch': 12, 'HIT@5': '0.2912', 'NDCG@5': '0.1805', 'HIT@10': '0.4689', 'NDCG@10': '0.2376', 'HIT@20': '0.6752', 'NDCG@20': '0.2899', 'MRR@5': '0.1909', 'MRR@10': '0.1909', 'MRR@20': '0.1909'}
Validation score increased.  Saving model ...
{'epoch': 13, 'rec_avg_loss': '0.7321', 'rec_cur_loss': '0.7440'}
{'Epoch': 13, 'HIT@5': '0.2974', 'NDCG@5': '0.1841', 'HIT@10': '0.4740', 'NDCG@10': '0.2409', 'HIT@20': '0.6793', 'NDCG@20': '0.2929', 'MRR@5': '0.1933', 'MRR@10': '0.1933', 'MRR@20': '0.1933'}
Validation score increased.  Saving model ...
{'epoch': 14, 'rec_avg_loss': '0.7271', 'rec_cur_loss': '0.7324'}
{'Epoch': 14, 'HIT@5': '0.2975', 'NDCG@5': '0.1843', 'HIT@10': '0.4745', 'NDCG@10': '0.2412', 'HIT@20': '0.6796', 'NDCG@20': '0.2932', 'MRR@5': '0.1936', 'MRR@10': '0.1936', 'MRR@20': '0.1936'}
Validation score increased.  Saving model ...
{'epoch': 15, 'rec_avg_loss': '0.7230', 'rec_cur_loss': '0.7218'}
{'Epoch': 15, 'HIT@5': '0.2982', 'NDCG@5': '0.1851', 'HIT@10': '0.4795', 'NDCG@10': '0.2435', 'HIT@20': '0.6851', 'NDCG@20': '0.2955', 'MRR@5': '0.1948', 'MRR@10': '0.1948', 'MRR@20': '0.1948'}
Validation score increased.  Saving model ...
{'epoch': 16, 'rec_avg_loss': '0.7207', 'rec_cur_loss': '0.7300'}
{'Epoch': 16, 'HIT@5': '0.3083', 'NDCG@5': '0.1919', 'HIT@10': '0.4863', 'NDCG@10': '0.2494', 'HIT@20': '0.6916', 'NDCG@20': '0.3013', 'MRR@5': '0.2001', 'MRR@10': '0.2001', 'MRR@20': '0.2001'}
Validation score increased.  Saving model ...
{'epoch': 17, 'rec_avg_loss': '0.7196', 'rec_cur_loss': '0.7331'}
{'Epoch': 17, 'HIT@5': '0.3081', 'NDCG@5': '0.1919', 'HIT@10': '0.4899', 'NDCG@10': '0.2505', 'HIT@20': '0.6906', 'NDCG@20': '0.3013', 'MRR@5': '0.2003', 'MRR@10': '0.2003', 'MRR@20': '0.2003'}
Validation score increased.  Saving model ...
{'epoch': 18, 'rec_avg_loss': '0.7151', 'rec_cur_loss': '0.6721'}
{'Epoch': 18, 'HIT@5': '0.3096', 'NDCG@5': '0.1930', 'HIT@10': '0.4919', 'NDCG@10': '0.2519', 'HIT@20': '0.6907', 'NDCG@20': '0.3022', 'MRR@5': '0.2013', 'MRR@10': '0.2013', 'MRR@20': '0.2013'}
Validation score increased.  Saving model ...
{'epoch': 19, 'rec_avg_loss': '0.7134', 'rec_cur_loss': '0.7088'}
{'Epoch': 19, 'HIT@5': '0.3147', 'NDCG@5': '0.1968', 'HIT@10': '0.4957', 'NDCG@10': '0.2552', 'HIT@20': '0.6965', 'NDCG@20': '0.3061', 'MRR@5': '0.2045', 'MRR@10': '0.2045', 'MRR@20': '0.2045'}
Validation score increased.  Saving model ...
{'epoch': 20, 'rec_avg_loss': '0.7106', 'rec_cur_loss': '0.6990'}
{'Epoch': 20, 'HIT@5': '0.3171', 'NDCG@5': '0.1978', 'HIT@10': '0.4959', 'NDCG@10': '0.2555', 'HIT@20': '0.6960', 'NDCG@20': '0.3061', 'MRR@5': '0.2047', 'MRR@10': '0.2047', 'MRR@20': '0.2047'}
Validation score increased.  Saving model ...
{'epoch': 21, 'rec_avg_loss': '0.7084', 'rec_cur_loss': '0.6925'}
{'Epoch': 21, 'HIT@5': '0.3189', 'NDCG@5': '0.2002', 'HIT@10': '0.5007', 'NDCG@10': '0.2587', 'HIT@20': '0.7003', 'NDCG@20': '0.3092', 'MRR@5': '0.2073', 'MRR@10': '0.2073', 'MRR@20': '0.2073'}
Validation score increased.  Saving model ...
{'epoch': 22, 'rec_avg_loss': '0.7056', 'rec_cur_loss': '0.7149'}
{'Epoch': 22, 'HIT@5': '0.3233', 'NDCG@5': '0.2018', 'HIT@10': '0.4998', 'NDCG@10': '0.2587', 'HIT@20': '0.6998', 'NDCG@20': '0.3093', 'MRR@5': '0.2074', 'MRR@10': '0.2074', 'MRR@20': '0.2074'}
Validation score increased.  Saving model ...
{'epoch': 23, 'rec_avg_loss': '0.7042', 'rec_cur_loss': '0.7015'}
{'Epoch': 23, 'HIT@5': '0.3278', 'NDCG@5': '0.2046', 'HIT@10': '0.5063', 'NDCG@10': '0.2622', 'HIT@20': '0.7026', 'NDCG@20': '0.3118', 'MRR@5': '0.2097', 'MRR@10': '0.2097', 'MRR@20': '0.2097'}
Validation score increased.  Saving model ...
{'epoch': 24, 'rec_avg_loss': '0.7028', 'rec_cur_loss': '0.7135'}
{'Epoch': 24, 'HIT@5': '0.3260', 'NDCG@5': '0.2042', 'HIT@10': '0.5053', 'NDCG@10': '0.2621', 'HIT@20': '0.7046', 'NDCG@20': '0.3124', 'MRR@5': '0.2100', 'MRR@10': '0.2100', 'MRR@20': '0.2100'}
Validation score increased.  Saving model ...
{'epoch': 25, 'rec_avg_loss': '0.7021', 'rec_cur_loss': '0.7265'}
{'Epoch': 25, 'HIT@5': '0.3296', 'NDCG@5': '0.2068', 'HIT@10': '0.5065', 'NDCG@10': '0.2638', 'HIT@20': '0.7066', 'NDCG@20': '0.3144', 'MRR@5': '0.2118', 'MRR@10': '0.2118', 'MRR@20': '0.2118'}
Validation score increased.  Saving model ...
{'epoch': 26, 'rec_avg_loss': '0.6998', 'rec_cur_loss': '0.7189'}
{'Epoch': 26, 'HIT@5': '0.3300', 'NDCG@5': '0.2057', 'HIT@10': '0.5096', 'NDCG@10': '0.2636', 'HIT@20': '0.7058', 'NDCG@20': '0.3132', 'MRR@5': '0.2104', 'MRR@10': '0.2104', 'MRR@20': '0.2104'}
EarlyStopping counter: 1 out of 10
{'epoch': 27, 'rec_avg_loss': '0.6964', 'rec_cur_loss': '0.7215'}
{'Epoch': 27, 'HIT@5': '0.3326', 'NDCG@5': '0.2081', 'HIT@10': '0.5129', 'NDCG@10': '0.2662', 'HIT@20': '0.7088', 'NDCG@20': '0.3157', 'MRR@5': '0.2127', 'MRR@10': '0.2127', 'MRR@20': '0.2127'}
Validation score increased.  Saving model ...
{'epoch': 28, 'rec_avg_loss': '0.6946', 'rec_cur_loss': '0.6850'}
{'Epoch': 28, 'HIT@5': '0.3328', 'NDCG@5': '0.2100', 'HIT@10': '0.5144', 'NDCG@10': '0.2686', 'HIT@20': '0.7106', 'NDCG@20': '0.3181', 'MRR@5': '0.2152', 'MRR@10': '0.2152', 'MRR@20': '0.2152'}
Validation score increased.  Saving model ...
{'epoch': 29, 'rec_avg_loss': '0.6931', 'rec_cur_loss': '0.6681'}
{'Epoch': 29, 'HIT@5': '0.3379', 'NDCG@5': '0.2126', 'HIT@10': '0.5175', 'NDCG@10': '0.2705', 'HIT@20': '0.7116', 'NDCG@20': '0.3194', 'MRR@5': '0.2164', 'MRR@10': '0.2164', 'MRR@20': '0.2164'}
Validation score increased.  Saving model ...
{'epoch': 30, 'rec_avg_loss': '0.6937', 'rec_cur_loss': '0.7056'}
{'Epoch': 30, 'HIT@5': '0.3404', 'NDCG@5': '0.2129', 'HIT@10': '0.5190', 'NDCG@10': '0.2704', 'HIT@20': '0.7123', 'NDCG@20': '0.3192', 'MRR@5': '0.2159', 'MRR@10': '0.2159', 'MRR@20': '0.2159'}
EarlyStopping counter: 1 out of 10
{'epoch': 31, 'rec_avg_loss': '0.6945', 'rec_cur_loss': '0.6947'}
{'Epoch': 31, 'HIT@5': '0.3421', 'NDCG@5': '0.2147', 'HIT@10': '0.5227', 'NDCG@10': '0.2729', 'HIT@20': '0.7137', 'NDCG@20': '0.3212', 'MRR@5': '0.2179', 'MRR@10': '0.2179', 'MRR@20': '0.2179'}
Validation score increased.  Saving model ...
{'epoch': 32, 'rec_avg_loss': '0.6942', 'rec_cur_loss': '0.6951'}
{'Epoch': 32, 'HIT@5': '0.3391', 'NDCG@5': '0.2133', 'HIT@10': '0.5222', 'NDCG@10': '0.2724', 'HIT@20': '0.7129', 'NDCG@20': '0.3206', 'MRR@5': '0.2174', 'MRR@10': '0.2174', 'MRR@20': '0.2174'}
EarlyStopping counter: 1 out of 10
{'epoch': 33, 'rec_avg_loss': '0.6895', 'rec_cur_loss': '0.6659'}
{'Epoch': 33, 'HIT@5': '0.3391', 'NDCG@5': '0.2121', 'HIT@10': '0.5175', 'NDCG@10': '0.2697', 'HIT@20': '0.7149', 'NDCG@20': '0.3195', 'MRR@5': '0.2156', 'MRR@10': '0.2156', 'MRR@20': '0.2156'}
EarlyStopping counter: 2 out of 10
{'epoch': 34, 'rec_avg_loss': '0.6915', 'rec_cur_loss': '0.6775'}
{'Epoch': 34, 'HIT@5': '0.3389', 'NDCG@5': '0.2123', 'HIT@10': '0.5210', 'NDCG@10': '0.2711', 'HIT@20': '0.7149', 'NDCG@20': '0.3202', 'MRR@5': '0.2163', 'MRR@10': '0.2163', 'MRR@20': '0.2163'}
EarlyStopping counter: 3 out of 10
{'epoch': 35, 'rec_avg_loss': '0.6875', 'rec_cur_loss': '0.6899'}
{'Epoch': 35, 'HIT@5': '0.3447', 'NDCG@5': '0.2165', 'HIT@10': '0.5258', 'NDCG@10': '0.2749', 'HIT@20': '0.7157', 'NDCG@20': '0.3230', 'MRR@5': '0.2195', 'MRR@10': '0.2195', 'MRR@20': '0.2195'}
Validation score increased.  Saving model ...
{'epoch': 36, 'rec_avg_loss': '0.6874', 'rec_cur_loss': '0.6674'}
{'Epoch': 36, 'HIT@5': '0.3430', 'NDCG@5': '0.2159', 'HIT@10': '0.5280', 'NDCG@10': '0.2756', 'HIT@20': '0.7161', 'NDCG@20': '0.3230', 'MRR@5': '0.2195', 'MRR@10': '0.2195', 'MRR@20': '0.2195'}
EarlyStopping counter: 1 out of 10
{'epoch': 37, 'rec_avg_loss': '0.6857', 'rec_cur_loss': '0.6796'}
{'Epoch': 37, 'HIT@5': '0.3419', 'NDCG@5': '0.2148', 'HIT@10': '0.5260', 'NDCG@10': '0.2741', 'HIT@20': '0.7156', 'NDCG@20': '0.3220', 'MRR@5': '0.2183', 'MRR@10': '0.2183', 'MRR@20': '0.2183'}
EarlyStopping counter: 2 out of 10
{'epoch': 38, 'rec_avg_loss': '0.6833', 'rec_cur_loss': '0.6816'}
{'Epoch': 38, 'HIT@5': '0.3402', 'NDCG@5': '0.2144', 'HIT@10': '0.5253', 'NDCG@10': '0.2741', 'HIT@20': '0.7147', 'NDCG@20': '0.3219', 'MRR@5': '0.2185', 'MRR@10': '0.2185', 'MRR@20': '0.2185'}
EarlyStopping counter: 3 out of 10
{'epoch': 39, 'rec_avg_loss': '0.6859', 'rec_cur_loss': '0.6845'}
{'Epoch': 39, 'HIT@5': '0.3457', 'NDCG@5': '0.2182', 'HIT@10': '0.5280', 'NDCG@10': '0.2771', 'HIT@20': '0.7190', 'NDCG@20': '0.3253', 'MRR@5': '0.2215', 'MRR@10': '0.2215', 'MRR@20': '0.2215'}
Validation score increased.  Saving model ...
{'epoch': 40, 'rec_avg_loss': '0.6825', 'rec_cur_loss': '0.6714'}
{'Epoch': 40, 'HIT@5': '0.3464', 'NDCG@5': '0.2184', 'HIT@10': '0.5276', 'NDCG@10': '0.2769', 'HIT@20': '0.7161', 'NDCG@20': '0.3246', 'MRR@5': '0.2214', 'MRR@10': '0.2214', 'MRR@20': '0.2214'}
EarlyStopping counter: 1 out of 10
{'epoch': 41, 'rec_avg_loss': '0.6832', 'rec_cur_loss': '0.6903'}
{'Epoch': 41, 'HIT@5': '0.3467', 'NDCG@5': '0.2183', 'HIT@10': '0.5315', 'NDCG@10': '0.2780', 'HIT@20': '0.7152', 'NDCG@20': '0.3244', 'MRR@5': '0.2213', 'MRR@10': '0.2213', 'MRR@20': '0.2213'}
EarlyStopping counter: 2 out of 10
{'epoch': 42, 'rec_avg_loss': '0.6836', 'rec_cur_loss': '0.6968'}
{'Epoch': 42, 'HIT@5': '0.3522', 'NDCG@5': '0.2218', 'HIT@10': '0.5328', 'NDCG@10': '0.2800', 'HIT@20': '0.7199', 'NDCG@20': '0.3273', 'MRR@5': '0.2235', 'MRR@10': '0.2235', 'MRR@20': '0.2235'}
Validation score increased.  Saving model ...
{'epoch': 43, 'rec_avg_loss': '0.6798', 'rec_cur_loss': '0.6895'}
{'Epoch': 43, 'HIT@5': '0.3495', 'NDCG@5': '0.2201', 'HIT@10': '0.5323', 'NDCG@10': '0.2791', 'HIT@20': '0.7195', 'NDCG@20': '0.3265', 'MRR@5': '0.2226', 'MRR@10': '0.2226', 'MRR@20': '0.2226'}
EarlyStopping counter: 1 out of 10
{'epoch': 44, 'rec_avg_loss': '0.6796', 'rec_cur_loss': '0.6888'}
{'Epoch': 44, 'HIT@5': '0.3490', 'NDCG@5': '0.2203', 'HIT@10': '0.5338', 'NDCG@10': '0.2799', 'HIT@20': '0.7214', 'NDCG@20': '0.3274', 'MRR@5': '0.2232', 'MRR@10': '0.2232', 'MRR@20': '0.2232'}
EarlyStopping counter: 2 out of 10
{'epoch': 45, 'rec_avg_loss': '0.6784', 'rec_cur_loss': '0.6545'}
{'Epoch': 45, 'HIT@5': '0.3488', 'NDCG@5': '0.2201', 'HIT@10': '0.5349', 'NDCG@10': '0.2802', 'HIT@20': '0.7217', 'NDCG@20': '0.3274', 'MRR@5': '0.2231', 'MRR@10': '0.2231', 'MRR@20': '0.2231'}
EarlyStopping counter: 3 out of 10
{'epoch': 46, 'rec_avg_loss': '0.6809', 'rec_cur_loss': '0.6958'}
{'Epoch': 46, 'HIT@5': '0.3531', 'NDCG@5': '0.2240', 'HIT@10': '0.5381', 'NDCG@10': '0.2837', 'HIT@20': '0.7192', 'NDCG@20': '0.3295', 'MRR@5': '0.2264', 'MRR@10': '0.2264', 'MRR@20': '0.2264'}
Validation score increased.  Saving model ...
{'epoch': 47, 'rec_avg_loss': '0.6799', 'rec_cur_loss': '0.7105'}
{'Epoch': 47, 'HIT@5': '0.3526', 'NDCG@5': '0.2227', 'HIT@10': '0.5368', 'NDCG@10': '0.2820', 'HIT@20': '0.7228', 'NDCG@20': '0.3290', 'MRR@5': '0.2248', 'MRR@10': '0.2248', 'MRR@20': '0.2248'}
EarlyStopping counter: 1 out of 10
{'epoch': 48, 'rec_avg_loss': '0.6756', 'rec_cur_loss': '0.6846'}
{'Epoch': 48, 'HIT@5': '0.3497', 'NDCG@5': '0.2216', 'HIT@10': '0.5313', 'NDCG@10': '0.2802', 'HIT@20': '0.7220', 'NDCG@20': '0.3285', 'MRR@5': '0.2245', 'MRR@10': '0.2245', 'MRR@20': '0.2245'}
EarlyStopping counter: 2 out of 10
{'epoch': 49, 'rec_avg_loss': '0.6764', 'rec_cur_loss': '0.6491'}
{'Epoch': 49, 'HIT@5': '0.3543', 'NDCG@5': '0.2227', 'HIT@10': '0.5351', 'NDCG@10': '0.2811', 'HIT@20': '0.7243', 'NDCG@20': '0.3289', 'MRR@5': '0.2242', 'MRR@10': '0.2242', 'MRR@20': '0.2242'}
EarlyStopping counter: 3 out of 10
{'epoch': 50, 'rec_avg_loss': '0.6769', 'rec_cur_loss': '0.6827'}
{'Epoch': 50, 'HIT@5': '0.3555', 'NDCG@5': '0.2252', 'HIT@10': '0.5371', 'NDCG@10': '0.2838', 'HIT@20': '0.7235', 'NDCG@20': '0.3309', 'MRR@5': '0.2270', 'MRR@10': '0.2270', 'MRR@20': '0.2270'}
Validation score increased.  Saving model ...
{'epoch': 51, 'rec_avg_loss': '0.6747', 'rec_cur_loss': '0.6922'}
{'Epoch': 51, 'HIT@5': '0.3611', 'NDCG@5': '0.2293', 'HIT@10': '0.5394', 'NDCG@10': '0.2866', 'HIT@20': '0.7230', 'NDCG@20': '0.3331', 'MRR@5': '0.2299', 'MRR@10': '0.2299', 'MRR@20': '0.2299'}
Validation score increased.  Saving model ...
{'epoch': 52, 'rec_avg_loss': '0.6741', 'rec_cur_loss': '0.6750'}
{'Epoch': 52, 'HIT@5': '0.3601', 'NDCG@5': '0.2279', 'HIT@10': '0.5409', 'NDCG@10': '0.2861', 'HIT@20': '0.7257', 'NDCG@20': '0.3328', 'MRR@5': '0.2287', 'MRR@10': '0.2287', 'MRR@20': '0.2287'}
EarlyStopping counter: 1 out of 10
{'epoch': 53, 'rec_avg_loss': '0.6726', 'rec_cur_loss': '0.6818'}
{'Epoch': 53, 'HIT@5': '0.3575', 'NDCG@5': '0.2263', 'HIT@10': '0.5401', 'NDCG@10': '0.2851', 'HIT@20': '0.7247', 'NDCG@20': '0.3317', 'MRR@5': '0.2277', 'MRR@10': '0.2277', 'MRR@20': '0.2277'}
EarlyStopping counter: 2 out of 10
{'epoch': 54, 'rec_avg_loss': '0.6714', 'rec_cur_loss': '0.6536'}
{'Epoch': 54, 'HIT@5': '0.3551', 'NDCG@5': '0.2250', 'HIT@10': '0.5396', 'NDCG@10': '0.2846', 'HIT@20': '0.7265', 'NDCG@20': '0.3319', 'MRR@5': '0.2272', 'MRR@10': '0.2272', 'MRR@20': '0.2272'}
EarlyStopping counter: 3 out of 10
{'epoch': 55, 'rec_avg_loss': '0.6738', 'rec_cur_loss': '0.6728'}
{'Epoch': 55, 'HIT@5': '0.3647', 'NDCG@5': '0.2324', 'HIT@10': '0.5435', 'NDCG@10': '0.2902', 'HIT@20': '0.7273', 'NDCG@20': '0.3368', 'MRR@5': '0.2331', 'MRR@10': '0.2331', 'MRR@20': '0.2331'}
Validation score increased.  Saving model ...
{'epoch': 56, 'rec_avg_loss': '0.6702', 'rec_cur_loss': '0.6887'}
{'Epoch': 56, 'HIT@5': '0.3642', 'NDCG@5': '0.2320', 'HIT@10': '0.5454', 'NDCG@10': '0.2905', 'HIT@20': '0.7262', 'NDCG@20': '0.3364', 'MRR@5': '0.2328', 'MRR@10': '0.2328', 'MRR@20': '0.2328'}
EarlyStopping counter: 1 out of 10
{'epoch': 57, 'rec_avg_loss': '0.6708', 'rec_cur_loss': '0.6671'}
{'Epoch': 57, 'HIT@5': '0.3639', 'NDCG@5': '0.2310', 'HIT@10': '0.5447', 'NDCG@10': '0.2893', 'HIT@20': '0.7273', 'NDCG@20': '0.3355', 'MRR@5': '0.2314', 'MRR@10': '0.2314', 'MRR@20': '0.2314'}
EarlyStopping counter: 2 out of 10
{'epoch': 58, 'rec_avg_loss': '0.6705', 'rec_cur_loss': '0.6485'}
{'Epoch': 58, 'HIT@5': '0.3634', 'NDCG@5': '0.2305', 'HIT@10': '0.5437', 'NDCG@10': '0.2886', 'HIT@20': '0.7253', 'NDCG@20': '0.3345', 'MRR@5': '0.2308', 'MRR@10': '0.2308', 'MRR@20': '0.2308'}
EarlyStopping counter: 3 out of 10
{'epoch': 59, 'rec_avg_loss': '0.6679', 'rec_cur_loss': '0.6583'}
{'Epoch': 59, 'HIT@5': '0.3675', 'NDCG@5': '0.2353', 'HIT@10': '0.5495', 'NDCG@10': '0.2939', 'HIT@20': '0.7272', 'NDCG@20': '0.3389', 'MRR@5': '0.2358', 'MRR@10': '0.2358', 'MRR@20': '0.2358'}
Validation score increased.  Saving model ...
{'epoch': 60, 'rec_avg_loss': '0.6678', 'rec_cur_loss': '0.6925'}
{'Epoch': 60, 'HIT@5': '0.3664', 'NDCG@5': '0.2325', 'HIT@10': '0.5483', 'NDCG@10': '0.2911', 'HIT@20': '0.7286', 'NDCG@20': '0.3367', 'MRR@5': '0.2324', 'MRR@10': '0.2324', 'MRR@20': '0.2324'}
EarlyStopping counter: 1 out of 10
{'epoch': 61, 'rec_avg_loss': '0.6659', 'rec_cur_loss': '0.6476'}
{'Epoch': 61, 'HIT@5': '0.3639', 'NDCG@5': '0.2311', 'HIT@10': '0.5447', 'NDCG@10': '0.2894', 'HIT@20': '0.7283', 'NDCG@20': '0.3358', 'MRR@5': '0.2315', 'MRR@10': '0.2315', 'MRR@20': '0.2315'}
EarlyStopping counter: 2 out of 10
{'epoch': 62, 'rec_avg_loss': '0.6687', 'rec_cur_loss': '0.6496'}
{'Epoch': 62, 'HIT@5': '0.3695', 'NDCG@5': '0.2364', 'HIT@10': '0.5493', 'NDCG@10': '0.2943', 'HIT@20': '0.7273', 'NDCG@20': '0.3395', 'MRR@5': '0.2364', 'MRR@10': '0.2364', 'MRR@20': '0.2364'}
Validation score increased.  Saving model ...
{'epoch': 63, 'rec_avg_loss': '0.6680', 'rec_cur_loss': '0.6868'}
{'Epoch': 63, 'HIT@5': '0.3712', 'NDCG@5': '0.2365', 'HIT@10': '0.5551', 'NDCG@10': '0.2956', 'HIT@20': '0.7308', 'NDCG@20': '0.3400', 'MRR@5': '0.2359', 'MRR@10': '0.2359', 'MRR@20': '0.2359'}
EarlyStopping counter: 1 out of 10
{'epoch': 64, 'rec_avg_loss': '0.6676', 'rec_cur_loss': '0.6658'}
{'Epoch': 64, 'HIT@5': '0.3671', 'NDCG@5': '0.2342', 'HIT@10': '0.5517', 'NDCG@10': '0.2938', 'HIT@20': '0.7313', 'NDCG@20': '0.3392', 'MRR@5': '0.2349', 'MRR@10': '0.2349', 'MRR@20': '0.2349'}
EarlyStopping counter: 2 out of 10
{'epoch': 65, 'rec_avg_loss': '0.6638', 'rec_cur_loss': '0.6896'}
{'Epoch': 65, 'HIT@5': '0.3709', 'NDCG@5': '0.2371', 'HIT@10': '0.5510', 'NDCG@10': '0.2953', 'HIT@20': '0.7320', 'NDCG@20': '0.3412', 'MRR@5': '0.2371', 'MRR@10': '0.2371', 'MRR@20': '0.2371'}
Validation score increased.  Saving model ...
{'epoch': 66, 'rec_avg_loss': '0.6657', 'rec_cur_loss': '0.6826'}
{'Epoch': 66, 'HIT@5': '0.3727', 'NDCG@5': '0.2376', 'HIT@10': '0.5503', 'NDCG@10': '0.2949', 'HIT@20': '0.7306', 'NDCG@20': '0.3406', 'MRR@5': '0.2368', 'MRR@10': '0.2368', 'MRR@20': '0.2368'}
EarlyStopping counter: 1 out of 10
{'epoch': 67, 'rec_avg_loss': '0.6633', 'rec_cur_loss': '0.6670'}
{'Epoch': 67, 'HIT@5': '0.3742', 'NDCG@5': '0.2390', 'HIT@10': '0.5536', 'NDCG@10': '0.2969', 'HIT@20': '0.7310', 'NDCG@20': '0.3418', 'MRR@5': '0.2381', 'MRR@10': '0.2381', 'MRR@20': '0.2381'}
Validation score increased.  Saving model ...
{'epoch': 68, 'rec_avg_loss': '0.6640', 'rec_cur_loss': '0.6576'}
{'Epoch': 68, 'HIT@5': '0.3697', 'NDCG@5': '0.2369', 'HIT@10': '0.5535', 'NDCG@10': '0.2962', 'HIT@20': '0.7316', 'NDCG@20': '0.3414', 'MRR@5': '0.2374', 'MRR@10': '0.2374', 'MRR@20': '0.2374'}
EarlyStopping counter: 1 out of 10
{'epoch': 69, 'rec_avg_loss': '0.6628', 'rec_cur_loss': '0.6634'}
{'Epoch': 69, 'HIT@5': '0.3639', 'NDCG@5': '0.2314', 'HIT@10': '0.5465', 'NDCG@10': '0.2904', 'HIT@20': '0.7263', 'NDCG@20': '0.3359', 'MRR@5': '0.2322', 'MRR@10': '0.2322', 'MRR@20': '0.2322'}
EarlyStopping counter: 2 out of 10
{'epoch': 70, 'rec_avg_loss': '0.6619', 'rec_cur_loss': '0.6294'}
{'Epoch': 70, 'HIT@5': '0.3719', 'NDCG@5': '0.2376', 'HIT@10': '0.5546', 'NDCG@10': '0.2964', 'HIT@20': '0.7298', 'NDCG@20': '0.3408', 'MRR@5': '0.2372', 'MRR@10': '0.2372', 'MRR@20': '0.2372'}
EarlyStopping counter: 3 out of 10
{'epoch': 71, 'rec_avg_loss': '0.6605', 'rec_cur_loss': '0.6924'}
{'Epoch': 71, 'HIT@5': '0.3714', 'NDCG@5': '0.2369', 'HIT@10': '0.5500', 'NDCG@10': '0.2946', 'HIT@20': '0.7315', 'NDCG@20': '0.3405', 'MRR@5': '0.2364', 'MRR@10': '0.2364', 'MRR@20': '0.2364'}
EarlyStopping counter: 4 out of 10
{'epoch': 72, 'rec_avg_loss': '0.6625', 'rec_cur_loss': '0.6611'}
{'Epoch': 72, 'HIT@5': '0.3786', 'NDCG@5': '0.2434', 'HIT@10': '0.5584', 'NDCG@10': '0.3015', 'HIT@20': '0.7349', 'NDCG@20': '0.3462', 'MRR@5': '0.2423', 'MRR@10': '0.2423', 'MRR@20': '0.2423'}
Validation score increased.  Saving model ...
{'epoch': 73, 'rec_avg_loss': '0.6623', 'rec_cur_loss': '0.6461'}
{'Epoch': 73, 'HIT@5': '0.3818', 'NDCG@5': '0.2439', 'HIT@10': '0.5594', 'NDCG@10': '0.3011', 'HIT@20': '0.7323', 'NDCG@20': '0.3450', 'MRR@5': '0.2416', 'MRR@10': '0.2416', 'MRR@20': '0.2416'}
EarlyStopping counter: 1 out of 10
{'epoch': 74, 'rec_avg_loss': '0.6615', 'rec_cur_loss': '0.6974'}
{'Epoch': 74, 'HIT@5': '0.3793', 'NDCG@5': '0.2428', 'HIT@10': '0.5570', 'NDCG@10': '0.3002', 'HIT@20': '0.7359', 'NDCG@20': '0.3456', 'MRR@5': '0.2413', 'MRR@10': '0.2413', 'MRR@20': '0.2413'}
EarlyStopping counter: 2 out of 10
{'epoch': 75, 'rec_avg_loss': '0.6592', 'rec_cur_loss': '0.6522'}
{'Epoch': 75, 'HIT@5': '0.3815', 'NDCG@5': '0.2439', 'HIT@10': '0.5589', 'NDCG@10': '0.3012', 'HIT@20': '0.7338', 'NDCG@20': '0.3454', 'MRR@5': '0.2417', 'MRR@10': '0.2417', 'MRR@20': '0.2417'}
EarlyStopping counter: 3 out of 10
{'epoch': 76, 'rec_avg_loss': '0.6577', 'rec_cur_loss': '0.6544'}
{'Epoch': 76, 'HIT@5': '0.3791', 'NDCG@5': '0.2423', 'HIT@10': '0.5619', 'NDCG@10': '0.3011', 'HIT@20': '0.7333', 'NDCG@20': '0.3445', 'MRR@5': '0.2407', 'MRR@10': '0.2407', 'MRR@20': '0.2407'}
EarlyStopping counter: 4 out of 10
{'epoch': 77, 'rec_avg_loss': '0.6579', 'rec_cur_loss': '0.6791'}
{'Epoch': 77, 'HIT@5': '0.3790', 'NDCG@5': '0.2420', 'HIT@10': '0.5613', 'NDCG@10': '0.3008', 'HIT@20': '0.7364', 'NDCG@20': '0.3451', 'MRR@5': '0.2405', 'MRR@10': '0.2405', 'MRR@20': '0.2405'}
EarlyStopping counter: 5 out of 10
{'epoch': 78, 'rec_avg_loss': '0.6571', 'rec_cur_loss': '0.6399'}
{'Epoch': 78, 'HIT@5': '0.3839', 'NDCG@5': '0.2467', 'HIT@10': '0.5705', 'NDCG@10': '0.3068', 'HIT@20': '0.7376', 'NDCG@20': '0.3491', 'MRR@5': '0.2450', 'MRR@10': '0.2450', 'MRR@20': '0.2450'}
Validation score increased.  Saving model ...
{'epoch': 79, 'rec_avg_loss': '0.6572', 'rec_cur_loss': '0.6797'}
{'Epoch': 79, 'HIT@5': '0.3765', 'NDCG@5': '0.2401', 'HIT@10': '0.5608', 'NDCG@10': '0.2995', 'HIT@20': '0.7364', 'NDCG@20': '0.3440', 'MRR@5': '0.2392', 'MRR@10': '0.2392', 'MRR@20': '0.2392'}
EarlyStopping counter: 1 out of 10
{'epoch': 80, 'rec_avg_loss': '0.6561', 'rec_cur_loss': '0.6785'}
{'Epoch': 80, 'HIT@5': '0.3829', 'NDCG@5': '0.2455', 'HIT@10': '0.5632', 'NDCG@10': '0.3037', 'HIT@20': '0.7368', 'NDCG@20': '0.3478', 'MRR@5': '0.2437', 'MRR@10': '0.2437', 'MRR@20': '0.2437'}
EarlyStopping counter: 2 out of 10
{'epoch': 81, 'rec_avg_loss': '0.6566', 'rec_cur_loss': '0.6681'}
{'Epoch': 81, 'HIT@5': '0.3836', 'NDCG@5': '0.2445', 'HIT@10': '0.5652', 'NDCG@10': '0.3032', 'HIT@20': '0.7351', 'NDCG@20': '0.3463', 'MRR@5': '0.2421', 'MRR@10': '0.2421', 'MRR@20': '0.2421'}
EarlyStopping counter: 3 out of 10
{'epoch': 82, 'rec_avg_loss': '0.6542', 'rec_cur_loss': '0.6709'}
{'Epoch': 82, 'HIT@5': '0.3808', 'NDCG@5': '0.2427', 'HIT@10': '0.5624', 'NDCG@10': '0.3014', 'HIT@20': '0.7353', 'NDCG@20': '0.3453', 'MRR@5': '0.2409', 'MRR@10': '0.2409', 'MRR@20': '0.2409'}
EarlyStopping counter: 4 out of 10
{'epoch': 83, 'rec_avg_loss': '0.6552', 'rec_cur_loss': '0.6401'}
{'Epoch': 83, 'HIT@5': '0.3803', 'NDCG@5': '0.2429', 'HIT@10': '0.5634', 'NDCG@10': '0.3018', 'HIT@20': '0.7344', 'NDCG@20': '0.3452', 'MRR@5': '0.2411', 'MRR@10': '0.2411', 'MRR@20': '0.2411'}
EarlyStopping counter: 5 out of 10
{'epoch': 84, 'rec_avg_loss': '0.6557', 'rec_cur_loss': '0.6225'}
{'Epoch': 84, 'HIT@5': '0.3844', 'NDCG@5': '0.2466', 'HIT@10': '0.5671', 'NDCG@10': '0.3058', 'HIT@20': '0.7392', 'NDCG@20': '0.3494', 'MRR@5': '0.2449', 'MRR@10': '0.2449', 'MRR@20': '0.2449'}
EarlyStopping counter: 6 out of 10
{'epoch': 85, 'rec_avg_loss': '0.6539', 'rec_cur_loss': '0.6610'}
{'Epoch': 85, 'HIT@5': '0.3851', 'NDCG@5': '0.2471', 'HIT@10': '0.5692', 'NDCG@10': '0.3067', 'HIT@20': '0.7392', 'NDCG@20': '0.3499', 'MRR@5': '0.2454', 'MRR@10': '0.2454', 'MRR@20': '0.2454'}
Validation score increased.  Saving model ...
{'epoch': 86, 'rec_avg_loss': '0.6543', 'rec_cur_loss': '0.6754'}
{'Epoch': 86, 'HIT@5': '0.3858', 'NDCG@5': '0.2477', 'HIT@10': '0.5680', 'NDCG@10': '0.3067', 'HIT@20': '0.7377', 'NDCG@20': '0.3498', 'MRR@5': '0.2457', 'MRR@10': '0.2457', 'MRR@20': '0.2457'}
Validation score increased.  Saving model ...
{'epoch': 87, 'rec_avg_loss': '0.6529', 'rec_cur_loss': '0.6646'}
{'Epoch': 87, 'HIT@5': '0.3849', 'NDCG@5': '0.2479', 'HIT@10': '0.5697', 'NDCG@10': '0.3076', 'HIT@20': '0.7366', 'NDCG@20': '0.3499', 'MRR@5': '0.2462', 'MRR@10': '0.2462', 'MRR@20': '0.2462'}
Validation score increased.  Saving model ...
{'epoch': 88, 'rec_avg_loss': '0.6516', 'rec_cur_loss': '0.6412'}
{'Epoch': 88, 'HIT@5': '0.3839', 'NDCG@5': '0.2463', 'HIT@10': '0.5666', 'NDCG@10': '0.3053', 'HIT@20': '0.7368', 'NDCG@20': '0.3484', 'MRR@5': '0.2444', 'MRR@10': '0.2444', 'MRR@20': '0.2444'}
EarlyStopping counter: 1 out of 10
{'epoch': 89, 'rec_avg_loss': '0.6511', 'rec_cur_loss': '0.6505'}
{'Epoch': 89, 'HIT@5': '0.3833', 'NDCG@5': '0.2445', 'HIT@10': '0.5651', 'NDCG@10': '0.3034', 'HIT@20': '0.7368', 'NDCG@20': '0.3471', 'MRR@5': '0.2426', 'MRR@10': '0.2426', 'MRR@20': '0.2426'}
EarlyStopping counter: 2 out of 10
{'epoch': 90, 'rec_avg_loss': '0.6540', 'rec_cur_loss': '0.6642'}
{'Epoch': 90, 'HIT@5': '0.3877', 'NDCG@5': '0.2486', 'HIT@10': '0.5715', 'NDCG@10': '0.3080', 'HIT@20': '0.7402', 'NDCG@20': '0.3508', 'MRR@5': '0.2461', 'MRR@10': '0.2461', 'MRR@20': '0.2461'}
EarlyStopping counter: 3 out of 10
{'epoch': 91, 'rec_avg_loss': '0.6552', 'rec_cur_loss': '0.6660'}
{'Epoch': 91, 'HIT@5': '0.3818', 'NDCG@5': '0.2455', 'HIT@10': '0.5679', 'NDCG@10': '0.3058', 'HIT@20': '0.7371', 'NDCG@20': '0.3486', 'MRR@5': '0.2446', 'MRR@10': '0.2446', 'MRR@20': '0.2446'}
EarlyStopping counter: 4 out of 10
{'epoch': 92, 'rec_avg_loss': '0.6516', 'rec_cur_loss': '0.6348'}
{'Epoch': 92, 'HIT@5': '0.3879', 'NDCG@5': '0.2485', 'HIT@10': '0.5700', 'NDCG@10': '0.3073', 'HIT@20': '0.7381', 'NDCG@20': '0.3499', 'MRR@5': '0.2458', 'MRR@10': '0.2458', 'MRR@20': '0.2458'}
EarlyStopping counter: 5 out of 10
{'epoch': 93, 'rec_avg_loss': '0.6516', 'rec_cur_loss': '0.6369'}
{'Epoch': 93, 'HIT@5': '0.3909', 'NDCG@5': '0.2512', 'HIT@10': '0.5724', 'NDCG@10': '0.3098', 'HIT@20': '0.7406', 'NDCG@20': '0.3524', 'MRR@5': '0.2481', 'MRR@10': '0.2481', 'MRR@20': '0.2481'}
Validation score increased.  Saving model ...
{'epoch': 94, 'rec_avg_loss': '0.6506', 'rec_cur_loss': '0.6557'}
{'Epoch': 94, 'HIT@5': '0.3959', 'NDCG@5': '0.2530', 'HIT@10': '0.5733', 'NDCG@10': '0.3103', 'HIT@20': '0.7409', 'NDCG@20': '0.3529', 'MRR@5': '0.2484', 'MRR@10': '0.2484', 'MRR@20': '0.2484'}
Validation score increased.  Saving model ...
{'epoch': 95, 'rec_avg_loss': '0.6527', 'rec_cur_loss': '0.6633'}
{'Epoch': 95, 'HIT@5': '0.3927', 'NDCG@5': '0.2523', 'HIT@10': '0.5740', 'NDCG@10': '0.3108', 'HIT@20': '0.7387', 'NDCG@20': '0.3526', 'MRR@5': '0.2489', 'MRR@10': '0.2489', 'MRR@20': '0.2489'}
Validation score increased.  Saving model ...
{'epoch': 96, 'rec_avg_loss': '0.6479', 'rec_cur_loss': '0.6297'}
{'Epoch': 96, 'HIT@5': '0.3942', 'NDCG@5': '0.2521', 'HIT@10': '0.5762', 'NDCG@10': '0.3108', 'HIT@20': '0.7389', 'NDCG@20': '0.3521', 'MRR@5': '0.2481', 'MRR@10': '0.2481', 'MRR@20': '0.2481'}
EarlyStopping counter: 1 out of 10
{'epoch': 97, 'rec_avg_loss': '0.6492', 'rec_cur_loss': '0.6637'}
{'Epoch': 97, 'HIT@5': '0.3925', 'NDCG@5': '0.2512', 'HIT@10': '0.5758', 'NDCG@10': '0.3105', 'HIT@20': '0.7412', 'NDCG@20': '0.3524', 'MRR@5': '0.2479', 'MRR@10': '0.2479', 'MRR@20': '0.2479'}
EarlyStopping counter: 2 out of 10
{'epoch': 98, 'rec_avg_loss': '0.6477', 'rec_cur_loss': '0.6515'}
{'Epoch': 98, 'HIT@5': '0.3927', 'NDCG@5': '0.2519', 'HIT@10': '0.5758', 'NDCG@10': '0.3110', 'HIT@20': '0.7404', 'NDCG@20': '0.3528', 'MRR@5': '0.2486', 'MRR@10': '0.2486', 'MRR@20': '0.2486'}
EarlyStopping counter: 3 out of 10
{'epoch': 99, 'rec_avg_loss': '0.6499', 'rec_cur_loss': '0.6408'}
{'Epoch': 99, 'HIT@5': '0.3907', 'NDCG@5': '0.2518', 'HIT@10': '0.5773', 'NDCG@10': '0.3123', 'HIT@20': '0.7407', 'NDCG@20': '0.3538', 'MRR@5': '0.2498', 'MRR@10': '0.2498', 'MRR@20': '0.2498'}
Validation score increased.  Saving model ...
{'epoch': 100, 'rec_avg_loss': '0.6458', 'rec_cur_loss': '0.6473'}
{'Epoch': 100, 'HIT@5': '0.3947', 'NDCG@5': '0.2543', 'HIT@10': '0.5752', 'NDCG@10': '0.3127', 'HIT@20': '0.7374', 'NDCG@20': '0.3539', 'MRR@5': '0.2510', 'MRR@10': '0.2510', 'MRR@20': '0.2510'}
Validation score increased.  Saving model ...
{'epoch': 101, 'rec_avg_loss': '0.6457', 'rec_cur_loss': '0.6458'}
{'Epoch': 101, 'HIT@5': '0.3954', 'NDCG@5': '0.2551', 'HIT@10': '0.5757', 'NDCG@10': '0.3135', 'HIT@20': '0.7396', 'NDCG@20': '0.3550', 'MRR@5': '0.2517', 'MRR@10': '0.2517', 'MRR@20': '0.2517'}
Validation score increased.  Saving model ...
{'epoch': 102, 'rec_avg_loss': '0.6452', 'rec_cur_loss': '0.6010'}
{'Epoch': 102, 'HIT@5': '0.3916', 'NDCG@5': '0.2525', 'HIT@10': '0.5742', 'NDCG@10': '0.3115', 'HIT@20': '0.7409', 'NDCG@20': '0.3537', 'MRR@5': '0.2498', 'MRR@10': '0.2498', 'MRR@20': '0.2498'}
EarlyStopping counter: 1 out of 10
{'epoch': 103, 'rec_avg_loss': '0.6461', 'rec_cur_loss': '0.6397'}
{'Epoch': 103, 'HIT@5': '0.3975', 'NDCG@5': '0.2553', 'HIT@10': '0.5732', 'NDCG@10': '0.3122', 'HIT@20': '0.7407', 'NDCG@20': '0.3548', 'MRR@5': '0.2510', 'MRR@10': '0.2510', 'MRR@20': '0.2510'}
EarlyStopping counter: 2 out of 10
{'epoch': 104, 'rec_avg_loss': '0.6440', 'rec_cur_loss': '0.6473'}
{'Epoch': 104, 'HIT@5': '0.3972', 'NDCG@5': '0.2564', 'HIT@10': '0.5780', 'NDCG@10': '0.3150', 'HIT@20': '0.7419', 'NDCG@20': '0.3565', 'MRR@5': '0.2529', 'MRR@10': '0.2529', 'MRR@20': '0.2529'}
Validation score increased.  Saving model ...
{'epoch': 105, 'rec_avg_loss': '0.6453', 'rec_cur_loss': '0.6560'}
{'Epoch': 105, 'HIT@5': '0.3871', 'NDCG@5': '0.2510', 'HIT@10': '0.5720', 'NDCG@10': '0.3108', 'HIT@20': '0.7411', 'NDCG@20': '0.3536', 'MRR@5': '0.2497', 'MRR@10': '0.2497', 'MRR@20': '0.2497'}
EarlyStopping counter: 1 out of 10
{'epoch': 106, 'rec_avg_loss': '0.6456', 'rec_cur_loss': '0.6296'}
{'Epoch': 106, 'HIT@5': '0.3944', 'NDCG@5': '0.2550', 'HIT@10': '0.5733', 'NDCG@10': '0.3131', 'HIT@20': '0.7399', 'NDCG@20': '0.3554', 'MRR@5': '0.2521', 'MRR@10': '0.2521', 'MRR@20': '0.2521'}
EarlyStopping counter: 2 out of 10
{'epoch': 107, 'rec_avg_loss': '0.6433', 'rec_cur_loss': '0.6490'}
{'Epoch': 107, 'HIT@5': '0.3916', 'NDCG@5': '0.2547', 'HIT@10': '0.5742', 'NDCG@10': '0.3140', 'HIT@20': '0.7407', 'NDCG@20': '0.3562', 'MRR@5': '0.2530', 'MRR@10': '0.2530', 'MRR@20': '0.2530'}
Validation score increased.  Saving model ...
{'epoch': 108, 'rec_avg_loss': '0.6443', 'rec_cur_loss': '0.6495'}
{'Epoch': 108, 'HIT@5': '0.3932', 'NDCG@5': '0.2549', 'HIT@10': '0.5720', 'NDCG@10': '0.3129', 'HIT@20': '0.7374', 'NDCG@20': '0.3549', 'MRR@5': '0.2523', 'MRR@10': '0.2523', 'MRR@20': '0.2523'}
EarlyStopping counter: 1 out of 10
{'epoch': 109, 'rec_avg_loss': '0.6441', 'rec_cur_loss': '0.6216'}
{'Epoch': 109, 'HIT@5': '0.3955', 'NDCG@5': '0.2542', 'HIT@10': '0.5745', 'NDCG@10': '0.3120', 'HIT@20': '0.7396', 'NDCG@20': '0.3539', 'MRR@5': '0.2503', 'MRR@10': '0.2503', 'MRR@20': '0.2503'}
EarlyStopping counter: 2 out of 10
{'epoch': 110, 'rec_avg_loss': '0.6437', 'rec_cur_loss': '0.6218'}
{'Epoch': 110, 'HIT@5': '0.4020', 'NDCG@5': '0.2605', 'HIT@10': '0.5778', 'NDCG@10': '0.3173', 'HIT@20': '0.7439', 'NDCG@20': '0.3594', 'MRR@5': '0.2560', 'MRR@10': '0.2560', 'MRR@20': '0.2560'}
Validation score increased.  Saving model ...
{'epoch': 111, 'rec_avg_loss': '0.6436', 'rec_cur_loss': '0.6499'}
{'Epoch': 111, 'HIT@5': '0.3980', 'NDCG@5': '0.2568', 'HIT@10': '0.5743', 'NDCG@10': '0.3138', 'HIT@20': '0.7421', 'NDCG@20': '0.3563', 'MRR@5': '0.2527', 'MRR@10': '0.2527', 'MRR@20': '0.2527'}
EarlyStopping counter: 1 out of 10
{'epoch': 112, 'rec_avg_loss': '0.6415', 'rec_cur_loss': '0.6363'}
{'Epoch': 112, 'HIT@5': '0.4015', 'NDCG@5': '0.2600', 'HIT@10': '0.5816', 'NDCG@10': '0.3183', 'HIT@20': '0.7462', 'NDCG@20': '0.3601', 'MRR@5': '0.2560', 'MRR@10': '0.2560', 'MRR@20': '0.2560'}
Validation score increased.  Saving model ...
{'epoch': 113, 'rec_avg_loss': '0.6433', 'rec_cur_loss': '0.6352'}
{'Epoch': 113, 'HIT@5': '0.4033', 'NDCG@5': '0.2604', 'HIT@10': '0.5818', 'NDCG@10': '0.3181', 'HIT@20': '0.7442', 'NDCG@20': '0.3593', 'MRR@5': '0.2556', 'MRR@10': '0.2556', 'MRR@20': '0.2556'}
EarlyStopping counter: 1 out of 10
{'epoch': 114, 'rec_avg_loss': '0.6422', 'rec_cur_loss': '0.6616'}
{'Epoch': 114, 'HIT@5': '0.3998', 'NDCG@5': '0.2589', 'HIT@10': '0.5803', 'NDCG@10': '0.3172', 'HIT@20': '0.7437', 'NDCG@20': '0.3586', 'MRR@5': '0.2550', 'MRR@10': '0.2550', 'MRR@20': '0.2550'}
EarlyStopping counter: 2 out of 10
{'epoch': 115, 'rec_avg_loss': '0.6427', 'rec_cur_loss': '0.6515'}
{'Epoch': 115, 'HIT@5': '0.4045', 'NDCG@5': '0.2614', 'HIT@10': '0.5828', 'NDCG@10': '0.3192', 'HIT@20': '0.7454', 'NDCG@20': '0.3605', 'MRR@5': '0.2567', 'MRR@10': '0.2567', 'MRR@20': '0.2567'}
Validation score increased.  Saving model ...
{'epoch': 116, 'rec_avg_loss': '0.6392', 'rec_cur_loss': '0.6366'}
{'Epoch': 116, 'HIT@5': '0.4003', 'NDCG@5': '0.2589', 'HIT@10': '0.5791', 'NDCG@10': '0.3168', 'HIT@20': '0.7422', 'NDCG@20': '0.3581', 'MRR@5': '0.2549', 'MRR@10': '0.2549', 'MRR@20': '0.2549'}
EarlyStopping counter: 1 out of 10
{'epoch': 117, 'rec_avg_loss': '0.6415', 'rec_cur_loss': '0.6232'}
{'Epoch': 117, 'HIT@5': '0.4025', 'NDCG@5': '0.2598', 'HIT@10': '0.5791', 'NDCG@10': '0.3169', 'HIT@20': '0.7435', 'NDCG@20': '0.3586', 'MRR@5': '0.2550', 'MRR@10': '0.2550', 'MRR@20': '0.2550'}
EarlyStopping counter: 2 out of 10
{'epoch': 118, 'rec_avg_loss': '0.6405', 'rec_cur_loss': '0.6611'}
{'Epoch': 118, 'HIT@5': '0.4076', 'NDCG@5': '0.2654', 'HIT@10': '0.5820', 'NDCG@10': '0.3218', 'HIT@20': '0.7439', 'NDCG@20': '0.3628', 'MRR@5': '0.2603', 'MRR@10': '0.2603', 'MRR@20': '0.2603'}
Validation score increased.  Saving model ...
{'epoch': 119, 'rec_avg_loss': '0.6388', 'rec_cur_loss': '0.6767'}
{'Epoch': 119, 'HIT@5': '0.4048', 'NDCG@5': '0.2612', 'HIT@10': '0.5790', 'NDCG@10': '0.3173', 'HIT@20': '0.7416', 'NDCG@20': '0.3586', 'MRR@5': '0.2556', 'MRR@10': '0.2556', 'MRR@20': '0.2556'}
EarlyStopping counter: 1 out of 10
{'epoch': 120, 'rec_avg_loss': '0.6391', 'rec_cur_loss': '0.6383'}
{'Epoch': 120, 'HIT@5': '0.4028', 'NDCG@5': '0.2603', 'HIT@10': '0.5831', 'NDCG@10': '0.3183', 'HIT@20': '0.7435', 'NDCG@20': '0.3590', 'MRR@5': '0.2556', 'MRR@10': '0.2556', 'MRR@20': '0.2556'}
EarlyStopping counter: 2 out of 10
{'epoch': 121, 'rec_avg_loss': '0.6400', 'rec_cur_loss': '0.6586'}
{'Epoch': 121, 'HIT@5': '0.4089', 'NDCG@5': '0.2653', 'HIT@10': '0.5854', 'NDCG@10': '0.3223', 'HIT@20': '0.7442', 'NDCG@20': '0.3627', 'MRR@5': '0.2599', 'MRR@10': '0.2599', 'MRR@20': '0.2599'}
EarlyStopping counter: 3 out of 10
{'epoch': 122, 'rec_avg_loss': '0.6381', 'rec_cur_loss': '0.6261'}
{'Epoch': 122, 'HIT@5': '0.4036', 'NDCG@5': '0.2619', 'HIT@10': '0.5815', 'NDCG@10': '0.3195', 'HIT@20': '0.7424', 'NDCG@20': '0.3603', 'MRR@5': '0.2575', 'MRR@10': '0.2575', 'MRR@20': '0.2575'}
EarlyStopping counter: 4 out of 10
{'epoch': 123, 'rec_avg_loss': '0.6374', 'rec_cur_loss': '0.6545'}
{'Epoch': 123, 'HIT@5': '0.4123', 'NDCG@5': '0.2679', 'HIT@10': '0.5868', 'NDCG@10': '0.3243', 'HIT@20': '0.7444', 'NDCG@20': '0.3643', 'MRR@5': '0.2618', 'MRR@10': '0.2618', 'MRR@20': '0.2618'}
Validation score increased.  Saving model ...
{'epoch': 124, 'rec_avg_loss': '0.6394', 'rec_cur_loss': '0.6773'}
{'Epoch': 124, 'HIT@5': '0.4056', 'NDCG@5': '0.2630', 'HIT@10': '0.5818', 'NDCG@10': '0.3200', 'HIT@20': '0.7432', 'NDCG@20': '0.3609', 'MRR@5': '0.2580', 'MRR@10': '0.2580', 'MRR@20': '0.2580'}
EarlyStopping counter: 1 out of 10
{'epoch': 125, 'rec_avg_loss': '0.6379', 'rec_cur_loss': '0.6369'}
{'Epoch': 125, 'HIT@5': '0.4060', 'NDCG@5': '0.2646', 'HIT@10': '0.5828', 'NDCG@10': '0.3219', 'HIT@20': '0.7434', 'NDCG@20': '0.3627', 'MRR@5': '0.2602', 'MRR@10': '0.2602', 'MRR@20': '0.2602'}
EarlyStopping counter: 2 out of 10
{'epoch': 126, 'rec_avg_loss': '0.6362', 'rec_cur_loss': '0.6354'}
{'Epoch': 126, 'HIT@5': '0.4073', 'NDCG@5': '0.2664', 'HIT@10': '0.5848', 'NDCG@10': '0.3239', 'HIT@20': '0.7450', 'NDCG@20': '0.3646', 'MRR@5': '0.2621', 'MRR@10': '0.2621', 'MRR@20': '0.2621'}
Validation score increased.  Saving model ...
{'epoch': 127, 'rec_avg_loss': '0.6364', 'rec_cur_loss': '0.6146'}
{'Epoch': 127, 'HIT@5': '0.4084', 'NDCG@5': '0.2659', 'HIT@10': '0.5873', 'NDCG@10': '0.3238', 'HIT@20': '0.7457', 'NDCG@20': '0.3640', 'MRR@5': '0.2611', 'MRR@10': '0.2611', 'MRR@20': '0.2611'}
EarlyStopping counter: 1 out of 10
{'epoch': 128, 'rec_avg_loss': '0.6344', 'rec_cur_loss': '0.6055'}
{'Epoch': 128, 'HIT@5': '0.4048', 'NDCG@5': '0.2641', 'HIT@10': '0.5863', 'NDCG@10': '0.3228', 'HIT@20': '0.7460', 'NDCG@20': '0.3633', 'MRR@5': '0.2602', 'MRR@10': '0.2602', 'MRR@20': '0.2602'}
EarlyStopping counter: 2 out of 10
{'epoch': 129, 'rec_avg_loss': '0.6359', 'rec_cur_loss': '0.6271'}
{'Epoch': 129, 'HIT@5': '0.4137', 'NDCG@5': '0.2697', 'HIT@10': '0.5897', 'NDCG@10': '0.3266', 'HIT@20': '0.7464', 'NDCG@20': '0.3664', 'MRR@5': '0.2638', 'MRR@10': '0.2638', 'MRR@20': '0.2638'}
Validation score increased.  Saving model ...
{'epoch': 130, 'rec_avg_loss': '0.6365', 'rec_cur_loss': '0.6437'}
{'Epoch': 130, 'HIT@5': '0.4084', 'NDCG@5': '0.2649', 'HIT@10': '0.5849', 'NDCG@10': '0.3220', 'HIT@20': '0.7435', 'NDCG@20': '0.3623', 'MRR@5': '0.2596', 'MRR@10': '0.2596', 'MRR@20': '0.2596'}
EarlyStopping counter: 1 out of 10
{'epoch': 131, 'rec_avg_loss': '0.6360', 'rec_cur_loss': '0.6036'}
{'Epoch': 131, 'HIT@5': '0.4139', 'NDCG@5': '0.2690', 'HIT@10': '0.5909', 'NDCG@10': '0.3263', 'HIT@20': '0.7469', 'NDCG@20': '0.3658', 'MRR@5': '0.2628', 'MRR@10': '0.2628', 'MRR@20': '0.2628'}
EarlyStopping counter: 2 out of 10
{'epoch': 132, 'rec_avg_loss': '0.6343', 'rec_cur_loss': '0.6604'}
{'Epoch': 132, 'HIT@5': '0.4123', 'NDCG@5': '0.2679', 'HIT@10': '0.5871', 'NDCG@10': '0.3244', 'HIT@20': '0.7454', 'NDCG@20': '0.3645', 'MRR@5': '0.2617', 'MRR@10': '0.2617', 'MRR@20': '0.2617'}
EarlyStopping counter: 3 out of 10
{'epoch': 133, 'rec_avg_loss': '0.6333', 'rec_cur_loss': '0.6228'}
{'Epoch': 133, 'HIT@5': '0.4099', 'NDCG@5': '0.2675', 'HIT@10': '0.5864', 'NDCG@10': '0.3246', 'HIT@20': '0.7455', 'NDCG@20': '0.3650', 'MRR@5': '0.2624', 'MRR@10': '0.2624', 'MRR@20': '0.2624'}
EarlyStopping counter: 4 out of 10
{'epoch': 134, 'rec_avg_loss': '0.6341', 'rec_cur_loss': '0.6403'}
{'Epoch': 134, 'HIT@5': '0.4071', 'NDCG@5': '0.2644', 'HIT@10': '0.5831', 'NDCG@10': '0.3214', 'HIT@20': '0.7432', 'NDCG@20': '0.3621', 'MRR@5': '0.2594', 'MRR@10': '0.2594', 'MRR@20': '0.2594'}
EarlyStopping counter: 5 out of 10
{'epoch': 135, 'rec_avg_loss': '0.6344', 'rec_cur_loss': '0.6211'}
{'Epoch': 135, 'HIT@5': '0.4058', 'NDCG@5': '0.2648', 'HIT@10': '0.5816', 'NDCG@10': '0.3218', 'HIT@20': '0.7459', 'NDCG@20': '0.3636', 'MRR@5': '0.2606', 'MRR@10': '0.2606', 'MRR@20': '0.2606'}
EarlyStopping counter: 6 out of 10
{'epoch': 136, 'rec_avg_loss': '0.6334', 'rec_cur_loss': '0.6435'}
{'Epoch': 136, 'HIT@5': '0.4111', 'NDCG@5': '0.2664', 'HIT@10': '0.5859', 'NDCG@10': '0.3229', 'HIT@20': '0.7427', 'NDCG@20': '0.3628', 'MRR@5': '0.2604', 'MRR@10': '0.2604', 'MRR@20': '0.2604'}
EarlyStopping counter: 7 out of 10
{'epoch': 137, 'rec_avg_loss': '0.6340', 'rec_cur_loss': '0.6322'}
{'Epoch': 137, 'HIT@5': '0.4157', 'NDCG@5': '0.2705', 'HIT@10': '0.5896', 'NDCG@10': '0.3267', 'HIT@20': '0.7460', 'NDCG@20': '0.3664', 'MRR@5': '0.2639', 'MRR@10': '0.2639', 'MRR@20': '0.2639'}
Validation score increased.  Saving model ...
{'epoch': 138, 'rec_avg_loss': '0.6323', 'rec_cur_loss': '0.6105'}
{'Epoch': 138, 'HIT@5': '0.4171', 'NDCG@5': '0.2713', 'HIT@10': '0.5924', 'NDCG@10': '0.3279', 'HIT@20': '0.7465', 'NDCG@20': '0.3670', 'MRR@5': '0.2645', 'MRR@10': '0.2645', 'MRR@20': '0.2645'}
Validation score increased.  Saving model ...
{'epoch': 139, 'rec_avg_loss': '0.6326', 'rec_cur_loss': '0.6463'}
{'Epoch': 139, 'HIT@5': '0.4126', 'NDCG@5': '0.2691', 'HIT@10': '0.5887', 'NDCG@10': '0.3261', 'HIT@20': '0.7462', 'NDCG@20': '0.3661', 'MRR@5': '0.2635', 'MRR@10': '0.2635', 'MRR@20': '0.2635'}
EarlyStopping counter: 1 out of 10
{'epoch': 140, 'rec_avg_loss': '0.6332', 'rec_cur_loss': '0.6373'}
{'Epoch': 140, 'HIT@5': '0.4137', 'NDCG@5': '0.2690', 'HIT@10': '0.5896', 'NDCG@10': '0.3259', 'HIT@20': '0.7474', 'NDCG@20': '0.3659', 'MRR@5': '0.2629', 'MRR@10': '0.2629', 'MRR@20': '0.2629'}
EarlyStopping counter: 2 out of 10
{'epoch': 141, 'rec_avg_loss': '0.6309', 'rec_cur_loss': '0.6645'}
{'Epoch': 141, 'HIT@5': '0.4136', 'NDCG@5': '0.2700', 'HIT@10': '0.5877', 'NDCG@10': '0.3265', 'HIT@20': '0.7492', 'NDCG@20': '0.3674', 'MRR@5': '0.2643', 'MRR@10': '0.2643', 'MRR@20': '0.2643'}
EarlyStopping counter: 3 out of 10
{'epoch': 142, 'rec_avg_loss': '0.6309', 'rec_cur_loss': '0.6121'}
{'Epoch': 142, 'HIT@5': '0.4159', 'NDCG@5': '0.2717', 'HIT@10': '0.5911', 'NDCG@10': '0.3285', 'HIT@20': '0.7483', 'NDCG@20': '0.3684', 'MRR@5': '0.2656', 'MRR@10': '0.2656', 'MRR@20': '0.2656'}
Validation score increased.  Saving model ...
{'epoch': 143, 'rec_avg_loss': '0.6301', 'rec_cur_loss': '0.6130'}
{'Epoch': 143, 'HIT@5': '0.4139', 'NDCG@5': '0.2711', 'HIT@10': '0.5909', 'NDCG@10': '0.3285', 'HIT@20': '0.7498', 'NDCG@20': '0.3689', 'MRR@5': '0.2659', 'MRR@10': '0.2659', 'MRR@20': '0.2659'}
Validation score increased.  Saving model ...
{'epoch': 144, 'rec_avg_loss': '0.6292', 'rec_cur_loss': '0.6310'}
{'Epoch': 144, 'HIT@5': '0.4136', 'NDCG@5': '0.2705', 'HIT@10': '0.5914', 'NDCG@10': '0.3280', 'HIT@20': '0.7470', 'NDCG@20': '0.3674', 'MRR@5': '0.2649', 'MRR@10': '0.2649', 'MRR@20': '0.2649'}
EarlyStopping counter: 1 out of 10
{'epoch': 145, 'rec_avg_loss': '0.6291', 'rec_cur_loss': '0.6063'}
{'Epoch': 145, 'HIT@5': '0.4118', 'NDCG@5': '0.2694', 'HIT@10': '0.5911', 'NDCG@10': '0.3276', 'HIT@20': '0.7488', 'NDCG@20': '0.3677', 'MRR@5': '0.2646', 'MRR@10': '0.2646', 'MRR@20': '0.2646'}
EarlyStopping counter: 2 out of 10
{'epoch': 146, 'rec_avg_loss': '0.6287', 'rec_cur_loss': '0.6139'}
{'Epoch': 146, 'HIT@5': '0.4134', 'NDCG@5': '0.2703', 'HIT@10': '0.5887', 'NDCG@10': '0.3272', 'HIT@20': '0.7498', 'NDCG@20': '0.3681', 'MRR@5': '0.2648', 'MRR@10': '0.2648', 'MRR@20': '0.2648'}
EarlyStopping counter: 3 out of 10
{'epoch': 147, 'rec_avg_loss': '0.6311', 'rec_cur_loss': '0.6057'}
{'Epoch': 147, 'HIT@5': '0.4116', 'NDCG@5': '0.2684', 'HIT@10': '0.5886', 'NDCG@10': '0.3257', 'HIT@20': '0.7483', 'NDCG@20': '0.3663', 'MRR@5': '0.2631', 'MRR@10': '0.2631', 'MRR@20': '0.2631'}
EarlyStopping counter: 4 out of 10
{'epoch': 148, 'rec_avg_loss': '0.6300', 'rec_cur_loss': '0.6172'}
{'Epoch': 148, 'HIT@5': '0.4167', 'NDCG@5': '0.2724', 'HIT@10': '0.5939', 'NDCG@10': '0.3297', 'HIT@20': '0.7503', 'NDCG@20': '0.3694', 'MRR@5': '0.2664', 'MRR@10': '0.2664', 'MRR@20': '0.2664'}
Validation score increased.  Saving model ...
{'epoch': 149, 'rec_avg_loss': '0.6291', 'rec_cur_loss': '0.6303'}
{'Epoch': 149, 'HIT@5': '0.4219', 'NDCG@5': '0.2775', 'HIT@10': '0.5967', 'NDCG@10': '0.3342', 'HIT@20': '0.7535', 'NDCG@20': '0.3740', 'MRR@5': '0.2712', 'MRR@10': '0.2712', 'MRR@20': '0.2712'}
Validation score increased.  Saving model ...
{'epoch': 150, 'rec_avg_loss': '0.6295', 'rec_cur_loss': '0.6210'}
{'Epoch': 150, 'HIT@5': '0.4189', 'NDCG@5': '0.2735', 'HIT@10': '0.5927', 'NDCG@10': '0.3298', 'HIT@20': '0.7497', 'NDCG@20': '0.3697', 'MRR@5': '0.2669', 'MRR@10': '0.2669', 'MRR@20': '0.2669'}
EarlyStopping counter: 1 out of 10
{'epoch': 151, 'rec_avg_loss': '0.6292', 'rec_cur_loss': '0.6219'}
{'Epoch': 151, 'HIT@5': '0.4207', 'NDCG@5': '0.2755', 'HIT@10': '0.5932', 'NDCG@10': '0.3313', 'HIT@20': '0.7497', 'NDCG@20': '0.3711', 'MRR@5': '0.2687', 'MRR@10': '0.2687', 'MRR@20': '0.2687'}
EarlyStopping counter: 2 out of 10
{'epoch': 152, 'rec_avg_loss': '0.6285', 'rec_cur_loss': '0.6313'}
{'Epoch': 152, 'HIT@5': '0.4171', 'NDCG@5': '0.2719', 'HIT@10': '0.5917', 'NDCG@10': '0.3284', 'HIT@20': '0.7492', 'NDCG@20': '0.3684', 'MRR@5': '0.2654', 'MRR@10': '0.2654', 'MRR@20': '0.2654'}
EarlyStopping counter: 3 out of 10
{'epoch': 153, 'rec_avg_loss': '0.6273', 'rec_cur_loss': '0.6092'}
{'Epoch': 153, 'HIT@5': '0.4190', 'NDCG@5': '0.2732', 'HIT@10': '0.5922', 'NDCG@10': '0.3291', 'HIT@20': '0.7497', 'NDCG@20': '0.3691', 'MRR@5': '0.2662', 'MRR@10': '0.2662', 'MRR@20': '0.2662'}
EarlyStopping counter: 4 out of 10
{'epoch': 154, 'rec_avg_loss': '0.6282', 'rec_cur_loss': '0.6268'}
{'Epoch': 154, 'HIT@5': '0.4185', 'NDCG@5': '0.2750', 'HIT@10': '0.5907', 'NDCG@10': '0.3308', 'HIT@20': '0.7513', 'NDCG@20': '0.3717', 'MRR@5': '0.2690', 'MRR@10': '0.2690', 'MRR@20': '0.2690'}
EarlyStopping counter: 5 out of 10
{'epoch': 155, 'rec_avg_loss': '0.6288', 'rec_cur_loss': '0.6365'}
{'Epoch': 155, 'HIT@5': '0.4159', 'NDCG@5': '0.2721', 'HIT@10': '0.5917', 'NDCG@10': '0.3292', 'HIT@20': '0.7510', 'NDCG@20': '0.3696', 'MRR@5': '0.2664', 'MRR@10': '0.2664', 'MRR@20': '0.2664'}
EarlyStopping counter: 6 out of 10
{'epoch': 156, 'rec_avg_loss': '0.6282', 'rec_cur_loss': '0.6346'}
{'Epoch': 156, 'HIT@5': '0.4179', 'NDCG@5': '0.2722', 'HIT@10': '0.5922', 'NDCG@10': '0.3286', 'HIT@20': '0.7493', 'NDCG@20': '0.3686', 'MRR@5': '0.2655', 'MRR@10': '0.2655', 'MRR@20': '0.2655'}
EarlyStopping counter: 7 out of 10
{'epoch': 157, 'rec_avg_loss': '0.6255', 'rec_cur_loss': '0.6154'}
{'Epoch': 157, 'HIT@5': '0.4215', 'NDCG@5': '0.2767', 'HIT@10': '0.5982', 'NDCG@10': '0.3338', 'HIT@20': '0.7503', 'NDCG@20': '0.3724', 'MRR@5': '0.2701', 'MRR@10': '0.2701', 'MRR@20': '0.2701'}
EarlyStopping counter: 8 out of 10
{'epoch': 158, 'rec_avg_loss': '0.6271', 'rec_cur_loss': '0.6137'}
{'Epoch': 158, 'HIT@5': '0.4137', 'NDCG@5': '0.2718', 'HIT@10': '0.5911', 'NDCG@10': '0.3293', 'HIT@20': '0.7477', 'NDCG@20': '0.3691', 'MRR@5': '0.2669', 'MRR@10': '0.2669', 'MRR@20': '0.2669'}
EarlyStopping counter: 9 out of 10
{'epoch': 159, 'rec_avg_loss': '0.6270', 'rec_cur_loss': '0.6233'}
{'Epoch': 159, 'HIT@5': '0.4202', 'NDCG@5': '0.2762', 'HIT@10': '0.5980', 'NDCG@10': '0.3340', 'HIT@20': '0.7500', 'NDCG@20': '0.3726', 'MRR@5': '0.2703', 'MRR@10': '0.2703', 'MRR@20': '0.2703'}
EarlyStopping counter: 10 out of 10
Early stopping
---------------Sample 99 results-------------------
{'Epoch': 0, 'HIT@5': '0.3929', 'NDCG@5': '0.2572', 'HIT@10': '0.5682', 'NDCG@10': '0.3138', 'HIT@20': '0.7230', 'NDCG@20': '0.3532', 'MRR@5': '0.2542', 'MRR@10': '0.2542', 'MRR@20': '0.2542'}
Finetune_sample-ml-1m-130
{'Epoch': 0, 'HIT@5': '0.3929', 'NDCG@5': '0.2572', 'HIT@10': '0.5682', 'NDCG@10': '0.3138', 'HIT@20': '0.7230', 'NDCG@20': '0.3532', 'MRR@5': '0.2542', 'MRR@10': '0.2542', 'MRR@20': '0.2542'}
