Namespace(adam_beta1=0.9, adam_beta2=0.999, attention_probs_dropout_prob=0.2, batch_size=128, ckp=120, cuda_condition=True, data_dir='./data/', data_file='./data/ml-1m.txt', data_name='ml-1m', do_eval=False, epochs=300, gpu_id='0', hidden_act='gelu', hidden_dropout_prob=0.2, hidden_size=64, initializer_range=0.02, item_size=3418, log_file='output/Finetune_sample-ml-1m-120-pop.txt', log_freq=1, lr=0.001, mask_id=3417, max_seq_length=50, model_name='Finetune_sample', no_cuda=False, num_attention_heads=1, num_hidden_layers=2, output_dir='output/', sample_file='./data/ml-1m_sample.txt', seed=42, weight_decay=0.0)
Total Parameters: 338688
Load Checkpoint From output/ml-1m-epochs-120-pop.pt!
{'epoch': 0, 'rec_avg_loss': '0.7704', 'rec_cur_loss': '0.7343'}
{'Epoch': 0, 'HIT@5': '0.3038', 'NDCG@5': '0.1880', 'HIT@10': '0.4834', 'NDCG@10': '0.2460', 'HIT@20': '0.6755', 'NDCG@20': '0.2945', 'MRR@5': '0.1962', 'MRR@10': '0.1962', 'MRR@20': '0.1962'}
Validation score increased.  Saving model ...
{'epoch': 1, 'rec_avg_loss': '0.6582', 'rec_cur_loss': '0.6131'}
{'Epoch': 1, 'HIT@5': '0.3460', 'NDCG@5': '0.2160', 'HIT@10': '0.5217', 'NDCG@10': '0.2726', 'HIT@20': '0.7098', 'NDCG@20': '0.3202', 'MRR@5': '0.2176', 'MRR@10': '0.2176', 'MRR@20': '0.2176'}
Validation score increased.  Saving model ...
{'epoch': 2, 'rec_avg_loss': '0.6294', 'rec_cur_loss': '0.6726'}
{'Epoch': 2, 'HIT@5': '0.3654', 'NDCG@5': '0.2310', 'HIT@10': '0.5474', 'NDCG@10': '0.2897', 'HIT@20': '0.7247', 'NDCG@20': '0.3349', 'MRR@5': '0.2311', 'MRR@10': '0.2311', 'MRR@20': '0.2311'}
Validation score increased.  Saving model ...
{'epoch': 3, 'rec_avg_loss': '0.6130', 'rec_cur_loss': '0.6045'}
{'Epoch': 3, 'HIT@5': '0.3838', 'NDCG@5': '0.2429', 'HIT@10': '0.5669', 'NDCG@10': '0.3022', 'HIT@20': '0.7343', 'NDCG@20': '0.3447', 'MRR@5': '0.2402', 'MRR@10': '0.2402', 'MRR@20': '0.2402'}
Validation score increased.  Saving model ...
{'epoch': 4, 'rec_avg_loss': '0.6001', 'rec_cur_loss': '0.5934'}
{'Epoch': 4, 'HIT@5': '0.3884', 'NDCG@5': '0.2491', 'HIT@10': '0.5780', 'NDCG@10': '0.3105', 'HIT@20': '0.7422', 'NDCG@20': '0.3522', 'MRR@5': '0.2473', 'MRR@10': '0.2473', 'MRR@20': '0.2473'}
Validation score increased.  Saving model ...
{'epoch': 5, 'rec_avg_loss': '0.5881', 'rec_cur_loss': '0.5506'}
{'Epoch': 5, 'HIT@5': '0.3980', 'NDCG@5': '0.2558', 'HIT@10': '0.5863', 'NDCG@10': '0.3167', 'HIT@20': '0.7467', 'NDCG@20': '0.3576', 'MRR@5': '0.2524', 'MRR@10': '0.2524', 'MRR@20': '0.2524'}
Validation score increased.  Saving model ...
{'epoch': 6, 'rec_avg_loss': '0.5822', 'rec_cur_loss': '0.6334'}
{'Epoch': 6, 'HIT@5': '0.4050', 'NDCG@5': '0.2613', 'HIT@10': '0.5876', 'NDCG@10': '0.3205', 'HIT@20': '0.7493', 'NDCG@20': '0.3618', 'MRR@5': '0.2569', 'MRR@10': '0.2569', 'MRR@20': '0.2569'}
Validation score increased.  Saving model ...
{'epoch': 7, 'rec_avg_loss': '0.5793', 'rec_cur_loss': '0.5491'}
{'Epoch': 7, 'HIT@5': '0.4192', 'NDCG@5': '0.2708', 'HIT@10': '0.5985', 'NDCG@10': '0.3290', 'HIT@20': '0.7520', 'NDCG@20': '0.3681', 'MRR@5': '0.2639', 'MRR@10': '0.2639', 'MRR@20': '0.2639'}
Validation score increased.  Saving model ...
{'epoch': 8, 'rec_avg_loss': '0.5755', 'rec_cur_loss': '0.6300'}
{'Epoch': 8, 'HIT@5': '0.4252', 'NDCG@5': '0.2763', 'HIT@10': '0.6066', 'NDCG@10': '0.3350', 'HIT@20': '0.7543', 'NDCG@20': '0.3727', 'MRR@5': '0.2687', 'MRR@10': '0.2687', 'MRR@20': '0.2687'}
Validation score increased.  Saving model ...
{'epoch': 9, 'rec_avg_loss': '0.5677', 'rec_cur_loss': '0.5675'}
{'Epoch': 9, 'HIT@5': '0.4283', 'NDCG@5': '0.2785', 'HIT@10': '0.6098', 'NDCG@10': '0.3376', 'HIT@20': '0.7584', 'NDCG@20': '0.3754', 'MRR@5': '0.2709', 'MRR@10': '0.2709', 'MRR@20': '0.2709'}
Validation score increased.  Saving model ...
{'epoch': 10, 'rec_avg_loss': '0.5642', 'rec_cur_loss': '0.5481'}
{'Epoch': 10, 'HIT@5': '0.4321', 'NDCG@5': '0.2806', 'HIT@10': '0.6147', 'NDCG@10': '0.3398', 'HIT@20': '0.7619', 'NDCG@20': '0.3772', 'MRR@5': '0.2721', 'MRR@10': '0.2721', 'MRR@20': '0.2721'}
Validation score increased.  Saving model ...
{'epoch': 11, 'rec_avg_loss': '0.5611', 'rec_cur_loss': '0.5862'}
{'Epoch': 11, 'HIT@5': '0.4389', 'NDCG@5': '0.2869', 'HIT@10': '0.6187', 'NDCG@10': '0.3453', 'HIT@20': '0.7603', 'NDCG@20': '0.3813', 'MRR@5': '0.2776', 'MRR@10': '0.2776', 'MRR@20': '0.2776'}
Validation score increased.  Saving model ...
{'epoch': 12, 'rec_avg_loss': '0.5563', 'rec_cur_loss': '0.5114'}
{'Epoch': 12, 'HIT@5': '0.4358', 'NDCG@5': '0.2841', 'HIT@10': '0.6134', 'NDCG@10': '0.3416', 'HIT@20': '0.7606', 'NDCG@20': '0.3791', 'MRR@5': '0.2749', 'MRR@10': '0.2749', 'MRR@20': '0.2749'}
EarlyStopping counter: 1 out of 10
{'epoch': 13, 'rec_avg_loss': '0.5568', 'rec_cur_loss': '0.5874'}
{'Epoch': 13, 'HIT@5': '0.4472', 'NDCG@5': '0.2900', 'HIT@10': '0.6187', 'NDCG@10': '0.3456', 'HIT@20': '0.7661', 'NDCG@20': '0.3831', 'MRR@5': '0.2781', 'MRR@10': '0.2781', 'MRR@20': '0.2781'}
Validation score increased.  Saving model ...
{'epoch': 14, 'rec_avg_loss': '0.5541', 'rec_cur_loss': '0.6043'}
{'Epoch': 14, 'HIT@5': '0.4455', 'NDCG@5': '0.2915', 'HIT@10': '0.6179', 'NDCG@10': '0.3473', 'HIT@20': '0.7656', 'NDCG@20': '0.3849', 'MRR@5': '0.2806', 'MRR@10': '0.2806', 'MRR@20': '0.2806'}
Validation score increased.  Saving model ...
{'epoch': 15, 'rec_avg_loss': '0.5473', 'rec_cur_loss': '0.5145'}
{'Epoch': 15, 'HIT@5': '0.4440', 'NDCG@5': '0.2908', 'HIT@10': '0.6197', 'NDCG@10': '0.3476', 'HIT@20': '0.7664', 'NDCG@20': '0.3849', 'MRR@5': '0.2805', 'MRR@10': '0.2805', 'MRR@20': '0.2805'}
EarlyStopping counter: 1 out of 10
{'epoch': 16, 'rec_avg_loss': '0.5477', 'rec_cur_loss': '0.5483'}
{'Epoch': 16, 'HIT@5': '0.4548', 'NDCG@5': '0.3004', 'HIT@10': '0.6288', 'NDCG@10': '0.3568', 'HIT@20': '0.7692', 'NDCG@20': '0.3925', 'MRR@5': '0.2890', 'MRR@10': '0.2890', 'MRR@20': '0.2890'}
Validation score increased.  Saving model ...
{'epoch': 17, 'rec_avg_loss': '0.5468', 'rec_cur_loss': '0.5777'}
{'Epoch': 17, 'HIT@5': '0.4550', 'NDCG@5': '0.3010', 'HIT@10': '0.6290', 'NDCG@10': '0.3575', 'HIT@20': '0.7727', 'NDCG@20': '0.3941', 'MRR@5': '0.2900', 'MRR@10': '0.2900', 'MRR@20': '0.2900'}
Validation score increased.  Saving model ...
{'epoch': 18, 'rec_avg_loss': '0.5416', 'rec_cur_loss': '0.4264'}
{'Epoch': 18, 'HIT@5': '0.4459', 'NDCG@5': '0.2945', 'HIT@10': '0.6247', 'NDCG@10': '0.3526', 'HIT@20': '0.7675', 'NDCG@20': '0.3890', 'MRR@5': '0.2852', 'MRR@10': '0.2852', 'MRR@20': '0.2852'}
EarlyStopping counter: 1 out of 10
{'epoch': 19, 'rec_avg_loss': '0.5416', 'rec_cur_loss': '0.5504'}
{'Epoch': 19, 'HIT@5': '0.4536', 'NDCG@5': '0.2999', 'HIT@10': '0.6293', 'NDCG@10': '0.3567', 'HIT@20': '0.7692', 'NDCG@20': '0.3923', 'MRR@5': '0.2888', 'MRR@10': '0.2888', 'MRR@20': '0.2888'}
EarlyStopping counter: 2 out of 10
{'epoch': 20, 'rec_avg_loss': '0.5381', 'rec_cur_loss': '0.5126'}
{'Epoch': 20, 'HIT@5': '0.4599', 'NDCG@5': '0.3040', 'HIT@10': '0.6301', 'NDCG@10': '0.3592', 'HIT@20': '0.7727', 'NDCG@20': '0.3955', 'MRR@5': '0.2916', 'MRR@10': '0.2916', 'MRR@20': '0.2916'}
Validation score increased.  Saving model ...
{'epoch': 21, 'rec_avg_loss': '0.5375', 'rec_cur_loss': '0.5219'}
{'Epoch': 21, 'HIT@5': '0.4566', 'NDCG@5': '0.3006', 'HIT@10': '0.6351', 'NDCG@10': '0.3585', 'HIT@20': '0.7742', 'NDCG@20': '0.3938', 'MRR@5': '0.2890', 'MRR@10': '0.2890', 'MRR@20': '0.2890'}
EarlyStopping counter: 1 out of 10
{'epoch': 22, 'rec_avg_loss': '0.5364', 'rec_cur_loss': '0.6386'}
{'Epoch': 22, 'HIT@5': '0.4636', 'NDCG@5': '0.3050', 'HIT@10': '0.6364', 'NDCG@10': '0.3610', 'HIT@20': '0.7727', 'NDCG@20': '0.3955', 'MRR@5': '0.2916', 'MRR@10': '0.2916', 'MRR@20': '0.2916'}
EarlyStopping counter: 2 out of 10
{'epoch': 23, 'rec_avg_loss': '0.5331', 'rec_cur_loss': '0.5051'}
{'Epoch': 23, 'HIT@5': '0.4619', 'NDCG@5': '0.3044', 'HIT@10': '0.6336', 'NDCG@10': '0.3600', 'HIT@20': '0.7752', 'NDCG@20': '0.3959', 'MRR@5': '0.2914', 'MRR@10': '0.2914', 'MRR@20': '0.2914'}
EarlyStopping counter: 3 out of 10
{'epoch': 24, 'rec_avg_loss': '0.5329', 'rec_cur_loss': '0.5435'}
{'Epoch': 24, 'HIT@5': '0.4687', 'NDCG@5': '0.3118', 'HIT@10': '0.6382', 'NDCG@10': '0.3669', 'HIT@20': '0.7753', 'NDCG@20': '0.4017', 'MRR@5': '0.2987', 'MRR@10': '0.2987', 'MRR@20': '0.2987'}
Validation score increased.  Saving model ...
{'epoch': 25, 'rec_avg_loss': '0.5314', 'rec_cur_loss': '0.5615'}
{'Epoch': 25, 'HIT@5': '0.4738', 'NDCG@5': '0.3146', 'HIT@10': '0.6394', 'NDCG@10': '0.3685', 'HIT@20': '0.7760', 'NDCG@20': '0.4033', 'MRR@5': '0.3002', 'MRR@10': '0.3002', 'MRR@20': '0.3002'}
Validation score increased.  Saving model ...
{'epoch': 26, 'rec_avg_loss': '0.5273', 'rec_cur_loss': '0.4564'}
{'Epoch': 26, 'HIT@5': '0.4694', 'NDCG@5': '0.3121', 'HIT@10': '0.6404', 'NDCG@10': '0.3676', 'HIT@20': '0.7767', 'NDCG@20': '0.4022', 'MRR@5': '0.2988', 'MRR@10': '0.2988', 'MRR@20': '0.2988'}
EarlyStopping counter: 1 out of 10
{'epoch': 27, 'rec_avg_loss': '0.5267', 'rec_cur_loss': '0.5179'}
{'Epoch': 27, 'HIT@5': '0.4702', 'NDCG@5': '0.3124', 'HIT@10': '0.6374', 'NDCG@10': '0.3668', 'HIT@20': '0.7770', 'NDCG@20': '0.4023', 'MRR@5': '0.2989', 'MRR@10': '0.2989', 'MRR@20': '0.2989'}
EarlyStopping counter: 2 out of 10
{'epoch': 28, 'rec_avg_loss': '0.5249', 'rec_cur_loss': '0.5054'}
{'Epoch': 28, 'HIT@5': '0.4755', 'NDCG@5': '0.3157', 'HIT@10': '0.6419', 'NDCG@10': '0.3698', 'HIT@20': '0.7767', 'NDCG@20': '0.4041', 'MRR@5': '0.3012', 'MRR@10': '0.3012', 'MRR@20': '0.3012'}
Validation score increased.  Saving model ...
{'epoch': 29, 'rec_avg_loss': '0.5203', 'rec_cur_loss': '0.4945'}
{'Epoch': 29, 'HIT@5': '0.4733', 'NDCG@5': '0.3169', 'HIT@10': '0.6396', 'NDCG@10': '0.3709', 'HIT@20': '0.7770', 'NDCG@20': '0.4058', 'MRR@5': '0.3034', 'MRR@10': '0.3034', 'MRR@20': '0.3034'}
Validation score increased.  Saving model ...
{'epoch': 30, 'rec_avg_loss': '0.5228', 'rec_cur_loss': '0.5288'}
{'Epoch': 30, 'HIT@5': '0.4743', 'NDCG@5': '0.3167', 'HIT@10': '0.6417', 'NDCG@10': '0.3713', 'HIT@20': '0.7783', 'NDCG@20': '0.4060', 'MRR@5': '0.3031', 'MRR@10': '0.3031', 'MRR@20': '0.3031'}
EarlyStopping counter: 1 out of 10
{'epoch': 31, 'rec_avg_loss': '0.5234', 'rec_cur_loss': '0.5690'}
{'Epoch': 31, 'HIT@5': '0.4808', 'NDCG@5': '0.3201', 'HIT@10': '0.6455', 'NDCG@10': '0.3736', 'HIT@20': '0.7810', 'NDCG@20': '0.4081', 'MRR@5': '0.3048', 'MRR@10': '0.3048', 'MRR@20': '0.3048'}
Validation score increased.  Saving model ...
{'epoch': 32, 'rec_avg_loss': '0.5190', 'rec_cur_loss': '0.4508'}
{'Epoch': 32, 'HIT@5': '0.4773', 'NDCG@5': '0.3172', 'HIT@10': '0.6416', 'NDCG@10': '0.3707', 'HIT@20': '0.7785', 'NDCG@20': '0.4055', 'MRR@5': '0.3024', 'MRR@10': '0.3024', 'MRR@20': '0.3024'}
EarlyStopping counter: 1 out of 10
{'epoch': 33, 'rec_avg_loss': '0.5195', 'rec_cur_loss': '0.5322'}
{'Epoch': 33, 'HIT@5': '0.4849', 'NDCG@5': '0.3228', 'HIT@10': '0.6437', 'NDCG@10': '0.3743', 'HIT@20': '0.7791', 'NDCG@20': '0.4087', 'MRR@5': '0.3062', 'MRR@10': '0.3062', 'MRR@20': '0.3062'}
Validation score increased.  Saving model ...
{'epoch': 34, 'rec_avg_loss': '0.5175', 'rec_cur_loss': '0.5009'}
{'Epoch': 34, 'HIT@5': '0.4856', 'NDCG@5': '0.3241', 'HIT@10': '0.6498', 'NDCG@10': '0.3773', 'HIT@20': '0.7798', 'NDCG@20': '0.4103', 'MRR@5': '0.3080', 'MRR@10': '0.3080', 'MRR@20': '0.3080'}
Validation score increased.  Saving model ...
{'epoch': 35, 'rec_avg_loss': '0.5146', 'rec_cur_loss': '0.5119'}
{'Epoch': 35, 'HIT@5': '0.4849', 'NDCG@5': '0.3214', 'HIT@10': '0.6455', 'NDCG@10': '0.3735', 'HIT@20': '0.7790', 'NDCG@20': '0.4075', 'MRR@5': '0.3046', 'MRR@10': '0.3046', 'MRR@20': '0.3046'}
EarlyStopping counter: 1 out of 10
{'epoch': 36, 'rec_avg_loss': '0.5169', 'rec_cur_loss': '0.4753'}
{'Epoch': 36, 'HIT@5': '0.4843', 'NDCG@5': '0.3236', 'HIT@10': '0.6470', 'NDCG@10': '0.3764', 'HIT@20': '0.7800', 'NDCG@20': '0.4102', 'MRR@5': '0.3079', 'MRR@10': '0.3079', 'MRR@20': '0.3079'}
EarlyStopping counter: 2 out of 10
{'epoch': 37, 'rec_avg_loss': '0.5158', 'rec_cur_loss': '0.5626'}
{'Epoch': 37, 'HIT@5': '0.4881', 'NDCG@5': '0.3256', 'HIT@10': '0.6498', 'NDCG@10': '0.3782', 'HIT@20': '0.7810', 'NDCG@20': '0.4116', 'MRR@5': '0.3091', 'MRR@10': '0.3091', 'MRR@20': '0.3091'}
Validation score increased.  Saving model ...
{'epoch': 38, 'rec_avg_loss': '0.5120', 'rec_cur_loss': '0.4435'}
{'Epoch': 38, 'HIT@5': '0.4810', 'NDCG@5': '0.3197', 'HIT@10': '0.6457', 'NDCG@10': '0.3733', 'HIT@20': '0.7808', 'NDCG@20': '0.4077', 'MRR@5': '0.3043', 'MRR@10': '0.3043', 'MRR@20': '0.3043'}
EarlyStopping counter: 1 out of 10
{'epoch': 39, 'rec_avg_loss': '0.5136', 'rec_cur_loss': '0.4999'}
{'Epoch': 39, 'HIT@5': '0.4861', 'NDCG@5': '0.3240', 'HIT@10': '0.6502', 'NDCG@10': '0.3774', 'HIT@20': '0.7778', 'NDCG@20': '0.4099', 'MRR@5': '0.3078', 'MRR@10': '0.3078', 'MRR@20': '0.3078'}
EarlyStopping counter: 2 out of 10
{'epoch': 40, 'rec_avg_loss': '0.5102', 'rec_cur_loss': '0.4868'}
{'Epoch': 40, 'HIT@5': '0.4879', 'NDCG@5': '0.3241', 'HIT@10': '0.6495', 'NDCG@10': '0.3764', 'HIT@20': '0.7803', 'NDCG@20': '0.4096', 'MRR@5': '0.3069', 'MRR@10': '0.3069', 'MRR@20': '0.3069'}
EarlyStopping counter: 3 out of 10
{'epoch': 41, 'rec_avg_loss': '0.5079', 'rec_cur_loss': '0.4681'}
{'Epoch': 41, 'HIT@5': '0.4897', 'NDCG@5': '0.3257', 'HIT@10': '0.6502', 'NDCG@10': '0.3776', 'HIT@20': '0.7778', 'NDCG@20': '0.4101', 'MRR@5': '0.3081', 'MRR@10': '0.3081', 'MRR@20': '0.3081'}
EarlyStopping counter: 4 out of 10
{'epoch': 42, 'rec_avg_loss': '0.5083', 'rec_cur_loss': '0.5350'}
{'Epoch': 42, 'HIT@5': '0.4884', 'NDCG@5': '0.3247', 'HIT@10': '0.6490', 'NDCG@10': '0.3767', 'HIT@20': '0.7806', 'NDCG@20': '0.4102', 'MRR@5': '0.3075', 'MRR@10': '0.3075', 'MRR@20': '0.3075'}
EarlyStopping counter: 5 out of 10
{'epoch': 43, 'rec_avg_loss': '0.5082', 'rec_cur_loss': '0.5208'}
{'Epoch': 43, 'HIT@5': '0.4945', 'NDCG@5': '0.3305', 'HIT@10': '0.6525', 'NDCG@10': '0.3818', 'HIT@20': '0.7838', 'NDCG@20': '0.4151', 'MRR@5': '0.3128', 'MRR@10': '0.3128', 'MRR@20': '0.3128'}
Validation score increased.  Saving model ...
{'epoch': 44, 'rec_avg_loss': '0.5069', 'rec_cur_loss': '0.5563'}
{'Epoch': 44, 'HIT@5': '0.4914', 'NDCG@5': '0.3297', 'HIT@10': '0.6510', 'NDCG@10': '0.3814', 'HIT@20': '0.7826', 'NDCG@20': '0.4149', 'MRR@5': '0.3130', 'MRR@10': '0.3130', 'MRR@20': '0.3130'}
Validation score increased.  Saving model ...
{'epoch': 45, 'rec_avg_loss': '0.5064', 'rec_cur_loss': '0.5147'}
{'Epoch': 45, 'HIT@5': '0.4944', 'NDCG@5': '0.3285', 'HIT@10': '0.6505', 'NDCG@10': '0.3790', 'HIT@20': '0.7825', 'NDCG@20': '0.4126', 'MRR@5': '0.3100', 'MRR@10': '0.3100', 'MRR@20': '0.3100'}
EarlyStopping counter: 1 out of 10
{'epoch': 46, 'rec_avg_loss': '0.5064', 'rec_cur_loss': '0.5389'}
{'Epoch': 46, 'HIT@5': '0.4964', 'NDCG@5': '0.3335', 'HIT@10': '0.6533', 'NDCG@10': '0.3845', 'HIT@20': '0.7833', 'NDCG@20': '0.4175', 'MRR@5': '0.3159', 'MRR@10': '0.3159', 'MRR@20': '0.3159'}
Validation score increased.  Saving model ...
{'epoch': 47, 'rec_avg_loss': '0.5046', 'rec_cur_loss': '0.4716'}
{'Epoch': 47, 'HIT@5': '0.5003', 'NDCG@5': '0.3352', 'HIT@10': '0.6596', 'NDCG@10': '0.3869', 'HIT@20': '0.7856', 'NDCG@20': '0.4189', 'MRR@5': '0.3169', 'MRR@10': '0.3169', 'MRR@20': '0.3169'}
Validation score increased.  Saving model ...
{'epoch': 48, 'rec_avg_loss': '0.5009', 'rec_cur_loss': '0.4920'}
{'Epoch': 48, 'HIT@5': '0.4975', 'NDCG@5': '0.3343', 'HIT@10': '0.6543', 'NDCG@10': '0.3851', 'HIT@20': '0.7859', 'NDCG@20': '0.4186', 'MRR@5': '0.3166', 'MRR@10': '0.3166', 'MRR@20': '0.3166'}
EarlyStopping counter: 1 out of 10
{'epoch': 49, 'rec_avg_loss': '0.5005', 'rec_cur_loss': '0.4635'}
{'Epoch': 49, 'HIT@5': '0.5022', 'NDCG@5': '0.3375', 'HIT@10': '0.6598', 'NDCG@10': '0.3886', 'HIT@20': '0.7861', 'NDCG@20': '0.4208', 'MRR@5': '0.3191', 'MRR@10': '0.3191', 'MRR@20': '0.3191'}
Validation score increased.  Saving model ...
{'epoch': 50, 'rec_avg_loss': '0.5010', 'rec_cur_loss': '0.5016'}
{'Epoch': 50, 'HIT@5': '0.5033', 'NDCG@5': '0.3386', 'HIT@10': '0.6594', 'NDCG@10': '0.3893', 'HIT@20': '0.7848', 'NDCG@20': '0.4212', 'MRR@5': '0.3199', 'MRR@10': '0.3199', 'MRR@20': '0.3199'}
Validation score increased.  Saving model ...
{'epoch': 51, 'rec_avg_loss': '0.4992', 'rec_cur_loss': '0.4799'}
{'Epoch': 51, 'HIT@5': '0.5005', 'NDCG@5': '0.3372', 'HIT@10': '0.6588', 'NDCG@10': '0.3885', 'HIT@20': '0.7843', 'NDCG@20': '0.4204', 'MRR@5': '0.3191', 'MRR@10': '0.3191', 'MRR@20': '0.3191'}
EarlyStopping counter: 1 out of 10
{'epoch': 52, 'rec_avg_loss': '0.4989', 'rec_cur_loss': '0.4968'}
{'Epoch': 52, 'HIT@5': '0.5028', 'NDCG@5': '0.3390', 'HIT@10': '0.6627', 'NDCG@10': '0.3907', 'HIT@20': '0.7866', 'NDCG@20': '0.4222', 'MRR@5': '0.3207', 'MRR@10': '0.3207', 'MRR@20': '0.3207'}
Validation score increased.  Saving model ...
{'epoch': 53, 'rec_avg_loss': '0.4975', 'rec_cur_loss': '0.5504'}
{'Epoch': 53, 'HIT@5': '0.5026', 'NDCG@5': '0.3402', 'HIT@10': '0.6583', 'NDCG@10': '0.3909', 'HIT@20': '0.7871', 'NDCG@20': '0.4236', 'MRR@5': '0.3225', 'MRR@10': '0.3225', 'MRR@20': '0.3225'}
Validation score increased.  Saving model ...
{'epoch': 54, 'rec_avg_loss': '0.4955', 'rec_cur_loss': '0.4682'}
{'Epoch': 54, 'HIT@5': '0.5040', 'NDCG@5': '0.3397', 'HIT@10': '0.6621', 'NDCG@10': '0.3912', 'HIT@20': '0.7892', 'NDCG@20': '0.4234', 'MRR@5': '0.3215', 'MRR@10': '0.3215', 'MRR@20': '0.3215'}
EarlyStopping counter: 1 out of 10
{'epoch': 55, 'rec_avg_loss': '0.4964', 'rec_cur_loss': '0.4871'}
{'Epoch': 55, 'HIT@5': '0.5063', 'NDCG@5': '0.3415', 'HIT@10': '0.6613', 'NDCG@10': '0.3918', 'HIT@20': '0.7901', 'NDCG@20': '0.4244', 'MRR@5': '0.3225', 'MRR@10': '0.3225', 'MRR@20': '0.3225'}
Validation score increased.  Saving model ...
{'epoch': 56, 'rec_avg_loss': '0.4958', 'rec_cur_loss': '0.5338'}
{'Epoch': 56, 'HIT@5': '0.5089', 'NDCG@5': '0.3442', 'HIT@10': '0.6603', 'NDCG@10': '0.3934', 'HIT@20': '0.7889', 'NDCG@20': '0.4261', 'MRR@5': '0.3250', 'MRR@10': '0.3250', 'MRR@20': '0.3250'}
Validation score increased.  Saving model ...
{'epoch': 57, 'rec_avg_loss': '0.4945', 'rec_cur_loss': '0.4914'}
{'Epoch': 57, 'HIT@5': '0.5089', 'NDCG@5': '0.3435', 'HIT@10': '0.6666', 'NDCG@10': '0.3947', 'HIT@20': '0.7921', 'NDCG@20': '0.4264', 'MRR@5': '0.3244', 'MRR@10': '0.3244', 'MRR@20': '0.3244'}
EarlyStopping counter: 1 out of 10
{'epoch': 58, 'rec_avg_loss': '0.4945', 'rec_cur_loss': '0.5455'}
{'Epoch': 58, 'HIT@5': '0.5123', 'NDCG@5': '0.3452', 'HIT@10': '0.6639', 'NDCG@10': '0.3945', 'HIT@20': '0.7904', 'NDCG@20': '0.4267', 'MRR@5': '0.3252', 'MRR@10': '0.3252', 'MRR@20': '0.3252'}
Validation score increased.  Saving model ...
{'epoch': 59, 'rec_avg_loss': '0.4924', 'rec_cur_loss': '0.4438'}
{'Epoch': 59, 'HIT@5': '0.5131', 'NDCG@5': '0.3493', 'HIT@10': '0.6636', 'NDCG@10': '0.3982', 'HIT@20': '0.7901', 'NDCG@20': '0.4304', 'MRR@5': '0.3302', 'MRR@10': '0.3302', 'MRR@20': '0.3302'}
Validation score increased.  Saving model ...
{'epoch': 60, 'rec_avg_loss': '0.4916', 'rec_cur_loss': '0.5350'}
{'Epoch': 60, 'HIT@5': '0.5073', 'NDCG@5': '0.3418', 'HIT@10': '0.6593', 'NDCG@10': '0.3910', 'HIT@20': '0.7848', 'NDCG@20': '0.4230', 'MRR@5': '0.3222', 'MRR@10': '0.3222', 'MRR@20': '0.3222'}
EarlyStopping counter: 1 out of 10
{'epoch': 61, 'rec_avg_loss': '0.4887', 'rec_cur_loss': '0.4759'}
{'Epoch': 61, 'HIT@5': '0.5104', 'NDCG@5': '0.3459', 'HIT@10': '0.6644', 'NDCG@10': '0.3957', 'HIT@20': '0.7889', 'NDCG@20': '0.4273', 'MRR@5': '0.3266', 'MRR@10': '0.3266', 'MRR@20': '0.3266'}
EarlyStopping counter: 2 out of 10
{'epoch': 62, 'rec_avg_loss': '0.4876', 'rec_cur_loss': '0.4034'}
{'Epoch': 62, 'HIT@5': '0.5088', 'NDCG@5': '0.3433', 'HIT@10': '0.6624', 'NDCG@10': '0.3932', 'HIT@20': '0.7924', 'NDCG@20': '0.4262', 'MRR@5': '0.3240', 'MRR@10': '0.3240', 'MRR@20': '0.3240'}
EarlyStopping counter: 3 out of 10
{'epoch': 63, 'rec_avg_loss': '0.4899', 'rec_cur_loss': '0.5363'}
{'Epoch': 63, 'HIT@5': '0.5083', 'NDCG@5': '0.3457', 'HIT@10': '0.6641', 'NDCG@10': '0.3964', 'HIT@20': '0.7892', 'NDCG@20': '0.4282', 'MRR@5': '0.3274', 'MRR@10': '0.3274', 'MRR@20': '0.3274'}
EarlyStopping counter: 4 out of 10
{'epoch': 64, 'rec_avg_loss': '0.4889', 'rec_cur_loss': '0.4919'}
{'Epoch': 64, 'HIT@5': '0.5156', 'NDCG@5': '0.3509', 'HIT@10': '0.6684', 'NDCG@10': '0.4005', 'HIT@20': '0.7930', 'NDCG@20': '0.4322', 'MRR@5': '0.3314', 'MRR@10': '0.3314', 'MRR@20': '0.3314'}
Validation score increased.  Saving model ...
{'epoch': 65, 'rec_avg_loss': '0.4885', 'rec_cur_loss': '0.6087'}
{'Epoch': 65, 'HIT@5': '0.5045', 'NDCG@5': '0.3429', 'HIT@10': '0.6613', 'NDCG@10': '0.3938', 'HIT@20': '0.7886', 'NDCG@20': '0.4260', 'MRR@5': '0.3251', 'MRR@10': '0.3251', 'MRR@20': '0.3251'}
EarlyStopping counter: 1 out of 10
{'epoch': 66, 'rec_avg_loss': '0.4888', 'rec_cur_loss': '0.4988'}
{'Epoch': 66, 'HIT@5': '0.5166', 'NDCG@5': '0.3550', 'HIT@10': '0.6671', 'NDCG@10': '0.4040', 'HIT@20': '0.7912', 'NDCG@20': '0.4356', 'MRR@5': '0.3364', 'MRR@10': '0.3364', 'MRR@20': '0.3364'}
Validation score increased.  Saving model ...
{'epoch': 67, 'rec_avg_loss': '0.4826', 'rec_cur_loss': '0.4667'}
{'Epoch': 67, 'HIT@5': '0.5126', 'NDCG@5': '0.3497', 'HIT@10': '0.6652', 'NDCG@10': '0.3994', 'HIT@20': '0.7897', 'NDCG@20': '0.4311', 'MRR@5': '0.3311', 'MRR@10': '0.3311', 'MRR@20': '0.3311'}
EarlyStopping counter: 1 out of 10
{'epoch': 68, 'rec_avg_loss': '0.4840', 'rec_cur_loss': '0.4849'}
{'Epoch': 68, 'HIT@5': '0.5111', 'NDCG@5': '0.3494', 'HIT@10': '0.6631', 'NDCG@10': '0.3988', 'HIT@20': '0.7891', 'NDCG@20': '0.4309', 'MRR@5': '0.3311', 'MRR@10': '0.3311', 'MRR@20': '0.3311'}
EarlyStopping counter: 2 out of 10
{'epoch': 69, 'rec_avg_loss': '0.4860', 'rec_cur_loss': '0.5145'}
{'Epoch': 69, 'HIT@5': '0.5084', 'NDCG@5': '0.3462', 'HIT@10': '0.6647', 'NDCG@10': '0.3970', 'HIT@20': '0.7911', 'NDCG@20': '0.4291', 'MRR@5': '0.3281', 'MRR@10': '0.3281', 'MRR@20': '0.3281'}
EarlyStopping counter: 3 out of 10
{'epoch': 70, 'rec_avg_loss': '0.4835', 'rec_cur_loss': '0.4854'}
{'Epoch': 70, 'HIT@5': '0.5137', 'NDCG@5': '0.3501', 'HIT@10': '0.6685', 'NDCG@10': '0.4004', 'HIT@20': '0.7929', 'NDCG@20': '0.4320', 'MRR@5': '0.3312', 'MRR@10': '0.3312', 'MRR@20': '0.3312'}
EarlyStopping counter: 4 out of 10
{'epoch': 71, 'rec_avg_loss': '0.4805', 'rec_cur_loss': '0.4544'}
{'Epoch': 71, 'HIT@5': '0.5136', 'NDCG@5': '0.3513', 'HIT@10': '0.6685', 'NDCG@10': '0.4016', 'HIT@20': '0.7906', 'NDCG@20': '0.4326', 'MRR@5': '0.3327', 'MRR@10': '0.3327', 'MRR@20': '0.3327'}
EarlyStopping counter: 5 out of 10
{'epoch': 72, 'rec_avg_loss': '0.4830', 'rec_cur_loss': '0.4913'}
{'Epoch': 72, 'HIT@5': '0.5162', 'NDCG@5': '0.3517', 'HIT@10': '0.6700', 'NDCG@10': '0.4015', 'HIT@20': '0.7909', 'NDCG@20': '0.4322', 'MRR@5': '0.3322', 'MRR@10': '0.3322', 'MRR@20': '0.3322'}
EarlyStopping counter: 6 out of 10
{'epoch': 73, 'rec_avg_loss': '0.4816', 'rec_cur_loss': '0.4969'}
{'Epoch': 73, 'HIT@5': '0.5207', 'NDCG@5': '0.3570', 'HIT@10': '0.6671', 'NDCG@10': '0.4045', 'HIT@20': '0.7922', 'NDCG@20': '0.4364', 'MRR@5': '0.3371', 'MRR@10': '0.3371', 'MRR@20': '0.3371'}
Validation score increased.  Saving model ...
{'epoch': 74, 'rec_avg_loss': '0.4824', 'rec_cur_loss': '0.5567'}
{'Epoch': 74, 'HIT@5': '0.5207', 'NDCG@5': '0.3564', 'HIT@10': '0.6677', 'NDCG@10': '0.4042', 'HIT@20': '0.7925', 'NDCG@20': '0.4360', 'MRR@5': '0.3365', 'MRR@10': '0.3365', 'MRR@20': '0.3365'}
EarlyStopping counter: 1 out of 10
{'epoch': 75, 'rec_avg_loss': '0.4783', 'rec_cur_loss': '0.4997'}
{'Epoch': 75, 'HIT@5': '0.5240', 'NDCG@5': '0.3599', 'HIT@10': '0.6699', 'NDCG@10': '0.4071', 'HIT@20': '0.7922', 'NDCG@20': '0.4382', 'MRR@5': '0.3393', 'MRR@10': '0.3393', 'MRR@20': '0.3393'}
Validation score increased.  Saving model ...
{'epoch': 76, 'rec_avg_loss': '0.4756', 'rec_cur_loss': '0.4785'}
{'Epoch': 76, 'HIT@5': '0.5214', 'NDCG@5': '0.3577', 'HIT@10': '0.6728', 'NDCG@10': '0.4068', 'HIT@20': '0.7932', 'NDCG@20': '0.4373', 'MRR@5': '0.3379', 'MRR@10': '0.3379', 'MRR@20': '0.3379'}
EarlyStopping counter: 1 out of 10
{'epoch': 77, 'rec_avg_loss': '0.4762', 'rec_cur_loss': '0.4923'}
{'Epoch': 77, 'HIT@5': '0.5161', 'NDCG@5': '0.3537', 'HIT@10': '0.6682', 'NDCG@10': '0.4031', 'HIT@20': '0.7914', 'NDCG@20': '0.4343', 'MRR@5': '0.3348', 'MRR@10': '0.3348', 'MRR@20': '0.3348'}
EarlyStopping counter: 2 out of 10
{'epoch': 78, 'rec_avg_loss': '0.4774', 'rec_cur_loss': '0.5193'}
{'Epoch': 78, 'HIT@5': '0.5212', 'NDCG@5': '0.3567', 'HIT@10': '0.6725', 'NDCG@10': '0.4059', 'HIT@20': '0.7921', 'NDCG@20': '0.4362', 'MRR@5': '0.3367', 'MRR@10': '0.3367', 'MRR@20': '0.3367'}
EarlyStopping counter: 3 out of 10
{'epoch': 79, 'rec_avg_loss': '0.4769', 'rec_cur_loss': '0.5243'}
{'Epoch': 79, 'HIT@5': '0.5167', 'NDCG@5': '0.3526', 'HIT@10': '0.6728', 'NDCG@10': '0.4032', 'HIT@20': '0.7902', 'NDCG@20': '0.4329', 'MRR@5': '0.3332', 'MRR@10': '0.3332', 'MRR@20': '0.3332'}
EarlyStopping counter: 4 out of 10
{'epoch': 80, 'rec_avg_loss': '0.4743', 'rec_cur_loss': '0.4696'}
{'Epoch': 80, 'HIT@5': '0.5124', 'NDCG@5': '0.3498', 'HIT@10': '0.6682', 'NDCG@10': '0.4004', 'HIT@20': '0.7922', 'NDCG@20': '0.4318', 'MRR@5': '0.3313', 'MRR@10': '0.3313', 'MRR@20': '0.3313'}
EarlyStopping counter: 5 out of 10
{'epoch': 81, 'rec_avg_loss': '0.4762', 'rec_cur_loss': '0.5474'}
{'Epoch': 81, 'HIT@5': '0.5190', 'NDCG@5': '0.3553', 'HIT@10': '0.6694', 'NDCG@10': '0.4040', 'HIT@20': '0.7914', 'NDCG@20': '0.4350', 'MRR@5': '0.3355', 'MRR@10': '0.3355', 'MRR@20': '0.3355'}
EarlyStopping counter: 6 out of 10
{'epoch': 82, 'rec_avg_loss': '0.4741', 'rec_cur_loss': '0.4705'}
{'Epoch': 82, 'HIT@5': '0.5194', 'NDCG@5': '0.3575', 'HIT@10': '0.6695', 'NDCG@10': '0.4063', 'HIT@20': '0.7899', 'NDCG@20': '0.4369', 'MRR@5': '0.3385', 'MRR@10': '0.3385', 'MRR@20': '0.3385'}
EarlyStopping counter: 7 out of 10
{'epoch': 83, 'rec_avg_loss': '0.4739', 'rec_cur_loss': '0.4621'}
{'Epoch': 83, 'HIT@5': '0.5220', 'NDCG@5': '0.3588', 'HIT@10': '0.6752', 'NDCG@10': '0.4086', 'HIT@20': '0.7939', 'NDCG@20': '0.4387', 'MRR@5': '0.3394', 'MRR@10': '0.3394', 'MRR@20': '0.3394'}
Validation score increased.  Saving model ...
{'epoch': 84, 'rec_avg_loss': '0.4747', 'rec_cur_loss': '0.4255'}
{'Epoch': 84, 'HIT@5': '0.5209', 'NDCG@5': '0.3601', 'HIT@10': '0.6695', 'NDCG@10': '0.4084', 'HIT@20': '0.7922', 'NDCG@20': '0.4396', 'MRR@5': '0.3413', 'MRR@10': '0.3413', 'MRR@20': '0.3413'}
Validation score increased.  Saving model ...
{'epoch': 85, 'rec_avg_loss': '0.4731', 'rec_cur_loss': '0.4310'}
{'Epoch': 85, 'HIT@5': '0.5283', 'NDCG@5': '0.3638', 'HIT@10': '0.6783', 'NDCG@10': '0.4124', 'HIT@20': '0.7962', 'NDCG@20': '0.4423', 'MRR@5': '0.3433', 'MRR@10': '0.3433', 'MRR@20': '0.3433'}
Validation score increased.  Saving model ...
{'epoch': 86, 'rec_avg_loss': '0.4735', 'rec_cur_loss': '0.5217'}
{'Epoch': 86, 'HIT@5': '0.5268', 'NDCG@5': '0.3630', 'HIT@10': '0.6727', 'NDCG@10': '0.4104', 'HIT@20': '0.7949', 'NDCG@20': '0.4415', 'MRR@5': '0.3428', 'MRR@10': '0.3428', 'MRR@20': '0.3428'}
EarlyStopping counter: 1 out of 10
{'epoch': 87, 'rec_avg_loss': '0.4705', 'rec_cur_loss': '0.4465'}
{'Epoch': 87, 'HIT@5': '0.5222', 'NDCG@5': '0.3611', 'HIT@10': '0.6750', 'NDCG@10': '0.4108', 'HIT@20': '0.7944', 'NDCG@20': '0.4411', 'MRR@5': '0.3424', 'MRR@10': '0.3424', 'MRR@20': '0.3424'}
EarlyStopping counter: 2 out of 10
{'epoch': 88, 'rec_avg_loss': '0.4712', 'rec_cur_loss': '0.4781'}
{'Epoch': 88, 'HIT@5': '0.5194', 'NDCG@5': '0.3588', 'HIT@10': '0.6720', 'NDCG@10': '0.4084', 'HIT@20': '0.7944', 'NDCG@20': '0.4395', 'MRR@5': '0.3404', 'MRR@10': '0.3404', 'MRR@20': '0.3404'}
EarlyStopping counter: 3 out of 10
{'epoch': 89, 'rec_avg_loss': '0.4682', 'rec_cur_loss': '0.4601'}
{'Epoch': 89, 'HIT@5': '0.5195', 'NDCG@5': '0.3570', 'HIT@10': '0.6687', 'NDCG@10': '0.4053', 'HIT@20': '0.7952', 'NDCG@20': '0.4374', 'MRR@5': '0.3376', 'MRR@10': '0.3376', 'MRR@20': '0.3376'}
EarlyStopping counter: 4 out of 10
{'epoch': 90, 'rec_avg_loss': '0.4715', 'rec_cur_loss': '0.4887'}
{'Epoch': 90, 'HIT@5': '0.5232', 'NDCG@5': '0.3617', 'HIT@10': '0.6760', 'NDCG@10': '0.4112', 'HIT@20': '0.7940', 'NDCG@20': '0.4411', 'MRR@5': '0.3425', 'MRR@10': '0.3425', 'MRR@20': '0.3425'}
EarlyStopping counter: 5 out of 10
{'epoch': 91, 'rec_avg_loss': '0.4695', 'rec_cur_loss': '0.4158'}
{'Epoch': 91, 'HIT@5': '0.5190', 'NDCG@5': '0.3596', 'HIT@10': '0.6725', 'NDCG@10': '0.4095', 'HIT@20': '0.7945', 'NDCG@20': '0.4405', 'MRR@5': '0.3417', 'MRR@10': '0.3417', 'MRR@20': '0.3417'}
EarlyStopping counter: 6 out of 10
{'epoch': 92, 'rec_avg_loss': '0.4691', 'rec_cur_loss': '0.4341'}
{'Epoch': 92, 'HIT@5': '0.5220', 'NDCG@5': '0.3603', 'HIT@10': '0.6745', 'NDCG@10': '0.4098', 'HIT@20': '0.7932', 'NDCG@20': '0.4399', 'MRR@5': '0.3413', 'MRR@10': '0.3413', 'MRR@20': '0.3413'}
EarlyStopping counter: 7 out of 10
{'epoch': 93, 'rec_avg_loss': '0.4708', 'rec_cur_loss': '0.5041'}
{'Epoch': 93, 'HIT@5': '0.5233', 'NDCG@5': '0.3630', 'HIT@10': '0.6684', 'NDCG@10': '0.4103', 'HIT@20': '0.7942', 'NDCG@20': '0.4423', 'MRR@5': '0.3441', 'MRR@10': '0.3441', 'MRR@20': '0.3441'}
Validation score increased.  Saving model ...
{'epoch': 94, 'rec_avg_loss': '0.4656', 'rec_cur_loss': '0.4476'}
{'Epoch': 94, 'HIT@5': '0.5311', 'NDCG@5': '0.3691', 'HIT@10': '0.6748', 'NDCG@10': '0.4159', 'HIT@20': '0.7972', 'NDCG@20': '0.4470', 'MRR@5': '0.3491', 'MRR@10': '0.3491', 'MRR@20': '0.3491'}
Validation score increased.  Saving model ...
{'epoch': 95, 'rec_avg_loss': '0.4714', 'rec_cur_loss': '0.4884'}
{'Epoch': 95, 'HIT@5': '0.5283', 'NDCG@5': '0.3670', 'HIT@10': '0.6762', 'NDCG@10': '0.4151', 'HIT@20': '0.7967', 'NDCG@20': '0.4457', 'MRR@5': '0.3476', 'MRR@10': '0.3476', 'MRR@20': '0.3476'}
EarlyStopping counter: 1 out of 10
{'epoch': 96, 'rec_avg_loss': '0.4650', 'rec_cur_loss': '0.4852'}
{'Epoch': 96, 'HIT@5': '0.5214', 'NDCG@5': '0.3627', 'HIT@10': '0.6697', 'NDCG@10': '0.4110', 'HIT@20': '0.7930', 'NDCG@20': '0.4424', 'MRR@5': '0.3446', 'MRR@10': '0.3446', 'MRR@20': '0.3446'}
EarlyStopping counter: 2 out of 10
{'epoch': 97, 'rec_avg_loss': '0.4646', 'rec_cur_loss': '0.4970'}
{'Epoch': 97, 'HIT@5': '0.5270', 'NDCG@5': '0.3650', 'HIT@10': '0.6767', 'NDCG@10': '0.4135', 'HIT@20': '0.7947', 'NDCG@20': '0.4435', 'MRR@5': '0.3453', 'MRR@10': '0.3453', 'MRR@20': '0.3453'}
EarlyStopping counter: 3 out of 10
{'epoch': 98, 'rec_avg_loss': '0.4632', 'rec_cur_loss': '0.4471'}
{'Epoch': 98, 'HIT@5': '0.5260', 'NDCG@5': '0.3660', 'HIT@10': '0.6737', 'NDCG@10': '0.4141', 'HIT@20': '0.7927', 'NDCG@20': '0.4445', 'MRR@5': '0.3473', 'MRR@10': '0.3473', 'MRR@20': '0.3473'}
EarlyStopping counter: 4 out of 10
{'epoch': 99, 'rec_avg_loss': '0.4665', 'rec_cur_loss': '0.4390'}
{'Epoch': 99, 'HIT@5': '0.5334', 'NDCG@5': '0.3698', 'HIT@10': '0.6757', 'NDCG@10': '0.4159', 'HIT@20': '0.7967', 'NDCG@20': '0.4466', 'MRR@5': '0.3487', 'MRR@10': '0.3487', 'MRR@20': '0.3487'}
EarlyStopping counter: 5 out of 10
{'epoch': 100, 'rec_avg_loss': '0.4621', 'rec_cur_loss': '0.4897'}
{'Epoch': 100, 'HIT@5': '0.5318', 'NDCG@5': '0.3708', 'HIT@10': '0.6748', 'NDCG@10': '0.4173', 'HIT@20': '0.7965', 'NDCG@20': '0.4482', 'MRR@5': '0.3510', 'MRR@10': '0.3510', 'MRR@20': '0.3510'}
Validation score increased.  Saving model ...
{'epoch': 101, 'rec_avg_loss': '0.4627', 'rec_cur_loss': '0.4217'}
{'Epoch': 101, 'HIT@5': '0.5331', 'NDCG@5': '0.3696', 'HIT@10': '0.6758', 'NDCG@10': '0.4160', 'HIT@20': '0.7955', 'NDCG@20': '0.4464', 'MRR@5': '0.3487', 'MRR@10': '0.3487', 'MRR@20': '0.3487'}
EarlyStopping counter: 1 out of 10
{'epoch': 102, 'rec_avg_loss': '0.4594', 'rec_cur_loss': '0.3814'}
{'Epoch': 102, 'HIT@5': '0.5326', 'NDCG@5': '0.3702', 'HIT@10': '0.6763', 'NDCG@10': '0.4169', 'HIT@20': '0.7955', 'NDCG@20': '0.4472', 'MRR@5': '0.3497', 'MRR@10': '0.3497', 'MRR@20': '0.3497'}
EarlyStopping counter: 2 out of 10
{'epoch': 103, 'rec_avg_loss': '0.4608', 'rec_cur_loss': '0.5037'}
{'Epoch': 103, 'HIT@5': '0.5318', 'NDCG@5': '0.3719', 'HIT@10': '0.6776', 'NDCG@10': '0.4192', 'HIT@20': '0.7964', 'NDCG@20': '0.4494', 'MRR@5': '0.3525', 'MRR@10': '0.3525', 'MRR@20': '0.3525'}
Validation score increased.  Saving model ...
{'epoch': 104, 'rec_avg_loss': '0.4583', 'rec_cur_loss': '0.4185'}
{'Epoch': 104, 'HIT@5': '0.5325', 'NDCG@5': '0.3690', 'HIT@10': '0.6773', 'NDCG@10': '0.4159', 'HIT@20': '0.7959', 'NDCG@20': '0.4460', 'MRR@5': '0.3483', 'MRR@10': '0.3483', 'MRR@20': '0.3483'}
EarlyStopping counter: 1 out of 10
{'epoch': 105, 'rec_avg_loss': '0.4587', 'rec_cur_loss': '0.4709'}
{'Epoch': 105, 'HIT@5': '0.5377', 'NDCG@5': '0.3740', 'HIT@10': '0.6806', 'NDCG@10': '0.4201', 'HIT@20': '0.7969', 'NDCG@20': '0.4496', 'MRR@5': '0.3525', 'MRR@10': '0.3525', 'MRR@20': '0.3525'}
EarlyStopping counter: 2 out of 10
{'epoch': 106, 'rec_avg_loss': '0.4589', 'rec_cur_loss': '0.4015'}
{'Epoch': 106, 'HIT@5': '0.5318', 'NDCG@5': '0.3691', 'HIT@10': '0.6732', 'NDCG@10': '0.4148', 'HIT@20': '0.7969', 'NDCG@20': '0.4462', 'MRR@5': '0.3483', 'MRR@10': '0.3483', 'MRR@20': '0.3483'}
EarlyStopping counter: 3 out of 10
{'epoch': 107, 'rec_avg_loss': '0.4581', 'rec_cur_loss': '0.4966'}
{'Epoch': 107, 'HIT@5': '0.5295', 'NDCG@5': '0.3703', 'HIT@10': '0.6773', 'NDCG@10': '0.4182', 'HIT@20': '0.7959', 'NDCG@20': '0.4484', 'MRR@5': '0.3514', 'MRR@10': '0.3514', 'MRR@20': '0.3514'}
EarlyStopping counter: 4 out of 10
{'epoch': 108, 'rec_avg_loss': '0.4583', 'rec_cur_loss': '0.4676'}
{'Epoch': 108, 'HIT@5': '0.5310', 'NDCG@5': '0.3695', 'HIT@10': '0.6745', 'NDCG@10': '0.4159', 'HIT@20': '0.7960', 'NDCG@20': '0.4468', 'MRR@5': '0.3493', 'MRR@10': '0.3493', 'MRR@20': '0.3493'}
EarlyStopping counter: 5 out of 10
{'epoch': 109, 'rec_avg_loss': '0.4561', 'rec_cur_loss': '0.4141'}
{'Epoch': 109, 'HIT@5': '0.5371', 'NDCG@5': '0.3741', 'HIT@10': '0.6818', 'NDCG@10': '0.4209', 'HIT@20': '0.7957', 'NDCG@20': '0.4500', 'MRR@5': '0.3532', 'MRR@10': '0.3532', 'MRR@20': '0.3532'}
Validation score increased.  Saving model ...
{'epoch': 110, 'rec_avg_loss': '0.4571', 'rec_cur_loss': '0.4305'}
{'Epoch': 110, 'HIT@5': '0.5371', 'NDCG@5': '0.3765', 'HIT@10': '0.6803', 'NDCG@10': '0.4230', 'HIT@20': '0.7992', 'NDCG@20': '0.4532', 'MRR@5': '0.3564', 'MRR@10': '0.3564', 'MRR@20': '0.3564'}
Validation score increased.  Saving model ...
{'epoch': 111, 'rec_avg_loss': '0.4568', 'rec_cur_loss': '0.4403'}
{'Epoch': 111, 'HIT@5': '0.5331', 'NDCG@5': '0.3731', 'HIT@10': '0.6760', 'NDCG@10': '0.4194', 'HIT@20': '0.7955', 'NDCG@20': '0.4498', 'MRR@5': '0.3533', 'MRR@10': '0.3533', 'MRR@20': '0.3533'}
EarlyStopping counter: 1 out of 10
{'epoch': 112, 'rec_avg_loss': '0.4543', 'rec_cur_loss': '0.4379'}
{'Epoch': 112, 'HIT@5': '0.5359', 'NDCG@5': '0.3725', 'HIT@10': '0.6765', 'NDCG@10': '0.4181', 'HIT@20': '0.7972', 'NDCG@20': '0.4488', 'MRR@5': '0.3514', 'MRR@10': '0.3514', 'MRR@20': '0.3514'}
EarlyStopping counter: 2 out of 10
{'epoch': 113, 'rec_avg_loss': '0.4540', 'rec_cur_loss': '0.3900'}
{'Epoch': 113, 'HIT@5': '0.5349', 'NDCG@5': '0.3728', 'HIT@10': '0.6786', 'NDCG@10': '0.4195', 'HIT@20': '0.7975', 'NDCG@20': '0.4497', 'MRR@5': '0.3524', 'MRR@10': '0.3524', 'MRR@20': '0.3524'}
EarlyStopping counter: 3 out of 10
{'epoch': 114, 'rec_avg_loss': '0.4543', 'rec_cur_loss': '0.4907'}
{'Epoch': 114, 'HIT@5': '0.5353', 'NDCG@5': '0.3738', 'HIT@10': '0.6795', 'NDCG@10': '0.4205', 'HIT@20': '0.7965', 'NDCG@20': '0.4504', 'MRR@5': '0.3536', 'MRR@10': '0.3536', 'MRR@20': '0.3536'}
EarlyStopping counter: 4 out of 10
{'epoch': 115, 'rec_avg_loss': '0.4562', 'rec_cur_loss': '0.5079'}
{'Epoch': 115, 'HIT@5': '0.5339', 'NDCG@5': '0.3739', 'HIT@10': '0.6778', 'NDCG@10': '0.4207', 'HIT@20': '0.7964', 'NDCG@20': '0.4509', 'MRR@5': '0.3543', 'MRR@10': '0.3543', 'MRR@20': '0.3543'}
EarlyStopping counter: 5 out of 10
{'epoch': 116, 'rec_avg_loss': '0.4518', 'rec_cur_loss': '0.4656'}
{'Epoch': 116, 'HIT@5': '0.5379', 'NDCG@5': '0.3767', 'HIT@10': '0.6795', 'NDCG@10': '0.4226', 'HIT@20': '0.7998', 'NDCG@20': '0.4532', 'MRR@5': '0.3562', 'MRR@10': '0.3562', 'MRR@20': '0.3562'}
EarlyStopping counter: 6 out of 10
{'epoch': 117, 'rec_avg_loss': '0.4532', 'rec_cur_loss': '0.3937'}
{'Epoch': 117, 'HIT@5': '0.5392', 'NDCG@5': '0.3781', 'HIT@10': '0.6798', 'NDCG@10': '0.4238', 'HIT@20': '0.7995', 'NDCG@20': '0.4543', 'MRR@5': '0.3577', 'MRR@10': '0.3577', 'MRR@20': '0.3577'}
Validation score increased.  Saving model ...
{'epoch': 118, 'rec_avg_loss': '0.4545', 'rec_cur_loss': '0.4603'}
{'Epoch': 118, 'HIT@5': '0.5326', 'NDCG@5': '0.3740', 'HIT@10': '0.6753', 'NDCG@10': '0.4204', 'HIT@20': '0.7988', 'NDCG@20': '0.4517', 'MRR@5': '0.3549', 'MRR@10': '0.3549', 'MRR@20': '0.3549'}
EarlyStopping counter: 1 out of 10
{'epoch': 119, 'rec_avg_loss': '0.4520', 'rec_cur_loss': '0.5310'}
{'Epoch': 119, 'HIT@5': '0.5354', 'NDCG@5': '0.3747', 'HIT@10': '0.6758', 'NDCG@10': '0.4202', 'HIT@20': '0.7993', 'NDCG@20': '0.4516', 'MRR@5': '0.3544', 'MRR@10': '0.3544', 'MRR@20': '0.3544'}
EarlyStopping counter: 2 out of 10
{'epoch': 120, 'rec_avg_loss': '0.4525', 'rec_cur_loss': '0.4711'}
{'Epoch': 120, 'HIT@5': '0.5354', 'NDCG@5': '0.3755', 'HIT@10': '0.6783', 'NDCG@10': '0.4220', 'HIT@20': '0.7987', 'NDCG@20': '0.4526', 'MRR@5': '0.3558', 'MRR@10': '0.3558', 'MRR@20': '0.3558'}
EarlyStopping counter: 3 out of 10
{'epoch': 121, 'rec_avg_loss': '0.4517', 'rec_cur_loss': '0.4496'}
{'Epoch': 121, 'HIT@5': '0.5381', 'NDCG@5': '0.3763', 'HIT@10': '0.6760', 'NDCG@10': '0.4211', 'HIT@20': '0.7964', 'NDCG@20': '0.4517', 'MRR@5': '0.3555', 'MRR@10': '0.3555', 'MRR@20': '0.3555'}
EarlyStopping counter: 4 out of 10
{'epoch': 122, 'rec_avg_loss': '0.4507', 'rec_cur_loss': '0.4256'}
{'Epoch': 122, 'HIT@5': '0.5444', 'NDCG@5': '0.3814', 'HIT@10': '0.6805', 'NDCG@10': '0.4255', 'HIT@20': '0.7969', 'NDCG@20': '0.4551', 'MRR@5': '0.3595', 'MRR@10': '0.3595', 'MRR@20': '0.3595'}
Validation score increased.  Saving model ...
{'epoch': 123, 'rec_avg_loss': '0.4501', 'rec_cur_loss': '0.4770'}
{'Epoch': 123, 'HIT@5': '0.5379', 'NDCG@5': '0.3775', 'HIT@10': '0.6796', 'NDCG@10': '0.4234', 'HIT@20': '0.7974', 'NDCG@20': '0.4533', 'MRR@5': '0.3572', 'MRR@10': '0.3572', 'MRR@20': '0.3572'}
EarlyStopping counter: 1 out of 10
{'epoch': 124, 'rec_avg_loss': '0.4521', 'rec_cur_loss': '0.5716'}
{'Epoch': 124, 'HIT@5': '0.5361', 'NDCG@5': '0.3764', 'HIT@10': '0.6772', 'NDCG@10': '0.4222', 'HIT@20': '0.7982', 'NDCG@20': '0.4531', 'MRR@5': '0.3565', 'MRR@10': '0.3565', 'MRR@20': '0.3565'}
EarlyStopping counter: 2 out of 10
{'epoch': 125, 'rec_avg_loss': '0.4490', 'rec_cur_loss': '0.4672'}
{'Epoch': 125, 'HIT@5': '0.5396', 'NDCG@5': '0.3767', 'HIT@10': '0.6816', 'NDCG@10': '0.4228', 'HIT@20': '0.7983', 'NDCG@20': '0.4524', 'MRR@5': '0.3556', 'MRR@10': '0.3556', 'MRR@20': '0.3556'}
EarlyStopping counter: 3 out of 10
{'epoch': 126, 'rec_avg_loss': '0.4475', 'rec_cur_loss': '0.4551'}
{'Epoch': 126, 'HIT@5': '0.5419', 'NDCG@5': '0.3785', 'HIT@10': '0.6810', 'NDCG@10': '0.4235', 'HIT@20': '0.7967', 'NDCG@20': '0.4529', 'MRR@5': '0.3567', 'MRR@10': '0.3567', 'MRR@20': '0.3567'}
EarlyStopping counter: 4 out of 10
{'epoch': 127, 'rec_avg_loss': '0.4473', 'rec_cur_loss': '0.4271'}
{'Epoch': 127, 'HIT@5': '0.5331', 'NDCG@5': '0.3742', 'HIT@10': '0.6778', 'NDCG@10': '0.4212', 'HIT@20': '0.7954', 'NDCG@20': '0.4511', 'MRR@5': '0.3549', 'MRR@10': '0.3549', 'MRR@20': '0.3549'}
EarlyStopping counter: 5 out of 10
{'epoch': 128, 'rec_avg_loss': '0.4470', 'rec_cur_loss': '0.3897'}
{'Epoch': 128, 'HIT@5': '0.5377', 'NDCG@5': '0.3764', 'HIT@10': '0.6829', 'NDCG@10': '0.4233', 'HIT@20': '0.7983', 'NDCG@20': '0.4526', 'MRR@5': '0.3558', 'MRR@10': '0.3558', 'MRR@20': '0.3558'}
EarlyStopping counter: 6 out of 10
{'epoch': 129, 'rec_avg_loss': '0.4464', 'rec_cur_loss': '0.4833'}
{'Epoch': 129, 'HIT@5': '0.5425', 'NDCG@5': '0.3799', 'HIT@10': '0.6800', 'NDCG@10': '0.4244', 'HIT@20': '0.7969', 'NDCG@20': '0.4542', 'MRR@5': '0.3584', 'MRR@10': '0.3584', 'MRR@20': '0.3584'}
EarlyStopping counter: 7 out of 10
{'epoch': 130, 'rec_avg_loss': '0.4480', 'rec_cur_loss': '0.4671'}
{'Epoch': 130, 'HIT@5': '0.5376', 'NDCG@5': '0.3756', 'HIT@10': '0.6772', 'NDCG@10': '0.4208', 'HIT@20': '0.7964', 'NDCG@20': '0.4511', 'MRR@5': '0.3546', 'MRR@10': '0.3546', 'MRR@20': '0.3546'}
EarlyStopping counter: 8 out of 10
{'epoch': 131, 'rec_avg_loss': '0.4459', 'rec_cur_loss': '0.3865'}
{'Epoch': 131, 'HIT@5': '0.5427', 'NDCG@5': '0.3798', 'HIT@10': '0.6800', 'NDCG@10': '0.4243', 'HIT@20': '0.7972', 'NDCG@20': '0.4542', 'MRR@5': '0.3580', 'MRR@10': '0.3580', 'MRR@20': '0.3580'}
EarlyStopping counter: 9 out of 10
{'epoch': 132, 'rec_avg_loss': '0.4445', 'rec_cur_loss': '0.4956'}
{'Epoch': 132, 'HIT@5': '0.5376', 'NDCG@5': '0.3758', 'HIT@10': '0.6747', 'NDCG@10': '0.4204', 'HIT@20': '0.7952', 'NDCG@20': '0.4511', 'MRR@5': '0.3549', 'MRR@10': '0.3549', 'MRR@20': '0.3549'}
EarlyStopping counter: 10 out of 10
Early stopping
---------------Sample 99 results-------------------
{'Epoch': 0, 'HIT@5': '0.5094', 'NDCG@5': '0.3577', 'HIT@10': '0.6540', 'NDCG@10': '0.4047', 'HIT@20': '0.7730', 'NDCG@20': '0.4349', 'MRR@5': '0.3413', 'MRR@10': '0.3413', 'MRR@20': '0.3413'}
Finetune_sample-ml-1m-120-pop
{'Epoch': 0, 'HIT@5': '0.5094', 'NDCG@5': '0.3577', 'HIT@10': '0.6540', 'NDCG@10': '0.4047', 'HIT@20': '0.7730', 'NDCG@20': '0.4349', 'MRR@5': '0.3413', 'MRR@10': '0.3413', 'MRR@20': '0.3413'}
