Namespace(adam_beta1=0.9, adam_beta2=0.999, attention_probs_dropout_prob=0.5, batch_size=256, ckp=60, cuda_condition=True, data_dir='./data/', data_file='./data/ml-1m.txt', data_name='ml-1m', do_eval=False, epochs=200, gpu_id='0', hidden_act='gelu', hidden_dropout_prob=0.5, hidden_size=64, initializer_range=0.02, item_size=3418, log_file='output/Finetune_sample-ml-1m-60.txt', log_freq=1, lr=0.001, mask_id=3417, max_seq_length=50, model_name='Finetune_sample', no_cuda=False, num_attention_heads=2, num_hidden_layers=2, output_dir='output/', sample_file='./data/ml-1m_sample.txt', seed=42, weight_decay=0.0)
Total Parameters: 338688
Load Checkpoint From output/ml-1m-epochs-60.pt!
{'epoch': 0, 'rec_avg_loss': '1.2327', 'rec_cur_loss': '1.1071'}
{'Epoch': 0, 'HIT@5': '0.0925', 'NDCG@5': '0.0568', 'HIT@10': '0.1760', 'NDCG@10': '0.0834', 'HIT@20': '0.3194', 'NDCG@20': '0.1193', 'MRR@5': '0.0807', 'MRR@10': '0.0807', 'MRR@20': '0.0807'}
Validation score increased.  Saving model ...
{'epoch': 1, 'rec_avg_loss': '1.0411', 'rec_cur_loss': '0.9843'}
{'Epoch': 1, 'HIT@5': '0.1098', 'NDCG@5': '0.0669', 'HIT@10': '0.2013', 'NDCG@10': '0.0961', 'HIT@20': '0.3571', 'NDCG@20': '0.1353', 'MRR@5': '0.0904', 'MRR@10': '0.0904', 'MRR@20': '0.0904'}
Validation score increased.  Saving model ...
{'epoch': 2, 'rec_avg_loss': '0.9718', 'rec_cur_loss': '0.9837'}
{'Epoch': 2, 'HIT@5': '0.1219', 'NDCG@5': '0.0732', 'HIT@10': '0.2214', 'NDCG@10': '0.1050', 'HIT@20': '0.3874', 'NDCG@20': '0.1466', 'MRR@5': '0.0961', 'MRR@10': '0.0961', 'MRR@20': '0.0961'}
Validation score increased.  Saving model ...
{'epoch': 3, 'rec_avg_loss': '0.9242', 'rec_cur_loss': '0.9130'}
{'Epoch': 3, 'HIT@5': '0.1444', 'NDCG@5': '0.0867', 'HIT@10': '0.2442', 'NDCG@10': '0.1188', 'HIT@20': '0.4349', 'NDCG@20': '0.1667', 'MRR@5': '0.1081', 'MRR@10': '0.1081', 'MRR@20': '0.1081'}
Validation score increased.  Saving model ...
{'epoch': 4, 'rec_avg_loss': '0.8877', 'rec_cur_loss': '0.8652'}
{'Epoch': 4, 'HIT@5': '0.1624', 'NDCG@5': '0.0984', 'HIT@10': '0.2775', 'NDCG@10': '0.1353', 'HIT@20': '0.4816', 'NDCG@20': '0.1864', 'MRR@5': '0.1197', 'MRR@10': '0.1197', 'MRR@20': '0.1197'}
Validation score increased.  Saving model ...
{'epoch': 5, 'rec_avg_loss': '0.8591', 'rec_cur_loss': '0.8461'}
{'Epoch': 5, 'HIT@5': '0.1781', 'NDCG@5': '0.1087', 'HIT@10': '0.2974', 'NDCG@10': '0.1471', 'HIT@20': '0.5051', 'NDCG@20': '0.1994', 'MRR@5': '0.1291', 'MRR@10': '0.1291', 'MRR@20': '0.1291'}
Validation score increased.  Saving model ...
{'epoch': 6, 'rec_avg_loss': '0.8455', 'rec_cur_loss': '0.8483'}
{'Epoch': 6, 'HIT@5': '0.1866', 'NDCG@5': '0.1156', 'HIT@10': '0.3164', 'NDCG@10': '0.1572', 'HIT@20': '0.5310', 'NDCG@20': '0.2111', 'MRR@5': '0.1364', 'MRR@10': '0.1364', 'MRR@20': '0.1364'}
Validation score increased.  Saving model ...
{'epoch': 7, 'rec_avg_loss': '0.8325', 'rec_cur_loss': '0.8263'}
{'Epoch': 7, 'HIT@5': '0.1930', 'NDCG@5': '0.1203', 'HIT@10': '0.3320', 'NDCG@10': '0.1648', 'HIT@20': '0.5480', 'NDCG@20': '0.2191', 'MRR@5': '0.1414', 'MRR@10': '0.1414', 'MRR@20': '0.1414'}
Validation score increased.  Saving model ...
{'epoch': 8, 'rec_avg_loss': '0.8220', 'rec_cur_loss': '0.8272'}
{'Epoch': 8, 'HIT@5': '0.2002', 'NDCG@5': '0.1245', 'HIT@10': '0.3437', 'NDCG@10': '0.1704', 'HIT@20': '0.5596', 'NDCG@20': '0.2248', 'MRR@5': '0.1450', 'MRR@10': '0.1450', 'MRR@20': '0.1450'}
Validation score increased.  Saving model ...
{'epoch': 9, 'rec_avg_loss': '0.8106', 'rec_cur_loss': '0.8055'}
{'Epoch': 9, 'HIT@5': '0.2081', 'NDCG@5': '0.1296', 'HIT@10': '0.3573', 'NDCG@10': '0.1773', 'HIT@20': '0.5719', 'NDCG@20': '0.2315', 'MRR@5': '0.1496', 'MRR@10': '0.1496', 'MRR@20': '0.1496'}
Validation score increased.  Saving model ...
{'epoch': 10, 'rec_avg_loss': '0.8058', 'rec_cur_loss': '0.7902'}
{'Epoch': 10, 'HIT@5': '0.2144', 'NDCG@5': '0.1349', 'HIT@10': '0.3687', 'NDCG@10': '0.1841', 'HIT@20': '0.5833', 'NDCG@20': '0.2382', 'MRR@5': '0.1549', 'MRR@10': '0.1549', 'MRR@20': '0.1549'}
Validation score increased.  Saving model ...
{'epoch': 11, 'rec_avg_loss': '0.8015', 'rec_cur_loss': '0.7942'}
{'Epoch': 11, 'HIT@5': '0.2156', 'NDCG@5': '0.1353', 'HIT@10': '0.3733', 'NDCG@10': '0.1857', 'HIT@20': '0.5881', 'NDCG@20': '0.2399', 'MRR@5': '0.1556', 'MRR@10': '0.1556', 'MRR@20': '0.1556'}
Validation score increased.  Saving model ...
{'epoch': 12, 'rec_avg_loss': '0.7948', 'rec_cur_loss': '0.7920'}
{'Epoch': 12, 'HIT@5': '0.2212', 'NDCG@5': '0.1390', 'HIT@10': '0.3805', 'NDCG@10': '0.1899', 'HIT@20': '0.5969', 'NDCG@20': '0.2445', 'MRR@5': '0.1588', 'MRR@10': '0.1588', 'MRR@20': '0.1588'}
Validation score increased.  Saving model ...
{'epoch': 13, 'rec_avg_loss': '0.7893', 'rec_cur_loss': '0.8151'}
{'Epoch': 13, 'HIT@5': '0.2286', 'NDCG@5': '0.1429', 'HIT@10': '0.3904', 'NDCG@10': '0.1944', 'HIT@20': '0.6046', 'NDCG@20': '0.2484', 'MRR@5': '0.1612', 'MRR@10': '0.1612', 'MRR@20': '0.1612'}
Validation score increased.  Saving model ...
{'epoch': 14, 'rec_avg_loss': '0.7837', 'rec_cur_loss': '0.7898'}
{'Epoch': 14, 'HIT@5': '0.2286', 'NDCG@5': '0.1435', 'HIT@10': '0.3935', 'NDCG@10': '0.1963', 'HIT@20': '0.6093', 'NDCG@20': '0.2507', 'MRR@5': '0.1627', 'MRR@10': '0.1627', 'MRR@20': '0.1627'}
Validation score increased.  Saving model ...
{'epoch': 15, 'rec_avg_loss': '0.7794', 'rec_cur_loss': '0.7737'}
{'Epoch': 15, 'HIT@5': '0.2293', 'NDCG@5': '0.1450', 'HIT@10': '0.4028', 'NDCG@10': '0.2006', 'HIT@20': '0.6136', 'NDCG@20': '0.2536', 'MRR@5': '0.1650', 'MRR@10': '0.1650', 'MRR@20': '0.1650'}
Validation score increased.  Saving model ...
{'epoch': 16, 'rec_avg_loss': '0.7764', 'rec_cur_loss': '0.8054'}
{'Epoch': 16, 'HIT@5': '0.2363', 'NDCG@5': '0.1484', 'HIT@10': '0.4041', 'NDCG@10': '0.2021', 'HIT@20': '0.6156', 'NDCG@20': '0.2554', 'MRR@5': '0.1666', 'MRR@10': '0.1666', 'MRR@20': '0.1666'}
Validation score increased.  Saving model ...
{'epoch': 17, 'rec_avg_loss': '0.7734', 'rec_cur_loss': '0.7960'}
{'Epoch': 17, 'HIT@5': '0.2351', 'NDCG@5': '0.1482', 'HIT@10': '0.4036', 'NDCG@10': '0.2023', 'HIT@20': '0.6194', 'NDCG@20': '0.2566', 'MRR@5': '0.1671', 'MRR@10': '0.1671', 'MRR@20': '0.1671'}
Validation score increased.  Saving model ...
{'epoch': 18, 'rec_avg_loss': '0.7703', 'rec_cur_loss': '0.7353'}
{'Epoch': 18, 'HIT@5': '0.2381', 'NDCG@5': '0.1501', 'HIT@10': '0.4045', 'NDCG@10': '0.2035', 'HIT@20': '0.6202', 'NDCG@20': '0.2579', 'MRR@5': '0.1684', 'MRR@10': '0.1684', 'MRR@20': '0.1684'}
Validation score increased.  Saving model ...
{'epoch': 19, 'rec_avg_loss': '0.7665', 'rec_cur_loss': '0.7521'}
{'Epoch': 19, 'HIT@5': '0.2462', 'NDCG@5': '0.1547', 'HIT@10': '0.4111', 'NDCG@10': '0.2074', 'HIT@20': '0.6253', 'NDCG@20': '0.2615', 'MRR@5': '0.1713', 'MRR@10': '0.1713', 'MRR@20': '0.1713'}
Validation score increased.  Saving model ...
{'epoch': 20, 'rec_avg_loss': '0.7639', 'rec_cur_loss': '0.7607'}
{'Epoch': 20, 'HIT@5': '0.2447', 'NDCG@5': '0.1536', 'HIT@10': '0.4075', 'NDCG@10': '0.2058', 'HIT@20': '0.6250', 'NDCG@20': '0.2606', 'MRR@5': '0.1704', 'MRR@10': '0.1704', 'MRR@20': '0.1704'}
EarlyStopping counter: 1 out of 10
{'epoch': 21, 'rec_avg_loss': '0.7626', 'rec_cur_loss': '0.7399'}
{'Epoch': 21, 'HIT@5': '0.2465', 'NDCG@5': '0.1544', 'HIT@10': '0.4185', 'NDCG@10': '0.2095', 'HIT@20': '0.6325', 'NDCG@20': '0.2633', 'MRR@5': '0.1714', 'MRR@10': '0.1714', 'MRR@20': '0.1714'}
Validation score increased.  Saving model ...
{'epoch': 22, 'rec_avg_loss': '0.7594', 'rec_cur_loss': '0.7561'}
{'Epoch': 22, 'HIT@5': '0.2493', 'NDCG@5': '0.1564', 'HIT@10': '0.4199', 'NDCG@10': '0.2111', 'HIT@20': '0.6343', 'NDCG@20': '0.2651', 'MRR@5': '0.1731', 'MRR@10': '0.1731', 'MRR@20': '0.1731'}
Validation score increased.  Saving model ...
{'epoch': 23, 'rec_avg_loss': '0.7566', 'rec_cur_loss': '0.7631'}
{'Epoch': 23, 'HIT@5': '0.2536', 'NDCG@5': '0.1584', 'HIT@10': '0.4214', 'NDCG@10': '0.2124', 'HIT@20': '0.6394', 'NDCG@20': '0.2674', 'MRR@5': '0.1743', 'MRR@10': '0.1743', 'MRR@20': '0.1743'}
Validation score increased.  Saving model ...
{'epoch': 24, 'rec_avg_loss': '0.7555', 'rec_cur_loss': '0.7647'}
{'Epoch': 24, 'HIT@5': '0.2571', 'NDCG@5': '0.1605', 'HIT@10': '0.4258', 'NDCG@10': '0.2144', 'HIT@20': '0.6399', 'NDCG@20': '0.2684', 'MRR@5': '0.1755', 'MRR@10': '0.1755', 'MRR@20': '0.1755'}
Validation score increased.  Saving model ...
{'epoch': 25, 'rec_avg_loss': '0.7527', 'rec_cur_loss': '0.7706'}
{'Epoch': 25, 'HIT@5': '0.2604', 'NDCG@5': '0.1626', 'HIT@10': '0.4253', 'NDCG@10': '0.2155', 'HIT@20': '0.6437', 'NDCG@20': '0.2707', 'MRR@5': '0.1772', 'MRR@10': '0.1772', 'MRR@20': '0.1772'}
Validation score increased.  Saving model ...
{'epoch': 26, 'rec_avg_loss': '0.7504', 'rec_cur_loss': '0.7577'}
{'Epoch': 26, 'HIT@5': '0.2560', 'NDCG@5': '0.1601', 'HIT@10': '0.4247', 'NDCG@10': '0.2142', 'HIT@20': '0.6412', 'NDCG@20': '0.2689', 'MRR@5': '0.1757', 'MRR@10': '0.1757', 'MRR@20': '0.1757'}
EarlyStopping counter: 1 out of 10
{'epoch': 27, 'rec_avg_loss': '0.7508', 'rec_cur_loss': '0.7662'}
{'Epoch': 27, 'HIT@5': '0.2621', 'NDCG@5': '0.1632', 'HIT@10': '0.4278', 'NDCG@10': '0.2164', 'HIT@20': '0.6421', 'NDCG@20': '0.2706', 'MRR@5': '0.1774', 'MRR@10': '0.1774', 'MRR@20': '0.1774'}
Validation score increased.  Saving model ...
{'epoch': 28, 'rec_avg_loss': '0.7461', 'rec_cur_loss': '0.7354'}
{'Epoch': 28, 'HIT@5': '0.2671', 'NDCG@5': '0.1663', 'HIT@10': '0.4328', 'NDCG@10': '0.2195', 'HIT@20': '0.6467', 'NDCG@20': '0.2736', 'MRR@5': '0.1797', 'MRR@10': '0.1797', 'MRR@20': '0.1797'}
Validation score increased.  Saving model ...
{'epoch': 29, 'rec_avg_loss': '0.7447', 'rec_cur_loss': '0.7135'}
{'Epoch': 29, 'HIT@5': '0.2720', 'NDCG@5': '0.1702', 'HIT@10': '0.4407', 'NDCG@10': '0.2242', 'HIT@20': '0.6508', 'NDCG@20': '0.2772', 'MRR@5': '0.1830', 'MRR@10': '0.1830', 'MRR@20': '0.1830'}
Validation score increased.  Saving model ...
{'epoch': 30, 'rec_avg_loss': '0.7444', 'rec_cur_loss': '0.7583'}
{'Epoch': 30, 'HIT@5': '0.2719', 'NDCG@5': '0.1705', 'HIT@10': '0.4417', 'NDCG@10': '0.2250', 'HIT@20': '0.6523', 'NDCG@20': '0.2781', 'MRR@5': '0.1837', 'MRR@10': '0.1837', 'MRR@20': '0.1837'}
Validation score increased.  Saving model ...
{'epoch': 31, 'rec_avg_loss': '0.7444', 'rec_cur_loss': '0.7493'}
{'Epoch': 31, 'HIT@5': '0.2709', 'NDCG@5': '0.1703', 'HIT@10': '0.4409', 'NDCG@10': '0.2247', 'HIT@20': '0.6523', 'NDCG@20': '0.2781', 'MRR@5': '0.1837', 'MRR@10': '0.1837', 'MRR@20': '0.1837'}
Validation score increased.  Saving model ...
{'epoch': 32, 'rec_avg_loss': '0.7431', 'rec_cur_loss': '0.7456'}
{'Epoch': 32, 'HIT@5': '0.2695', 'NDCG@5': '0.1687', 'HIT@10': '0.4366', 'NDCG@10': '0.2222', 'HIT@20': '0.6518', 'NDCG@20': '0.2765', 'MRR@5': '0.1820', 'MRR@10': '0.1820', 'MRR@20': '0.1820'}
EarlyStopping counter: 1 out of 10
{'epoch': 33, 'rec_avg_loss': '0.7421', 'rec_cur_loss': '0.7330'}
{'Epoch': 33, 'HIT@5': '0.2694', 'NDCG@5': '0.1697', 'HIT@10': '0.4421', 'NDCG@10': '0.2251', 'HIT@20': '0.6522', 'NDCG@20': '0.2783', 'MRR@5': '0.1839', 'MRR@10': '0.1839', 'MRR@20': '0.1839'}
Validation score increased.  Saving model ...
{'epoch': 34, 'rec_avg_loss': '0.7406', 'rec_cur_loss': '0.7387'}
{'Epoch': 34, 'HIT@5': '0.2704', 'NDCG@5': '0.1708', 'HIT@10': '0.4429', 'NDCG@10': '0.2260', 'HIT@20': '0.6550', 'NDCG@20': '0.2797', 'MRR@5': '0.1851', 'MRR@10': '0.1851', 'MRR@20': '0.1851'}
Validation score increased.  Saving model ...
{'epoch': 35, 'rec_avg_loss': '0.7377', 'rec_cur_loss': '0.7471'}
{'Epoch': 35, 'HIT@5': '0.2778', 'NDCG@5': '0.1759', 'HIT@10': '0.4538', 'NDCG@10': '0.2324', 'HIT@20': '0.6589', 'NDCG@20': '0.2843', 'MRR@5': '0.1893', 'MRR@10': '0.1893', 'MRR@20': '0.1893'}
Validation score increased.  Saving model ...
{'epoch': 36, 'rec_avg_loss': '0.7397', 'rec_cur_loss': '0.7252'}
{'Epoch': 36, 'HIT@5': '0.2772', 'NDCG@5': '0.1746', 'HIT@10': '0.4520', 'NDCG@10': '0.2307', 'HIT@20': '0.6604', 'NDCG@20': '0.2834', 'MRR@5': '0.1877', 'MRR@10': '0.1877', 'MRR@20': '0.1877'}
EarlyStopping counter: 1 out of 10
{'epoch': 37, 'rec_avg_loss': '0.7370', 'rec_cur_loss': '0.7317'}
{'Epoch': 37, 'HIT@5': '0.2816', 'NDCG@5': '0.1766', 'HIT@10': '0.4540', 'NDCG@10': '0.2319', 'HIT@20': '0.6636', 'NDCG@20': '0.2848', 'MRR@5': '0.1886', 'MRR@10': '0.1886', 'MRR@20': '0.1886'}
EarlyStopping counter: 2 out of 10
{'epoch': 38, 'rec_avg_loss': '0.7342', 'rec_cur_loss': '0.7400'}
{'Epoch': 38, 'HIT@5': '0.2823', 'NDCG@5': '0.1762', 'HIT@10': '0.4566', 'NDCG@10': '0.2321', 'HIT@20': '0.6603', 'NDCG@20': '0.2836', 'MRR@5': '0.1878', 'MRR@10': '0.1878', 'MRR@20': '0.1878'}
EarlyStopping counter: 3 out of 10
{'epoch': 39, 'rec_avg_loss': '0.7375', 'rec_cur_loss': '0.7430'}
{'Epoch': 39, 'HIT@5': '0.2808', 'NDCG@5': '0.1764', 'HIT@10': '0.4540', 'NDCG@10': '0.2320', 'HIT@20': '0.6616', 'NDCG@20': '0.2844', 'MRR@5': '0.1887', 'MRR@10': '0.1887', 'MRR@20': '0.1887'}
EarlyStopping counter: 4 out of 10
{'epoch': 40, 'rec_avg_loss': '0.7329', 'rec_cur_loss': '0.7181'}
{'Epoch': 40, 'HIT@5': '0.2834', 'NDCG@5': '0.1779', 'HIT@10': '0.4599', 'NDCG@10': '0.2346', 'HIT@20': '0.6646', 'NDCG@20': '0.2863', 'MRR@5': '0.1900', 'MRR@10': '0.1900', 'MRR@20': '0.1900'}
Validation score increased.  Saving model ...
{'epoch': 41, 'rec_avg_loss': '0.7321', 'rec_cur_loss': '0.7384'}
{'Epoch': 41, 'HIT@5': '0.2843', 'NDCG@5': '0.1781', 'HIT@10': '0.4588', 'NDCG@10': '0.2342', 'HIT@20': '0.6671', 'NDCG@20': '0.2868', 'MRR@5': '0.1899', 'MRR@10': '0.1899', 'MRR@20': '0.1899'}
EarlyStopping counter: 1 out of 10
{'epoch': 42, 'rec_avg_loss': '0.7329', 'rec_cur_loss': '0.7356'}
{'Epoch': 42, 'HIT@5': '0.2833', 'NDCG@5': '0.1772', 'HIT@10': '0.4601', 'NDCG@10': '0.2340', 'HIT@20': '0.6656', 'NDCG@20': '0.2859', 'MRR@5': '0.1892', 'MRR@10': '0.1892', 'MRR@20': '0.1892'}
EarlyStopping counter: 2 out of 10
{'epoch': 43, 'rec_avg_loss': '0.7302', 'rec_cur_loss': '0.7271'}
{'Epoch': 43, 'HIT@5': '0.2846', 'NDCG@5': '0.1782', 'HIT@10': '0.4634', 'NDCG@10': '0.2355', 'HIT@20': '0.6692', 'NDCG@20': '0.2874', 'MRR@5': '0.1901', 'MRR@10': '0.1901', 'MRR@20': '0.1901'}
Validation score increased.  Saving model ...
{'epoch': 44, 'rec_avg_loss': '0.7299', 'rec_cur_loss': '0.7278'}
{'Epoch': 44, 'HIT@5': '0.2859', 'NDCG@5': '0.1800', 'HIT@10': '0.4677', 'NDCG@10': '0.2385', 'HIT@20': '0.6664', 'NDCG@20': '0.2887', 'MRR@5': '0.1923', 'MRR@10': '0.1923', 'MRR@20': '0.1923'}
Validation score increased.  Saving model ...
{'epoch': 45, 'rec_avg_loss': '0.7290', 'rec_cur_loss': '0.7084'}
{'Epoch': 45, 'HIT@5': '0.2839', 'NDCG@5': '0.1777', 'HIT@10': '0.4649', 'NDCG@10': '0.2359', 'HIT@20': '0.6680', 'NDCG@20': '0.2872', 'MRR@5': '0.1900', 'MRR@10': '0.1900', 'MRR@20': '0.1900'}
EarlyStopping counter: 1 out of 10
{'epoch': 46, 'rec_avg_loss': '0.7302', 'rec_cur_loss': '0.7440'}
{'Epoch': 46, 'HIT@5': '0.2894', 'NDCG@5': '0.1801', 'HIT@10': '0.4646', 'NDCG@10': '0.2363', 'HIT@20': '0.6695', 'NDCG@20': '0.2879', 'MRR@5': '0.1905', 'MRR@10': '0.1905', 'MRR@20': '0.1905'}
EarlyStopping counter: 2 out of 10
{'epoch': 47, 'rec_avg_loss': '0.7300', 'rec_cur_loss': '0.7549'}
{'Epoch': 47, 'HIT@5': '0.2881', 'NDCG@5': '0.1807', 'HIT@10': '0.4671', 'NDCG@10': '0.2383', 'HIT@20': '0.6692', 'NDCG@20': '0.2894', 'MRR@5': '0.1924', 'MRR@10': '0.1924', 'MRR@20': '0.1924'}
Validation score increased.  Saving model ...
{'epoch': 48, 'rec_avg_loss': '0.7258', 'rec_cur_loss': '0.7280'}
{'Epoch': 48, 'HIT@5': '0.2851', 'NDCG@5': '0.1782', 'HIT@10': '0.4647', 'NDCG@10': '0.2361', 'HIT@20': '0.6675', 'NDCG@20': '0.2873', 'MRR@5': '0.1902', 'MRR@10': '0.1902', 'MRR@20': '0.1902'}
EarlyStopping counter: 1 out of 10
{'epoch': 49, 'rec_avg_loss': '0.7269', 'rec_cur_loss': '0.7094'}
{'Epoch': 49, 'HIT@5': '0.2904', 'NDCG@5': '0.1813', 'HIT@10': '0.4680', 'NDCG@10': '0.2384', 'HIT@20': '0.6715', 'NDCG@20': '0.2898', 'MRR@5': '0.1921', 'MRR@10': '0.1921', 'MRR@20': '0.1921'}
EarlyStopping counter: 2 out of 10
{'epoch': 50, 'rec_avg_loss': '0.7253', 'rec_cur_loss': '0.7329'}
{'Epoch': 50, 'HIT@5': '0.2899', 'NDCG@5': '0.1814', 'HIT@10': '0.4699', 'NDCG@10': '0.2392', 'HIT@20': '0.6737', 'NDCG@20': '0.2907', 'MRR@5': '0.1926', 'MRR@10': '0.1926', 'MRR@20': '0.1926'}
Validation score increased.  Saving model ...
{'epoch': 51, 'rec_avg_loss': '0.7230', 'rec_cur_loss': '0.7410'}
{'Epoch': 51, 'HIT@5': '0.2962', 'NDCG@5': '0.1850', 'HIT@10': '0.4710', 'NDCG@10': '0.2413', 'HIT@20': '0.6750', 'NDCG@20': '0.2928', 'MRR@5': '0.1948', 'MRR@10': '0.1948', 'MRR@20': '0.1948'}
Validation score increased.  Saving model ...
{'epoch': 52, 'rec_avg_loss': '0.7238', 'rec_cur_loss': '0.7226'}
{'Epoch': 52, 'HIT@5': '0.2975', 'NDCG@5': '0.1861', 'HIT@10': '0.4730', 'NDCG@10': '0.2426', 'HIT@20': '0.6753', 'NDCG@20': '0.2938', 'MRR@5': '0.1958', 'MRR@10': '0.1958', 'MRR@20': '0.1958'}
Validation score increased.  Saving model ...
{'epoch': 53, 'rec_avg_loss': '0.7214', 'rec_cur_loss': '0.7292'}
{'Epoch': 53, 'HIT@5': '0.3000', 'NDCG@5': '0.1874', 'HIT@10': '0.4760', 'NDCG@10': '0.2441', 'HIT@20': '0.6763', 'NDCG@20': '0.2947', 'MRR@5': '0.1966', 'MRR@10': '0.1966', 'MRR@20': '0.1966'}
Validation score increased.  Saving model ...
{'epoch': 54, 'rec_avg_loss': '0.7209', 'rec_cur_loss': '0.6960'}
{'Epoch': 54, 'HIT@5': '0.2952', 'NDCG@5': '0.1841', 'HIT@10': '0.4767', 'NDCG@10': '0.2425', 'HIT@20': '0.6770', 'NDCG@20': '0.2931', 'MRR@5': '0.1944', 'MRR@10': '0.1944', 'MRR@20': '0.1944'}
EarlyStopping counter: 1 out of 10
{'epoch': 55, 'rec_avg_loss': '0.7237', 'rec_cur_loss': '0.7222'}
{'Epoch': 55, 'HIT@5': '0.2980', 'NDCG@5': '0.1866', 'HIT@10': '0.4753', 'NDCG@10': '0.2439', 'HIT@20': '0.6785', 'NDCG@20': '0.2953', 'MRR@5': '0.1967', 'MRR@10': '0.1967', 'MRR@20': '0.1967'}
Validation score increased.  Saving model ...
{'epoch': 56, 'rec_avg_loss': '0.7220', 'rec_cur_loss': '0.7272'}
{'Epoch': 56, 'HIT@5': '0.3031', 'NDCG@5': '0.1891', 'HIT@10': '0.4829', 'NDCG@10': '0.2471', 'HIT@20': '0.6810', 'NDCG@20': '0.2971', 'MRR@5': '0.1980', 'MRR@10': '0.1980', 'MRR@20': '0.1980'}
Validation score increased.  Saving model ...
{'epoch': 57, 'rec_avg_loss': '0.7227', 'rec_cur_loss': '0.7155'}
{'Epoch': 57, 'HIT@5': '0.3038', 'NDCG@5': '0.1898', 'HIT@10': '0.4821', 'NDCG@10': '0.2474', 'HIT@20': '0.6815', 'NDCG@20': '0.2977', 'MRR@5': '0.1987', 'MRR@10': '0.1987', 'MRR@20': '0.1987'}
Validation score increased.  Saving model ...
{'epoch': 58, 'rec_avg_loss': '0.7196', 'rec_cur_loss': '0.7035'}
{'Epoch': 58, 'HIT@5': '0.2995', 'NDCG@5': '0.1878', 'HIT@10': '0.4793', 'NDCG@10': '0.2459', 'HIT@20': '0.6821', 'NDCG@20': '0.2971', 'MRR@5': '0.1978', 'MRR@10': '0.1978', 'MRR@20': '0.1978'}
EarlyStopping counter: 1 out of 10
{'epoch': 59, 'rec_avg_loss': '0.7188', 'rec_cur_loss': '0.7057'}
{'Epoch': 59, 'HIT@5': '0.3033', 'NDCG@5': '0.1892', 'HIT@10': '0.4820', 'NDCG@10': '0.2468', 'HIT@20': '0.6811', 'NDCG@20': '0.2971', 'MRR@5': '0.1980', 'MRR@10': '0.1980', 'MRR@20': '0.1980'}
EarlyStopping counter: 2 out of 10
{'epoch': 60, 'rec_avg_loss': '0.7179', 'rec_cur_loss': '0.7463'}
{'Epoch': 60, 'HIT@5': '0.3035', 'NDCG@5': '0.1892', 'HIT@10': '0.4808', 'NDCG@10': '0.2465', 'HIT@20': '0.6838', 'NDCG@20': '0.2978', 'MRR@5': '0.1981', 'MRR@10': '0.1981', 'MRR@20': '0.1981'}
EarlyStopping counter: 3 out of 10
{'epoch': 61, 'rec_avg_loss': '0.7167', 'rec_cur_loss': '0.7024'}
{'Epoch': 61, 'HIT@5': '0.2993', 'NDCG@5': '0.1865', 'HIT@10': '0.4781', 'NDCG@10': '0.2442', 'HIT@20': '0.6798', 'NDCG@20': '0.2951', 'MRR@5': '0.1960', 'MRR@10': '0.1960', 'MRR@20': '0.1960'}
EarlyStopping counter: 4 out of 10
{'epoch': 62, 'rec_avg_loss': '0.7175', 'rec_cur_loss': '0.7032'}
{'Epoch': 62, 'HIT@5': '0.2988', 'NDCG@5': '0.1873', 'HIT@10': '0.4798', 'NDCG@10': '0.2457', 'HIT@20': '0.6833', 'NDCG@20': '0.2971', 'MRR@5': '0.1976', 'MRR@10': '0.1976', 'MRR@20': '0.1976'}
EarlyStopping counter: 5 out of 10
{'epoch': 63, 'rec_avg_loss': '0.7168', 'rec_cur_loss': '0.7352'}
{'Epoch': 63, 'HIT@5': '0.3099', 'NDCG@5': '0.1939', 'HIT@10': '0.4851', 'NDCG@10': '0.2505', 'HIT@20': '0.6868', 'NDCG@20': '0.3014', 'MRR@5': '0.2018', 'MRR@10': '0.2018', 'MRR@20': '0.2018'}
Validation score increased.  Saving model ...
{'epoch': 64, 'rec_avg_loss': '0.7171', 'rec_cur_loss': '0.7263'}
{'Epoch': 64, 'HIT@5': '0.3031', 'NDCG@5': '0.1896', 'HIT@10': '0.4871', 'NDCG@10': '0.2490', 'HIT@20': '0.6869', 'NDCG@20': '0.2994', 'MRR@5': '0.1992', 'MRR@10': '0.1992', 'MRR@20': '0.1992'}
EarlyStopping counter: 1 out of 10
{'epoch': 65, 'rec_avg_loss': '0.7164', 'rec_cur_loss': '0.7349'}
{'Epoch': 65, 'HIT@5': '0.3031', 'NDCG@5': '0.1889', 'HIT@10': '0.4841', 'NDCG@10': '0.2472', 'HIT@20': '0.6856', 'NDCG@20': '0.2980', 'MRR@5': '0.1979', 'MRR@10': '0.1979', 'MRR@20': '0.1979'}
EarlyStopping counter: 2 out of 10
{'epoch': 66, 'rec_avg_loss': '0.7171', 'rec_cur_loss': '0.7284'}
{'Epoch': 66, 'HIT@5': '0.3053', 'NDCG@5': '0.1910', 'HIT@10': '0.4844', 'NDCG@10': '0.2488', 'HIT@20': '0.6876', 'NDCG@20': '0.3001', 'MRR@5': '0.1999', 'MRR@10': '0.1999', 'MRR@20': '0.1999'}
EarlyStopping counter: 3 out of 10
{'epoch': 67, 'rec_avg_loss': '0.7144', 'rec_cur_loss': '0.7178'}
{'Epoch': 67, 'HIT@5': '0.3076', 'NDCG@5': '0.1935', 'HIT@10': '0.4859', 'NDCG@10': '0.2509', 'HIT@20': '0.6829', 'NDCG@20': '0.3007', 'MRR@5': '0.2021', 'MRR@10': '0.2021', 'MRR@20': '0.2021'}
Validation score increased.  Saving model ...
{'epoch': 68, 'rec_avg_loss': '0.7129', 'rec_cur_loss': '0.7126'}
{'Epoch': 68, 'HIT@5': '0.3048', 'NDCG@5': '0.1925', 'HIT@10': '0.4839', 'NDCG@10': '0.2502', 'HIT@20': '0.6836', 'NDCG@20': '0.3007', 'MRR@5': '0.2019', 'MRR@10': '0.2019', 'MRR@20': '0.2019'}
EarlyStopping counter: 1 out of 10
{'epoch': 69, 'rec_avg_loss': '0.7141', 'rec_cur_loss': '0.7120'}
{'Epoch': 69, 'HIT@5': '0.3007', 'NDCG@5': '0.1889', 'HIT@10': '0.4798', 'NDCG@10': '0.2467', 'HIT@20': '0.6803', 'NDCG@20': '0.2974', 'MRR@5': '0.1988', 'MRR@10': '0.1988', 'MRR@20': '0.1988'}
EarlyStopping counter: 2 out of 10
{'epoch': 70, 'rec_avg_loss': '0.7138', 'rec_cur_loss': '0.6818'}
{'Epoch': 70, 'HIT@5': '0.3013', 'NDCG@5': '0.1912', 'HIT@10': '0.4834', 'NDCG@10': '0.2500', 'HIT@20': '0.6821', 'NDCG@20': '0.3002', 'MRR@5': '0.2019', 'MRR@10': '0.2019', 'MRR@20': '0.2019'}
EarlyStopping counter: 3 out of 10
{'epoch': 71, 'rec_avg_loss': '0.7105', 'rec_cur_loss': '0.7329'}
{'Epoch': 71, 'HIT@5': '0.3060', 'NDCG@5': '0.1925', 'HIT@10': '0.4858', 'NDCG@10': '0.2504', 'HIT@20': '0.6820', 'NDCG@20': '0.3000', 'MRR@5': '0.2015', 'MRR@10': '0.2015', 'MRR@20': '0.2015'}
EarlyStopping counter: 4 out of 10
{'epoch': 72, 'rec_avg_loss': '0.7157', 'rec_cur_loss': '0.7200'}
{'Epoch': 72, 'HIT@5': '0.3126', 'NDCG@5': '0.1965', 'HIT@10': '0.4944', 'NDCG@10': '0.2550', 'HIT@20': '0.6877', 'NDCG@20': '0.3038', 'MRR@5': '0.2044', 'MRR@10': '0.2044', 'MRR@20': '0.2044'}
Validation score increased.  Saving model ...
{'epoch': 73, 'rec_avg_loss': '0.7119', 'rec_cur_loss': '0.6952'}
{'Epoch': 73, 'HIT@5': '0.3124', 'NDCG@5': '0.1971', 'HIT@10': '0.4914', 'NDCG@10': '0.2547', 'HIT@20': '0.6902', 'NDCG@20': '0.3050', 'MRR@5': '0.2052', 'MRR@10': '0.2052', 'MRR@20': '0.2052'}
Validation score increased.  Saving model ...
{'epoch': 74, 'rec_avg_loss': '0.7106', 'rec_cur_loss': '0.7465'}
{'Epoch': 74, 'HIT@5': '0.3132', 'NDCG@5': '0.1972', 'HIT@10': '0.4922', 'NDCG@10': '0.2548', 'HIT@20': '0.6901', 'NDCG@20': '0.3050', 'MRR@5': '0.2052', 'MRR@10': '0.2052', 'MRR@20': '0.2052'}
EarlyStopping counter: 1 out of 10
{'epoch': 75, 'rec_avg_loss': '0.7085', 'rec_cur_loss': '0.7014'}
{'Epoch': 75, 'HIT@5': '0.3070', 'NDCG@5': '0.1929', 'HIT@10': '0.4891', 'NDCG@10': '0.2517', 'HIT@20': '0.6891', 'NDCG@20': '0.3023', 'MRR@5': '0.2021', 'MRR@10': '0.2021', 'MRR@20': '0.2021'}
EarlyStopping counter: 2 out of 10
{'epoch': 76, 'rec_avg_loss': '0.7073', 'rec_cur_loss': '0.6926'}
{'Epoch': 76, 'HIT@5': '0.3099', 'NDCG@5': '0.1948', 'HIT@10': '0.4945', 'NDCG@10': '0.2541', 'HIT@20': '0.6921', 'NDCG@20': '0.3039', 'MRR@5': '0.2034', 'MRR@10': '0.2034', 'MRR@20': '0.2034'}
EarlyStopping counter: 3 out of 10
{'epoch': 77, 'rec_avg_loss': '0.7090', 'rec_cur_loss': '0.7246'}
{'Epoch': 77, 'HIT@5': '0.3078', 'NDCG@5': '0.1940', 'HIT@10': '0.4904', 'NDCG@10': '0.2528', 'HIT@20': '0.6892', 'NDCG@20': '0.3031', 'MRR@5': '0.2032', 'MRR@10': '0.2032', 'MRR@20': '0.2032'}
EarlyStopping counter: 4 out of 10
{'epoch': 78, 'rec_avg_loss': '0.7092', 'rec_cur_loss': '0.6933'}
{'Epoch': 78, 'HIT@5': '0.3180', 'NDCG@5': '0.2013', 'HIT@10': '0.4990', 'NDCG@10': '0.2596', 'HIT@20': '0.6954', 'NDCG@20': '0.3093', 'MRR@5': '0.2090', 'MRR@10': '0.2090', 'MRR@20': '0.2090'}
Validation score increased.  Saving model ...
{'epoch': 79, 'rec_avg_loss': '0.7073', 'rec_cur_loss': '0.7362'}
{'Epoch': 79, 'HIT@5': '0.3096', 'NDCG@5': '0.1947', 'HIT@10': '0.4911', 'NDCG@10': '0.2531', 'HIT@20': '0.6896', 'NDCG@20': '0.3032', 'MRR@5': '0.2032', 'MRR@10': '0.2032', 'MRR@20': '0.2032'}
EarlyStopping counter: 1 out of 10
{'epoch': 80, 'rec_avg_loss': '0.7082', 'rec_cur_loss': '0.7306'}
{'Epoch': 80, 'HIT@5': '0.3045', 'NDCG@5': '0.1931', 'HIT@10': '0.4889', 'NDCG@10': '0.2525', 'HIT@20': '0.6917', 'NDCG@20': '0.3038', 'MRR@5': '0.2035', 'MRR@10': '0.2035', 'MRR@20': '0.2035'}
EarlyStopping counter: 2 out of 10
{'epoch': 81, 'rec_avg_loss': '0.7081', 'rec_cur_loss': '0.7149'}
{'Epoch': 81, 'HIT@5': '0.3111', 'NDCG@5': '0.1969', 'HIT@10': '0.4947', 'NDCG@10': '0.2561', 'HIT@20': '0.6955', 'NDCG@20': '0.3069', 'MRR@5': '0.2061', 'MRR@10': '0.2061', 'MRR@20': '0.2061'}
EarlyStopping counter: 3 out of 10
{'epoch': 82, 'rec_avg_loss': '0.7066', 'rec_cur_loss': '0.7188'}
{'Epoch': 82, 'HIT@5': '0.3119', 'NDCG@5': '0.1971', 'HIT@10': '0.4942', 'NDCG@10': '0.2557', 'HIT@20': '0.6950', 'NDCG@20': '0.3064', 'MRR@5': '0.2056', 'MRR@10': '0.2056', 'MRR@20': '0.2056'}
EarlyStopping counter: 4 out of 10
{'epoch': 83, 'rec_avg_loss': '0.7062', 'rec_cur_loss': '0.6853'}
{'Epoch': 83, 'HIT@5': '0.3114', 'NDCG@5': '0.1972', 'HIT@10': '0.4937', 'NDCG@10': '0.2559', 'HIT@20': '0.6914', 'NDCG@20': '0.3059', 'MRR@5': '0.2060', 'MRR@10': '0.2060', 'MRR@20': '0.2060'}
EarlyStopping counter: 5 out of 10
{'epoch': 84, 'rec_avg_loss': '0.7058', 'rec_cur_loss': '0.6599'}
{'Epoch': 84, 'HIT@5': '0.3146', 'NDCG@5': '0.1998', 'HIT@10': '0.4960', 'NDCG@10': '0.2583', 'HIT@20': '0.6960', 'NDCG@20': '0.3088', 'MRR@5': '0.2083', 'MRR@10': '0.2083', 'MRR@20': '0.2083'}
EarlyStopping counter: 6 out of 10
{'epoch': 85, 'rec_avg_loss': '0.7067', 'rec_cur_loss': '0.7293'}
{'Epoch': 85, 'HIT@5': '0.3174', 'NDCG@5': '0.2007', 'HIT@10': '0.5007', 'NDCG@10': '0.2597', 'HIT@20': '0.6964', 'NDCG@20': '0.3092', 'MRR@5': '0.2085', 'MRR@10': '0.2085', 'MRR@20': '0.2085'}
EarlyStopping counter: 7 out of 10
{'epoch': 86, 'rec_avg_loss': '0.7046', 'rec_cur_loss': '0.7265'}
{'Epoch': 86, 'HIT@5': '0.3179', 'NDCG@5': '0.2018', 'HIT@10': '0.4985', 'NDCG@10': '0.2601', 'HIT@20': '0.6980', 'NDCG@20': '0.3106', 'MRR@5': '0.2098', 'MRR@10': '0.2098', 'MRR@20': '0.2098'}
Validation score increased.  Saving model ...
{'epoch': 87, 'rec_avg_loss': '0.7038', 'rec_cur_loss': '0.7170'}
{'Epoch': 87, 'HIT@5': '0.3167', 'NDCG@5': '0.2011', 'HIT@10': '0.4988', 'NDCG@10': '0.2597', 'HIT@20': '0.6935', 'NDCG@20': '0.3091', 'MRR@5': '0.2092', 'MRR@10': '0.2092', 'MRR@20': '0.2092'}
EarlyStopping counter: 1 out of 10
{'epoch': 88, 'rec_avg_loss': '0.7029', 'rec_cur_loss': '0.6876'}
{'Epoch': 88, 'HIT@5': '0.3156', 'NDCG@5': '0.1998', 'HIT@10': '0.4955', 'NDCG@10': '0.2577', 'HIT@20': '0.6980', 'NDCG@20': '0.3089', 'MRR@5': '0.2078', 'MRR@10': '0.2078', 'MRR@20': '0.2078'}
EarlyStopping counter: 2 out of 10
{'epoch': 89, 'rec_avg_loss': '0.7025', 'rec_cur_loss': '0.7096'}
{'Epoch': 89, 'HIT@5': '0.3113', 'NDCG@5': '0.1977', 'HIT@10': '0.4949', 'NDCG@10': '0.2568', 'HIT@20': '0.6932', 'NDCG@20': '0.3069', 'MRR@5': '0.2068', 'MRR@10': '0.2068', 'MRR@20': '0.2068'}
EarlyStopping counter: 3 out of 10
{'epoch': 90, 'rec_avg_loss': '0.7039', 'rec_cur_loss': '0.7069'}
{'Epoch': 90, 'HIT@5': '0.3205', 'NDCG@5': '0.2034', 'HIT@10': '0.5053', 'NDCG@10': '0.2628', 'HIT@20': '0.6998', 'NDCG@20': '0.3119', 'MRR@5': '0.2109', 'MRR@10': '0.2109', 'MRR@20': '0.2109'}
Validation score increased.  Saving model ...
{'epoch': 91, 'rec_avg_loss': '0.7046', 'rec_cur_loss': '0.7140'}
{'Epoch': 91, 'HIT@5': '0.3185', 'NDCG@5': '0.2023', 'HIT@10': '0.5018', 'NDCG@10': '0.2613', 'HIT@20': '0.6969', 'NDCG@20': '0.3107', 'MRR@5': '0.2102', 'MRR@10': '0.2102', 'MRR@20': '0.2102'}
EarlyStopping counter: 1 out of 10
{'epoch': 92, 'rec_avg_loss': '0.7037', 'rec_cur_loss': '0.6933'}
{'Epoch': 92, 'HIT@5': '0.3171', 'NDCG@5': '0.2010', 'HIT@10': '0.4988', 'NDCG@10': '0.2596', 'HIT@20': '0.6977', 'NDCG@20': '0.3098', 'MRR@5': '0.2090', 'MRR@10': '0.2090', 'MRR@20': '0.2090'}
EarlyStopping counter: 2 out of 10
{'epoch': 93, 'rec_avg_loss': '0.7045', 'rec_cur_loss': '0.6930'}
{'Epoch': 93, 'HIT@5': '0.3209', 'NDCG@5': '0.2054', 'HIT@10': '0.5043', 'NDCG@10': '0.2646', 'HIT@20': '0.6990', 'NDCG@20': '0.3139', 'MRR@5': '0.2136', 'MRR@10': '0.2136', 'MRR@20': '0.2136'}
Validation score increased.  Saving model ...
{'epoch': 94, 'rec_avg_loss': '0.7009', 'rec_cur_loss': '0.7185'}
{'Epoch': 94, 'HIT@5': '0.3169', 'NDCG@5': '0.2013', 'HIT@10': '0.5018', 'NDCG@10': '0.2609', 'HIT@20': '0.6965', 'NDCG@20': '0.3102', 'MRR@5': '0.2096', 'MRR@10': '0.2096', 'MRR@20': '0.2096'}
EarlyStopping counter: 1 out of 10
{'epoch': 95, 'rec_avg_loss': '0.7048', 'rec_cur_loss': '0.7038'}
{'Epoch': 95, 'HIT@5': '0.3190', 'NDCG@5': '0.2026', 'HIT@10': '0.5018', 'NDCG@10': '0.2615', 'HIT@20': '0.6972', 'NDCG@20': '0.3109', 'MRR@5': '0.2104', 'MRR@10': '0.2104', 'MRR@20': '0.2104'}
EarlyStopping counter: 2 out of 10
{'epoch': 96, 'rec_avg_loss': '0.7009', 'rec_cur_loss': '0.6869'}
{'Epoch': 96, 'HIT@5': '0.3225', 'NDCG@5': '0.2041', 'HIT@10': '0.5036', 'NDCG@10': '0.2624', 'HIT@20': '0.7018', 'NDCG@20': '0.3125', 'MRR@5': '0.2109', 'MRR@10': '0.2109', 'MRR@20': '0.2109'}
EarlyStopping counter: 3 out of 10
{'epoch': 97, 'rec_avg_loss': '0.7002', 'rec_cur_loss': '0.7058'}
{'Epoch': 97, 'HIT@5': '0.3189', 'NDCG@5': '0.2015', 'HIT@10': '0.5013', 'NDCG@10': '0.2602', 'HIT@20': '0.6978', 'NDCG@20': '0.3100', 'MRR@5': '0.2089', 'MRR@10': '0.2089', 'MRR@20': '0.2089'}
EarlyStopping counter: 4 out of 10
{'epoch': 98, 'rec_avg_loss': '0.6996', 'rec_cur_loss': '0.6961'}
{'Epoch': 98, 'HIT@5': '0.3232', 'NDCG@5': '0.2053', 'HIT@10': '0.5060', 'NDCG@10': '0.2643', 'HIT@20': '0.7010', 'NDCG@20': '0.3136', 'MRR@5': '0.2125', 'MRR@10': '0.2125', 'MRR@20': '0.2125'}
EarlyStopping counter: 5 out of 10
{'epoch': 99, 'rec_avg_loss': '0.6999', 'rec_cur_loss': '0.6899'}
{'Epoch': 99, 'HIT@5': '0.3240', 'NDCG@5': '0.2061', 'HIT@10': '0.5068', 'NDCG@10': '0.2650', 'HIT@20': '0.7041', 'NDCG@20': '0.3149', 'MRR@5': '0.2133', 'MRR@10': '0.2133', 'MRR@20': '0.2133'}
EarlyStopping counter: 6 out of 10
{'epoch': 100, 'rec_avg_loss': '0.6972', 'rec_cur_loss': '0.6992'}
{'Epoch': 100, 'HIT@5': '0.3242', 'NDCG@5': '0.2069', 'HIT@10': '0.5119', 'NDCG@10': '0.2673', 'HIT@20': '0.7030', 'NDCG@20': '0.3156', 'MRR@5': '0.2144', 'MRR@10': '0.2144', 'MRR@20': '0.2144'}
Validation score increased.  Saving model ...
{'epoch': 101, 'rec_avg_loss': '0.6990', 'rec_cur_loss': '0.7141'}
{'Epoch': 101, 'HIT@5': '0.3253', 'NDCG@5': '0.2083', 'HIT@10': '0.5108', 'NDCG@10': '0.2679', 'HIT@20': '0.7025', 'NDCG@20': '0.3165', 'MRR@5': '0.2158', 'MRR@10': '0.2158', 'MRR@20': '0.2158'}
Validation score increased.  Saving model ...
{'epoch': 102, 'rec_avg_loss': '0.6967', 'rec_cur_loss': '0.6582'}
{'Epoch': 102, 'HIT@5': '0.3214', 'NDCG@5': '0.2059', 'HIT@10': '0.5103', 'NDCG@10': '0.2666', 'HIT@20': '0.7005', 'NDCG@20': '0.3149', 'MRR@5': '0.2143', 'MRR@10': '0.2143', 'MRR@20': '0.2143'}
EarlyStopping counter: 1 out of 10
{'epoch': 103, 'rec_avg_loss': '0.6982', 'rec_cur_loss': '0.7001'}
{'Epoch': 103, 'HIT@5': '0.3243', 'NDCG@5': '0.2077', 'HIT@10': '0.5075', 'NDCG@10': '0.2667', 'HIT@20': '0.7013', 'NDCG@20': '0.3159', 'MRR@5': '0.2153', 'MRR@10': '0.2153', 'MRR@20': '0.2153'}
EarlyStopping counter: 2 out of 10
{'epoch': 104, 'rec_avg_loss': '0.6969', 'rec_cur_loss': '0.6988'}
{'Epoch': 104, 'HIT@5': '0.3238', 'NDCG@5': '0.2074', 'HIT@10': '0.5109', 'NDCG@10': '0.2678', 'HIT@20': '0.7043', 'NDCG@20': '0.3168', 'MRR@5': '0.2156', 'MRR@10': '0.2156', 'MRR@20': '0.2156'}
EarlyStopping counter: 3 out of 10
{'epoch': 105, 'rec_avg_loss': '0.6979', 'rec_cur_loss': '0.7178'}
{'Epoch': 105, 'HIT@5': '0.3197', 'NDCG@5': '0.2054', 'HIT@10': '0.5070', 'NDCG@10': '0.2656', 'HIT@20': '0.7013', 'NDCG@20': '0.3149', 'MRR@5': '0.2142', 'MRR@10': '0.2142', 'MRR@20': '0.2142'}
EarlyStopping counter: 4 out of 10
{'epoch': 106, 'rec_avg_loss': '0.6973', 'rec_cur_loss': '0.6889'}
{'Epoch': 106, 'HIT@5': '0.3197', 'NDCG@5': '0.2060', 'HIT@10': '0.5048', 'NDCG@10': '0.2657', 'HIT@20': '0.7036', 'NDCG@20': '0.3160', 'MRR@5': '0.2150', 'MRR@10': '0.2150', 'MRR@20': '0.2150'}
EarlyStopping counter: 5 out of 10
{'epoch': 107, 'rec_avg_loss': '0.6934', 'rec_cur_loss': '0.6980'}
{'Epoch': 107, 'HIT@5': '0.3263', 'NDCG@5': '0.2090', 'HIT@10': '0.5101', 'NDCG@10': '0.2681', 'HIT@20': '0.7043', 'NDCG@20': '0.3173', 'MRR@5': '0.2162', 'MRR@10': '0.2162', 'MRR@20': '0.2162'}
Validation score increased.  Saving model ...
{'epoch': 108, 'rec_avg_loss': '0.6961', 'rec_cur_loss': '0.7019'}
{'Epoch': 108, 'HIT@5': '0.3222', 'NDCG@5': '0.2066', 'HIT@10': '0.5098', 'NDCG@10': '0.2672', 'HIT@20': '0.7013', 'NDCG@20': '0.3157', 'MRR@5': '0.2151', 'MRR@10': '0.2151', 'MRR@20': '0.2151'}
EarlyStopping counter: 1 out of 10
{'epoch': 109, 'rec_avg_loss': '0.6951', 'rec_cur_loss': '0.6740'}
{'Epoch': 109, 'HIT@5': '0.3258', 'NDCG@5': '0.2089', 'HIT@10': '0.5113', 'NDCG@10': '0.2688', 'HIT@20': '0.7041', 'NDCG@20': '0.3176', 'MRR@5': '0.2167', 'MRR@10': '0.2167', 'MRR@20': '0.2167'}
Validation score increased.  Saving model ...
{'epoch': 110, 'rec_avg_loss': '0.6947', 'rec_cur_loss': '0.6723'}
{'Epoch': 110, 'HIT@5': '0.3245', 'NDCG@5': '0.2088', 'HIT@10': '0.5142', 'NDCG@10': '0.2700', 'HIT@20': '0.7063', 'NDCG@20': '0.3185', 'MRR@5': '0.2172', 'MRR@10': '0.2172', 'MRR@20': '0.2172'}
Validation score increased.  Saving model ...
{'epoch': 111, 'rec_avg_loss': '0.6947', 'rec_cur_loss': '0.7111'}
{'Epoch': 111, 'HIT@5': '0.3230', 'NDCG@5': '0.2069', 'HIT@10': '0.5108', 'NDCG@10': '0.2674', 'HIT@20': '0.7017', 'NDCG@20': '0.3157', 'MRR@5': '0.2151', 'MRR@10': '0.2151', 'MRR@20': '0.2151'}
EarlyStopping counter: 1 out of 10
{'epoch': 112, 'rec_avg_loss': '0.6931', 'rec_cur_loss': '0.6771'}
{'Epoch': 112, 'HIT@5': '0.3275', 'NDCG@5': '0.2106', 'HIT@10': '0.5152', 'NDCG@10': '0.2712', 'HIT@20': '0.7088', 'NDCG@20': '0.3202', 'MRR@5': '0.2186', 'MRR@10': '0.2186', 'MRR@20': '0.2186'}
Validation score increased.  Saving model ...
{'epoch': 113, 'rec_avg_loss': '0.6934', 'rec_cur_loss': '0.6900'}
{'Epoch': 113, 'HIT@5': '0.3237', 'NDCG@5': '0.2080', 'HIT@10': '0.5083', 'NDCG@10': '0.2675', 'HIT@20': '0.7045', 'NDCG@20': '0.3173', 'MRR@5': '0.2162', 'MRR@10': '0.2162', 'MRR@20': '0.2162'}
EarlyStopping counter: 1 out of 10
{'epoch': 114, 'rec_avg_loss': '0.6929', 'rec_cur_loss': '0.7244'}
{'Epoch': 114, 'HIT@5': '0.3268', 'NDCG@5': '0.2087', 'HIT@10': '0.5111', 'NDCG@10': '0.2681', 'HIT@20': '0.7051', 'NDCG@20': '0.3172', 'MRR@5': '0.2158', 'MRR@10': '0.2158', 'MRR@20': '0.2158'}
EarlyStopping counter: 2 out of 10
{'epoch': 115, 'rec_avg_loss': '0.6948', 'rec_cur_loss': '0.7055'}
{'Epoch': 115, 'HIT@5': '0.3247', 'NDCG@5': '0.2087', 'HIT@10': '0.5103', 'NDCG@10': '0.2688', 'HIT@20': '0.7050', 'NDCG@20': '0.3181', 'MRR@5': '0.2171', 'MRR@10': '0.2171', 'MRR@20': '0.2171'}
EarlyStopping counter: 3 out of 10
{'epoch': 116, 'rec_avg_loss': '0.6892', 'rec_cur_loss': '0.6815'}
{'Epoch': 116, 'HIT@5': '0.3275', 'NDCG@5': '0.2099', 'HIT@10': '0.5094', 'NDCG@10': '0.2686', 'HIT@20': '0.7040', 'NDCG@20': '0.3180', 'MRR@5': '0.2172', 'MRR@10': '0.2172', 'MRR@20': '0.2172'}
EarlyStopping counter: 4 out of 10
{'epoch': 117, 'rec_avg_loss': '0.6930', 'rec_cur_loss': '0.6962'}
{'Epoch': 117, 'HIT@5': '0.3258', 'NDCG@5': '0.2093', 'HIT@10': '0.5116', 'NDCG@10': '0.2693', 'HIT@20': '0.7041', 'NDCG@20': '0.3182', 'MRR@5': '0.2174', 'MRR@10': '0.2174', 'MRR@20': '0.2174'}
EarlyStopping counter: 5 out of 10
{'epoch': 118, 'rec_avg_loss': '0.6916', 'rec_cur_loss': '0.7174'}
{'Epoch': 118, 'HIT@5': '0.3276', 'NDCG@5': '0.2104', 'HIT@10': '0.5156', 'NDCG@10': '0.2710', 'HIT@20': '0.7043', 'NDCG@20': '0.3188', 'MRR@5': '0.2181', 'MRR@10': '0.2181', 'MRR@20': '0.2181'}
EarlyStopping counter: 6 out of 10
{'epoch': 119, 'rec_avg_loss': '0.6909', 'rec_cur_loss': '0.7353'}
{'Epoch': 119, 'HIT@5': '0.3267', 'NDCG@5': '0.2099', 'HIT@10': '0.5161', 'NDCG@10': '0.2712', 'HIT@20': '0.7046', 'NDCG@20': '0.3191', 'MRR@5': '0.2181', 'MRR@10': '0.2181', 'MRR@20': '0.2181'}
EarlyStopping counter: 7 out of 10
{'epoch': 120, 'rec_avg_loss': '0.6909', 'rec_cur_loss': '0.6973'}
{'Epoch': 120, 'HIT@5': '0.3262', 'NDCG@5': '0.2105', 'HIT@10': '0.5167', 'NDCG@10': '0.2719', 'HIT@20': '0.7053', 'NDCG@20': '0.3197', 'MRR@5': '0.2189', 'MRR@10': '0.2189', 'MRR@20': '0.2189'}
Validation score increased.  Saving model ...
{'epoch': 121, 'rec_avg_loss': '0.6923', 'rec_cur_loss': '0.7156'}
{'Epoch': 121, 'HIT@5': '0.3323', 'NDCG@5': '0.2135', 'HIT@10': '0.5174', 'NDCG@10': '0.2732', 'HIT@20': '0.7079', 'NDCG@20': '0.3214', 'MRR@5': '0.2202', 'MRR@10': '0.2202', 'MRR@20': '0.2202'}
Validation score increased.  Saving model ...
{'epoch': 122, 'rec_avg_loss': '0.6900', 'rec_cur_loss': '0.6845'}
{'Epoch': 122, 'HIT@5': '0.3283', 'NDCG@5': '0.2106', 'HIT@10': '0.5113', 'NDCG@10': '0.2696', 'HIT@20': '0.7055', 'NDCG@20': '0.3188', 'MRR@5': '0.2177', 'MRR@10': '0.2177', 'MRR@20': '0.2177'}
EarlyStopping counter: 1 out of 10
{'epoch': 123, 'rec_avg_loss': '0.6898', 'rec_cur_loss': '0.7022'}
{'Epoch': 123, 'HIT@5': '0.3329', 'NDCG@5': '0.2145', 'HIT@10': '0.5197', 'NDCG@10': '0.2749', 'HIT@20': '0.7078', 'NDCG@20': '0.3225', 'MRR@5': '0.2216', 'MRR@10': '0.2216', 'MRR@20': '0.2216'}
Validation score increased.  Saving model ...
{'epoch': 124, 'rec_avg_loss': '0.6900', 'rec_cur_loss': '0.7228'}
{'Epoch': 124, 'HIT@5': '0.3280', 'NDCG@5': '0.2109', 'HIT@10': '0.5156', 'NDCG@10': '0.2714', 'HIT@20': '0.7055', 'NDCG@20': '0.3195', 'MRR@5': '0.2185', 'MRR@10': '0.2185', 'MRR@20': '0.2185'}
EarlyStopping counter: 1 out of 10
{'epoch': 125, 'rec_avg_loss': '0.6885', 'rec_cur_loss': '0.6951'}
{'Epoch': 125, 'HIT@5': '0.3339', 'NDCG@5': '0.2143', 'HIT@10': '0.5205', 'NDCG@10': '0.2745', 'HIT@20': '0.7068', 'NDCG@20': '0.3217', 'MRR@5': '0.2208', 'MRR@10': '0.2208', 'MRR@20': '0.2208'}
EarlyStopping counter: 2 out of 10
{'epoch': 126, 'rec_avg_loss': '0.6883', 'rec_cur_loss': '0.6828'}
{'Epoch': 126, 'HIT@5': '0.3301', 'NDCG@5': '0.2124', 'HIT@10': '0.5147', 'NDCG@10': '0.2720', 'HIT@20': '0.7061', 'NDCG@20': '0.3204', 'MRR@5': '0.2196', 'MRR@10': '0.2196', 'MRR@20': '0.2196'}
EarlyStopping counter: 3 out of 10
{'epoch': 127, 'rec_avg_loss': '0.6869', 'rec_cur_loss': '0.6644'}
{'Epoch': 127, 'HIT@5': '0.3331', 'NDCG@5': '0.2137', 'HIT@10': '0.5204', 'NDCG@10': '0.2741', 'HIT@20': '0.7084', 'NDCG@20': '0.3216', 'MRR@5': '0.2203', 'MRR@10': '0.2203', 'MRR@20': '0.2203'}
EarlyStopping counter: 4 out of 10
{'epoch': 128, 'rec_avg_loss': '0.6856', 'rec_cur_loss': '0.6534'}
{'Epoch': 128, 'HIT@5': '0.3384', 'NDCG@5': '0.2171', 'HIT@10': '0.5199', 'NDCG@10': '0.2757', 'HIT@20': '0.7101', 'NDCG@20': '0.3239', 'MRR@5': '0.2225', 'MRR@10': '0.2225', 'MRR@20': '0.2225'}
Validation score increased.  Saving model ...
{'epoch': 129, 'rec_avg_loss': '0.6865', 'rec_cur_loss': '0.6800'}
{'Epoch': 129, 'HIT@5': '0.3351', 'NDCG@5': '0.2152', 'HIT@10': '0.5192', 'NDCG@10': '0.2747', 'HIT@20': '0.7089', 'NDCG@20': '0.3228', 'MRR@5': '0.2216', 'MRR@10': '0.2216', 'MRR@20': '0.2216'}
EarlyStopping counter: 1 out of 10
{'epoch': 130, 'rec_avg_loss': '0.6864', 'rec_cur_loss': '0.6976'}
{'Epoch': 130, 'HIT@5': '0.3404', 'NDCG@5': '0.2163', 'HIT@10': '0.5172', 'NDCG@10': '0.2733', 'HIT@20': '0.7086', 'NDCG@20': '0.3217', 'MRR@5': '0.2203', 'MRR@10': '0.2203', 'MRR@20': '0.2203'}
EarlyStopping counter: 2 out of 10
{'epoch': 131, 'rec_avg_loss': '0.6865', 'rec_cur_loss': '0.6659'}
{'Epoch': 131, 'HIT@5': '0.3363', 'NDCG@5': '0.2147', 'HIT@10': '0.5205', 'NDCG@10': '0.2742', 'HIT@20': '0.7127', 'NDCG@20': '0.3228', 'MRR@5': '0.2204', 'MRR@10': '0.2204', 'MRR@20': '0.2204'}
EarlyStopping counter: 3 out of 10
{'epoch': 132, 'rec_avg_loss': '0.6824', 'rec_cur_loss': '0.6894'}
{'Epoch': 132, 'HIT@5': '0.3353', 'NDCG@5': '0.2152', 'HIT@10': '0.5200', 'NDCG@10': '0.2750', 'HIT@20': '0.7070', 'NDCG@20': '0.3224', 'MRR@5': '0.2216', 'MRR@10': '0.2216', 'MRR@20': '0.2216'}
EarlyStopping counter: 4 out of 10
{'epoch': 133, 'rec_avg_loss': '0.6825', 'rec_cur_loss': '0.6742'}
{'Epoch': 133, 'HIT@5': '0.3349', 'NDCG@5': '0.2134', 'HIT@10': '0.5182', 'NDCG@10': '0.2724', 'HIT@20': '0.7060', 'NDCG@20': '0.3200', 'MRR@5': '0.2188', 'MRR@10': '0.2188', 'MRR@20': '0.2188'}
EarlyStopping counter: 5 out of 10
{'epoch': 134, 'rec_avg_loss': '0.6833', 'rec_cur_loss': '0.6823'}
{'Epoch': 134, 'HIT@5': '0.3363', 'NDCG@5': '0.2163', 'HIT@10': '0.5222', 'NDCG@10': '0.2763', 'HIT@20': '0.7079', 'NDCG@20': '0.3233', 'MRR@5': '0.2224', 'MRR@10': '0.2224', 'MRR@20': '0.2224'}
EarlyStopping counter: 6 out of 10
{'epoch': 135, 'rec_avg_loss': '0.6847', 'rec_cur_loss': '0.6776'}
{'Epoch': 135, 'HIT@5': '0.3391', 'NDCG@5': '0.2167', 'HIT@10': '0.5220', 'NDCG@10': '0.2756', 'HIT@20': '0.7075', 'NDCG@20': '0.3225', 'MRR@5': '0.2216', 'MRR@10': '0.2216', 'MRR@20': '0.2216'}
EarlyStopping counter: 7 out of 10
{'epoch': 136, 'rec_avg_loss': '0.6832', 'rec_cur_loss': '0.6941'}
{'Epoch': 136, 'HIT@5': '0.3386', 'NDCG@5': '0.2174', 'HIT@10': '0.5225', 'NDCG@10': '0.2766', 'HIT@20': '0.7058', 'NDCG@20': '0.3230', 'MRR@5': '0.2227', 'MRR@10': '0.2227', 'MRR@20': '0.2227'}
Validation score increased.  Saving model ...
{'epoch': 137, 'rec_avg_loss': '0.6833', 'rec_cur_loss': '0.6739'}
{'Epoch': 137, 'HIT@5': '0.3358', 'NDCG@5': '0.2149', 'HIT@10': '0.5194', 'NDCG@10': '0.2739', 'HIT@20': '0.7046', 'NDCG@20': '0.3208', 'MRR@5': '0.2204', 'MRR@10': '0.2204', 'MRR@20': '0.2204'}
EarlyStopping counter: 1 out of 10
{'epoch': 138, 'rec_avg_loss': '0.6811', 'rec_cur_loss': '0.6531'}
{'Epoch': 138, 'HIT@5': '0.3411', 'NDCG@5': '0.2182', 'HIT@10': '0.5275', 'NDCG@10': '0.2783', 'HIT@20': '0.7081', 'NDCG@20': '0.3239', 'MRR@5': '0.2230', 'MRR@10': '0.2230', 'MRR@20': '0.2230'}
Validation score increased.  Saving model ...
{'epoch': 139, 'rec_avg_loss': '0.6822', 'rec_cur_loss': '0.7034'}
{'Epoch': 139, 'HIT@5': '0.3374', 'NDCG@5': '0.2173', 'HIT@10': '0.5258', 'NDCG@10': '0.2782', 'HIT@20': '0.7078', 'NDCG@20': '0.3243', 'MRR@5': '0.2237', 'MRR@10': '0.2237', 'MRR@20': '0.2237'}
Validation score increased.  Saving model ...
{'epoch': 140, 'rec_avg_loss': '0.6821', 'rec_cur_loss': '0.6794'}
{'Epoch': 140, 'HIT@5': '0.3394', 'NDCG@5': '0.2176', 'HIT@10': '0.5273', 'NDCG@10': '0.2782', 'HIT@20': '0.7086', 'NDCG@20': '0.3241', 'MRR@5': '0.2232', 'MRR@10': '0.2232', 'MRR@20': '0.2232'}
EarlyStopping counter: 1 out of 10
{'epoch': 141, 'rec_avg_loss': '0.6793', 'rec_cur_loss': '0.7031'}
{'Epoch': 141, 'HIT@5': '0.3407', 'NDCG@5': '0.2179', 'HIT@10': '0.5228', 'NDCG@10': '0.2766', 'HIT@20': '0.7076', 'NDCG@20': '0.3235', 'MRR@5': '0.2227', 'MRR@10': '0.2227', 'MRR@20': '0.2227'}
EarlyStopping counter: 2 out of 10
{'epoch': 142, 'rec_avg_loss': '0.6795', 'rec_cur_loss': '0.6612'}
{'Epoch': 142, 'HIT@5': '0.3364', 'NDCG@5': '0.2176', 'HIT@10': '0.5205', 'NDCG@10': '0.2771', 'HIT@20': '0.7089', 'NDCG@20': '0.3249', 'MRR@5': '0.2243', 'MRR@10': '0.2243', 'MRR@20': '0.2243'}
Validation score increased.  Saving model ...
{'epoch': 143, 'rec_avg_loss': '0.6781', 'rec_cur_loss': '0.6592'}
{'Epoch': 143, 'HIT@5': '0.3416', 'NDCG@5': '0.2194', 'HIT@10': '0.5257', 'NDCG@10': '0.2787', 'HIT@20': '0.7099', 'NDCG@20': '0.3254', 'MRR@5': '0.2244', 'MRR@10': '0.2244', 'MRR@20': '0.2244'}
Validation score increased.  Saving model ...
{'epoch': 144, 'rec_avg_loss': '0.6775', 'rec_cur_loss': '0.6762'}
{'Epoch': 144, 'HIT@5': '0.3349', 'NDCG@5': '0.2150', 'HIT@10': '0.5205', 'NDCG@10': '0.2749', 'HIT@20': '0.7078', 'NDCG@20': '0.3224', 'MRR@5': '0.2213', 'MRR@10': '0.2213', 'MRR@20': '0.2213'}
EarlyStopping counter: 1 out of 10
{'epoch': 145, 'rec_avg_loss': '0.6767', 'rec_cur_loss': '0.6645'}
{'Epoch': 145, 'HIT@5': '0.3425', 'NDCG@5': '0.2192', 'HIT@10': '0.5268', 'NDCG@10': '0.2787', 'HIT@20': '0.7096', 'NDCG@20': '0.3250', 'MRR@5': '0.2239', 'MRR@10': '0.2239', 'MRR@20': '0.2239'}
EarlyStopping counter: 2 out of 10
{'epoch': 146, 'rec_avg_loss': '0.6771', 'rec_cur_loss': '0.6522'}
{'Epoch': 146, 'HIT@5': '0.3500', 'NDCG@5': '0.2243', 'HIT@10': '0.5270', 'NDCG@10': '0.2816', 'HIT@20': '0.7129', 'NDCG@20': '0.3286', 'MRR@5': '0.2275', 'MRR@10': '0.2275', 'MRR@20': '0.2275'}
Validation score increased.  Saving model ...
{'epoch': 147, 'rec_avg_loss': '0.6772', 'rec_cur_loss': '0.6513'}
{'Epoch': 147, 'HIT@5': '0.3414', 'NDCG@5': '0.2179', 'HIT@10': '0.5235', 'NDCG@10': '0.2767', 'HIT@20': '0.7123', 'NDCG@20': '0.3246', 'MRR@5': '0.2226', 'MRR@10': '0.2226', 'MRR@20': '0.2226'}
EarlyStopping counter: 1 out of 10
{'epoch': 148, 'rec_avg_loss': '0.6766', 'rec_cur_loss': '0.6812'}
{'Epoch': 148, 'HIT@5': '0.3498', 'NDCG@5': '0.2225', 'HIT@10': '0.5272', 'NDCG@10': '0.2798', 'HIT@20': '0.7124', 'NDCG@20': '0.3267', 'MRR@5': '0.2251', 'MRR@10': '0.2251', 'MRR@20': '0.2251'}
EarlyStopping counter: 2 out of 10
{'epoch': 149, 'rec_avg_loss': '0.6786', 'rec_cur_loss': '0.6892'}
{'Epoch': 149, 'HIT@5': '0.3488', 'NDCG@5': '0.2226', 'HIT@10': '0.5225', 'NDCG@10': '0.2787', 'HIT@20': '0.7121', 'NDCG@20': '0.3268', 'MRR@5': '0.2255', 'MRR@10': '0.2255', 'MRR@20': '0.2255'}
EarlyStopping counter: 3 out of 10
{'epoch': 150, 'rec_avg_loss': '0.6763', 'rec_cur_loss': '0.6794'}
{'Epoch': 150, 'HIT@5': '0.3469', 'NDCG@5': '0.2217', 'HIT@10': '0.5267', 'NDCG@10': '0.2799', 'HIT@20': '0.7132', 'NDCG@20': '0.3271', 'MRR@5': '0.2255', 'MRR@10': '0.2255', 'MRR@20': '0.2255'}
EarlyStopping counter: 4 out of 10
{'epoch': 151, 'rec_avg_loss': '0.6759', 'rec_cur_loss': '0.6721'}
{'Epoch': 151, 'HIT@5': '0.3488', 'NDCG@5': '0.2227', 'HIT@10': '0.5275', 'NDCG@10': '0.2803', 'HIT@20': '0.7113', 'NDCG@20': '0.3269', 'MRR@5': '0.2258', 'MRR@10': '0.2258', 'MRR@20': '0.2258'}
EarlyStopping counter: 5 out of 10
{'epoch': 152, 'rec_avg_loss': '0.6758', 'rec_cur_loss': '0.6765'}
{'Epoch': 152, 'HIT@5': '0.3488', 'NDCG@5': '0.2225', 'HIT@10': '0.5285', 'NDCG@10': '0.2806', 'HIT@20': '0.7129', 'NDCG@20': '0.3273', 'MRR@5': '0.2258', 'MRR@10': '0.2258', 'MRR@20': '0.2258'}
EarlyStopping counter: 6 out of 10
{'epoch': 153, 'rec_avg_loss': '0.6737', 'rec_cur_loss': '0.6490'}
{'Epoch': 153, 'HIT@5': '0.3425', 'NDCG@5': '0.2196', 'HIT@10': '0.5262', 'NDCG@10': '0.2788', 'HIT@20': '0.7096', 'NDCG@20': '0.3254', 'MRR@5': '0.2244', 'MRR@10': '0.2244', 'MRR@20': '0.2244'}
EarlyStopping counter: 7 out of 10
{'epoch': 154, 'rec_avg_loss': '0.6736', 'rec_cur_loss': '0.6690'}
{'Epoch': 154, 'HIT@5': '0.3469', 'NDCG@5': '0.2232', 'HIT@10': '0.5295', 'NDCG@10': '0.2822', 'HIT@20': '0.7126', 'NDCG@20': '0.3285', 'MRR@5': '0.2274', 'MRR@10': '0.2274', 'MRR@20': '0.2274'}
EarlyStopping counter: 8 out of 10
{'epoch': 155, 'rec_avg_loss': '0.6734', 'rec_cur_loss': '0.6858'}
{'Epoch': 155, 'HIT@5': '0.3490', 'NDCG@5': '0.2237', 'HIT@10': '0.5272', 'NDCG@10': '0.2813', 'HIT@20': '0.7131', 'NDCG@20': '0.3284', 'MRR@5': '0.2272', 'MRR@10': '0.2272', 'MRR@20': '0.2272'}
EarlyStopping counter: 9 out of 10
{'epoch': 156, 'rec_avg_loss': '0.6733', 'rec_cur_loss': '0.6739'}
{'Epoch': 156, 'HIT@5': '0.3530', 'NDCG@5': '0.2259', 'HIT@10': '0.5296', 'NDCG@10': '0.2829', 'HIT@20': '0.7119', 'NDCG@20': '0.3289', 'MRR@5': '0.2281', 'MRR@10': '0.2281', 'MRR@20': '0.2281'}
Validation score increased.  Saving model ...
{'epoch': 157, 'rec_avg_loss': '0.6710', 'rec_cur_loss': '0.6666'}
{'Epoch': 157, 'HIT@5': '0.3505', 'NDCG@5': '0.2248', 'HIT@10': '0.5283', 'NDCG@10': '0.2823', 'HIT@20': '0.7142', 'NDCG@20': '0.3294', 'MRR@5': '0.2281', 'MRR@10': '0.2281', 'MRR@20': '0.2281'}
EarlyStopping counter: 1 out of 10
{'epoch': 158, 'rec_avg_loss': '0.6723', 'rec_cur_loss': '0.6587'}
{'Epoch': 158, 'HIT@5': '0.3460', 'NDCG@5': '0.2222', 'HIT@10': '0.5260', 'NDCG@10': '0.2802', 'HIT@20': '0.7137', 'NDCG@20': '0.3277', 'MRR@5': '0.2263', 'MRR@10': '0.2263', 'MRR@20': '0.2263'}
EarlyStopping counter: 2 out of 10
{'epoch': 159, 'rec_avg_loss': '0.6712', 'rec_cur_loss': '0.6641'}
{'Epoch': 159, 'HIT@5': '0.3478', 'NDCG@5': '0.2238', 'HIT@10': '0.5291', 'NDCG@10': '0.2822', 'HIT@20': '0.7151', 'NDCG@20': '0.3293', 'MRR@5': '0.2277', 'MRR@10': '0.2277', 'MRR@20': '0.2277'}
EarlyStopping counter: 3 out of 10
{'epoch': 160, 'rec_avg_loss': '0.6696', 'rec_cur_loss': '0.6580'}
{'Epoch': 160, 'HIT@5': '0.3541', 'NDCG@5': '0.2275', 'HIT@10': '0.5286', 'NDCG@10': '0.2839', 'HIT@20': '0.7142', 'NDCG@20': '0.3309', 'MRR@5': '0.2300', 'MRR@10': '0.2300', 'MRR@20': '0.2300'}
Validation score increased.  Saving model ...
{'epoch': 161, 'rec_avg_loss': '0.6689', 'rec_cur_loss': '0.6596'}
{'Epoch': 161, 'HIT@5': '0.3459', 'NDCG@5': '0.2224', 'HIT@10': '0.5252', 'NDCG@10': '0.2804', 'HIT@20': '0.7141', 'NDCG@20': '0.3282', 'MRR@5': '0.2267', 'MRR@10': '0.2267', 'MRR@20': '0.2267'}
EarlyStopping counter: 1 out of 10
{'epoch': 162, 'rec_avg_loss': '0.6686', 'rec_cur_loss': '0.6622'}
{'Epoch': 162, 'HIT@5': '0.3508', 'NDCG@5': '0.2263', 'HIT@10': '0.5293', 'NDCG@10': '0.2840', 'HIT@20': '0.7146', 'NDCG@20': '0.3311', 'MRR@5': '0.2300', 'MRR@10': '0.2300', 'MRR@20': '0.2300'}
Validation score increased.  Saving model ...
{'epoch': 163, 'rec_avg_loss': '0.6684', 'rec_cur_loss': '0.6510'}
{'Epoch': 163, 'HIT@5': '0.3523', 'NDCG@5': '0.2273', 'HIT@10': '0.5313', 'NDCG@10': '0.2851', 'HIT@20': '0.7151', 'NDCG@20': '0.3317', 'MRR@5': '0.2307', 'MRR@10': '0.2307', 'MRR@20': '0.2307'}
Validation score increased.  Saving model ...
{'epoch': 164, 'rec_avg_loss': '0.6694', 'rec_cur_loss': '0.6747'}
{'Epoch': 164, 'HIT@5': '0.3568', 'NDCG@5': '0.2295', 'HIT@10': '0.5329', 'NDCG@10': '0.2865', 'HIT@20': '0.7157', 'NDCG@20': '0.3328', 'MRR@5': '0.2318', 'MRR@10': '0.2318', 'MRR@20': '0.2318'}
Validation score increased.  Saving model ...
{'epoch': 165, 'rec_avg_loss': '0.6695', 'rec_cur_loss': '0.6396'}
{'Epoch': 165, 'HIT@5': '0.3558', 'NDCG@5': '0.2313', 'HIT@10': '0.5356', 'NDCG@10': '0.2893', 'HIT@20': '0.7139', 'NDCG@20': '0.3345', 'MRR@5': '0.2347', 'MRR@10': '0.2347', 'MRR@20': '0.2347'}
Validation score increased.  Saving model ...
{'epoch': 166, 'rec_avg_loss': '0.6678', 'rec_cur_loss': '0.6923'}
{'Epoch': 166, 'HIT@5': '0.3576', 'NDCG@5': '0.2308', 'HIT@10': '0.5346', 'NDCG@10': '0.2880', 'HIT@20': '0.7210', 'NDCG@20': '0.3352', 'MRR@5': '0.2334', 'MRR@10': '0.2334', 'MRR@20': '0.2334'}
EarlyStopping counter: 1 out of 10
{'epoch': 167, 'rec_avg_loss': '0.6655', 'rec_cur_loss': '0.6627'}
{'Epoch': 167, 'HIT@5': '0.3495', 'NDCG@5': '0.2243', 'HIT@10': '0.5291', 'NDCG@10': '0.2823', 'HIT@20': '0.7136', 'NDCG@20': '0.3290', 'MRR@5': '0.2278', 'MRR@10': '0.2278', 'MRR@20': '0.2278'}
EarlyStopping counter: 2 out of 10
{'epoch': 168, 'rec_avg_loss': '0.6669', 'rec_cur_loss': '0.6793'}
{'Epoch': 168, 'HIT@5': '0.3543', 'NDCG@5': '0.2275', 'HIT@10': '0.5316', 'NDCG@10': '0.2847', 'HIT@20': '0.7137', 'NDCG@20': '0.3309', 'MRR@5': '0.2300', 'MRR@10': '0.2300', 'MRR@20': '0.2300'}
EarlyStopping counter: 3 out of 10
{'epoch': 169, 'rec_avg_loss': '0.6666', 'rec_cur_loss': '0.6865'}
{'Epoch': 169, 'HIT@5': '0.3505', 'NDCG@5': '0.2271', 'HIT@10': '0.5305', 'NDCG@10': '0.2854', 'HIT@20': '0.7144', 'NDCG@20': '0.3320', 'MRR@5': '0.2314', 'MRR@10': '0.2314', 'MRR@20': '0.2314'}
EarlyStopping counter: 4 out of 10
{'epoch': 170, 'rec_avg_loss': '0.6649', 'rec_cur_loss': '0.6502'}
{'Epoch': 170, 'HIT@5': '0.3515', 'NDCG@5': '0.2263', 'HIT@10': '0.5305', 'NDCG@10': '0.2842', 'HIT@20': '0.7139', 'NDCG@20': '0.3306', 'MRR@5': '0.2298', 'MRR@10': '0.2298', 'MRR@20': '0.2298'}
EarlyStopping counter: 5 out of 10
{'epoch': 171, 'rec_avg_loss': '0.6634', 'rec_cur_loss': '0.6455'}
{'Epoch': 171, 'HIT@5': '0.3573', 'NDCG@5': '0.2299', 'HIT@10': '0.5318', 'NDCG@10': '0.2862', 'HIT@20': '0.7119', 'NDCG@20': '0.3320', 'MRR@5': '0.2319', 'MRR@10': '0.2319', 'MRR@20': '0.2319'}
EarlyStopping counter: 6 out of 10
{'epoch': 172, 'rec_avg_loss': '0.6633', 'rec_cur_loss': '0.6410'}
{'Epoch': 172, 'HIT@5': '0.3526', 'NDCG@5': '0.2263', 'HIT@10': '0.5291', 'NDCG@10': '0.2835', 'HIT@20': '0.7169', 'NDCG@20': '0.3311', 'MRR@5': '0.2294', 'MRR@10': '0.2294', 'MRR@20': '0.2294'}
EarlyStopping counter: 7 out of 10
{'epoch': 173, 'rec_avg_loss': '0.6625', 'rec_cur_loss': '0.6935'}
{'Epoch': 173, 'HIT@5': '0.3556', 'NDCG@5': '0.2290', 'HIT@10': '0.5348', 'NDCG@10': '0.2870', 'HIT@20': '0.7171', 'NDCG@20': '0.3333', 'MRR@5': '0.2320', 'MRR@10': '0.2320', 'MRR@20': '0.2320'}
EarlyStopping counter: 8 out of 10
{'epoch': 174, 'rec_avg_loss': '0.6621', 'rec_cur_loss': '0.6482'}
{'Epoch': 174, 'HIT@5': '0.3593', 'NDCG@5': '0.2319', 'HIT@10': '0.5381', 'NDCG@10': '0.2897', 'HIT@20': '0.7177', 'NDCG@20': '0.3351', 'MRR@5': '0.2341', 'MRR@10': '0.2341', 'MRR@20': '0.2341'}
EarlyStopping counter: 9 out of 10
{'epoch': 175, 'rec_avg_loss': '0.6627', 'rec_cur_loss': '0.6567'}
{'Epoch': 175, 'HIT@5': '0.3528', 'NDCG@5': '0.2276', 'HIT@10': '0.5323', 'NDCG@10': '0.2856', 'HIT@20': '0.7179', 'NDCG@20': '0.3326', 'MRR@5': '0.2311', 'MRR@10': '0.2311', 'MRR@20': '0.2311'}
EarlyStopping counter: 10 out of 10
Early stopping
---------------Sample 99 results-------------------
{'Epoch': 0, 'HIT@5': '0.3331', 'NDCG@5': '0.2123', 'HIT@10': '0.5083', 'NDCG@10': '0.2690', 'HIT@20': '0.6887', 'NDCG@20': '0.3147', 'MRR@5': '0.2168', 'MRR@10': '0.2168', 'MRR@20': '0.2168'}
Finetune_sample-ml-1m-60
{'Epoch': 0, 'HIT@5': '0.3331', 'NDCG@5': '0.2123', 'HIT@10': '0.5083', 'NDCG@10': '0.2690', 'HIT@20': '0.6887', 'NDCG@20': '0.3147', 'MRR@5': '0.2168', 'MRR@10': '0.2168', 'MRR@20': '0.2168'}
