data users:  27879
data items:  10429
data instances:  138681
data users:  27879
data items:  10429
data instances:  27879
data users:  27879
data items:  10429
data instances:  27879
num:  27879 27879 27879 10429
average sequence length: 4.97
min seq length: 3.00
max seq length: 150.00
quantile 25 percent: 3.00
quantile 50 percent: 4.00
quantile 75 percent: 5.00
./aug_data/Cell_Phones_and_Accessories/lr_0.001_maxlen_100_hsize_32_nblocks_2_drate_0.5_l2_0.0_nheads_2_gen_num_20_M_20
epoch: 1, loss: 1.185768
epoch: 2, loss: 1.166994
epoch: 3, loss: 1.141363
epoch: 4, loss: 1.081691
epoch: 5, loss: 1.033263
epoch: 6, loss: 0.942198
epoch: 7, loss: 0.919253
epoch: 8, loss: 0.883749
epoch: 9, loss: 0.919623
epoch: 10, loss: 0.898081
epoch: 11, loss: 0.842310
epoch: 12, loss: 0.810146
epoch: 13, loss: 0.817707
epoch: 14, loss: 0.785651
epoch: 15, loss: 0.757359
epoch: 16, loss: 0.852000
epoch: 17, loss: 0.704581
epoch: 18, loss: 0.777311
epoch: 19, loss: 0.707040
epoch: 20, loss: 0.615655
epoch: 21, loss: 0.681302
epoch: 22, loss: 0.700335
epoch: 23, loss: 0.705899
epoch: 24, loss: 0.708778
epoch: 25, loss: 0.692151
epoch: 26, loss: 0.708054
epoch: 27, loss: 0.675350
epoch: 28, loss: 0.583424
epoch: 29, loss: 0.599193
epoch: 30, loss: 0.603484
epoch: 31, loss: 0.694686
epoch: 32, loss: 0.637086
epoch: 33, loss: 0.552483
epoch: 34, loss: 0.627830
epoch: 35, loss: 0.555646
epoch: 36, loss: 0.649619
epoch: 37, loss: 0.651599
epoch: 38, loss: 0.634574
epoch: 39, loss: 0.586360
epoch: 40, loss: 0.653098
epoch: 41, loss: 0.618148
epoch: 42, loss: 0.610927
epoch: 43, loss: 0.589209
epoch: 44, loss: 0.531534
epoch: 45, loss: 0.556251
epoch: 46, loss: 0.603083
epoch: 47, loss: 0.598637
epoch: 48, loss: 0.608279
epoch: 49, loss: 0.540736
epoch: 50, loss: 0.650419
epoch: 51, loss: 0.548358
epoch: 52, loss: 0.626482
epoch: 53, loss: 0.585563
epoch: 54, loss: 0.587794
epoch: 55, loss: 0.503229
epoch: 56, loss: 0.589991
epoch: 57, loss: 0.583168
epoch: 58, loss: 0.562855
epoch: 59, loss: 0.567424
epoch: 60, loss: 0.518175
epoch: 61, loss: 0.602992
epoch: 62, loss: 0.518319
epoch: 63, loss: 0.537142
epoch: 64, loss: 0.537970
epoch: 65, loss: 0.591545
epoch: 66, loss: 0.574414
epoch: 67, loss: 0.555275
epoch: 68, loss: 0.566397
epoch: 69, loss: 0.592866
epoch: 70, loss: 0.464609
epoch: 71, loss: 0.595471
epoch: 72, loss: 0.534408
epoch: 73, loss: 0.507518
epoch: 74, loss: 0.502086
epoch: 75, loss: 0.513845
epoch: 76, loss: 0.537131
epoch: 77, loss: 0.594527
epoch: 78, loss: 0.608741
epoch: 79, loss: 0.472441
epoch: 80, loss: 0.549945
epoch: 81, loss: 0.588506
epoch: 82, loss: 0.562380
epoch: 83, loss: 0.521244
epoch: 84, loss: 0.474771
epoch: 85, loss: 0.572594
epoch: 86, loss: 0.497884
epoch: 87, loss: 0.510883
epoch: 88, loss: 0.586681
epoch: 89, loss: 0.570392
epoch: 90, loss: 0.528786
epoch: 91, loss: 0.526486
epoch: 92, loss: 0.462248
epoch: 93, loss: 0.593009
epoch: 94, loss: 0.489916
epoch: 95, loss: 0.501820
epoch: 96, loss: 0.598270
epoch: 97, loss: 0.531557
epoch: 98, loss: 0.506738
epoch: 99, loss: 0.531611
epoch: 100, loss: 0.503274
epoch: 101, loss: 0.525633
epoch: 102, loss: 0.420593
epoch: 103, loss: 0.465496
epoch: 104, loss: 0.529960
epoch: 105, loss: 0.549898
epoch: 106, loss: 0.472545
epoch: 107, loss: 0.490143
epoch: 108, loss: 0.451979
epoch: 109, loss: 0.478156
epoch: 110, loss: 0.464342
epoch: 111, loss: 0.507432
epoch: 112, loss: 0.483952
epoch: 113, loss: 0.532811
epoch: 114, loss: 0.475893
epoch: 115, loss: 0.548999
epoch: 116, loss: 0.510445
epoch: 117, loss: 0.512329
epoch: 118, loss: 0.547725
epoch: 119, loss: 0.477423
epoch: 120, loss: 0.463384
epoch: 121, loss: 0.419944
epoch: 122, loss: 0.478128
epoch: 123, loss: 0.522356
epoch: 124, loss: 0.511564
epoch: 125, loss: 0.530168
epoch: 126, loss: 0.543124
epoch: 127, loss: 0.448254
epoch: 128, loss: 0.483023
epoch: 129, loss: 0.462798
epoch: 130, loss: 0.531320
epoch: 131, loss: 0.495127
epoch: 132, loss: 0.547492
epoch: 133, loss: 0.483870
epoch: 134, loss: 0.509042
epoch: 135, loss: 0.533554
epoch: 136, loss: 0.456174
epoch: 137, loss: 0.465853
epoch: 138, loss: 0.449136
epoch: 139, loss: 0.486684
epoch: 140, loss: 0.534937
epoch: 141, loss: 0.501728
epoch: 142, loss: 0.456873
epoch: 143, loss: 0.492856
epoch: 144, loss: 0.493977
epoch: 145, loss: 0.481831
epoch: 146, loss: 0.484238
epoch: 147, loss: 0.488338
epoch: 148, loss: 0.493028
epoch: 149, loss: 0.464949
epoch: 150, loss: 0.447741
epoch: 151, loss: 0.506286
epoch: 152, loss: 0.523169
epoch: 153, loss: 0.434247
epoch: 154, loss: 0.449765
epoch: 155, loss: 0.443876
epoch: 156, loss: 0.438875
epoch: 157, loss: 0.495016
epoch: 158, loss: 0.441569
epoch: 159, loss: 0.450174
epoch: 160, loss: 0.374260
epoch: 161, loss: 0.518437
epoch: 162, loss: 0.472145
epoch: 163, loss: 0.494434
epoch: 164, loss: 0.471961
epoch: 165, loss: 0.480393
epoch: 166, loss: 0.444017
epoch: 167, loss: 0.495502
epoch: 168, loss: 0.493069
epoch: 169, loss: 0.508204
epoch: 170, loss: 0.468453
epoch: 171, loss: 0.421888
epoch: 172, loss: 0.500761
epoch: 173, loss: 0.507670
epoch: 174, loss: 0.513241
epoch: 175, loss: 0.514523
epoch: 176, loss: 0.483473
epoch: 177, loss: 0.478128
epoch: 178, loss: 0.518773
epoch: 179, loss: 0.476663
epoch: 180, loss: 0.506839
epoch: 181, loss: 0.465121
epoch: 182, loss: 0.498353
epoch: 183, loss: 0.455739
epoch: 184, loss: 0.442434
epoch: 185, loss: 0.483266
epoch: 186, loss: 0.387996
epoch: 187, loss: 0.476819
epoch: 188, loss: 0.430169
epoch: 189, loss: 0.480449
epoch: 190, loss: 0.452494
epoch: 191, loss: 0.417165
epoch: 192, loss: 0.567205
epoch: 193, loss: 0.444806
epoch: 194, loss: 0.500854
epoch: 195, loss: 0.418508
epoch: 196, loss: 0.432135
epoch: 197, loss: 0.464828
epoch: 198, loss: 0.492182
epoch: 199, loss: 0.476010
epoch: 200, loss: 0.466217
start testing
testing #of users: 27879
testing #of short seq users with less than 3 training points: 12006
testing #of short seq users with less than 7 training points: 24663
testing #of short seq users with 3 - 7 training points: 12657
testing #of short seq users with medium3 training points: 15589
testing #of short seq users with medium7 training points: 2932
testing #of short seq users with >= 20 training points: 284
epoch: 200 test: {'precision': array([0.14182718, 0.11212741, 0.09376233, 0.08099286, 0.07188206,
       0.0482442 , 0.03066824, 0.01877937, 0.01598049, 0.01398783,
       0.01247124, 0.01131497, 0.01041644, 0.00986513]), 'recall': array([0.14182718, 0.22425482, 0.28128699, 0.32397145, 0.35941031,
       0.48244198, 0.6133649 , 0.75117472, 0.79902436, 0.8392697 ,
       0.87298684, 0.90519746, 0.93747982, 0.98651315]), 'ndcg': array([0.14182718, 0.19383323, 0.22234932, 0.24073251, 0.25444213,
       0.29413981, 0.32723286, 0.35548876, 0.36414314, 0.37107072,
       0.37664116, 0.3817916 , 0.38680934, 0.39423105]), 'hit_ratio': array([0.14182718, 0.22425482, 0.28128699, 0.32397145, 0.35941031,
       0.48244198, 0.6133649 , 0.75117472, 0.79902436, 0.8392697 ,
       0.87298684, 0.90519746, 0.93747982, 0.98651315]), 'auc': 0.7534915169123637, 'mrr': 0.25387271835522773}
