0
{'recall@5': 0.344, 'recall@10': 0.4627, 'recall@20': 0.5932}
{'mrr@5': 0.2102, 'mrr@10': 0.226, 'mrr@20': 0.235}
{'ndcg@5': 0.2433, 'ndcg@10': 0.2817, 'ndcg@20': 0.3147}
1
{'recall@5': 0.4507, 'recall@10': 0.6109, 'recall@20': 0.7306}
{'mrr@5': 0.2417, 'mrr@10': 0.2628, 'mrr@20': 0.2714}
{'ndcg@5': 0.293, 'ndcg@10': 0.3446, 'ndcg@20': 0.3753}
2
{'recall@5': 0.4541, 'recall@10': 0.6009, 'recall@20': 0.7431}
{'mrr@5': 0.2404, 'mrr@10': 0.2615, 'mrr@20': 0.2714}
{'ndcg@5': 0.2924, 'ndcg@10': 0.3413, 'ndcg@20': 0.3773}
3
{'recall@5': 0.5579, 'recall@10': 0.6996, 'recall@20': 0.7854}
{'mrr@5': 0.3154, 'mrr@10': 0.3354, 'mrr@20': 0.3415}
{'ndcg@5': 0.3755, 'ndcg@10': 0.4224, 'ndcg@20': 0.4443}
0
{'recall@5': 0.3605, 'recall@10': 0.4791, 'recall@20': 0.6081}
{'mrr@5': 0.2205, 'mrr@10': 0.2364, 'mrr@20': 0.2453}
{'ndcg@5': 0.2552, 'ndcg@10': 0.2936, 'ndcg@20': 0.3261}
1
{'recall@5': 0.4595, 'recall@10': 0.6391, 'recall@20': 0.7412}
{'mrr@5': 0.2382, 'mrr@10': 0.2619, 'mrr@20': 0.2692}
{'ndcg@5': 0.2927, 'ndcg@10': 0.3504, 'ndcg@20': 0.3765}
2
{'recall@5': 0.4679, 'recall@10': 0.6147, 'recall@20': 0.7385}
{'mrr@5': 0.2391, 'mrr@10': 0.2595, 'mrr@20': 0.2682}
{'ndcg@5': 0.2954, 'ndcg@10': 0.3437, 'ndcg@20': 0.3752}
3
{'recall@5': 0.5923, 'recall@10': 0.721, 'recall@20': 0.7811}
{'mrr@5': 0.3511, 'mrr@10': 0.3686, 'mrr@20': 0.3727}
{'ndcg@5': 0.4106, 'ndcg@10': 0.4526, 'ndcg@20': 0.4677}
0
{'recall@5': 0.3702, 'recall@10': 0.4893, 'recall@20': 0.616}
{'mrr@5': 0.2283, 'mrr@10': 0.2443, 'mrr@20': 0.253}
{'ndcg@5': 0.2634, 'ndcg@10': 0.302, 'ndcg@20': 0.3339}
1
{'recall@5': 0.4507, 'recall@10': 0.6444, 'recall@20': 0.7394}
{'mrr@5': 0.2565, 'mrr@10': 0.2829, 'mrr@20': 0.2893}
{'ndcg@5': 0.3044, 'ndcg@10': 0.3676, 'ndcg@20': 0.3914}
2
{'recall@5': 0.4725, 'recall@10': 0.633, 'recall@20': 0.7431}
{'mrr@5': 0.235, 'mrr@10': 0.258, 'mrr@20': 0.2652}
{'ndcg@5': 0.2932, 'ndcg@10': 0.3466, 'ndcg@20': 0.374}
3
{'recall@5': 0.6009, 'recall@10': 0.7039, 'recall@20': 0.7854}
{'mrr@5': 0.3351, 'mrr@10': 0.3486, 'mrr@20': 0.3545}
{'ndcg@5': 0.4005, 'ndcg@10': 0.4335, 'ndcg@20': 0.4545}
0
{'recall@5': 0.3745, 'recall@10': 0.4945, 'recall@20': 0.6227}
{'mrr@5': 0.2318, 'mrr@10': 0.2478, 'mrr@20': 0.2567}
{'ndcg@5': 0.2671, 'ndcg@10': 0.306, 'ndcg@20': 0.3383}
1
{'recall@5': 0.4648, 'recall@10': 0.6461, 'recall@20': 0.7377}
{'mrr@5': 0.2467, 'mrr@10': 0.272, 'mrr@20': 0.2786}
{'ndcg@5': 0.3001, 'ndcg@10': 0.3599, 'ndcg@20': 0.3833}
2
{'recall@5': 0.4725, 'recall@10': 0.6284, 'recall@20': 0.7477}
{'mrr@5': 0.2359, 'mrr@10': 0.2577, 'mrr@20': 0.2655}
{'ndcg@5': 0.294, 'ndcg@10': 0.3455, 'ndcg@20': 0.375}
3
{'recall@5': 0.5665, 'recall@10': 0.7253, 'recall@20': 0.7682}
{'mrr@5': 0.3422, 'mrr@10': 0.3635, 'mrr@20': 0.3668}
{'ndcg@5': 0.3981, 'ndcg@10': 0.4495, 'ndcg@20': 0.4608}
0
{'recall@5': 0.3803, 'recall@10': 0.4988, 'recall@20': 0.6251}
{'mrr@5': 0.2374, 'mrr@10': 0.2532, 'mrr@20': 0.2619}
{'ndcg@5': 0.2728, 'ndcg@10': 0.3111, 'ndcg@20': 0.343}
1
{'recall@5': 0.4894, 'recall@10': 0.6479, 'recall@20': 0.7447}
{'mrr@5': 0.2667, 'mrr@10': 0.2889, 'mrr@20': 0.2958}
{'ndcg@5': 0.3215, 'ndcg@10': 0.3739, 'ndcg@20': 0.3985}
2
{'recall@5': 0.4679, 'recall@10': 0.6239, 'recall@20': 0.7477}
{'mrr@5': 0.246, 'mrr@10': 0.2673, 'mrr@20': 0.2761}
{'ndcg@5': 0.3006, 'ndcg@10': 0.3514, 'ndcg@20': 0.383}
3
{'recall@5': 0.5665, 'recall@10': 0.721, 'recall@20': 0.7897}
{'mrr@5': 0.3522, 'mrr@10': 0.373, 'mrr@20': 0.3778}
{'ndcg@5': 0.4052, 'ndcg@10': 0.4553, 'ndcg@20': 0.4727}
0
{'recall@5': 0.3855, 'recall@10': 0.503, 'recall@20': 0.6272}
{'mrr@5': 0.2399, 'mrr@10': 0.2556, 'mrr@20': 0.2642}
{'ndcg@5': 0.276, 'ndcg@10': 0.314, 'ndcg@20': 0.3454}
1
{'recall@5': 0.5088, 'recall@10': 0.6637, 'recall@20': 0.7606}
{'mrr@5': 0.2612, 'mrr@10': 0.2825, 'mrr@20': 0.289}
{'ndcg@5': 0.322, 'ndcg@10': 0.3728, 'ndcg@20': 0.397}
2
{'recall@5': 0.4679, 'recall@10': 0.6193, 'recall@20': 0.7294}
{'mrr@5': 0.2326, 'mrr@10': 0.2523, 'mrr@20': 0.2599}
{'ndcg@5': 0.2903, 'ndcg@10': 0.3387, 'ndcg@20': 0.3665}
3
{'recall@5': 0.6223, 'recall@10': 0.721, 'recall@20': 0.7897}
{'mrr@5': 0.3549, 'mrr@10': 0.3686, 'mrr@20': 0.373}
{'ndcg@5': 0.4208, 'ndcg@10': 0.4532, 'ndcg@20': 0.4701}
0
{'recall@5': 0.3888, 'recall@10': 0.5083, 'recall@20': 0.6303}
{'mrr@5': 0.2445, 'mrr@10': 0.2605, 'mrr@20': 0.269}
{'ndcg@5': 0.2802, 'ndcg@10': 0.3189, 'ndcg@20': 0.3498}
1
{'recall@5': 0.4982, 'recall@10': 0.6602, 'recall@20': 0.757}
{'mrr@5': 0.2619, 'mrr@10': 0.2847, 'mrr@20': 0.2917}
{'ndcg@5': 0.3197, 'ndcg@10': 0.3733, 'ndcg@20': 0.3981}
2
{'recall@5': 0.4862, 'recall@10': 0.6055, 'recall@20': 0.7385}
{'mrr@5': 0.2619, 'mrr@10': 0.2786, 'mrr@20': 0.2879}
{'ndcg@5': 0.3169, 'ndcg@10': 0.3563, 'ndcg@20': 0.39}
3
{'recall@5': 0.5837, 'recall@10': 0.7124, 'recall@20': 0.7854}
{'mrr@5': 0.3501, 'mrr@10': 0.3678, 'mrr@20': 0.3727}
{'ndcg@5': 0.4078, 'ndcg@10': 0.4499, 'ndcg@20': 0.4682}
0
{'recall@5': 0.3931, 'recall@10': 0.5119, 'recall@20': 0.6337}
{'mrr@5': 0.2485, 'mrr@10': 0.2644, 'mrr@20': 0.2729}
{'ndcg@5': 0.2843, 'ndcg@10': 0.3228, 'ndcg@20': 0.3536}
1
{'recall@5': 0.5035, 'recall@10': 0.6743, 'recall@20': 0.7606}
{'mrr@5': 0.268, 'mrr@10': 0.2912, 'mrr@20': 0.2973}
{'ndcg@5': 0.3259, 'ndcg@10': 0.3816, 'ndcg@20': 0.4036}
2
{'recall@5': 0.4404, 'recall@10': 0.633, 'recall@20': 0.7661}
{'mrr@5': 0.2317, 'mrr@10': 0.2585, 'mrr@20': 0.2673}
{'ndcg@5': 0.2831, 'ndcg@10': 0.3465, 'ndcg@20': 0.3796}
3
{'recall@5': 0.5837, 'recall@10': 0.6953, 'recall@20': 0.7768}
{'mrr@5': 0.3394, 'mrr@10': 0.3561, 'mrr@20': 0.3618}
{'ndcg@5': 0.3998, 'ndcg@10': 0.4376, 'ndcg@20': 0.4583}
0
{'recall@5': 0.3971, 'recall@10': 0.516, 'recall@20': 0.6362}
{'mrr@5': 0.2509, 'mrr@10': 0.2668, 'mrr@20': 0.2751}
{'ndcg@5': 0.2871, 'ndcg@10': 0.3256, 'ndcg@20': 0.356}
1
{'recall@5': 0.5035, 'recall@10': 0.6725, 'recall@20': 0.7676}
{'mrr@5': 0.2842, 'mrr@10': 0.3073, 'mrr@20': 0.314}
{'ndcg@5': 0.338, 'ndcg@10': 0.3932, 'ndcg@20': 0.4173}
2
{'recall@5': 0.4541, 'recall@10': 0.6055, 'recall@20': 0.7431}
{'mrr@5': 0.2399, 'mrr@10': 0.2616, 'mrr@20': 0.271}
{'ndcg@5': 0.2929, 'ndcg@10': 0.3433, 'ndcg@20': 0.3779}
3
{'recall@5': 0.6052, 'recall@10': 0.7124, 'recall@20': 0.7897}
{'mrr@5': 0.3575, 'mrr@10': 0.3724, 'mrr@20': 0.3777}
{'ndcg@5': 0.4188, 'ndcg@10': 0.454, 'ndcg@20': 0.4735}
0
{'recall@5': 0.4005, 'recall@10': 0.5161, 'recall@20': 0.6383}
{'mrr@5': 0.2556, 'mrr@10': 0.2711, 'mrr@20': 0.2795}
{'ndcg@5': 0.2915, 'ndcg@10': 0.3289, 'ndcg@20': 0.3598}
1
{'recall@5': 0.5, 'recall@10': 0.6725, 'recall@20': 0.7606}
{'mrr@5': 0.2722, 'mrr@10': 0.2962, 'mrr@20': 0.3025}
{'ndcg@5': 0.3284, 'ndcg@10': 0.3852, 'ndcg@20': 0.4077}
2
{'recall@5': 0.4771, 'recall@10': 0.6514, 'recall@20': 0.7569}
{'mrr@5': 0.257, 'mrr@10': 0.2808, 'mrr@20': 0.2877}
{'ndcg@5': 0.3115, 'ndcg@10': 0.3684, 'ndcg@20': 0.3945}
3
{'recall@5': 0.5708, 'recall@10': 0.7039, 'recall@20': 0.7725}
{'mrr@5': 0.3486, 'mrr@10': 0.3679, 'mrr@20': 0.3728}
{'ndcg@5': 0.4037, 'ndcg@10': 0.4481, 'ndcg@20': 0.4658}
0
{'recall@5': 0.4031, 'recall@10': 0.5207, 'recall@20': 0.637}
{'mrr@5': 0.255, 'mrr@10': 0.2707, 'mrr@20': 0.2788}
{'ndcg@5': 0.2917, 'ndcg@10': 0.3297, 'ndcg@20': 0.3591}
1
{'recall@5': 0.5229, 'recall@10': 0.669, 'recall@20': 0.7676}
{'mrr@5': 0.2825, 'mrr@10': 0.303, 'mrr@20': 0.3099}
{'ndcg@5': 0.3417, 'ndcg@10': 0.3899, 'ndcg@20': 0.4149}
2
{'recall@5': 0.4908, 'recall@10': 0.6468, 'recall@20': 0.7615}
{'mrr@5': 0.28, 'mrr@10': 0.3001, 'mrr@20': 0.3085}
{'ndcg@5': 0.3316, 'ndcg@10': 0.3812, 'ndcg@20': 0.4108}
3
{'recall@5': 0.6009, 'recall@10': 0.6953, 'recall@20': 0.7768}
{'mrr@5': 0.3439, 'mrr@10': 0.3573, 'mrr@20': 0.3625}
{'ndcg@5': 0.4076, 'ndcg@10': 0.4389, 'ndcg@20': 0.459}
0
{'recall@5': 0.4052, 'recall@10': 0.5234, 'recall@20': 0.6401}
{'mrr@5': 0.2585, 'mrr@10': 0.2743, 'mrr@20': 0.2824}
{'ndcg@5': 0.2948, 'ndcg@10': 0.3332, 'ndcg@20': 0.3627}
1
{'recall@5': 0.5176, 'recall@10': 0.6831, 'recall@20': 0.7711}
{'mrr@5': 0.2773, 'mrr@10': 0.2996, 'mrr@20': 0.3056}
{'ndcg@5': 0.3366, 'ndcg@10': 0.3903, 'ndcg@20': 0.4124}
2
{'recall@5': 0.4679, 'recall@10': 0.6239, 'recall@20': 0.7523}
{'mrr@5': 0.2598, 'mrr@10': 0.2811, 'mrr@20': 0.2901}
{'ndcg@5': 0.3108, 'ndcg@10': 0.3617, 'ndcg@20': 0.3942}
3
{'recall@5': 0.5966, 'recall@10': 0.6867, 'recall@20': 0.7639}
{'mrr@5': 0.3496, 'mrr@10': 0.363, 'mrr@20': 0.3681}
{'ndcg@5': 0.4103, 'ndcg@10': 0.4408, 'ndcg@20': 0.4601}
0
{'recall@5': 0.4086, 'recall@10': 0.5232, 'recall@20': 0.6414}
{'mrr@5': 0.2592, 'mrr@10': 0.2745, 'mrr@20': 0.2827}
{'ndcg@5': 0.2962, 'ndcg@10': 0.3333, 'ndcg@20': 0.3632}
1
{'recall@5': 0.5053, 'recall@10': 0.6725, 'recall@20': 0.7588}
{'mrr@5': 0.2795, 'mrr@10': 0.3026, 'mrr@20': 0.3088}
{'ndcg@5': 0.3353, 'ndcg@10': 0.3901, 'ndcg@20': 0.4122}
2
{'recall@5': 0.4495, 'recall@10': 0.6055, 'recall@20': 0.7523}
{'mrr@5': 0.2508, 'mrr@10': 0.2727, 'mrr@20': 0.2832}
{'ndcg@5': 0.2996, 'ndcg@10': 0.351, 'ndcg@20': 0.3885}
3
{'recall@5': 0.6052, 'recall@10': 0.7039, 'recall@20': 0.7682}
{'mrr@5': 0.3788, 'mrr@10': 0.3919, 'mrr@20': 0.3964}
{'ndcg@5': 0.4346, 'ndcg@10': 0.4665, 'ndcg@20': 0.4828}
0
{'recall@5': 0.4107, 'recall@10': 0.5253, 'recall@20': 0.6413}
{'mrr@5': 0.2607, 'mrr@10': 0.276, 'mrr@20': 0.284}
{'ndcg@5': 0.2979, 'ndcg@10': 0.3349, 'ndcg@20': 0.3642}
1
{'recall@5': 0.5158, 'recall@10': 0.6831, 'recall@20': 0.7694}
{'mrr@5': 0.2808, 'mrr@10': 0.304, 'mrr@20': 0.3101}
{'ndcg@5': 0.3385, 'ndcg@10': 0.3935, 'ndcg@20': 0.4155}
2
{'recall@5': 0.4725, 'recall@10': 0.6147, 'recall@20': 0.7615}
{'mrr@5': 0.2585, 'mrr@10': 0.2778, 'mrr@20': 0.2886}
{'ndcg@5': 0.3112, 'ndcg@10': 0.3575, 'ndcg@20': 0.3954}
3
{'recall@5': 0.5966, 'recall@10': 0.7082, 'recall@20': 0.7639}
{'mrr@5': 0.3555, 'mrr@10': 0.3717, 'mrr@20': 0.3753}
{'ndcg@5': 0.4153, 'ndcg@10': 0.4527, 'ndcg@20': 0.4664}
0
{'recall@5': 0.4109, 'recall@10': 0.5272, 'recall@20': 0.6449}
{'mrr@5': 0.2637, 'mrr@10': 0.2793, 'mrr@20': 0.2875}
{'ndcg@5': 0.3002, 'ndcg@10': 0.3379, 'ndcg@20': 0.3676}
1
{'recall@5': 0.5264, 'recall@10': 0.669, 'recall@20': 0.7641}
{'mrr@5': 0.288, 'mrr@10': 0.3075, 'mrr@20': 0.3146}
{'ndcg@5': 0.3467, 'ndcg@10': 0.3934, 'ndcg@20': 0.4179}
2
{'recall@5': 0.4954, 'recall@10': 0.6147, 'recall@20': 0.7706}
{'mrr@5': 0.2737, 'mrr@10': 0.2899, 'mrr@20': 0.3008}
{'ndcg@5': 0.3278, 'ndcg@10': 0.3666, 'ndcg@20': 0.4061}
3
{'recall@5': 0.618, 'recall@10': 0.6867, 'recall@20': 0.7682}
{'mrr@5': 0.3486, 'mrr@10': 0.358, 'mrr@20': 0.364}
{'ndcg@5': 0.4151, 'ndcg@10': 0.4376, 'ndcg@20': 0.4586}
0
{'recall@5': 0.4136, 'recall@10': 0.528, 'recall@20': 0.6467}
{'mrr@5': 0.2652, 'mrr@10': 0.2805, 'mrr@20': 0.2887}
{'ndcg@5': 0.302, 'ndcg@10': 0.3391, 'ndcg@20': 0.369}
1
{'recall@5': 0.5317, 'recall@10': 0.6725, 'recall@20': 0.7676}
{'mrr@5': 0.2904, 'mrr@10': 0.3102, 'mrr@20': 0.3169}
{'ndcg@5': 0.3499, 'ndcg@10': 0.3964, 'ndcg@20': 0.4206}
2
{'recall@5': 0.4541, 'recall@10': 0.633, 'recall@20': 0.7523}
{'mrr@5': 0.2595, 'mrr@10': 0.2846, 'mrr@20': 0.2931}
{'ndcg@5': 0.3078, 'ndcg@10': 0.3669, 'ndcg@20': 0.3974}
3
{'recall@5': 0.5665, 'recall@10': 0.7082, 'recall@20': 0.7768}
{'mrr@5': 0.3351, 'mrr@10': 0.3544, 'mrr@20': 0.3592}
{'ndcg@5': 0.3926, 'ndcg@10': 0.4389, 'ndcg@20': 0.4563}
0
{'recall@5': 0.4166, 'recall@10': 0.5303, 'recall@20': 0.6449}
{'mrr@5': 0.2669, 'mrr@10': 0.2821, 'mrr@20': 0.2901}
{'ndcg@5': 0.3041, 'ndcg@10': 0.3409, 'ndcg@20': 0.3698}
1
{'recall@5': 0.5106, 'recall@10': 0.6743, 'recall@20': 0.7623}
{'mrr@5': 0.2872, 'mrr@10': 0.3101, 'mrr@20': 0.3164}
{'ndcg@5': 0.342, 'ndcg@10': 0.3961, 'ndcg@20': 0.4185}
2
{'recall@5': 0.4633, 'recall@10': 0.6468, 'recall@20': 0.7661}
{'mrr@5': 0.2559, 'mrr@10': 0.2807, 'mrr@20': 0.2886}
{'ndcg@5': 0.3074, 'ndcg@10': 0.3671, 'ndcg@20': 0.3968}
3
{'recall@5': 0.6009, 'recall@10': 0.691, 'recall@20': 0.7768}
{'mrr@5': 0.3383, 'mrr@10': 0.351, 'mrr@20': 0.3571}
{'ndcg@5': 0.4031, 'ndcg@10': 0.4328, 'ndcg@20': 0.4547}
0
{'recall@5': 0.4153, 'recall@10': 0.5319, 'recall@20': 0.6465}
{'mrr@5': 0.2674, 'mrr@10': 0.283, 'mrr@20': 0.2909}
{'ndcg@5': 0.304, 'ndcg@10': 0.3418, 'ndcg@20': 0.3707}
1
{'recall@5': 0.5176, 'recall@10': 0.6884, 'recall@20': 0.7694}
{'mrr@5': 0.2948, 'mrr@10': 0.3183, 'mrr@20': 0.3241}
{'ndcg@5': 0.3496, 'ndcg@10': 0.4056, 'ndcg@20': 0.4262}
2
{'recall@5': 0.4908, 'recall@10': 0.633, 'recall@20': 0.7431}
{'mrr@5': 0.2758, 'mrr@10': 0.2955, 'mrr@20': 0.3035}
{'ndcg@5': 0.3289, 'ndcg@10': 0.3756, 'ndcg@20': 0.4039}
3
{'recall@5': 0.6094, 'recall@10': 0.7082, 'recall@20': 0.7768}
{'mrr@5': 0.3433, 'mrr@10': 0.3575, 'mrr@20': 0.3621}
{'ndcg@5': 0.4093, 'ndcg@10': 0.4421, 'ndcg@20': 0.4593}
0
{'recall@5': 0.4174, 'recall@10': 0.5334, 'recall@20': 0.649}
{'mrr@5': 0.2692, 'mrr@10': 0.2848, 'mrr@20': 0.2928}
{'ndcg@5': 0.306, 'ndcg@10': 0.3436, 'ndcg@20': 0.3727}
1
{'recall@5': 0.5246, 'recall@10': 0.6849, 'recall@20': 0.7694}
{'mrr@5': 0.2974, 'mrr@10': 0.3195, 'mrr@20': 0.3254}
{'ndcg@5': 0.3535, 'ndcg@10': 0.4061, 'ndcg@20': 0.4275}
2
{'recall@5': 0.5183, 'recall@10': 0.6606, 'recall@20': 0.7569}
{'mrr@5': 0.2642, 'mrr@10': 0.2831, 'mrr@20': 0.2894}
{'ndcg@5': 0.3269, 'ndcg@10': 0.3727, 'ndcg@20': 0.3967}
3
{'recall@5': 0.5708, 'recall@10': 0.7124, 'recall@20': 0.7897}
{'mrr@5': 0.3365, 'mrr@10': 0.356, 'mrr@20': 0.3611}
{'ndcg@5': 0.3946, 'ndcg@10': 0.441, 'ndcg@20': 0.4602}
0
{'recall@5': 0.4193, 'recall@10': 0.531, 'recall@20': 0.6486}
{'mrr@5': 0.271, 'mrr@10': 0.286, 'mrr@20': 0.2941}
{'ndcg@5': 0.3078, 'ndcg@10': 0.344, 'ndcg@20': 0.3737}
1
{'recall@5': 0.5282, 'recall@10': 0.6796, 'recall@20': 0.7729}
{'mrr@5': 0.2941, 'mrr@10': 0.3154, 'mrr@20': 0.3219}
{'ndcg@5': 0.3519, 'ndcg@10': 0.4019, 'ndcg@20': 0.4256}
2
{'recall@5': 0.4679, 'recall@10': 0.6284, 'recall@20': 0.7385}
{'mrr@5': 0.2797, 'mrr@10': 0.3016, 'mrr@20': 0.3095}
{'ndcg@5': 0.3264, 'ndcg@10': 0.3789, 'ndcg@20': 0.407}
3
{'recall@5': 0.5622, 'recall@10': 0.7039, 'recall@20': 0.7897}
{'mrr@5': 0.3379, 'mrr@10': 0.3583, 'mrr@20': 0.364}
{'ndcg@5': 0.3934, 'ndcg@10': 0.4406, 'ndcg@20': 0.462}
0
{'recall@5': 0.4182, 'recall@10': 0.5339, 'recall@20': 0.65}
{'mrr@5': 0.2721, 'mrr@10': 0.2876, 'mrr@20': 0.2957}
{'ndcg@5': 0.3083, 'ndcg@10': 0.3458, 'ndcg@20': 0.3751}
1
{'recall@5': 0.5246, 'recall@10': 0.6761, 'recall@20': 0.7799}
{'mrr@5': 0.2851, 'mrr@10': 0.306, 'mrr@20': 0.3132}
{'ndcg@5': 0.3441, 'ndcg@10': 0.3938, 'ndcg@20': 0.42}
2
{'recall@5': 0.4817, 'recall@10': 0.6468, 'recall@20': 0.7477}
{'mrr@5': 0.2548, 'mrr@10': 0.2779, 'mrr@20': 0.2855}
{'ndcg@5': 0.3108, 'ndcg@10': 0.3653, 'ndcg@20': 0.3915}
3
{'recall@5': 0.588, 'recall@10': 0.7167, 'recall@20': 0.8026}
{'mrr@5': 0.3589, 'mrr@10': 0.3768, 'mrr@20': 0.3829}
{'ndcg@5': 0.4158, 'ndcg@10': 0.4581, 'ndcg@20': 0.48}
0
{'recall@5': 0.4196, 'recall@10': 0.5314, 'recall@20': 0.6482}
{'mrr@5': 0.2731, 'mrr@10': 0.2882, 'mrr@20': 0.2963}
{'ndcg@5': 0.3095, 'ndcg@10': 0.3457, 'ndcg@20': 0.3753}
1
{'recall@5': 0.5299, 'recall@10': 0.6866, 'recall@20': 0.7588}
{'mrr@5': 0.2885, 'mrr@10': 0.3101, 'mrr@20': 0.3153}
{'ndcg@5': 0.3481, 'ndcg@10': 0.3995, 'ndcg@20': 0.4179}
2
{'recall@5': 0.4817, 'recall@10': 0.6422, 'recall@20': 0.7431}
{'mrr@5': 0.2758, 'mrr@10': 0.2981, 'mrr@20': 0.3054}
{'ndcg@5': 0.3268, 'ndcg@10': 0.3796, 'ndcg@20': 0.4056}
3
{'recall@5': 0.5923, 'recall@10': 0.7124, 'recall@20': 0.7854}
{'mrr@5': 0.3636, 'mrr@10': 0.3804, 'mrr@20': 0.3853}
{'ndcg@5': 0.4201, 'ndcg@10': 0.4597, 'ndcg@20': 0.478}
0
{'recall@5': 0.4208, 'recall@10': 0.5321, 'recall@20': 0.6492}
{'mrr@5': 0.2731, 'mrr@10': 0.2881, 'mrr@20': 0.2962}
{'ndcg@5': 0.3097, 'ndcg@10': 0.3459, 'ndcg@20': 0.3754}
1
{'recall@5': 0.5282, 'recall@10': 0.6884, 'recall@20': 0.7676}
{'mrr@5': 0.2894, 'mrr@10': 0.3111, 'mrr@20': 0.3165}
{'ndcg@5': 0.3482, 'ndcg@10': 0.4003, 'ndcg@20': 0.4202}
2
{'recall@5': 0.5229, 'recall@10': 0.6651, 'recall@20': 0.7661}
{'mrr@5': 0.282, 'mrr@10': 0.3012, 'mrr@20': 0.3084}
{'ndcg@5': 0.3411, 'ndcg@10': 0.3873, 'ndcg@20': 0.4131}
3
{'recall@5': 0.5837, 'recall@10': 0.7124, 'recall@20': 0.7854}
{'mrr@5': 0.3479, 'mrr@10': 0.365, 'mrr@20': 0.3703}
{'ndcg@5': 0.406, 'ndcg@10': 0.4476, 'ndcg@20': 0.4663}
0
{'recall@5': 0.4234, 'recall@10': 0.5352, 'recall@20': 0.6508}
{'mrr@5': 0.2753, 'mrr@10': 0.2903, 'mrr@20': 0.2983}
{'ndcg@5': 0.312, 'ndcg@10': 0.3482, 'ndcg@20': 0.3775}
1
{'recall@5': 0.5299, 'recall@10': 0.6937, 'recall@20': 0.7694}
{'mrr@5': 0.2931, 'mrr@10': 0.3154, 'mrr@20': 0.3205}
{'ndcg@5': 0.3516, 'ndcg@10': 0.405, 'ndcg@20': 0.4239}
2
{'recall@5': 0.5138, 'recall@10': 0.633, 'recall@20': 0.7523}
{'mrr@5': 0.2873, 'mrr@10': 0.3038, 'mrr@20': 0.3125}
{'ndcg@5': 0.343, 'ndcg@10': 0.3821, 'ndcg@20': 0.4128}
3
{'recall@5': 0.5665, 'recall@10': 0.6953, 'recall@20': 0.7811}
{'mrr@5': 0.3389, 'mrr@10': 0.3572, 'mrr@20': 0.3637}
{'ndcg@5': 0.3956, 'ndcg@10': 0.4384, 'ndcg@20': 0.4607}
0
{'recall@5': 0.4251, 'recall@10': 0.5342, 'recall@20': 0.65}
{'mrr@5': 0.2766, 'mrr@10': 0.2912, 'mrr@20': 0.2992}
{'ndcg@5': 0.3134, 'ndcg@10': 0.3487, 'ndcg@20': 0.3779}
1
{'recall@5': 0.5458, 'recall@10': 0.6901, 'recall@20': 0.7817}
{'mrr@5': 0.2995, 'mrr@10': 0.3192, 'mrr@20': 0.3254}
{'ndcg@5': 0.3603, 'ndcg@10': 0.4075, 'ndcg@20': 0.4304}
2
{'recall@5': 0.4954, 'recall@10': 0.6468, 'recall@20': 0.7339}
{'mrr@5': 0.2891, 'mrr@10': 0.3087, 'mrr@20': 0.3152}
{'ndcg@5': 0.3397, 'ndcg@10': 0.3881, 'ndcg@20': 0.4108}
3
{'recall@5': 0.6094, 'recall@10': 0.691, 'recall@20': 0.794}
{'mrr@5': 0.3245, 'mrr@10': 0.336, 'mrr@20': 0.3438}
{'ndcg@5': 0.3949, 'ndcg@10': 0.4218, 'ndcg@20': 0.4486}
0
{'recall@5': 0.4256, 'recall@10': 0.5345, 'recall@20': 0.6505}
{'mrr@5': 0.276, 'mrr@10': 0.2906, 'mrr@20': 0.2986}
{'ndcg@5': 0.3131, 'ndcg@10': 0.3484, 'ndcg@20': 0.3776}
1
{'recall@5': 0.5317, 'recall@10': 0.6954, 'recall@20': 0.7641}
{'mrr@5': 0.2886, 'mrr@10': 0.3112, 'mrr@20': 0.3157}
{'ndcg@5': 0.3484, 'ndcg@10': 0.4021, 'ndcg@20': 0.4192}
2
{'recall@5': 0.4954, 'recall@10': 0.6376, 'recall@20': 0.7339}
{'mrr@5': 0.2762, 'mrr@10': 0.2967, 'mrr@20': 0.3034}
{'ndcg@5': 0.3297, 'ndcg@10': 0.3772, 'ndcg@20': 0.4016}
3
{'recall@5': 0.6009, 'recall@10': 0.7167, 'recall@20': 0.7897}
{'mrr@5': 0.359, 'mrr@10': 0.3756, 'mrr@20': 0.3801}
{'ndcg@5': 0.4188, 'ndcg@10': 0.4574, 'ndcg@20': 0.4751}
0
{'recall@5': 0.4236, 'recall@10': 0.5366, 'recall@20': 0.6498}
{'mrr@5': 0.2764, 'mrr@10': 0.2915, 'mrr@20': 0.2993}
{'ndcg@5': 0.3129, 'ndcg@10': 0.3495, 'ndcg@20': 0.378}
1
{'recall@5': 0.537, 'recall@10': 0.6901, 'recall@20': 0.7746}
{'mrr@5': 0.2934, 'mrr@10': 0.315, 'mrr@20': 0.3207}
{'ndcg@5': 0.3532, 'ndcg@10': 0.4039, 'ndcg@20': 0.4251}
2
{'recall@5': 0.5183, 'recall@10': 0.6468, 'recall@20': 0.7615}
{'mrr@5': 0.2911, 'mrr@10': 0.3092, 'mrr@20': 0.3172}
{'ndcg@5': 0.3473, 'ndcg@10': 0.3899, 'ndcg@20': 0.4189}
3
{'recall@5': 0.5966, 'recall@10': 0.7124, 'recall@20': 0.7768}
{'mrr@5': 0.3394, 'mrr@10': 0.3557, 'mrr@20': 0.3601}
{'ndcg@5': 0.4035, 'ndcg@10': 0.4418, 'ndcg@20': 0.458}
0
{'recall@5': 0.4241, 'recall@10': 0.534, 'recall@20': 0.6505}
{'mrr@5': 0.2774, 'mrr@10': 0.2921, 'mrr@20': 0.3002}
{'ndcg@5': 0.3138, 'ndcg@10': 0.3494, 'ndcg@20': 0.3788}
1
{'recall@5': 0.5246, 'recall@10': 0.6796, 'recall@20': 0.7729}
{'mrr@5': 0.2907, 'mrr@10': 0.312, 'mrr@20': 0.3185}
{'ndcg@5': 0.3484, 'ndcg@10': 0.3992, 'ndcg@20': 0.4228}
2
{'recall@5': 0.5138, 'recall@10': 0.6284, 'recall@20': 0.7569}
{'mrr@5': 0.2713, 'mrr@10': 0.2874, 'mrr@20': 0.2966}
{'ndcg@5': 0.3314, 'ndcg@10': 0.3692, 'ndcg@20': 0.4021}
3
{'recall@5': 0.6137, 'recall@10': 0.7167, 'recall@20': 0.8026}
{'mrr@5': 0.3505, 'mrr@10': 0.3643, 'mrr@20': 0.3698}
{'ndcg@5': 0.4153, 'ndcg@10': 0.4487, 'ndcg@20': 0.4698}
0
{'recall@5': 0.4286, 'recall@10': 0.5346, 'recall@20': 0.6495}
{'mrr@5': 0.2784, 'mrr@10': 0.2926, 'mrr@20': 0.3005}
{'ndcg@5': 0.3157, 'ndcg@10': 0.35, 'ndcg@20': 0.379}
1
{'recall@5': 0.5423, 'recall@10': 0.6813, 'recall@20': 0.7641}
{'mrr@5': 0.2957, 'mrr@10': 0.3147, 'mrr@20': 0.3206}
{'ndcg@5': 0.3563, 'ndcg@10': 0.4018, 'ndcg@20': 0.4229}
2
{'recall@5': 0.5321, 'recall@10': 0.6789, 'recall@20': 0.7477}
{'mrr@5': 0.2927, 'mrr@10': 0.3116, 'mrr@20': 0.3163}
{'ndcg@5': 0.3517, 'ndcg@10': 0.3985, 'ndcg@20': 0.4158}
3
{'recall@5': 0.6052, 'recall@10': 0.7167, 'recall@20': 0.794}
{'mrr@5': 0.3521, 'mrr@10': 0.3682, 'mrr@20': 0.3737}
{'ndcg@5': 0.4149, 'ndcg@10': 0.4521, 'ndcg@20': 0.4718}
0
{'recall@5': 0.4265, 'recall@10': 0.5369, 'recall@20': 0.6496}
{'mrr@5': 0.2775, 'mrr@10': 0.2922, 'mrr@20': 0.3}
{'ndcg@5': 0.3145, 'ndcg@10': 0.3502, 'ndcg@20': 0.3785}
1
{'recall@5': 0.5423, 'recall@10': 0.6884, 'recall@20': 0.7729}
{'mrr@5': 0.3072, 'mrr@10': 0.327, 'mrr@20': 0.3328}
{'ndcg@5': 0.365, 'ndcg@10': 0.4126, 'ndcg@20': 0.4338}
2
{'recall@5': 0.4862, 'recall@10': 0.6468, 'recall@20': 0.7523}
{'mrr@5': 0.2877, 'mrr@10': 0.3107, 'mrr@20': 0.3178}
{'ndcg@5': 0.3368, 'ndcg@10': 0.3903, 'ndcg@20': 0.4168}
3
{'recall@5': 0.6137, 'recall@10': 0.7167, 'recall@20': 0.7983}
{'mrr@5': 0.3569, 'mrr@10': 0.3703, 'mrr@20': 0.3757}
{'ndcg@5': 0.4202, 'ndcg@10': 0.4532, 'ndcg@20': 0.4736}
0
{'recall@5': 0.4268, 'recall@10': 0.5372, 'recall@20': 0.6496}
{'mrr@5': 0.2794, 'mrr@10': 0.2942, 'mrr@20': 0.302}
{'ndcg@5': 0.316, 'ndcg@10': 0.3518, 'ndcg@20': 0.3801}
1
{'recall@5': 0.5282, 'recall@10': 0.6743, 'recall@20': 0.7711}
{'mrr@5': 0.2881, 'mrr@10': 0.3084, 'mrr@20': 0.3153}
{'ndcg@5': 0.3471, 'ndcg@10': 0.3952, 'ndcg@20': 0.4199}
2
{'recall@5': 0.5229, 'recall@10': 0.6514, 'recall@20': 0.7431}
{'mrr@5': 0.3151, 'mrr@10': 0.3338, 'mrr@20': 0.3406}
{'ndcg@5': 0.3665, 'ndcg@10': 0.4095, 'ndcg@20': 0.4333}
3
{'recall@5': 0.5794, 'recall@10': 0.6996, 'recall@20': 0.7983}
{'mrr@5': 0.3579, 'mrr@10': 0.3746, 'mrr@20': 0.3815}
{'ndcg@5': 0.4129, 'ndcg@10': 0.4525, 'ndcg@20': 0.4775}
0
{'recall@5': 0.4292, 'recall@10': 0.5365, 'recall@20': 0.6491}
{'mrr@5': 0.2809, 'mrr@10': 0.2953, 'mrr@20': 0.303}
{'ndcg@5': 0.3177, 'ndcg@10': 0.3524, 'ndcg@20': 0.3808}
1
{'recall@5': 0.5317, 'recall@10': 0.6884, 'recall@20': 0.7799}
{'mrr@5': 0.3022, 'mrr@10': 0.3236, 'mrr@20': 0.3298}
{'ndcg@5': 0.3588, 'ndcg@10': 0.4099, 'ndcg@20': 0.4329}
2
{'recall@5': 0.4908, 'recall@10': 0.6468, 'recall@20': 0.7661}
{'mrr@5': 0.2996, 'mrr@10': 0.3213, 'mrr@20': 0.3296}
{'ndcg@5': 0.3468, 'ndcg@10': 0.3981, 'ndcg@20': 0.4282}
3
{'recall@5': 0.5923, 'recall@10': 0.7124, 'recall@20': 0.7768}
{'mrr@5': 0.3453, 'mrr@10': 0.3629, 'mrr@20': 0.3673}
{'ndcg@5': 0.4069, 'ndcg@10': 0.4473, 'ndcg@20': 0.4634}
0
{'recall@5': 0.4259, 'recall@10': 0.5361, 'recall@20': 0.6523}
{'mrr@5': 0.2797, 'mrr@10': 0.2946, 'mrr@20': 0.3025}
{'ndcg@5': 0.3161, 'ndcg@10': 0.3518, 'ndcg@20': 0.381}
1
{'recall@5': 0.5423, 'recall@10': 0.6884, 'recall@20': 0.7729}
{'mrr@5': 0.2984, 'mrr@10': 0.3187, 'mrr@20': 0.3246}
{'ndcg@5': 0.3585, 'ndcg@10': 0.4066, 'ndcg@20': 0.428}
2
{'recall@5': 0.4862, 'recall@10': 0.656, 'recall@20': 0.7523}
{'mrr@5': 0.2755, 'mrr@10': 0.299, 'mrr@20': 0.3054}
{'ndcg@5': 0.3275, 'ndcg@10': 0.3832, 'ndcg@20': 0.4073}
3
{'recall@5': 0.5923, 'recall@10': 0.7296, 'recall@20': 0.7811}
{'mrr@5': 0.3567, 'mrr@10': 0.3753, 'mrr@20': 0.3786}
{'ndcg@5': 0.4153, 'ndcg@10': 0.46, 'ndcg@20': 0.4726}
0
{'recall@5': 0.425, 'recall@10': 0.5359, 'recall@20': 0.6499}
{'mrr@5': 0.2796, 'mrr@10': 0.2945, 'mrr@20': 0.3024}
{'ndcg@5': 0.3157, 'ndcg@10': 0.3517, 'ndcg@20': 0.3804}
1
{'recall@5': 0.5194, 'recall@10': 0.6796, 'recall@20': 0.7711}
{'mrr@5': 0.2944, 'mrr@10': 0.3161, 'mrr@20': 0.3223}
{'ndcg@5': 0.3499, 'ndcg@10': 0.402, 'ndcg@20': 0.4249}
2
{'recall@5': 0.5, 'recall@10': 0.6468, 'recall@20': 0.7523}
{'mrr@5': 0.2967, 'mrr@10': 0.317, 'mrr@20': 0.3244}
{'ndcg@5': 0.3473, 'ndcg@10': 0.3954, 'ndcg@20': 0.4223}
3
{'recall@5': 0.588, 'recall@10': 0.7124, 'recall@20': 0.7639}
{'mrr@5': 0.3461, 'mrr@10': 0.363, 'mrr@20': 0.3668}
{'ndcg@5': 0.4059, 'ndcg@10': 0.4464, 'ndcg@20': 0.4597}
0
{'recall@5': 0.4278, 'recall@10': 0.5363, 'recall@20': 0.6509}
{'mrr@5': 0.2817, 'mrr@10': 0.2962, 'mrr@20': 0.3041}
{'ndcg@5': 0.3179, 'ndcg@10': 0.3531, 'ndcg@20': 0.3819}
1
{'recall@5': 0.5264, 'recall@10': 0.6708, 'recall@20': 0.7694}
{'mrr@5': 0.3031, 'mrr@10': 0.323, 'mrr@20': 0.33}
{'ndcg@5': 0.3582, 'ndcg@10': 0.4055, 'ndcg@20': 0.4307}
2
{'recall@5': 0.5046, 'recall@10': 0.6422, 'recall@20': 0.7661}
{'mrr@5': 0.2966, 'mrr@10': 0.3158, 'mrr@20': 0.3248}
{'ndcg@5': 0.3479, 'ndcg@10': 0.3933, 'ndcg@20': 0.4251}
3
{'recall@5': 0.6009, 'recall@10': 0.721, 'recall@20': 0.794}
{'mrr@5': 0.3486, 'mrr@10': 0.365, 'mrr@20': 0.3699}
{'ndcg@5': 0.411, 'ndcg@10': 0.4502, 'ndcg@20': 0.4685}
0
{'recall@5': 0.4279, 'recall@10': 0.5361, 'recall@20': 0.6499}
{'mrr@5': 0.2816, 'mrr@10': 0.2961, 'mrr@20': 0.3039}
{'ndcg@5': 0.3179, 'ndcg@10': 0.353, 'ndcg@20': 0.3817}
1
{'recall@5': 0.5246, 'recall@10': 0.6708, 'recall@20': 0.7588}
{'mrr@5': 0.2917, 'mrr@10': 0.3119, 'mrr@20': 0.3182}
{'ndcg@5': 0.3491, 'ndcg@10': 0.3971, 'ndcg@20': 0.4196}
2
{'recall@5': 0.5183, 'recall@10': 0.6606, 'recall@20': 0.7523}
{'mrr@5': 0.3, 'mrr@10': 0.3195, 'mrr@20': 0.3257}
{'ndcg@5': 0.3543, 'ndcg@10': 0.4008, 'ndcg@20': 0.4238}
3
{'recall@5': 0.6223, 'recall@10': 0.7124, 'recall@20': 0.7854}
{'mrr@5': 0.3606, 'mrr@10': 0.3733, 'mrr@20': 0.3781}
{'ndcg@5': 0.4253, 'ndcg@10': 0.4552, 'ndcg@20': 0.4732}
0
{'recall@5': 0.4282, 'recall@10': 0.5332, 'recall@20': 0.6481}
{'mrr@5': 0.2827, 'mrr@10': 0.2968, 'mrr@20': 0.3047}
{'ndcg@5': 0.3188, 'ndcg@10': 0.3528, 'ndcg@20': 0.3818}
1
{'recall@5': 0.537, 'recall@10': 0.6743, 'recall@20': 0.7711}
{'mrr@5': 0.2901, 'mrr@10': 0.3087, 'mrr@20': 0.3155}
{'ndcg@5': 0.3509, 'ndcg@10': 0.3955, 'ndcg@20': 0.4201}
2
{'recall@5': 0.5, 'recall@10': 0.6376, 'recall@20': 0.7569}
{'mrr@5': 0.2742, 'mrr@10': 0.2931, 'mrr@20': 0.3014}
{'ndcg@5': 0.3302, 'ndcg@10': 0.3752, 'ndcg@20': 0.4055}
3
{'recall@5': 0.6052, 'recall@10': 0.7167, 'recall@20': 0.7983}
{'mrr@5': 0.3489, 'mrr@10': 0.3646, 'mrr@20': 0.3696}
{'ndcg@5': 0.4121, 'ndcg@10': 0.4489, 'ndcg@20': 0.4687}
0
{'recall@5': 0.4297, 'recall@10': 0.535, 'recall@20': 0.649}
{'mrr@5': 0.2815, 'mrr@10': 0.2956, 'mrr@20': 0.3035}
{'ndcg@5': 0.3183, 'ndcg@10': 0.3524, 'ndcg@20': 0.3812}
1
{'recall@5': 0.5493, 'recall@10': 0.6884, 'recall@20': 0.7746}
{'mrr@5': 0.3075, 'mrr@10': 0.3269, 'mrr@20': 0.3327}
{'ndcg@5': 0.367, 'ndcg@10': 0.4128, 'ndcg@20': 0.4344}
2
{'recall@5': 0.5046, 'recall@10': 0.6468, 'recall@20': 0.7523}
{'mrr@5': 0.3115, 'mrr@10': 0.331, 'mrr@20': 0.3385}
{'ndcg@5': 0.3595, 'ndcg@10': 0.406, 'ndcg@20': 0.4329}
3
{'recall@5': 0.6052, 'recall@10': 0.7124, 'recall@20': 0.7768}
{'mrr@5': 0.3537, 'mrr@10': 0.3685, 'mrr@20': 0.3728}
{'ndcg@5': 0.4159, 'ndcg@10': 0.451, 'ndcg@20': 0.4671}
0
{'recall@5': 0.4278, 'recall@10': 0.5345, 'recall@20': 0.6478}
{'mrr@5': 0.2815, 'mrr@10': 0.2958, 'mrr@20': 0.3036}
{'ndcg@5': 0.3178, 'ndcg@10': 0.3524, 'ndcg@20': 0.381}
1
{'recall@5': 0.5546, 'recall@10': 0.6849, 'recall@20': 0.7658}
{'mrr@5': 0.306, 'mrr@10': 0.3244, 'mrr@20': 0.3299}
{'ndcg@5': 0.367, 'ndcg@10': 0.4101, 'ndcg@20': 0.4305}
2
{'recall@5': 0.5046, 'recall@10': 0.6422, 'recall@20': 0.7661}
{'mrr@5': 0.2883, 'mrr@10': 0.3068, 'mrr@20': 0.3154}
{'ndcg@5': 0.3419, 'ndcg@10': 0.3865, 'ndcg@20': 0.4179}
3
{'recall@5': 0.6009, 'recall@10': 0.7124, 'recall@20': 0.7682}
{'mrr@5': 0.3624, 'mrr@10': 0.3779, 'mrr@20': 0.3819}
{'ndcg@5': 0.4216, 'ndcg@10': 0.4583, 'ndcg@20': 0.4725}
0
{'recall@5': 0.4286, 'recall@10': 0.5321, 'recall@20': 0.6494}
{'mrr@5': 0.2832, 'mrr@10': 0.297, 'mrr@20': 0.3051}
{'ndcg@5': 0.3193, 'ndcg@10': 0.3528, 'ndcg@20': 0.3823}
1
{'recall@5': 0.5317, 'recall@10': 0.6884, 'recall@20': 0.7746}
{'mrr@5': 0.3058, 'mrr@10': 0.3271, 'mrr@20': 0.3329}
{'ndcg@5': 0.3618, 'ndcg@10': 0.4128, 'ndcg@20': 0.4344}
2
{'recall@5': 0.5183, 'recall@10': 0.6468, 'recall@20': 0.7569}
{'mrr@5': 0.289, 'mrr@10': 0.3064, 'mrr@20': 0.314}
{'ndcg@5': 0.3456, 'ndcg@10': 0.3874, 'ndcg@20': 0.4151}
3
{'recall@5': 0.6223, 'recall@10': 0.7082, 'recall@20': 0.794}
{'mrr@5': 0.3715, 'mrr@10': 0.3842, 'mrr@20': 0.3902}
{'ndcg@5': 0.4334, 'ndcg@10': 0.4624, 'ndcg@20': 0.4842}
0
{'recall@5': 0.4291, 'recall@10': 0.5307, 'recall@20': 0.6485}
{'mrr@5': 0.2833, 'mrr@10': 0.297, 'mrr@20': 0.3052}
{'ndcg@5': 0.3195, 'ndcg@10': 0.3525, 'ndcg@20': 0.3823}
1
{'recall@5': 0.5246, 'recall@10': 0.6761, 'recall@20': 0.7729}
{'mrr@5': 0.2999, 'mrr@10': 0.3212, 'mrr@20': 0.3278}
{'ndcg@5': 0.3554, 'ndcg@10': 0.4054, 'ndcg@20': 0.4299}
2
{'recall@5': 0.5229, 'recall@10': 0.6422, 'recall@20': 0.7569}
{'mrr@5': 0.3091, 'mrr@10': 0.3253, 'mrr@20': 0.3333}
{'ndcg@5': 0.3618, 'ndcg@10': 0.4006, 'ndcg@20': 0.4297}
3
{'recall@5': 0.6223, 'recall@10': 0.7296, 'recall@20': 0.8069}
{'mrr@5': 0.3688, 'mrr@10': 0.3836, 'mrr@20': 0.3886}
{'ndcg@5': 0.4317, 'ndcg@10': 0.4669, 'ndcg@20': 0.486}
0
{'recall@5': 0.4253, 'recall@10': 0.5327, 'recall@20': 0.6482}
{'mrr@5': 0.2831, 'mrr@10': 0.2974, 'mrr@20': 0.3054}
{'ndcg@5': 0.3185, 'ndcg@10': 0.3532, 'ndcg@20': 0.3823}
1
{'recall@5': 0.5616, 'recall@10': 0.6831, 'recall@20': 0.7782}
{'mrr@5': 0.3025, 'mrr@10': 0.3182, 'mrr@20': 0.3248}
{'ndcg@5': 0.3663, 'ndcg@10': 0.4051, 'ndcg@20': 0.4291}
2
{'recall@5': 0.5413, 'recall@10': 0.656, 'recall@20': 0.7615}
{'mrr@5': 0.3061, 'mrr@10': 0.3209, 'mrr@20': 0.3282}
{'ndcg@5': 0.3641, 'ndcg@10': 0.4007, 'ndcg@20': 0.4273}
3
{'recall@5': 0.6009, 'recall@10': 0.7167, 'recall@20': 0.7897}
{'mrr@5': 0.369, 'mrr@10': 0.385, 'mrr@20': 0.3898}
{'ndcg@5': 0.4263, 'ndcg@10': 0.4643, 'ndcg@20': 0.4825}
0
{'recall@5': 0.4277, 'recall@10': 0.5307, 'recall@20': 0.647}
{'mrr@5': 0.2829, 'mrr@10': 0.2967, 'mrr@20': 0.3048}
{'ndcg@5': 0.3189, 'ndcg@10': 0.3523, 'ndcg@20': 0.3816}
1
{'recall@5': 0.5528, 'recall@10': 0.6849, 'recall@20': 0.7729}
{'mrr@5': 0.3028, 'mrr@10': 0.3215, 'mrr@20': 0.3275}
{'ndcg@5': 0.3644, 'ndcg@10': 0.4083, 'ndcg@20': 0.4304}
2
{'recall@5': 0.5138, 'recall@10': 0.633, 'recall@20': 0.7569}
{'mrr@5': 0.3034, 'mrr@10': 0.3202, 'mrr@20': 0.3282}
{'ndcg@5': 0.3552, 'ndcg@10': 0.3947, 'ndcg@20': 0.4253}
3
{'recall@5': 0.618, 'recall@10': 0.7253, 'recall@20': 0.8069}
{'mrr@5': 0.3548, 'mrr@10': 0.3699, 'mrr@20': 0.3752}
{'ndcg@5': 0.4195, 'ndcg@10': 0.455, 'ndcg@20': 0.4753}
0
{'recall@5': 0.4281, 'recall@10': 0.5322, 'recall@20': 0.6457}
{'mrr@5': 0.2835, 'mrr@10': 0.2974, 'mrr@20': 0.3052}
{'ndcg@5': 0.3194, 'ndcg@10': 0.3531, 'ndcg@20': 0.3817}
1
{'recall@5': 0.537, 'recall@10': 0.6778, 'recall@20': 0.7817}
{'mrr@5': 0.3124, 'mrr@10': 0.3323, 'mrr@20': 0.3396}
{'ndcg@5': 0.3676, 'ndcg@10': 0.4143, 'ndcg@20': 0.4407}
2
{'recall@5': 0.555, 'recall@10': 0.6468, 'recall@20': 0.7569}
{'mrr@5': 0.319, 'mrr@10': 0.3312, 'mrr@20': 0.3392}
{'ndcg@5': 0.377, 'ndcg@10': 0.4066, 'ndcg@20': 0.4349}
3
{'recall@5': 0.6309, 'recall@10': 0.7167, 'recall@20': 0.7983}
{'mrr@5': 0.3915, 'mrr@10': 0.403, 'mrr@20': 0.4087}
{'ndcg@5': 0.4511, 'ndcg@10': 0.479, 'ndcg@20': 0.4996}
0
{'recall@5': 0.4251, 'recall@10': 0.5276, 'recall@20': 0.6469}
{'mrr@5': 0.2837, 'mrr@10': 0.2975, 'mrr@20': 0.3057}
{'ndcg@5': 0.3188, 'ndcg@10': 0.3521, 'ndcg@20': 0.3822}
1
{'recall@5': 0.5335, 'recall@10': 0.6743, 'recall@20': 0.7641}
{'mrr@5': 0.3076, 'mrr@10': 0.327, 'mrr@20': 0.3335}
{'ndcg@5': 0.3636, 'ndcg@10': 0.4099, 'ndcg@20': 0.4328}
2
{'recall@5': 0.5413, 'recall@10': 0.656, 'recall@20': 0.7798}
{'mrr@5': 0.3198, 'mrr@10': 0.3366, 'mrr@20': 0.3445}
{'ndcg@5': 0.3748, 'ndcg@10': 0.4133, 'ndcg@20': 0.4437}
3
{'recall@5': 0.618, 'recall@10': 0.7039, 'recall@20': 0.8026}
{'mrr@5': 0.3577, 'mrr@10': 0.3697, 'mrr@20': 0.3768}
{'ndcg@5': 0.422, 'ndcg@10': 0.4503, 'ndcg@20': 0.4756}
0
{'recall@5': 0.4268, 'recall@10': 0.5311, 'recall@20': 0.6459}
{'mrr@5': 0.2847, 'mrr@10': 0.2985, 'mrr@20': 0.3065}
{'ndcg@5': 0.32, 'ndcg@10': 0.3536, 'ndcg@20': 0.3826}
1
{'recall@5': 0.5405, 'recall@10': 0.6725, 'recall@20': 0.7694}
{'mrr@5': 0.3174, 'mrr@10': 0.3362, 'mrr@20': 0.3426}
{'ndcg@5': 0.3722, 'ndcg@10': 0.4162, 'ndcg@20': 0.4403}
2
{'recall@5': 0.5321, 'recall@10': 0.6376, 'recall@20': 0.7661}
{'mrr@5': 0.3032, 'mrr@10': 0.3185, 'mrr@20': 0.3278}
{'ndcg@5': 0.3595, 'ndcg@10': 0.3948, 'ndcg@20': 0.4277}
3
{'recall@5': 0.618, 'recall@10': 0.7167, 'recall@20': 0.8026}
{'mrr@5': 0.3426, 'mrr@10': 0.356, 'mrr@20': 0.3618}
{'ndcg@5': 0.4104, 'ndcg@10': 0.4425, 'ndcg@20': 0.4641}
0
{'recall@5': 0.4237, 'recall@10': 0.5295, 'recall@20': 0.6452}
{'mrr@5': 0.2842, 'mrr@10': 0.2985, 'mrr@20': 0.3064}
{'ndcg@5': 0.3189, 'ndcg@10': 0.3532, 'ndcg@20': 0.3824}
1
{'recall@5': 0.5282, 'recall@10': 0.6796, 'recall@20': 0.757}
{'mrr@5': 0.3052, 'mrr@10': 0.3262, 'mrr@20': 0.3317}
{'ndcg@5': 0.3604, 'ndcg@10': 0.4101, 'ndcg@20': 0.4299}
2
{'recall@5': 0.5413, 'recall@10': 0.656, 'recall@20': 0.7936}
{'mrr@5': 0.3049, 'mrr@10': 0.3207, 'mrr@20': 0.3298}
{'ndcg@5': 0.3631, 'ndcg@10': 0.4007, 'ndcg@20': 0.4349}
3
{'recall@5': 0.5837, 'recall@10': 0.7339, 'recall@20': 0.8155}
{'mrr@5': 0.3566, 'mrr@10': 0.3782, 'mrr@20': 0.3835}
{'ndcg@5': 0.4131, 'ndcg@10': 0.4633, 'ndcg@20': 0.4834}
0
{'recall@5': 0.425, 'recall@10': 0.5301, 'recall@20': 0.6441}
{'mrr@5': 0.2826, 'mrr@10': 0.2967, 'mrr@20': 0.3045}
{'ndcg@5': 0.318, 'ndcg@10': 0.3521, 'ndcg@20': 0.3808}
1
{'recall@5': 0.5352, 'recall@10': 0.6725, 'recall@20': 0.7746}
{'mrr@5': 0.3209, 'mrr@10': 0.34, 'mrr@20': 0.3469}
{'ndcg@5': 0.374, 'ndcg@10': 0.4191, 'ndcg@20': 0.4447}
2
{'recall@5': 0.4908, 'recall@10': 0.6376, 'recall@20': 0.7706}
{'mrr@5': 0.2802, 'mrr@10': 0.2997, 'mrr@20': 0.3086}
{'ndcg@5': 0.3323, 'ndcg@10': 0.3797, 'ndcg@20': 0.4128}
3
{'recall@5': 0.6094, 'recall@10': 0.7339, 'recall@20': 0.8069}
{'mrr@5': 0.3755, 'mrr@10': 0.3925, 'mrr@20': 0.3977}
{'ndcg@5': 0.4334, 'ndcg@10': 0.474, 'ndcg@20': 0.4926}
0
{'recall@5': 0.4255, 'recall@10': 0.5302, 'recall@20': 0.643}
{'mrr@5': 0.2843, 'mrr@10': 0.2984, 'mrr@20': 0.3062}
{'ndcg@5': 0.3194, 'ndcg@10': 0.3533, 'ndcg@20': 0.3818}
1
{'recall@5': 0.5352, 'recall@10': 0.6849, 'recall@20': 0.7799}
{'mrr@5': 0.3058, 'mrr@10': 0.3272, 'mrr@20': 0.3335}
{'ndcg@5': 0.3625, 'ndcg@10': 0.4123, 'ndcg@20': 0.436}
2
{'recall@5': 0.5138, 'recall@10': 0.656, 'recall@20': 0.7706}
{'mrr@5': 0.3098, 'mrr@10': 0.3295, 'mrr@20': 0.3371}
{'ndcg@5': 0.3601, 'ndcg@10': 0.4069, 'ndcg@20': 0.4354}
3
{'recall@5': 0.6009, 'recall@10': 0.7167, 'recall@20': 0.8155}
{'mrr@5': 0.3528, 'mrr@10': 0.3693, 'mrr@20': 0.3756}
{'ndcg@5': 0.4145, 'ndcg@10': 0.4531, 'ndcg@20': 0.4773}
0
{'recall@5': 0.4259, 'recall@10': 0.5268, 'recall@20': 0.6419}
{'mrr@5': 0.2853, 'mrr@10': 0.2988, 'mrr@20': 0.3068}
{'ndcg@5': 0.3202, 'ndcg@10': 0.3529, 'ndcg@20': 0.382}
1
{'recall@5': 0.5194, 'recall@10': 0.6725, 'recall@20': 0.7729}
{'mrr@5': 0.2931, 'mrr@10': 0.314, 'mrr@20': 0.3211}
{'ndcg@5': 0.349, 'ndcg@10': 0.3991, 'ndcg@20': 0.4245}
2
{'recall@5': 0.5413, 'recall@10': 0.6651, 'recall@20': 0.7615}
{'mrr@5': 0.3113, 'mrr@10': 0.3282, 'mrr@20': 0.3346}
{'ndcg@5': 0.3682, 'ndcg@10': 0.4086, 'ndcg@20': 0.4327}
3
{'recall@5': 0.6137, 'recall@10': 0.7167, 'recall@20': 0.8069}
{'mrr@5': 0.3811, 'mrr@10': 0.3958, 'mrr@20': 0.4018}
{'ndcg@5': 0.4385, 'ndcg@10': 0.4728, 'ndcg@20': 0.4952}
0
{'recall@5': 0.4249, 'recall@10': 0.5299, 'recall@20': 0.6431}
{'mrr@5': 0.2831, 'mrr@10': 0.2972, 'mrr@20': 0.3049}
{'ndcg@5': 0.3183, 'ndcg@10': 0.3523, 'ndcg@20': 0.3808}
1
{'recall@5': 0.5229, 'recall@10': 0.6673, 'recall@20': 0.7588}
{'mrr@5': 0.313, 'mrr@10': 0.3327, 'mrr@20': 0.3392}
{'ndcg@5': 0.3647, 'ndcg@10': 0.4118, 'ndcg@20': 0.4351}
2
{'recall@5': 0.5413, 'recall@10': 0.6422, 'recall@20': 0.7752}
{'mrr@5': 0.3304, 'mrr@10': 0.3446, 'mrr@20': 0.3535}
{'ndcg@5': 0.3824, 'ndcg@10': 0.4158, 'ndcg@20': 0.449}
3
{'recall@5': 0.618, 'recall@10': 0.7253, 'recall@20': 0.8026}
{'mrr@5': 0.3585, 'mrr@10': 0.3734, 'mrr@20': 0.3786}
{'ndcg@5': 0.4227, 'ndcg@10': 0.4579, 'ndcg@20': 0.4773}
0
{'recall@5': 0.4242, 'recall@10': 0.5264, 'recall@20': 0.6424}
{'mrr@5': 0.2837, 'mrr@10': 0.2974, 'mrr@20': 0.3054}
{'ndcg@5': 0.3186, 'ndcg@10': 0.3517, 'ndcg@20': 0.3809}
1
{'recall@5': 0.5229, 'recall@10': 0.6708, 'recall@20': 0.7711}
{'mrr@5': 0.2982, 'mrr@10': 0.3189, 'mrr@20': 0.3258}
{'ndcg@5': 0.3534, 'ndcg@10': 0.4022, 'ndcg@20': 0.4275}
2
{'recall@5': 0.5138, 'recall@10': 0.6789, 'recall@20': 0.7798}
{'mrr@5': 0.3063, 'mrr@10': 0.3279, 'mrr@20': 0.3345}
{'ndcg@5': 0.358, 'ndcg@10': 0.4109, 'ndcg@20': 0.4359}
3
{'recall@5': 0.6137, 'recall@10': 0.7296, 'recall@20': 0.8197}
{'mrr@5': 0.3732, 'mrr@10': 0.3883, 'mrr@20': 0.3944}
{'ndcg@5': 0.4327, 'ndcg@10': 0.4697, 'ndcg@20': 0.4924}
0
{'recall@5': 0.4236, 'recall@10': 0.5274, 'recall@20': 0.6415}
{'mrr@5': 0.2838, 'mrr@10': 0.2976, 'mrr@20': 0.3055}
{'ndcg@5': 0.3185, 'ndcg@10': 0.3521, 'ndcg@20': 0.3809}
1
{'recall@5': 0.5335, 'recall@10': 0.6813, 'recall@20': 0.7676}
{'mrr@5': 0.3119, 'mrr@10': 0.332, 'mrr@20': 0.338}
{'ndcg@5': 0.3669, 'ndcg@10': 0.4151, 'ndcg@20': 0.4369}
2
{'recall@5': 0.5321, 'recall@10': 0.6376, 'recall@20': 0.7615}
{'mrr@5': 0.2986, 'mrr@10': 0.3132, 'mrr@20': 0.3215}
{'ndcg@5': 0.3563, 'ndcg@10': 0.391, 'ndcg@20': 0.4219}
3
{'recall@5': 0.6052, 'recall@10': 0.7167, 'recall@20': 0.8112}
{'mrr@5': 0.3641, 'mrr@10': 0.3802, 'mrr@20': 0.3866}
{'ndcg@5': 0.4238, 'ndcg@10': 0.4611, 'ndcg@20': 0.4848}
0
{'recall@5': 0.4217, 'recall@10': 0.5283, 'recall@20': 0.64}
{'mrr@5': 0.2828, 'mrr@10': 0.297, 'mrr@20': 0.3047}
{'ndcg@5': 0.3173, 'ndcg@10': 0.3518, 'ndcg@20': 0.38}
1
{'recall@5': 0.5229, 'recall@10': 0.6761, 'recall@20': 0.7729}
{'mrr@5': 0.2999, 'mrr@10': 0.3213, 'mrr@20': 0.328}
{'ndcg@5': 0.3547, 'ndcg@10': 0.4051, 'ndcg@20': 0.4296}
2
{'recall@5': 0.5505, 'recall@10': 0.6514, 'recall@20': 0.7615}
{'mrr@5': 0.3175, 'mrr@10': 0.3311, 'mrr@20': 0.3384}
{'ndcg@5': 0.3751, 'ndcg@10': 0.4079, 'ndcg@20': 0.4353}
3
{'recall@5': 0.618, 'recall@10': 0.7339, 'recall@20': 0.8026}
{'mrr@5': 0.3683, 'mrr@10': 0.3839, 'mrr@20': 0.3883}
{'ndcg@5': 0.4302, 'ndcg@10': 0.4677, 'ndcg@20': 0.4847}
0
{'recall@5': 0.4229, 'recall@10': 0.5258, 'recall@20': 0.6425}
{'mrr@5': 0.2853, 'mrr@10': 0.299, 'mrr@20': 0.307}
{'ndcg@5': 0.3195, 'ndcg@10': 0.3527, 'ndcg@20': 0.3821}
1
{'recall@5': 0.5246, 'recall@10': 0.6673, 'recall@20': 0.7764}
{'mrr@5': 0.3051, 'mrr@10': 0.3248, 'mrr@20': 0.3323}
{'ndcg@5': 0.3594, 'ndcg@10': 0.4061, 'ndcg@20': 0.4337}
2
{'recall@5': 0.555, 'recall@10': 0.6468, 'recall@20': 0.7523}
{'mrr@5': 0.2997, 'mrr@10': 0.312, 'mrr@20': 0.3193}
{'ndcg@5': 0.3632, 'ndcg@10': 0.393, 'ndcg@20': 0.4196}
3
{'recall@5': 0.6009, 'recall@10': 0.7339, 'recall@20': 0.8112}
{'mrr@5': 0.3747, 'mrr@10': 0.3925, 'mrr@20': 0.3978}
{'ndcg@5': 0.4308, 'ndcg@10': 0.4738, 'ndcg@20': 0.4934}
0
{'recall@5': 0.4253, 'recall@10': 0.5277, 'recall@20': 0.6391}
{'mrr@5': 0.2851, 'mrr@10': 0.2987, 'mrr@20': 0.3064}
{'ndcg@5': 0.32, 'ndcg@10': 0.353, 'ndcg@20': 0.3811}
1
{'recall@5': 0.5493, 'recall@10': 0.6813, 'recall@20': 0.7835}
{'mrr@5': 0.3108, 'mrr@10': 0.3289, 'mrr@20': 0.3354}
{'ndcg@5': 0.3696, 'ndcg@10': 0.4128, 'ndcg@20': 0.4379}
2
{'recall@5': 0.5092, 'recall@10': 0.6606, 'recall@20': 0.7615}
{'mrr@5': 0.3087, 'mrr@10': 0.33, 'mrr@20': 0.3371}
{'ndcg@5': 0.3585, 'ndcg@10': 0.4085, 'ndcg@20': 0.4342}
3
{'recall@5': 0.6009, 'recall@10': 0.7339, 'recall@20': 0.8112}
{'mrr@5': 0.3632, 'mrr@10': 0.3816, 'mrr@20': 0.3873}
{'ndcg@5': 0.4222, 'ndcg@10': 0.4658, 'ndcg@20': 0.4859}
0
{'recall@5': 0.4219, 'recall@10': 0.5246, 'recall@20': 0.641}
{'mrr@5': 0.2849, 'mrr@10': 0.2986, 'mrr@20': 0.3067}
{'ndcg@5': 0.3189, 'ndcg@10': 0.3522, 'ndcg@20': 0.3815}
1
{'recall@5': 0.5176, 'recall@10': 0.6796, 'recall@20': 0.7658}
{'mrr@5': 0.2943, 'mrr@10': 0.3164, 'mrr@20': 0.3225}
{'ndcg@5': 0.3494, 'ndcg@10': 0.4023, 'ndcg@20': 0.4241}
2
{'recall@5': 0.5367, 'recall@10': 0.6697, 'recall@20': 0.7569}
{'mrr@5': 0.3105, 'mrr@10': 0.3284, 'mrr@20': 0.3342}
{'ndcg@5': 0.3661, 'ndcg@10': 0.4093, 'ndcg@20': 0.431}
3
{'recall@5': 0.6352, 'recall@10': 0.7339, 'recall@20': 0.8112}
{'mrr@5': 0.3954, 'mrr@10': 0.4088, 'mrr@20': 0.4142}
{'ndcg@5': 0.4546, 'ndcg@10': 0.4867, 'ndcg@20': 0.5064}
0
{'recall@5': 0.3568, 'recall@10': 0.4629, 'recall@20': 0.584}
{'mrr@5': 0.225, 'mrr@10': 0.2392, 'mrr@20': 0.2476}
{'ndcg@5': 0.2577, 'ndcg@10': 0.292, 'ndcg@20': 0.3225}
1
{'recall@5': 0.4261, 'recall@10': 0.5915, 'recall@20': 0.7271}
{'mrr@5': 0.2474, 'mrr@10': 0.2702, 'mrr@20': 0.2796}
{'ndcg@5': 0.2913, 'ndcg@10': 0.3455, 'ndcg@20': 0.3798}
2
{'recall@5': 0.4495, 'recall@10': 0.6147, 'recall@20': 0.711}
{'mrr@5': 0.2308, 'mrr@10': 0.2527, 'mrr@20': 0.2594}
{'ndcg@5': 0.2843, 'ndcg@10': 0.3376, 'ndcg@20': 0.3619}
3
{'recall@5': 0.5107, 'recall@10': 0.691, 'recall@20': 0.7811}
{'mrr@5': 0.317, 'mrr@10': 0.3417, 'mrr@20': 0.348}
{'ndcg@5': 0.3654, 'ndcg@10': 0.4243, 'ndcg@20': 0.4473}
