0
{'recall@5': 0.1124, 'recall@10': 0.1628, 'recall@20': 0.2519}
{'mrr@5': 0.066, 'mrr@10': 0.0735, 'mrr@20': 0.0792}
{'ndcg@5': 0.0776, 'ndcg@10': 0.0947, 'ndcg@20': 0.1165}
1
{'recall@5': 0.1429, 'recall@10': 0.2219, 'recall@20': 0.2903}
{'mrr@5': 0.084, 'mrr@10': 0.0945, 'mrr@20': 0.0991}
{'ndcg@5': 0.0985, 'ndcg@10': 0.124, 'ndcg@20': 0.1412}
2
{'recall@5': 0.1869, 'recall@10': 0.2987, 'recall@20': 0.4066}
{'mrr@5': 0.1074, 'mrr@10': 0.1221, 'mrr@20': 0.1296}
{'ndcg@5': 0.127, 'ndcg@10': 0.1629, 'ndcg@20': 0.1902}
3
{'recall@5': 0.2087, 'recall@10': 0.314, 'recall@20': 0.4528}
{'mrr@5': 0.1149, 'mrr@10': 0.1288, 'mrr@20': 0.1383}
{'ndcg@5': 0.1381, 'ndcg@10': 0.1719, 'ndcg@20': 0.2069}
0
{'recall@5': 0.4419, 'recall@10': 0.6085, 'recall@20': 0.7752}
{'mrr@5': 0.2729, 'mrr@10': 0.2963, 'mrr@20': 0.3081}
{'ndcg@5': 0.3149, 'ndcg@10': 0.37, 'ndcg@20': 0.4124}
1
{'recall@5': 0.4027, 'recall@10': 0.5729, 'recall@20': 0.7781}
{'mrr@5': 0.2324, 'mrr@10': 0.2551, 'mrr@20': 0.269}
{'ndcg@5': 0.2745, 'ndcg@10': 0.3295, 'ndcg@20': 0.381}
2
{'recall@5': 0.3931, 'recall@10': 0.578, 'recall@20': 0.7765}
{'mrr@5': 0.2021, 'mrr@10': 0.2267, 'mrr@20': 0.2406}
{'ndcg@5': 0.2493, 'ndcg@10': 0.309, 'ndcg@20': 0.3593}
3
{'recall@5': 0.3794, 'recall@10': 0.5453, 'recall@20': 0.7414}
{'mrr@5': 0.2101, 'mrr@10': 0.2322, 'mrr@20': 0.2457}
{'ndcg@5': 0.252, 'ndcg@10': 0.3055, 'ndcg@20': 0.355}
0
{'recall@5': 0.5465, 'recall@10': 0.6705, 'recall@20': 0.8372}
{'mrr@5': 0.3348, 'mrr@10': 0.3519, 'mrr@20': 0.3638}
{'ndcg@5': 0.3874, 'ndcg@10': 0.428, 'ndcg@20': 0.4705}
1
{'recall@5': 0.4985, 'recall@10': 0.693, 'recall@20': 0.848}
{'mrr@5': 0.2922, 'mrr@10': 0.3175, 'mrr@20': 0.3281}
{'ndcg@5': 0.3434, 'ndcg@10': 0.4057, 'ndcg@20': 0.4446}
2
{'recall@5': 0.501, 'recall@10': 0.6686, 'recall@20': 0.8382}
{'mrr@5': 0.2622, 'mrr@10': 0.2844, 'mrr@20': 0.2966}
{'ndcg@5': 0.3214, 'ndcg@10': 0.3754, 'ndcg@20': 0.4188}
3
{'recall@5': 0.4573, 'recall@10': 0.6415, 'recall@20': 0.8126}
{'mrr@5': 0.2575, 'mrr@10': 0.2819, 'mrr@20': 0.2938}
{'ndcg@5': 0.307, 'ndcg@10': 0.3663, 'ndcg@20': 0.4097}
0
{'recall@5': 0.6124, 'recall@10': 0.7597, 'recall@20': 0.8837}
{'mrr@5': 0.3773, 'mrr@10': 0.3969, 'mrr@20': 0.4058}
{'ndcg@5': 0.4353, 'ndcg@10': 0.4829, 'ndcg@20': 0.5146}
1
{'recall@5': 0.5653, 'recall@10': 0.7325, 'recall@20': 0.8617}
{'mrr@5': 0.3273, 'mrr@10': 0.3499, 'mrr@20': 0.3589}
{'ndcg@5': 0.3864, 'ndcg@10': 0.4408, 'ndcg@20': 0.4735}
2
{'recall@5': 0.5337, 'recall@10': 0.7148, 'recall@20': 0.8536}
{'mrr@5': 0.285, 'mrr@10': 0.3096, 'mrr@20': 0.3196}
{'ndcg@5': 0.3465, 'ndcg@10': 0.4055, 'ndcg@20': 0.441}
3
{'recall@5': 0.4899, 'recall@10': 0.6803, 'recall@20': 0.8358}
{'mrr@5': 0.2747, 'mrr@10': 0.3003, 'mrr@20': 0.3112}
{'ndcg@5': 0.3279, 'ndcg@10': 0.3897, 'ndcg@20': 0.4291}
0
{'recall@5': 0.6124, 'recall@10': 0.7713, 'recall@20': 0.907}
{'mrr@5': 0.3861, 'mrr@10': 0.4073, 'mrr@20': 0.4171}
{'ndcg@5': 0.4423, 'ndcg@10': 0.4937, 'ndcg@20': 0.5284}
1
{'recall@5': 0.5669, 'recall@10': 0.7477, 'recall@20': 0.8678}
{'mrr@5': 0.3486, 'mrr@10': 0.373, 'mrr@20': 0.3817}
{'ndcg@5': 0.4029, 'ndcg@10': 0.4617, 'ndcg@20': 0.4924}
2
{'recall@5': 0.5761, 'recall@10': 0.7283, 'recall@20': 0.8593}
{'mrr@5': 0.3164, 'mrr@10': 0.3366, 'mrr@20': 0.3459}
{'ndcg@5': 0.3804, 'ndcg@10': 0.4295, 'ndcg@20': 0.4629}
3
{'recall@5': 0.5155, 'recall@10': 0.6964, 'recall@20': 0.8463}
{'mrr@5': 0.294, 'mrr@10': 0.318, 'mrr@20': 0.3286}
{'ndcg@5': 0.3488, 'ndcg@10': 0.4072, 'ndcg@20': 0.4453}
0
{'recall@5': 0.6434, 'recall@10': 0.7752, 'recall@20': 0.8915}
{'mrr@5': 0.3979, 'mrr@10': 0.4149, 'mrr@20': 0.4235}
{'ndcg@5': 0.4587, 'ndcg@10': 0.5007, 'ndcg@20': 0.5309}
1
{'recall@5': 0.6109, 'recall@10': 0.7523, 'recall@20': 0.8723}
{'mrr@5': 0.375, 'mrr@10': 0.3938, 'mrr@20': 0.4026}
{'ndcg@5': 0.4336, 'ndcg@10': 0.4792, 'ndcg@20': 0.5102}
2
{'recall@5': 0.553, 'recall@10': 0.7437, 'recall@20': 0.8709}
{'mrr@5': 0.3318, 'mrr@10': 0.357, 'mrr@20': 0.3662}
{'ndcg@5': 0.3866, 'ndcg@10': 0.4481, 'ndcg@20': 0.4807}
3
{'recall@5': 0.5312, 'recall@10': 0.7045, 'recall@20': 0.8506}
{'mrr@5': 0.3032, 'mrr@10': 0.3266, 'mrr@20': 0.3369}
{'ndcg@5': 0.3597, 'ndcg@10': 0.4159, 'ndcg@20': 0.4531}
0
{'recall@5': 0.655, 'recall@10': 0.7946, 'recall@20': 0.907}
{'mrr@5': 0.3933, 'mrr@10': 0.4122, 'mrr@20': 0.4203}
{'ndcg@5': 0.4585, 'ndcg@10': 0.5039, 'ndcg@20': 0.5327}
1
{'recall@5': 0.6094, 'recall@10': 0.7781, 'recall@20': 0.8845}
{'mrr@5': 0.3707, 'mrr@10': 0.3931, 'mrr@20': 0.4007}
{'ndcg@5': 0.4301, 'ndcg@10': 0.4846, 'ndcg@20': 0.5117}
2
{'recall@5': 0.5857, 'recall@10': 0.7476, 'recall@20': 0.8863}
{'mrr@5': 0.3308, 'mrr@10': 0.3527, 'mrr@20': 0.3624}
{'ndcg@5': 0.3939, 'ndcg@10': 0.4465, 'ndcg@20': 0.4817}
3
{'recall@5': 0.5377, 'recall@10': 0.7125, 'recall@20': 0.8584}
{'mrr@5': 0.3083, 'mrr@10': 0.3317, 'mrr@20': 0.3421}
{'ndcg@5': 0.3652, 'ndcg@10': 0.4218, 'ndcg@20': 0.459}
0
{'recall@5': 0.6434, 'recall@10': 0.8217, 'recall@20': 0.8992}
{'mrr@5': 0.4089, 'mrr@10': 0.433, 'mrr@20': 0.439}
{'ndcg@5': 0.4674, 'ndcg@10': 0.5254, 'ndcg@20': 0.5458}
1
{'recall@5': 0.6216, 'recall@10': 0.7888, 'recall@20': 0.883}
{'mrr@5': 0.3844, 'mrr@10': 0.4065, 'mrr@20': 0.4133}
{'ndcg@5': 0.4434, 'ndcg@10': 0.4973, 'ndcg@20': 0.5214}
2
{'recall@5': 0.6031, 'recall@10': 0.7669, 'recall@20': 0.8825}
{'mrr@5': 0.3384, 'mrr@10': 0.361, 'mrr@20': 0.3691}
{'ndcg@5': 0.404, 'ndcg@10': 0.4577, 'ndcg@20': 0.487}
3
{'recall@5': 0.5481, 'recall@10': 0.7242, 'recall@20': 0.8588}
{'mrr@5': 0.3133, 'mrr@10': 0.3368, 'mrr@20': 0.3463}
{'ndcg@5': 0.3716, 'ndcg@10': 0.4285, 'ndcg@20': 0.4628}
0
{'recall@5': 0.655, 'recall@10': 0.8062, 'recall@20': 0.8953}
{'mrr@5': 0.4242, 'mrr@10': 0.4448, 'mrr@20': 0.452}
{'ndcg@5': 0.4819, 'ndcg@10': 0.5313, 'ndcg@20': 0.555}
1
{'recall@5': 0.6353, 'recall@10': 0.7948, 'recall@20': 0.8815}
{'mrr@5': 0.3867, 'mrr@10': 0.4076, 'mrr@20': 0.4139}
{'ndcg@5': 0.4486, 'ndcg@10': 0.4997, 'ndcg@20': 0.522}
2
{'recall@5': 0.6108, 'recall@10': 0.7592, 'recall@20': 0.8921}
{'mrr@5': 0.3477, 'mrr@10': 0.368, 'mrr@20': 0.3776}
{'ndcg@5': 0.413, 'ndcg@10': 0.4614, 'ndcg@20': 0.4956}
3
{'recall@5': 0.5557, 'recall@10': 0.7262, 'recall@20': 0.8649}
{'mrr@5': 0.3224, 'mrr@10': 0.3453, 'mrr@20': 0.3551}
{'ndcg@5': 0.3802, 'ndcg@10': 0.4355, 'ndcg@20': 0.4708}
0
{'recall@5': 0.6667, 'recall@10': 0.8256, 'recall@20': 0.907}
{'mrr@5': 0.4024, 'mrr@10': 0.4238, 'mrr@20': 0.4294}
{'ndcg@5': 0.4684, 'ndcg@10': 0.52, 'ndcg@20': 0.5406}
1
{'recall@5': 0.6459, 'recall@10': 0.7903, 'recall@20': 0.8921}
{'mrr@5': 0.3894, 'mrr@10': 0.4094, 'mrr@20': 0.4168}
{'ndcg@5': 0.4532, 'ndcg@10': 0.5006, 'ndcg@20': 0.5268}
2
{'recall@5': 0.6069, 'recall@10': 0.7803, 'recall@20': 0.896}
{'mrr@5': 0.3448, 'mrr@10': 0.3693, 'mrr@20': 0.3773}
{'ndcg@5': 0.41, 'ndcg@10': 0.4674, 'ndcg@20': 0.4966}
3
{'recall@5': 0.5583, 'recall@10': 0.7338, 'recall@20': 0.8708}
{'mrr@5': 0.3231, 'mrr@10': 0.347, 'mrr@20': 0.3567}
{'ndcg@5': 0.3814, 'ndcg@10': 0.4386, 'ndcg@20': 0.4736}
0
{'recall@5': 0.6899, 'recall@10': 0.8333, 'recall@20': 0.9109}
{'mrr@5': 0.4333, 'mrr@10': 0.4527, 'mrr@20': 0.4582}
{'ndcg@5': 0.4973, 'ndcg@10': 0.544, 'ndcg@20': 0.5638}
1
{'recall@5': 0.6565, 'recall@10': 0.7842, 'recall@20': 0.8936}
{'mrr@5': 0.4013, 'mrr@10': 0.418, 'mrr@20': 0.426}
{'ndcg@5': 0.4645, 'ndcg@10': 0.5056, 'ndcg@20': 0.5336}
2
{'recall@5': 0.6204, 'recall@10': 0.7881, 'recall@20': 0.8979}
{'mrr@5': 0.3581, 'mrr@10': 0.3801, 'mrr@20': 0.3878}
{'ndcg@5': 0.4234, 'ndcg@10': 0.4772, 'ndcg@20': 0.5051}
3
{'recall@5': 0.564, 'recall@10': 0.7438, 'recall@20': 0.8675}
{'mrr@5': 0.327, 'mrr@10': 0.3514, 'mrr@20': 0.3602}
{'ndcg@5': 0.3858, 'ndcg@10': 0.4444, 'ndcg@20': 0.4759}
0
{'recall@5': 0.6977, 'recall@10': 0.8488, 'recall@20': 0.9147}
{'mrr@5': 0.443, 'mrr@10': 0.4632, 'mrr@20': 0.4677}
{'ndcg@5': 0.5058, 'ndcg@10': 0.5548, 'ndcg@20': 0.5714}
1
{'recall@5': 0.6702, 'recall@10': 0.8055, 'recall@20': 0.9027}
{'mrr@5': 0.3993, 'mrr@10': 0.4173, 'mrr@20': 0.4242}
{'ndcg@5': 0.4666, 'ndcg@10': 0.5103, 'ndcg@20': 0.5351}
2
{'recall@5': 0.6243, 'recall@10': 0.7784, 'recall@20': 0.9017}
{'mrr@5': 0.3646, 'mrr@10': 0.3852, 'mrr@20': 0.394}
{'ndcg@5': 0.429, 'ndcg@10': 0.4789, 'ndcg@20': 0.5104}
3
{'recall@5': 0.5755, 'recall@10': 0.7412, 'recall@20': 0.8732}
{'mrr@5': 0.3309, 'mrr@10': 0.3532, 'mrr@20': 0.3624}
{'ndcg@5': 0.3914, 'ndcg@10': 0.4451, 'ndcg@20': 0.4787}
0
{'recall@5': 0.7054, 'recall@10': 0.8488, 'recall@20': 0.9109}
{'mrr@5': 0.4475, 'mrr@10': 0.4668, 'mrr@20': 0.4715}
{'ndcg@5': 0.5113, 'ndcg@10': 0.5578, 'ndcg@20': 0.5739}
1
{'recall@5': 0.6535, 'recall@10': 0.804, 'recall@20': 0.9043}
{'mrr@5': 0.4127, 'mrr@10': 0.4328, 'mrr@20': 0.4401}
{'ndcg@5': 0.4726, 'ndcg@10': 0.5213, 'ndcg@20': 0.5471}
2
{'recall@5': 0.6435, 'recall@10': 0.7842, 'recall@20': 0.8998}
{'mrr@5': 0.3728, 'mrr@10': 0.3926, 'mrr@20': 0.4009}
{'ndcg@5': 0.4396, 'ndcg@10': 0.4861, 'ndcg@20': 0.5158}
3
{'recall@5': 0.5707, 'recall@10': 0.7407, 'recall@20': 0.8736}
{'mrr@5': 0.3361, 'mrr@10': 0.3592, 'mrr@20': 0.3688}
{'ndcg@5': 0.3943, 'ndcg@10': 0.4497, 'ndcg@20': 0.4838}
0
{'recall@5': 0.6977, 'recall@10': 0.8256, 'recall@20': 0.9147}
{'mrr@5': 0.4457, 'mrr@10': 0.4631, 'mrr@20': 0.4698}
{'ndcg@5': 0.5082, 'ndcg@10': 0.5499, 'ndcg@20': 0.5731}
1
{'recall@5': 0.6581, 'recall@10': 0.8085, 'recall@20': 0.9103}
{'mrr@5': 0.4203, 'mrr@10': 0.4405, 'mrr@20': 0.4477}
{'ndcg@5': 0.4795, 'ndcg@10': 0.5282, 'ndcg@20': 0.5541}
2
{'recall@5': 0.6474, 'recall@10': 0.7977, 'recall@20': 0.9152}
{'mrr@5': 0.3771, 'mrr@10': 0.3975, 'mrr@20': 0.4059}
{'ndcg@5': 0.4443, 'ndcg@10': 0.4932, 'ndcg@20': 0.5233}
3
{'recall@5': 0.5759, 'recall@10': 0.7514, 'recall@20': 0.881}
{'mrr@5': 0.3315, 'mrr@10': 0.3551, 'mrr@20': 0.3643}
{'ndcg@5': 0.3921, 'ndcg@10': 0.4491, 'ndcg@20': 0.482}
0
{'recall@5': 0.6628, 'recall@10': 0.845, 'recall@20': 0.9264}
{'mrr@5': 0.425, 'mrr@10': 0.4498, 'mrr@20': 0.4554}
{'ndcg@5': 0.4843, 'ndcg@10': 0.5437, 'ndcg@20': 0.5642}
1
{'recall@5': 0.6626, 'recall@10': 0.807, 'recall@20': 0.9088}
{'mrr@5': 0.415, 'mrr@10': 0.4349, 'mrr@20': 0.4422}
{'ndcg@5': 0.4766, 'ndcg@10': 0.5239, 'ndcg@20': 0.5499}
2
{'recall@5': 0.6243, 'recall@10': 0.7958, 'recall@20': 0.9171}
{'mrr@5': 0.3527, 'mrr@10': 0.3768, 'mrr@20': 0.3854}
{'ndcg@5': 0.42, 'ndcg@10': 0.4767, 'ndcg@20': 0.5076}
3
{'recall@5': 0.5809, 'recall@10': 0.7518, 'recall@20': 0.8756}
{'mrr@5': 0.3422, 'mrr@10': 0.3654, 'mrr@20': 0.3742}
{'ndcg@5': 0.4014, 'ndcg@10': 0.4571, 'ndcg@20': 0.4887}
0
{'recall@5': 0.686, 'recall@10': 0.8411, 'recall@20': 0.9186}
{'mrr@5': 0.4245, 'mrr@10': 0.4453, 'mrr@20': 0.451}
{'ndcg@5': 0.4895, 'ndcg@10': 0.5398, 'ndcg@20': 0.5598}
1
{'recall@5': 0.6717, 'recall@10': 0.8116, 'recall@20': 0.9043}
{'mrr@5': 0.4234, 'mrr@10': 0.4425, 'mrr@20': 0.4494}
{'ndcg@5': 0.4852, 'ndcg@10': 0.5308, 'ndcg@20': 0.5548}
2
{'recall@5': 0.6281, 'recall@10': 0.8054, 'recall@20': 0.9017}
{'mrr@5': 0.3531, 'mrr@10': 0.3768, 'mrr@20': 0.3835}
{'ndcg@5': 0.4215, 'ndcg@10': 0.4788, 'ndcg@20': 0.5032}
3
{'recall@5': 0.5828, 'recall@10': 0.7574, 'recall@20': 0.8756}
{'mrr@5': 0.3379, 'mrr@10': 0.3613, 'mrr@20': 0.3697}
{'ndcg@5': 0.3986, 'ndcg@10': 0.4552, 'ndcg@20': 0.4853}
0
{'recall@5': 0.686, 'recall@10': 0.8411, 'recall@20': 0.9264}
{'mrr@5': 0.4514, 'mrr@10': 0.4722, 'mrr@20': 0.4779}
{'ndcg@5': 0.5097, 'ndcg@10': 0.56, 'ndcg@20': 0.5813}
1
{'recall@5': 0.6657, 'recall@10': 0.8116, 'recall@20': 0.9164}
{'mrr@5': 0.4137, 'mrr@10': 0.4337, 'mrr@20': 0.4413}
{'ndcg@5': 0.4766, 'ndcg@10': 0.5243, 'ndcg@20': 0.5512}
2
{'recall@5': 0.6435, 'recall@10': 0.8189, 'recall@20': 0.9152}
{'mrr@5': 0.3614, 'mrr@10': 0.385, 'mrr@20': 0.3915}
{'ndcg@5': 0.4315, 'ndcg@10': 0.4884, 'ndcg@20': 0.5125}
3
{'recall@5': 0.5874, 'recall@10': 0.7527, 'recall@20': 0.8799}
{'mrr@5': 0.3491, 'mrr@10': 0.3714, 'mrr@20': 0.3804}
{'ndcg@5': 0.4082, 'ndcg@10': 0.4619, 'ndcg@20': 0.4943}
0
{'recall@5': 0.7016, 'recall@10': 0.8372, 'recall@20': 0.9186}
{'mrr@5': 0.4377, 'mrr@10': 0.4558, 'mrr@20': 0.4617}
{'ndcg@5': 0.5034, 'ndcg@10': 0.5472, 'ndcg@20': 0.5682}
1
{'recall@5': 0.6565, 'recall@10': 0.8222, 'recall@20': 0.9073}
{'mrr@5': 0.4173, 'mrr@10': 0.4397, 'mrr@20': 0.4459}
{'ndcg@5': 0.477, 'ndcg@10': 0.5309, 'ndcg@20': 0.5527}
2
{'recall@5': 0.6301, 'recall@10': 0.8112, 'recall@20': 0.9114}
{'mrr@5': 0.3725, 'mrr@10': 0.397, 'mrr@20': 0.4042}
{'ndcg@5': 0.4366, 'ndcg@10': 0.4955, 'ndcg@20': 0.5212}
3
{'recall@5': 0.5885, 'recall@10': 0.7559, 'recall@20': 0.8819}
{'mrr@5': 0.3408, 'mrr@10': 0.3634, 'mrr@20': 0.3724}
{'ndcg@5': 0.4022, 'ndcg@10': 0.4567, 'ndcg@20': 0.4888}
0
{'recall@5': 0.7132, 'recall@10': 0.8527, 'recall@20': 0.9186}
{'mrr@5': 0.4723, 'mrr@10': 0.4921, 'mrr@20': 0.4969}
{'ndcg@5': 0.532, 'ndcg@10': 0.5783, 'ndcg@20': 0.5952}
1
{'recall@5': 0.6733, 'recall@10': 0.8313, 'recall@20': 0.9043}
{'mrr@5': 0.4175, 'mrr@10': 0.4383, 'mrr@20': 0.4435}
{'ndcg@5': 0.481, 'ndcg@10': 0.5319, 'ndcg@20': 0.5505}
2
{'recall@5': 0.6513, 'recall@10': 0.8131, 'recall@20': 0.9191}
{'mrr@5': 0.3729, 'mrr@10': 0.3945, 'mrr@20': 0.4017}
{'ndcg@5': 0.4421, 'ndcg@10': 0.4944, 'ndcg@20': 0.521}
3
{'recall@5': 0.5885, 'recall@10': 0.7618, 'recall@20': 0.8788}
{'mrr@5': 0.3439, 'mrr@10': 0.3674, 'mrr@20': 0.3757}
{'ndcg@5': 0.4047, 'ndcg@10': 0.461, 'ndcg@20': 0.4908}
0
{'recall@5': 0.7171, 'recall@10': 0.8527, 'recall@20': 0.9186}
{'mrr@5': 0.4671, 'mrr@10': 0.4857, 'mrr@20': 0.4903}
{'ndcg@5': 0.5293, 'ndcg@10': 0.5737, 'ndcg@20': 0.5903}
1
{'recall@5': 0.6869, 'recall@10': 0.8161, 'recall@20': 0.9164}
{'mrr@5': 0.4353, 'mrr@10': 0.4527, 'mrr@20': 0.4597}
{'ndcg@5': 0.498, 'ndcg@10': 0.54, 'ndcg@20': 0.5653}
2
{'recall@5': 0.6397, 'recall@10': 0.8015, 'recall@20': 0.9229}
{'mrr@5': 0.3755, 'mrr@10': 0.398, 'mrr@20': 0.4064}
{'ndcg@5': 0.441, 'ndcg@10': 0.4942, 'ndcg@20': 0.5249}
3
{'recall@5': 0.5907, 'recall@10': 0.7592, 'recall@20': 0.8821}
{'mrr@5': 0.3467, 'mrr@10': 0.3693, 'mrr@20': 0.378}
{'ndcg@5': 0.4072, 'ndcg@10': 0.4618, 'ndcg@20': 0.4931}
0
{'recall@5': 0.6938, 'recall@10': 0.8605, 'recall@20': 0.9186}
{'mrr@5': 0.4624, 'mrr@10': 0.4854, 'mrr@20': 0.4898}
{'ndcg@5': 0.5203, 'ndcg@10': 0.5749, 'ndcg@20': 0.5901}
1
{'recall@5': 0.6778, 'recall@10': 0.8283, 'recall@20': 0.921}
{'mrr@5': 0.4197, 'mrr@10': 0.4403, 'mrr@20': 0.447}
{'ndcg@5': 0.484, 'ndcg@10': 0.5331, 'ndcg@20': 0.5568}
2
{'recall@5': 0.6416, 'recall@10': 0.7977, 'recall@20': 0.9114}
{'mrr@5': 0.3811, 'mrr@10': 0.4028, 'mrr@20': 0.411}
{'ndcg@5': 0.4459, 'ndcg@10': 0.4972, 'ndcg@20': 0.5265}
3
{'recall@5': 0.5965, 'recall@10': 0.7646, 'recall@20': 0.8825}
{'mrr@5': 0.3486, 'mrr@10': 0.3713, 'mrr@20': 0.3798}
{'ndcg@5': 0.4102, 'ndcg@10': 0.4648, 'ndcg@20': 0.4949}
0
{'recall@5': 0.7016, 'recall@10': 0.8333, 'recall@20': 0.9147}
{'mrr@5': 0.4653, 'mrr@10': 0.4826, 'mrr@20': 0.4888}
{'ndcg@5': 0.5243, 'ndcg@10': 0.5666, 'ndcg@20': 0.5878}
1
{'recall@5': 0.6733, 'recall@10': 0.8298, 'recall@20': 0.9164}
{'mrr@5': 0.4422, 'mrr@10': 0.4635, 'mrr@20': 0.4697}
{'ndcg@5': 0.4999, 'ndcg@10': 0.5509, 'ndcg@20': 0.5731}
2
{'recall@5': 0.6455, 'recall@10': 0.8035, 'recall@20': 0.9133}
{'mrr@5': 0.3813, 'mrr@10': 0.4031, 'mrr@20': 0.4113}
{'ndcg@5': 0.4469, 'ndcg@10': 0.4987, 'ndcg@20': 0.5272}
3
{'recall@5': 0.602, 'recall@10': 0.7607, 'recall@20': 0.8834}
{'mrr@5': 0.352, 'mrr@10': 0.3735, 'mrr@20': 0.3823}
{'ndcg@5': 0.4139, 'ndcg@10': 0.4657, 'ndcg@20': 0.497}
0
{'recall@5': 0.6899, 'recall@10': 0.8333, 'recall@20': 0.9147}
{'mrr@5': 0.4601, 'mrr@10': 0.4799, 'mrr@20': 0.486}
{'ndcg@5': 0.5174, 'ndcg@10': 0.5645, 'ndcg@20': 0.5856}
1
{'recall@5': 0.6748, 'recall@10': 0.8419, 'recall@20': 0.924}
{'mrr@5': 0.4292, 'mrr@10': 0.4519, 'mrr@20': 0.4577}
{'ndcg@5': 0.4904, 'ndcg@10': 0.5448, 'ndcg@20': 0.5658}
2
{'recall@5': 0.6551, 'recall@10': 0.8189, 'recall@20': 0.9056}
{'mrr@5': 0.3916, 'mrr@10': 0.4135, 'mrr@20': 0.4198}
{'ndcg@5': 0.457, 'ndcg@10': 0.5101, 'ndcg@20': 0.5324}
3
{'recall@5': 0.6004, 'recall@10': 0.7648, 'recall@20': 0.8843}
{'mrr@5': 0.3534, 'mrr@10': 0.3756, 'mrr@20': 0.3841}
{'ndcg@5': 0.4147, 'ndcg@10': 0.4681, 'ndcg@20': 0.4985}
0
{'recall@5': 0.6938, 'recall@10': 0.8411, 'recall@20': 0.9225}
{'mrr@5': 0.4716, 'mrr@10': 0.492, 'mrr@20': 0.4975}
{'ndcg@5': 0.5271, 'ndcg@10': 0.5754, 'ndcg@20': 0.5958}
1
{'recall@5': 0.7006, 'recall@10': 0.8328, 'recall@20': 0.9301}
{'mrr@5': 0.4281, 'mrr@10': 0.4462, 'mrr@20': 0.453}
{'ndcg@5': 0.4961, 'ndcg@10': 0.5393, 'ndcg@20': 0.564}
2
{'recall@5': 0.6474, 'recall@10': 0.8073, 'recall@20': 0.9152}
{'mrr@5': 0.3989, 'mrr@10': 0.4208, 'mrr@20': 0.4286}
{'ndcg@5': 0.4605, 'ndcg@10': 0.5129, 'ndcg@20': 0.5405}
3
{'recall@5': 0.6015, 'recall@10': 0.7659, 'recall@20': 0.884}
{'mrr@5': 0.3496, 'mrr@10': 0.3718, 'mrr@20': 0.3801}
{'ndcg@5': 0.4121, 'ndcg@10': 0.4655, 'ndcg@20': 0.4956}
0
{'recall@5': 0.7132, 'recall@10': 0.8411, 'recall@20': 0.9186}
{'mrr@5': 0.4724, 'mrr@10': 0.4896, 'mrr@20': 0.495}
{'ndcg@5': 0.5324, 'ndcg@10': 0.5739, 'ndcg@20': 0.5935}
1
{'recall@5': 0.6839, 'recall@10': 0.8328, 'recall@20': 0.9271}
{'mrr@5': 0.4381, 'mrr@10': 0.4583, 'mrr@20': 0.4652}
{'ndcg@5': 0.4995, 'ndcg@10': 0.548, 'ndcg@20': 0.5723}
2
{'recall@5': 0.6474, 'recall@10': 0.8131, 'recall@20': 0.9191}
{'mrr@5': 0.3785, 'mrr@10': 0.4009, 'mrr@20': 0.4085}
{'ndcg@5': 0.4455, 'ndcg@10': 0.4993, 'ndcg@20': 0.5264}
3
{'recall@5': 0.6035, 'recall@10': 0.7702, 'recall@20': 0.8827}
{'mrr@5': 0.3518, 'mrr@10': 0.3742, 'mrr@20': 0.3822}
{'ndcg@5': 0.4142, 'ndcg@10': 0.4683, 'ndcg@20': 0.497}
0
{'recall@5': 0.7016, 'recall@10': 0.8488, 'recall@20': 0.9147}
{'mrr@5': 0.4641, 'mrr@10': 0.4848, 'mrr@20': 0.4893}
{'ndcg@5': 0.5234, 'ndcg@10': 0.5721, 'ndcg@20': 0.5887}
1
{'recall@5': 0.6915, 'recall@10': 0.8176, 'recall@20': 0.9316}
{'mrr@5': 0.4338, 'mrr@10': 0.4509, 'mrr@20': 0.4593}
{'ndcg@5': 0.498, 'ndcg@10': 0.539, 'ndcg@20': 0.5684}
2
{'recall@5': 0.6358, 'recall@10': 0.8035, 'recall@20': 0.9075}
{'mrr@5': 0.3808, 'mrr@10': 0.4044, 'mrr@20': 0.4121}
{'ndcg@5': 0.4444, 'ndcg@10': 0.4998, 'ndcg@20': 0.5267}
3
{'recall@5': 0.5985, 'recall@10': 0.7683, 'recall@20': 0.8825}
{'mrr@5': 0.3561, 'mrr@10': 0.379, 'mrr@20': 0.3871}
{'ndcg@5': 0.4164, 'ndcg@10': 0.4715, 'ndcg@20': 0.5006}
0
{'recall@5': 0.7209, 'recall@10': 0.8333, 'recall@20': 0.907}
{'mrr@5': 0.4851, 'mrr@10': 0.5007, 'mrr@20': 0.5061}
{'ndcg@5': 0.544, 'ndcg@10': 0.5809, 'ndcg@20': 0.5998}
1
{'recall@5': 0.693, 'recall@10': 0.8374, 'recall@20': 0.9271}
{'mrr@5': 0.4464, 'mrr@10': 0.4658, 'mrr@20': 0.4722}
{'ndcg@5': 0.5078, 'ndcg@10': 0.5546, 'ndcg@20': 0.5775}
2
{'recall@5': 0.6455, 'recall@10': 0.8054, 'recall@20': 0.9171}
{'mrr@5': 0.3976, 'mrr@10': 0.419, 'mrr@20': 0.427}
{'ndcg@5': 0.4596, 'ndcg@10': 0.5115, 'ndcg@20': 0.54}
3
{'recall@5': 0.5993, 'recall@10': 0.764, 'recall@20': 0.883}
{'mrr@5': 0.3532, 'mrr@10': 0.3753, 'mrr@20': 0.3838}
{'ndcg@5': 0.4143, 'ndcg@10': 0.4676, 'ndcg@20': 0.498}
0
{'recall@5': 0.7248, 'recall@10': 0.8256, 'recall@20': 0.9147}
{'mrr@5': 0.4932, 'mrr@10': 0.5074, 'mrr@20': 0.5139}
{'ndcg@5': 0.5509, 'ndcg@10': 0.5842, 'ndcg@20': 0.6072}
1
{'recall@5': 0.693, 'recall@10': 0.8465, 'recall@20': 0.9255}
{'mrr@5': 0.4486, 'mrr@10': 0.469, 'mrr@20': 0.4746}
{'ndcg@5': 0.5094, 'ndcg@10': 0.559, 'ndcg@20': 0.579}
2
{'recall@5': 0.6628, 'recall@10': 0.8131, 'recall@20': 0.9152}
{'mrr@5': 0.3973, 'mrr@10': 0.4182, 'mrr@20': 0.4257}
{'ndcg@5': 0.4632, 'ndcg@10': 0.5127, 'ndcg@20': 0.539}
3
{'recall@5': 0.5965, 'recall@10': 0.7713, 'recall@20': 0.8853}
{'mrr@5': 0.3571, 'mrr@10': 0.3808, 'mrr@20': 0.3888}
{'ndcg@5': 0.4166, 'ndcg@10': 0.4735, 'ndcg@20': 0.5024}
0
{'recall@5': 0.7403, 'recall@10': 0.8527, 'recall@20': 0.9147}
{'mrr@5': 0.4819, 'mrr@10': 0.497, 'mrr@20': 0.5017}
{'ndcg@5': 0.5463, 'ndcg@10': 0.5828, 'ndcg@20': 0.5988}
1
{'recall@5': 0.7036, 'recall@10': 0.8237, 'recall@20': 0.9225}
{'mrr@5': 0.4309, 'mrr@10': 0.4473, 'mrr@20': 0.4546}
{'ndcg@5': 0.4988, 'ndcg@10': 0.538, 'ndcg@20': 0.5636}
2
{'recall@5': 0.6532, 'recall@10': 0.8073, 'recall@20': 0.9171}
{'mrr@5': 0.3942, 'mrr@10': 0.4151, 'mrr@20': 0.4232}
{'ndcg@5': 0.4587, 'ndcg@10': 0.5089, 'ndcg@20': 0.5372}
3
{'recall@5': 0.5996, 'recall@10': 0.7683, 'recall@20': 0.8845}
{'mrr@5': 0.3541, 'mrr@10': 0.377, 'mrr@20': 0.3853}
{'ndcg@5': 0.4151, 'ndcg@10': 0.4701, 'ndcg@20': 0.4998}
0
{'recall@5': 0.7132, 'recall@10': 0.8333, 'recall@20': 0.9109}
{'mrr@5': 0.4633, 'mrr@10': 0.4789, 'mrr@20': 0.4844}
{'ndcg@5': 0.5258, 'ndcg@10': 0.5642, 'ndcg@20': 0.584}
1
{'recall@5': 0.6976, 'recall@10': 0.8374, 'recall@20': 0.924}
{'mrr@5': 0.4527, 'mrr@10': 0.4717, 'mrr@20': 0.4779}
{'ndcg@5': 0.5138, 'ndcg@10': 0.5593, 'ndcg@20': 0.5815}
2
{'recall@5': 0.6532, 'recall@10': 0.817, 'recall@20': 0.9152}
{'mrr@5': 0.4002, 'mrr@10': 0.4214, 'mrr@20': 0.4282}
{'ndcg@5': 0.4634, 'ndcg@10': 0.5157, 'ndcg@20': 0.5405}
3
{'recall@5': 0.6104, 'recall@10': 0.7674, 'recall@20': 0.8814}
{'mrr@5': 0.356, 'mrr@10': 0.3772, 'mrr@20': 0.3853}
{'ndcg@5': 0.4192, 'ndcg@10': 0.4703, 'ndcg@20': 0.4993}
0
{'recall@5': 0.7209, 'recall@10': 0.8256, 'recall@20': 0.9109}
{'mrr@5': 0.4665, 'mrr@10': 0.4819, 'mrr@20': 0.4882}
{'ndcg@5': 0.5302, 'ndcg@10': 0.5654, 'ndcg@20': 0.5874}
1
{'recall@5': 0.7021, 'recall@10': 0.8313, 'recall@20': 0.9271}
{'mrr@5': 0.4412, 'mrr@10': 0.459, 'mrr@20': 0.4659}
{'ndcg@5': 0.5063, 'ndcg@10': 0.5486, 'ndcg@20': 0.5731}
2
{'recall@5': 0.6474, 'recall@10': 0.815, 'recall@20': 0.9133}
{'mrr@5': 0.366, 'mrr@10': 0.3893, 'mrr@20': 0.3962}
{'ndcg@5': 0.4361, 'ndcg@10': 0.4912, 'ndcg@20': 0.5162}
3
{'recall@5': 0.6067, 'recall@10': 0.7724, 'recall@20': 0.8879}
{'mrr@5': 0.3602, 'mrr@10': 0.3826, 'mrr@20': 0.3907}
{'ndcg@5': 0.4214, 'ndcg@10': 0.4753, 'ndcg@20': 0.5047}
0
{'recall@5': 0.6977, 'recall@10': 0.8372, 'recall@20': 0.9186}
{'mrr@5': 0.4595, 'mrr@10': 0.4782, 'mrr@20': 0.4838}
{'ndcg@5': 0.5193, 'ndcg@10': 0.5645, 'ndcg@20': 0.585}
1
{'recall@5': 0.7021, 'recall@10': 0.8328, 'recall@20': 0.9271}
{'mrr@5': 0.4574, 'mrr@10': 0.4755, 'mrr@20': 0.4821}
{'ndcg@5': 0.5186, 'ndcg@10': 0.5614, 'ndcg@20': 0.5854}
2
{'recall@5': 0.6455, 'recall@10': 0.8189, 'recall@20': 0.9133}
{'mrr@5': 0.3882, 'mrr@10': 0.412, 'mrr@20': 0.419}
{'ndcg@5': 0.452, 'ndcg@10': 0.5088, 'ndcg@20': 0.5331}
3
{'recall@5': 0.613, 'recall@10': 0.7718, 'recall@20': 0.884}
{'mrr@5': 0.3618, 'mrr@10': 0.3834, 'mrr@20': 0.3914}
{'ndcg@5': 0.4242, 'ndcg@10': 0.4759, 'ndcg@20': 0.5046}
0
{'recall@5': 0.7209, 'recall@10': 0.8256, 'recall@20': 0.8953}
{'mrr@5': 0.4898, 'mrr@10': 0.5035, 'mrr@20': 0.5088}
{'ndcg@5': 0.5477, 'ndcg@10': 0.5813, 'ndcg@20': 0.5995}
1
{'recall@5': 0.7082, 'recall@10': 0.848, 'recall@20': 0.9301}
{'mrr@5': 0.4485, 'mrr@10': 0.4668, 'mrr@20': 0.4724}
{'ndcg@5': 0.513, 'ndcg@10': 0.5579, 'ndcg@20': 0.5785}
2
{'recall@5': 0.659, 'recall@10': 0.8227, 'recall@20': 0.9152}
{'mrr@5': 0.3916, 'mrr@10': 0.4131, 'mrr@20': 0.4199}
{'ndcg@5': 0.4575, 'ndcg@10': 0.5102, 'ndcg@20': 0.5341}
3
{'recall@5': 0.6061, 'recall@10': 0.775, 'recall@20': 0.8869}
{'mrr@5': 0.3528, 'mrr@10': 0.376, 'mrr@20': 0.3839}
{'ndcg@5': 0.4156, 'ndcg@10': 0.471, 'ndcg@20': 0.4994}
0
{'recall@5': 0.7093, 'recall@10': 0.8411, 'recall@20': 0.8992}
{'mrr@5': 0.4716, 'mrr@10': 0.4897, 'mrr@20': 0.494}
{'ndcg@5': 0.5309, 'ndcg@10': 0.5741, 'ndcg@20': 0.589}
1
{'recall@5': 0.6839, 'recall@10': 0.8298, 'recall@20': 0.9271}
{'mrr@5': 0.4458, 'mrr@10': 0.4654, 'mrr@20': 0.4726}
{'ndcg@5': 0.5053, 'ndcg@10': 0.5526, 'ndcg@20': 0.5777}
2
{'recall@5': 0.659, 'recall@10': 0.8266, 'recall@20': 0.9152}
{'mrr@5': 0.4009, 'mrr@10': 0.4235, 'mrr@20': 0.4299}
{'ndcg@5': 0.4646, 'ndcg@10': 0.5191, 'ndcg@20': 0.5418}
3
{'recall@5': 0.6056, 'recall@10': 0.7711, 'recall@20': 0.886}
{'mrr@5': 0.3545, 'mrr@10': 0.3769, 'mrr@20': 0.3851}
{'ndcg@5': 0.4169, 'ndcg@10': 0.4707, 'ndcg@20': 0.5}
0
{'recall@5': 0.7171, 'recall@10': 0.845, 'recall@20': 0.9147}
{'mrr@5': 0.4711, 'mrr@10': 0.4888, 'mrr@20': 0.4936}
{'ndcg@5': 0.5323, 'ndcg@10': 0.5742, 'ndcg@20': 0.5919}
1
{'recall@5': 0.7052, 'recall@10': 0.8283, 'recall@20': 0.9195}
{'mrr@5': 0.4468, 'mrr@10': 0.4633, 'mrr@20': 0.4699}
{'ndcg@5': 0.511, 'ndcg@10': 0.5508, 'ndcg@20': 0.5742}
2
{'recall@5': 0.657, 'recall@10': 0.8266, 'recall@20': 0.9191}
{'mrr@5': 0.3969, 'mrr@10': 0.42, 'mrr@20': 0.4265}
{'ndcg@5': 0.4615, 'ndcg@10': 0.5168, 'ndcg@20': 0.5403}
3
{'recall@5': 0.6128, 'recall@10': 0.7689, 'recall@20': 0.886}
{'mrr@5': 0.3607, 'mrr@10': 0.3818, 'mrr@20': 0.3901}
{'ndcg@5': 0.4233, 'ndcg@10': 0.474, 'ndcg@20': 0.5038}
0
{'recall@5': 0.7093, 'recall@10': 0.8566, 'recall@20': 0.8915}
{'mrr@5': 0.4802, 'mrr@10': 0.5002, 'mrr@20': 0.5026}
{'ndcg@5': 0.5375, 'ndcg@10': 0.5855, 'ndcg@20': 0.5943}
1
{'recall@5': 0.7097, 'recall@10': 0.848, 'recall@20': 0.9286}
{'mrr@5': 0.4415, 'mrr@10': 0.4592, 'mrr@20': 0.4649}
{'ndcg@5': 0.5084, 'ndcg@10': 0.5524, 'ndcg@20': 0.573}
2
{'recall@5': 0.657, 'recall@10': 0.8208, 'recall@20': 0.9191}
{'mrr@5': 0.383, 'mrr@10': 0.4051, 'mrr@20': 0.4122}
{'ndcg@5': 0.451, 'ndcg@10': 0.5043, 'ndcg@20': 0.5295}
3
{'recall@5': 0.6126, 'recall@10': 0.7683, 'recall@20': 0.889}
{'mrr@5': 0.3625, 'mrr@10': 0.3836, 'mrr@20': 0.3922}
{'ndcg@5': 0.4246, 'ndcg@10': 0.4753, 'ndcg@20': 0.5061}
0
{'recall@5': 0.7442, 'recall@10': 0.8372, 'recall@20': 0.9031}
{'mrr@5': 0.5032, 'mrr@10': 0.5159, 'mrr@20': 0.5209}
{'ndcg@5': 0.5635, 'ndcg@10': 0.5938, 'ndcg@20': 0.611}
1
{'recall@5': 0.7097, 'recall@10': 0.8359, 'recall@20': 0.9271}
{'mrr@5': 0.4427, 'mrr@10': 0.4598, 'mrr@20': 0.4663}
{'ndcg@5': 0.5092, 'ndcg@10': 0.5503, 'ndcg@20': 0.5735}
2
{'recall@5': 0.6493, 'recall@10': 0.817, 'recall@20': 0.9191}
{'mrr@5': 0.4057, 'mrr@10': 0.4284, 'mrr@20': 0.4358}
{'ndcg@5': 0.4663, 'ndcg@10': 0.5208, 'ndcg@20': 0.5471}
3
{'recall@5': 0.6152, 'recall@10': 0.7726, 'recall@20': 0.8866}
{'mrr@5': 0.3633, 'mrr@10': 0.3844, 'mrr@20': 0.3924}
{'ndcg@5': 0.4259, 'ndcg@10': 0.4769, 'ndcg@20': 0.5058}
0
{'recall@5': 0.7248, 'recall@10': 0.8217, 'recall@20': 0.8953}
{'mrr@5': 0.4881, 'mrr@10': 0.5009, 'mrr@20': 0.5063}
{'ndcg@5': 0.5469, 'ndcg@10': 0.5781, 'ndcg@20': 0.5971}
1
{'recall@5': 0.7097, 'recall@10': 0.8359, 'recall@20': 0.9301}
{'mrr@5': 0.4625, 'mrr@10': 0.4791, 'mrr@20': 0.4857}
{'ndcg@5': 0.5243, 'ndcg@10': 0.5649, 'ndcg@20': 0.5888}
2
{'recall@5': 0.659, 'recall@10': 0.8208, 'recall@20': 0.9152}
{'mrr@5': 0.3951, 'mrr@10': 0.417, 'mrr@20': 0.4237}
{'ndcg@5': 0.4603, 'ndcg@10': 0.5131, 'ndcg@20': 0.5371}
3
{'recall@5': 0.6124, 'recall@10': 0.7726, 'recall@20': 0.8884}
{'mrr@5': 0.358, 'mrr@10': 0.38, 'mrr@20': 0.3882}
{'ndcg@5': 0.4211, 'ndcg@10': 0.4735, 'ndcg@20': 0.503}
0
{'recall@5': 0.7171, 'recall@10': 0.8372, 'recall@20': 0.8953}
{'mrr@5': 0.4887, 'mrr@10': 0.5051, 'mrr@20': 0.5094}
{'ndcg@5': 0.546, 'ndcg@10': 0.5852, 'ndcg@20': 0.6002}
1
{'recall@5': 0.696, 'recall@10': 0.8419, 'recall@20': 0.9255}
{'mrr@5': 0.4474, 'mrr@10': 0.4667, 'mrr@20': 0.4729}
{'ndcg@5': 0.5094, 'ndcg@10': 0.5564, 'ndcg@20': 0.578}
2
{'recall@5': 0.6551, 'recall@10': 0.8131, 'recall@20': 0.9249}
{'mrr@5': 0.3931, 'mrr@10': 0.4143, 'mrr@20': 0.4223}
{'ndcg@5': 0.458, 'ndcg@10': 0.5092, 'ndcg@20': 0.5377}
3
{'recall@5': 0.6102, 'recall@10': 0.7709, 'recall@20': 0.8903}
{'mrr@5': 0.359, 'mrr@10': 0.3809, 'mrr@20': 0.3894}
{'ndcg@5': 0.4214, 'ndcg@10': 0.4738, 'ndcg@20': 0.5042}
0
{'recall@5': 0.7093, 'recall@10': 0.8295, 'recall@20': 0.9031}
{'mrr@5': 0.474, 'mrr@10': 0.4912, 'mrr@20': 0.4965}
{'ndcg@5': 0.5329, 'ndcg@10': 0.5729, 'ndcg@20': 0.5918}
1
{'recall@5': 0.7021, 'recall@10': 0.8389, 'recall@20': 0.9316}
{'mrr@5': 0.4526, 'mrr@10': 0.4713, 'mrr@20': 0.478}
{'ndcg@5': 0.5148, 'ndcg@10': 0.5596, 'ndcg@20': 0.5833}
2
{'recall@5': 0.6667, 'recall@10': 0.8324, 'recall@20': 0.9171}
{'mrr@5': 0.4041, 'mrr@10': 0.4261, 'mrr@20': 0.4322}
{'ndcg@5': 0.4694, 'ndcg@10': 0.5229, 'ndcg@20': 0.5446}
3
{'recall@5': 0.6124, 'recall@10': 0.7692, 'recall@20': 0.8845}
{'mrr@5': 0.3609, 'mrr@10': 0.3823, 'mrr@20': 0.3905}
{'ndcg@5': 0.4234, 'ndcg@10': 0.4744, 'ndcg@20': 0.5038}
0
{'recall@5': 0.6938, 'recall@10': 0.8256, 'recall@20': 0.8953}
{'mrr@5': 0.4798, 'mrr@10': 0.4978, 'mrr@20': 0.5026}
{'ndcg@5': 0.5333, 'ndcg@10': 0.5763, 'ndcg@20': 0.5939}
1
{'recall@5': 0.693, 'recall@10': 0.8252, 'recall@20': 0.9347}
{'mrr@5': 0.4579, 'mrr@10': 0.4764, 'mrr@20': 0.4845}
{'ndcg@5': 0.5165, 'ndcg@10': 0.5602, 'ndcg@20': 0.5884}
2
{'recall@5': 0.6705, 'recall@10': 0.8131, 'recall@20': 0.9191}
{'mrr@5': 0.4076, 'mrr@10': 0.4272, 'mrr@20': 0.435}
{'ndcg@5': 0.4729, 'ndcg@10': 0.5196, 'ndcg@20': 0.5469}
3
{'recall@5': 0.6191, 'recall@10': 0.7759, 'recall@20': 0.8879}
{'mrr@5': 0.3643, 'mrr@10': 0.3856, 'mrr@20': 0.3934}
{'ndcg@5': 0.4275, 'ndcg@10': 0.4786, 'ndcg@20': 0.507}
0
{'recall@5': 0.7287, 'recall@10': 0.8333, 'recall@20': 0.8992}
{'mrr@5': 0.4864, 'mrr@10': 0.5007, 'mrr@20': 0.5051}
{'ndcg@5': 0.5467, 'ndcg@10': 0.581, 'ndcg@20': 0.5975}
1
{'recall@5': 0.7143, 'recall@10': 0.8435, 'recall@20': 0.9271}
{'mrr@5': 0.4524, 'mrr@10': 0.4698, 'mrr@20': 0.4759}
{'ndcg@5': 0.5176, 'ndcg@10': 0.5595, 'ndcg@20': 0.581}
2
{'recall@5': 0.657, 'recall@10': 0.8247, 'recall@20': 0.921}
{'mrr@5': 0.4048, 'mrr@10': 0.4272, 'mrr@20': 0.434}
{'ndcg@5': 0.4676, 'ndcg@10': 0.5218, 'ndcg@20': 0.5463}
3
{'recall@5': 0.6072, 'recall@10': 0.7739, 'recall@20': 0.8879}
{'mrr@5': 0.3598, 'mrr@10': 0.3824, 'mrr@20': 0.3904}
{'ndcg@5': 0.4213, 'ndcg@10': 0.4755, 'ndcg@20': 0.5045}
0
{'recall@5': 0.6899, 'recall@10': 0.8333, 'recall@20': 0.8953}
{'mrr@5': 0.4924, 'mrr@10': 0.5123, 'mrr@20': 0.5165}
{'ndcg@5': 0.5419, 'ndcg@10': 0.5892, 'ndcg@20': 0.6047}
1
{'recall@5': 0.7143, 'recall@10': 0.8359, 'recall@20': 0.9377}
{'mrr@5': 0.4548, 'mrr@10': 0.4713, 'mrr@20': 0.4785}
{'ndcg@5': 0.5195, 'ndcg@10': 0.5591, 'ndcg@20': 0.585}
2
{'recall@5': 0.6763, 'recall@10': 0.8208, 'recall@20': 0.9171}
{'mrr@5': 0.4227, 'mrr@10': 0.4419, 'mrr@20': 0.4487}
{'ndcg@5': 0.4858, 'ndcg@10': 0.5324, 'ndcg@20': 0.5569}
3
{'recall@5': 0.6115, 'recall@10': 0.7718, 'recall@20': 0.8847}
{'mrr@5': 0.3579, 'mrr@10': 0.3796, 'mrr@20': 0.3877}
{'ndcg@5': 0.4209, 'ndcg@10': 0.473, 'ndcg@20': 0.5018}
0
{'recall@5': 0.7209, 'recall@10': 0.8295, 'recall@20': 0.8992}
{'mrr@5': 0.4729, 'mrr@10': 0.488, 'mrr@20': 0.4931}
{'ndcg@5': 0.5348, 'ndcg@10': 0.5705, 'ndcg@20': 0.5884}
1
{'recall@5': 0.7021, 'recall@10': 0.8359, 'recall@20': 0.9362}
{'mrr@5': 0.4433, 'mrr@10': 0.4616, 'mrr@20': 0.4689}
{'ndcg@5': 0.5077, 'ndcg@10': 0.5514, 'ndcg@20': 0.5772}
2
{'recall@5': 0.6763, 'recall@10': 0.8189, 'recall@20': 0.9229}
{'mrr@5': 0.4157, 'mrr@10': 0.4364, 'mrr@20': 0.4439}
{'ndcg@5': 0.4806, 'ndcg@10': 0.5284, 'ndcg@20': 0.555}
3
{'recall@5': 0.6167, 'recall@10': 0.7739, 'recall@20': 0.8875}
{'mrr@5': 0.3625, 'mrr@10': 0.3838, 'mrr@20': 0.3918}
{'ndcg@5': 0.4256, 'ndcg@10': 0.4769, 'ndcg@20': 0.5056}
0
{'recall@5': 0.7287, 'recall@10': 0.8256, 'recall@20': 0.8992}
{'mrr@5': 0.4969, 'mrr@10': 0.5098, 'mrr@20': 0.515}
{'ndcg@5': 0.5545, 'ndcg@10': 0.5858, 'ndcg@20': 0.6045}
1
{'recall@5': 0.7188, 'recall@10': 0.8404, 'recall@20': 0.9301}
{'mrr@5': 0.4711, 'mrr@10': 0.4871, 'mrr@20': 0.4934}
{'ndcg@5': 0.5328, 'ndcg@10': 0.5719, 'ndcg@20': 0.5947}
2
{'recall@5': 0.6724, 'recall@10': 0.8382, 'recall@20': 0.9191}
{'mrr@5': 0.3956, 'mrr@10': 0.4181, 'mrr@20': 0.424}
{'ndcg@5': 0.4643, 'ndcg@10': 0.5183, 'ndcg@20': 0.5391}
3
{'recall@5': 0.6104, 'recall@10': 0.7694, 'recall@20': 0.8895}
{'mrr@5': 0.3637, 'mrr@10': 0.3851, 'mrr@20': 0.3936}
{'ndcg@5': 0.4249, 'ndcg@10': 0.4765, 'ndcg@20': 0.5071}
0
{'recall@5': 0.7209, 'recall@10': 0.8178, 'recall@20': 0.8876}
{'mrr@5': 0.4946, 'mrr@10': 0.5077, 'mrr@20': 0.5127}
{'ndcg@5': 0.5512, 'ndcg@10': 0.5827, 'ndcg@20': 0.6005}
1
{'recall@5': 0.7067, 'recall@10': 0.8343, 'recall@20': 0.9301}
{'mrr@5': 0.4477, 'mrr@10': 0.4649, 'mrr@20': 0.4716}
{'ndcg@5': 0.5122, 'ndcg@10': 0.5536, 'ndcg@20': 0.578}
2
{'recall@5': 0.6435, 'recall@10': 0.8343, 'recall@20': 0.9171}
{'mrr@5': 0.3854, 'mrr@10': 0.4113, 'mrr@20': 0.4174}
{'ndcg@5': 0.4496, 'ndcg@10': 0.5118, 'ndcg@20': 0.5332}
3
{'recall@5': 0.6239, 'recall@10': 0.775, 'recall@20': 0.8895}
{'mrr@5': 0.3653, 'mrr@10': 0.3858, 'mrr@20': 0.3938}
{'ndcg@5': 0.4295, 'ndcg@10': 0.4787, 'ndcg@20': 0.5078}
0
{'recall@5': 0.7364, 'recall@10': 0.8372, 'recall@20': 0.8953}
{'mrr@5': 0.4866, 'mrr@10': 0.5007, 'mrr@20': 0.5047}
{'ndcg@5': 0.5486, 'ndcg@10': 0.5819, 'ndcg@20': 0.5965}
1
{'recall@5': 0.7036, 'recall@10': 0.8191, 'recall@20': 0.9286}
{'mrr@5': 0.4594, 'mrr@10': 0.4755, 'mrr@20': 0.4833}
{'ndcg@5': 0.5204, 'ndcg@10': 0.5584, 'ndcg@20': 0.5864}
2
{'recall@5': 0.6724, 'recall@10': 0.8247, 'recall@20': 0.9152}
{'mrr@5': 0.3969, 'mrr@10': 0.4172, 'mrr@20': 0.4238}
{'ndcg@5': 0.4654, 'ndcg@10': 0.5146, 'ndcg@20': 0.5379}
3
{'recall@5': 0.6152, 'recall@10': 0.7687, 'recall@20': 0.8853}
{'mrr@5': 0.3643, 'mrr@10': 0.3853, 'mrr@20': 0.3936}
{'ndcg@5': 0.4267, 'ndcg@10': 0.4768, 'ndcg@20': 0.5065}
0
{'recall@5': 0.7209, 'recall@10': 0.8256, 'recall@20': 0.8953}
{'mrr@5': 0.4744, 'mrr@10': 0.4893, 'mrr@20': 0.4941}
{'ndcg@5': 0.5363, 'ndcg@10': 0.5711, 'ndcg@20': 0.5887}
1
{'recall@5': 0.7006, 'recall@10': 0.8374, 'recall@20': 0.9301}
{'mrr@5': 0.4439, 'mrr@10': 0.4626, 'mrr@20': 0.4693}
{'ndcg@5': 0.5081, 'ndcg@10': 0.5528, 'ndcg@20': 0.5766}
2
{'recall@5': 0.6532, 'recall@10': 0.8285, 'recall@20': 0.9268}
{'mrr@5': 0.3921, 'mrr@10': 0.4163, 'mrr@20': 0.4233}
{'ndcg@5': 0.4574, 'ndcg@10': 0.5149, 'ndcg@20': 0.54}
3
{'recall@5': 0.615, 'recall@10': 0.7739, 'recall@20': 0.8851}
{'mrr@5': 0.364, 'mrr@10': 0.3856, 'mrr@20': 0.3934}
{'ndcg@5': 0.4263, 'ndcg@10': 0.4781, 'ndcg@20': 0.5064}
0
{'recall@5': 0.7287, 'recall@10': 0.8217, 'recall@20': 0.8876}
{'mrr@5': 0.497, 'mrr@10': 0.5094, 'mrr@20': 0.514}
{'ndcg@5': 0.555, 'ndcg@10': 0.5851, 'ndcg@20': 0.6018}
1
{'recall@5': 0.7082, 'recall@10': 0.8343, 'recall@20': 0.9301}
{'mrr@5': 0.4763, 'mrr@10': 0.4931, 'mrr@20': 0.5001}
{'ndcg@5': 0.5341, 'ndcg@10': 0.5748, 'ndcg@20': 0.5996}
2
{'recall@5': 0.659, 'recall@10': 0.8285, 'recall@20': 0.9287}
{'mrr@5': 0.4058, 'mrr@10': 0.4291, 'mrr@20': 0.4362}
{'ndcg@5': 0.4686, 'ndcg@10': 0.524, 'ndcg@20': 0.5496}
3
{'recall@5': 0.6154, 'recall@10': 0.7689, 'recall@20': 0.8884}
{'mrr@5': 0.363, 'mrr@10': 0.3838, 'mrr@20': 0.3922}
{'ndcg@5': 0.4257, 'ndcg@10': 0.4757, 'ndcg@20': 0.5061}
0
{'recall@5': 0.7016, 'recall@10': 0.8295, 'recall@20': 0.8837}
{'mrr@5': 0.4857, 'mrr@10': 0.5035, 'mrr@20': 0.5073}
{'ndcg@5': 0.5394, 'ndcg@10': 0.5816, 'ndcg@20': 0.5953}
1
{'recall@5': 0.6869, 'recall@10': 0.8313, 'recall@20': 0.9301}
{'mrr@5': 0.4491, 'mrr@10': 0.4693, 'mrr@20': 0.4765}
{'ndcg@5': 0.5085, 'ndcg@10': 0.5561, 'ndcg@20': 0.5815}
2
{'recall@5': 0.6686, 'recall@10': 0.8382, 'recall@20': 0.9229}
{'mrr@5': 0.4094, 'mrr@10': 0.4319, 'mrr@20': 0.4378}
{'ndcg@5': 0.4741, 'ndcg@10': 0.5287, 'ndcg@20': 0.5502}
3
{'recall@5': 0.6152, 'recall@10': 0.765, 'recall@20': 0.8847}
{'mrr@5': 0.3649, 'mrr@10': 0.3854, 'mrr@20': 0.394}
{'ndcg@5': 0.4271, 'ndcg@10': 0.476, 'ndcg@20': 0.5066}
0
{'recall@5': 0.7093, 'recall@10': 0.8256, 'recall@20': 0.8915}
{'mrr@5': 0.4909, 'mrr@10': 0.5062, 'mrr@20': 0.5112}
{'ndcg@5': 0.5452, 'ndcg@10': 0.5826, 'ndcg@20': 0.5997}
1
{'recall@5': 0.7112, 'recall@10': 0.8207, 'recall@20': 0.9316}
{'mrr@5': 0.4518, 'mrr@10': 0.4669, 'mrr@20': 0.4749}
{'ndcg@5': 0.5164, 'ndcg@10': 0.5523, 'ndcg@20': 0.5808}
2
{'recall@5': 0.6686, 'recall@10': 0.8227, 'recall@20': 0.9191}
{'mrr@5': 0.3965, 'mrr@10': 0.4173, 'mrr@20': 0.4245}
{'ndcg@5': 0.4641, 'ndcg@10': 0.5142, 'ndcg@20': 0.5392}
3
{'recall@5': 0.6156, 'recall@10': 0.7731, 'recall@20': 0.8851}
{'mrr@5': 0.3639, 'mrr@10': 0.385, 'mrr@20': 0.393}
{'ndcg@5': 0.4265, 'ndcg@10': 0.4775, 'ndcg@20': 0.5061}
0
{'recall@5': 0.7403, 'recall@10': 0.8295, 'recall@20': 0.8876}
{'mrr@5': 0.496, 'mrr@10': 0.5079, 'mrr@20': 0.5122}
{'ndcg@5': 0.5572, 'ndcg@10': 0.586, 'ndcg@20': 0.601}
1
{'recall@5': 0.696, 'recall@10': 0.8267, 'recall@20': 0.9331}
{'mrr@5': 0.451, 'mrr@10': 0.469, 'mrr@20': 0.4768}
{'ndcg@5': 0.512, 'ndcg@10': 0.5549, 'ndcg@20': 0.5822}
2
{'recall@5': 0.6667, 'recall@10': 0.8362, 'recall@20': 0.9191}
{'mrr@5': 0.4027, 'mrr@10': 0.4254, 'mrr@20': 0.4316}
{'ndcg@5': 0.4682, 'ndcg@10': 0.5231, 'ndcg@20': 0.5446}
3
{'recall@5': 0.6178, 'recall@10': 0.7692, 'recall@20': 0.8847}
{'mrr@5': 0.3678, 'mrr@10': 0.3883, 'mrr@20': 0.3966}
{'ndcg@5': 0.43, 'ndcg@10': 0.4792, 'ndcg@20': 0.5087}
0
{'recall@5': 0.7326, 'recall@10': 0.8295, 'recall@20': 0.876}
{'mrr@5': 0.4926, 'mrr@10': 0.5059, 'mrr@20': 0.5095}
{'ndcg@5': 0.5524, 'ndcg@10': 0.584, 'ndcg@20': 0.5963}
1
{'recall@5': 0.693, 'recall@10': 0.8389, 'recall@20': 0.9286}
{'mrr@5': 0.4499, 'mrr@10': 0.4699, 'mrr@20': 0.4764}
{'ndcg@5': 0.5108, 'ndcg@10': 0.5585, 'ndcg@20': 0.5814}
2
{'recall@5': 0.6705, 'recall@10': 0.8324, 'recall@20': 0.9249}
{'mrr@5': 0.4042, 'mrr@10': 0.4258, 'mrr@20': 0.4323}
{'ndcg@5': 0.4703, 'ndcg@10': 0.5226, 'ndcg@20': 0.5462}
3
{'recall@5': 0.6293, 'recall@10': 0.7739, 'recall@20': 0.884}
{'mrr@5': 0.3711, 'mrr@10': 0.3905, 'mrr@20': 0.3983}
{'ndcg@5': 0.4351, 'ndcg@10': 0.482, 'ndcg@20': 0.5101}
0
{'recall@5': 0.7016, 'recall@10': 0.8295, 'recall@20': 0.8915}
{'mrr@5': 0.4839, 'mrr@10': 0.5018, 'mrr@20': 0.5062}
{'ndcg@5': 0.5382, 'ndcg@10': 0.5805, 'ndcg@20': 0.5963}
1
{'recall@5': 0.7036, 'recall@10': 0.8343, 'recall@20': 0.9225}
{'mrr@5': 0.4685, 'mrr@10': 0.4868, 'mrr@20': 0.4934}
{'ndcg@5': 0.5272, 'ndcg@10': 0.5703, 'ndcg@20': 0.5932}
2
{'recall@5': 0.6647, 'recall@10': 0.8401, 'recall@20': 0.9229}
{'mrr@5': 0.3982, 'mrr@10': 0.4224, 'mrr@20': 0.4284}
{'ndcg@5': 0.4646, 'ndcg@10': 0.5221, 'ndcg@20': 0.5433}
3
{'recall@5': 0.6211, 'recall@10': 0.7685, 'recall@20': 0.8847}
{'mrr@5': 0.3638, 'mrr@10': 0.3839, 'mrr@20': 0.3922}
{'ndcg@5': 0.4279, 'ndcg@10': 0.4759, 'ndcg@20': 0.5056}
0
{'recall@5': 0.7364, 'recall@10': 0.8256, 'recall@20': 0.8876}
{'mrr@5': 0.4981, 'mrr@10': 0.5095, 'mrr@20': 0.514}
{'ndcg@5': 0.5576, 'ndcg@10': 0.5859, 'ndcg@20': 0.6018}
1
{'recall@5': 0.7036, 'recall@10': 0.8328, 'recall@20': 0.9271}
{'mrr@5': 0.4651, 'mrr@10': 0.4826, 'mrr@20': 0.4897}
{'ndcg@5': 0.5245, 'ndcg@10': 0.5665, 'ndcg@20': 0.5909}
2
{'recall@5': 0.6744, 'recall@10': 0.8401, 'recall@20': 0.9249}
{'mrr@5': 0.4138, 'mrr@10': 0.4357, 'mrr@20': 0.442}
{'ndcg@5': 0.4786, 'ndcg@10': 0.532, 'ndcg@20': 0.5539}
3
{'recall@5': 0.6104, 'recall@10': 0.7681, 'recall@20': 0.8856}
{'mrr@5': 0.3682, 'mrr@10': 0.3896, 'mrr@20': 0.3979}
{'ndcg@5': 0.4285, 'ndcg@10': 0.4799, 'ndcg@20': 0.5097}
0
{'recall@5': 0.7248, 'recall@10': 0.8256, 'recall@20': 0.8837}
{'mrr@5': 0.507, 'mrr@10': 0.5211, 'mrr@20': 0.5255}
{'ndcg@5': 0.5618, 'ndcg@10': 0.5949, 'ndcg@20': 0.6101}
1
{'recall@5': 0.728, 'recall@10': 0.8495, 'recall@20': 0.9347}
{'mrr@5': 0.4737, 'mrr@10': 0.4901, 'mrr@20': 0.4962}
{'ndcg@5': 0.5371, 'ndcg@10': 0.5766, 'ndcg@20': 0.5983}
2
{'recall@5': 0.684, 'recall@10': 0.8362, 'recall@20': 0.921}
{'mrr@5': 0.4121, 'mrr@10': 0.4326, 'mrr@20': 0.4391}
{'ndcg@5': 0.4797, 'ndcg@10': 0.5291, 'ndcg@20': 0.5513}
3
{'recall@5': 0.6169, 'recall@10': 0.77, 'recall@20': 0.8838}
{'mrr@5': 0.3644, 'mrr@10': 0.3854, 'mrr@20': 0.3934}
{'ndcg@5': 0.4272, 'ndcg@10': 0.4773, 'ndcg@20': 0.5062}
0
{'recall@5': 0.7248, 'recall@10': 0.8256, 'recall@20': 0.8953}
{'mrr@5': 0.4997, 'mrr@10': 0.5131, 'mrr@20': 0.5181}
{'ndcg@5': 0.5559, 'ndcg@10': 0.5883, 'ndcg@20': 0.6062}
1
{'recall@5': 0.7188, 'recall@10': 0.8343, 'recall@20': 0.9301}
{'mrr@5': 0.4741, 'mrr@10': 0.4899, 'mrr@20': 0.4969}
{'ndcg@5': 0.5352, 'ndcg@10': 0.573, 'ndcg@20': 0.5977}
2
{'recall@5': 0.6763, 'recall@10': 0.842, 'recall@20': 0.9191}
{'mrr@5': 0.4133, 'mrr@10': 0.4358, 'mrr@20': 0.4413}
{'ndcg@5': 0.4788, 'ndcg@10': 0.5328, 'ndcg@20': 0.5524}
3
{'recall@5': 0.6213, 'recall@10': 0.7685, 'recall@20': 0.8834}
{'mrr@5': 0.3691, 'mrr@10': 0.3894, 'mrr@20': 0.3976}
{'ndcg@5': 0.4317, 'ndcg@10': 0.4799, 'ndcg@20': 0.5093}
0
{'recall@5': 0.7093, 'recall@10': 0.8178, 'recall@20': 0.8837}
{'mrr@5': 0.4923, 'mrr@10': 0.5069, 'mrr@20': 0.5118}
{'ndcg@5': 0.5466, 'ndcg@10': 0.5817, 'ndcg@20': 0.5989}
1
{'recall@5': 0.7067, 'recall@10': 0.848, 'recall@20': 0.9347}
{'mrr@5': 0.4533, 'mrr@10': 0.472, 'mrr@20': 0.478}
{'ndcg@5': 0.5166, 'ndcg@10': 0.5622, 'ndcg@20': 0.5841}
2
{'recall@5': 0.6724, 'recall@10': 0.8266, 'recall@20': 0.9249}
{'mrr@5': 0.4109, 'mrr@10': 0.4321, 'mrr@20': 0.4393}
{'ndcg@5': 0.4759, 'ndcg@10': 0.5264, 'ndcg@20': 0.5518}
3
{'recall@5': 0.6128, 'recall@10': 0.7746, 'recall@20': 0.8823}
{'mrr@5': 0.3642, 'mrr@10': 0.3862, 'mrr@20': 0.3938}
{'ndcg@5': 0.426, 'ndcg@10': 0.4787, 'ndcg@20': 0.5061}
0
{'recall@5': 0.6977, 'recall@10': 0.8333, 'recall@20': 0.8798}
{'mrr@5': 0.4753, 'mrr@10': 0.4936, 'mrr@20': 0.4969}
{'ndcg@5': 0.5313, 'ndcg@10': 0.5754, 'ndcg@20': 0.5872}
1
{'recall@5': 0.7082, 'recall@10': 0.8328, 'recall@20': 0.9255}
{'mrr@5': 0.4631, 'mrr@10': 0.4803, 'mrr@20': 0.4869}
{'ndcg@5': 0.5242, 'ndcg@10': 0.565, 'ndcg@20': 0.5886}
2
{'recall@5': 0.6724, 'recall@10': 0.8304, 'recall@20': 0.9229}
{'mrr@5': 0.4096, 'mrr@10': 0.4308, 'mrr@20': 0.4377}
{'ndcg@5': 0.4752, 'ndcg@10': 0.5264, 'ndcg@20': 0.5504}
3
{'recall@5': 0.6115, 'recall@10': 0.7733, 'recall@20': 0.884}
{'mrr@5': 0.3673, 'mrr@10': 0.3894, 'mrr@20': 0.3971}
{'ndcg@5': 0.4279, 'ndcg@10': 0.4807, 'ndcg@20': 0.5088}
0
{'recall@5': 0.7209, 'recall@10': 0.8101, 'recall@20': 0.8798}
{'mrr@5': 0.5104, 'mrr@10': 0.5229, 'mrr@20': 0.5281}
{'ndcg@5': 0.563, 'ndcg@10': 0.5925, 'ndcg@20': 0.6106}
1
{'recall@5': 0.6976, 'recall@10': 0.8328, 'recall@20': 0.9316}
{'mrr@5': 0.4542, 'mrr@10': 0.4723, 'mrr@20': 0.4791}
{'ndcg@5': 0.5151, 'ndcg@10': 0.5589, 'ndcg@20': 0.5838}
2
{'recall@5': 0.6705, 'recall@10': 0.8362, 'recall@20': 0.9268}
{'mrr@5': 0.4105, 'mrr@10': 0.4331, 'mrr@20': 0.4396}
{'ndcg@5': 0.4753, 'ndcg@10': 0.5294, 'ndcg@20': 0.5525}
3
{'recall@5': 0.6232, 'recall@10': 0.7711, 'recall@20': 0.8817}
{'mrr@5': 0.3722, 'mrr@10': 0.3923, 'mrr@20': 0.4}
{'ndcg@5': 0.4346, 'ndcg@10': 0.4828, 'ndcg@20': 0.5109}
0
{'recall@5': 0.7093, 'recall@10': 0.8372, 'recall@20': 0.8915}
{'mrr@5': 0.4875, 'mrr@10': 0.5041, 'mrr@20': 0.5078}
{'ndcg@5': 0.5434, 'ndcg@10': 0.5843, 'ndcg@20': 0.598}
1
{'recall@5': 0.7112, 'recall@10': 0.8343, 'recall@20': 0.9316}
{'mrr@5': 0.4664, 'mrr@10': 0.483, 'mrr@20': 0.4897}
{'ndcg@5': 0.5273, 'ndcg@10': 0.5673, 'ndcg@20': 0.5918}
2
{'recall@5': 0.6782, 'recall@10': 0.8343, 'recall@20': 0.921}
{'mrr@5': 0.4112, 'mrr@10': 0.4326, 'mrr@20': 0.439}
{'ndcg@5': 0.4778, 'ndcg@10': 0.5289, 'ndcg@20': 0.5512}
3
{'recall@5': 0.6163, 'recall@10': 0.7746, 'recall@20': 0.8836}
{'mrr@5': 0.3694, 'mrr@10': 0.3909, 'mrr@20': 0.3986}
{'ndcg@5': 0.4308, 'ndcg@10': 0.4823, 'ndcg@20': 0.5101}
0
{'recall@5': 0.7326, 'recall@10': 0.8256, 'recall@20': 0.8837}
{'mrr@5': 0.5004, 'mrr@10': 0.5132, 'mrr@20': 0.5176}
{'ndcg@5': 0.5581, 'ndcg@10': 0.5886, 'ndcg@20': 0.6038}
1
{'recall@5': 0.7112, 'recall@10': 0.8541, 'recall@20': 0.9195}
{'mrr@5': 0.4689, 'mrr@10': 0.4883, 'mrr@20': 0.4929}
{'ndcg@5': 0.5294, 'ndcg@10': 0.5758, 'ndcg@20': 0.5925}
2
{'recall@5': 0.6802, 'recall@10': 0.8343, 'recall@20': 0.9287}
{'mrr@5': 0.4275, 'mrr@10': 0.4476, 'mrr@20': 0.4544}
{'ndcg@5': 0.4901, 'ndcg@10': 0.5395, 'ndcg@20': 0.5637}
3
{'recall@5': 0.6202, 'recall@10': 0.7735, 'recall@20': 0.8827}
{'mrr@5': 0.3673, 'mrr@10': 0.3881, 'mrr@20': 0.3959}
{'ndcg@5': 0.4301, 'ndcg@10': 0.48, 'ndcg@20': 0.5078}
0
{'recall@5': 0.7132, 'recall@10': 0.8295, 'recall@20': 0.8798}
{'mrr@5': 0.4963, 'mrr@10': 0.5118, 'mrr@20': 0.5156}
{'ndcg@5': 0.5505, 'ndcg@10': 0.5881, 'ndcg@20': 0.6011}
1
{'recall@5': 0.7112, 'recall@10': 0.8328, 'recall@20': 0.9286}
{'mrr@5': 0.4681, 'mrr@10': 0.4846, 'mrr@20': 0.4916}
{'ndcg@5': 0.5287, 'ndcg@10': 0.5682, 'ndcg@20': 0.593}
2
{'recall@5': 0.6628, 'recall@10': 0.842, 'recall@20': 0.9229}
{'mrr@5': 0.4042, 'mrr@10': 0.4281, 'mrr@20': 0.4342}
{'ndcg@5': 0.4685, 'ndcg@10': 0.5265, 'ndcg@20': 0.5475}
3
{'recall@5': 0.6211, 'recall@10': 0.7713, 'recall@20': 0.8812}
{'mrr@5': 0.3683, 'mrr@10': 0.3886, 'mrr@20': 0.3963}
{'ndcg@5': 0.4312, 'ndcg@10': 0.48, 'ndcg@20': 0.5079}
0
{'recall@5': 0.7248, 'recall@10': 0.8178, 'recall@20': 0.8876}
{'mrr@5': 0.4875, 'mrr@10': 0.4999, 'mrr@20': 0.505}
{'ndcg@5': 0.5468, 'ndcg@10': 0.5769, 'ndcg@20': 0.5948}
1
{'recall@5': 0.7082, 'recall@10': 0.8359, 'recall@20': 0.9225}
{'mrr@5': 0.4668, 'mrr@10': 0.4839, 'mrr@20': 0.4902}
{'ndcg@5': 0.5268, 'ndcg@10': 0.5681, 'ndcg@20': 0.5904}
2
{'recall@5': 0.6782, 'recall@10': 0.8382, 'recall@20': 0.9229}
{'mrr@5': 0.4244, 'mrr@10': 0.4459, 'mrr@20': 0.4521}
{'ndcg@5': 0.4871, 'ndcg@10': 0.539, 'ndcg@20': 0.5608}
3
{'recall@5': 0.6163, 'recall@10': 0.7735, 'recall@20': 0.8864}
{'mrr@5': 0.3642, 'mrr@10': 0.3855, 'mrr@20': 0.3935}
{'ndcg@5': 0.4269, 'ndcg@10': 0.478, 'ndcg@20': 0.5067}
0
{'recall@5': 0.7093, 'recall@10': 0.8295, 'recall@20': 0.8915}
{'mrr@5': 0.4938, 'mrr@10': 0.5099, 'mrr@20': 0.5142}
{'ndcg@5': 0.5481, 'ndcg@10': 0.587, 'ndcg@20': 0.6027}
1
{'recall@5': 0.7036, 'recall@10': 0.845, 'recall@20': 0.9301}
{'mrr@5': 0.4506, 'mrr@10': 0.4694, 'mrr@20': 0.4753}
{'ndcg@5': 0.5136, 'ndcg@10': 0.5592, 'ndcg@20': 0.5808}
2
{'recall@5': 0.6763, 'recall@10': 0.8324, 'recall@20': 0.9152}
{'mrr@5': 0.4232, 'mrr@10': 0.4445, 'mrr@20': 0.4507}
{'ndcg@5': 0.4862, 'ndcg@10': 0.5371, 'ndcg@20': 0.5586}
3
{'recall@5': 0.6172, 'recall@10': 0.7713, 'recall@20': 0.8806}
{'mrr@5': 0.3689, 'mrr@10': 0.39, 'mrr@20': 0.3977}
{'ndcg@5': 0.4307, 'ndcg@10': 0.4809, 'ndcg@20': 0.5088}
0
{'recall@5': 0.7093, 'recall@10': 0.8333, 'recall@20': 0.876}
{'mrr@5': 0.4995, 'mrr@10': 0.5158, 'mrr@20': 0.5191}
{'ndcg@5': 0.5524, 'ndcg@10': 0.5923, 'ndcg@20': 0.6034}
1
{'recall@5': 0.693, 'recall@10': 0.8359, 'recall@20': 0.9286}
{'mrr@5': 0.4623, 'mrr@10': 0.4822, 'mrr@20': 0.4891}
{'ndcg@5': 0.5199, 'ndcg@10': 0.567, 'ndcg@20': 0.5909}
2
{'recall@5': 0.684, 'recall@10': 0.8304, 'recall@20': 0.9287}
{'mrr@5': 0.4167, 'mrr@10': 0.4364, 'mrr@20': 0.4436}
{'ndcg@5': 0.4833, 'ndcg@10': 0.5308, 'ndcg@20': 0.5561}
3
{'recall@5': 0.6204, 'recall@10': 0.7716, 'recall@20': 0.883}
{'mrr@5': 0.3642, 'mrr@10': 0.3846, 'mrr@20': 0.3925}
{'ndcg@5': 0.428, 'ndcg@10': 0.4771, 'ndcg@20': 0.5054}
0
{'recall@5': 0.7054, 'recall@10': 0.8256, 'recall@20': 0.8837}
{'mrr@5': 0.4886, 'mrr@10': 0.5053, 'mrr@20': 0.5094}
{'ndcg@5': 0.5432, 'ndcg@10': 0.5827, 'ndcg@20': 0.5974}
1
{'recall@5': 0.7036, 'recall@10': 0.8465, 'recall@20': 0.9255}
{'mrr@5': 0.4793, 'mrr@10': 0.4987, 'mrr@20': 0.5042}
{'ndcg@5': 0.5352, 'ndcg@10': 0.5817, 'ndcg@20': 0.6017}
2
{'recall@5': 0.684, 'recall@10': 0.8343, 'recall@20': 0.9191}
{'mrr@5': 0.4178, 'mrr@10': 0.4383, 'mrr@20': 0.4444}
{'ndcg@5': 0.4843, 'ndcg@10': 0.5333, 'ndcg@20': 0.5551}
3
{'recall@5': 0.6211, 'recall@10': 0.7802, 'recall@20': 0.8847}
{'mrr@5': 0.3705, 'mrr@10': 0.3919, 'mrr@20': 0.3992}
{'ndcg@5': 0.4328, 'ndcg@10': 0.4844, 'ndcg@20': 0.5108}
0
{'recall@5': 0.7326, 'recall@10': 0.8256, 'recall@20': 0.8837}
{'mrr@5': 0.5218, 'mrr@10': 0.5336, 'mrr@20': 0.5376}
{'ndcg@5': 0.5748, 'ndcg@10': 0.6042, 'ndcg@20': 0.619}
1
{'recall@5': 0.7067, 'recall@10': 0.8419, 'recall@20': 0.9286}
{'mrr@5': 0.4632, 'mrr@10': 0.4817, 'mrr@20': 0.488}
{'ndcg@5': 0.524, 'ndcg@10': 0.5682, 'ndcg@20': 0.5904}
2
{'recall@5': 0.6859, 'recall@10': 0.8304, 'recall@20': 0.9287}
{'mrr@5': 0.4122, 'mrr@10': 0.4315, 'mrr@20': 0.4386}
{'ndcg@5': 0.4803, 'ndcg@10': 0.527, 'ndcg@20': 0.5522}
3
{'recall@5': 0.6185, 'recall@10': 0.7737, 'recall@20': 0.8825}
{'mrr@5': 0.3649, 'mrr@10': 0.386, 'mrr@20': 0.3936}
{'ndcg@5': 0.4279, 'ndcg@10': 0.4785, 'ndcg@20': 0.5061}
0
{'recall@5': 0.7287, 'recall@10': 0.8062, 'recall@20': 0.8837}
{'mrr@5': 0.4994, 'mrr@10': 0.5102, 'mrr@20': 0.516}
{'ndcg@5': 0.5568, 'ndcg@10': 0.5823, 'ndcg@20': 0.6024}
1
{'recall@5': 0.7052, 'recall@10': 0.8359, 'recall@20': 0.9164}
{'mrr@5': 0.461, 'mrr@10': 0.4787, 'mrr@20': 0.4846}
{'ndcg@5': 0.5218, 'ndcg@10': 0.5643, 'ndcg@20': 0.5851}
2
{'recall@5': 0.6763, 'recall@10': 0.8189, 'recall@20': 0.9229}
{'mrr@5': 0.4153, 'mrr@10': 0.4346, 'mrr@20': 0.4422}
{'ndcg@5': 0.4802, 'ndcg@10': 0.5266, 'ndcg@20': 0.5534}
3
{'recall@5': 0.6206, 'recall@10': 0.777, 'recall@20': 0.8838}
{'mrr@5': 0.3676, 'mrr@10': 0.3889, 'mrr@20': 0.3963}
{'ndcg@5': 0.4304, 'ndcg@10': 0.4814, 'ndcg@20': 0.5085}
0
{'recall@5': 0.7132, 'recall@10': 0.8062, 'recall@20': 0.876}
{'mrr@5': 0.5126, 'mrr@10': 0.5251, 'mrr@20': 0.5302}
{'ndcg@5': 0.5628, 'ndcg@10': 0.593, 'ndcg@20': 0.611}
1
{'recall@5': 0.7112, 'recall@10': 0.8328, 'recall@20': 0.924}
{'mrr@5': 0.4536, 'mrr@10': 0.4702, 'mrr@20': 0.4769}
{'ndcg@5': 0.5176, 'ndcg@10': 0.5573, 'ndcg@20': 0.5808}
2
{'recall@5': 0.6551, 'recall@10': 0.8304, 'recall@20': 0.9229}
{'mrr@5': 0.4041, 'mrr@10': 0.4273, 'mrr@20': 0.4341}
{'ndcg@5': 0.4668, 'ndcg@10': 0.5233, 'ndcg@20': 0.5472}
3
{'recall@5': 0.6206, 'recall@10': 0.7705, 'recall@20': 0.8801}
{'mrr@5': 0.3679, 'mrr@10': 0.3881, 'mrr@20': 0.3958}
{'ndcg@5': 0.4306, 'ndcg@10': 0.4793, 'ndcg@20': 0.5072}
0
{'recall@5': 0.7171, 'recall@10': 0.8178, 'recall@20': 0.8837}
{'mrr@5': 0.4855, 'mrr@10': 0.4987, 'mrr@20': 0.5037}
{'ndcg@5': 0.5431, 'ndcg@10': 0.5756, 'ndcg@20': 0.5926}
1
{'recall@5': 0.7143, 'recall@10': 0.8313, 'recall@20': 0.9195}
{'mrr@5': 0.4535, 'mrr@10': 0.4696, 'mrr@20': 0.4759}
{'ndcg@5': 0.5184, 'ndcg@10': 0.5568, 'ndcg@20': 0.5794}
2
{'recall@5': 0.6744, 'recall@10': 0.8324, 'recall@20': 0.921}
{'mrr@5': 0.4147, 'mrr@10': 0.4356, 'mrr@20': 0.4419}
{'ndcg@5': 0.4795, 'ndcg@10': 0.5304, 'ndcg@20': 0.553}
3
{'recall@5': 0.6182, 'recall@10': 0.7729, 'recall@20': 0.8812}
{'mrr@5': 0.3679, 'mrr@10': 0.3889, 'mrr@20': 0.3966}
{'ndcg@5': 0.43, 'ndcg@10': 0.4805, 'ndcg@20': 0.508}
0
{'recall@5': 0.7093, 'recall@10': 0.8256, 'recall@20': 0.8798}
{'mrr@5': 0.5096, 'mrr@10': 0.5251, 'mrr@20': 0.5288}
{'ndcg@5': 0.5595, 'ndcg@10': 0.5972, 'ndcg@20': 0.6109}
1
{'recall@5': 0.6991, 'recall@10': 0.8313, 'recall@20': 0.9225}
{'mrr@5': 0.4672, 'mrr@10': 0.4856, 'mrr@20': 0.4923}
{'ndcg@5': 0.5253, 'ndcg@10': 0.5688, 'ndcg@20': 0.5922}
2
{'recall@5': 0.6667, 'recall@10': 0.8324, 'recall@20': 0.921}
{'mrr@5': 0.4241, 'mrr@10': 0.4463, 'mrr@20': 0.4528}
{'ndcg@5': 0.4846, 'ndcg@10': 0.5383, 'ndcg@20': 0.5611}
3
{'recall@5': 0.6137, 'recall@10': 0.7676, 'recall@20': 0.8795}
{'mrr@5': 0.365, 'mrr@10': 0.3858, 'mrr@20': 0.3938}
{'ndcg@5': 0.4269, 'ndcg@10': 0.4768, 'ndcg@20': 0.5055}
0
{'recall@5': 0.7209, 'recall@10': 0.8256, 'recall@20': 0.876}
{'mrr@5': 0.5088, 'mrr@10': 0.523, 'mrr@20': 0.5265}
{'ndcg@5': 0.5623, 'ndcg@10': 0.5964, 'ndcg@20': 0.6091}
1
{'recall@5': 0.7143, 'recall@10': 0.8328, 'recall@20': 0.9179}
{'mrr@5': 0.4589, 'mrr@10': 0.4752, 'mrr@20': 0.4812}
{'ndcg@5': 0.5227, 'ndcg@10': 0.5614, 'ndcg@20': 0.5831}
2
{'recall@5': 0.6802, 'recall@10': 0.8362, 'recall@20': 0.9229}
{'mrr@5': 0.4345, 'mrr@10': 0.4558, 'mrr@20': 0.462}
{'ndcg@5': 0.4954, 'ndcg@10': 0.5464, 'ndcg@20': 0.5686}
3
{'recall@5': 0.6139, 'recall@10': 0.7689, 'recall@20': 0.8819}
{'mrr@5': 0.3674, 'mrr@10': 0.3887, 'mrr@20': 0.3968}
{'ndcg@5': 0.4287, 'ndcg@10': 0.4794, 'ndcg@20': 0.5083}
0
{'recall@5': 0.7209, 'recall@10': 0.8295, 'recall@20': 0.876}
{'mrr@5': 0.4995, 'mrr@10': 0.514, 'mrr@20': 0.5174}
{'ndcg@5': 0.5551, 'ndcg@10': 0.5902, 'ndcg@20': 0.6021}
1
{'recall@5': 0.7067, 'recall@10': 0.8419, 'recall@20': 0.9179}
{'mrr@5': 0.4777, 'mrr@10': 0.4956, 'mrr@20': 0.5011}
{'ndcg@5': 0.5348, 'ndcg@10': 0.5785, 'ndcg@20': 0.598}
2
{'recall@5': 0.6802, 'recall@10': 0.8227, 'recall@20': 0.9249}
{'mrr@5': 0.4164, 'mrr@10': 0.4357, 'mrr@20': 0.4435}
{'ndcg@5': 0.482, 'ndcg@10': 0.5284, 'ndcg@20': 0.5552}
3
{'recall@5': 0.6085, 'recall@10': 0.7685, 'recall@20': 0.8769}
{'mrr@5': 0.3644, 'mrr@10': 0.3863, 'mrr@20': 0.394}
{'ndcg@5': 0.4251, 'ndcg@10': 0.4774, 'ndcg@20': 0.505}
0
{'recall@5': 0.7209, 'recall@10': 0.814, 'recall@20': 0.8798}
{'mrr@5': 0.4877, 'mrr@10': 0.4999, 'mrr@20': 0.5046}
{'ndcg@5': 0.5464, 'ndcg@10': 0.5762, 'ndcg@20': 0.5931}
1
{'recall@5': 0.7143, 'recall@10': 0.845, 'recall@20': 0.9195}
{'mrr@5': 0.4646, 'mrr@10': 0.4822, 'mrr@20': 0.4874}
{'ndcg@5': 0.5269, 'ndcg@10': 0.5693, 'ndcg@20': 0.5882}
2
{'recall@5': 0.6744, 'recall@10': 0.8343, 'recall@20': 0.9249}
{'mrr@5': 0.4123, 'mrr@10': 0.4339, 'mrr@20': 0.4403}
{'ndcg@5': 0.4775, 'ndcg@10': 0.5295, 'ndcg@20': 0.5526}
3
{'recall@5': 0.6163, 'recall@10': 0.7696, 'recall@20': 0.8821}
{'mrr@5': 0.3658, 'mrr@10': 0.3868, 'mrr@20': 0.3948}
{'ndcg@5': 0.4281, 'ndcg@10': 0.4782, 'ndcg@20': 0.5069}
0
{'recall@5': 0.7171, 'recall@10': 0.8023, 'recall@20': 0.876}
{'mrr@5': 0.5025, 'mrr@10': 0.514, 'mrr@20': 0.5194}
{'ndcg@5': 0.556, 'ndcg@10': 0.5838, 'ndcg@20': 0.6028}
1
{'recall@5': 0.7067, 'recall@10': 0.8359, 'recall@20': 0.9195}
{'mrr@5': 0.4549, 'mrr@10': 0.4726, 'mrr@20': 0.4787}
{'ndcg@5': 0.5177, 'ndcg@10': 0.5599, 'ndcg@20': 0.5814}
2
{'recall@5': 0.6763, 'recall@10': 0.8266, 'recall@20': 0.9287}
{'mrr@5': 0.4053, 'mrr@10': 0.4264, 'mrr@20': 0.4337}
{'ndcg@5': 0.4728, 'ndcg@10': 0.5224, 'ndcg@20': 0.5485}
3
{'recall@5': 0.6254, 'recall@10': 0.7757, 'recall@20': 0.8782}
{'mrr@5': 0.3733, 'mrr@10': 0.3937, 'mrr@20': 0.401}
{'ndcg@5': 0.4359, 'ndcg@10': 0.4848, 'ndcg@20': 0.511}
0
{'recall@5': 0.7093, 'recall@10': 0.8101, 'recall@20': 0.876}
{'mrr@5': 0.4809, 'mrr@10': 0.4949, 'mrr@20': 0.4994}
{'ndcg@5': 0.5383, 'ndcg@10': 0.5715, 'ndcg@20': 0.5881}
1
{'recall@5': 0.7128, 'recall@10': 0.8343, 'recall@20': 0.9316}
{'mrr@5': 0.4639, 'mrr@10': 0.4805, 'mrr@20': 0.4873}
{'ndcg@5': 0.526, 'ndcg@10': 0.5657, 'ndcg@20': 0.5903}
2
{'recall@5': 0.6724, 'recall@10': 0.8439, 'recall@20': 0.9171}
{'mrr@5': 0.4122, 'mrr@10': 0.4352, 'mrr@20': 0.4403}
{'ndcg@5': 0.4769, 'ndcg@10': 0.5325, 'ndcg@20': 0.551}
3
{'recall@5': 0.62, 'recall@10': 0.7692, 'recall@20': 0.8801}
{'mrr@5': 0.3696, 'mrr@10': 0.3899, 'mrr@20': 0.3978}
{'ndcg@5': 0.4318, 'ndcg@10': 0.4804, 'ndcg@20': 0.5087}
0
{'recall@5': 0.6783, 'recall@10': 0.814, 'recall@20': 0.8721}
{'mrr@5': 0.5013, 'mrr@10': 0.5204, 'mrr@20': 0.525}
{'ndcg@5': 0.5458, 'ndcg@10': 0.5907, 'ndcg@20': 0.606}
1
{'recall@5': 0.7021, 'recall@10': 0.8343, 'recall@20': 0.924}
{'mrr@5': 0.4499, 'mrr@10': 0.4684, 'mrr@20': 0.4746}
{'ndcg@5': 0.5132, 'ndcg@10': 0.5568, 'ndcg@20': 0.5795}
2
{'recall@5': 0.6898, 'recall@10': 0.8247, 'recall@20': 0.9249}
{'mrr@5': 0.4126, 'mrr@10': 0.431, 'mrr@20': 0.4384}
{'ndcg@5': 0.4814, 'ndcg@10': 0.5255, 'ndcg@20': 0.5514}
3
{'recall@5': 0.6139, 'recall@10': 0.7692, 'recall@20': 0.8786}
{'mrr@5': 0.3686, 'mrr@10': 0.3898, 'mrr@20': 0.3977}
{'ndcg@5': 0.4296, 'ndcg@10': 0.4803, 'ndcg@20': 0.5083}
0
{'recall@5': 0.6434, 'recall@10': 0.7907, 'recall@20': 0.8876}
{'mrr@5': 0.4341, 'mrr@10': 0.4541, 'mrr@20': 0.461}
{'ndcg@5': 0.4862, 'ndcg@10': 0.5342, 'ndcg@20': 0.5589}
1
{'recall@5': 0.6611, 'recall@10': 0.7903, 'recall@20': 0.8951}
{'mrr@5': 0.4202, 'mrr@10': 0.4377, 'mrr@20': 0.4452}
{'ndcg@5': 0.48, 'ndcg@10': 0.5221, 'ndcg@20': 0.5489}
2
{'recall@5': 0.6224, 'recall@10': 0.7726, 'recall@20': 0.8882}
{'mrr@5': 0.3668, 'mrr@10': 0.3874, 'mrr@20': 0.3957}
{'ndcg@5': 0.4303, 'ndcg@10': 0.4795, 'ndcg@20': 0.509}
3
{'recall@5': 0.5933, 'recall@10': 0.7564, 'recall@20': 0.8758}
{'mrr@5': 0.3494, 'mrr@10': 0.3714, 'mrr@20': 0.38}
{'ndcg@5': 0.41, 'ndcg@10': 0.463, 'ndcg@20': 0.4935}
