22 Mar 19:44    INFO  
General Hyper Parameters:
gpu_id = 0
use_gpu = True
seed = 2020
state = INFO
reproducibility = True
data_path = dataset/ML-1M
checkpoint_dir = saved
show_progress = False
save_dataset = False
dataset_save_path = None
save_dataloaders = False
dataloaders_save_path = None
log_wandb = False

Training Hyper Parameters:
epochs = 80
train_batch_size = 256
learner = adam
learning_rate = 0.001
neg_sampling = {'uniform': 99}
eval_step = 1
stopping_step = 10
clip_grad_norm = None
weight_decay = 0
loss_decimal_place = 4

Evaluation Hyper Parameters:
eval_args = {'split': {'LS': 'valid_and_test'}, 'group_by': 'user', 'order': 'TO', 'mode': 'uni100'}
repeatable = False
metrics = ['Recall', 'MRR', 'NDCG']
topk = [5, 10, 20]
valid_metric = NDCG@10
valid_metric_bigger = True
eval_batch_size = 32
metric_decimal_place = 4

Dataset Hyper Parameters:
field_separator = ,
seq_separator =  
USER_ID_FIELD = user_id
ITEM_ID_FIELD = item_id
RATING_FIELD = rating
TIME_FIELD = timestamp
seq_len = None
LABEL_FIELD = label
threshold = None
NEG_PREFIX = neg_
load_col = {'inter': ['user_id', 'item_id', 'timestamp']}
unload_col = None
unused_col = None
additional_feat_suffix = None
rm_dup_inter = None
val_interval = None
filter_inter_by_user_or_item = True
user_inter_num_interval = [0,inf)
item_inter_num_interval = [0,inf)
alias_of_user_id = None
alias_of_item_id = None
alias_of_entity_id = None
alias_of_relation_id = None
preload_weight = None
normalize_field = None
normalize_all = None
ITEM_LIST_LENGTH_FIELD = item_length
LIST_SUFFIX = _list
MAX_ITEM_LIST_LENGTH = 50
POSITION_FIELD = position_id
HEAD_ENTITY_ID_FIELD = head_id
TAIL_ENTITY_ID_FIELD = tail_id
RELATION_ID_FIELD = relation_id
ENTITY_ID_FIELD = entity_id
benchmark_filename = None

Other Hyper Parameters: 
wandb_project = recbole
require_pow = False
type = ED
n_layers = 4
ssl_tau = 0.1
reg_weight = 3e-05
ssl_weight = 0.05
drop_ratio = 0.15
embedding_size = 128
MODEL_TYPE = ModelType.GENERAL
log_root = ./pop_log/
lmd = 0.25
lmd_sem = 0.25
tau = 1
contrast = us_x
sim = dot
MODEL_INPUT_TYPE = InputType.PAIRWISE
eval_type = EvaluatorType.RANKING
device = cuda
train_neg_sample_args = {'strategy': 'by', 'by': 99, 'distribution': 'uniform', 'dynamic': 'none'}
eval_neg_sample_args = {'strategy': 'by', 'by': 100, 'distribution': 'uniform'}


22 Mar 19:44    INFO  ML-1M
The number of users: 6041
Average actions of users: 44.65579470198676
The number of items: 3353
Average actions of items: 80.46569212410502
The number of inters: 269721
The sparsity of the dataset: 98.66840433694144%
Remain Fields: ['user_id', 'item_id', 'timestamp']
22 Mar 19:44    INFO  [Training]: train_batch_size = [256] negative sampling: [{'uniform': 99}]
22 Mar 19:44    INFO  [Evaluation]: eval_batch_size = [32] eval_args: [{'split': {'LS': 'valid_and_test'}, 'group_by': 'user', 'order': 'TO', 'mode': 'uni100'}]
22 Mar 19:44    INFO  SGL(
  (user_embedding): Embedding(6041, 128)
  (item_embedding): Embedding(3353, 128)
  (reg_loss): EmbLoss()
)
Trainable parameters: 1202432
22 Mar 22:21    INFO  epoch 0 training [time: 9404.99s, train loss: 7694378.2941]
22 Mar 22:21    INFO  epoch 0 evaluating [time: 8.96s, valid_score: 0.461100]
22 Mar 22:21    INFO  valid result: 
recall@5 : 0.5886    recall@10 : 0.7328    recall@20 : 0.8402    mrr@5 : 0.3569    mrr@10 : 0.3761    mrr@20 : 0.3837    ndcg@5 : 0.4145    ndcg@10 : 0.4611    ndcg@20 : 0.4885
22 Mar 22:21    INFO  Saving current: saved/SGL-Mar-22-2022_19-44-46.pth
23 Mar 00:58    INFO  epoch 1 training [time: 9416.46s, train loss: 1904541.0800]
23 Mar 00:58    INFO  epoch 1 evaluating [time: 8.92s, valid_score: 0.385200]
23 Mar 00:58    INFO  valid result: 
recall@5 : 0.4838    recall@10 : 0.6275    recall@20 : 0.7598    mrr@5 : 0.2908    mrr@10 : 0.31    mrr@20 : 0.3193    ndcg@5 : 0.3386    ndcg@10 : 0.3852    ndcg@20 : 0.4187
23 Mar 03:34    INFO  epoch 2 training [time: 9367.73s, train loss: 1342682.8769]
23 Mar 03:35    INFO  epoch 2 evaluating [time: 8.92s, valid_score: 0.346500]
23 Mar 03:35    INFO  valid result: 
recall@5 : 0.4354    recall@10 : 0.5704    recall@20 : 0.7109    mrr@5 : 0.2591    mrr@10 : 0.2772    mrr@20 : 0.287    ndcg@5 : 0.3028    ndcg@10 : 0.3465    ndcg@20 : 0.3821
23 Mar 06:11    INFO  epoch 3 training [time: 9377.35s, train loss: 1144838.7901]
23 Mar 06:11    INFO  epoch 3 evaluating [time: 8.93s, valid_score: 0.321100]
23 Mar 06:11    INFO  valid result: 
recall@5 : 0.4008    recall@10 : 0.5356    recall@20 : 0.6781    mrr@5 : 0.2368    mrr@10 : 0.2548    mrr@20 : 0.2647    ndcg@5 : 0.2775    ndcg@10 : 0.3211    ndcg@20 : 0.3571
23 Mar 08:47    INFO  epoch 4 training [time: 9386.47s, train loss: 1042365.8567]
23 Mar 08:48    INFO  epoch 4 evaluating [time: 8.91s, valid_score: 0.310000]
23 Mar 08:48    INFO  valid result: 
recall@5 : 0.3887    recall@10 : 0.5174    recall@20 : 0.6618    mrr@5 : 0.2285    mrr@10 : 0.2458    mrr@20 : 0.2558    ndcg@5 : 0.2683    ndcg@10 : 0.31    ndcg@20 : 0.3465
23 Mar 11:25    INFO  epoch 5 training [time: 9424.50s, train loss: 979398.7529]
23 Mar 11:25    INFO  epoch 5 evaluating [time: 8.94s, valid_score: 0.297200]
23 Mar 11:25    INFO  valid result: 
recall@5 : 0.3737    recall@10 : 0.4995    recall@20 : 0.6376    mrr@5 : 0.2179    mrr@10 : 0.2347    mrr@20 : 0.2443    ndcg@5 : 0.2565    ndcg@10 : 0.2972    ndcg@20 : 0.3321
23 Mar 14:01    INFO  epoch 6 training [time: 9397.63s, train loss: 935746.9429]
23 Mar 14:02    INFO  epoch 6 evaluating [time: 8.92s, valid_score: 0.289100]
23 Mar 14:02    INFO  valid result: 
recall@5 : 0.3637    recall@10 : 0.4894    recall@20 : 0.627    mrr@5 : 0.2105    mrr@10 : 0.2273    mrr@20 : 0.2367    ndcg@5 : 0.2484    ndcg@10 : 0.2891    ndcg@20 : 0.3237
23 Mar 16:38    INFO  epoch 7 training [time: 9391.56s, train loss: 905729.1683]
23 Mar 16:38    INFO  epoch 7 evaluating [time: 8.95s, valid_score: 0.286800]
23 Mar 16:38    INFO  valid result: 
recall@5 : 0.3563    recall@10 : 0.4873    recall@20 : 0.6217    mrr@5 : 0.2078    mrr@10 : 0.2251    mrr@20 : 0.2344    ndcg@5 : 0.2445    ndcg@10 : 0.2868    ndcg@20 : 0.3208
23 Mar 19:15    INFO  epoch 8 training [time: 9378.62s, train loss: 881191.4265]
23 Mar 19:15    INFO  epoch 8 evaluating [time: 8.96s, valid_score: 0.276800]
23 Mar 19:15    INFO  valid result: 
recall@5 : 0.3432    recall@10 : 0.4679    recall@20 : 0.6043    mrr@5 : 0.2014    mrr@10 : 0.218    mrr@20 : 0.2276    ndcg@5 : 0.2365    ndcg@10 : 0.2768    ndcg@20 : 0.3115
slurmstepd: error: *** JOB 345083 ON gpu01 CANCELLED AT 2022-03-23T19:44:21 DUE TO TIME LIMIT ***
