0
{'recall@5': 0.3798, 'recall@10': 0.5814, 'recall@20': 0.7287}
{'mrr@5': 0.2437, 'mrr@10': 0.2694, 'mrr@20': 0.2798}
{'ndcg@5': 0.2775, 'ndcg@10': 0.3414, 'ndcg@20': 0.3789}
1
{'recall@5': 0.3556, 'recall@10': 0.5122, 'recall@20': 0.7082}
{'mrr@5': 0.2051, 'mrr@10': 0.2265, 'mrr@20': 0.2399}
{'ndcg@5': 0.2423, 'ndcg@10': 0.2934, 'ndcg@20': 0.3428}
2
{'recall@5': 0.3487, 'recall@10': 0.5356, 'recall@20': 0.7322}
{'mrr@5': 0.1844, 'mrr@10': 0.2091, 'mrr@20': 0.223}
{'ndcg@5': 0.2249, 'ndcg@10': 0.2851, 'ndcg@20': 0.3352}
3
{'recall@5': 0.3136, 'recall@10': 0.479, 'recall@20': 0.6936}
{'mrr@5': 0.1723, 'mrr@10': 0.1942, 'mrr@20': 0.2091}
{'ndcg@5': 0.2071, 'ndcg@10': 0.2605, 'ndcg@20': 0.3148}
0
{'recall@5': 0.3876, 'recall@10': 0.5698, 'recall@20': 0.7326}
{'mrr@5': 0.2313, 'mrr@10': 0.2541, 'mrr@20': 0.2653}
{'ndcg@5': 0.2698, 'ndcg@10': 0.3272, 'ndcg@20': 0.3682}
1
{'recall@5': 0.3495, 'recall@10': 0.5137, 'recall@20': 0.7219}
{'mrr@5': 0.2009, 'mrr@10': 0.2227, 'mrr@20': 0.2368}
{'ndcg@5': 0.2374, 'ndcg@10': 0.2904, 'ndcg@20': 0.3427}
2
{'recall@5': 0.3218, 'recall@10': 0.5318, 'recall@20': 0.7206}
{'mrr@5': 0.1662, 'mrr@10': 0.1933, 'mrr@20': 0.2063}
{'ndcg@5': 0.2046, 'ndcg@10': 0.2715, 'ndcg@20': 0.3192}
3
{'recall@5': 0.3149, 'recall@10': 0.4827, 'recall@20': 0.686}
{'mrr@5': 0.1743, 'mrr@10': 0.1963, 'mrr@20': 0.2103}
{'ndcg@5': 0.2089, 'ndcg@10': 0.2628, 'ndcg@20': 0.3141}
0
{'recall@5': 0.3876, 'recall@10': 0.5775, 'recall@20': 0.7326}
{'mrr@5': 0.2352, 'mrr@10': 0.2602, 'mrr@20': 0.2708}
{'ndcg@5': 0.2732, 'ndcg@10': 0.3343, 'ndcg@20': 0.3733}
1
{'recall@5': 0.3495, 'recall@10': 0.5046, 'recall@20': 0.7052}
{'mrr@5': 0.1937, 'mrr@10': 0.2139, 'mrr@20': 0.2283}
{'ndcg@5': 0.2321, 'ndcg@10': 0.2817, 'ndcg@20': 0.333}
2
{'recall@5': 0.3449, 'recall@10': 0.5299, 'recall@20': 0.7264}
{'mrr@5': 0.1751, 'mrr@10': 0.1991, 'mrr@20': 0.213}
{'ndcg@5': 0.2169, 'ndcg@10': 0.276, 'ndcg@20': 0.326}
3
{'recall@5': 0.3199, 'recall@10': 0.4856, 'recall@20': 0.694}
{'mrr@5': 0.1712, 'mrr@10': 0.1929, 'mrr@20': 0.2071}
{'ndcg@5': 0.2078, 'ndcg@10': 0.2609, 'ndcg@20': 0.3134}
0
{'recall@5': 0.3915, 'recall@10': 0.5891, 'recall@20': 0.7326}
{'mrr@5': 0.2408, 'mrr@10': 0.2678, 'mrr@20': 0.2779}
{'ndcg@5': 0.2778, 'ndcg@10': 0.3423, 'ndcg@20': 0.3787}
1
{'recall@5': 0.3647, 'recall@10': 0.5182, 'recall@20': 0.7112}
{'mrr@5': 0.2107, 'mrr@10': 0.2309, 'mrr@20': 0.2443}
{'ndcg@5': 0.2485, 'ndcg@10': 0.2979, 'ndcg@20': 0.3466}
2
{'recall@5': 0.341, 'recall@10': 0.5241, 'recall@20': 0.7341}
{'mrr@5': 0.1783, 'mrr@10': 0.2022, 'mrr@20': 0.2167}
{'ndcg@5': 0.2186, 'ndcg@10': 0.2772, 'ndcg@20': 0.3301}
3
{'recall@5': 0.3205, 'recall@10': 0.4864, 'recall@20': 0.6999}
{'mrr@5': 0.1758, 'mrr@10': 0.1978, 'mrr@20': 0.2126}
{'ndcg@5': 0.2115, 'ndcg@10': 0.265, 'ndcg@20': 0.319}
0
{'recall@5': 0.4031, 'recall@10': 0.6047, 'recall@20': 0.7016}
{'mrr@5': 0.2562, 'mrr@10': 0.2833, 'mrr@20': 0.2901}
{'ndcg@5': 0.2925, 'ndcg@10': 0.3579, 'ndcg@20': 0.3824}
1
{'recall@5': 0.3723, 'recall@10': 0.5152, 'recall@20': 0.7143}
{'mrr@5': 0.2111, 'mrr@10': 0.2305, 'mrr@20': 0.2446}
{'ndcg@5': 0.251, 'ndcg@10': 0.2975, 'ndcg@20': 0.3482}
2
{'recall@5': 0.3507, 'recall@10': 0.5472, 'recall@20': 0.7303}
{'mrr@5': 0.1945, 'mrr@10': 0.2204, 'mrr@20': 0.2332}
{'ndcg@5': 0.2329, 'ndcg@10': 0.2961, 'ndcg@20': 0.3425}
3
{'recall@5': 0.3322, 'recall@10': 0.5053, 'recall@20': 0.6999}
{'mrr@5': 0.1824, 'mrr@10': 0.2052, 'mrr@20': 0.2185}
{'ndcg@5': 0.2194, 'ndcg@10': 0.275, 'ndcg@20': 0.3239}
0
{'recall@5': 0.4302, 'recall@10': 0.5969, 'recall@20': 0.7442}
{'mrr@5': 0.2627, 'mrr@10': 0.2853, 'mrr@20': 0.2954}
{'ndcg@5': 0.3037, 'ndcg@10': 0.358, 'ndcg@20': 0.395}
1
{'recall@5': 0.4043, 'recall@10': 0.576, 'recall@20': 0.7416}
{'mrr@5': 0.2327, 'mrr@10': 0.2562, 'mrr@20': 0.2672}
{'ndcg@5': 0.275, 'ndcg@10': 0.3312, 'ndcg@20': 0.3724}
2
{'recall@5': 0.3719, 'recall@10': 0.553, 'recall@20': 0.7437}
{'mrr@5': 0.2079, 'mrr@10': 0.2322, 'mrr@20': 0.2455}
{'ndcg@5': 0.2484, 'ndcg@10': 0.3071, 'ndcg@20': 0.3555}
3
{'recall@5': 0.3548, 'recall@10': 0.5246, 'recall@20': 0.7192}
{'mrr@5': 0.1951, 'mrr@10': 0.2176, 'mrr@20': 0.231}
{'ndcg@5': 0.2345, 'ndcg@10': 0.2893, 'ndcg@20': 0.3384}
0
{'recall@5': 0.4729, 'recall@10': 0.624, 'recall@20': 0.7558}
{'mrr@5': 0.2789, 'mrr@10': 0.2999, 'mrr@20': 0.309}
{'ndcg@5': 0.3267, 'ndcg@10': 0.3764, 'ndcg@20': 0.4096}
1
{'recall@5': 0.4271, 'recall@10': 0.6003, 'recall@20': 0.7781}
{'mrr@5': 0.2418, 'mrr@10': 0.2656, 'mrr@20': 0.278}
{'ndcg@5': 0.2877, 'ndcg@10': 0.3444, 'ndcg@20': 0.3894}
2
{'recall@5': 0.4027, 'recall@10': 0.5877, 'recall@20': 0.7572}
{'mrr@5': 0.2102, 'mrr@10': 0.235, 'mrr@20': 0.2468}
{'ndcg@5': 0.2578, 'ndcg@10': 0.3177, 'ndcg@20': 0.3605}
3
{'recall@5': 0.3844, 'recall@10': 0.5564, 'recall@20': 0.7383}
{'mrr@5': 0.2089, 'mrr@10': 0.2315, 'mrr@20': 0.2442}
{'ndcg@5': 0.2522, 'ndcg@10': 0.3075, 'ndcg@20': 0.3536}
0
{'recall@5': 0.5, 'recall@10': 0.6318, 'recall@20': 0.7868}
{'mrr@5': 0.2971, 'mrr@10': 0.3153, 'mrr@20': 0.326}
{'ndcg@5': 0.3476, 'ndcg@10': 0.3908, 'ndcg@20': 0.43}
1
{'recall@5': 0.4574, 'recall@10': 0.6064, 'recall@20': 0.804}
{'mrr@5': 0.2587, 'mrr@10': 0.2791, 'mrr@20': 0.2927}
{'ndcg@5': 0.3077, 'ndcg@10': 0.3563, 'ndcg@20': 0.4062}
2
{'recall@5': 0.4297, 'recall@10': 0.6127, 'recall@20': 0.7881}
{'mrr@5': 0.2333, 'mrr@10': 0.2582, 'mrr@20': 0.2703}
{'ndcg@5': 0.282, 'ndcg@10': 0.3416, 'ndcg@20': 0.3858}
3
{'recall@5': 0.4059, 'recall@10': 0.5802, 'recall@20': 0.7585}
{'mrr@5': 0.2255, 'mrr@10': 0.249, 'mrr@20': 0.2614}
{'ndcg@5': 0.2701, 'ndcg@10': 0.3267, 'ndcg@20': 0.3717}
0
{'recall@5': 0.5039, 'recall@10': 0.6279, 'recall@20': 0.7907}
{'mrr@5': 0.3108, 'mrr@10': 0.3279, 'mrr@20': 0.3396}
{'ndcg@5': 0.3585, 'ndcg@10': 0.3992, 'ndcg@20': 0.4408}
1
{'recall@5': 0.4772, 'recall@10': 0.6459, 'recall@20': 0.8055}
{'mrr@5': 0.2764, 'mrr@10': 0.2987, 'mrr@20': 0.3099}
{'ndcg@5': 0.3262, 'ndcg@10': 0.3804, 'ndcg@20': 0.4209}
2
{'recall@5': 0.4586, 'recall@10': 0.6416, 'recall@20': 0.8092}
{'mrr@5': 0.2432, 'mrr@10': 0.2676, 'mrr@20': 0.279}
{'ndcg@5': 0.2965, 'ndcg@10': 0.3556, 'ndcg@20': 0.3978}
3
{'recall@5': 0.4265, 'recall@10': 0.6028, 'recall@20': 0.7802}
{'mrr@5': 0.2402, 'mrr@10': 0.2638, 'mrr@20': 0.2762}
{'ndcg@5': 0.2862, 'ndcg@10': 0.3433, 'ndcg@20': 0.3882}
0
{'recall@5': 0.5194, 'recall@10': 0.6667, 'recall@20': 0.814}
{'mrr@5': 0.3, 'mrr@10': 0.3186, 'mrr@20': 0.3291}
{'ndcg@5': 0.3547, 'ndcg@10': 0.4013, 'ndcg@20': 0.4388}
1
{'recall@5': 0.4757, 'recall@10': 0.6459, 'recall@20': 0.8191}
{'mrr@5': 0.2877, 'mrr@10': 0.3103, 'mrr@20': 0.3224}
{'ndcg@5': 0.334, 'ndcg@10': 0.389, 'ndcg@20': 0.4329}
2
{'recall@5': 0.4605, 'recall@10': 0.6301, 'recall@20': 0.817}
{'mrr@5': 0.2538, 'mrr@10': 0.2759, 'mrr@20': 0.2891}
{'ndcg@5': 0.3049, 'ndcg@10': 0.3592, 'ndcg@20': 0.4068}
3
{'recall@5': 0.4339, 'recall@10': 0.6137, 'recall@20': 0.7941}
{'mrr@5': 0.2389, 'mrr@10': 0.2631, 'mrr@20': 0.2757}
{'ndcg@5': 0.2871, 'ndcg@10': 0.3454, 'ndcg@20': 0.3912}
0
{'recall@5': 0.531, 'recall@10': 0.6705, 'recall@20': 0.8488}
{'mrr@5': 0.3109, 'mrr@10': 0.329, 'mrr@20': 0.3415}
{'ndcg@5': 0.3657, 'ndcg@10': 0.4103, 'ndcg@20': 0.4555}
1
{'recall@5': 0.4863, 'recall@10': 0.6565, 'recall@20': 0.8283}
{'mrr@5': 0.2827, 'mrr@10': 0.3059, 'mrr@20': 0.3177}
{'ndcg@5': 0.3332, 'ndcg@10': 0.3888, 'ndcg@20': 0.432}
2
{'recall@5': 0.474, 'recall@10': 0.6455, 'recall@20': 0.8266}
{'mrr@5': 0.266, 'mrr@10': 0.2894, 'mrr@20': 0.3022}
{'ndcg@5': 0.3176, 'ndcg@10': 0.3737, 'ndcg@20': 0.4198}
3
{'recall@5': 0.4387, 'recall@10': 0.6213, 'recall@20': 0.7989}
{'mrr@5': 0.2421, 'mrr@10': 0.2665, 'mrr@20': 0.2789}
{'ndcg@5': 0.2907, 'ndcg@10': 0.3498, 'ndcg@20': 0.3947}
0
{'recall@5': 0.5116, 'recall@10': 0.6589, 'recall@20': 0.8566}
{'mrr@5': 0.3266, 'mrr@10': 0.3471, 'mrr@20': 0.3609}
{'ndcg@5': 0.3725, 'ndcg@10': 0.421, 'ndcg@20': 0.4711}
1
{'recall@5': 0.503, 'recall@10': 0.6778, 'recall@20': 0.8359}
{'mrr@5': 0.2844, 'mrr@10': 0.3081, 'mrr@20': 0.3192}
{'ndcg@5': 0.3385, 'ndcg@10': 0.3953, 'ndcg@20': 0.4355}
2
{'recall@5': 0.4798, 'recall@10': 0.6686, 'recall@20': 0.8189}
{'mrr@5': 0.2539, 'mrr@10': 0.2797, 'mrr@20': 0.2903}
{'ndcg@5': 0.3099, 'ndcg@10': 0.3715, 'ndcg@20': 0.4097}
3
{'recall@5': 0.4545, 'recall@10': 0.6339, 'recall@20': 0.8061}
{'mrr@5': 0.2495, 'mrr@10': 0.2735, 'mrr@20': 0.2855}
{'ndcg@5': 0.3001, 'ndcg@10': 0.3581, 'ndcg@20': 0.4018}
0
{'recall@5': 0.5426, 'recall@10': 0.7171, 'recall@20': 0.8682}
{'mrr@5': 0.3324, 'mrr@10': 0.3557, 'mrr@20': 0.366}
{'ndcg@5': 0.3847, 'ndcg@10': 0.4411, 'ndcg@20': 0.4791}
1
{'recall@5': 0.5198, 'recall@10': 0.6809, 'recall@20': 0.8374}
{'mrr@5': 0.3117, 'mrr@10': 0.3332, 'mrr@20': 0.3443}
{'ndcg@5': 0.3631, 'ndcg@10': 0.4152, 'ndcg@20': 0.4551}
2
{'recall@5': 0.4971, 'recall@10': 0.6859, 'recall@20': 0.8324}
{'mrr@5': 0.2663, 'mrr@10': 0.2917, 'mrr@20': 0.3021}
{'ndcg@5': 0.3234, 'ndcg@10': 0.3847, 'ndcg@20': 0.422}
3
{'recall@5': 0.4621, 'recall@10': 0.6382, 'recall@20': 0.8189}
{'mrr@5': 0.2568, 'mrr@10': 0.2804, 'mrr@20': 0.293}
{'ndcg@5': 0.3076, 'ndcg@10': 0.3647, 'ndcg@20': 0.4104}
0
{'recall@5': 0.5814, 'recall@10': 0.7209, 'recall@20': 0.8605}
{'mrr@5': 0.3303, 'mrr@10': 0.3475, 'mrr@20': 0.3572}
{'ndcg@5': 0.3928, 'ndcg@10': 0.4365, 'ndcg@20': 0.4718}
1
{'recall@5': 0.5258, 'recall@10': 0.6976, 'recall@20': 0.848}
{'mrr@5': 0.3129, 'mrr@10': 0.3361, 'mrr@20': 0.3466}
{'ndcg@5': 0.3656, 'ndcg@10': 0.4214, 'ndcg@20': 0.4595}
2
{'recall@5': 0.5087, 'recall@10': 0.6956, 'recall@20': 0.842}
{'mrr@5': 0.2954, 'mrr@10': 0.3202, 'mrr@20': 0.3307}
{'ndcg@5': 0.3484, 'ndcg@10': 0.4087, 'ndcg@20': 0.4462}
3
{'recall@5': 0.4682, 'recall@10': 0.6491, 'recall@20': 0.8198}
{'mrr@5': 0.2629, 'mrr@10': 0.2873, 'mrr@20': 0.2993}
{'ndcg@5': 0.3136, 'ndcg@10': 0.3724, 'ndcg@20': 0.4157}
0
{'recall@5': 0.5581, 'recall@10': 0.7364, 'recall@20': 0.8992}
{'mrr@5': 0.3327, 'mrr@10': 0.3569, 'mrr@20': 0.3678}
{'ndcg@5': 0.3885, 'ndcg@10': 0.4466, 'ndcg@20': 0.4872}
1
{'recall@5': 0.5486, 'recall@10': 0.7006, 'recall@20': 0.8571}
{'mrr@5': 0.3167, 'mrr@10': 0.3369, 'mrr@20': 0.348}
{'ndcg@5': 0.374, 'ndcg@10': 0.423, 'ndcg@20': 0.4628}
2
{'recall@5': 0.5279, 'recall@10': 0.7052, 'recall@20': 0.8497}
{'mrr@5': 0.2938, 'mrr@10': 0.317, 'mrr@20': 0.327}
{'ndcg@5': 0.3517, 'ndcg@10': 0.4086, 'ndcg@20': 0.4452}
3
{'recall@5': 0.4821, 'recall@10': 0.6588, 'recall@20': 0.8278}
{'mrr@5': 0.2687, 'mrr@10': 0.2924, 'mrr@20': 0.3043}
{'ndcg@5': 0.3215, 'ndcg@10': 0.3788, 'ndcg@20': 0.4216}
0
{'recall@5': 0.562, 'recall@10': 0.7364, 'recall@20': 0.8953}
{'mrr@5': 0.3379, 'mrr@10': 0.3614, 'mrr@20': 0.3728}
{'ndcg@5': 0.3936, 'ndcg@10': 0.4503, 'ndcg@20': 0.491}
1
{'recall@5': 0.5334, 'recall@10': 0.7097, 'recall@20': 0.8511}
{'mrr@5': 0.3266, 'mrr@10': 0.3507, 'mrr@20': 0.3607}
{'ndcg@5': 0.3781, 'ndcg@10': 0.4357, 'ndcg@20': 0.4717}
2
{'recall@5': 0.5395, 'recall@10': 0.7091, 'recall@20': 0.8459}
{'mrr@5': 0.287, 'mrr@10': 0.3098, 'mrr@20': 0.3194}
{'ndcg@5': 0.3493, 'ndcg@10': 0.4043, 'ndcg@20': 0.4391}
3
{'recall@5': 0.4845, 'recall@10': 0.6721, 'recall@20': 0.8267}
{'mrr@5': 0.2713, 'mrr@10': 0.2964, 'mrr@20': 0.3074}
{'ndcg@5': 0.3241, 'ndcg@10': 0.3848, 'ndcg@20': 0.4243}
0
{'recall@5': 0.6008, 'recall@10': 0.7558, 'recall@20': 0.8837}
{'mrr@5': 0.3725, 'mrr@10': 0.3931, 'mrr@20': 0.4023}
{'ndcg@5': 0.429, 'ndcg@10': 0.479, 'ndcg@20': 0.5117}
1
{'recall@5': 0.5562, 'recall@10': 0.7234, 'recall@20': 0.8693}
{'mrr@5': 0.3328, 'mrr@10': 0.3558, 'mrr@20': 0.3659}
{'ndcg@5': 0.3883, 'ndcg@10': 0.4432, 'ndcg@20': 0.48}
2
{'recall@5': 0.5202, 'recall@10': 0.7091, 'recall@20': 0.8632}
{'mrr@5': 0.2889, 'mrr@10': 0.3149, 'mrr@20': 0.3261}
{'ndcg@5': 0.3459, 'ndcg@10': 0.4077, 'ndcg@20': 0.4473}
3
{'recall@5': 0.4938, 'recall@10': 0.6767, 'recall@20': 0.8389}
{'mrr@5': 0.2794, 'mrr@10': 0.304, 'mrr@20': 0.3155}
{'ndcg@5': 0.3325, 'ndcg@10': 0.3918, 'ndcg@20': 0.4331}
0
{'recall@5': 0.6124, 'recall@10': 0.7597, 'recall@20': 0.8798}
{'mrr@5': 0.3644, 'mrr@10': 0.3837, 'mrr@20': 0.3925}
{'ndcg@5': 0.4262, 'ndcg@10': 0.4735, 'ndcg@20': 0.5045}
1
{'recall@5': 0.5669, 'recall@10': 0.728, 'recall@20': 0.8617}
{'mrr@5': 0.3531, 'mrr@10': 0.3754, 'mrr@20': 0.3848}
{'ndcg@5': 0.4062, 'ndcg@10': 0.459, 'ndcg@20': 0.493}
2
{'recall@5': 0.5356, 'recall@10': 0.7264, 'recall@20': 0.8651}
{'mrr@5': 0.305, 'mrr@10': 0.3311, 'mrr@20': 0.3408}
{'ndcg@5': 0.3626, 'ndcg@10': 0.4248, 'ndcg@20': 0.4601}
3
{'recall@5': 0.501, 'recall@10': 0.6786, 'recall@20': 0.8406}
{'mrr@5': 0.2824, 'mrr@10': 0.3063, 'mrr@20': 0.3179}
{'ndcg@5': 0.3365, 'ndcg@10': 0.3942, 'ndcg@20': 0.4356}
0
{'recall@5': 0.624, 'recall@10': 0.7984, 'recall@20': 0.8876}
{'mrr@5': 0.3783, 'mrr@10': 0.4012, 'mrr@20': 0.4075}
{'ndcg@5': 0.4391, 'ndcg@10': 0.4951, 'ndcg@20': 0.5178}
1
{'recall@5': 0.576, 'recall@10': 0.7462, 'recall@20': 0.8723}
{'mrr@5': 0.3448, 'mrr@10': 0.3677, 'mrr@20': 0.3767}
{'ndcg@5': 0.4021, 'ndcg@10': 0.4574, 'ndcg@20': 0.4897}
2
{'recall@5': 0.5645, 'recall@10': 0.7283, 'recall@20': 0.869}
{'mrr@5': 0.3081, 'mrr@10': 0.33, 'mrr@20': 0.3397}
{'ndcg@5': 0.3716, 'ndcg@10': 0.4246, 'ndcg@20': 0.4602}
3
{'recall@5': 0.509, 'recall@10': 0.6955, 'recall@20': 0.8434}
{'mrr@5': 0.2881, 'mrr@10': 0.3129, 'mrr@20': 0.3234}
{'ndcg@5': 0.3427, 'ndcg@10': 0.403, 'ndcg@20': 0.4406}
0
{'recall@5': 0.6124, 'recall@10': 0.7829, 'recall@20': 0.8837}
{'mrr@5': 0.3912, 'mrr@10': 0.4142, 'mrr@20': 0.4217}
{'ndcg@5': 0.4459, 'ndcg@10': 0.5013, 'ndcg@20': 0.5274}
1
{'recall@5': 0.579, 'recall@10': 0.7508, 'recall@20': 0.8708}
{'mrr@5': 0.3579, 'mrr@10': 0.3812, 'mrr@20': 0.3897}
{'ndcg@5': 0.4127, 'ndcg@10': 0.4686, 'ndcg@20': 0.4993}
2
{'recall@5': 0.5472, 'recall@10': 0.7399, 'recall@20': 0.869}
{'mrr@5': 0.3066, 'mrr@10': 0.3328, 'mrr@20': 0.3421}
{'ndcg@5': 0.366, 'ndcg@10': 0.4288, 'ndcg@20': 0.4619}
3
{'recall@5': 0.5129, 'recall@10': 0.6942, 'recall@20': 0.8419}
{'mrr@5': 0.2915, 'mrr@10': 0.3156, 'mrr@20': 0.3262}
{'ndcg@5': 0.3463, 'ndcg@10': 0.4048, 'ndcg@20': 0.4425}
0
{'recall@5': 0.624, 'recall@10': 0.7984, 'recall@20': 0.8953}
{'mrr@5': 0.384, 'mrr@10': 0.4073, 'mrr@20': 0.4142}
{'ndcg@5': 0.4436, 'ndcg@10': 0.4999, 'ndcg@20': 0.5247}
1
{'recall@5': 0.576, 'recall@10': 0.7523, 'recall@20': 0.8784}
{'mrr@5': 0.3491, 'mrr@10': 0.3735, 'mrr@20': 0.3826}
{'ndcg@5': 0.4054, 'ndcg@10': 0.4633, 'ndcg@20': 0.4956}
2
{'recall@5': 0.5626, 'recall@10': 0.7418, 'recall@20': 0.8882}
{'mrr@5': 0.317, 'mrr@10': 0.3407, 'mrr@20': 0.351}
{'ndcg@5': 0.3778, 'ndcg@10': 0.4356, 'ndcg@20': 0.4728}
3
{'recall@5': 0.5168, 'recall@10': 0.6992, 'recall@20': 0.8521}
{'mrr@5': 0.2943, 'mrr@10': 0.3189, 'mrr@20': 0.3298}
{'ndcg@5': 0.3494, 'ndcg@10': 0.4086, 'ndcg@20': 0.4477}
0
{'recall@5': 0.6318, 'recall@10': 0.7829, 'recall@20': 0.8915}
{'mrr@5': 0.3902, 'mrr@10': 0.4108, 'mrr@20': 0.4184}
{'ndcg@5': 0.4499, 'ndcg@10': 0.4992, 'ndcg@20': 0.5268}
1
{'recall@5': 0.6109, 'recall@10': 0.7644, 'recall@20': 0.883}
{'mrr@5': 0.3567, 'mrr@10': 0.3772, 'mrr@20': 0.3855}
{'ndcg@5': 0.4198, 'ndcg@10': 0.4695, 'ndcg@20': 0.4996}
2
{'recall@5': 0.5626, 'recall@10': 0.736, 'recall@20': 0.8786}
{'mrr@5': 0.3214, 'mrr@10': 0.3449, 'mrr@20': 0.3551}
{'ndcg@5': 0.381, 'ndcg@10': 0.4374, 'ndcg@20': 0.4738}
3
{'recall@5': 0.5277, 'recall@10': 0.7094, 'recall@20': 0.8526}
{'mrr@5': 0.2998, 'mrr@10': 0.3242, 'mrr@20': 0.3343}
{'ndcg@5': 0.3562, 'ndcg@10': 0.4151, 'ndcg@20': 0.4515}
0
{'recall@5': 0.6163, 'recall@10': 0.8023, 'recall@20': 0.8915}
{'mrr@5': 0.3703, 'mrr@10': 0.3952, 'mrr@20': 0.4014}
{'ndcg@5': 0.4312, 'ndcg@10': 0.4914, 'ndcg@20': 0.5139}
1
{'recall@5': 0.5897, 'recall@10': 0.7675, 'recall@20': 0.886}
{'mrr@5': 0.3656, 'mrr@10': 0.389, 'mrr@20': 0.3975}
{'ndcg@5': 0.421, 'ndcg@10': 0.4783, 'ndcg@20': 0.5085}
2
{'recall@5': 0.5703, 'recall@10': 0.7495, 'recall@20': 0.8844}
{'mrr@5': 0.3272, 'mrr@10': 0.3513, 'mrr@20': 0.3609}
{'ndcg@5': 0.3878, 'ndcg@10': 0.446, 'ndcg@20': 0.4803}
3
{'recall@5': 0.5273, 'recall@10': 0.709, 'recall@20': 0.8547}
{'mrr@5': 0.3022, 'mrr@10': 0.3269, 'mrr@20': 0.3373}
{'ndcg@5': 0.3579, 'ndcg@10': 0.4171, 'ndcg@20': 0.4543}
0
{'recall@5': 0.6163, 'recall@10': 0.7907, 'recall@20': 0.907}
{'mrr@5': 0.393, 'mrr@10': 0.4168, 'mrr@20': 0.4253}
{'ndcg@5': 0.4487, 'ndcg@10': 0.5057, 'ndcg@20': 0.5356}
1
{'recall@5': 0.6155, 'recall@10': 0.7629, 'recall@20': 0.886}
{'mrr@5': 0.3612, 'mrr@10': 0.3811, 'mrr@20': 0.3899}
{'ndcg@5': 0.4242, 'ndcg@10': 0.4722, 'ndcg@20': 0.5036}
2
{'recall@5': 0.5684, 'recall@10': 0.7534, 'recall@20': 0.8805}
{'mrr@5': 0.3363, 'mrr@10': 0.3609, 'mrr@20': 0.3701}
{'ndcg@5': 0.3938, 'ndcg@10': 0.4535, 'ndcg@20': 0.4861}
3
{'recall@5': 0.5279, 'recall@10': 0.7149, 'recall@20': 0.8571}
{'mrr@5': 0.3012, 'mrr@10': 0.3264, 'mrr@20': 0.3364}
{'ndcg@5': 0.3573, 'ndcg@10': 0.418, 'ndcg@20': 0.4542}
0
{'recall@5': 0.6318, 'recall@10': 0.814, 'recall@20': 0.8992}
{'mrr@5': 0.3814, 'mrr@10': 0.4059, 'mrr@20': 0.4121}
{'ndcg@5': 0.4439, 'ndcg@10': 0.503, 'ndcg@20': 0.5249}
1
{'recall@5': 0.6155, 'recall@10': 0.772, 'recall@20': 0.8891}
{'mrr@5': 0.3754, 'mrr@10': 0.3964, 'mrr@20': 0.4049}
{'ndcg@5': 0.4349, 'ndcg@10': 0.4856, 'ndcg@20': 0.5156}
2
{'recall@5': 0.5915, 'recall@10': 0.7707, 'recall@20': 0.8728}
{'mrr@5': 0.3254, 'mrr@10': 0.3493, 'mrr@20': 0.3567}
{'ndcg@5': 0.3913, 'ndcg@10': 0.4493, 'ndcg@20': 0.4754}
3
{'recall@5': 0.5377, 'recall@10': 0.717, 'recall@20': 0.8588}
{'mrr@5': 0.3069, 'mrr@10': 0.3309, 'mrr@20': 0.3409}
{'ndcg@5': 0.3641, 'ndcg@10': 0.4221, 'ndcg@20': 0.4582}
0
{'recall@5': 0.6395, 'recall@10': 0.7907, 'recall@20': 0.9031}
{'mrr@5': 0.3893, 'mrr@10': 0.41, 'mrr@20': 0.4181}
{'ndcg@5': 0.4516, 'ndcg@10': 0.501, 'ndcg@20': 0.5298}
1
{'recall@5': 0.6109, 'recall@10': 0.769, 'recall@20': 0.8951}
{'mrr@5': 0.3749, 'mrr@10': 0.3962, 'mrr@20': 0.4048}
{'ndcg@5': 0.4335, 'ndcg@10': 0.4848, 'ndcg@20': 0.5167}
2
{'recall@5': 0.5703, 'recall@10': 0.7534, 'recall@20': 0.8844}
{'mrr@5': 0.3292, 'mrr@10': 0.3537, 'mrr@20': 0.3633}
{'ndcg@5': 0.3892, 'ndcg@10': 0.4485, 'ndcg@20': 0.4822}
3
{'recall@5': 0.5379, 'recall@10': 0.7188, 'recall@20': 0.858}
{'mrr@5': 0.3074, 'mrr@10': 0.3318, 'mrr@20': 0.3416}
{'ndcg@5': 0.3645, 'ndcg@10': 0.4232, 'ndcg@20': 0.4586}
0
{'recall@5': 0.6667, 'recall@10': 0.8256, 'recall@20': 0.9031}
{'mrr@5': 0.3976, 'mrr@10': 0.4184, 'mrr@20': 0.4237}
{'ndcg@5': 0.4646, 'ndcg@10': 0.5156, 'ndcg@20': 0.5351}
1
{'recall@5': 0.6033, 'recall@10': 0.7872, 'recall@20': 0.8936}
{'mrr@5': 0.3792, 'mrr@10': 0.4042, 'mrr@20': 0.4117}
{'ndcg@5': 0.4348, 'ndcg@10': 0.4947, 'ndcg@20': 0.5218}
2
{'recall@5': 0.5645, 'recall@10': 0.7611, 'recall@20': 0.8844}
{'mrr@5': 0.3377, 'mrr@10': 0.3648, 'mrr@20': 0.3737}
{'ndcg@5': 0.394, 'ndcg@10': 0.4585, 'ndcg@20': 0.4901}
3
{'recall@5': 0.5396, 'recall@10': 0.7181, 'recall@20': 0.8638}
{'mrr@5': 0.3128, 'mrr@10': 0.3368, 'mrr@20': 0.347}
{'ndcg@5': 0.3689, 'ndcg@10': 0.4268, 'ndcg@20': 0.4637}
0
{'recall@5': 0.6705, 'recall@10': 0.8178, 'recall@20': 0.9147}
{'mrr@5': 0.4133, 'mrr@10': 0.4338, 'mrr@20': 0.4405}
{'ndcg@5': 0.477, 'ndcg@10': 0.5255, 'ndcg@20': 0.55}
1
{'recall@5': 0.6277, 'recall@10': 0.7812, 'recall@20': 0.8997}
{'mrr@5': 0.3844, 'mrr@10': 0.4056, 'mrr@20': 0.4139}
{'ndcg@5': 0.4447, 'ndcg@10': 0.4951, 'ndcg@20': 0.5251}
2
{'recall@5': 0.5684, 'recall@10': 0.7726, 'recall@20': 0.8844}
{'mrr@5': 0.3453, 'mrr@10': 0.3735, 'mrr@20': 0.3814}
{'ndcg@5': 0.401, 'ndcg@10': 0.4679, 'ndcg@20': 0.4963}
3
{'recall@5': 0.544, 'recall@10': 0.7231, 'recall@20': 0.8604}
{'mrr@5': 0.3161, 'mrr@10': 0.3402, 'mrr@20': 0.3499}
{'ndcg@5': 0.3725, 'ndcg@10': 0.4307, 'ndcg@20': 0.4656}
0
{'recall@5': 0.6744, 'recall@10': 0.8101, 'recall@20': 0.9109}
{'mrr@5': 0.4107, 'mrr@10': 0.4282, 'mrr@20': 0.4353}
{'ndcg@5': 0.476, 'ndcg@10': 0.5193, 'ndcg@20': 0.5449}
1
{'recall@5': 0.6307, 'recall@10': 0.7918, 'recall@20': 0.8967}
{'mrr@5': 0.3892, 'mrr@10': 0.4101, 'mrr@20': 0.4173}
{'ndcg@5': 0.4491, 'ndcg@10': 0.5006, 'ndcg@20': 0.527}
2
{'recall@5': 0.6012, 'recall@10': 0.7649, 'recall@20': 0.8882}
{'mrr@5': 0.327, 'mrr@10': 0.349, 'mrr@20': 0.3579}
{'ndcg@5': 0.3948, 'ndcg@10': 0.448, 'ndcg@20': 0.4795}
3
{'recall@5': 0.5505, 'recall@10': 0.7268, 'recall@20': 0.8654}
{'mrr@5': 0.3167, 'mrr@10': 0.3401, 'mrr@20': 0.3498}
{'ndcg@5': 0.3746, 'ndcg@10': 0.4315, 'ndcg@20': 0.4667}
0
{'recall@5': 0.6628, 'recall@10': 0.8062, 'recall@20': 0.8992}
{'mrr@5': 0.3922, 'mrr@10': 0.4125, 'mrr@20': 0.4195}
{'ndcg@5': 0.4597, 'ndcg@10': 0.5072, 'ndcg@20': 0.5314}
1
{'recall@5': 0.6413, 'recall@10': 0.7766, 'recall@20': 0.8967}
{'mrr@5': 0.398, 'mrr@10': 0.4164, 'mrr@20': 0.4252}
{'ndcg@5': 0.4585, 'ndcg@10': 0.5025, 'ndcg@20': 0.5335}
2
{'recall@5': 0.5819, 'recall@10': 0.7572, 'recall@20': 0.894}
{'mrr@5': 0.3389, 'mrr@10': 0.3623, 'mrr@20': 0.3723}
{'ndcg@5': 0.3993, 'ndcg@10': 0.4561, 'ndcg@20': 0.4913}
3
{'recall@5': 0.5548, 'recall@10': 0.7301, 'recall@20': 0.861}
{'mrr@5': 0.3225, 'mrr@10': 0.3458, 'mrr@20': 0.3551}
{'ndcg@5': 0.3801, 'ndcg@10': 0.4367, 'ndcg@20': 0.4701}
0
{'recall@5': 0.6783, 'recall@10': 0.8256, 'recall@20': 0.9109}
{'mrr@5': 0.4065, 'mrr@10': 0.4266, 'mrr@20': 0.4328}
{'ndcg@5': 0.4743, 'ndcg@10': 0.5224, 'ndcg@20': 0.5443}
1
{'recall@5': 0.6444, 'recall@10': 0.7918, 'recall@20': 0.8997}
{'mrr@5': 0.375, 'mrr@10': 0.3947, 'mrr@20': 0.4024}
{'ndcg@5': 0.4418, 'ndcg@10': 0.4895, 'ndcg@20': 0.517}
2
{'recall@5': 0.5761, 'recall@10': 0.7861, 'recall@20': 0.8902}
{'mrr@5': 0.3203, 'mrr@10': 0.3486, 'mrr@20': 0.3561}
{'ndcg@5': 0.3839, 'ndcg@10': 0.4521, 'ndcg@20': 0.4788}
3
{'recall@5': 0.549, 'recall@10': 0.7336, 'recall@20': 0.8645}
{'mrr@5': 0.3184, 'mrr@10': 0.3433, 'mrr@20': 0.3526}
{'ndcg@5': 0.3755, 'ndcg@10': 0.4355, 'ndcg@20': 0.4689}
0
{'recall@5': 0.6744, 'recall@10': 0.8256, 'recall@20': 0.9225}
{'mrr@5': 0.4342, 'mrr@10': 0.4545, 'mrr@20': 0.4613}
{'ndcg@5': 0.4941, 'ndcg@10': 0.5431, 'ndcg@20': 0.5677}
1
{'recall@5': 0.6322, 'recall@10': 0.7842, 'recall@20': 0.8845}
{'mrr@5': 0.3913, 'mrr@10': 0.4121, 'mrr@20': 0.4196}
{'ndcg@5': 0.4515, 'ndcg@10': 0.5011, 'ndcg@20': 0.5272}
2
{'recall@5': 0.5857, 'recall@10': 0.7669, 'recall@20': 0.8979}
{'mrr@5': 0.348, 'mrr@10': 0.3721, 'mrr@20': 0.3812}
{'ndcg@5': 0.407, 'ndcg@10': 0.4655, 'ndcg@20': 0.4987}
3
{'recall@5': 0.5568, 'recall@10': 0.7329, 'recall@20': 0.8664}
{'mrr@5': 0.3235, 'mrr@10': 0.347, 'mrr@20': 0.3564}
{'ndcg@5': 0.3814, 'ndcg@10': 0.4383, 'ndcg@20': 0.4723}
0
{'recall@5': 0.6938, 'recall@10': 0.8062, 'recall@20': 0.9147}
{'mrr@5': 0.3941, 'mrr@10': 0.4096, 'mrr@20': 0.4174}
{'ndcg@5': 0.4687, 'ndcg@10': 0.5055, 'ndcg@20': 0.5332}
1
{'recall@5': 0.6337, 'recall@10': 0.7948, 'recall@20': 0.9043}
{'mrr@5': 0.3913, 'mrr@10': 0.4137, 'mrr@20': 0.4214}
{'ndcg@5': 0.4516, 'ndcg@10': 0.5046, 'ndcg@20': 0.5323}
2
{'recall@5': 0.5896, 'recall@10': 0.7746, 'recall@20': 0.8921}
{'mrr@5': 0.3535, 'mrr@10': 0.3785, 'mrr@20': 0.387}
{'ndcg@5': 0.4119, 'ndcg@10': 0.472, 'ndcg@20': 0.5021}
3
{'recall@5': 0.552, 'recall@10': 0.7333, 'recall@20': 0.8699}
{'mrr@5': 0.3195, 'mrr@10': 0.3439, 'mrr@20': 0.3536}
{'ndcg@5': 0.3772, 'ndcg@10': 0.4361, 'ndcg@20': 0.4709}
0
{'recall@5': 0.6783, 'recall@10': 0.8333, 'recall@20': 0.907}
{'mrr@5': 0.3881, 'mrr@10': 0.4087, 'mrr@20': 0.414}
{'ndcg@5': 0.4603, 'ndcg@10': 0.5103, 'ndcg@20': 0.5292}
1
{'recall@5': 0.6307, 'recall@10': 0.7766, 'recall@20': 0.9103}
{'mrr@5': 0.4058, 'mrr@10': 0.4264, 'mrr@20': 0.4361}
{'ndcg@5': 0.4618, 'ndcg@10': 0.5101, 'ndcg@20': 0.5444}
2
{'recall@5': 0.5973, 'recall@10': 0.7803, 'recall@20': 0.8921}
{'mrr@5': 0.3501, 'mrr@10': 0.375, 'mrr@20': 0.3828}
{'ndcg@5': 0.4116, 'ndcg@10': 0.4713, 'ndcg@20': 0.4996}
3
{'recall@5': 0.5529, 'recall@10': 0.7327, 'recall@20': 0.8699}
{'mrr@5': 0.3201, 'mrr@10': 0.3442, 'mrr@20': 0.354}
{'ndcg@5': 0.3777, 'ndcg@10': 0.436, 'ndcg@20': 0.4711}
0
{'recall@5': 0.6512, 'recall@10': 0.8256, 'recall@20': 0.9225}
{'mrr@5': 0.3984, 'mrr@10': 0.4223, 'mrr@20': 0.4298}
{'ndcg@5': 0.4612, 'ndcg@10': 0.5183, 'ndcg@20': 0.5437}
1
{'recall@5': 0.6413, 'recall@10': 0.7857, 'recall@20': 0.9027}
{'mrr@5': 0.3999, 'mrr@10': 0.4196, 'mrr@20': 0.428}
{'ndcg@5': 0.4599, 'ndcg@10': 0.507, 'ndcg@20': 0.5369}
2
{'recall@5': 0.6089, 'recall@10': 0.7881, 'recall@20': 0.8998}
{'mrr@5': 0.3403, 'mrr@10': 0.3646, 'mrr@20': 0.3726}
{'ndcg@5': 0.4072, 'ndcg@10': 0.4656, 'ndcg@20': 0.4941}
3
{'recall@5': 0.5581, 'recall@10': 0.7357, 'recall@20': 0.8688}
{'mrr@5': 0.3255, 'mrr@10': 0.3492, 'mrr@20': 0.3585}
{'ndcg@5': 0.3832, 'ndcg@10': 0.4406, 'ndcg@20': 0.4744}
0
{'recall@5': 0.6822, 'recall@10': 0.8333, 'recall@20': 0.9147}
{'mrr@5': 0.4227, 'mrr@10': 0.4427, 'mrr@20': 0.4484}
{'ndcg@5': 0.4873, 'ndcg@10': 0.5359, 'ndcg@20': 0.5566}
1
{'recall@5': 0.6505, 'recall@10': 0.8024, 'recall@20': 0.9073}
{'mrr@5': 0.3885, 'mrr@10': 0.4083, 'mrr@20': 0.4158}
{'ndcg@5': 0.4538, 'ndcg@10': 0.5024, 'ndcg@20': 0.5292}
2
{'recall@5': 0.6108, 'recall@10': 0.79, 'recall@20': 0.8998}
{'mrr@5': 0.3529, 'mrr@10': 0.3769, 'mrr@20': 0.3851}
{'ndcg@5': 0.4168, 'ndcg@10': 0.4748, 'ndcg@20': 0.5033}
3
{'recall@5': 0.5696, 'recall@10': 0.7344, 'recall@20': 0.8719}
{'mrr@5': 0.3297, 'mrr@10': 0.3518, 'mrr@20': 0.3615}
{'ndcg@5': 0.3891, 'ndcg@10': 0.4425, 'ndcg@20': 0.4776}
0
{'recall@5': 0.6938, 'recall@10': 0.8372, 'recall@20': 0.9225}
{'mrr@5': 0.4359, 'mrr@10': 0.4558, 'mrr@20': 0.4617}
{'ndcg@5': 0.5001, 'ndcg@10': 0.5473, 'ndcg@20': 0.5689}
1
{'recall@5': 0.652, 'recall@10': 0.7796, 'recall@20': 0.9073}
{'mrr@5': 0.3952, 'mrr@10': 0.4124, 'mrr@20': 0.4215}
{'ndcg@5': 0.4591, 'ndcg@10': 0.5005, 'ndcg@20': 0.5331}
2
{'recall@5': 0.6185, 'recall@10': 0.7572, 'recall@20': 0.9114}
{'mrr@5': 0.349, 'mrr@10': 0.3684, 'mrr@20': 0.3796}
{'ndcg@5': 0.4158, 'ndcg@10': 0.4615, 'ndcg@20': 0.5011}
3
{'recall@5': 0.5631, 'recall@10': 0.739, 'recall@20': 0.8693}
{'mrr@5': 0.3267, 'mrr@10': 0.3505, 'mrr@20': 0.3597}
{'ndcg@5': 0.3853, 'ndcg@10': 0.4425, 'ndcg@20': 0.4757}
0
{'recall@5': 0.6705, 'recall@10': 0.8217, 'recall@20': 0.9147}
{'mrr@5': 0.4183, 'mrr@10': 0.438, 'mrr@20': 0.4447}
{'ndcg@5': 0.4811, 'ndcg@10': 0.5295, 'ndcg@20': 0.5534}
1
{'recall@5': 0.6611, 'recall@10': 0.7948, 'recall@20': 0.9058}
{'mrr@5': 0.4085, 'mrr@10': 0.4269, 'mrr@20': 0.4348}
{'ndcg@5': 0.4714, 'ndcg@10': 0.5151, 'ndcg@20': 0.5435}
2
{'recall@5': 0.5896, 'recall@10': 0.7765, 'recall@20': 0.8998}
{'mrr@5': 0.3638, 'mrr@10': 0.3894, 'mrr@20': 0.3984}
{'ndcg@5': 0.42, 'ndcg@10': 0.481, 'ndcg@20': 0.5128}
3
{'recall@5': 0.5557, 'recall@10': 0.7414, 'recall@20': 0.8691}
{'mrr@5': 0.3215, 'mrr@10': 0.3465, 'mrr@20': 0.3556}
{'ndcg@5': 0.3796, 'ndcg@10': 0.4399, 'ndcg@20': 0.4725}
0
{'recall@5': 0.6589, 'recall@10': 0.8217, 'recall@20': 0.9147}
{'mrr@5': 0.4306, 'mrr@10': 0.4535, 'mrr@20': 0.4601}
{'ndcg@5': 0.4878, 'ndcg@10': 0.5416, 'ndcg@20': 0.5653}
1
{'recall@5': 0.6596, 'recall@10': 0.7933, 'recall@20': 0.9058}
{'mrr@5': 0.4002, 'mrr@10': 0.4183, 'mrr@20': 0.4265}
{'ndcg@5': 0.4648, 'ndcg@10': 0.5082, 'ndcg@20': 0.5372}
2
{'recall@5': 0.5896, 'recall@10': 0.7823, 'recall@20': 0.9056}
{'mrr@5': 0.3419, 'mrr@10': 0.3683, 'mrr@20': 0.377}
{'ndcg@5': 0.4036, 'ndcg@10': 0.4666, 'ndcg@20': 0.4979}
3
{'recall@5': 0.5694, 'recall@10': 0.7398, 'recall@20': 0.8717}
{'mrr@5': 0.3295, 'mrr@10': 0.3524, 'mrr@20': 0.362}
{'ndcg@5': 0.3888, 'ndcg@10': 0.4442, 'ndcg@20': 0.478}
0
{'recall@5': 0.6822, 'recall@10': 0.8527, 'recall@20': 0.9186}
{'mrr@5': 0.4145, 'mrr@10': 0.4369, 'mrr@20': 0.4415}
{'ndcg@5': 0.4811, 'ndcg@10': 0.5359, 'ndcg@20': 0.5525}
1
{'recall@5': 0.6596, 'recall@10': 0.804, 'recall@20': 0.9134}
{'mrr@5': 0.3945, 'mrr@10': 0.4143, 'mrr@20': 0.422}
{'ndcg@5': 0.4601, 'ndcg@10': 0.5073, 'ndcg@20': 0.5351}
2
{'recall@5': 0.6281, 'recall@10': 0.7919, 'recall@20': 0.9017}
{'mrr@5': 0.3508, 'mrr@10': 0.373, 'mrr@20': 0.3808}
{'ndcg@5': 0.4196, 'ndcg@10': 0.4729, 'ndcg@20': 0.501}
3
{'recall@5': 0.5696, 'recall@10': 0.7377, 'recall@20': 0.8719}
{'mrr@5': 0.3298, 'mrr@10': 0.3523, 'mrr@20': 0.3619}
{'ndcg@5': 0.3893, 'ndcg@10': 0.4437, 'ndcg@20': 0.4779}
0
{'recall@5': 0.6667, 'recall@10': 0.8217, 'recall@20': 0.9147}
{'mrr@5': 0.4171, 'mrr@10': 0.4383, 'mrr@20': 0.4449}
{'ndcg@5': 0.4794, 'ndcg@10': 0.5301, 'ndcg@20': 0.5537}
1
{'recall@5': 0.6474, 'recall@10': 0.7933, 'recall@20': 0.9088}
{'mrr@5': 0.4129, 'mrr@10': 0.4327, 'mrr@20': 0.441}
{'ndcg@5': 0.4713, 'ndcg@10': 0.5188, 'ndcg@20': 0.5483}
2
{'recall@5': 0.6108, 'recall@10': 0.7881, 'recall@20': 0.8902}
{'mrr@5': 0.3639, 'mrr@10': 0.3882, 'mrr@20': 0.3956}
{'ndcg@5': 0.4252, 'ndcg@10': 0.4832, 'ndcg@20': 0.5094}
3
{'recall@5': 0.5668, 'recall@10': 0.7468, 'recall@20': 0.8719}
{'mrr@5': 0.3276, 'mrr@10': 0.3521, 'mrr@20': 0.361}
{'ndcg@5': 0.3869, 'ndcg@10': 0.4456, 'ndcg@20': 0.4775}
0
{'recall@5': 0.686, 'recall@10': 0.845, 'recall@20': 0.9186}
{'mrr@5': 0.4393, 'mrr@10': 0.4606, 'mrr@20': 0.4658}
{'ndcg@5': 0.5006, 'ndcg@10': 0.5521, 'ndcg@20': 0.5708}
1
{'recall@5': 0.6641, 'recall@10': 0.7964, 'recall@20': 0.9134}
{'mrr@5': 0.4152, 'mrr@10': 0.4333, 'mrr@20': 0.4419}
{'ndcg@5': 0.477, 'ndcg@10': 0.5202, 'ndcg@20': 0.5504}
2
{'recall@5': 0.632, 'recall@10': 0.7803, 'recall@20': 0.9075}
{'mrr@5': 0.3635, 'mrr@10': 0.3839, 'mrr@20': 0.393}
{'ndcg@5': 0.4301, 'ndcg@10': 0.4788, 'ndcg@20': 0.5112}
3
{'recall@5': 0.5629, 'recall@10': 0.747, 'recall@20': 0.8734}
{'mrr@5': 0.3281, 'mrr@10': 0.3528, 'mrr@20': 0.3618}
{'ndcg@5': 0.3863, 'ndcg@10': 0.446, 'ndcg@20': 0.4782}
0
{'recall@5': 0.6667, 'recall@10': 0.8372, 'recall@20': 0.9186}
{'mrr@5': 0.434, 'mrr@10': 0.4566, 'mrr@20': 0.4625}
{'ndcg@5': 0.4919, 'ndcg@10': 0.5469, 'ndcg@20': 0.5678}
1
{'recall@5': 0.6565, 'recall@10': 0.8191, 'recall@20': 0.9179}
{'mrr@5': 0.4111, 'mrr@10': 0.433, 'mrr@20': 0.44}
{'ndcg@5': 0.4723, 'ndcg@10': 0.5251, 'ndcg@20': 0.5502}
2
{'recall@5': 0.6551, 'recall@10': 0.7919, 'recall@20': 0.9056}
{'mrr@5': 0.3838, 'mrr@10': 0.4022, 'mrr@20': 0.4101}
{'ndcg@5': 0.4509, 'ndcg@10': 0.4954, 'ndcg@20': 0.5241}
3
{'recall@5': 0.5666, 'recall@10': 0.7455, 'recall@20': 0.8769}
{'mrr@5': 0.3262, 'mrr@10': 0.3503, 'mrr@20': 0.3596}
{'ndcg@5': 0.3858, 'ndcg@10': 0.4438, 'ndcg@20': 0.4773}
0
{'recall@5': 0.6899, 'recall@10': 0.8411, 'recall@20': 0.9225}
{'mrr@5': 0.4074, 'mrr@10': 0.4284, 'mrr@20': 0.4342}
{'ndcg@5': 0.4774, 'ndcg@10': 0.5271, 'ndcg@20': 0.5479}
1
{'recall@5': 0.6641, 'recall@10': 0.807, 'recall@20': 0.9119}
{'mrr@5': 0.404, 'mrr@10': 0.4225, 'mrr@20': 0.4298}
{'ndcg@5': 0.4686, 'ndcg@10': 0.5142, 'ndcg@20': 0.5408}
2
{'recall@5': 0.6281, 'recall@10': 0.8092, 'recall@20': 0.9075}
{'mrr@5': 0.3668, 'mrr@10': 0.3911, 'mrr@20': 0.3979}
{'ndcg@5': 0.432, 'ndcg@10': 0.4908, 'ndcg@20': 0.5156}
3
{'recall@5': 0.5737, 'recall@10': 0.7431, 'recall@20': 0.8743}
{'mrr@5': 0.3277, 'mrr@10': 0.3507, 'mrr@20': 0.3601}
{'ndcg@5': 0.3887, 'ndcg@10': 0.4438, 'ndcg@20': 0.4774}
0
{'recall@5': 0.6822, 'recall@10': 0.8333, 'recall@20': 0.9186}
{'mrr@5': 0.4246, 'mrr@10': 0.4458, 'mrr@20': 0.4519}
{'ndcg@5': 0.4884, 'ndcg@10': 0.5383, 'ndcg@20': 0.5601}
1
{'recall@5': 0.6748, 'recall@10': 0.8131, 'recall@20': 0.9195}
{'mrr@5': 0.4227, 'mrr@10': 0.4412, 'mrr@20': 0.4487}
{'ndcg@5': 0.4853, 'ndcg@10': 0.53, 'ndcg@20': 0.5572}
2
{'recall@5': 0.6224, 'recall@10': 0.7803, 'recall@20': 0.9133}
{'mrr@5': 0.3603, 'mrr@10': 0.3828, 'mrr@20': 0.3922}
{'ndcg@5': 0.4257, 'ndcg@10': 0.4782, 'ndcg@20': 0.5121}
3
{'recall@5': 0.5661, 'recall@10': 0.7483, 'recall@20': 0.8714}
{'mrr@5': 0.3304, 'mrr@10': 0.355, 'mrr@20': 0.3637}
{'ndcg@5': 0.3889, 'ndcg@10': 0.448, 'ndcg@20': 0.4794}
0
{'recall@5': 0.6783, 'recall@10': 0.845, 'recall@20': 0.907}
{'mrr@5': 0.4448, 'mrr@10': 0.4667, 'mrr@20': 0.471}
{'ndcg@5': 0.5032, 'ndcg@10': 0.5568, 'ndcg@20': 0.5725}
1
{'recall@5': 0.652, 'recall@10': 0.8055, 'recall@20': 0.9164}
{'mrr@5': 0.4148, 'mrr@10': 0.4351, 'mrr@20': 0.4431}
{'ndcg@5': 0.474, 'ndcg@10': 0.5234, 'ndcg@20': 0.5518}
2
{'recall@5': 0.6378, 'recall@10': 0.8015, 'recall@20': 0.9056}
{'mrr@5': 0.3844, 'mrr@10': 0.4061, 'mrr@20': 0.4133}
{'ndcg@5': 0.4471, 'ndcg@10': 0.4999, 'ndcg@20': 0.5262}
3
{'recall@5': 0.5798, 'recall@10': 0.7514, 'recall@20': 0.878}
{'mrr@5': 0.3326, 'mrr@10': 0.3559, 'mrr@20': 0.3649}
{'ndcg@5': 0.3939, 'ndcg@10': 0.4499, 'ndcg@20': 0.4821}
0
{'recall@5': 0.6667, 'recall@10': 0.8488, 'recall@20': 0.907}
{'mrr@5': 0.4314, 'mrr@10': 0.4559, 'mrr@20': 0.4604}
{'ndcg@5': 0.4901, 'ndcg@10': 0.5492, 'ndcg@20': 0.5644}
1
{'recall@5': 0.6672, 'recall@10': 0.807, 'recall@20': 0.9119}
{'mrr@5': 0.4237, 'mrr@10': 0.4428, 'mrr@20': 0.4504}
{'ndcg@5': 0.4842, 'ndcg@10': 0.5298, 'ndcg@20': 0.5567}
2
{'recall@5': 0.6146, 'recall@10': 0.8035, 'recall@20': 0.9017}
{'mrr@5': 0.3619, 'mrr@10': 0.3881, 'mrr@20': 0.395}
{'ndcg@5': 0.4249, 'ndcg@10': 0.4868, 'ndcg@20': 0.5118}
3
{'recall@5': 0.5802, 'recall@10': 0.7518, 'recall@20': 0.8721}
{'mrr@5': 0.3336, 'mrr@10': 0.3567, 'mrr@20': 0.3652}
{'ndcg@5': 0.3947, 'ndcg@10': 0.4504, 'ndcg@20': 0.481}
0
{'recall@5': 0.6667, 'recall@10': 0.8411, 'recall@20': 0.9109}
{'mrr@5': 0.4244, 'mrr@10': 0.4482, 'mrr@20': 0.4531}
{'ndcg@5': 0.4849, 'ndcg@10': 0.5417, 'ndcg@20': 0.5596}
1
{'recall@5': 0.6596, 'recall@10': 0.8131, 'recall@20': 0.9164}
{'mrr@5': 0.4108, 'mrr@10': 0.4314, 'mrr@20': 0.4387}
{'ndcg@5': 0.4729, 'ndcg@10': 0.5226, 'ndcg@20': 0.5489}
2
{'recall@5': 0.6166, 'recall@10': 0.7938, 'recall@20': 0.9114}
{'mrr@5': 0.3666, 'mrr@10': 0.3909, 'mrr@20': 0.3994}
{'ndcg@5': 0.4288, 'ndcg@10': 0.4868, 'ndcg@20': 0.5169}
3
{'recall@5': 0.5752, 'recall@10': 0.7492, 'recall@20': 0.8704}
{'mrr@5': 0.3339, 'mrr@10': 0.3575, 'mrr@20': 0.3663}
{'ndcg@5': 0.3938, 'ndcg@10': 0.4505, 'ndcg@20': 0.4815}
0
{'recall@5': 0.7054, 'recall@10': 0.8217, 'recall@20': 0.9147}
{'mrr@5': 0.4478, 'mrr@10': 0.4641, 'mrr@20': 0.4708}
{'ndcg@5': 0.512, 'ndcg@10': 0.5504, 'ndcg@20': 0.5743}
1
{'recall@5': 0.6702, 'recall@10': 0.807, 'recall@20': 0.924}
{'mrr@5': 0.4336, 'mrr@10': 0.4522, 'mrr@20': 0.4605}
{'ndcg@5': 0.4925, 'ndcg@10': 0.537, 'ndcg@20': 0.5668}
2
{'recall@5': 0.6224, 'recall@10': 0.7977, 'recall@20': 0.9171}
{'mrr@5': 0.3646, 'mrr@10': 0.3888, 'mrr@20': 0.3972}
{'ndcg@5': 0.4284, 'ndcg@10': 0.4859, 'ndcg@20': 0.5162}
3
{'recall@5': 0.5722, 'recall@10': 0.7477, 'recall@20': 0.8756}
{'mrr@5': 0.3332, 'mrr@10': 0.357, 'mrr@20': 0.3662}
{'ndcg@5': 0.3925, 'ndcg@10': 0.4496, 'ndcg@20': 0.4823}
0
{'recall@5': 0.6628, 'recall@10': 0.8295, 'recall@20': 0.9225}
{'mrr@5': 0.4379, 'mrr@10': 0.46, 'mrr@20': 0.4666}
{'ndcg@5': 0.4936, 'ndcg@10': 0.5474, 'ndcg@20': 0.5711}
1
{'recall@5': 0.6672, 'recall@10': 0.8131, 'recall@20': 0.9149}
{'mrr@5': 0.4123, 'mrr@10': 0.4319, 'mrr@20': 0.4393}
{'ndcg@5': 0.4757, 'ndcg@10': 0.523, 'ndcg@20': 0.5492}
2
{'recall@5': 0.6416, 'recall@10': 0.79, 'recall@20': 0.9075}
{'mrr@5': 0.371, 'mrr@10': 0.3912, 'mrr@20': 0.3997}
{'ndcg@5': 0.4383, 'ndcg@10': 0.4867, 'ndcg@20': 0.5168}
3
{'recall@5': 0.5805, 'recall@10': 0.747, 'recall@20': 0.874}
{'mrr@5': 0.3377, 'mrr@10': 0.3601, 'mrr@20': 0.3692}
{'ndcg@5': 0.398, 'ndcg@10': 0.452, 'ndcg@20': 0.4844}
0
{'recall@5': 0.6899, 'recall@10': 0.8372, 'recall@20': 0.9186}
{'mrr@5': 0.4435, 'mrr@10': 0.4634, 'mrr@20': 0.469}
{'ndcg@5': 0.5046, 'ndcg@10': 0.5523, 'ndcg@20': 0.5729}
1
{'recall@5': 0.6657, 'recall@10': 0.8024, 'recall@20': 0.9179}
{'mrr@5': 0.4171, 'mrr@10': 0.4356, 'mrr@20': 0.4441}
{'ndcg@5': 0.479, 'ndcg@10': 0.5235, 'ndcg@20': 0.5533}
2
{'recall@5': 0.6378, 'recall@10': 0.79, 'recall@20': 0.9056}
{'mrr@5': 0.3631, 'mrr@10': 0.3839, 'mrr@20': 0.3923}
{'ndcg@5': 0.431, 'ndcg@10': 0.4808, 'ndcg@20': 0.5105}
3
{'recall@5': 0.5809, 'recall@10': 0.7557, 'recall@20': 0.876}
{'mrr@5': 0.3347, 'mrr@10': 0.358, 'mrr@20': 0.3666}
{'ndcg@5': 0.3958, 'ndcg@10': 0.4523, 'ndcg@20': 0.483}
0
{'recall@5': 0.686, 'recall@10': 0.8333, 'recall@20': 0.9225}
{'mrr@5': 0.4348, 'mrr@10': 0.4557, 'mrr@20': 0.4622}
{'ndcg@5': 0.497, 'ndcg@10': 0.5459, 'ndcg@20': 0.5688}
1
{'recall@5': 0.6565, 'recall@10': 0.8055, 'recall@20': 0.9103}
{'mrr@5': 0.4097, 'mrr@10': 0.4304, 'mrr@20': 0.4382}
{'ndcg@5': 0.4711, 'ndcg@10': 0.5201, 'ndcg@20': 0.5472}
2
{'recall@5': 0.6224, 'recall@10': 0.8015, 'recall@20': 0.9152}
{'mrr@5': 0.3767, 'mrr@10': 0.4016, 'mrr@20': 0.4095}
{'ndcg@5': 0.4377, 'ndcg@10': 0.4966, 'ndcg@20': 0.5255}
3
{'recall@5': 0.5783, 'recall@10': 0.7533, 'recall@20': 0.8771}
{'mrr@5': 0.34, 'mrr@10': 0.3637, 'mrr@20': 0.3725}
{'ndcg@5': 0.3991, 'ndcg@10': 0.4561, 'ndcg@20': 0.4876}
0
{'recall@5': 0.7132, 'recall@10': 0.845, 'recall@20': 0.9147}
{'mrr@5': 0.4395, 'mrr@10': 0.4572, 'mrr@20': 0.4621}
{'ndcg@5': 0.5075, 'ndcg@10': 0.5501, 'ndcg@20': 0.5679}
1
{'recall@5': 0.6702, 'recall@10': 0.8146, 'recall@20': 0.9271}
{'mrr@5': 0.4245, 'mrr@10': 0.4436, 'mrr@20': 0.4516}
{'ndcg@5': 0.4858, 'ndcg@10': 0.5323, 'ndcg@20': 0.5609}
2
{'recall@5': 0.6204, 'recall@10': 0.8092, 'recall@20': 0.9114}
{'mrr@5': 0.375, 'mrr@10': 0.401, 'mrr@20': 0.4083}
{'ndcg@5': 0.4355, 'ndcg@10': 0.4975, 'ndcg@20': 0.5235}
3
{'recall@5': 0.5839, 'recall@10': 0.7561, 'recall@20': 0.8806}
{'mrr@5': 0.343, 'mrr@10': 0.3662, 'mrr@20': 0.3749}
{'ndcg@5': 0.4027, 'ndcg@10': 0.4586, 'ndcg@20': 0.4902}
0
{'recall@5': 0.6783, 'recall@10': 0.8178, 'recall@20': 0.9225}
{'mrr@5': 0.4507, 'mrr@10': 0.4689, 'mrr@20': 0.4767}
{'ndcg@5': 0.5078, 'ndcg@10': 0.5525, 'ndcg@20': 0.5796}
1
{'recall@5': 0.6778, 'recall@10': 0.81, 'recall@20': 0.924}
{'mrr@5': 0.4305, 'mrr@10': 0.4479, 'mrr@20': 0.4561}
{'ndcg@5': 0.492, 'ndcg@10': 0.5345, 'ndcg@20': 0.5637}
2
{'recall@5': 0.6339, 'recall@10': 0.8112, 'recall@20': 0.9094}
{'mrr@5': 0.3663, 'mrr@10': 0.3903, 'mrr@20': 0.3972}
{'ndcg@5': 0.4331, 'ndcg@10': 0.4907, 'ndcg@20': 0.5157}
3
{'recall@5': 0.5874, 'recall@10': 0.7561, 'recall@20': 0.8775}
{'mrr@5': 0.3366, 'mrr@10': 0.3595, 'mrr@20': 0.3681}
{'ndcg@5': 0.3988, 'ndcg@10': 0.4537, 'ndcg@20': 0.4847}
0
{'recall@5': 0.7016, 'recall@10': 0.8295, 'recall@20': 0.9186}
{'mrr@5': 0.4456, 'mrr@10': 0.4629, 'mrr@20': 0.4691}
{'ndcg@5': 0.5093, 'ndcg@10': 0.5508, 'ndcg@20': 0.5735}
1
{'recall@5': 0.6778, 'recall@10': 0.8085, 'recall@20': 0.9286}
{'mrr@5': 0.4249, 'mrr@10': 0.442, 'mrr@20': 0.4506}
{'ndcg@5': 0.4879, 'ndcg@10': 0.5298, 'ndcg@20': 0.5605}
2
{'recall@5': 0.6397, 'recall@10': 0.8092, 'recall@20': 0.9152}
{'mrr@5': 0.384, 'mrr@10': 0.4072, 'mrr@20': 0.4149}
{'ndcg@5': 0.4476, 'ndcg@10': 0.5029, 'ndcg@20': 0.5302}
3
{'recall@5': 0.5898, 'recall@10': 0.7537, 'recall@20': 0.8727}
{'mrr@5': 0.3455, 'mrr@10': 0.3675, 'mrr@20': 0.3761}
{'ndcg@5': 0.406, 'ndcg@10': 0.4592, 'ndcg@20': 0.4896}
0
{'recall@5': 0.6822, 'recall@10': 0.8295, 'recall@20': 0.9302}
{'mrr@5': 0.4652, 'mrr@10': 0.486, 'mrr@20': 0.4926}
{'ndcg@5': 0.5194, 'ndcg@10': 0.5682, 'ndcg@20': 0.5931}
1
{'recall@5': 0.69, 'recall@10': 0.8298, 'recall@20': 0.9286}
{'mrr@5': 0.4246, 'mrr@10': 0.4437, 'mrr@20': 0.4507}
{'ndcg@5': 0.4906, 'ndcg@10': 0.5362, 'ndcg@20': 0.5614}
2
{'recall@5': 0.6435, 'recall@10': 0.7977, 'recall@20': 0.9171}
{'mrr@5': 0.3794, 'mrr@10': 0.4007, 'mrr@20': 0.4095}
{'ndcg@5': 0.4454, 'ndcg@10': 0.496, 'ndcg@20': 0.5268}
3
{'recall@5': 0.5857, 'recall@10': 0.755, 'recall@20': 0.876}
{'mrr@5': 0.3421, 'mrr@10': 0.3654, 'mrr@20': 0.374}
{'ndcg@5': 0.4025, 'ndcg@10': 0.4579, 'ndcg@20': 0.4889}
0
{'recall@5': 0.6512, 'recall@10': 0.8411, 'recall@20': 0.9186}
{'mrr@5': 0.4516, 'mrr@10': 0.4776, 'mrr@20': 0.4829}
{'ndcg@5': 0.5018, 'ndcg@10': 0.5639, 'ndcg@20': 0.5834}
1
{'recall@5': 0.6793, 'recall@10': 0.8085, 'recall@20': 0.9271}
{'mrr@5': 0.4524, 'mrr@10': 0.4696, 'mrr@20': 0.4781}
{'ndcg@5': 0.509, 'ndcg@10': 0.5507, 'ndcg@20': 0.581}
2
{'recall@5': 0.6551, 'recall@10': 0.8092, 'recall@20': 0.9171}
{'mrr@5': 0.3903, 'mrr@10': 0.4109, 'mrr@20': 0.4187}
{'ndcg@5': 0.4561, 'ndcg@10': 0.506, 'ndcg@20': 0.5336}
3
{'recall@5': 0.5902, 'recall@10': 0.7574, 'recall@20': 0.8738}
{'mrr@5': 0.3462, 'mrr@10': 0.3685, 'mrr@20': 0.3768}
{'ndcg@5': 0.4067, 'ndcg@10': 0.4607, 'ndcg@20': 0.4905}
0
{'recall@5': 0.686, 'recall@10': 0.845, 'recall@20': 0.9147}
{'mrr@5': 0.4527, 'mrr@10': 0.4742, 'mrr@20': 0.4791}
{'ndcg@5': 0.5107, 'ndcg@10': 0.5624, 'ndcg@20': 0.5801}
1
{'recall@5': 0.6657, 'recall@10': 0.8237, 'recall@20': 0.9271}
{'mrr@5': 0.427, 'mrr@10': 0.4487, 'mrr@20': 0.4559}
{'ndcg@5': 0.4867, 'ndcg@10': 0.5384, 'ndcg@20': 0.5646}
2
{'recall@5': 0.6281, 'recall@10': 0.817, 'recall@20': 0.9133}
{'mrr@5': 0.3899, 'mrr@10': 0.4155, 'mrr@20': 0.4225}
{'ndcg@5': 0.4493, 'ndcg@10': 0.5108, 'ndcg@20': 0.5354}
3
{'recall@5': 0.5898, 'recall@10': 0.7561, 'recall@20': 0.8751}
{'mrr@5': 0.339, 'mrr@10': 0.3615, 'mrr@20': 0.3699}
{'ndcg@5': 0.4012, 'ndcg@10': 0.4553, 'ndcg@20': 0.4856}
0
{'recall@5': 0.6899, 'recall@10': 0.8256, 'recall@20': 0.9225}
{'mrr@5': 0.437, 'mrr@10': 0.4544, 'mrr@20': 0.4612}
{'ndcg@5': 0.4999, 'ndcg@10': 0.5431, 'ndcg@20': 0.5677}
1
{'recall@5': 0.6824, 'recall@10': 0.807, 'recall@20': 0.9195}
{'mrr@5': 0.4301, 'mrr@10': 0.4471, 'mrr@20': 0.4552}
{'ndcg@5': 0.4928, 'ndcg@10': 0.5334, 'ndcg@20': 0.5623}
2
{'recall@5': 0.632, 'recall@10': 0.8189, 'recall@20': 0.9094}
{'mrr@5': 0.3776, 'mrr@10': 0.4032, 'mrr@20': 0.4096}
{'ndcg@5': 0.4409, 'ndcg@10': 0.502, 'ndcg@20': 0.5252}
3
{'recall@5': 0.5852, 'recall@10': 0.7555, 'recall@20': 0.876}
{'mrr@5': 0.3436, 'mrr@10': 0.3668, 'mrr@20': 0.3753}
{'ndcg@5': 0.4035, 'ndcg@10': 0.4591, 'ndcg@20': 0.4897}
0
{'recall@5': 0.6977, 'recall@10': 0.8062, 'recall@20': 0.9225}
{'mrr@5': 0.4622, 'mrr@10': 0.4774, 'mrr@20': 0.4855}
{'ndcg@5': 0.521, 'ndcg@10': 0.5569, 'ndcg@20': 0.5863}
1
{'recall@5': 0.6763, 'recall@10': 0.8085, 'recall@20': 0.9286}
{'mrr@5': 0.4205, 'mrr@10': 0.4387, 'mrr@20': 0.4476}
{'ndcg@5': 0.4844, 'ndcg@10': 0.5276, 'ndcg@20': 0.5586}
2
{'recall@5': 0.6339, 'recall@10': 0.8112, 'recall@20': 0.9114}
{'mrr@5': 0.372, 'mrr@10': 0.3957, 'mrr@20': 0.4031}
{'ndcg@5': 0.4372, 'ndcg@10': 0.4946, 'ndcg@20': 0.5206}
3
{'recall@5': 0.5876, 'recall@10': 0.7568, 'recall@20': 0.8784}
{'mrr@5': 0.3462, 'mrr@10': 0.3691, 'mrr@20': 0.3776}
{'ndcg@5': 0.4061, 'ndcg@10': 0.4611, 'ndcg@20': 0.492}
0
{'recall@5': 0.686, 'recall@10': 0.8333, 'recall@20': 0.9225}
{'mrr@5': 0.4384, 'mrr@10': 0.4582, 'mrr@20': 0.4643}
{'ndcg@5': 0.5002, 'ndcg@10': 0.548, 'ndcg@20': 0.5703}
1
{'recall@5': 0.6641, 'recall@10': 0.8085, 'recall@20': 0.9255}
{'mrr@5': 0.4218, 'mrr@10': 0.4414, 'mrr@20': 0.4499}
{'ndcg@5': 0.4822, 'ndcg@10': 0.5293, 'ndcg@20': 0.5594}
2
{'recall@5': 0.6435, 'recall@10': 0.817, 'recall@20': 0.9094}
{'mrr@5': 0.3871, 'mrr@10': 0.4106, 'mrr@20': 0.4174}
{'ndcg@5': 0.4511, 'ndcg@10': 0.5075, 'ndcg@20': 0.5314}
3
{'recall@5': 0.5891, 'recall@10': 0.7596, 'recall@20': 0.8799}
{'mrr@5': 0.3439, 'mrr@10': 0.3669, 'mrr@20': 0.3754}
{'ndcg@5': 0.4047, 'ndcg@10': 0.4601, 'ndcg@20': 0.4907}
0
{'recall@5': 0.7016, 'recall@10': 0.845, 'recall@20': 0.9147}
{'mrr@5': 0.4607, 'mrr@10': 0.4796, 'mrr@20': 0.4844}
{'ndcg@5': 0.5206, 'ndcg@10': 0.5668, 'ndcg@20': 0.5844}
1
{'recall@5': 0.6748, 'recall@10': 0.8131, 'recall@20': 0.9331}
{'mrr@5': 0.4349, 'mrr@10': 0.4539, 'mrr@20': 0.4627}
{'ndcg@5': 0.4947, 'ndcg@10': 0.54, 'ndcg@20': 0.5709}
2
{'recall@5': 0.632, 'recall@10': 0.8054, 'recall@20': 0.9094}
{'mrr@5': 0.392, 'mrr@10': 0.4157, 'mrr@20': 0.4233}
{'ndcg@5': 0.4519, 'ndcg@10': 0.5085, 'ndcg@20': 0.5352}
3
{'recall@5': 0.5896, 'recall@10': 0.757, 'recall@20': 0.8797}
{'mrr@5': 0.3432, 'mrr@10': 0.366, 'mrr@20': 0.3747}
{'ndcg@5': 0.4044, 'ndcg@10': 0.4589, 'ndcg@20': 0.4902}
0
{'recall@5': 0.7171, 'recall@10': 0.8217, 'recall@20': 0.9186}
{'mrr@5': 0.4488, 'mrr@10': 0.4645, 'mrr@20': 0.4716}
{'ndcg@5': 0.5155, 'ndcg@10': 0.5511, 'ndcg@20': 0.576}
1
{'recall@5': 0.6824, 'recall@10': 0.8313, 'recall@20': 0.9316}
{'mrr@5': 0.4426, 'mrr@10': 0.4625, 'mrr@20': 0.4696}
{'ndcg@5': 0.5021, 'ndcg@10': 0.5503, 'ndcg@20': 0.5759}
2
{'recall@5': 0.6378, 'recall@10': 0.8131, 'recall@20': 0.9171}
{'mrr@5': 0.387, 'mrr@10': 0.4108, 'mrr@20': 0.4184}
{'ndcg@5': 0.4494, 'ndcg@10': 0.5065, 'ndcg@20': 0.5332}
3
{'recall@5': 0.5978, 'recall@10': 0.759, 'recall@20': 0.8743}
{'mrr@5': 0.3446, 'mrr@10': 0.3662, 'mrr@20': 0.3745}
{'ndcg@5': 0.4075, 'ndcg@10': 0.4597, 'ndcg@20': 0.4892}
0
{'recall@5': 0.6744, 'recall@10': 0.8411, 'recall@20': 0.9147}
{'mrr@5': 0.4503, 'mrr@10': 0.4739, 'mrr@20': 0.4787}
{'ndcg@5': 0.5064, 'ndcg@10': 0.5616, 'ndcg@20': 0.5799}
1
{'recall@5': 0.693, 'recall@10': 0.8237, 'recall@20': 0.924}
{'mrr@5': 0.4361, 'mrr@10': 0.4533, 'mrr@20': 0.4606}
{'ndcg@5': 0.5, 'ndcg@10': 0.542, 'ndcg@20': 0.5678}
2
{'recall@5': 0.6435, 'recall@10': 0.8208, 'recall@20': 0.9133}
{'mrr@5': 0.3999, 'mrr@10': 0.4236, 'mrr@20': 0.4302}
{'ndcg@5': 0.4605, 'ndcg@10': 0.5179, 'ndcg@20': 0.5415}
3
{'recall@5': 0.5972, 'recall@10': 0.7574, 'recall@20': 0.8797}
{'mrr@5': 0.3449, 'mrr@10': 0.3666, 'mrr@20': 0.3753}
{'ndcg@5': 0.4074, 'ndcg@10': 0.4596, 'ndcg@20': 0.4908}
0
{'recall@5': 0.7248, 'recall@10': 0.8333, 'recall@20': 0.9186}
{'mrr@5': 0.4432, 'mrr@10': 0.4568, 'mrr@20': 0.4628}
{'ndcg@5': 0.5134, 'ndcg@10': 0.5477, 'ndcg@20': 0.5692}
1
{'recall@5': 0.6717, 'recall@10': 0.8313, 'recall@20': 0.9316}
{'mrr@5': 0.4178, 'mrr@10': 0.4394, 'mrr@20': 0.4463}
{'ndcg@5': 0.4812, 'ndcg@10': 0.5332, 'ndcg@20': 0.5584}
2
{'recall@5': 0.6609, 'recall@10': 0.7938, 'recall@20': 0.9152}
{'mrr@5': 0.3933, 'mrr@10': 0.4118, 'mrr@20': 0.4205}
{'ndcg@5': 0.4596, 'ndcg@10': 0.5033, 'ndcg@20': 0.5344}
3
{'recall@5': 0.5985, 'recall@10': 0.76, 'recall@20': 0.879}
{'mrr@5': 0.3492, 'mrr@10': 0.3709, 'mrr@20': 0.3793}
{'ndcg@5': 0.4109, 'ndcg@10': 0.4633, 'ndcg@20': 0.4936}
0
{'recall@5': 0.7093, 'recall@10': 0.8372, 'recall@20': 0.9147}
{'mrr@5': 0.4759, 'mrr@10': 0.4938, 'mrr@20': 0.4992}
{'ndcg@5': 0.5341, 'ndcg@10': 0.5762, 'ndcg@20': 0.5958}
1
{'recall@5': 0.6884, 'recall@10': 0.8252, 'recall@20': 0.9316}
{'mrr@5': 0.4416, 'mrr@10': 0.4599, 'mrr@20': 0.4675}
{'ndcg@5': 0.5029, 'ndcg@10': 0.5471, 'ndcg@20': 0.5743}
2
{'recall@5': 0.6474, 'recall@10': 0.8247, 'recall@20': 0.9171}
{'mrr@5': 0.3837, 'mrr@10': 0.4075, 'mrr@20': 0.4141}
{'ndcg@5': 0.4492, 'ndcg@10': 0.5067, 'ndcg@20': 0.5302}
3
{'recall@5': 0.5959, 'recall@10': 0.7605, 'recall@20': 0.883}
{'mrr@5': 0.3444, 'mrr@10': 0.3667, 'mrr@20': 0.3753}
{'ndcg@5': 0.4068, 'ndcg@10': 0.4604, 'ndcg@20': 0.4915}
0
{'recall@5': 0.686, 'recall@10': 0.8295, 'recall@20': 0.907}
{'mrr@5': 0.4432, 'mrr@10': 0.4625, 'mrr@20': 0.4683}
{'ndcg@5': 0.504, 'ndcg@10': 0.5506, 'ndcg@20': 0.5706}
1
{'recall@5': 0.6702, 'recall@10': 0.8313, 'recall@20': 0.9301}
{'mrr@5': 0.4353, 'mrr@10': 0.4568, 'mrr@20': 0.4639}
{'ndcg@5': 0.494, 'ndcg@10': 0.5461, 'ndcg@20': 0.5713}
2
{'recall@5': 0.6416, 'recall@10': 0.817, 'recall@20': 0.9114}
{'mrr@5': 0.3893, 'mrr@10': 0.4132, 'mrr@20': 0.4198}
{'ndcg@5': 0.4525, 'ndcg@10': 0.5097, 'ndcg@20': 0.5336}
3
{'recall@5': 0.6041, 'recall@10': 0.7616, 'recall@20': 0.881}
{'mrr@5': 0.3496, 'mrr@10': 0.3708, 'mrr@20': 0.3793}
{'ndcg@5': 0.4127, 'ndcg@10': 0.4638, 'ndcg@20': 0.4943}
0
{'recall@5': 0.7093, 'recall@10': 0.8566, 'recall@20': 0.9109}
{'mrr@5': 0.4697, 'mrr@10': 0.4888, 'mrr@20': 0.4926}
{'ndcg@5': 0.5293, 'ndcg@10': 0.5764, 'ndcg@20': 0.5901}
1
{'recall@5': 0.6945, 'recall@10': 0.8146, 'recall@20': 0.9347}
{'mrr@5': 0.4282, 'mrr@10': 0.4439, 'mrr@20': 0.4527}
{'ndcg@5': 0.4946, 'ndcg@10': 0.533, 'ndcg@20': 0.5639}
2
{'recall@5': 0.6435, 'recall@10': 0.8131, 'recall@20': 0.9075}
{'mrr@5': 0.3879, 'mrr@10': 0.4111, 'mrr@20': 0.418}
{'ndcg@5': 0.4515, 'ndcg@10': 0.5068, 'ndcg@20': 0.5312}
3
{'recall@5': 0.5967, 'recall@10': 0.7613, 'recall@20': 0.8793}
{'mrr@5': 0.3469, 'mrr@10': 0.3692, 'mrr@20': 0.3776}
{'ndcg@5': 0.4089, 'ndcg@10': 0.4625, 'ndcg@20': 0.4926}
0
{'recall@5': 0.6977, 'recall@10': 0.8295, 'recall@20': 0.9031}
{'mrr@5': 0.4423, 'mrr@10': 0.4603, 'mrr@20': 0.4656}
{'ndcg@5': 0.5057, 'ndcg@10': 0.5487, 'ndcg@20': 0.5676}
1
{'recall@5': 0.6809, 'recall@10': 0.8267, 'recall@20': 0.9286}
{'mrr@5': 0.4193, 'mrr@10': 0.4389, 'mrr@20': 0.4461}
{'ndcg@5': 0.4844, 'ndcg@10': 0.5317, 'ndcg@20': 0.5576}
2
{'recall@5': 0.6378, 'recall@10': 0.8054, 'recall@20': 0.9075}
{'mrr@5': 0.3841, 'mrr@10': 0.4071, 'mrr@20': 0.4145}
{'ndcg@5': 0.4471, 'ndcg@10': 0.5019, 'ndcg@20': 0.5282}
3
{'recall@5': 0.6078, 'recall@10': 0.7659, 'recall@20': 0.8799}
{'mrr@5': 0.3508, 'mrr@10': 0.3719, 'mrr@20': 0.38}
{'ndcg@5': 0.4144, 'ndcg@10': 0.4656, 'ndcg@20': 0.4947}
0
{'recall@5': 0.6822, 'recall@10': 0.8295, 'recall@20': 0.9031}
{'mrr@5': 0.4583, 'mrr@10': 0.4781, 'mrr@20': 0.4833}
{'ndcg@5': 0.5141, 'ndcg@10': 0.5619, 'ndcg@20': 0.5806}
1
{'recall@5': 0.6748, 'recall@10': 0.8222, 'recall@20': 0.9255}
{'mrr@5': 0.4327, 'mrr@10': 0.4529, 'mrr@20': 0.4605}
{'ndcg@5': 0.493, 'ndcg@10': 0.5411, 'ndcg@20': 0.5679}
2
{'recall@5': 0.6358, 'recall@10': 0.8073, 'recall@20': 0.9133}
{'mrr@5': 0.3731, 'mrr@10': 0.3959, 'mrr@20': 0.4036}
{'ndcg@5': 0.4384, 'ndcg@10': 0.4938, 'ndcg@20': 0.521}
3
{'recall@5': 0.5998, 'recall@10': 0.7596, 'recall@20': 0.8795}
{'mrr@5': 0.3529, 'mrr@10': 0.3746, 'mrr@20': 0.3832}
{'ndcg@5': 0.4141, 'ndcg@10': 0.4661, 'ndcg@20': 0.4967}
0
{'recall@5': 0.6977, 'recall@10': 0.8333, 'recall@20': 0.907}
{'mrr@5': 0.4634, 'mrr@10': 0.4823, 'mrr@20': 0.4876}
{'ndcg@5': 0.5219, 'ndcg@10': 0.5665, 'ndcg@20': 0.5854}
1
{'recall@5': 0.6733, 'recall@10': 0.8222, 'recall@20': 0.924}
{'mrr@5': 0.4239, 'mrr@10': 0.4445, 'mrr@20': 0.452}
{'ndcg@5': 0.4862, 'ndcg@10': 0.5352, 'ndcg@20': 0.5614}
2
{'recall@5': 0.6532, 'recall@10': 0.815, 'recall@20': 0.9133}
{'mrr@5': 0.3834, 'mrr@10': 0.405, 'mrr@20': 0.412}
{'ndcg@5': 0.4506, 'ndcg@10': 0.5029, 'ndcg@20': 0.528}
3
{'recall@5': 0.5952, 'recall@10': 0.76, 'recall@20': 0.879}
{'mrr@5': 0.3494, 'mrr@10': 0.3718, 'mrr@20': 0.3803}
{'ndcg@5': 0.4104, 'ndcg@10': 0.4641, 'ndcg@20': 0.4945}
0
{'recall@5': 0.6822, 'recall@10': 0.8256, 'recall@20': 0.9109}
{'mrr@5': 0.464, 'mrr@10': 0.484, 'mrr@20': 0.4899}
{'ndcg@5': 0.5184, 'ndcg@10': 0.5656, 'ndcg@20': 0.5872}
1
{'recall@5': 0.6839, 'recall@10': 0.8222, 'recall@20': 0.9316}
{'mrr@5': 0.4333, 'mrr@10': 0.4522, 'mrr@20': 0.46}
{'ndcg@5': 0.4959, 'ndcg@10': 0.541, 'ndcg@20': 0.5689}
2
{'recall@5': 0.6397, 'recall@10': 0.815, 'recall@20': 0.9171}
{'mrr@5': 0.3944, 'mrr@10': 0.4181, 'mrr@20': 0.4253}
{'ndcg@5': 0.4555, 'ndcg@10': 0.5125, 'ndcg@20': 0.5384}
3
{'recall@5': 0.598, 'recall@10': 0.7566, 'recall@20': 0.8775}
{'mrr@5': 0.3457, 'mrr@10': 0.3673, 'mrr@20': 0.376}
{'ndcg@5': 0.4083, 'ndcg@10': 0.46, 'ndcg@20': 0.4909}
0
{'recall@5': 0.7054, 'recall@10': 0.8295, 'recall@20': 0.907}
{'mrr@5': 0.4629, 'mrr@10': 0.4798, 'mrr@20': 0.4854}
{'ndcg@5': 0.5234, 'ndcg@10': 0.5638, 'ndcg@20': 0.5837}
1
{'recall@5': 0.6763, 'recall@10': 0.8237, 'recall@20': 0.9377}
{'mrr@5': 0.4294, 'mrr@10': 0.4495, 'mrr@20': 0.4574}
{'ndcg@5': 0.491, 'ndcg@10': 0.5391, 'ndcg@20': 0.5679}
2
{'recall@5': 0.6474, 'recall@10': 0.8285, 'recall@20': 0.9114}
{'mrr@5': 0.396, 'mrr@10': 0.4205, 'mrr@20': 0.4264}
{'ndcg@5': 0.4584, 'ndcg@10': 0.5173, 'ndcg@20': 0.5385}
3
{'recall@5': 0.595, 'recall@10': 0.76, 'recall@20': 0.8812}
{'mrr@5': 0.351, 'mrr@10': 0.3734, 'mrr@20': 0.382}
{'ndcg@5': 0.4116, 'ndcg@10': 0.4653, 'ndcg@20': 0.4961}
0
{'recall@5': 0.7054, 'recall@10': 0.8372, 'recall@20': 0.9109}
{'mrr@5': 0.4563, 'mrr@10': 0.4747, 'mrr@20': 0.4799}
{'ndcg@5': 0.5185, 'ndcg@10': 0.562, 'ndcg@20': 0.5807}
1
{'recall@5': 0.6839, 'recall@10': 0.8207, 'recall@20': 0.9255}
{'mrr@5': 0.4348, 'mrr@10': 0.4533, 'mrr@20': 0.4609}
{'ndcg@5': 0.497, 'ndcg@10': 0.5415, 'ndcg@20': 0.5684}
2
{'recall@5': 0.6358, 'recall@10': 0.8285, 'recall@20': 0.9094}
{'mrr@5': 0.3826, 'mrr@10': 0.409, 'mrr@20': 0.4151}
{'ndcg@5': 0.4455, 'ndcg@10': 0.5085, 'ndcg@20': 0.5296}
3
{'recall@5': 0.5978, 'recall@10': 0.7564, 'recall@20': 0.8782}
{'mrr@5': 0.35, 'mrr@10': 0.3717, 'mrr@20': 0.3803}
{'ndcg@5': 0.4115, 'ndcg@10': 0.4633, 'ndcg@20': 0.4942}
0
{'recall@5': 0.6977, 'recall@10': 0.8333, 'recall@20': 0.8992}
{'mrr@5': 0.4583, 'mrr@10': 0.4759, 'mrr@20': 0.4807}
{'ndcg@5': 0.5177, 'ndcg@10': 0.5611, 'ndcg@20': 0.5781}
1
{'recall@5': 0.6748, 'recall@10': 0.8298, 'recall@20': 0.9255}
{'mrr@5': 0.4275, 'mrr@10': 0.4488, 'mrr@20': 0.4557}
{'ndcg@5': 0.4894, 'ndcg@10': 0.5401, 'ndcg@20': 0.5646}
2
{'recall@5': 0.6513, 'recall@10': 0.8227, 'recall@20': 0.9133}
{'mrr@5': 0.3891, 'mrr@10': 0.4127, 'mrr@20': 0.4189}
{'ndcg@5': 0.4544, 'ndcg@10': 0.5105, 'ndcg@20': 0.5334}
3
{'recall@5': 0.5972, 'recall@10': 0.7596, 'recall@20': 0.8801}
{'mrr@5': 0.3508, 'mrr@10': 0.3728, 'mrr@20': 0.3814}
{'ndcg@5': 0.412, 'ndcg@10': 0.4649, 'ndcg@20': 0.4956}
0
{'recall@5': 0.6744, 'recall@10': 0.8295, 'recall@20': 0.8992}
{'mrr@5': 0.4653, 'mrr@10': 0.486, 'mrr@20': 0.4913}
{'ndcg@5': 0.5175, 'ndcg@10': 0.5676, 'ndcg@20': 0.5858}
1
{'recall@5': 0.6778, 'recall@10': 0.8207, 'recall@20': 0.9316}
{'mrr@5': 0.4174, 'mrr@10': 0.4375, 'mrr@20': 0.4454}
{'ndcg@5': 0.4823, 'ndcg@10': 0.5295, 'ndcg@20': 0.5578}
2
{'recall@5': 0.6378, 'recall@10': 0.8247, 'recall@20': 0.921}
{'mrr@5': 0.3775, 'mrr@10': 0.4036, 'mrr@20': 0.4103}
{'ndcg@5': 0.4422, 'ndcg@10': 0.5038, 'ndcg@20': 0.5281}
3
{'recall@5': 0.6013, 'recall@10': 0.7653, 'recall@20': 0.8806}
{'mrr@5': 0.3549, 'mrr@10': 0.3771, 'mrr@20': 0.3852}
{'ndcg@5': 0.4161, 'ndcg@10': 0.4694, 'ndcg@20': 0.4987}
0
{'recall@5': 0.6783, 'recall@10': 0.8333, 'recall@20': 0.9147}
{'mrr@5': 0.4433, 'mrr@10': 0.4641, 'mrr@20': 0.4701}
{'ndcg@5': 0.5015, 'ndcg@10': 0.5518, 'ndcg@20': 0.5728}
1
{'recall@5': 0.6854, 'recall@10': 0.8343, 'recall@20': 0.9362}
{'mrr@5': 0.4409, 'mrr@10': 0.4608, 'mrr@20': 0.4678}
{'ndcg@5': 0.5019, 'ndcg@10': 0.5501, 'ndcg@20': 0.5759}
2
{'recall@5': 0.6435, 'recall@10': 0.8208, 'recall@20': 0.9133}
{'mrr@5': 0.3949, 'mrr@10': 0.419, 'mrr@20': 0.4258}
{'ndcg@5': 0.4565, 'ndcg@10': 0.5143, 'ndcg@20': 0.5381}
3
{'recall@5': 0.6078, 'recall@10': 0.7603, 'recall@20': 0.8764}
{'mrr@5': 0.3492, 'mrr@10': 0.3699, 'mrr@20': 0.3782}
{'ndcg@5': 0.4133, 'ndcg@10': 0.4631, 'ndcg@20': 0.4927}
0
{'recall@5': 0.7054, 'recall@10': 0.8178, 'recall@20': 0.907}
{'mrr@5': 0.4676, 'mrr@10': 0.4835, 'mrr@20': 0.4899}
{'ndcg@5': 0.5264, 'ndcg@10': 0.5635, 'ndcg@20': 0.5864}
1
{'recall@5': 0.6839, 'recall@10': 0.8222, 'recall@20': 0.9271}
{'mrr@5': 0.4258, 'mrr@10': 0.4445, 'mrr@20': 0.452}
{'ndcg@5': 0.4904, 'ndcg@10': 0.5354, 'ndcg@20': 0.5621}
2
{'recall@5': 0.6435, 'recall@10': 0.8035, 'recall@20': 0.9152}
{'mrr@5': 0.3934, 'mrr@10': 0.4147, 'mrr@20': 0.4228}
{'ndcg@5': 0.4557, 'ndcg@10': 0.5074, 'ndcg@20': 0.5362}
3
{'recall@5': 0.5985, 'recall@10': 0.7622, 'recall@20': 0.8793}
{'mrr@5': 0.3523, 'mrr@10': 0.3745, 'mrr@20': 0.3827}
{'ndcg@5': 0.4134, 'ndcg@10': 0.4667, 'ndcg@20': 0.4964}
0
{'recall@5': 0.6899, 'recall@10': 0.8295, 'recall@20': 0.9031}
{'mrr@5': 0.4612, 'mrr@10': 0.4795, 'mrr@20': 0.4848}
{'ndcg@5': 0.5184, 'ndcg@10': 0.5633, 'ndcg@20': 0.5821}
1
{'recall@5': 0.6839, 'recall@10': 0.8267, 'recall@20': 0.9225}
{'mrr@5': 0.43, 'mrr@10': 0.4489, 'mrr@20': 0.4558}
{'ndcg@5': 0.4933, 'ndcg@10': 0.5394, 'ndcg@20': 0.5639}
2
{'recall@5': 0.6339, 'recall@10': 0.8112, 'recall@20': 0.9152}
{'mrr@5': 0.3756, 'mrr@10': 0.3997, 'mrr@20': 0.4071}
{'ndcg@5': 0.4399, 'ndcg@10': 0.4977, 'ndcg@20': 0.5242}
3
{'recall@5': 0.597, 'recall@10': 0.7603, 'recall@20': 0.8812}
{'mrr@5': 0.3522, 'mrr@10': 0.3745, 'mrr@20': 0.3831}
{'ndcg@5': 0.4129, 'ndcg@10': 0.4663, 'ndcg@20': 0.4971}
0
{'recall@5': 0.686, 'recall@10': 0.8411, 'recall@20': 0.9031}
{'mrr@5': 0.4868, 'mrr@10': 0.5073, 'mrr@20': 0.5117}
{'ndcg@5': 0.5364, 'ndcg@10': 0.5864, 'ndcg@20': 0.6023}
1
{'recall@5': 0.6945, 'recall@10': 0.8237, 'recall@20': 0.9301}
{'mrr@5': 0.4278, 'mrr@10': 0.4448, 'mrr@20': 0.4528}
{'ndcg@5': 0.4942, 'ndcg@10': 0.5358, 'ndcg@20': 0.5633}
2
{'recall@5': 0.6474, 'recall@10': 0.815, 'recall@20': 0.9249}
{'mrr@5': 0.3859, 'mrr@10': 0.408, 'mrr@20': 0.4158}
{'ndcg@5': 0.4511, 'ndcg@10': 0.5051, 'ndcg@20': 0.5331}
3
{'recall@5': 0.6069, 'recall@10': 0.7637, 'recall@20': 0.881}
{'mrr@5': 0.3537, 'mrr@10': 0.3753, 'mrr@20': 0.3835}
{'ndcg@5': 0.4165, 'ndcg@10': 0.4678, 'ndcg@20': 0.4976}
0
{'recall@5': 0.6705, 'recall@10': 0.8101, 'recall@20': 0.8953}
{'mrr@5': 0.4296, 'mrr@10': 0.4485, 'mrr@20': 0.4547}
{'ndcg@5': 0.4893, 'ndcg@10': 0.5347, 'ndcg@20': 0.5565}
1
{'recall@5': 0.6702, 'recall@10': 0.7964, 'recall@20': 0.8967}
{'mrr@5': 0.4221, 'mrr@10': 0.4384, 'mrr@20': 0.4456}
{'ndcg@5': 0.4838, 'ndcg@10': 0.5241, 'ndcg@20': 0.5497}
2
{'recall@5': 0.6185, 'recall@10': 0.7726, 'recall@20': 0.8767}
{'mrr@5': 0.3459, 'mrr@10': 0.3664, 'mrr@20': 0.3739}
{'ndcg@5': 0.4132, 'ndcg@10': 0.463, 'ndcg@20': 0.4896}
3
{'recall@5': 0.5716, 'recall@10': 0.7544, 'recall@20': 0.8799}
{'mrr@5': 0.3294, 'mrr@10': 0.354, 'mrr@20': 0.3629}
{'ndcg@5': 0.3894, 'ndcg@10': 0.4488, 'ndcg@20': 0.4807}
