0
{'recall@5': 0.556, 'recall@10': 0.7584, 'recall@20': 0.9446}
{'mrr@5': 0.3331, 'mrr@10': 0.3598, 'mrr@20': 0.3731}
{'ndcg@5': 0.3883, 'ndcg@10': 0.4534, 'ndcg@20': 0.5009}
1
{'recall@5': 0.5136, 'recall@10': 0.7472, 'recall@20': 0.9486}
{'mrr@5': 0.2939, 'mrr@10': 0.3242, 'mrr@20': 0.3382}
{'ndcg@5': 0.3482, 'ndcg@10': 0.4229, 'ndcg@20': 0.4737}
2
{'recall@5': 0.5553, 'recall@10': 0.8038, 'recall@20': 0.9624}
{'mrr@5': 0.3182, 'mrr@10': 0.3513, 'mrr@20': 0.3623}
{'ndcg@5': 0.3766, 'ndcg@10': 0.457, 'ndcg@20': 0.4971}
3
{'recall@5': 0.5383, 'recall@10': 0.7745, 'recall@20': 0.9617}
{'mrr@5': 0.2861, 'mrr@10': 0.3166, 'mrr@20': 0.33}
{'ndcg@5': 0.348, 'ndcg@10': 0.4233, 'ndcg@20': 0.4712}
0
{'recall@5': 0.5555, 'recall@10': 0.763, 'recall@20': 0.9464}
{'mrr@5': 0.3323, 'mrr@10': 0.3598, 'mrr@20': 0.3729}
{'ndcg@5': 0.3875, 'ndcg@10': 0.4544, 'ndcg@20': 0.5013}
1
{'recall@5': 0.5307, 'recall@10': 0.7362, 'recall@20': 0.9547}
{'mrr@5': 0.2977, 'mrr@10': 0.3253, 'mrr@20': 0.3409}
{'ndcg@5': 0.3553, 'ndcg@10': 0.4219, 'ndcg@20': 0.4778}
2
{'recall@5': 0.5678, 'recall@10': 0.7891, 'recall@20': 0.9645}
{'mrr@5': 0.338, 'mrr@10': 0.3674, 'mrr@20': 0.3799}
{'ndcg@5': 0.3949, 'ndcg@10': 0.4663, 'ndcg@20': 0.511}
3
{'recall@5': 0.5234, 'recall@10': 0.7596, 'recall@20': 0.9596}
{'mrr@5': 0.2954, 'mrr@10': 0.3267, 'mrr@20': 0.3415}
{'ndcg@5': 0.3519, 'ndcg@10': 0.428, 'ndcg@20': 0.4798}
0
{'recall@5': 0.5614, 'recall@10': 0.7616, 'recall@20': 0.9458}
{'mrr@5': 0.3361, 'mrr@10': 0.3627, 'mrr@20': 0.3759}
{'ndcg@5': 0.3919, 'ndcg@10': 0.4565, 'ndcg@20': 0.5037}
1
{'recall@5': 0.5277, 'recall@10': 0.7492, 'recall@20': 0.9426}
{'mrr@5': 0.3103, 'mrr@10': 0.339, 'mrr@20': 0.3527}
{'ndcg@5': 0.3639, 'ndcg@10': 0.4347, 'ndcg@20': 0.484}
2
{'recall@5': 0.5428, 'recall@10': 0.7891, 'recall@20': 0.9582}
{'mrr@5': 0.3145, 'mrr@10': 0.3474, 'mrr@20': 0.3595}
{'ndcg@5': 0.3708, 'ndcg@10': 0.4504, 'ndcg@20': 0.4937}
3
{'recall@5': 0.5106, 'recall@10': 0.7617, 'recall@20': 0.966}
{'mrr@5': 0.27, 'mrr@10': 0.3034, 'mrr@20': 0.3183}
{'ndcg@5': 0.3296, 'ndcg@10': 0.4107, 'ndcg@20': 0.4633}
0
{'recall@5': 0.5664, 'recall@10': 0.7645, 'recall@20': 0.947}
{'mrr@5': 0.34, 'mrr@10': 0.3663, 'mrr@20': 0.3794}
{'ndcg@5': 0.396, 'ndcg@10': 0.4599, 'ndcg@20': 0.5066}
1
{'recall@5': 0.5287, 'recall@10': 0.7422, 'recall@20': 0.9527}
{'mrr@5': 0.3031, 'mrr@10': 0.3312, 'mrr@20': 0.3462}
{'ndcg@5': 0.3589, 'ndcg@10': 0.4276, 'ndcg@20': 0.4812}
2
{'recall@5': 0.547, 'recall@10': 0.7975, 'recall@20': 0.9645}
{'mrr@5': 0.3183, 'mrr@10': 0.353, 'mrr@20': 0.3651}
{'ndcg@5': 0.3746, 'ndcg@10': 0.4568, 'ndcg@20': 0.4996}
3
{'recall@5': 0.534, 'recall@10': 0.7511, 'recall@20': 0.9574}
{'mrr@5': 0.2938, 'mrr@10': 0.323, 'mrr@20': 0.3383}
{'ndcg@5': 0.3532, 'ndcg@10': 0.4237, 'ndcg@20': 0.4772}
0
{'recall@5': 0.5682, 'recall@10': 0.7687, 'recall@20': 0.9485}
{'mrr@5': 0.3419, 'mrr@10': 0.3686, 'mrr@20': 0.3815}
{'ndcg@5': 0.398, 'ndcg@10': 0.4628, 'ndcg@20': 0.5087}
1
{'recall@5': 0.5317, 'recall@10': 0.7412, 'recall@20': 0.9587}
{'mrr@5': 0.3064, 'mrr@10': 0.3332, 'mrr@20': 0.3483}
{'ndcg@5': 0.3619, 'ndcg@10': 0.4285, 'ndcg@20': 0.4835}
2
{'recall@5': 0.547, 'recall@10': 0.7871, 'recall@20': 0.9624}
{'mrr@5': 0.3332, 'mrr@10': 0.366, 'mrr@20': 0.3786}
{'ndcg@5': 0.3863, 'ndcg@10': 0.4646, 'ndcg@20': 0.5095}
3
{'recall@5': 0.5255, 'recall@10': 0.783, 'recall@20': 0.9617}
{'mrr@5': 0.2973, 'mrr@10': 0.331, 'mrr@20': 0.3438}
{'ndcg@5': 0.3538, 'ndcg@10': 0.4364, 'ndcg@20': 0.4821}
0
{'recall@5': 0.5698, 'recall@10': 0.7705, 'recall@20': 0.9503}
{'mrr@5': 0.3463, 'mrr@10': 0.3731, 'mrr@20': 0.386}
{'ndcg@5': 0.4017, 'ndcg@10': 0.4665, 'ndcg@20': 0.5126}
1
{'recall@5': 0.5156, 'recall@10': 0.7492, 'recall@20': 0.9597}
{'mrr@5': 0.2968, 'mrr@10': 0.3278, 'mrr@20': 0.3427}
{'ndcg@5': 0.3509, 'ndcg@10': 0.4263, 'ndcg@20': 0.4799}
2
{'recall@5': 0.5595, 'recall@10': 0.7954, 'recall@20': 0.9645}
{'mrr@5': 0.3385, 'mrr@10': 0.3699, 'mrr@20': 0.3818}
{'ndcg@5': 0.3934, 'ndcg@10': 0.4697, 'ndcg@20': 0.5125}
3
{'recall@5': 0.5404, 'recall@10': 0.7702, 'recall@20': 0.9617}
{'mrr@5': 0.302, 'mrr@10': 0.3326, 'mrr@20': 0.3463}
{'ndcg@5': 0.3606, 'ndcg@10': 0.4349, 'ndcg@20': 0.4839}
0
{'recall@5': 0.5775, 'recall@10': 0.7742, 'recall@20': 0.9491}
{'mrr@5': 0.3463, 'mrr@10': 0.3724, 'mrr@20': 0.385}
{'ndcg@5': 0.4036, 'ndcg@10': 0.467, 'ndcg@20': 0.5118}
1
{'recall@5': 0.5227, 'recall@10': 0.7613, 'recall@20': 0.9607}
{'mrr@5': 0.3071, 'mrr@10': 0.3393, 'mrr@20': 0.3534}
{'ndcg@5': 0.3604, 'ndcg@10': 0.438, 'ndcg@20': 0.4887}
2
{'recall@5': 0.5866, 'recall@10': 0.8017, 'recall@20': 0.9645}
{'mrr@5': 0.3505, 'mrr@10': 0.3788, 'mrr@20': 0.3907}
{'ndcg@5': 0.4088, 'ndcg@10': 0.478, 'ndcg@20': 0.5199}
3
{'recall@5': 0.5319, 'recall@10': 0.766, 'recall@20': 0.9617}
{'mrr@5': 0.3003, 'mrr@10': 0.3304, 'mrr@20': 0.3446}
{'ndcg@5': 0.3577, 'ndcg@10': 0.4322, 'ndcg@20': 0.4824}
0
{'recall@5': 0.5765, 'recall@10': 0.7795, 'recall@20': 0.952}
{'mrr@5': 0.3492, 'mrr@10': 0.3763, 'mrr@20': 0.3887}
{'ndcg@5': 0.4055, 'ndcg@10': 0.4711, 'ndcg@20': 0.5153}
1
{'recall@5': 0.5176, 'recall@10': 0.7422, 'recall@20': 0.9567}
{'mrr@5': 0.2959, 'mrr@10': 0.3256, 'mrr@20': 0.341}
{'ndcg@5': 0.3505, 'ndcg@10': 0.4228, 'ndcg@20': 0.4777}
2
{'recall@5': 0.5616, 'recall@10': 0.81, 'recall@20': 0.9666}
{'mrr@5': 0.3282, 'mrr@10': 0.3614, 'mrr@20': 0.3727}
{'ndcg@5': 0.386, 'ndcg@10': 0.4663, 'ndcg@20': 0.5064}
3
{'recall@5': 0.5362, 'recall@10': 0.783, 'recall@20': 0.9532}
{'mrr@5': 0.2981, 'mrr@10': 0.331, 'mrr@20': 0.3436}
{'ndcg@5': 0.3563, 'ndcg@10': 0.4361, 'ndcg@20': 0.4801}
0
{'recall@5': 0.5811, 'recall@10': 0.7801, 'recall@20': 0.9539}
{'mrr@5': 0.3543, 'mrr@10': 0.3807, 'mrr@20': 0.3932}
{'ndcg@5': 0.4105, 'ndcg@10': 0.4747, 'ndcg@20': 0.5192}
1
{'recall@5': 0.5196, 'recall@10': 0.7543, 'recall@20': 0.9658}
{'mrr@5': 0.2979, 'mrr@10': 0.3288, 'mrr@20': 0.3441}
{'ndcg@5': 0.3527, 'ndcg@10': 0.4282, 'ndcg@20': 0.4824}
2
{'recall@5': 0.547, 'recall@10': 0.8017, 'recall@20': 0.9729}
{'mrr@5': 0.322, 'mrr@10': 0.3565, 'mrr@20': 0.3693}
{'ndcg@5': 0.3777, 'ndcg@10': 0.4606, 'ndcg@20': 0.5049}
3
{'recall@5': 0.5106, 'recall@10': 0.7681, 'recall@20': 0.9596}
{'mrr@5': 0.2888, 'mrr@10': 0.3237, 'mrr@20': 0.3376}
{'ndcg@5': 0.3435, 'ndcg@10': 0.4273, 'ndcg@20': 0.4765}
0
{'recall@5': 0.5849, 'recall@10': 0.7848, 'recall@20': 0.9539}
{'mrr@5': 0.3545, 'mrr@10': 0.3812, 'mrr@20': 0.3934}
{'ndcg@5': 0.4116, 'ndcg@10': 0.4762, 'ndcg@20': 0.5196}
1
{'recall@5': 0.5237, 'recall@10': 0.7573, 'recall@20': 0.9577}
{'mrr@5': 0.3114, 'mrr@10': 0.3426, 'mrr@20': 0.3568}
{'ndcg@5': 0.3637, 'ndcg@10': 0.4393, 'ndcg@20': 0.4903}
2
{'recall@5': 0.5637, 'recall@10': 0.8079, 'recall@20': 0.9729}
{'mrr@5': 0.3317, 'mrr@10': 0.3642, 'mrr@20': 0.3757}
{'ndcg@5': 0.389, 'ndcg@10': 0.468, 'ndcg@20': 0.5098}
3
{'recall@5': 0.5468, 'recall@10': 0.7787, 'recall@20': 0.9617}
{'mrr@5': 0.3021, 'mrr@10': 0.3338, 'mrr@20': 0.347}
{'ndcg@5': 0.3625, 'ndcg@10': 0.4383, 'ndcg@20': 0.4852}
0
{'recall@5': 0.5891, 'recall@10': 0.7913, 'recall@20': 0.9535}
{'mrr@5': 0.3602, 'mrr@10': 0.3871, 'mrr@20': 0.3988}
{'ndcg@5': 0.4169, 'ndcg@10': 0.4822, 'ndcg@20': 0.5238}
1
{'recall@5': 0.5257, 'recall@10': 0.7573, 'recall@20': 0.9567}
{'mrr@5': 0.3131, 'mrr@10': 0.3445, 'mrr@20': 0.3589}
{'ndcg@5': 0.3656, 'ndcg@10': 0.4409, 'ndcg@20': 0.4921}
2
{'recall@5': 0.5532, 'recall@10': 0.7933, 'recall@20': 0.9791}
{'mrr@5': 0.3326, 'mrr@10': 0.3643, 'mrr@20': 0.3776}
{'ndcg@5': 0.3871, 'ndcg@10': 0.4644, 'ndcg@20': 0.5119}
3
{'recall@5': 0.5362, 'recall@10': 0.7574, 'recall@20': 0.9511}
{'mrr@5': 0.308, 'mrr@10': 0.3378, 'mrr@20': 0.3522}
{'ndcg@5': 0.3643, 'ndcg@10': 0.4361, 'ndcg@20': 0.4863}
0
{'recall@5': 0.5959, 'recall@10': 0.7895, 'recall@20': 0.9551}
{'mrr@5': 0.3632, 'mrr@10': 0.3889, 'mrr@20': 0.4009}
{'ndcg@5': 0.4208, 'ndcg@10': 0.4834, 'ndcg@20': 0.5259}
1
{'recall@5': 0.5569, 'recall@10': 0.7623, 'recall@20': 0.9607}
{'mrr@5': 0.3177, 'mrr@10': 0.3449, 'mrr@20': 0.3594}
{'ndcg@5': 0.3768, 'ndcg@10': 0.4429, 'ndcg@20': 0.4941}
2
{'recall@5': 0.5762, 'recall@10': 0.8121, 'recall@20': 0.9645}
{'mrr@5': 0.3334, 'mrr@10': 0.3649, 'mrr@20': 0.3758}
{'ndcg@5': 0.3934, 'ndcg@10': 0.4696, 'ndcg@20': 0.5086}
3
{'recall@5': 0.5553, 'recall@10': 0.7851, 'recall@20': 0.9702}
{'mrr@5': 0.2997, 'mrr@10': 0.3305, 'mrr@20': 0.344}
{'ndcg@5': 0.3631, 'ndcg@10': 0.4375, 'ndcg@20': 0.4852}
0
{'recall@5': 0.5997, 'recall@10': 0.7951, 'recall@20': 0.9552}
{'mrr@5': 0.3659, 'mrr@10': 0.3918, 'mrr@20': 0.4034}
{'ndcg@5': 0.4238, 'ndcg@10': 0.4869, 'ndcg@20': 0.5279}
1
{'recall@5': 0.5418, 'recall@10': 0.7633, 'recall@20': 0.9597}
{'mrr@5': 0.3175, 'mrr@10': 0.3469, 'mrr@20': 0.3612}
{'ndcg@5': 0.3726, 'ndcg@10': 0.4442, 'ndcg@20': 0.4947}
2
{'recall@5': 0.5532, 'recall@10': 0.8225, 'recall@20': 0.9687}
{'mrr@5': 0.348, 'mrr@10': 0.3842, 'mrr@20': 0.3947}
{'ndcg@5': 0.3989, 'ndcg@10': 0.4862, 'ndcg@20': 0.5237}
3
{'recall@5': 0.5298, 'recall@10': 0.8128, 'recall@20': 0.9574}
{'mrr@5': 0.3005, 'mrr@10': 0.3381, 'mrr@20': 0.3487}
{'ndcg@5': 0.3568, 'ndcg@10': 0.4481, 'ndcg@20': 0.4854}
0
{'recall@5': 0.6032, 'recall@10': 0.7981, 'recall@20': 0.9574}
{'mrr@5': 0.3702, 'mrr@10': 0.3961, 'mrr@20': 0.4076}
{'ndcg@5': 0.4279, 'ndcg@10': 0.4909, 'ndcg@20': 0.5317}
1
{'recall@5': 0.5569, 'recall@10': 0.7674, 'recall@20': 0.9597}
{'mrr@5': 0.3194, 'mrr@10': 0.3476, 'mrr@20': 0.3614}
{'ndcg@5': 0.3781, 'ndcg@10': 0.4462, 'ndcg@20': 0.4955}
2
{'recall@5': 0.5741, 'recall@10': 0.8038, 'recall@20': 0.9645}
{'mrr@5': 0.3447, 'mrr@10': 0.3754, 'mrr@20': 0.3866}
{'ndcg@5': 0.4014, 'ndcg@10': 0.4757, 'ndcg@20': 0.5164}
3
{'recall@5': 0.5468, 'recall@10': 0.7872, 'recall@20': 0.966}
{'mrr@5': 0.3078, 'mrr@10': 0.3397, 'mrr@20': 0.3533}
{'ndcg@5': 0.367, 'ndcg@10': 0.4445, 'ndcg@20': 0.4912}
0
{'recall@5': 0.6053, 'recall@10': 0.7979, 'recall@20': 0.9571}
{'mrr@5': 0.3718, 'mrr@10': 0.3975, 'mrr@20': 0.409}
{'ndcg@5': 0.4297, 'ndcg@10': 0.4919, 'ndcg@20': 0.5328}
1
{'recall@5': 0.5378, 'recall@10': 0.7684, 'recall@20': 0.9597}
{'mrr@5': 0.3169, 'mrr@10': 0.3471, 'mrr@20': 0.3608}
{'ndcg@5': 0.3717, 'ndcg@10': 0.4457, 'ndcg@20': 0.4946}
2
{'recall@5': 0.5616, 'recall@10': 0.7975, 'recall@20': 0.9729}
{'mrr@5': 0.3402, 'mrr@10': 0.3718, 'mrr@20': 0.3845}
{'ndcg@5': 0.3951, 'ndcg@10': 0.4715, 'ndcg@20': 0.5165}
3
{'recall@5': 0.5638, 'recall@10': 0.7936, 'recall@20': 0.9723}
{'mrr@5': 0.3198, 'mrr@10': 0.3494, 'mrr@20': 0.3627}
{'ndcg@5': 0.3802, 'ndcg@10': 0.4533, 'ndcg@20': 0.4997}
0
{'recall@5': 0.6097, 'recall@10': 0.8043, 'recall@20': 0.9575}
{'mrr@5': 0.3767, 'mrr@10': 0.4027, 'mrr@20': 0.4139}
{'ndcg@5': 0.4344, 'ndcg@10': 0.4975, 'ndcg@20': 0.5368}
1
{'recall@5': 0.5589, 'recall@10': 0.7764, 'recall@20': 0.9607}
{'mrr@5': 0.3159, 'mrr@10': 0.3452, 'mrr@20': 0.3585}
{'ndcg@5': 0.376, 'ndcg@10': 0.4465, 'ndcg@20': 0.4938}
2
{'recall@5': 0.5929, 'recall@10': 0.7954, 'recall@20': 0.9729}
{'mrr@5': 0.3478, 'mrr@10': 0.3743, 'mrr@20': 0.387}
{'ndcg@5': 0.4082, 'ndcg@10': 0.4732, 'ndcg@20': 0.5186}
3
{'recall@5': 0.5702, 'recall@10': 0.8043, 'recall@20': 0.9574}
{'mrr@5': 0.3076, 'mrr@10': 0.3393, 'mrr@20': 0.3504}
{'ndcg@5': 0.3723, 'ndcg@10': 0.4485, 'ndcg@20': 0.4878}
0
{'recall@5': 0.6143, 'recall@10': 0.8071, 'recall@20': 0.9578}
{'mrr@5': 0.3782, 'mrr@10': 0.4039, 'mrr@20': 0.4149}
{'ndcg@5': 0.4367, 'ndcg@10': 0.499, 'ndcg@20': 0.5377}
1
{'recall@5': 0.5438, 'recall@10': 0.7754, 'recall@20': 0.9688}
{'mrr@5': 0.3106, 'mrr@10': 0.3413, 'mrr@20': 0.3554}
{'ndcg@5': 0.3683, 'ndcg@10': 0.4429, 'ndcg@20': 0.4927}
2
{'recall@5': 0.5887, 'recall@10': 0.8058, 'recall@20': 0.9854}
{'mrr@5': 0.3538, 'mrr@10': 0.3834, 'mrr@20': 0.3962}
{'ndcg@5': 0.4122, 'ndcg@10': 0.483, 'ndcg@20': 0.5288}
3
{'recall@5': 0.566, 'recall@10': 0.8064, 'recall@20': 0.9617}
{'mrr@5': 0.3098, 'mrr@10': 0.3426, 'mrr@20': 0.3536}
{'ndcg@5': 0.3733, 'ndcg@10': 0.4517, 'ndcg@20': 0.4913}
0
{'recall@5': 0.6159, 'recall@10': 0.8075, 'recall@20': 0.9579}
{'mrr@5': 0.3796, 'mrr@10': 0.4051, 'mrr@20': 0.416}
{'ndcg@5': 0.4382, 'ndcg@10': 0.5, 'ndcg@20': 0.5386}
1
{'recall@5': 0.5609, 'recall@10': 0.7875, 'recall@20': 0.9617}
{'mrr@5': 0.333, 'mrr@10': 0.3627, 'mrr@20': 0.3754}
{'ndcg@5': 0.3895, 'ndcg@10': 0.4623, 'ndcg@20': 0.5071}
2
{'recall@5': 0.5846, 'recall@10': 0.8205, 'recall@20': 0.9749}
{'mrr@5': 0.343, 'mrr@10': 0.3745, 'mrr@20': 0.3857}
{'ndcg@5': 0.4028, 'ndcg@10': 0.4792, 'ndcg@20': 0.5188}
3
{'recall@5': 0.5766, 'recall@10': 0.8, 'recall@20': 0.9681}
{'mrr@5': 0.3189, 'mrr@10': 0.3484, 'mrr@20': 0.3605}
{'ndcg@5': 0.3827, 'ndcg@10': 0.4547, 'ndcg@20': 0.4977}
0
{'recall@5': 0.6199, 'recall@10': 0.8096, 'recall@20': 0.9579}
{'mrr@5': 0.3832, 'mrr@10': 0.4086, 'mrr@20': 0.4193}
{'ndcg@5': 0.4419, 'ndcg@10': 0.5033, 'ndcg@20': 0.5413}
1
{'recall@5': 0.5408, 'recall@10': 0.7784, 'recall@20': 0.9668}
{'mrr@5': 0.3219, 'mrr@10': 0.3542, 'mrr@20': 0.3682}
{'ndcg@5': 0.376, 'ndcg@10': 0.4535, 'ndcg@20': 0.5022}
2
{'recall@5': 0.6096, 'recall@10': 0.8205, 'recall@20': 0.977}
{'mrr@5': 0.3667, 'mrr@10': 0.395, 'mrr@20': 0.4064}
{'ndcg@5': 0.427, 'ndcg@10': 0.4953, 'ndcg@20': 0.5356}
3
{'recall@5': 0.5745, 'recall@10': 0.7957, 'recall@20': 0.9787}
{'mrr@5': 0.312, 'mrr@10': 0.3418, 'mrr@20': 0.3551}
{'ndcg@5': 0.3767, 'ndcg@10': 0.4485, 'ndcg@20': 0.4956}
0
{'recall@5': 0.6252, 'recall@10': 0.8137, 'recall@20': 0.9588}
{'mrr@5': 0.3872, 'mrr@10': 0.4125, 'mrr@20': 0.423}
{'ndcg@5': 0.4462, 'ndcg@10': 0.5073, 'ndcg@20': 0.5445}
1
{'recall@5': 0.5811, 'recall@10': 0.7956, 'recall@20': 0.9597}
{'mrr@5': 0.3329, 'mrr@10': 0.3611, 'mrr@20': 0.3731}
{'ndcg@5': 0.394, 'ndcg@10': 0.463, 'ndcg@20': 0.5052}
2
{'recall@5': 0.5929, 'recall@10': 0.8184, 'recall@20': 0.9729}
{'mrr@5': 0.359, 'mrr@10': 0.3885, 'mrr@20': 0.3995}
{'ndcg@5': 0.4169, 'ndcg@10': 0.4891, 'ndcg@20': 0.5286}
3
{'recall@5': 0.566, 'recall@10': 0.8191, 'recall@20': 0.966}
{'mrr@5': 0.339, 'mrr@10': 0.3729, 'mrr@20': 0.3839}
{'ndcg@5': 0.3947, 'ndcg@10': 0.4767, 'ndcg@20': 0.5148}
0
{'recall@5': 0.624, 'recall@10': 0.8152, 'recall@20': 0.9569}
{'mrr@5': 0.3914, 'mrr@10': 0.417, 'mrr@20': 0.4273}
{'ndcg@5': 0.4491, 'ndcg@10': 0.511, 'ndcg@20': 0.5475}
1
{'recall@5': 0.569, 'recall@10': 0.7855, 'recall@20': 0.9728}
{'mrr@5': 0.3395, 'mrr@10': 0.3679, 'mrr@20': 0.3816}
{'ndcg@5': 0.3966, 'ndcg@10': 0.4661, 'ndcg@20': 0.5143}
2
{'recall@5': 0.5992, 'recall@10': 0.8184, 'recall@20': 0.9749}
{'mrr@5': 0.3531, 'mrr@10': 0.3828, 'mrr@20': 0.3941}
{'ndcg@5': 0.4139, 'ndcg@10': 0.4853, 'ndcg@20': 0.5254}
3
{'recall@5': 0.5894, 'recall@10': 0.7957, 'recall@20': 0.9766}
{'mrr@5': 0.3362, 'mrr@10': 0.3642, 'mrr@20': 0.3774}
{'ndcg@5': 0.3986, 'ndcg@10': 0.4658, 'ndcg@20': 0.5123}
0
{'recall@5': 0.6274, 'recall@10': 0.8168, 'recall@20': 0.9575}
{'mrr@5': 0.3948, 'mrr@10': 0.4202, 'mrr@20': 0.4305}
{'ndcg@5': 0.4525, 'ndcg@10': 0.5139, 'ndcg@20': 0.55}
1
{'recall@5': 0.577, 'recall@10': 0.7915, 'recall@20': 0.9658}
{'mrr@5': 0.3538, 'mrr@10': 0.382, 'mrr@20': 0.3945}
{'ndcg@5': 0.4091, 'ndcg@10': 0.478, 'ndcg@20': 0.5226}
2
{'recall@5': 0.62, 'recall@10': 0.8205, 'recall@20': 0.9708}
{'mrr@5': 0.361, 'mrr@10': 0.3881, 'mrr@20': 0.3991}
{'ndcg@5': 0.4254, 'ndcg@10': 0.4906, 'ndcg@20': 0.5292}
3
{'recall@5': 0.6021, 'recall@10': 0.8234, 'recall@20': 0.9745}
{'mrr@5': 0.3264, 'mrr@10': 0.3551, 'mrr@20': 0.3658}
{'ndcg@5': 0.3944, 'ndcg@10': 0.4652, 'ndcg@20': 0.5036}
0
{'recall@5': 0.6311, 'recall@10': 0.8222, 'recall@20': 0.959}
{'mrr@5': 0.3926, 'mrr@10': 0.418, 'mrr@20': 0.4279}
{'ndcg@5': 0.4518, 'ndcg@10': 0.5135, 'ndcg@20': 0.5486}
1
{'recall@5': 0.574, 'recall@10': 0.7825, 'recall@20': 0.9617}
{'mrr@5': 0.3368, 'mrr@10': 0.3643, 'mrr@20': 0.3772}
{'ndcg@5': 0.3953, 'ndcg@10': 0.4624, 'ndcg@20': 0.5083}
2
{'recall@5': 0.6284, 'recall@10': 0.8184, 'recall@20': 0.9812}
{'mrr@5': 0.3595, 'mrr@10': 0.3853, 'mrr@20': 0.397}
{'ndcg@5': 0.4261, 'ndcg@10': 0.4879, 'ndcg@20': 0.5295}
3
{'recall@5': 0.5787, 'recall@10': 0.7936, 'recall@20': 0.9723}
{'mrr@5': 0.3159, 'mrr@10': 0.3456, 'mrr@20': 0.3587}
{'ndcg@5': 0.3809, 'ndcg@10': 0.4514, 'ndcg@20': 0.4975}
0
{'recall@5': 0.6353, 'recall@10': 0.8221, 'recall@20': 0.9581}
{'mrr@5': 0.3969, 'mrr@10': 0.4218, 'mrr@20': 0.4317}
{'ndcg@5': 0.456, 'ndcg@10': 0.5165, 'ndcg@20': 0.5514}
1
{'recall@5': 0.5831, 'recall@10': 0.7875, 'recall@20': 0.9637}
{'mrr@5': 0.3527, 'mrr@10': 0.3797, 'mrr@20': 0.3927}
{'ndcg@5': 0.4095, 'ndcg@10': 0.4753, 'ndcg@20': 0.5209}
2
{'recall@5': 0.5783, 'recall@10': 0.8121, 'recall@20': 0.9729}
{'mrr@5': 0.3639, 'mrr@10': 0.3954, 'mrr@20': 0.4071}
{'ndcg@5': 0.4171, 'ndcg@10': 0.493, 'ndcg@20': 0.5343}
3
{'recall@5': 0.566, 'recall@10': 0.834, 'recall@20': 0.9702}
{'mrr@5': 0.3356, 'mrr@10': 0.3714, 'mrr@20': 0.3812}
{'ndcg@5': 0.3926, 'ndcg@10': 0.4792, 'ndcg@20': 0.5141}
0
{'recall@5': 0.6354, 'recall@10': 0.8222, 'recall@20': 0.957}
{'mrr@5': 0.3994, 'mrr@10': 0.4244, 'mrr@20': 0.4343}
{'ndcg@5': 0.458, 'ndcg@10': 0.5185, 'ndcg@20': 0.5532}
1
{'recall@5': 0.5811, 'recall@10': 0.7946, 'recall@20': 0.9648}
{'mrr@5': 0.3541, 'mrr@10': 0.3822, 'mrr@20': 0.3948}
{'ndcg@5': 0.4102, 'ndcg@10': 0.4788, 'ndcg@20': 0.5229}
2
{'recall@5': 0.595, 'recall@10': 0.8497, 'recall@20': 0.9749}
{'mrr@5': 0.3597, 'mrr@10': 0.3935, 'mrr@20': 0.4023}
{'ndcg@5': 0.418, 'ndcg@10': 0.5002, 'ndcg@20': 0.532}
3
{'recall@5': 0.6064, 'recall@10': 0.8128, 'recall@20': 0.9681}
{'mrr@5': 0.3285, 'mrr@10': 0.3563, 'mrr@20': 0.3674}
{'ndcg@5': 0.3971, 'ndcg@10': 0.4641, 'ndcg@20': 0.5038}
0
{'recall@5': 0.6387, 'recall@10': 0.8249, 'recall@20': 0.9584}
{'mrr@5': 0.4028, 'mrr@10': 0.4278, 'mrr@20': 0.4375}
{'ndcg@5': 0.4613, 'ndcg@10': 0.5217, 'ndcg@20': 0.556}
1
{'recall@5': 0.5921, 'recall@10': 0.7895, 'recall@20': 0.9577}
{'mrr@5': 0.3507, 'mrr@10': 0.3766, 'mrr@20': 0.3889}
{'ndcg@5': 0.4105, 'ndcg@10': 0.4738, 'ndcg@20': 0.5171}
2
{'recall@5': 0.6054, 'recall@10': 0.8413, 'recall@20': 0.9854}
{'mrr@5': 0.3831, 'mrr@10': 0.4146, 'mrr@20': 0.425}
{'ndcg@5': 0.4384, 'ndcg@10': 0.5147, 'ndcg@20': 0.5516}
3
{'recall@5': 0.6064, 'recall@10': 0.8191, 'recall@20': 0.9745}
{'mrr@5': 0.3312, 'mrr@10': 0.36, 'mrr@20': 0.3712}
{'ndcg@5': 0.399, 'ndcg@10': 0.4682, 'ndcg@20': 0.5079}
0
{'recall@5': 0.639, 'recall@10': 0.825, 'recall@20': 0.9586}
{'mrr@5': 0.4034, 'mrr@10': 0.4285, 'mrr@20': 0.4382}
{'ndcg@5': 0.4619, 'ndcg@10': 0.5223, 'ndcg@20': 0.5567}
1
{'recall@5': 0.5861, 'recall@10': 0.7936, 'recall@20': 0.9637}
{'mrr@5': 0.3428, 'mrr@10': 0.3706, 'mrr@20': 0.383}
{'ndcg@5': 0.4031, 'ndcg@10': 0.4702, 'ndcg@20': 0.514}
2
{'recall@5': 0.6054, 'recall@10': 0.8288, 'recall@20': 0.9854}
{'mrr@5': 0.3685, 'mrr@10': 0.3985, 'mrr@20': 0.4098}
{'ndcg@5': 0.4271, 'ndcg@10': 0.4995, 'ndcg@20': 0.5397}
3
{'recall@5': 0.6149, 'recall@10': 0.8106, 'recall@20': 0.9766}
{'mrr@5': 0.3587, 'mrr@10': 0.3848, 'mrr@20': 0.397}
{'ndcg@5': 0.4221, 'ndcg@10': 0.4853, 'ndcg@20': 0.5281}
0
{'recall@5': 0.644, 'recall@10': 0.8284, 'recall@20': 0.9577}
{'mrr@5': 0.4063, 'mrr@10': 0.431, 'mrr@20': 0.4404}
{'ndcg@5': 0.4653, 'ndcg@10': 0.525, 'ndcg@20': 0.5582}
1
{'recall@5': 0.5911, 'recall@10': 0.8077, 'recall@20': 0.9648}
{'mrr@5': 0.3551, 'mrr@10': 0.3842, 'mrr@20': 0.3954}
{'ndcg@5': 0.4135, 'ndcg@10': 0.4837, 'ndcg@20': 0.5239}
2
{'recall@5': 0.6138, 'recall@10': 0.8392, 'recall@20': 0.9854}
{'mrr@5': 0.3568, 'mrr@10': 0.3866, 'mrr@20': 0.3972}
{'ndcg@5': 0.4207, 'ndcg@10': 0.4933, 'ndcg@20': 0.5308}
3
{'recall@5': 0.6043, 'recall@10': 0.8277, 'recall@20': 0.9745}
{'mrr@5': 0.3366, 'mrr@10': 0.3664, 'mrr@20': 0.3771}
{'ndcg@5': 0.4026, 'ndcg@10': 0.4748, 'ndcg@20': 0.5126}
0
{'recall@5': 0.6438, 'recall@10': 0.8296, 'recall@20': 0.958}
{'mrr@5': 0.4082, 'mrr@10': 0.4332, 'mrr@20': 0.4425}
{'ndcg@5': 0.4667, 'ndcg@10': 0.5269, 'ndcg@20': 0.5599}
1
{'recall@5': 0.5901, 'recall@10': 0.8127, 'recall@20': 0.9587}
{'mrr@5': 0.3519, 'mrr@10': 0.3816, 'mrr@20': 0.3923}
{'ndcg@5': 0.4107, 'ndcg@10': 0.4826, 'ndcg@20': 0.5203}
2
{'recall@5': 0.6326, 'recall@10': 0.833, 'recall@20': 0.9812}
{'mrr@5': 0.3725, 'mrr@10': 0.399, 'mrr@20': 0.4101}
{'ndcg@5': 0.4369, 'ndcg@10': 0.5015, 'ndcg@20': 0.54}
3
{'recall@5': 0.5723, 'recall@10': 0.8298, 'recall@20': 0.9787}
{'mrr@5': 0.334, 'mrr@10': 0.3688, 'mrr@20': 0.3797}
{'ndcg@5': 0.393, 'ndcg@10': 0.4766, 'ndcg@20': 0.5151}
0
{'recall@5': 0.6426, 'recall@10': 0.8272, 'recall@20': 0.9571}
{'mrr@5': 0.4078, 'mrr@10': 0.4326, 'mrr@20': 0.4421}
{'ndcg@5': 0.4661, 'ndcg@10': 0.526, 'ndcg@20': 0.5594}
1
{'recall@5': 0.5982, 'recall@10': 0.8046, 'recall@20': 0.9668}
{'mrr@5': 0.3523, 'mrr@10': 0.3794, 'mrr@20': 0.3913}
{'ndcg@5': 0.4134, 'ndcg@10': 0.4797, 'ndcg@20': 0.5214}
2
{'recall@5': 0.6075, 'recall@10': 0.8246, 'recall@20': 0.9833}
{'mrr@5': 0.3719, 'mrr@10': 0.4007, 'mrr@20': 0.4125}
{'ndcg@5': 0.4304, 'ndcg@10': 0.5004, 'ndcg@20': 0.5416}
3
{'recall@5': 0.6, 'recall@10': 0.8043, 'recall@20': 0.9681}
{'mrr@5': 0.3504, 'mrr@10': 0.378, 'mrr@20': 0.3901}
{'ndcg@5': 0.412, 'ndcg@10': 0.4784, 'ndcg@20': 0.5207}
0
{'recall@5': 0.6483, 'recall@10': 0.8307, 'recall@20': 0.9578}
{'mrr@5': 0.4121, 'mrr@10': 0.4365, 'mrr@20': 0.4458}
{'ndcg@5': 0.4707, 'ndcg@10': 0.5298, 'ndcg@20': 0.5625}
1
{'recall@5': 0.5891, 'recall@10': 0.7996, 'recall@20': 0.9668}
{'mrr@5': 0.3594, 'mrr@10': 0.3874, 'mrr@20': 0.3998}
{'ndcg@5': 0.4163, 'ndcg@10': 0.4844, 'ndcg@20': 0.5276}
2
{'recall@5': 0.6242, 'recall@10': 0.8392, 'recall@20': 0.9791}
{'mrr@5': 0.3712, 'mrr@10': 0.4002, 'mrr@20': 0.4103}
{'ndcg@5': 0.4339, 'ndcg@10': 0.5037, 'ndcg@20': 0.5396}
3
{'recall@5': 0.6043, 'recall@10': 0.8319, 'recall@20': 0.983}
{'mrr@5': 0.3396, 'mrr@10': 0.3697, 'mrr@20': 0.3807}
{'ndcg@5': 0.4052, 'ndcg@10': 0.4785, 'ndcg@20': 0.5173}
0
{'recall@5': 0.6454, 'recall@10': 0.8288, 'recall@20': 0.9564}
{'mrr@5': 0.4091, 'mrr@10': 0.4337, 'mrr@20': 0.4431}
{'ndcg@5': 0.4678, 'ndcg@10': 0.5272, 'ndcg@20': 0.5601}
1
{'recall@5': 0.6143, 'recall@10': 0.7996, 'recall@20': 0.9648}
{'mrr@5': 0.3523, 'mrr@10': 0.3766, 'mrr@20': 0.3888}
{'ndcg@5': 0.4171, 'ndcg@10': 0.4766, 'ndcg@20': 0.5193}
2
{'recall@5': 0.6284, 'recall@10': 0.8559, 'recall@20': 0.9875}
{'mrr@5': 0.381, 'mrr@10': 0.4108, 'mrr@20': 0.4207}
{'ndcg@5': 0.4427, 'ndcg@10': 0.5157, 'ndcg@20': 0.5499}
3
{'recall@5': 0.5766, 'recall@10': 0.817, 'recall@20': 0.9766}
{'mrr@5': 0.3473, 'mrr@10': 0.3798, 'mrr@20': 0.3913}
{'ndcg@5': 0.4039, 'ndcg@10': 0.4821, 'ndcg@20': 0.5229}
0
{'recall@5': 0.6498, 'recall@10': 0.8341, 'recall@20': 0.9566}
{'mrr@5': 0.4145, 'mrr@10': 0.4393, 'mrr@20': 0.4483}
{'ndcg@5': 0.4729, 'ndcg@10': 0.5327, 'ndcg@20': 0.5642}
1
{'recall@5': 0.5982, 'recall@10': 0.8127, 'recall@20': 0.9678}
{'mrr@5': 0.3636, 'mrr@10': 0.3924, 'mrr@20': 0.4038}
{'ndcg@5': 0.4218, 'ndcg@10': 0.4913, 'ndcg@20': 0.5313}
2
{'recall@5': 0.6242, 'recall@10': 0.8476, 'recall@20': 0.9749}
{'mrr@5': 0.386, 'mrr@10': 0.4154, 'mrr@20': 0.4247}
{'ndcg@5': 0.445, 'ndcg@10': 0.5168, 'ndcg@20': 0.5495}
3
{'recall@5': 0.6021, 'recall@10': 0.8426, 'recall@20': 0.9702}
{'mrr@5': 0.3505, 'mrr@10': 0.3827, 'mrr@20': 0.3923}
{'ndcg@5': 0.4126, 'ndcg@10': 0.4904, 'ndcg@20': 0.5237}
0
{'recall@5': 0.6526, 'recall@10': 0.832, 'recall@20': 0.9565}
{'mrr@5': 0.4141, 'mrr@10': 0.4381, 'mrr@20': 0.4472}
{'ndcg@5': 0.4732, 'ndcg@10': 0.5314, 'ndcg@20': 0.5634}
1
{'recall@5': 0.6002, 'recall@10': 0.8258, 'recall@20': 0.9637}
{'mrr@5': 0.3707, 'mrr@10': 0.4008, 'mrr@20': 0.4111}
{'ndcg@5': 0.4276, 'ndcg@10': 0.5005, 'ndcg@20': 0.5363}
2
{'recall@5': 0.6388, 'recall@10': 0.8288, 'recall@20': 0.9833}
{'mrr@5': 0.3597, 'mrr@10': 0.3858, 'mrr@20': 0.3974}
{'ndcg@5': 0.4289, 'ndcg@10': 0.4911, 'ndcg@20': 0.5312}
3
{'recall@5': 0.5894, 'recall@10': 0.8277, 'recall@20': 0.9766}
{'mrr@5': 0.3351, 'mrr@10': 0.3672, 'mrr@20': 0.3784}
{'ndcg@5': 0.398, 'ndcg@10': 0.4754, 'ndcg@20': 0.5141}
0
{'recall@5': 0.6498, 'recall@10': 0.8363, 'recall@20': 0.9557}
{'mrr@5': 0.4127, 'mrr@10': 0.4378, 'mrr@20': 0.4465}
{'ndcg@5': 0.4716, 'ndcg@10': 0.5321, 'ndcg@20': 0.5628}
1
{'recall@5': 0.6093, 'recall@10': 0.8066, 'recall@20': 0.9607}
{'mrr@5': 0.3679, 'mrr@10': 0.3947, 'mrr@20': 0.4061}
{'ndcg@5': 0.4277, 'ndcg@10': 0.4921, 'ndcg@20': 0.5319}
2
{'recall@5': 0.6263, 'recall@10': 0.8622, 'recall@20': 0.977}
{'mrr@5': 0.3633, 'mrr@10': 0.3952, 'mrr@20': 0.4038}
{'ndcg@5': 0.4287, 'ndcg@10': 0.5054, 'ndcg@20': 0.5352}
3
{'recall@5': 0.6128, 'recall@10': 0.8319, 'recall@20': 0.9702}
{'mrr@5': 0.3547, 'mrr@10': 0.384, 'mrr@20': 0.3942}
{'ndcg@5': 0.4184, 'ndcg@10': 0.4893, 'ndcg@20': 0.5251}
0
{'recall@5': 0.6533, 'recall@10': 0.8338, 'recall@20': 0.9546}
{'mrr@5': 0.417, 'mrr@10': 0.4412, 'mrr@20': 0.45}
{'ndcg@5': 0.4757, 'ndcg@10': 0.5342, 'ndcg@20': 0.5653}
1
{'recall@5': 0.6103, 'recall@10': 0.8187, 'recall@20': 0.9658}
{'mrr@5': 0.3746, 'mrr@10': 0.4023, 'mrr@20': 0.4131}
{'ndcg@5': 0.4329, 'ndcg@10': 0.5002, 'ndcg@20': 0.5381}
2
{'recall@5': 0.6284, 'recall@10': 0.8559, 'recall@20': 0.9791}
{'mrr@5': 0.3886, 'mrr@10': 0.4186, 'mrr@20': 0.4277}
{'ndcg@5': 0.4482, 'ndcg@10': 0.5214, 'ndcg@20': 0.5531}
3
{'recall@5': 0.6021, 'recall@10': 0.8489, 'recall@20': 0.9702}
{'mrr@5': 0.3641, 'mrr@10': 0.3965, 'mrr@20': 0.4054}
{'ndcg@5': 0.4229, 'ndcg@10': 0.5021, 'ndcg@20': 0.5334}
0
{'recall@5': 0.6544, 'recall@10': 0.8358, 'recall@20': 0.9549}
{'mrr@5': 0.4195, 'mrr@10': 0.4437, 'mrr@20': 0.4524}
{'ndcg@5': 0.4778, 'ndcg@10': 0.5364, 'ndcg@20': 0.5671}
1
{'recall@5': 0.6083, 'recall@10': 0.8238, 'recall@20': 0.9678}
{'mrr@5': 0.3707, 'mrr@10': 0.3992, 'mrr@20': 0.4096}
{'ndcg@5': 0.4296, 'ndcg@10': 0.4991, 'ndcg@20': 0.536}
2
{'recall@5': 0.6493, 'recall@10': 0.858, 'recall@20': 0.977}
{'mrr@5': 0.3922, 'mrr@10': 0.4199, 'mrr@20': 0.4287}
{'ndcg@5': 0.4561, 'ndcg@10': 0.5234, 'ndcg@20': 0.5542}
3
{'recall@5': 0.617, 'recall@10': 0.8532, 'recall@20': 0.9702}
{'mrr@5': 0.3648, 'mrr@10': 0.3962, 'mrr@20': 0.4048}
{'ndcg@5': 0.4272, 'ndcg@10': 0.5036, 'ndcg@20': 0.5337}
0
{'recall@5': 0.6536, 'recall@10': 0.8337, 'recall@20': 0.9545}
{'mrr@5': 0.418, 'mrr@10': 0.4423, 'mrr@20': 0.4511}
{'ndcg@5': 0.4765, 'ndcg@10': 0.535, 'ndcg@20': 0.566}
1
{'recall@5': 0.6224, 'recall@10': 0.8087, 'recall@20': 0.9668}
{'mrr@5': 0.3708, 'mrr@10': 0.3954, 'mrr@20': 0.4074}
{'ndcg@5': 0.4331, 'ndcg@10': 0.4931, 'ndcg@20': 0.5342}
2
{'recall@5': 0.6534, 'recall@10': 0.8747, 'recall@20': 0.9812}
{'mrr@5': 0.3969, 'mrr@10': 0.4259, 'mrr@20': 0.4341}
{'ndcg@5': 0.4601, 'ndcg@10': 0.5312, 'ndcg@20': 0.559}
3
{'recall@5': 0.6426, 'recall@10': 0.8468, 'recall@20': 0.9723}
{'mrr@5': 0.3601, 'mrr@10': 0.3868, 'mrr@20': 0.3955}
{'ndcg@5': 0.4299, 'ndcg@10': 0.4954, 'ndcg@20': 0.5271}
0
{'recall@5': 0.6537, 'recall@10': 0.8315, 'recall@20': 0.9534}
{'mrr@5': 0.4195, 'mrr@10': 0.4434, 'mrr@20': 0.4523}
{'ndcg@5': 0.4777, 'ndcg@10': 0.5353, 'ndcg@20': 0.5667}
1
{'recall@5': 0.6113, 'recall@10': 0.8097, 'recall@20': 0.9708}
{'mrr@5': 0.3824, 'mrr@10': 0.4095, 'mrr@20': 0.4213}
{'ndcg@5': 0.4393, 'ndcg@10': 0.5041, 'ndcg@20': 0.5456}
2
{'recall@5': 0.6409, 'recall@10': 0.8727, 'recall@20': 0.9729}
{'mrr@5': 0.3852, 'mrr@10': 0.4155, 'mrr@20': 0.4229}
{'ndcg@5': 0.4484, 'ndcg@10': 0.5227, 'ndcg@20': 0.5486}
3
{'recall@5': 0.6298, 'recall@10': 0.8319, 'recall@20': 0.9766}
{'mrr@5': 0.3597, 'mrr@10': 0.3864, 'mrr@20': 0.3969}
{'ndcg@5': 0.4264, 'ndcg@10': 0.4914, 'ndcg@20': 0.5287}
0
{'recall@5': 0.6561, 'recall@10': 0.8355, 'recall@20': 0.9535}
{'mrr@5': 0.4198, 'mrr@10': 0.4439, 'mrr@20': 0.4525}
{'ndcg@5': 0.4785, 'ndcg@10': 0.5366, 'ndcg@20': 0.567}
1
{'recall@5': 0.6062, 'recall@10': 0.8097, 'recall@20': 0.9617}
{'mrr@5': 0.3792, 'mrr@10': 0.4062, 'mrr@20': 0.4174}
{'ndcg@5': 0.4356, 'ndcg@10': 0.5013, 'ndcg@20': 0.5405}
2
{'recall@5': 0.6534, 'recall@10': 0.8685, 'recall@20': 0.9833}
{'mrr@5': 0.411, 'mrr@10': 0.4409, 'mrr@20': 0.4491}
{'ndcg@5': 0.4711, 'ndcg@10': 0.5418, 'ndcg@20': 0.5712}
3
{'recall@5': 0.634, 'recall@10': 0.8489, 'recall@20': 0.966}
{'mrr@5': 0.3631, 'mrr@10': 0.3919, 'mrr@20': 0.4006}
{'ndcg@5': 0.4301, 'ndcg@10': 0.4997, 'ndcg@20': 0.53}
0
{'recall@5': 0.657, 'recall@10': 0.8334, 'recall@20': 0.954}
{'mrr@5': 0.4213, 'mrr@10': 0.445, 'mrr@20': 0.4538}
{'ndcg@5': 0.4798, 'ndcg@10': 0.537, 'ndcg@20': 0.5681}
1
{'recall@5': 0.6173, 'recall@10': 0.8268, 'recall@20': 0.9617}
{'mrr@5': 0.3727, 'mrr@10': 0.4006, 'mrr@20': 0.4102}
{'ndcg@5': 0.4334, 'ndcg@10': 0.501, 'ndcg@20': 0.5355}
2
{'recall@5': 0.6534, 'recall@10': 0.8601, 'recall@20': 0.977}
{'mrr@5': 0.399, 'mrr@10': 0.426, 'mrr@20': 0.4348}
{'ndcg@5': 0.4616, 'ndcg@10': 0.5279, 'ndcg@20': 0.5583}
3
{'recall@5': 0.6404, 'recall@10': 0.8149, 'recall@20': 0.9617}
{'mrr@5': 0.3628, 'mrr@10': 0.3864, 'mrr@20': 0.3974}
{'ndcg@5': 0.4311, 'ndcg@10': 0.4879, 'ndcg@20': 0.526}
0
{'recall@5': 0.6584, 'recall@10': 0.8361, 'recall@20': 0.9539}
{'mrr@5': 0.4221, 'mrr@10': 0.446, 'mrr@20': 0.4546}
{'ndcg@5': 0.4807, 'ndcg@10': 0.5384, 'ndcg@20': 0.5687}
1
{'recall@5': 0.6032, 'recall@10': 0.8117, 'recall@20': 0.9668}
{'mrr@5': 0.3781, 'mrr@10': 0.4062, 'mrr@20': 0.4177}
{'ndcg@5': 0.434, 'ndcg@10': 0.5016, 'ndcg@20': 0.5418}
2
{'recall@5': 0.6743, 'recall@10': 0.8622, 'recall@20': 0.9833}
{'mrr@5': 0.4117, 'mrr@10': 0.4366, 'mrr@20': 0.4455}
{'ndcg@5': 0.4765, 'ndcg@10': 0.537, 'ndcg@20': 0.5683}
3
{'recall@5': 0.6468, 'recall@10': 0.8404, 'recall@20': 0.9766}
{'mrr@5': 0.3593, 'mrr@10': 0.3848, 'mrr@20': 0.3946}
{'ndcg@5': 0.4303, 'ndcg@10': 0.4926, 'ndcg@20': 0.5274}
0
{'recall@5': 0.6589, 'recall@10': 0.8353, 'recall@20': 0.9526}
{'mrr@5': 0.4226, 'mrr@10': 0.4461, 'mrr@20': 0.4547}
{'ndcg@5': 0.4812, 'ndcg@10': 0.5383, 'ndcg@20': 0.5685}
1
{'recall@5': 0.6244, 'recall@10': 0.8167, 'recall@20': 0.9688}
{'mrr@5': 0.3919, 'mrr@10': 0.4168, 'mrr@20': 0.4279}
{'ndcg@5': 0.4495, 'ndcg@10': 0.5109, 'ndcg@20': 0.55}
2
{'recall@5': 0.6618, 'recall@10': 0.858, 'recall@20': 0.9791}
{'mrr@5': 0.42, 'mrr@10': 0.4458, 'mrr@20': 0.4546}
{'ndcg@5': 0.4801, 'ndcg@10': 0.5431, 'ndcg@20': 0.5742}
3
{'recall@5': 0.6383, 'recall@10': 0.817, 'recall@20': 0.9702}
{'mrr@5': 0.3715, 'mrr@10': 0.3967, 'mrr@20': 0.4082}
{'ndcg@5': 0.4373, 'ndcg@10': 0.4964, 'ndcg@20': 0.5362}
0
{'recall@5': 0.6588, 'recall@10': 0.8338, 'recall@20': 0.9518}
{'mrr@5': 0.4211, 'mrr@10': 0.4445, 'mrr@20': 0.4532}
{'ndcg@5': 0.4802, 'ndcg@10': 0.5368, 'ndcg@20': 0.5672}
1
{'recall@5': 0.6334, 'recall@10': 0.8359, 'recall@20': 0.9668}
{'mrr@5': 0.3908, 'mrr@10': 0.4177, 'mrr@20': 0.4273}
{'ndcg@5': 0.4507, 'ndcg@10': 0.5161, 'ndcg@20': 0.5497}
2
{'recall@5': 0.6618, 'recall@10': 0.8727, 'recall@20': 0.977}
{'mrr@5': 0.4214, 'mrr@10': 0.4491, 'mrr@20': 0.4569}
{'ndcg@5': 0.4811, 'ndcg@10': 0.5488, 'ndcg@20': 0.5759}
3
{'recall@5': 0.6447, 'recall@10': 0.8489, 'recall@20': 0.9766}
{'mrr@5': 0.3617, 'mrr@10': 0.3888, 'mrr@20': 0.3982}
{'ndcg@5': 0.4318, 'ndcg@10': 0.4977, 'ndcg@20': 0.5306}
0
{'recall@5': 0.6603, 'recall@10': 0.8345, 'recall@20': 0.9508}
{'mrr@5': 0.4234, 'mrr@10': 0.4468, 'mrr@20': 0.4553}
{'ndcg@5': 0.4822, 'ndcg@10': 0.5387, 'ndcg@20': 0.5686}
1
{'recall@5': 0.6304, 'recall@10': 0.8308, 'recall@20': 0.9728}
{'mrr@5': 0.3819, 'mrr@10': 0.4086, 'mrr@20': 0.419}
{'ndcg@5': 0.4434, 'ndcg@10': 0.5081, 'ndcg@20': 0.5447}
2
{'recall@5': 0.6555, 'recall@10': 0.8727, 'recall@20': 0.9791}
{'mrr@5': 0.401, 'mrr@10': 0.43, 'mrr@20': 0.4378}
{'ndcg@5': 0.4643, 'ndcg@10': 0.5346, 'ndcg@20': 0.562}
3
{'recall@5': 0.634, 'recall@10': 0.834, 'recall@20': 0.9723}
{'mrr@5': 0.3594, 'mrr@10': 0.386, 'mrr@20': 0.3964}
{'ndcg@5': 0.4274, 'ndcg@10': 0.4919, 'ndcg@20': 0.5279}
0
{'recall@5': 0.6624, 'recall@10': 0.8338, 'recall@20': 0.9503}
{'mrr@5': 0.4244, 'mrr@10': 0.4474, 'mrr@20': 0.4559}
{'ndcg@5': 0.4835, 'ndcg@10': 0.539, 'ndcg@20': 0.569}
1
{'recall@5': 0.6274, 'recall@10': 0.8187, 'recall@20': 0.9678}
{'mrr@5': 0.3861, 'mrr@10': 0.4116, 'mrr@20': 0.4226}
{'ndcg@5': 0.4459, 'ndcg@10': 0.5078, 'ndcg@20': 0.5462}
2
{'recall@5': 0.6388, 'recall@10': 0.8685, 'recall@20': 0.9791}
{'mrr@5': 0.3957, 'mrr@10': 0.426, 'mrr@20': 0.4341}
{'ndcg@5': 0.4564, 'ndcg@10': 0.5303, 'ndcg@20': 0.5589}
3
{'recall@5': 0.6213, 'recall@10': 0.8383, 'recall@20': 0.9766}
{'mrr@5': 0.3491, 'mrr@10': 0.3789, 'mrr@20': 0.3891}
{'ndcg@5': 0.4167, 'ndcg@10': 0.4876, 'ndcg@20': 0.5234}
0
{'recall@5': 0.6584, 'recall@10': 0.835, 'recall@20': 0.9496}
{'mrr@5': 0.4232, 'mrr@10': 0.4469, 'mrr@20': 0.4552}
{'ndcg@5': 0.4816, 'ndcg@10': 0.5389, 'ndcg@20': 0.5683}
1
{'recall@5': 0.6224, 'recall@10': 0.8308, 'recall@20': 0.9678}
{'mrr@5': 0.3916, 'mrr@10': 0.4191, 'mrr@20': 0.429}
{'ndcg@5': 0.4488, 'ndcg@10': 0.5159, 'ndcg@20': 0.5511}
2
{'recall@5': 0.6597, 'recall@10': 0.8706, 'recall@20': 0.9791}
{'mrr@5': 0.4098, 'mrr@10': 0.439, 'mrr@20': 0.4471}
{'ndcg@5': 0.4719, 'ndcg@10': 0.5412, 'ndcg@20': 0.5693}
3
{'recall@5': 0.6511, 'recall@10': 0.8489, 'recall@20': 0.9723}
{'mrr@5': 0.3745, 'mrr@10': 0.4009, 'mrr@20': 0.4098}
{'ndcg@5': 0.4428, 'ndcg@10': 0.5067, 'ndcg@20': 0.5384}
0
{'recall@5': 0.6612, 'recall@10': 0.835, 'recall@20': 0.9499}
{'mrr@5': 0.4249, 'mrr@10': 0.4484, 'mrr@20': 0.4567}
{'ndcg@5': 0.4836, 'ndcg@10': 0.5401, 'ndcg@20': 0.5696}
1
{'recall@5': 0.6304, 'recall@10': 0.8167, 'recall@20': 0.9648}
{'mrr@5': 0.3743, 'mrr@10': 0.399, 'mrr@20': 0.4101}
{'ndcg@5': 0.4377, 'ndcg@10': 0.4977, 'ndcg@20': 0.5362}
2
{'recall@5': 0.6618, 'recall@10': 0.8559, 'recall@20': 0.9854}
{'mrr@5': 0.4045, 'mrr@10': 0.4315, 'mrr@20': 0.4412}
{'ndcg@5': 0.4685, 'ndcg@10': 0.5323, 'ndcg@20': 0.566}
3
{'recall@5': 0.6234, 'recall@10': 0.8383, 'recall@20': 0.9745}
{'mrr@5': 0.363, 'mrr@10': 0.3923, 'mrr@20': 0.4022}
{'ndcg@5': 0.4277, 'ndcg@10': 0.4978, 'ndcg@20': 0.5328}
0
{'recall@5': 0.6607, 'recall@10': 0.8339, 'recall@20': 0.9479}
{'mrr@5': 0.4267, 'mrr@10': 0.45, 'mrr@20': 0.4583}
{'ndcg@5': 0.4848, 'ndcg@10': 0.541, 'ndcg@20': 0.5703}
1
{'recall@5': 0.6123, 'recall@10': 0.8268, 'recall@20': 0.9617}
{'mrr@5': 0.3723, 'mrr@10': 0.4011, 'mrr@20': 0.411}
{'ndcg@5': 0.4318, 'ndcg@10': 0.5014, 'ndcg@20': 0.5363}
2
{'recall@5': 0.6534, 'recall@10': 0.8539, 'recall@20': 0.9749}
{'mrr@5': 0.4151, 'mrr@10': 0.4424, 'mrr@20': 0.4514}
{'ndcg@5': 0.4746, 'ndcg@10': 0.5399, 'ndcg@20': 0.5713}
3
{'recall@5': 0.6404, 'recall@10': 0.8489, 'recall@20': 0.9681}
{'mrr@5': 0.3637, 'mrr@10': 0.3917, 'mrr@20': 0.4005}
{'ndcg@5': 0.4324, 'ndcg@10': 0.4999, 'ndcg@20': 0.5308}
0
{'recall@5': 0.6628, 'recall@10': 0.8339, 'recall@20': 0.9495}
{'mrr@5': 0.4289, 'mrr@10': 0.4518, 'mrr@20': 0.4602}
{'ndcg@5': 0.4869, 'ndcg@10': 0.5424, 'ndcg@20': 0.5721}
1
{'recall@5': 0.6244, 'recall@10': 0.8167, 'recall@20': 0.9627}
{'mrr@5': 0.3936, 'mrr@10': 0.4192, 'mrr@20': 0.4301}
{'ndcg@5': 0.4509, 'ndcg@10': 0.513, 'ndcg@20': 0.5509}
2
{'recall@5': 0.6597, 'recall@10': 0.8768, 'recall@20': 0.9791}
{'mrr@5': 0.397, 'mrr@10': 0.4263, 'mrr@20': 0.4337}
{'ndcg@5': 0.4621, 'ndcg@10': 0.5326, 'ndcg@20': 0.5588}
3
{'recall@5': 0.634, 'recall@10': 0.8553, 'recall@20': 0.9702}
{'mrr@5': 0.3636, 'mrr@10': 0.3938, 'mrr@20': 0.4018}
{'ndcg@5': 0.4301, 'ndcg@10': 0.5024, 'ndcg@20': 0.5315}
0
{'recall@5': 0.6635, 'recall@10': 0.8325, 'recall@20': 0.947}
{'mrr@5': 0.4277, 'mrr@10': 0.4504, 'mrr@20': 0.4588}
{'ndcg@5': 0.4862, 'ndcg@10': 0.5411, 'ndcg@20': 0.5706}
1
{'recall@5': 0.6163, 'recall@10': 0.8167, 'recall@20': 0.9617}
{'mrr@5': 0.3828, 'mrr@10': 0.4095, 'mrr@20': 0.4204}
{'ndcg@5': 0.4409, 'ndcg@10': 0.5057, 'ndcg@20': 0.5434}
2
{'recall@5': 0.6534, 'recall@10': 0.8601, 'recall@20': 0.977}
{'mrr@5': 0.3975, 'mrr@10': 0.4261, 'mrr@20': 0.435}
{'ndcg@5': 0.4611, 'ndcg@10': 0.5289, 'ndcg@20': 0.5594}
3
{'recall@5': 0.6277, 'recall@10': 0.8298, 'recall@20': 0.9745}
{'mrr@5': 0.3749, 'mrr@10': 0.4023, 'mrr@20': 0.413}
{'ndcg@5': 0.4373, 'ndcg@10': 0.503, 'ndcg@20': 0.5405}
0
{'recall@5': 0.6601, 'recall@10': 0.8339, 'recall@20': 0.9466}
{'mrr@5': 0.429, 'mrr@10': 0.4524, 'mrr@20': 0.4606}
{'ndcg@5': 0.4864, 'ndcg@10': 0.5428, 'ndcg@20': 0.5718}
1
{'recall@5': 0.6314, 'recall@10': 0.8379, 'recall@20': 0.9627}
{'mrr@5': 0.3918, 'mrr@10': 0.4186, 'mrr@20': 0.4278}
{'ndcg@5': 0.4511, 'ndcg@10': 0.5171, 'ndcg@20': 0.5493}
2
{'recall@5': 0.6555, 'recall@10': 0.8768, 'recall@20': 0.9896}
{'mrr@5': 0.4099, 'mrr@10': 0.44, 'mrr@20': 0.4479}
{'ndcg@5': 0.4708, 'ndcg@10': 0.5429, 'ndcg@20': 0.5715}
3
{'recall@5': 0.6617, 'recall@10': 0.8489, 'recall@20': 0.9681}
{'mrr@5': 0.3787, 'mrr@10': 0.4037, 'mrr@20': 0.4123}
{'ndcg@5': 0.4489, 'ndcg@10': 0.5095, 'ndcg@20': 0.54}
0
{'recall@5': 0.6652, 'recall@10': 0.8342, 'recall@20': 0.9475}
{'mrr@5': 0.4313, 'mrr@10': 0.454, 'mrr@20': 0.4623}
{'ndcg@5': 0.4893, 'ndcg@10': 0.5441, 'ndcg@20': 0.5733}
1
{'recall@5': 0.6203, 'recall@10': 0.8429, 'recall@20': 0.9648}
{'mrr@5': 0.3746, 'mrr@10': 0.4043, 'mrr@20': 0.413}
{'ndcg@5': 0.4355, 'ndcg@10': 0.5075, 'ndcg@20': 0.5386}
2
{'recall@5': 0.6681, 'recall@10': 0.8747, 'recall@20': 0.9854}
{'mrr@5': 0.4248, 'mrr@10': 0.4527, 'mrr@20': 0.4606}
{'ndcg@5': 0.485, 'ndcg@10': 0.5521, 'ndcg@20': 0.5805}
3
{'recall@5': 0.6468, 'recall@10': 0.8404, 'recall@20': 0.9638}
{'mrr@5': 0.3946, 'mrr@10': 0.4212, 'mrr@20': 0.43}
{'ndcg@5': 0.457, 'ndcg@10': 0.5203, 'ndcg@20': 0.5519}
0
{'recall@5': 0.6594, 'recall@10': 0.8322, 'recall@20': 0.946}
{'mrr@5': 0.4284, 'mrr@10': 0.4518, 'mrr@20': 0.4601}
{'ndcg@5': 0.4858, 'ndcg@10': 0.542, 'ndcg@20': 0.5713}
1
{'recall@5': 0.6133, 'recall@10': 0.8258, 'recall@20': 0.9668}
{'mrr@5': 0.385, 'mrr@10': 0.4135, 'mrr@20': 0.4239}
{'ndcg@5': 0.4416, 'ndcg@10': 0.5104, 'ndcg@20': 0.5469}
2
{'recall@5': 0.6806, 'recall@10': 0.8789, 'recall@20': 0.977}
{'mrr@5': 0.4152, 'mrr@10': 0.4417, 'mrr@20': 0.4488}
{'ndcg@5': 0.4808, 'ndcg@10': 0.545, 'ndcg@20': 0.5701}
3
{'recall@5': 0.6319, 'recall@10': 0.8532, 'recall@20': 0.9681}
{'mrr@5': 0.3758, 'mrr@10': 0.4051, 'mrr@20': 0.4135}
{'ndcg@5': 0.4395, 'ndcg@10': 0.5108, 'ndcg@20': 0.5405}
0
{'recall@5': 0.6621, 'recall@10': 0.8309, 'recall@20': 0.9451}
{'mrr@5': 0.4289, 'mrr@10': 0.4515, 'mrr@20': 0.4598}
{'ndcg@5': 0.4868, 'ndcg@10': 0.5415, 'ndcg@20': 0.5709}
1
{'recall@5': 0.6284, 'recall@10': 0.8137, 'recall@20': 0.9587}
{'mrr@5': 0.3783, 'mrr@10': 0.4032, 'mrr@20': 0.4139}
{'ndcg@5': 0.4405, 'ndcg@10': 0.5006, 'ndcg@20': 0.538}
2
{'recall@5': 0.6409, 'recall@10': 0.8643, 'recall@20': 0.9812}
{'mrr@5': 0.3972, 'mrr@10': 0.4284, 'mrr@20': 0.437}
{'ndcg@5': 0.4575, 'ndcg@10': 0.5311, 'ndcg@20': 0.5613}
3
{'recall@5': 0.6234, 'recall@10': 0.8383, 'recall@20': 0.9745}
{'mrr@5': 0.3617, 'mrr@10': 0.3908, 'mrr@20': 0.4006}
{'ndcg@5': 0.4263, 'ndcg@10': 0.4962, 'ndcg@20': 0.5311}
0
{'recall@5': 0.664, 'recall@10': 0.8317, 'recall@20': 0.9463}
{'mrr@5': 0.4273, 'mrr@10': 0.4498, 'mrr@20': 0.4581}
{'ndcg@5': 0.486, 'ndcg@10': 0.5404, 'ndcg@20': 0.5698}
1
{'recall@5': 0.6224, 'recall@10': 0.8258, 'recall@20': 0.9607}
{'mrr@5': 0.3867, 'mrr@10': 0.414, 'mrr@20': 0.4239}
{'ndcg@5': 0.4451, 'ndcg@10': 0.511, 'ndcg@20': 0.5457}
2
{'recall@5': 0.6514, 'recall@10': 0.8685, 'recall@20': 0.9791}
{'mrr@5': 0.3931, 'mrr@10': 0.4219, 'mrr@20': 0.4302}
{'ndcg@5': 0.4572, 'ndcg@10': 0.5271, 'ndcg@20': 0.5559}
3
{'recall@5': 0.6277, 'recall@10': 0.8447, 'recall@20': 0.9702}
{'mrr@5': 0.3567, 'mrr@10': 0.3852, 'mrr@20': 0.3942}
{'ndcg@5': 0.4238, 'ndcg@10': 0.4935, 'ndcg@20': 0.5257}
0
{'recall@5': 0.6613, 'recall@10': 0.8318, 'recall@20': 0.9439}
{'mrr@5': 0.4259, 'mrr@10': 0.4489, 'mrr@20': 0.4571}
{'ndcg@5': 0.4844, 'ndcg@10': 0.5398, 'ndcg@20': 0.5686}
1
{'recall@5': 0.6244, 'recall@10': 0.8087, 'recall@20': 0.9577}
{'mrr@5': 0.3924, 'mrr@10': 0.4174, 'mrr@20': 0.4284}
{'ndcg@5': 0.45, 'ndcg@10': 0.51, 'ndcg@20': 0.5485}
2
{'recall@5': 0.6451, 'recall@10': 0.8747, 'recall@20': 0.9749}
{'mrr@5': 0.4048, 'mrr@10': 0.4358, 'mrr@20': 0.4433}
{'ndcg@5': 0.4643, 'ndcg@10': 0.5389, 'ndcg@20': 0.565}
3
{'recall@5': 0.6149, 'recall@10': 0.8277, 'recall@20': 0.966}
{'mrr@5': 0.3725, 'mrr@10': 0.4012, 'mrr@20': 0.4115}
{'ndcg@5': 0.4329, 'ndcg@10': 0.5019, 'ndcg@20': 0.5378}
0
{'recall@5': 0.663, 'recall@10': 0.8317, 'recall@20': 0.9447}
{'mrr@5': 0.4287, 'mrr@10': 0.4515, 'mrr@20': 0.4597}
{'ndcg@5': 0.4869, 'ndcg@10': 0.5417, 'ndcg@20': 0.5708}
1
{'recall@5': 0.6344, 'recall@10': 0.8288, 'recall@20': 0.9617}
{'mrr@5': 0.3933, 'mrr@10': 0.419, 'mrr@20': 0.4288}
{'ndcg@5': 0.453, 'ndcg@10': 0.5156, 'ndcg@20': 0.5499}
2
{'recall@5': 0.6827, 'recall@10': 0.8706, 'recall@20': 0.9812}
{'mrr@5': 0.4132, 'mrr@10': 0.4383, 'mrr@20': 0.4467}
{'ndcg@5': 0.4799, 'ndcg@10': 0.5407, 'ndcg@20': 0.5696}
3
{'recall@5': 0.6426, 'recall@10': 0.8298, 'recall@20': 0.966}
{'mrr@5': 0.3763, 'mrr@10': 0.4016, 'mrr@20': 0.4117}
{'ndcg@5': 0.4423, 'ndcg@10': 0.5031, 'ndcg@20': 0.5385}
0
{'recall@5': 0.6624, 'recall@10': 0.8338, 'recall@20': 0.9432}
{'mrr@5': 0.4295, 'mrr@10': 0.4526, 'mrr@20': 0.4605}
{'ndcg@5': 0.4874, 'ndcg@10': 0.543, 'ndcg@20': 0.5711}
1
{'recall@5': 0.6234, 'recall@10': 0.8308, 'recall@20': 0.9597}
{'mrr@5': 0.394, 'mrr@10': 0.4222, 'mrr@20': 0.4317}
{'ndcg@5': 0.4509, 'ndcg@10': 0.5185, 'ndcg@20': 0.5518}
2
{'recall@5': 0.6639, 'recall@10': 0.8727, 'recall@20': 0.9833}
{'mrr@5': 0.4079, 'mrr@10': 0.4357, 'mrr@20': 0.444}
{'ndcg@5': 0.4712, 'ndcg@10': 0.5387, 'ndcg@20': 0.5674}
3
{'recall@5': 0.6532, 'recall@10': 0.8383, 'recall@20': 0.9745}
{'mrr@5': 0.3654, 'mrr@10': 0.3898, 'mrr@20': 0.3997}
{'ndcg@5': 0.4365, 'ndcg@10': 0.4961, 'ndcg@20': 0.5311}
0
{'recall@5': 0.6631, 'recall@10': 0.8316, 'recall@20': 0.9429}
{'mrr@5': 0.4305, 'mrr@10': 0.4531, 'mrr@20': 0.4612}
{'ndcg@5': 0.4883, 'ndcg@10': 0.5429, 'ndcg@20': 0.5715}
1
{'recall@5': 0.6234, 'recall@10': 0.8258, 'recall@20': 0.9527}
{'mrr@5': 0.3869, 'mrr@10': 0.4141, 'mrr@20': 0.4234}
{'ndcg@5': 0.4456, 'ndcg@10': 0.5113, 'ndcg@20': 0.544}
2
{'recall@5': 0.6764, 'recall@10': 0.8852, 'recall@20': 0.9791}
{'mrr@5': 0.4302, 'mrr@10': 0.4589, 'mrr@20': 0.4659}
{'ndcg@5': 0.4908, 'ndcg@10': 0.5591, 'ndcg@20': 0.5835}
3
{'recall@5': 0.6277, 'recall@10': 0.8234, 'recall@20': 0.9681}
{'mrr@5': 0.373, 'mrr@10': 0.4002, 'mrr@20': 0.4109}
{'ndcg@5': 0.4362, 'ndcg@10': 0.5006, 'ndcg@20': 0.538}
0
{'recall@5': 0.6622, 'recall@10': 0.828, 'recall@20': 0.9412}
{'mrr@5': 0.4306, 'mrr@10': 0.4529, 'mrr@20': 0.4611}
{'ndcg@5': 0.4882, 'ndcg@10': 0.5419, 'ndcg@20': 0.571}
1
{'recall@5': 0.6274, 'recall@10': 0.8238, 'recall@20': 0.9617}
{'mrr@5': 0.3991, 'mrr@10': 0.4259, 'mrr@20': 0.436}
{'ndcg@5': 0.4558, 'ndcg@10': 0.52, 'ndcg@20': 0.5555}
2
{'recall@5': 0.6743, 'recall@10': 0.8789, 'recall@20': 0.977}
{'mrr@5': 0.4106, 'mrr@10': 0.4382, 'mrr@20': 0.4454}
{'ndcg@5': 0.4757, 'ndcg@10': 0.5422, 'ndcg@20': 0.5674}
3
{'recall@5': 0.6383, 'recall@10': 0.8532, 'recall@20': 0.9596}
{'mrr@5': 0.3688, 'mrr@10': 0.3976, 'mrr@20': 0.4053}
{'ndcg@5': 0.4353, 'ndcg@10': 0.5048, 'ndcg@20': 0.5322}
0
{'recall@5': 0.6615, 'recall@10': 0.8276, 'recall@20': 0.9414}
{'mrr@5': 0.432, 'mrr@10': 0.4543, 'mrr@20': 0.4626}
{'ndcg@5': 0.4891, 'ndcg@10': 0.5429, 'ndcg@20': 0.5722}
1
{'recall@5': 0.6324, 'recall@10': 0.8258, 'recall@20': 0.9597}
{'mrr@5': 0.3913, 'mrr@10': 0.4173, 'mrr@20': 0.427}
{'ndcg@5': 0.4511, 'ndcg@10': 0.5139, 'ndcg@20': 0.5483}
2
{'recall@5': 0.6764, 'recall@10': 0.8643, 'recall@20': 0.9749}
{'mrr@5': 0.4349, 'mrr@10': 0.4603, 'mrr@20': 0.4691}
{'ndcg@5': 0.4949, 'ndcg@10': 0.556, 'ndcg@20': 0.5853}
3
{'recall@5': 0.6128, 'recall@10': 0.8319, 'recall@20': 0.9723}
{'mrr@5': 0.3592, 'mrr@10': 0.3891, 'mrr@20': 0.3993}
{'ndcg@5': 0.422, 'ndcg@10': 0.4935, 'ndcg@20': 0.5296}
0
{'recall@5': 0.6665, 'recall@10': 0.833, 'recall@20': 0.9406}
{'mrr@5': 0.4329, 'mrr@10': 0.4552, 'mrr@20': 0.4629}
{'ndcg@5': 0.4909, 'ndcg@10': 0.5448, 'ndcg@20': 0.5724}
1
{'recall@5': 0.6375, 'recall@10': 0.8278, 'recall@20': 0.9577}
{'mrr@5': 0.3961, 'mrr@10': 0.4218, 'mrr@20': 0.4313}
{'ndcg@5': 0.4561, 'ndcg@10': 0.5179, 'ndcg@20': 0.5514}
2
{'recall@5': 0.6576, 'recall@10': 0.8559, 'recall@20': 0.9791}
{'mrr@5': 0.4037, 'mrr@10': 0.4304, 'mrr@20': 0.4399}
{'ndcg@5': 0.4668, 'ndcg@10': 0.5312, 'ndcg@20': 0.5636}
3
{'recall@5': 0.6213, 'recall@10': 0.8191, 'recall@20': 0.9702}
{'mrr@5': 0.3689, 'mrr@10': 0.3973, 'mrr@20': 0.4084}
{'ndcg@5': 0.4314, 'ndcg@10': 0.4973, 'ndcg@20': 0.5364}
0
{'recall@5': 0.6644, 'recall@10': 0.8285, 'recall@20': 0.9408}
{'mrr@5': 0.4334, 'mrr@10': 0.4556, 'mrr@20': 0.4638}
{'ndcg@5': 0.4908, 'ndcg@10': 0.5442, 'ndcg@20': 0.573}
1
{'recall@5': 0.6294, 'recall@10': 0.8348, 'recall@20': 0.9557}
{'mrr@5': 0.3888, 'mrr@10': 0.4165, 'mrr@20': 0.4254}
{'ndcg@5': 0.4485, 'ndcg@10': 0.5151, 'ndcg@20': 0.5463}
2
{'recall@5': 0.6827, 'recall@10': 0.8727, 'recall@20': 0.977}
{'mrr@5': 0.4127, 'mrr@10': 0.4383, 'mrr@20': 0.4462}
{'ndcg@5': 0.4795, 'ndcg@10': 0.5412, 'ndcg@20': 0.5684}
3
{'recall@5': 0.6511, 'recall@10': 0.8383, 'recall@20': 0.9681}
{'mrr@5': 0.3835, 'mrr@10': 0.4085, 'mrr@20': 0.4179}
{'ndcg@5': 0.4498, 'ndcg@10': 0.5103, 'ndcg@20': 0.5436}
0
{'recall@5': 0.6616, 'recall@10': 0.8279, 'recall@20': 0.9396}
{'mrr@5': 0.4317, 'mrr@10': 0.4542, 'mrr@20': 0.4623}
{'ndcg@5': 0.4888, 'ndcg@10': 0.5429, 'ndcg@20': 0.5716}
1
{'recall@5': 0.6274, 'recall@10': 0.8298, 'recall@20': 0.9557}
{'mrr@5': 0.3912, 'mrr@10': 0.4182, 'mrr@20': 0.4274}
{'ndcg@5': 0.4497, 'ndcg@10': 0.5151, 'ndcg@20': 0.5476}
2
{'recall@5': 0.6889, 'recall@10': 0.8789, 'recall@20': 0.9791}
{'mrr@5': 0.4189, 'mrr@10': 0.4449, 'mrr@20': 0.4523}
{'ndcg@5': 0.4856, 'ndcg@10': 0.5477, 'ndcg@20': 0.5735}
3
{'recall@5': 0.6213, 'recall@10': 0.8468, 'recall@20': 0.9702}
{'mrr@5': 0.3592, 'mrr@10': 0.3905, 'mrr@20': 0.3995}
{'ndcg@5': 0.424, 'ndcg@10': 0.4982, 'ndcg@20': 0.5299}
0
{'recall@5': 0.664, 'recall@10': 0.8299, 'recall@20': 0.9386}
{'mrr@5': 0.4334, 'mrr@10': 0.4557, 'mrr@20': 0.4636}
{'ndcg@5': 0.4907, 'ndcg@10': 0.5445, 'ndcg@20': 0.5724}
1
{'recall@5': 0.6334, 'recall@10': 0.8298, 'recall@20': 0.9527}
{'mrr@5': 0.3992, 'mrr@10': 0.4255, 'mrr@20': 0.4345}
{'ndcg@5': 0.4574, 'ndcg@10': 0.521, 'ndcg@20': 0.5526}
2
{'recall@5': 0.6597, 'recall@10': 0.8768, 'recall@20': 0.9687}
{'mrr@5': 0.4271, 'mrr@10': 0.4559, 'mrr@20': 0.4627}
{'ndcg@5': 0.4847, 'ndcg@10': 0.5547, 'ndcg@20': 0.5784}
3
{'recall@5': 0.6553, 'recall@10': 0.8468, 'recall@20': 0.9702}
{'mrr@5': 0.3788, 'mrr@10': 0.4051, 'mrr@20': 0.4143}
{'ndcg@5': 0.4473, 'ndcg@10': 0.51, 'ndcg@20': 0.542}
0
{'recall@5': 0.6651, 'recall@10': 0.829, 'recall@20': 0.9391}
{'mrr@5': 0.4335, 'mrr@10': 0.4555, 'mrr@20': 0.4635}
{'ndcg@5': 0.491, 'ndcg@10': 0.5441, 'ndcg@20': 0.5724}
1
{'recall@5': 0.6354, 'recall@10': 0.8288, 'recall@20': 0.9567}
{'mrr@5': 0.4048, 'mrr@10': 0.4308, 'mrr@20': 0.4399}
{'ndcg@5': 0.462, 'ndcg@10': 0.5247, 'ndcg@20': 0.5574}
2
{'recall@5': 0.6639, 'recall@10': 0.8747, 'recall@20': 0.9708}
{'mrr@5': 0.4138, 'mrr@10': 0.4429, 'mrr@20': 0.4502}
{'ndcg@5': 0.4757, 'ndcg@10': 0.5449, 'ndcg@20': 0.5699}
3
{'recall@5': 0.6532, 'recall@10': 0.8532, 'recall@20': 0.9702}
{'mrr@5': 0.3733, 'mrr@10': 0.4002, 'mrr@20': 0.4087}
{'ndcg@5': 0.4422, 'ndcg@10': 0.5071, 'ndcg@20': 0.5371}
0
{'recall@5': 0.6626, 'recall@10': 0.8265, 'recall@20': 0.9376}
{'mrr@5': 0.4336, 'mrr@10': 0.4558, 'mrr@20': 0.4639}
{'ndcg@5': 0.4905, 'ndcg@10': 0.5438, 'ndcg@20': 0.5723}
1
{'recall@5': 0.6304, 'recall@10': 0.8298, 'recall@20': 0.9507}
{'mrr@5': 0.3914, 'mrr@10': 0.418, 'mrr@20': 0.4268}
{'ndcg@5': 0.4505, 'ndcg@10': 0.515, 'ndcg@20': 0.546}
2
{'recall@5': 0.6639, 'recall@10': 0.8601, 'recall@20': 0.977}
{'mrr@5': 0.4187, 'mrr@10': 0.4456, 'mrr@20': 0.4545}
{'ndcg@5': 0.4795, 'ndcg@10': 0.5437, 'ndcg@20': 0.5742}
3
{'recall@5': 0.6383, 'recall@10': 0.8574, 'recall@20': 0.9702}
{'mrr@5': 0.3728, 'mrr@10': 0.4032, 'mrr@20': 0.4116}
{'ndcg@5': 0.4385, 'ndcg@10': 0.5105, 'ndcg@20': 0.5397}
0
{'recall@5': 0.6627, 'recall@10': 0.8279, 'recall@20': 0.9386}
{'mrr@5': 0.4336, 'mrr@10': 0.4559, 'mrr@20': 0.4639}
{'ndcg@5': 0.4905, 'ndcg@10': 0.5442, 'ndcg@20': 0.5726}
1
{'recall@5': 0.6395, 'recall@10': 0.8298, 'recall@20': 0.9587}
{'mrr@5': 0.3911, 'mrr@10': 0.4156, 'mrr@20': 0.4249}
{'ndcg@5': 0.4526, 'ndcg@10': 0.5133, 'ndcg@20': 0.5463}
2
{'recall@5': 0.7015, 'recall@10': 0.8747, 'recall@20': 0.9749}
{'mrr@5': 0.4395, 'mrr@10': 0.4631, 'mrr@20': 0.4704}
{'ndcg@5': 0.5043, 'ndcg@10': 0.5608, 'ndcg@20': 0.5865}
3
{'recall@5': 0.6681, 'recall@10': 0.834, 'recall@20': 0.966}
{'mrr@5': 0.378, 'mrr@10': 0.4006, 'mrr@20': 0.4101}
{'ndcg@5': 0.4496, 'ndcg@10': 0.5037, 'ndcg@20': 0.5376}
0
{'recall@5': 0.6641, 'recall@10': 0.8273, 'recall@20': 0.938}
{'mrr@5': 0.4336, 'mrr@10': 0.4557, 'mrr@20': 0.4637}
{'ndcg@5': 0.4909, 'ndcg@10': 0.5439, 'ndcg@20': 0.5723}
1
{'recall@5': 0.6284, 'recall@10': 0.8318, 'recall@20': 0.9517}
{'mrr@5': 0.395, 'mrr@10': 0.4219, 'mrr@20': 0.4305}
{'ndcg@5': 0.4531, 'ndcg@10': 0.5186, 'ndcg@20': 0.5494}
2
{'recall@5': 0.666, 'recall@10': 0.8622, 'recall@20': 0.9791}
{'mrr@5': 0.4, 'mrr@10': 0.4264, 'mrr@20': 0.435}
{'ndcg@5': 0.4659, 'ndcg@10': 0.5297, 'ndcg@20': 0.5597}
3
{'recall@5': 0.6574, 'recall@10': 0.8404, 'recall@20': 0.9681}
{'mrr@5': 0.3763, 'mrr@10': 0.4012, 'mrr@20': 0.4104}
{'ndcg@5': 0.4459, 'ndcg@10': 0.5055, 'ndcg@20': 0.5382}
0
{'recall@5': 0.663, 'recall@10': 0.8261, 'recall@20': 0.9369}
{'mrr@5': 0.432, 'mrr@10': 0.454, 'mrr@20': 0.462}
{'ndcg@5': 0.4894, 'ndcg@10': 0.5424, 'ndcg@20': 0.5708}
1
{'recall@5': 0.6324, 'recall@10': 0.8248, 'recall@20': 0.9537}
{'mrr@5': 0.3973, 'mrr@10': 0.4229, 'mrr@20': 0.4325}
{'ndcg@5': 0.4554, 'ndcg@10': 0.5176, 'ndcg@20': 0.551}
2
{'recall@5': 0.6597, 'recall@10': 0.8685, 'recall@20': 0.9749}
{'mrr@5': 0.4304, 'mrr@10': 0.4592, 'mrr@20': 0.4667}
{'ndcg@5': 0.4873, 'ndcg@10': 0.5558, 'ndcg@20': 0.5829}
3
{'recall@5': 0.6149, 'recall@10': 0.8404, 'recall@20': 0.9617}
{'mrr@5': 0.3629, 'mrr@10': 0.3941, 'mrr@20': 0.4032}
{'ndcg@5': 0.4252, 'ndcg@10': 0.4992, 'ndcg@20': 0.5307}
0
{'recall@5': 0.6645, 'recall@10': 0.8259, 'recall@20': 0.9348}
{'mrr@5': 0.4346, 'mrr@10': 0.4564, 'mrr@20': 0.4643}
{'ndcg@5': 0.4917, 'ndcg@10': 0.5442, 'ndcg@20': 0.5721}
1
{'recall@5': 0.6193, 'recall@10': 0.8238, 'recall@20': 0.9547}
{'mrr@5': 0.3952, 'mrr@10': 0.4228, 'mrr@20': 0.4324}
{'ndcg@5': 0.4507, 'ndcg@10': 0.5172, 'ndcg@20': 0.5508}
2
{'recall@5': 0.6868, 'recall@10': 0.8873, 'recall@20': 0.9812}
{'mrr@5': 0.4198, 'mrr@10': 0.4467, 'mrr@20': 0.4534}
{'ndcg@5': 0.4859, 'ndcg@10': 0.5508, 'ndcg@20': 0.5748}
3
{'recall@5': 0.6447, 'recall@10': 0.8426, 'recall@20': 0.966}
{'mrr@5': 0.3825, 'mrr@10': 0.4092, 'mrr@20': 0.4183}
{'ndcg@5': 0.4475, 'ndcg@10': 0.5117, 'ndcg@20': 0.5437}
0
{'recall@5': 0.6622, 'recall@10': 0.8272, 'recall@20': 0.9354}
{'mrr@5': 0.4312, 'mrr@10': 0.4535, 'mrr@20': 0.4614}
{'ndcg@5': 0.4886, 'ndcg@10': 0.5423, 'ndcg@20': 0.5701}
1
{'recall@5': 0.6304, 'recall@10': 0.8409, 'recall@20': 0.9587}
{'mrr@5': 0.3938, 'mrr@10': 0.4212, 'mrr@20': 0.4298}
{'ndcg@5': 0.4527, 'ndcg@10': 0.5201, 'ndcg@20': 0.5504}
2
{'recall@5': 0.6722, 'recall@10': 0.8789, 'recall@20': 0.9687}
{'mrr@5': 0.4237, 'mrr@10': 0.4514, 'mrr@20': 0.458}
{'ndcg@5': 0.4853, 'ndcg@10': 0.5522, 'ndcg@20': 0.5754}
3
{'recall@5': 0.6383, 'recall@10': 0.8532, 'recall@20': 0.9681}
{'mrr@5': 0.3815, 'mrr@10': 0.4111, 'mrr@20': 0.4195}
{'ndcg@5': 0.4452, 'ndcg@10': 0.5156, 'ndcg@20': 0.5451}
0
{'recall@5': 0.6646, 'recall@10': 0.8266, 'recall@20': 0.9336}
{'mrr@5': 0.4338, 'mrr@10': 0.4557, 'mrr@20': 0.4635}
{'ndcg@5': 0.4912, 'ndcg@10': 0.5439, 'ndcg@20': 0.5714}
1
{'recall@5': 0.6304, 'recall@10': 0.8379, 'recall@20': 0.9557}
{'mrr@5': 0.3888, 'mrr@10': 0.4165, 'mrr@20': 0.4252}
{'ndcg@5': 0.4488, 'ndcg@10': 0.516, 'ndcg@20': 0.5464}
2
{'recall@5': 0.6576, 'recall@10': 0.881, 'recall@20': 0.9666}
{'mrr@5': 0.4131, 'mrr@10': 0.4434, 'mrr@20': 0.4499}
{'ndcg@5': 0.474, 'ndcg@10': 0.5468, 'ndcg@20': 0.5691}
3
{'recall@5': 0.6468, 'recall@10': 0.8404, 'recall@20': 0.9681}
{'mrr@5': 0.3909, 'mrr@10': 0.417, 'mrr@20': 0.4262}
{'ndcg@5': 0.4543, 'ndcg@10': 0.5172, 'ndcg@20': 0.5499}
0
{'recall@5': 0.6635, 'recall@10': 0.8256, 'recall@20': 0.9341}
{'mrr@5': 0.4335, 'mrr@10': 0.4554, 'mrr@20': 0.4632}
{'ndcg@5': 0.4907, 'ndcg@10': 0.5433, 'ndcg@20': 0.5711}
1
{'recall@5': 0.6354, 'recall@10': 0.8278, 'recall@20': 0.9486}
{'mrr@5': 0.3973, 'mrr@10': 0.4228, 'mrr@20': 0.4316}
{'ndcg@5': 0.4564, 'ndcg@10': 0.5184, 'ndcg@20': 0.5495}
2
{'recall@5': 0.6806, 'recall@10': 0.8747, 'recall@20': 0.9708}
{'mrr@5': 0.4293, 'mrr@10': 0.4546, 'mrr@20': 0.462}
{'ndcg@5': 0.4915, 'ndcg@10': 0.5537, 'ndcg@20': 0.5788}
3
{'recall@5': 0.6404, 'recall@10': 0.8468, 'recall@20': 0.9702}
{'mrr@5': 0.3834, 'mrr@10': 0.4112, 'mrr@20': 0.42}
{'ndcg@5': 0.4472, 'ndcg@10': 0.5142, 'ndcg@20': 0.5458}
0
{'recall@5': 0.662, 'recall@10': 0.8256, 'recall@20': 0.9338}
{'mrr@5': 0.4334, 'mrr@10': 0.4555, 'mrr@20': 0.4633}
{'ndcg@5': 0.4902, 'ndcg@10': 0.5433, 'ndcg@20': 0.5711}
1
{'recall@5': 0.6334, 'recall@10': 0.8258, 'recall@20': 0.9527}
{'mrr@5': 0.4027, 'mrr@10': 0.4289, 'mrr@20': 0.4382}
{'ndcg@5': 0.4601, 'ndcg@10': 0.5228, 'ndcg@20': 0.5555}
2
{'recall@5': 0.7077, 'recall@10': 0.881, 'recall@20': 0.9687}
{'mrr@5': 0.4343, 'mrr@10': 0.4577, 'mrr@20': 0.4643}
{'ndcg@5': 0.5021, 'ndcg@10': 0.5583, 'ndcg@20': 0.5811}
3
{'recall@5': 0.6596, 'recall@10': 0.8489, 'recall@20': 0.9638}
{'mrr@5': 0.3863, 'mrr@10': 0.4112, 'mrr@20': 0.4196}
{'ndcg@5': 0.454, 'ndcg@10': 0.515, 'ndcg@20': 0.5445}
0
{'recall@5': 0.6625, 'recall@10': 0.8247, 'recall@20': 0.9339}
{'mrr@5': 0.4332, 'mrr@10': 0.455, 'mrr@20': 0.4629}
{'ndcg@5': 0.4902, 'ndcg@10': 0.5428, 'ndcg@20': 0.5708}
1
{'recall@5': 0.6254, 'recall@10': 0.8248, 'recall@20': 0.9507}
{'mrr@5': 0.3853, 'mrr@10': 0.4122, 'mrr@20': 0.4214}
{'ndcg@5': 0.445, 'ndcg@10': 0.5097, 'ndcg@20': 0.5422}
2
{'recall@5': 0.6806, 'recall@10': 0.8747, 'recall@20': 0.9749}
{'mrr@5': 0.429, 'mrr@10': 0.4549, 'mrr@20': 0.4623}
{'ndcg@5': 0.4912, 'ndcg@10': 0.554, 'ndcg@20': 0.5799}
3
{'recall@5': 0.6447, 'recall@10': 0.8404, 'recall@20': 0.9638}
{'mrr@5': 0.3889, 'mrr@10': 0.4158, 'mrr@20': 0.4248}
{'ndcg@5': 0.4521, 'ndcg@10': 0.5161, 'ndcg@20': 0.5479}
0
{'recall@5': 0.6258, 'recall@10': 0.8018, 'recall@20': 0.9192}
{'mrr@5': 0.4022, 'mrr@10': 0.426, 'mrr@20': 0.4345}
{'ndcg@5': 0.4577, 'ndcg@10': 0.5149, 'ndcg@20': 0.5451}
1
{'recall@5': 0.6163, 'recall@10': 0.8258, 'recall@20': 0.9476}
{'mrr@5': 0.3705, 'mrr@10': 0.3983, 'mrr@20': 0.4071}
{'ndcg@5': 0.4315, 'ndcg@10': 0.499, 'ndcg@20': 0.5302}
2
{'recall@5': 0.6159, 'recall@10': 0.8267, 'recall@20': 0.9541}
{'mrr@5': 0.3743, 'mrr@10': 0.4032, 'mrr@20': 0.413}
{'ndcg@5': 0.4343, 'ndcg@10': 0.5034, 'ndcg@20': 0.5367}
3
{'recall@5': 0.6489, 'recall@10': 0.8277, 'recall@20': 0.9553}
{'mrr@5': 0.412, 'mrr@10': 0.4361, 'mrr@20': 0.4453}
{'ndcg@5': 0.4705, 'ndcg@10': 0.5286, 'ndcg@20': 0.5613}
